17:58:32.041 [main                     ] DEBUG Logger               - Configured Logger
17:58:32.066 [main                     ] DEBUG GameApplication      - Logging settings
Title: Space Invaders
Version: 1.0.1
Width: 512
Height: 720
Fullscreen: false
Intro: false
Profiling: false
Single step:false
App Mode: RELEASE
Menu Key: ESCAPE
Stage Style: DECORATED
Scene Factory: class com.almasb.fxgl.app.scene.SceneFactory

17:58:32.382 [JavaFX Application Thread] DEBUG FXGLApplication      - Initializing FXGL
17:58:32.385 [JavaFX Application Thread] INFO  Engine               - FXGL-17.3 (30.03.2023 11.49) on WINDOWS (J:23 FX:17.0.6)
17:58:32.385 [JavaFX Application Thread] DEBUG Engine               - JRE Vendor Name: Oracle Corporation
17:58:32.386 [JavaFX Application Thread] DEBUG Engine               - Running on OS: Windows 10 version 10.0
17:58:32.386 [JavaFX Application Thread] DEBUG Engine               - Architecture: amd64
17:58:32.386 [JavaFX Application Thread] INFO  Engine               - Source code and latest versions at: https://github.com/AlmasB/FXGL
17:58:32.386 [JavaFX Application Thread] INFO  Engine               -       Ask questions and discuss at: https://github.com/AlmasB/FXGL/discussions
17:58:32.386 [JavaFX Application Thread] INFO  Engine               -              Join the FXGL chat at: https://gitter.im/AlmasB/FXGL
17:58:32.472 [JavaFX Application Thread] DEBUG PrimaryStageWindow   - Creating a JavaFX scene
17:58:32.518 [JavaFX Application Thread] DEBUG PrimaryStageWindow   - Target settings size: 512.0 x 720.0
17:58:32.518 [JavaFX Application Thread] DEBUG PrimaryStageWindow   - Scaled scene size:    512.0 x 720.0
17:58:32.518 [JavaFX Application Thread] DEBUG PrimaryStageWindow   - Scaled ratio: (1.0, 1.0)
17:58:32.519 [JavaFX Application Thread] DEBUG PrimaryStageWindow   - Set initial scene to FXGLStartupScene
17:58:32.527 [JavaFX Application Thread] DEBUG PrimaryStageWindow   - Opening main window
17:58:32.604 [JavaFX Application Thread] DEBUG PrimaryStageWindow   - Window border size: (14.4000244140625, 37.5999755859375)
17:58:32.605 [JavaFX Application Thread] DEBUG PrimaryStageWindow   - Scaled size: 512.0 x 720.0
17:58:32.605 [JavaFX Application Thread] DEBUG PrimaryStageWindow   - Scaled ratio: (1.0, 1.0)
17:58:32.605 [JavaFX Application Thread] DEBUG PrimaryStageWindow   - Scene size: 512.0 x 720.0
17:58:32.606 [JavaFX Application Thread] DEBUG PrimaryStageWindow   - Stage size: 526.4000244140625 x 757.5999755859375
17:58:32.618 [FXGL Background Thread 1 ] DEBUG Engine               - Initializing environment variables
17:58:32.740 [FXGL Background Thread 1 ] DEBUG FXGLAssetLoaderServi - User app class for loading assets: class fxgl.spaceinvader.SpaceInvaderApp
17:58:32.741 [FXGL Background Thread 1 ] DEBUG GameApplicationServi - Applying CSS: fxgl_dark.css
17:58:32.744 [FXGL Background Thread 1 ] DEBUG FXGLAssetLoaderServi - Loading from file system: jar:file:///C:/Users/HP/.m2/repository/com/github/almasb/fxgl/17.3/fxgl-17.3.jar!/fxglassets/ui/css/fxgl_dark.css
17:58:32.804 [FXGL Background Thread 1 ] DEBUG GameApplicationServi - Initializing application scenes
17:58:32.855 [FXGL Background Thread 1 ] DEBUG GameWorld            - Game world initialized
17:58:32.936 [FXGL Background Thread 1 ] DEBUG PhysicsWorld         - Physics world initialized: appHeight=720, physics.ppm=50.0
17:58:32.936 [FXGL Background Thread 1 ] DEBUG PhysicsWorld         - Using strategy: BRUTE_FORCE
17:58:32.943 [FXGL Background Thread 1 ] DEBUG GameScene            - Game scene initialized: 512x720
17:58:32.956 [FXGL Background Thread 1 ] WARN  FXGL.DefaultMenu     - FXGLDefaultMenu is not designed for resolutions < 800x600
17:58:32.957 [FXGL Background Thread 1 ] DEBUG FXGL.DefaultMenu     - createMenuBodyMainMenu()
17:58:32.974 [FXGL Background Thread 1 ] DEBUG FXGL.DefaultMenu     - createOptionsMenu()
17:58:32.989 [FXGL Background Thread 1 ] DEBUG FXGLAssetLoaderServi - Loading from file system: jar:file:///C:/Users/HP/.m2/repository/com/github/almasb/fxgl/17.3/fxgl-17.3.jar!/fxglassets/textures/particles/smoke.png
17:58:33.082 [FXGL Background Thread 1 ] DEBUG FXGLAssetLoaderServi - Loading from file system: jar:file:///C:/Users/HP/.m2/repository/com/github/almasb/fxgl/17.3/fxgl-17.3.jar!/fxglassets/textures/particles/trace_horizontal.png
17:58:33.110 [FXGL Background Thread 1 ] WARN  FXGL.DefaultMenu     - FXGLDefaultMenu is not designed for resolutions < 800x600
17:58:33.110 [FXGL Background Thread 1 ] DEBUG FXGL.DefaultMenu     - createMenuBodyGameMenu()
17:58:33.111 [FXGL Background Thread 1 ] DEBUG FXGL.DefaultMenu     - createOptionsMenu()
17:58:33.125 [FXGL Background Thread 1 ] DEBUG GameApplicationServi - Application scenes initialized
17:58:33.135 [FXGL Background Thread 1 ] DEBUG SystemBundleService  - Loading FXGL system data
17:58:33.140 [FXGL Background Thread 1 ] DEBUG FileSystemAccess     - Reading from: C:\Users\HP\IdeaProjects\SpaceInvader\system\fxgl.bundle
17:58:33.147 [FXGL Background Thread 1 ] DEBUG SystemBundleService  - Bundle FXGL: {}
17:58:33.149 [FXGL Background Thread 3 ] DEBUG FXGLApplication      - Loading fonts
17:58:33.150 [FXGL Background Thread 1 ] DEBUG FXGLApplication      - Loading default localization
17:58:33.150 [FXGL Background Thread 3 ] DEBUG FXGLAssetLoaderServi - Loading from file system: jar:file:///C:/Users/HP/.m2/repository/com/github/almasb/fxgl/17.3/fxgl-17.3.jar!/fxglassets/ui/fonts/VarelaRound-Regular.ttf
17:58:33.151 [FXGL Background Thread 1 ] DEBUG FXGLAssetLoaderServi - Loading from file system: jar:file:///C:/Users/HP/.m2/repository/com/github/almasb/fxgl/17.3/fxgl-17.3.jar!/fxglassets/languages/english.lang
17:58:33.168 [FXGL Background Thread 1 ] INFO  FXGLApplication      - FXGL initialization took: 0.550 sec
17:58:33.180 [FXGL Background Thread 3 ] DEBUG FXGLAssetLoaderServi - Loading from file system: jar:file:///C:/Users/HP/.m2/repository/com/github/almasb/fxgl/17.3/fxgl-17.3.jar!/fxglassets/ui/fonts/Abel-Regular.ttf
17:58:33.180 [JavaFX Application Thread] DEBUG Input                - Registered new binding: Move Left - Left
17:58:33.181 [JavaFX Application Thread] DEBUG Input                - Registered new binding: Move Right - Right
17:58:33.182 [JavaFX Application Thread] DEBUG Input                - Registered new binding: Shoot - Up
17:58:33.182 [JavaFX Application Thread] DEBUG Input                - Registered new binding: Shield Up - Space
17:58:33.184 [FXGL Background Thread 3 ] DEBUG FXGLAssetLoaderServi - Loading from file system: jar:file:///C:/Users/HP/.m2/repository/com/github/almasb/fxgl/17.3/fxgl-17.3.jar!/fxglassets/ui/fonts/TerminalLandMono-Regular.otf
17:58:33.185 [JavaFX Application Thread] DEBUG FXGLAssetLoaderServi - Loading from file system: jar:file:///C:/Users/HP/.m2/repository/com/github/almasb/fxgl/17.3/fxgl-17.3.jar!/fxglassets/textures/fxgl_icon.png
17:58:33.188 [FXGL Background Thread 3 ] DEBUG FXGLAssetLoaderServi - Loading from file system: jar:file:///C:/Users/HP/.m2/repository/com/github/almasb/fxgl/17.3/fxgl-17.3.jar!/fxglassets/ui/fonts/Courier-Prime.ttf
17:58:33.201 [JavaFX Application Thread] DEBUG FXGLAssetLoaderServi - Loading from file system: jar:file:///C:/Users/HP/.m2/repository/com/github/almasb/fxgl/17.3/fxgl-17.3.jar!/fxglassets/textures/fxgl_default_cursor.png
17:58:33.203 [JavaFX Application Thread] DEBUG Input                - Registered new binding: Screenshot - CTRL+8
17:58:33.206 [JavaFX Application Thread] DEBUG LoopRunner           - Starting loop
17:58:33.206 [JavaFX Application Thread] DEBUG LoopRunner           - Initializing JavaFX AnimationTimerLoop
17:58:33.209 [JavaFX Application Thread] DEBUG Input                - Clearing active input actions
17:58:33.217 [JavaFX Application Thread] DEBUG GameApplicationServi - Removing overlay from FXGLStartupScene and adding to FXGLMainMenuDummyScene
17:58:33.217 [JavaFX Application Thread] DEBUG PrimaryStageWindow   - FXGLStartupScene -> FXGLMainMenuDummyScene
17:58:33.218 [JavaFX Application Thread] DEBUG PrimaryStageWindow   - Push state: FXGLDefaultMenu
17:58:33.224 [JavaFX Application Thread] DEBUG Input                - Clearing active input actions
17:58:33.230 [JavaFX Application Thread] DEBUG GameApplicationServi - Removing overlay from FXGLMainMenuDummyScene and adding to FXGLDefaultMenu
17:58:33.231 [JavaFX Application Thread] DEBUG PrimaryStageWindow   - FXGLMainMenuDummyScene -> FXGLDefaultMenu
17:58:33.237 [JavaFX Application Thread] DEBUG FXGLApplication      - Registering font factories with UI factory
17:58:34.377 [JavaFX Application Thread] DEBUG Menu                 - fireNewGame()
17:58:34.377 [JavaFX Application Thread] DEBUG GameApplicationServi - Starting new game
17:58:34.379 [JavaFX Application Thread] DEBUG PrimaryStageWindow   - Pop state: FXGLDefaultMenu
17:58:34.379 [JavaFX Application Thread] DEBUG Input                - Clearing active input actions
17:58:34.380 [JavaFX Application Thread] DEBUG GameApplicationServi - Removing overlay from FXGLDefaultMenu and adding to FXGLMainMenuDummyScene
17:58:34.380 [JavaFX Application Thread] DEBUG PrimaryStageWindow   - FXGLMainMenuDummyScene <- FXGLDefaultMenu
17:58:34.381 [JavaFX Application Thread] DEBUG Input                - Clearing active input actions
17:58:34.388 [JavaFX Application Thread] DEBUG GameApplicationServi - Removing overlay from FXGLMainMenuDummyScene and adding to FXGLLoadingScene
17:58:34.388 [JavaFX Application Thread] DEBUG PrimaryStageWindow   - FXGLMainMenuDummyScene -> FXGLLoadingScene
17:58:34.388 [JavaFX Application Thread] DEBUG GameApplicationServi - Clearing previous game
17:58:34.388 [JavaFX Application Thread] DEBUG GameScene            - Clearing game scene
17:58:34.388 [JavaFX Application Thread] DEBUG GameWorld            - Clearing game world
17:58:34.388 [JavaFX Application Thread] DEBUG PhysicsWorld         - Clearing physics world
17:58:34.392 [FXGL Background Thread 3 ] DEBUG FXGLApplication      - Initializing game
17:58:34.414 [FXGL Background Thread 3 ] DEBUG FileSystemAccess     - Reading from: C:\Users\HP\IdeaProjects\SpaceInvader\.\hiscore.dat
17:58:34.486 [FXGL Background Thread 3 ] WARN  TMXLevelLoader       - TiledMap generated from 1.8.6. Supported version: 1.9.0. Some features may not be parsed fully.
17:58:34.502 [FXGL Background Thread 3 ] DEBUG TMXLevelLoader       - Parsed TiledMap: file:/C:/Users/HP/IdeaProjects/SpaceInvader/target/classes/assets/levels/level1.tmx
17:58:34.503 [FXGL Background Thread 3 ] DEBUG TMXLevelLoader       - Creating tile layer entities
17:58:34.505 [FXGL Background Thread 3 ] DEBUG TilesetLoader        - Loading view for layer Background
17:58:34.508 [FXGL Background Thread 3 ] DEBUG TilesetLoader        - Created buffer with size 512.0x720.0
17:58:34.516 [FXGL Background Thread 3 ] DEBUG TilesetLoader        - Loading view for layer UI
17:58:34.517 [FXGL Background Thread 3 ] DEBUG TilesetLoader        - Created buffer with size 512.0x720.0
17:58:34.518 [FXGL Background Thread 3 ] DEBUG TMXLevelLoader       - Creating object layer entities
17:58:34.522 [FXGL Background Thread 3 ] DEBUG FXGLAssetLoaderServi - Loading from file system: file:/C:/Users/HP/IdeaProjects/SpaceInvader/target/classes/assets/textures/Egg.png
17:58:34.560 [FXGL Background Thread 3 ] DEBUG FXGLAssetLoaderServi - Loading from file system: file:/C:/Users/HP/IdeaProjects/SpaceInvader/target/classes/assets/textures/Frog.png
17:58:34.563 [FXGL Background Thread 3 ] DEBUG FXGLAssetLoaderServi - Loading from file system: file:/C:/Users/HP/IdeaProjects/SpaceInvader/target/classes/assets/textures/Demon.png
17:58:34.566 [FXGL Background Thread 3 ] DEBUG FXGLAssetLoaderServi - Loading from file system: file:/C:/Users/HP/IdeaProjects/SpaceInvader/target/classes/assets/textures/wall_left_1.png
17:58:34.571 [FXGL Background Thread 3 ] DEBUG FXGLAssetLoaderServi - Loading from file system: file:/C:/Users/HP/IdeaProjects/SpaceInvader/target/classes/assets/textures/wall_right_1.png
17:58:34.582 [FXGL Background Thread 3 ] DEBUG GameWorld            - Clearing removable entities
17:58:34.583 [FXGL Background Thread 3 ] DEBUG GameWorld            - Setting level: com.almasb.fxgl.entity.level.Level@579c873e
17:58:34.634 [FXGL Background Thread 3 ] DEBUG FXGLAssetLoaderServi - Loading from file system: file:/C:/Users/HP/IdeaProjects/SpaceInvader/target/classes/assets/textures/player.png
17:58:34.644 [FXGL Background Thread 3 ] INFO  FXGLApplication      - Game initialization took: 0.252 sec
17:58:34.658 [JavaFX Application Thread] DEBUG Input                - Clearing active input actions
17:58:34.666 [JavaFX Application Thread] DEBUG GameApplicationServi - Removing overlay from FXGLLoadingScene and adding to GameScene
17:58:34.666 [JavaFX Application Thread] DEBUG PrimaryStageWindow   - FXGLLoadingScene -> GameScene
17:58:36.149 [FXGL Background Thread 2 ] DEBUG Engine               - Logging environment variables
17:58:36.149 [FXGL Background Thread 2 ] DEBUG Engine               - achievements: []
17:58:36.149 [FXGL Background Thread 2 ] DEBUG Engine               - actualHeight: 720.0
17:58:36.149 [FXGL Background Thread 2 ] DEBUG Engine               - actualHeightProperty: ReadOnlyDoubleProperty [value: 720.0]
17:58:36.149 [FXGL Background Thread 2 ] DEBUG Engine               - actualWidth: 512.0
17:58:36.150 [FXGL Background Thread 2 ] DEBUG Engine               - actualWidthProperty: ReadOnlyDoubleProperty [value: 512.0]
17:58:36.150 [FXGL Background Thread 2 ] DEBUG Engine               - appIcon: fxgl_icon.png
17:58:36.150 [FXGL Background Thread 2 ] DEBUG Engine               - applicationMode: RELEASE
17:58:36.150 [FXGL Background Thread 2 ] DEBUG Engine               - cSSList: [fxgl_dark.css]
17:58:36.150 [FXGL Background Thread 2 ] DEBUG Engine               - collisionDetectionStrategy: BRUTE_FORCE
17:58:36.150 [FXGL Background Thread 2 ] DEBUG Engine               - configClass: Optional.empty
17:58:36.150 [FXGL Background Thread 2 ] DEBUG Engine               - credits: []
17:58:36.150 [FXGL Background Thread 2 ] DEBUG Engine               - defaultCursor: CursorInfo(imageName=fxgl_default_cursor.png, hotspotX=7.0, hotspotY=6.0)
17:58:36.150 [FXGL Background Thread 2 ] DEBUG Engine               - devBBoxColorProperty: ObjectProperty [value: 0xff0000ff]
17:58:36.150 [FXGL Background Thread 2 ] DEBUG Engine               - devEnableDebugCameraProperty: BooleanProperty [value: false]
17:58:36.150 [FXGL Background Thread 2 ] DEBUG Engine               - devSensorColorProperty: ObjectProperty [value: 0xffff00ff]
17:58:36.150 [FXGL Background Thread 2 ] DEBUG Engine               - devShowBBoxProperty: BooleanProperty [value: false]
17:58:36.151 [FXGL Background Thread 2 ] DEBUG Engine               - devShowPositionProperty: BooleanProperty [value: false]
17:58:36.151 [FXGL Background Thread 2 ] DEBUG Engine               - enabledMenuItems: []
17:58:36.151 [FXGL Background Thread 2 ] DEBUG Engine               - engineServices: [class com.almasb.fxgl.app.services.FXGLAssetLoaderService, class com.almasb.fxgl.app.FXGLApplication$GameApplicationService, class com.almasb.fxgl.app.services.FXGLDialogService, class com.almasb.fxgl.app.services.IOTaskExecutorService, class com.almasb.fxgl.io.FileSystemService, class com.almasb.fxgl.localization.LocalizationService, class com.almasb.fxgl.app.services.SystemBundleService, class com.almasb.fxgl.profile.SaveLoadService, class com.almasb.fxgl.ui.FXGLUIFactoryServiceProvider, class com.almasb.fxgl.ui.FXGLDialogFactoryServiceProvider, class com.almasb.fxgl.audio.AudioPlayer, class com.almasb.fxgl.notification.impl.NotificationServiceProvider, class com.almasb.fxgl.achievement.AchievementService, class com.almasb.fxgl.cutscene.CutsceneService, class com.almasb.fxgl.minigames.MiniGameService, class com.almasb.fxgl.net.NetService, class com.almasb.fxgl.app.services.UpdaterService, class com.almasb.fxgl.dev.DevService]
17:58:36.151 [FXGL Background Thread 2 ] DEBUG Engine               - fontGame: Abel-Regular.ttf
17:58:36.151 [FXGL Background Thread 2 ] DEBUG Engine               - fontMono: TerminalLandMono-Regular.otf
17:58:36.151 [FXGL Background Thread 2 ] DEBUG Engine               - fontSizeScaleUI: 1.0
17:58:36.151 [FXGL Background Thread 2 ] DEBUG Engine               - fontText: Courier-Prime.ttf
17:58:36.151 [FXGL Background Thread 2 ] DEBUG Engine               - fontUI: VarelaRound-Regular.ttf
17:58:36.151 [FXGL Background Thread 2 ] DEBUG Engine               - fullScreen: BooleanProperty [value: false]
17:58:36.151 [FXGL Background Thread 2 ] DEBUG Engine               - gameDifficulty: MEDIUM
17:58:36.151 [FXGL Background Thread 2 ] DEBUG Engine               - gameDifficultyProperty: ObjectProperty [value: MEDIUM]
17:58:36.151 [FXGL Background Thread 2 ] DEBUG Engine               - globalMusicVolume: 0.5
17:58:36.152 [FXGL Background Thread 2 ] DEBUG Engine               - globalMusicVolumeProperty: DoubleProperty [value: 0.5]
17:58:36.152 [FXGL Background Thread 2 ] DEBUG Engine               - globalSoundVolume: 0.5
17:58:36.152 [FXGL Background Thread 2 ] DEBUG Engine               - globalSoundVolumeProperty: DoubleProperty [value: 0.5]
17:58:36.152 [FXGL Background Thread 2 ] DEBUG Engine               - height: 720
17:58:36.152 [FXGL Background Thread 2 ] DEBUG Engine               - is3D: false
17:58:36.152 [FXGL Background Thread 2 ] DEBUG Engine               - isAndroid: false
17:58:36.152 [FXGL Background Thread 2 ] DEBUG Engine               - isBrowser: false
17:58:36.152 [FXGL Background Thread 2 ] DEBUG Engine               - isClickFeedbackEnabled: false
17:58:36.152 [FXGL Background Thread 2 ] DEBUG Engine               - isCloseConfirmation: false
17:58:36.152 [FXGL Background Thread 2 ] DEBUG Engine               - isDesktop: true
17:58:36.152 [FXGL Background Thread 2 ] DEBUG Engine               - isDeveloperMenuEnabled: false
17:58:36.152 [FXGL Background Thread 2 ] DEBUG Engine               - isEmbedded: false
17:58:36.152 [FXGL Background Thread 2 ] DEBUG Engine               - isEntityPreloadEnabled: true
17:58:36.152 [FXGL Background Thread 2 ] DEBUG Engine               - isExperimentalTiledLargeMap: false
17:58:36.152 [FXGL Background Thread 2 ] DEBUG Engine               - isFileSystemWriteAllowed: true
17:58:36.152 [FXGL Background Thread 2 ] DEBUG Engine               - isFullScreenAllowed: false
17:58:36.152 [FXGL Background Thread 2 ] DEBUG Engine               - isFullScreenFromStart: false
17:58:36.152 [FXGL Background Thread 2 ] DEBUG Engine               - isGameMenuEnabled: true
17:58:36.152 [FXGL Background Thread 2 ] DEBUG Engine               - isIOS: false
17:58:36.152 [FXGL Background Thread 2 ] DEBUG Engine               - isIntroEnabled: false
17:58:36.152 [FXGL Background Thread 2 ] DEBUG Engine               - isLinux: false
17:58:36.152 [FXGL Background Thread 2 ] DEBUG Engine               - isMac: false
17:58:36.152 [FXGL Background Thread 2 ] DEBUG Engine               - isMainMenuEnabled: true
17:58:36.153 [FXGL Background Thread 2 ] DEBUG Engine               - isManualResizeEnabled: true
17:58:36.153 [FXGL Background Thread 2 ] DEBUG Engine               - isMobile: false
17:58:36.153 [FXGL Background Thread 2 ] DEBUG Engine               - isNative: false
17:58:36.153 [FXGL Background Thread 2 ] DEBUG Engine               - isPauseMusicWhenMinimized: true
17:58:36.153 [FXGL Background Thread 2 ] DEBUG Engine               - isPreserveResizeRatio: true
17:58:36.153 [FXGL Background Thread 2 ] DEBUG Engine               - isProfilingEnabled: false
17:58:36.153 [FXGL Background Thread 2 ] DEBUG Engine               - isScaleAffectedOnResize: true
17:58:36.153 [FXGL Background Thread 2 ] DEBUG Engine               - isSingleStep: false
17:58:36.153 [FXGL Background Thread 2 ] DEBUG Engine               - isUserProfileEnabled: false
17:58:36.153 [FXGL Background Thread 2 ] DEBUG Engine               - isWindows: true
17:58:36.153 [FXGL Background Thread 2 ] DEBUG Engine               - language: ObjectProperty [value: ENGLISH]
17:58:36.153 [FXGL Background Thread 2 ] DEBUG Engine               - menuKey: ESCAPE
17:58:36.153 [FXGL Background Thread 2 ] DEBUG Engine               - mouseSensitivity: 0.2
17:58:36.153 [FXGL Background Thread 2 ] DEBUG Engine               - notificationViewClass: class com.almasb.fxgl.notification.view.XboxNotificationView
17:58:36.153 [FXGL Background Thread 2 ] DEBUG Engine               - pixelsPerMeter: 50.0
17:58:36.153 [FXGL Background Thread 2 ] DEBUG Engine               - platform: WINDOWS
17:58:36.153 [FXGL Background Thread 2 ] DEBUG Engine               - prefHeightProperty: ReadOnlyDoubleProperty [value: 720.0]
17:58:36.153 [FXGL Background Thread 2 ] DEBUG Engine               - prefWidthProperty: ReadOnlyDoubleProperty [value: 512.0]
17:58:36.153 [FXGL Background Thread 2 ] DEBUG Engine               - profileDir: profiles/
17:58:36.153 [FXGL Background Thread 2 ] DEBUG Engine               - profileName: StringProperty [value: DEFAULT]
17:58:36.154 [FXGL Background Thread 2 ] DEBUG Engine               - randomSeed: -1
17:58:36.154 [FXGL Background Thread 2 ] DEBUG Engine               - runtimeInfo: RuntimeInfo(platform=WINDOWS, version=17.3, build=30.03.2023 11.49)
17:58:36.154 [FXGL Background Thread 2 ] DEBUG Engine               - saveFileExt: sav
17:58:36.154 [FXGL Background Thread 2 ] DEBUG Engine               - scaledHeightProp$fxgl: DoubleProperty [bound, value: 720.0]
17:58:36.154 [FXGL Background Thread 2 ] DEBUG Engine               - scaledWidthProp$fxgl: DoubleProperty [bound, value: 512.0]
17:58:36.154 [FXGL Background Thread 2 ] DEBUG Engine               - sceneFactory: com.almasb.fxgl.app.scene.SceneFactory@6d3089a1
17:58:36.154 [FXGL Background Thread 2 ] DEBUG Engine               - secondsIn24h: 60
17:58:36.154 [FXGL Background Thread 2 ] DEBUG Engine               - soundMenuBack: menu/back.wav
17:58:36.154 [FXGL Background Thread 2 ] DEBUG Engine               - soundMenuPress: menu/press.wav
17:58:36.154 [FXGL Background Thread 2 ] DEBUG Engine               - soundMenuSelect: menu/select.wav
17:58:36.154 [FXGL Background Thread 2 ] DEBUG Engine               - soundNotification: core/notification.wav
17:58:36.154 [FXGL Background Thread 2 ] DEBUG Engine               - stageStyle: DECORATED
17:58:36.154 [FXGL Background Thread 2 ] DEBUG Engine               - supportedLanguages: [ENGLISH, FRENCH, GERMAN, HUNGARIAN, RUSSIAN]
17:58:36.154 [FXGL Background Thread 2 ] DEBUG Engine               - ticksPerSecond: -1
17:58:36.154 [FXGL Background Thread 2 ] DEBUG Engine               - title: Space Invaders
17:58:36.154 [FXGL Background Thread 2 ] DEBUG Engine               - urlGithub: https://github.com/AlmasB/FXGL
17:58:36.154 [FXGL Background Thread 2 ] DEBUG Engine               - urlLeaderboard: http://fxgl-top.herokuapp.com/
17:58:36.154 [FXGL Background Thread 2 ] DEBUG Engine               - urlPOM: https://raw.githubusercontent.com/AlmasB/FXGL/release/README.md
17:58:36.154 [FXGL Background Thread 2 ] DEBUG Engine               - userAppClass: class fxgl.spaceinvader.SpaceInvaderApp
17:58:36.154 [FXGL Background Thread 2 ] DEBUG Engine               - version: 1.0.1
17:58:36.154 [FXGL Background Thread 2 ] DEBUG Engine               - versionCheckDays: 7
17:58:36.154 [FXGL Background Thread 2 ] DEBUG Engine               - width: 512
17:58:36.155 [FXGL Background Thread 2 ] DEBUG Engine               - Logging services
17:58:36.155 [FXGL Background Thread 2 ] DEBUG Engine               - class com.almasb.fxgl.app.services.FXGLAssetLoaderService
17:58:36.155 [FXGL Background Thread 2 ] DEBUG Engine               - class com.almasb.fxgl.app.FXGLApplication$GameApplicationService
17:58:36.155 [FXGL Background Thread 2 ] DEBUG Engine               - class com.almasb.fxgl.app.services.FXGLDialogService
17:58:36.155 [FXGL Background Thread 2 ] DEBUG Engine               - class com.almasb.fxgl.app.services.IOTaskExecutorService
17:58:36.155 [FXGL Background Thread 2 ] DEBUG Engine               - class com.almasb.fxgl.io.FileSystemService
17:58:36.155 [FXGL Background Thread 2 ] DEBUG Engine               - class com.almasb.fxgl.localization.LocalizationService
17:58:36.155 [FXGL Background Thread 2 ] DEBUG Engine               - class com.almasb.fxgl.app.services.SystemBundleService
17:58:36.155 [FXGL Background Thread 2 ] DEBUG Engine               - class com.almasb.fxgl.profile.SaveLoadService
17:58:36.155 [FXGL Background Thread 2 ] DEBUG Engine               - class com.almasb.fxgl.ui.FXGLUIFactoryServiceProvider
17:58:36.155 [FXGL Background Thread 2 ] DEBUG Engine               - class com.almasb.fxgl.ui.FXGLDialogFactoryServiceProvider
17:58:36.155 [FXGL Background Thread 2 ] DEBUG Engine               - class com.almasb.fxgl.audio.AudioPlayer
17:58:36.155 [FXGL Background Thread 2 ] DEBUG Engine               - class com.almasb.fxgl.notification.impl.NotificationServiceProvider
17:58:36.155 [FXGL Background Thread 2 ] DEBUG Engine               - class com.almasb.fxgl.achievement.AchievementService
17:58:36.155 [FXGL Background Thread 2 ] DEBUG Engine               - class com.almasb.fxgl.cutscene.CutsceneService
17:58:36.155 [FXGL Background Thread 2 ] DEBUG Engine               - class com.almasb.fxgl.minigames.MiniGameService
17:58:36.155 [FXGL Background Thread 2 ] DEBUG Engine               - class com.almasb.fxgl.net.NetService
17:58:36.155 [FXGL Background Thread 2 ] DEBUG Engine               - class com.almasb.fxgl.app.services.UpdaterService
17:58:36.155 [FXGL Background Thread 2 ] DEBUG Engine               - class com.almasb.fxgl.dev.DevService
17:58:36.550 [JavaFX Application Thread] DEBUG FXGLAssetLoaderServi - Loading from file system: file:/C:/Users/HP/IdeaProjects/SpaceInvader/target/classes/assets/textures/EnemyBullet.png
17:58:38.167 [JavaFX Application Thread] DEBUG FXGLAssetLoaderServi - Loading from file system: file:/C:/Users/HP/IdeaProjects/SpaceInvader/target/classes/assets/textures/wall_right_2.png
17:58:38.690 [JavaFX Application Thread] DEBUG FXGLApplication      - Exiting FXGL
17:58:38.690 [JavaFX Application Thread] DEBUG LoopRunner           - Stopping loop
17:58:38.690 [JavaFX Application Thread] DEBUG SystemBundleService  - Saving FXGL system data
17:58:38.693 [JavaFX Application Thread] DEBUG FileSystemAccess     - Writing to: C:\Users\HP\IdeaProjects\SpaceInvader\system\fxgl.bundle
17:58:38.694 [JavaFX Application Thread] DEBUG Async                - Shutting down background threads
17:58:38.695 [JavaFX Application Thread] DEBUG PrimaryStageWindow   - Closing main window
17:58:38.718 [JavaFX Application Thread] DEBUG Logger               - Closing Logger
