18:18:17.488 [main                     ] DEBUG Logger               - Configured Logger
18:18:17.512 [main                     ] DEBUG GameApplication      - Logging settings
Title: Space Invaders
Version: 1.0.1
Width: 512
Height: 720
Fullscreen: false
Intro: false
Profiling: false
Single step:false
App Mode: RELEASE
Menu Key: ESCAPE
Stage Style: DECORATED
Scene Factory: class com.almasb.fxgl.app.scene.SceneFactory

18:18:17.832 [JavaFX Application Thread] DEBUG FXGLApplication      - Initializing FXGL
18:18:17.836 [JavaFX Application Thread] INFO  Engine               - FXGL-17.3 (30.03.2023 11.49) on WINDOWS (J:23 FX:17.0.6)
18:18:17.836 [JavaFX Application Thread] DEBUG Engine               - JRE Vendor Name: Oracle Corporation
18:18:17.836 [JavaFX Application Thread] DEBUG Engine               - Running on OS: Windows 10 version 10.0
18:18:17.836 [JavaFX Application Thread] DEBUG Engine               - Architecture: amd64
18:18:17.836 [JavaFX Application Thread] INFO  Engine               - Source code and latest versions at: https://github.com/AlmasB/FXGL
18:18:17.836 [JavaFX Application Thread] INFO  Engine               -       Ask questions and discuss at: https://github.com/AlmasB/FXGL/discussions
18:18:17.836 [JavaFX Application Thread] INFO  Engine               -              Join the FXGL chat at: https://gitter.im/AlmasB/FXGL
18:18:17.931 [JavaFX Application Thread] DEBUG PrimaryStageWindow   - Creating a JavaFX scene
18:18:17.978 [JavaFX Application Thread] DEBUG PrimaryStageWindow   - Target settings size: 512.0 x 720.0
18:18:17.978 [JavaFX Application Thread] DEBUG PrimaryStageWindow   - Scaled scene size:    512.0 x 720.0
18:18:17.979 [JavaFX Application Thread] DEBUG PrimaryStageWindow   - Scaled ratio: (1.0, 1.0)
18:18:17.980 [JavaFX Application Thread] DEBUG PrimaryStageWindow   - Set initial scene to FXGLStartupScene
18:18:17.988 [JavaFX Application Thread] DEBUG PrimaryStageWindow   - Opening main window
18:18:18.067 [JavaFX Application Thread] DEBUG PrimaryStageWindow   - Window border size: (14.4000244140625, 37.5999755859375)
18:18:18.067 [JavaFX Application Thread] DEBUG PrimaryStageWindow   - Scaled size: 512.0 x 720.0
18:18:18.067 [JavaFX Application Thread] DEBUG PrimaryStageWindow   - Scaled ratio: (1.0, 1.0)
18:18:18.068 [JavaFX Application Thread] DEBUG PrimaryStageWindow   - Scene size: 512.0 x 720.0
18:18:18.069 [JavaFX Application Thread] DEBUG PrimaryStageWindow   - Stage size: 526.4000244140625 x 757.5999755859375
18:18:18.080 [FXGL Background Thread 1 ] DEBUG Engine               - Initializing environment variables
18:18:18.196 [FXGL Background Thread 1 ] DEBUG FXGLAssetLoaderServi - User app class for loading assets: class fxgl.spaceinvader.SpaceInvaderApp
18:18:18.196 [FXGL Background Thread 1 ] DEBUG GameApplicationServi - Applying CSS: fxgl_dark.css
18:18:18.197 [FXGL Background Thread 1 ] DEBUG FXGLAssetLoaderServi - Loading from file system: jar:file:///C:/Users/HP/.m2/repository/com/github/almasb/fxgl/17.3/fxgl-17.3.jar!/fxglassets/ui/css/fxgl_dark.css
18:18:18.248 [FXGL Background Thread 1 ] DEBUG GameApplicationServi - Initializing application scenes
18:18:18.300 [FXGL Background Thread 1 ] DEBUG GameWorld            - Game world initialized
18:18:18.373 [FXGL Background Thread 1 ] DEBUG PhysicsWorld         - Physics world initialized: appHeight=720, physics.ppm=50.0
18:18:18.373 [FXGL Background Thread 1 ] DEBUG PhysicsWorld         - Using strategy: BRUTE_FORCE
18:18:18.378 [FXGL Background Thread 1 ] DEBUG GameScene            - Game scene initialized: 512x720
18:18:18.392 [FXGL Background Thread 1 ] WARN  FXGL.DefaultMenu     - FXGLDefaultMenu is not designed for resolutions < 800x600
18:18:18.392 [FXGL Background Thread 1 ] DEBUG FXGL.DefaultMenu     - createMenuBodyMainMenu()
18:18:18.409 [FXGL Background Thread 1 ] DEBUG FXGL.DefaultMenu     - createOptionsMenu()
18:18:18.426 [FXGL Background Thread 1 ] DEBUG FXGLAssetLoaderServi - Loading from file system: jar:file:///C:/Users/HP/.m2/repository/com/github/almasb/fxgl/17.3/fxgl-17.3.jar!/fxglassets/textures/particles/smoke.png
18:18:18.531 [FXGL Background Thread 1 ] DEBUG FXGLAssetLoaderServi - Loading from file system: jar:file:///C:/Users/HP/.m2/repository/com/github/almasb/fxgl/17.3/fxgl-17.3.jar!/fxglassets/textures/particles/trace_horizontal.png
18:18:18.559 [FXGL Background Thread 1 ] WARN  FXGL.DefaultMenu     - FXGLDefaultMenu is not designed for resolutions < 800x600
18:18:18.559 [FXGL Background Thread 1 ] DEBUG FXGL.DefaultMenu     - createMenuBodyGameMenu()
18:18:18.560 [FXGL Background Thread 1 ] DEBUG FXGL.DefaultMenu     - createOptionsMenu()
18:18:18.574 [FXGL Background Thread 1 ] DEBUG GameApplicationServi - Application scenes initialized
18:18:18.586 [FXGL Background Thread 1 ] DEBUG SystemBundleService  - Loading FXGL system data
18:18:18.590 [FXGL Background Thread 1 ] DEBUG FileSystemAccess     - Reading from: C:\Users\HP\IdeaProjects\SpaceInvader\system\fxgl.bundle
18:18:18.597 [FXGL Background Thread 1 ] DEBUG SystemBundleService  - Bundle FXGL: {}
18:18:18.600 [FXGL Background Thread 3 ] DEBUG FXGLApplication      - Loading fonts
18:18:18.601 [FXGL Background Thread 1 ] DEBUG FXGLApplication      - Loading default localization
18:18:18.601 [FXGL Background Thread 3 ] DEBUG FXGLAssetLoaderServi - Loading from file system: jar:file:///C:/Users/HP/.m2/repository/com/github/almasb/fxgl/17.3/fxgl-17.3.jar!/fxglassets/ui/fonts/VarelaRound-Regular.ttf
18:18:18.601 [FXGL Background Thread 1 ] DEBUG FXGLAssetLoaderServi - Loading from file system: jar:file:///C:/Users/HP/.m2/repository/com/github/almasb/fxgl/17.3/fxgl-17.3.jar!/fxglassets/languages/english.lang
18:18:18.617 [FXGL Background Thread 1 ] INFO  FXGLApplication      - FXGL initialization took: 0.538 sec
18:18:18.624 [FXGL Background Thread 3 ] DEBUG FXGLAssetLoaderServi - Loading from file system: jar:file:///C:/Users/HP/.m2/repository/com/github/almasb/fxgl/17.3/fxgl-17.3.jar!/fxglassets/ui/fonts/Abel-Regular.ttf
18:18:18.626 [JavaFX Application Thread] DEBUG Input                - Registered new binding: Move Left - Left
18:18:18.626 [JavaFX Application Thread] DEBUG Input                - Registered new binding: Move Right - Right
18:18:18.626 [JavaFX Application Thread] DEBUG Input                - Registered new binding: Shoot - Up
18:18:18.627 [JavaFX Application Thread] DEBUG Input                - Registered new binding: Shield Up - Space
18:18:18.628 [JavaFX Application Thread] DEBUG FXGLAssetLoaderServi - Loading from file system: jar:file:///C:/Users/HP/.m2/repository/com/github/almasb/fxgl/17.3/fxgl-17.3.jar!/fxglassets/textures/fxgl_icon.png
18:18:18.628 [FXGL Background Thread 3 ] DEBUG FXGLAssetLoaderServi - Loading from file system: jar:file:///C:/Users/HP/.m2/repository/com/github/almasb/fxgl/17.3/fxgl-17.3.jar!/fxglassets/ui/fonts/TerminalLandMono-Regular.otf
18:18:18.632 [FXGL Background Thread 3 ] DEBUG FXGLAssetLoaderServi - Loading from file system: jar:file:///C:/Users/HP/.m2/repository/com/github/almasb/fxgl/17.3/fxgl-17.3.jar!/fxglassets/ui/fonts/Courier-Prime.ttf
18:18:18.644 [JavaFX Application Thread] DEBUG FXGLAssetLoaderServi - Loading from file system: jar:file:///C:/Users/HP/.m2/repository/com/github/almasb/fxgl/17.3/fxgl-17.3.jar!/fxglassets/textures/fxgl_default_cursor.png
18:18:18.646 [JavaFX Application Thread] DEBUG Input                - Registered new binding: Screenshot - CTRL+8
18:18:18.648 [JavaFX Application Thread] DEBUG LoopRunner           - Starting loop
18:18:18.648 [JavaFX Application Thread] DEBUG LoopRunner           - Initializing JavaFX AnimationTimerLoop
18:18:18.650 [JavaFX Application Thread] DEBUG Input                - Clearing active input actions
18:18:18.658 [JavaFX Application Thread] DEBUG GameApplicationServi - Removing overlay from FXGLStartupScene and adding to FXGLMainMenuDummyScene
18:18:18.659 [JavaFX Application Thread] DEBUG PrimaryStageWindow   - FXGLStartupScene -> FXGLMainMenuDummyScene
18:18:18.659 [JavaFX Application Thread] DEBUG PrimaryStageWindow   - Push state: FXGLDefaultMenu
18:18:18.663 [JavaFX Application Thread] DEBUG Input                - Clearing active input actions
18:18:18.670 [JavaFX Application Thread] DEBUG GameApplicationServi - Removing overlay from FXGLMainMenuDummyScene and adding to FXGLDefaultMenu
18:18:18.670 [JavaFX Application Thread] DEBUG PrimaryStageWindow   - FXGLMainMenuDummyScene -> FXGLDefaultMenu
18:18:18.670 [JavaFX Application Thread] DEBUG FXGLApplication      - Registering font factories with UI factory
18:18:19.887 [JavaFX Application Thread] DEBUG Menu                 - fireNewGame()
18:18:19.887 [JavaFX Application Thread] DEBUG GameApplicationServi - Starting new game
18:18:19.889 [JavaFX Application Thread] DEBUG PrimaryStageWindow   - Pop state: FXGLDefaultMenu
18:18:19.889 [JavaFX Application Thread] DEBUG Input                - Clearing active input actions
18:18:19.890 [JavaFX Application Thread] DEBUG GameApplicationServi - Removing overlay from FXGLDefaultMenu and adding to FXGLMainMenuDummyScene
18:18:19.890 [JavaFX Application Thread] DEBUG PrimaryStageWindow   - FXGLMainMenuDummyScene <- FXGLDefaultMenu
18:18:19.891 [JavaFX Application Thread] DEBUG Input                - Clearing active input actions
18:18:19.903 [JavaFX Application Thread] DEBUG GameApplicationServi - Removing overlay from FXGLMainMenuDummyScene and adding to FXGLLoadingScene
18:18:19.904 [JavaFX Application Thread] DEBUG PrimaryStageWindow   - FXGLMainMenuDummyScene -> FXGLLoadingScene
18:18:19.904 [JavaFX Application Thread] DEBUG GameApplicationServi - Clearing previous game
18:18:19.904 [JavaFX Application Thread] DEBUG GameScene            - Clearing game scene
18:18:19.904 [JavaFX Application Thread] DEBUG GameWorld            - Clearing game world
18:18:19.904 [JavaFX Application Thread] DEBUG PhysicsWorld         - Clearing physics world
18:18:19.906 [FXGL Background Thread 3 ] DEBUG FXGLApplication      - Initializing game
18:18:19.990 [FXGL Background Thread 3 ] WARN  TMXLevelLoader       - TiledMap generated from 1.8.6. Supported version: 1.9.0. Some features may not be parsed fully.
18:18:20.002 [FXGL Background Thread 3 ] DEBUG TMXLevelLoader       - Parsed TiledMap: file:/C:/Users/HP/IdeaProjects/SpaceInvader/target/classes/assets/levels/level1.tmx
18:18:20.005 [FXGL Background Thread 3 ] DEBUG TMXLevelLoader       - Creating tile layer entities
18:18:20.007 [FXGL Background Thread 3 ] DEBUG TilesetLoader        - Loading view for layer Background
18:18:20.008 [FXGL Background Thread 3 ] DEBUG TilesetLoader        - Created buffer with size 512.0x720.0
18:18:20.020 [FXGL Background Thread 3 ] DEBUG TilesetLoader        - Loading view for layer UI
18:18:20.021 [FXGL Background Thread 3 ] DEBUG TilesetLoader        - Created buffer with size 512.0x720.0
18:18:20.021 [FXGL Background Thread 3 ] DEBUG TMXLevelLoader       - Creating object layer entities
18:18:20.024 [FXGL Background Thread 3 ] DEBUG FXGLAssetLoaderServi - Loading from file system: file:/C:/Users/HP/IdeaProjects/SpaceInvader/target/classes/assets/textures/Enemy.png
18:18:20.059 [FXGL Background Thread 3 ] DEBUG FXGLAssetLoaderServi - Loading from file system: file:/C:/Users/HP/IdeaProjects/SpaceInvader/target/classes/assets/textures/wall_left_1.png
18:18:20.063 [FXGL Background Thread 3 ] DEBUG FXGLAssetLoaderServi - Loading from file system: file:/C:/Users/HP/IdeaProjects/SpaceInvader/target/classes/assets/textures/wall_right_1.png
18:18:20.072 [FXGL Background Thread 3 ] DEBUG GameWorld            - Clearing removable entities
18:18:20.072 [FXGL Background Thread 3 ] DEBUG GameWorld            - Setting level: com.almasb.fxgl.entity.level.Level@5ecc29c9
18:18:20.124 [FXGL Background Thread 3 ] DEBUG FXGLAssetLoaderServi - Loading from file system: file:/C:/Users/HP/IdeaProjects/SpaceInvader/target/classes/assets/textures/player.png
18:18:20.131 [FXGL Background Thread 3 ] INFO  FXGLApplication      - Game initialization took: 0.224 sec
18:18:20.134 [JavaFX Application Thread] DEBUG Input                - Clearing active input actions
18:18:20.143 [JavaFX Application Thread] DEBUG GameApplicationServi - Removing overlay from FXGLLoadingScene and adding to GameScene
18:18:20.143 [JavaFX Application Thread] DEBUG PrimaryStageWindow   - FXGLLoadingScene -> GameScene
18:18:20.574 [JavaFX Application Thread] DEBUG FXGLAssetLoaderServi - Loading from file system: file:/C:/Users/HP/IdeaProjects/SpaceInvader/target/classes/assets/textures/shield.png
18:18:21.599 [FXGL Background Thread 2 ] DEBUG Engine               - Logging environment variables
18:18:21.599 [FXGL Background Thread 2 ] DEBUG Engine               - achievements: []
18:18:21.599 [FXGL Background Thread 2 ] DEBUG Engine               - actualHeight: 720.0
18:18:21.599 [FXGL Background Thread 2 ] DEBUG Engine               - actualHeightProperty: ReadOnlyDoubleProperty [value: 720.0]
18:18:21.599 [FXGL Background Thread 2 ] DEBUG Engine               - actualWidth: 512.0
18:18:21.599 [FXGL Background Thread 2 ] DEBUG Engine               - actualWidthProperty: ReadOnlyDoubleProperty [value: 512.0]
18:18:21.599 [FXGL Background Thread 2 ] DEBUG Engine               - appIcon: fxgl_icon.png
18:18:21.599 [FXGL Background Thread 2 ] DEBUG Engine               - applicationMode: RELEASE
18:18:21.599 [FXGL Background Thread 2 ] DEBUG Engine               - cSSList: [fxgl_dark.css]
18:18:21.599 [FXGL Background Thread 2 ] DEBUG Engine               - collisionDetectionStrategy: BRUTE_FORCE
18:18:21.600 [FXGL Background Thread 2 ] DEBUG Engine               - configClass: Optional.empty
18:18:21.600 [FXGL Background Thread 2 ] DEBUG Engine               - credits: []
18:18:21.601 [FXGL Background Thread 2 ] DEBUG Engine               - defaultCursor: CursorInfo(imageName=fxgl_default_cursor.png, hotspotX=7.0, hotspotY=6.0)
18:18:21.601 [FXGL Background Thread 2 ] DEBUG Engine               - devBBoxColorProperty: ObjectProperty [value: 0xff0000ff]
18:18:21.601 [FXGL Background Thread 2 ] DEBUG Engine               - devEnableDebugCameraProperty: BooleanProperty [value: false]
18:18:21.602 [FXGL Background Thread 2 ] DEBUG Engine               - devSensorColorProperty: ObjectProperty [value: 0xffff00ff]
18:18:21.602 [FXGL Background Thread 2 ] DEBUG Engine               - devShowBBoxProperty: BooleanProperty [value: false]
18:18:21.602 [FXGL Background Thread 2 ] DEBUG Engine               - devShowPositionProperty: BooleanProperty [value: false]
18:18:21.602 [FXGL Background Thread 2 ] DEBUG Engine               - enabledMenuItems: []
18:18:21.602 [FXGL Background Thread 2 ] DEBUG Engine               - engineServices: [class com.almasb.fxgl.app.services.FXGLAssetLoaderService, class com.almasb.fxgl.app.FXGLApplication$GameApplicationService, class com.almasb.fxgl.app.services.FXGLDialogService, class com.almasb.fxgl.app.services.IOTaskExecutorService, class com.almasb.fxgl.io.FileSystemService, class com.almasb.fxgl.localization.LocalizationService, class com.almasb.fxgl.app.services.SystemBundleService, class com.almasb.fxgl.profile.SaveLoadService, class com.almasb.fxgl.ui.FXGLUIFactoryServiceProvider, class com.almasb.fxgl.ui.FXGLDialogFactoryServiceProvider, class com.almasb.fxgl.audio.AudioPlayer, class com.almasb.fxgl.notification.impl.NotificationServiceProvider, class com.almasb.fxgl.achievement.AchievementService, class com.almasb.fxgl.cutscene.CutsceneService, class com.almasb.fxgl.minigames.MiniGameService, class com.almasb.fxgl.net.NetService, class com.almasb.fxgl.app.services.UpdaterService, class com.almasb.fxgl.dev.DevService]
18:18:21.603 [FXGL Background Thread 2 ] DEBUG Engine               - fontGame: Abel-Regular.ttf
18:18:21.603 [FXGL Background Thread 2 ] DEBUG Engine               - fontMono: TerminalLandMono-Regular.otf
18:18:21.603 [FXGL Background Thread 2 ] DEBUG Engine               - fontSizeScaleUI: 1.0
18:18:21.603 [FXGL Background Thread 2 ] DEBUG Engine               - fontText: Courier-Prime.ttf
18:18:21.603 [FXGL Background Thread 2 ] DEBUG Engine               - fontUI: VarelaRound-Regular.ttf
18:18:21.603 [FXGL Background Thread 2 ] DEBUG Engine               - fullScreen: BooleanProperty [value: false]
18:18:21.603 [FXGL Background Thread 2 ] DEBUG Engine               - gameDifficulty: MEDIUM
18:18:21.603 [FXGL Background Thread 2 ] DEBUG Engine               - gameDifficultyProperty: ObjectProperty [value: MEDIUM]
18:18:21.603 [FXGL Background Thread 2 ] DEBUG Engine               - globalMusicVolume: 0.5
18:18:21.603 [FXGL Background Thread 2 ] DEBUG Engine               - globalMusicVolumeProperty: DoubleProperty [value: 0.5]
18:18:21.603 [FXGL Background Thread 2 ] DEBUG Engine               - globalSoundVolume: 0.5
18:18:21.603 [FXGL Background Thread 2 ] DEBUG Engine               - globalSoundVolumeProperty: DoubleProperty [value: 0.5]
18:18:21.603 [FXGL Background Thread 2 ] DEBUG Engine               - height: 720
18:18:21.603 [FXGL Background Thread 2 ] DEBUG Engine               - is3D: false
18:18:21.604 [FXGL Background Thread 2 ] DEBUG Engine               - isAndroid: false
18:18:21.604 [FXGL Background Thread 2 ] DEBUG Engine               - isBrowser: false
18:18:21.604 [FXGL Background Thread 2 ] DEBUG Engine               - isClickFeedbackEnabled: false
18:18:21.604 [FXGL Background Thread 2 ] DEBUG Engine               - isCloseConfirmation: false
18:18:21.604 [FXGL Background Thread 2 ] DEBUG Engine               - isDesktop: true
18:18:21.604 [FXGL Background Thread 2 ] DEBUG Engine               - isDeveloperMenuEnabled: false
18:18:21.604 [FXGL Background Thread 2 ] DEBUG Engine               - isEmbedded: false
18:18:21.604 [FXGL Background Thread 2 ] DEBUG Engine               - isEntityPreloadEnabled: true
18:18:21.604 [FXGL Background Thread 2 ] DEBUG Engine               - isExperimentalTiledLargeMap: false
18:18:21.604 [FXGL Background Thread 2 ] DEBUG Engine               - isFileSystemWriteAllowed: true
18:18:21.604 [FXGL Background Thread 2 ] DEBUG Engine               - isFullScreenAllowed: false
18:18:21.604 [FXGL Background Thread 2 ] DEBUG Engine               - isFullScreenFromStart: false
18:18:21.604 [FXGL Background Thread 2 ] DEBUG Engine               - isGameMenuEnabled: true
18:18:21.604 [FXGL Background Thread 2 ] DEBUG Engine               - isIOS: false
18:18:21.604 [FXGL Background Thread 2 ] DEBUG Engine               - isIntroEnabled: false
18:18:21.604 [FXGL Background Thread 2 ] DEBUG Engine               - isLinux: false
18:18:21.604 [FXGL Background Thread 2 ] DEBUG Engine               - isMac: false
18:18:21.604 [FXGL Background Thread 2 ] DEBUG Engine               - isMainMenuEnabled: true
18:18:21.604 [FXGL Background Thread 2 ] DEBUG Engine               - isManualResizeEnabled: true
18:18:21.604 [FXGL Background Thread 2 ] DEBUG Engine               - isMobile: false
18:18:21.604 [FXGL Background Thread 2 ] DEBUG Engine               - isNative: false
18:18:21.604 [FXGL Background Thread 2 ] DEBUG Engine               - isPauseMusicWhenMinimized: true
18:18:21.604 [FXGL Background Thread 2 ] DEBUG Engine               - isPreserveResizeRatio: true
18:18:21.605 [FXGL Background Thread 2 ] DEBUG Engine               - isProfilingEnabled: false
18:18:21.605 [FXGL Background Thread 2 ] DEBUG Engine               - isScaleAffectedOnResize: true
18:18:21.605 [FXGL Background Thread 2 ] DEBUG Engine               - isSingleStep: false
18:18:21.605 [FXGL Background Thread 2 ] DEBUG Engine               - isUserProfileEnabled: false
18:18:21.605 [FXGL Background Thread 2 ] DEBUG Engine               - isWindows: true
18:18:21.605 [FXGL Background Thread 2 ] DEBUG Engine               - language: ObjectProperty [value: ENGLISH]
18:18:21.605 [FXGL Background Thread 2 ] DEBUG Engine               - menuKey: ESCAPE
18:18:21.605 [FXGL Background Thread 2 ] DEBUG Engine               - mouseSensitivity: 0.2
18:18:21.605 [FXGL Background Thread 2 ] DEBUG Engine               - notificationViewClass: class com.almasb.fxgl.notification.view.XboxNotificationView
18:18:21.605 [FXGL Background Thread 2 ] DEBUG Engine               - pixelsPerMeter: 50.0
18:18:21.605 [FXGL Background Thread 2 ] DEBUG Engine               - platform: WINDOWS
18:18:21.605 [FXGL Background Thread 2 ] DEBUG Engine               - prefHeightProperty: ReadOnlyDoubleProperty [value: 720.0]
18:18:21.605 [FXGL Background Thread 2 ] DEBUG Engine               - prefWidthProperty: ReadOnlyDoubleProperty [value: 512.0]
18:18:21.605 [FXGL Background Thread 2 ] DEBUG Engine               - profileDir: profiles/
18:18:21.605 [FXGL Background Thread 2 ] DEBUG Engine               - profileName: StringProperty [value: DEFAULT]
18:18:21.605 [FXGL Background Thread 2 ] DEBUG Engine               - randomSeed: -1
18:18:21.605 [FXGL Background Thread 2 ] DEBUG Engine               - runtimeInfo: RuntimeInfo(platform=WINDOWS, version=17.3, build=30.03.2023 11.49)
18:18:21.606 [FXGL Background Thread 2 ] DEBUG Engine               - saveFileExt: sav
18:18:21.606 [FXGL Background Thread 2 ] DEBUG Engine               - scaledHeightProp$fxgl: DoubleProperty [bound, value: 720.0]
18:18:21.606 [FXGL Background Thread 2 ] DEBUG Engine               - scaledWidthProp$fxgl: DoubleProperty [bound, value: 512.0]
18:18:21.606 [FXGL Background Thread 2 ] DEBUG Engine               - sceneFactory: com.almasb.fxgl.app.scene.SceneFactory@6d70e86b
18:18:21.606 [FXGL Background Thread 2 ] DEBUG Engine               - secondsIn24h: 60
18:18:21.606 [FXGL Background Thread 2 ] DEBUG Engine               - soundMenuBack: menu/back.wav
18:18:21.606 [FXGL Background Thread 2 ] DEBUG Engine               - soundMenuPress: menu/press.wav
18:18:21.606 [FXGL Background Thread 2 ] DEBUG Engine               - soundMenuSelect: menu/select.wav
18:18:21.606 [FXGL Background Thread 2 ] DEBUG Engine               - soundNotification: core/notification.wav
18:18:21.606 [FXGL Background Thread 2 ] DEBUG Engine               - stageStyle: DECORATED
18:18:21.606 [FXGL Background Thread 2 ] DEBUG Engine               - supportedLanguages: [ENGLISH, FRENCH, GERMAN, HUNGARIAN, RUSSIAN]
18:18:21.606 [FXGL Background Thread 2 ] DEBUG Engine               - ticksPerSecond: -1
18:18:21.606 [FXGL Background Thread 2 ] DEBUG Engine               - title: Space Invaders
18:18:21.606 [FXGL Background Thread 2 ] DEBUG Engine               - urlGithub: https://github.com/AlmasB/FXGL
18:18:21.606 [FXGL Background Thread 2 ] DEBUG Engine               - urlLeaderboard: http://fxgl-top.herokuapp.com/
18:18:21.606 [FXGL Background Thread 2 ] DEBUG Engine               - urlPOM: https://raw.githubusercontent.com/AlmasB/FXGL/release/README.md
18:18:21.606 [FXGL Background Thread 2 ] DEBUG Engine               - userAppClass: class fxgl.spaceinvader.SpaceInvaderApp
18:18:21.606 [FXGL Background Thread 2 ] DEBUG Engine               - version: 1.0.1
18:18:21.606 [FXGL Background Thread 2 ] DEBUG Engine               - versionCheckDays: 7
18:18:21.606 [FXGL Background Thread 2 ] DEBUG Engine               - width: 512
18:18:21.606 [FXGL Background Thread 2 ] DEBUG Engine               - Logging services
18:18:21.606 [FXGL Background Thread 2 ] DEBUG Engine               - class com.almasb.fxgl.app.services.FXGLAssetLoaderService
18:18:21.606 [FXGL Background Thread 2 ] DEBUG Engine               - class com.almasb.fxgl.app.FXGLApplication$GameApplicationService
18:18:21.606 [FXGL Background Thread 2 ] DEBUG Engine               - class com.almasb.fxgl.app.services.FXGLDialogService
18:18:21.606 [FXGL Background Thread 2 ] DEBUG Engine               - class com.almasb.fxgl.app.services.IOTaskExecutorService
18:18:21.606 [FXGL Background Thread 2 ] DEBUG Engine               - class com.almasb.fxgl.io.FileSystemService
18:18:21.606 [FXGL Background Thread 2 ] DEBUG Engine               - class com.almasb.fxgl.localization.LocalizationService
18:18:21.606 [FXGL Background Thread 2 ] DEBUG Engine               - class com.almasb.fxgl.app.services.SystemBundleService
18:18:21.606 [FXGL Background Thread 2 ] DEBUG Engine               - class com.almasb.fxgl.profile.SaveLoadService
18:18:21.606 [FXGL Background Thread 2 ] DEBUG Engine               - class com.almasb.fxgl.ui.FXGLUIFactoryServiceProvider
18:18:21.606 [FXGL Background Thread 2 ] DEBUG Engine               - class com.almasb.fxgl.ui.FXGLDialogFactoryServiceProvider
18:18:21.607 [FXGL Background Thread 2 ] DEBUG Engine               - class com.almasb.fxgl.audio.AudioPlayer
18:18:21.607 [FXGL Background Thread 2 ] DEBUG Engine               - class com.almasb.fxgl.notification.impl.NotificationServiceProvider
18:18:21.607 [FXGL Background Thread 2 ] DEBUG Engine               - class com.almasb.fxgl.achievement.AchievementService
18:18:21.607 [FXGL Background Thread 2 ] DEBUG Engine               - class com.almasb.fxgl.cutscene.CutsceneService
18:18:21.607 [FXGL Background Thread 2 ] DEBUG Engine               - class com.almasb.fxgl.minigames.MiniGameService
18:18:21.607 [FXGL Background Thread 2 ] DEBUG Engine               - class com.almasb.fxgl.net.NetService
18:18:21.607 [FXGL Background Thread 2 ] DEBUG Engine               - class com.almasb.fxgl.app.services.UpdaterService
18:18:21.607 [FXGL Background Thread 2 ] DEBUG Engine               - class com.almasb.fxgl.dev.DevService
18:18:31.838 [JavaFX Application Thread] DEBUG FXGLApplication      - Exiting FXGL
18:18:31.839 [JavaFX Application Thread] DEBUG LoopRunner           - Stopping loop
18:18:31.839 [JavaFX Application Thread] DEBUG SystemBundleService  - Saving FXGL system data
18:18:31.840 [JavaFX Application Thread] DEBUG FileSystemAccess     - Writing to: C:\Users\HP\IdeaProjects\SpaceInvader\system\fxgl.bundle
18:18:31.842 [JavaFX Application Thread] DEBUG Async                - Shutting down background threads
18:18:31.842 [JavaFX Application Thread] DEBUG PrimaryStageWindow   - Closing main window
18:18:31.867 [JavaFX Application Thread] DEBUG Logger               - Closing Logger
