21:34:26.792 [main                     ] DEBUG Logger               - Configured Logger
21:34:26.823 [main                     ] DEBUG GameApplication      - Logging settings
Title: Space Invaders
Version: 1.0.1
Width: 512
Height: 712
Fullscreen: false
Intro: false
Profiling: false
Single step:false
App Mode: RELEASE
Menu Key: ESCAPE
Stage Style: DECORATED
Scene Factory: class com.almasb.fxgl.app.scene.SceneFactory

21:34:27.221 [JavaFX Application Thread] DEBUG FXGLApplication      - Initializing FXGL
21:34:27.227 [JavaFX Application Thread] INFO  Engine               - FXGL-17.3 (30.03.2023 11.49) on WINDOWS (J:23 FX:17.0.6)
21:34:27.228 [JavaFX Application Thread] DEBUG Engine               - JRE Vendor Name: Oracle Corporation
21:34:27.228 [JavaFX Application Thread] DEBUG Engine               - Running on OS: Windows 10 version 10.0
21:34:27.228 [JavaFX Application Thread] DEBUG Engine               - Architecture: amd64
21:34:27.228 [JavaFX Application Thread] INFO  Engine               - Source code and latest versions at: https://github.com/AlmasB/FXGL
21:34:27.228 [JavaFX Application Thread] INFO  Engine               -       Ask questions and discuss at: https://github.com/AlmasB/FXGL/discussions
21:34:27.228 [JavaFX Application Thread] INFO  Engine               -              Join the FXGL chat at: https://gitter.im/AlmasB/FXGL
21:34:27.343 [JavaFX Application Thread] DEBUG PrimaryStageWindow   - Creating a JavaFX scene
21:34:27.407 [JavaFX Application Thread] DEBUG PrimaryStageWindow   - Target settings size: 512.0 x 712.0
21:34:27.407 [JavaFX Application Thread] DEBUG PrimaryStageWindow   - Scaled scene size:    512.0 x 712.0
21:34:27.407 [JavaFX Application Thread] DEBUG PrimaryStageWindow   - Scaled ratio: (1.0, 1.0)
21:34:27.409 [JavaFX Application Thread] DEBUG PrimaryStageWindow   - Set initial scene to FXGLStartupScene
21:34:27.419 [JavaFX Application Thread] DEBUG PrimaryStageWindow   - Opening main window
21:34:27.536 [JavaFX Application Thread] DEBUG PrimaryStageWindow   - Window border size: (14.4000244140625, 37.5999755859375)
21:34:27.536 [JavaFX Application Thread] DEBUG PrimaryStageWindow   - Scaled size: 512.0 x 712.0
21:34:27.537 [JavaFX Application Thread] DEBUG PrimaryStageWindow   - Scaled ratio: (1.0, 1.0)
21:34:27.538 [JavaFX Application Thread] DEBUG PrimaryStageWindow   - Scene size: 512.0 x 712.0
21:34:27.538 [JavaFX Application Thread] DEBUG PrimaryStageWindow   - Stage size: 526.4000244140625 x 749.5999755859375
21:34:27.552 [FXGL Background Thread 1 ] DEBUG Engine               - Initializing environment variables
21:34:27.692 [FXGL Background Thread 1 ] DEBUG FXGLAssetLoaderServi - User app class for loading assets: class fxgl.spaceinvader.SpaceInvaderApp
21:34:27.692 [FXGL Background Thread 1 ] DEBUG GameApplicationServi - Applying CSS: fxgl_dark.css
21:34:27.694 [FXGL Background Thread 1 ] DEBUG FXGLAssetLoaderServi - Loading from file system: jar:file:///C:/Users/HP/.m2/repository/com/github/almasb/fxgl/17.3/fxgl-17.3.jar!/fxglassets/ui/css/fxgl_dark.css
21:34:27.770 [FXGL Background Thread 1 ] DEBUG GameApplicationServi - Initializing application scenes
21:34:27.839 [FXGL Background Thread 1 ] DEBUG GameWorld            - Game world initialized
21:34:27.956 [FXGL Background Thread 1 ] DEBUG PhysicsWorld         - Physics world initialized: appHeight=712, physics.ppm=50.0
21:34:27.957 [FXGL Background Thread 1 ] DEBUG PhysicsWorld         - Using strategy: BRUTE_FORCE
21:34:27.966 [FXGL Background Thread 1 ] DEBUG GameScene            - Game scene initialized: 512x712
21:34:27.993 [FXGL Background Thread 1 ] WARN  FXGL.DefaultMenu     - FXGLDefaultMenu is not designed for resolutions < 800x600
21:34:27.993 [FXGL Background Thread 1 ] DEBUG FXGL.DefaultMenu     - createMenuBodyMainMenu()
21:34:28.018 [FXGL Background Thread 1 ] DEBUG FXGL.DefaultMenu     - createOptionsMenu()
21:34:28.033 [FXGL Background Thread 1 ] DEBUG FXGLAssetLoaderServi - Loading from file system: jar:file:///C:/Users/HP/.m2/repository/com/github/almasb/fxgl/17.3/fxgl-17.3.jar!/fxglassets/textures/particles/smoke.png
21:34:28.165 [FXGL Background Thread 1 ] DEBUG FXGLAssetLoaderServi - Loading from file system: jar:file:///C:/Users/HP/.m2/repository/com/github/almasb/fxgl/17.3/fxgl-17.3.jar!/fxglassets/textures/particles/trace_horizontal.png
21:34:28.205 [FXGL Background Thread 1 ] WARN  FXGL.DefaultMenu     - FXGLDefaultMenu is not designed for resolutions < 800x600
21:34:28.205 [FXGL Background Thread 1 ] DEBUG FXGL.DefaultMenu     - createMenuBodyGameMenu()
21:34:28.207 [FXGL Background Thread 1 ] DEBUG FXGL.DefaultMenu     - createOptionsMenu()
21:34:28.227 [FXGL Background Thread 1 ] DEBUG GameApplicationServi - Application scenes initialized
21:34:28.243 [FXGL Background Thread 1 ] DEBUG SystemBundleService  - Loading FXGL system data
21:34:28.249 [FXGL Background Thread 1 ] DEBUG FileSystemAccess     - Reading from: C:\Users\HP\IdeaProjects\SpaceInvader\system\fxgl.bundle
21:34:28.259 [FXGL Background Thread 1 ] DEBUG SystemBundleService  - Bundle FXGL: {}
21:34:28.262 [FXGL Background Thread 3 ] DEBUG FXGLApplication      - Loading fonts
21:34:28.263 [FXGL Background Thread 1 ] DEBUG FXGLApplication      - Loading default localization
21:34:28.263 [FXGL Background Thread 3 ] DEBUG FXGLAssetLoaderServi - Loading from file system: jar:file:///C:/Users/HP/.m2/repository/com/github/almasb/fxgl/17.3/fxgl-17.3.jar!/fxglassets/ui/fonts/VarelaRound-Regular.ttf
21:34:28.263 [FXGL Background Thread 1 ] DEBUG FXGLAssetLoaderServi - Loading from file system: jar:file:///C:/Users/HP/.m2/repository/com/github/almasb/fxgl/17.3/fxgl-17.3.jar!/fxglassets/languages/english.lang
21:34:28.287 [FXGL Background Thread 1 ] INFO  FXGLApplication      - FXGL initialization took: 0.735 sec
21:34:28.300 [JavaFX Application Thread] DEBUG Input                - Registered new binding: Move Left - Left
21:34:28.300 [FXGL Background Thread 3 ] DEBUG FXGLAssetLoaderServi - Loading from file system: jar:file:///C:/Users/HP/.m2/repository/com/github/almasb/fxgl/17.3/fxgl-17.3.jar!/fxglassets/ui/fonts/Abel-Regular.ttf
21:34:28.300 [JavaFX Application Thread] DEBUG Input                - Registered new binding: Move Right - Right
21:34:28.301 [JavaFX Application Thread] DEBUG Input                - Registered new binding: Shoot - Up
21:34:28.301 [JavaFX Application Thread] DEBUG FXGLAssetLoaderServi - Loading from file system: jar:file:///C:/Users/HP/.m2/repository/com/github/almasb/fxgl/17.3/fxgl-17.3.jar!/fxglassets/textures/fxgl_icon.png
21:34:28.305 [FXGL Background Thread 3 ] DEBUG FXGLAssetLoaderServi - Loading from file system: jar:file:///C:/Users/HP/.m2/repository/com/github/almasb/fxgl/17.3/fxgl-17.3.jar!/fxglassets/ui/fonts/TerminalLandMono-Regular.otf
21:34:28.310 [FXGL Background Thread 3 ] DEBUG FXGLAssetLoaderServi - Loading from file system: jar:file:///C:/Users/HP/.m2/repository/com/github/almasb/fxgl/17.3/fxgl-17.3.jar!/fxglassets/ui/fonts/Courier-Prime.ttf
21:34:28.325 [JavaFX Application Thread] DEBUG FXGLAssetLoaderServi - Loading from file system: jar:file:///C:/Users/HP/.m2/repository/com/github/almasb/fxgl/17.3/fxgl-17.3.jar!/fxglassets/textures/fxgl_default_cursor.png
21:34:28.328 [JavaFX Application Thread] DEBUG Input                - Registered new binding: Screenshot - CTRL+8
21:34:28.331 [JavaFX Application Thread] DEBUG LoopRunner           - Starting loop
21:34:28.331 [JavaFX Application Thread] DEBUG LoopRunner           - Initializing JavaFX AnimationTimerLoop
21:34:28.334 [JavaFX Application Thread] DEBUG Input                - Clearing active input actions
21:34:28.348 [JavaFX Application Thread] DEBUG GameApplicationServi - Removing overlay from FXGLStartupScene and adding to FXGLMainMenuDummyScene
21:34:28.349 [JavaFX Application Thread] DEBUG PrimaryStageWindow   - FXGLStartupScene -> FXGLMainMenuDummyScene
21:34:28.349 [JavaFX Application Thread] DEBUG PrimaryStageWindow   - Push state: FXGLDefaultMenu
21:34:28.357 [JavaFX Application Thread] DEBUG Input                - Clearing active input actions
21:34:28.367 [JavaFX Application Thread] DEBUG GameApplicationServi - Removing overlay from FXGLMainMenuDummyScene and adding to FXGLDefaultMenu
21:34:28.368 [JavaFX Application Thread] DEBUG PrimaryStageWindow   - FXGLMainMenuDummyScene -> FXGLDefaultMenu
21:34:28.368 [JavaFX Application Thread] DEBUG FXGLApplication      - Registering font factories with UI factory
21:34:29.396 [JavaFX Application Thread] DEBUG Menu                 - fireNewGame()
21:34:29.397 [JavaFX Application Thread] DEBUG GameApplicationServi - Starting new game
21:34:29.399 [JavaFX Application Thread] DEBUG PrimaryStageWindow   - Pop state: FXGLDefaultMenu
21:34:29.399 [JavaFX Application Thread] DEBUG Input                - Clearing active input actions
21:34:29.400 [JavaFX Application Thread] DEBUG GameApplicationServi - Removing overlay from FXGLDefaultMenu and adding to FXGLMainMenuDummyScene
21:34:29.401 [JavaFX Application Thread] DEBUG PrimaryStageWindow   - FXGLMainMenuDummyScene <- FXGLDefaultMenu
21:34:29.401 [JavaFX Application Thread] DEBUG Input                - Clearing active input actions
21:34:29.414 [JavaFX Application Thread] DEBUG GameApplicationServi - Removing overlay from FXGLMainMenuDummyScene and adding to FXGLLoadingScene
21:34:29.414 [JavaFX Application Thread] DEBUG PrimaryStageWindow   - FXGLMainMenuDummyScene -> FXGLLoadingScene
21:34:29.414 [JavaFX Application Thread] DEBUG GameApplicationServi - Clearing previous game
21:34:29.415 [JavaFX Application Thread] DEBUG GameScene            - Clearing game scene
21:34:29.415 [JavaFX Application Thread] DEBUG GameWorld            - Clearing game world
21:34:29.415 [JavaFX Application Thread] DEBUG PhysicsWorld         - Clearing physics world
21:34:29.417 [FXGL Background Thread 3 ] DEBUG FXGLApplication      - Initializing game
21:34:29.472 [FXGL Background Thread 3 ] WARN  FXGLAssetLoaderServi - Asset "/assets/levels/./fxgl/spaceinvader/assets/levels/level1.tmx" was not found!
21:34:29.473 [JavaFX Application Thread] DEBUG LoopRunner           - Stopping loop
21:34:29.476 [JavaFX Application Thread] FATAL FXGLApplication      - Uncaught Exception:
java.lang.RuntimeException: Initialization failed
	at com.almasb.fxgl.all@17.3/com.almasb.fxgl.app.FXGLApplication$InitAppTask.failed(FXGLApplication.kt:343)
	at javafx.graphics/javafx.concurrent.Task.setState(Task.java:710)
	at javafx.graphics/javafx.concurrent.Task$TaskCallable.lambda$call$2(Task.java:1456)
	at javafx.graphics/com.sun.javafx.application.PlatformImpl.lambda$runLater$10(PlatformImpl.java:457)
	at java.base/java.security.AccessController.doPrivileged(AccessController.java:400)
	at javafx.graphics/com.sun.javafx.application.PlatformImpl.lambda$runLater$11(PlatformImpl.java:456)
	at javafx.graphics/com.sun.glass.ui.InvokeLaterDispatcher$Future.run(InvokeLaterDispatcher.java:96)
	at javafx.graphics/com.sun.glass.ui.win.WinApplication._runLoop(Native Method)
	at javafx.graphics/com.sun.glass.ui.win.WinApplication.lambda$runLoop$3(WinApplication.java:184)
	at java.base/java.lang.Thread.run(Thread.java:1575)
Caused by: java.lang.IllegalArgumentException: Loading level failed. Asset not found: ./fxgl/spaceinvader/assets/levels/level1.tmx
	at com.almasb.fxgl.all@17.3/com.almasb.fxgl.app.services.FXGLAssetLoaderService.loadLevel(FXGLAssetLoaderService.kt:427)
	at fxgl.spaceinvader@1.0-SNAPSHOT/fxgl.spaceinvader.SpaceInvaderApp.initGame(SpaceInvaderApp.java:56)
	at com.almasb.fxgl.all@17.3/com.almasb.fxgl.app.FXGLApplication$InitAppTask.initGame(FXGLApplication.kt:339)
	at com.almasb.fxgl.all@17.3/com.almasb.fxgl.app.FXGLApplication$InitAppTask.call(FXGLApplication.kt:319)
	at com.almasb.fxgl.all@17.3/com.almasb.fxgl.app.FXGLApplication$InitAppTask.call(FXGLApplication.kt:311)
	at javafx.graphics/javafx.concurrent.Task$TaskCallable.call(Task.java:1426)
	at java.base/java.util.concurrent.FutureTask.run(FutureTask.java:317)
	at java.base/java.util.concurrent.Executors$RunnableAdapter.call(Executors.java:572)
	at java.base/java.util.concurrent.FutureTask.run(FutureTask.java:317)
	at java.base/java.util.concurrent.ThreadPoolExecutor.runWorker(ThreadPoolExecutor.java:1144)
	at java.base/java.util.concurrent.ThreadPoolExecutor$Worker.run(ThreadPoolExecutor.java:642)
	... 1 more

21:34:29.477 [JavaFX Application Thread] FATAL FXGLApplication      - Application will now exit
21:34:29.498 [JavaFX Application Thread] DEBUG PrimaryStageWindow   - Push state: ErrorSubScene
21:34:29.498 [JavaFX Application Thread] DEBUG Input                - Clearing active input actions
21:34:29.501 [JavaFX Application Thread] DEBUG GameApplicationServi - Removing overlay from FXGLLoadingScene and adding to ErrorSubScene
21:34:29.501 [JavaFX Application Thread] DEBUG PrimaryStageWindow   - FXGLLoadingScene -> ErrorSubScene
21:34:30.811 [JavaFX Application Thread] DEBUG FXGLApplication      - Exiting FXGL
21:34:30.811 [JavaFX Application Thread] DEBUG Async                - Shutting down background threads
21:34:30.812 [JavaFX Application Thread] DEBUG PrimaryStageWindow   - Closing main window
21:34:30.828 [JavaFX Application Thread] DEBUG Logger               - Closing Logger
