22:48:00.479 [main                     ] DEBUG Logger               - Configured Logger
22:48:00.505 [main                     ] DEBUG GameApplication      - Logging settings
Title: Space Invaders
Version: 1.0.1
Width: 512
Height: 712
Fullscreen: false
Intro: false
Profiling: false
Single step:false
App Mode: RELEASE
Menu Key: ESCAPE
Stage Style: DECORATED
Scene Factory: class com.almasb.fxgl.app.scene.SceneFactory

22:48:00.832 [JavaFX Application Thread] DEBUG FXGLApplication      - Initializing FXGL
22:48:00.836 [JavaFX Application Thread] INFO  Engine               - FXGL-17.3 (30.03.2023 11.49) on WINDOWS (J:23 FX:17.0.6)
22:48:00.836 [JavaFX Application Thread] DEBUG Engine               - JRE Vendor Name: Oracle Corporation
22:48:00.837 [JavaFX Application Thread] DEBUG Engine               - Running on OS: Windows 10 version 10.0
22:48:00.837 [JavaFX Application Thread] DEBUG Engine               - Architecture: amd64
22:48:00.837 [JavaFX Application Thread] INFO  Engine               - Source code and latest versions at: https://github.com/AlmasB/FXGL
22:48:00.837 [JavaFX Application Thread] INFO  Engine               -       Ask questions and discuss at: https://github.com/AlmasB/FXGL/discussions
22:48:00.837 [JavaFX Application Thread] INFO  Engine               -              Join the FXGL chat at: https://gitter.im/AlmasB/FXGL
22:48:00.923 [JavaFX Application Thread] DEBUG PrimaryStageWindow   - Creating a JavaFX scene
22:48:00.974 [JavaFX Application Thread] DEBUG PrimaryStageWindow   - Target settings size: 512.0 x 712.0
22:48:00.975 [JavaFX Application Thread] DEBUG PrimaryStageWindow   - Scaled scene size:    512.0 x 712.0
22:48:00.975 [JavaFX Application Thread] DEBUG PrimaryStageWindow   - Scaled ratio: (1.0, 1.0)
22:48:00.976 [JavaFX Application Thread] DEBUG PrimaryStageWindow   - Set initial scene to FXGLStartupScene
22:48:00.985 [JavaFX Application Thread] DEBUG PrimaryStageWindow   - Opening main window
22:48:01.066 [JavaFX Application Thread] DEBUG PrimaryStageWindow   - Window border size: (14.4000244140625, 37.5999755859375)
22:48:01.066 [JavaFX Application Thread] DEBUG PrimaryStageWindow   - Scaled size: 512.0 x 712.0
22:48:01.066 [JavaFX Application Thread] DEBUG PrimaryStageWindow   - Scaled ratio: (1.0, 1.0)
22:48:01.067 [JavaFX Application Thread] DEBUG PrimaryStageWindow   - Scene size: 512.0 x 712.0
22:48:01.067 [JavaFX Application Thread] DEBUG PrimaryStageWindow   - Stage size: 526.4000244140625 x 749.5999755859375
22:48:01.077 [FXGL Background Thread 1 ] DEBUG Engine               - Initializing environment variables
22:48:01.194 [FXGL Background Thread 1 ] DEBUG FXGLAssetLoaderServi - User app class for loading assets: class fxgl.spaceinvader.SpaceInvaderApp
22:48:01.194 [FXGL Background Thread 1 ] DEBUG GameApplicationServi - Applying CSS: fxgl_dark.css
22:48:01.195 [FXGL Background Thread 1 ] DEBUG FXGLAssetLoaderServi - Loading from file system: jar:file:///C:/Users/HP/.m2/repository/com/github/almasb/fxgl/17.3/fxgl-17.3.jar!/fxglassets/ui/css/fxgl_dark.css
22:48:01.247 [FXGL Background Thread 1 ] DEBUG GameApplicationServi - Initializing application scenes
22:48:01.293 [FXGL Background Thread 1 ] DEBUG GameWorld            - Game world initialized
22:48:01.368 [FXGL Background Thread 1 ] DEBUG PhysicsWorld         - Physics world initialized: appHeight=712, physics.ppm=50.0
22:48:01.369 [FXGL Background Thread 1 ] DEBUG PhysicsWorld         - Using strategy: BRUTE_FORCE
22:48:01.374 [FXGL Background Thread 1 ] DEBUG GameScene            - Game scene initialized: 512x712
22:48:01.389 [FXGL Background Thread 1 ] WARN  FXGL.DefaultMenu     - FXGLDefaultMenu is not designed for resolutions < 800x600
22:48:01.389 [FXGL Background Thread 1 ] DEBUG FXGL.DefaultMenu     - createMenuBodyMainMenu()
22:48:01.405 [FXGL Background Thread 1 ] DEBUG FXGL.DefaultMenu     - createOptionsMenu()
22:48:01.421 [FXGL Background Thread 1 ] DEBUG FXGLAssetLoaderServi - Loading from file system: jar:file:///C:/Users/HP/.m2/repository/com/github/almasb/fxgl/17.3/fxgl-17.3.jar!/fxglassets/textures/particles/smoke.png
22:48:01.526 [FXGL Background Thread 1 ] DEBUG FXGLAssetLoaderServi - Loading from file system: jar:file:///C:/Users/HP/.m2/repository/com/github/almasb/fxgl/17.3/fxgl-17.3.jar!/fxglassets/textures/particles/trace_horizontal.png
22:48:01.552 [FXGL Background Thread 1 ] WARN  FXGL.DefaultMenu     - FXGLDefaultMenu is not designed for resolutions < 800x600
22:48:01.552 [FXGL Background Thread 1 ] DEBUG FXGL.DefaultMenu     - createMenuBodyGameMenu()
22:48:01.553 [FXGL Background Thread 1 ] DEBUG FXGL.DefaultMenu     - createOptionsMenu()
22:48:01.566 [FXGL Background Thread 1 ] DEBUG GameApplicationServi - Application scenes initialized
22:48:01.577 [FXGL Background Thread 1 ] DEBUG SystemBundleService  - Loading FXGL system data
22:48:01.581 [FXGL Background Thread 1 ] DEBUG FileSystemAccess     - Reading from: C:\Users\HP\IdeaProjects\SpaceInvader\system\fxgl.bundle
22:48:01.588 [FXGL Background Thread 1 ] DEBUG SystemBundleService  - Bundle FXGL: {}
22:48:01.590 [FXGL Background Thread 3 ] DEBUG FXGLApplication      - Loading fonts
22:48:01.591 [FXGL Background Thread 3 ] DEBUG FXGLAssetLoaderServi - Loading from file system: jar:file:///C:/Users/HP/.m2/repository/com/github/almasb/fxgl/17.3/fxgl-17.3.jar!/fxglassets/ui/fonts/VarelaRound-Regular.ttf
22:48:01.591 [FXGL Background Thread 1 ] DEBUG FXGLApplication      - Loading default localization
22:48:01.592 [FXGL Background Thread 1 ] DEBUG FXGLAssetLoaderServi - Loading from file system: jar:file:///C:/Users/HP/.m2/repository/com/github/almasb/fxgl/17.3/fxgl-17.3.jar!/fxglassets/languages/english.lang
22:48:01.608 [FXGL Background Thread 1 ] INFO  FXGLApplication      - FXGL initialization took: 0.532 sec
22:48:01.615 [FXGL Background Thread 3 ] DEBUG FXGLAssetLoaderServi - Loading from file system: jar:file:///C:/Users/HP/.m2/repository/com/github/almasb/fxgl/17.3/fxgl-17.3.jar!/fxglassets/ui/fonts/Abel-Regular.ttf
22:48:01.618 [JavaFX Application Thread] DEBUG Input                - Registered new binding: Move Left - Left
22:48:01.618 [JavaFX Application Thread] DEBUG Input                - Registered new binding: Move Right - Right
22:48:01.618 [JavaFX Application Thread] DEBUG Input                - Registered new binding: Shoot - Up
22:48:01.619 [FXGL Background Thread 3 ] DEBUG FXGLAssetLoaderServi - Loading from file system: jar:file:///C:/Users/HP/.m2/repository/com/github/almasb/fxgl/17.3/fxgl-17.3.jar!/fxglassets/ui/fonts/TerminalLandMono-Regular.otf
22:48:01.619 [JavaFX Application Thread] DEBUG FXGLAssetLoaderServi - Loading from file system: jar:file:///C:/Users/HP/.m2/repository/com/github/almasb/fxgl/17.3/fxgl-17.3.jar!/fxglassets/textures/fxgl_icon.png
22:48:01.622 [FXGL Background Thread 3 ] DEBUG FXGLAssetLoaderServi - Loading from file system: jar:file:///C:/Users/HP/.m2/repository/com/github/almasb/fxgl/17.3/fxgl-17.3.jar!/fxglassets/ui/fonts/Courier-Prime.ttf
22:48:01.635 [JavaFX Application Thread] DEBUG FXGLAssetLoaderServi - Loading from file system: jar:file:///C:/Users/HP/.m2/repository/com/github/almasb/fxgl/17.3/fxgl-17.3.jar!/fxglassets/textures/fxgl_default_cursor.png
22:48:01.637 [JavaFX Application Thread] DEBUG Input                - Registered new binding: Screenshot - CTRL+8
22:48:01.639 [JavaFX Application Thread] DEBUG LoopRunner           - Starting loop
22:48:01.640 [JavaFX Application Thread] DEBUG LoopRunner           - Initializing JavaFX AnimationTimerLoop
22:48:01.643 [JavaFX Application Thread] DEBUG Input                - Clearing active input actions
22:48:01.650 [JavaFX Application Thread] DEBUG GameApplicationServi - Removing overlay from FXGLStartupScene and adding to FXGLMainMenuDummyScene
22:48:01.651 [JavaFX Application Thread] DEBUG PrimaryStageWindow   - FXGLStartupScene -> FXGLMainMenuDummyScene
22:48:01.651 [JavaFX Application Thread] DEBUG PrimaryStageWindow   - Push state: FXGLDefaultMenu
22:48:01.655 [JavaFX Application Thread] DEBUG Input                - Clearing active input actions
22:48:01.662 [JavaFX Application Thread] DEBUG GameApplicationServi - Removing overlay from FXGLMainMenuDummyScene and adding to FXGLDefaultMenu
22:48:01.662 [JavaFX Application Thread] DEBUG PrimaryStageWindow   - FXGLMainMenuDummyScene -> FXGLDefaultMenu
22:48:01.663 [JavaFX Application Thread] DEBUG FXGLApplication      - Registering font factories with UI factory
22:48:02.994 [JavaFX Application Thread] DEBUG Menu                 - fireNewGame()
22:48:02.994 [JavaFX Application Thread] DEBUG GameApplicationServi - Starting new game
22:48:02.996 [JavaFX Application Thread] DEBUG PrimaryStageWindow   - Pop state: FXGLDefaultMenu
22:48:02.997 [JavaFX Application Thread] DEBUG Input                - Clearing active input actions
22:48:02.998 [JavaFX Application Thread] DEBUG GameApplicationServi - Removing overlay from FXGLDefaultMenu and adding to FXGLMainMenuDummyScene
22:48:02.999 [JavaFX Application Thread] DEBUG PrimaryStageWindow   - FXGLMainMenuDummyScene <- FXGLDefaultMenu
22:48:02.999 [JavaFX Application Thread] DEBUG Input                - Clearing active input actions
22:48:03.019 [JavaFX Application Thread] DEBUG GameApplicationServi - Removing overlay from FXGLMainMenuDummyScene and adding to FXGLLoadingScene
22:48:03.019 [JavaFX Application Thread] DEBUG PrimaryStageWindow   - FXGLMainMenuDummyScene -> FXGLLoadingScene
22:48:03.019 [JavaFX Application Thread] DEBUG GameApplicationServi - Clearing previous game
22:48:03.019 [JavaFX Application Thread] DEBUG GameScene            - Clearing game scene
22:48:03.019 [JavaFX Application Thread] DEBUG GameWorld            - Clearing game world
22:48:03.020 [JavaFX Application Thread] DEBUG PhysicsWorld         - Clearing physics world
22:48:03.023 [FXGL Background Thread 3 ] DEBUG FXGLApplication      - Initializing game
22:48:03.062 [FXGL Background Thread 3 ] WARN  FXGLAssetLoaderServi - Asset "/assets/textures/../fxgl/spaceinvader/assets/textures/player.png" was not found!
22:48:03.063 [FXGL Background Thread 3 ] WARN  FXGLAssetLoaderServi - Failed to load IMAGE
22:48:03.086 [FXGL Background Thread 3 ] WARN  FXGLAssetLoaderServi - Asset "/assets/textures/player.png" was not found!
22:48:03.087 [FXGL Background Thread 3 ] WARN  FXGLAssetLoaderServi - Failed to load IMAGE
22:48:03.098 [FXGL Background Thread 3 ] WARN  GameWorld            - Entity is already attached to world
22:48:03.101 [FXGL Background Thread 3 ] INFO  FXGLApplication      - Game initialization took: 0.078 sec
22:48:03.109 [JavaFX Application Thread] DEBUG Input                - Clearing active input actions
22:48:03.120 [JavaFX Application Thread] DEBUG GameApplicationServi - Removing overlay from FXGLLoadingScene and adding to GameScene
22:48:03.120 [JavaFX Application Thread] DEBUG PrimaryStageWindow   - FXGLLoadingScene -> GameScene
22:48:04.590 [FXGL Background Thread 2 ] DEBUG Engine               - Logging environment variables
22:48:04.591 [FXGL Background Thread 2 ] DEBUG Engine               - achievements: []
22:48:04.591 [FXGL Background Thread 2 ] DEBUG Engine               - actualHeight: 712.0
22:48:04.592 [FXGL Background Thread 2 ] DEBUG Engine               - actualHeightProperty: ReadOnlyDoubleProperty [value: 712.0]
22:48:04.592 [FXGL Background Thread 2 ] DEBUG Engine               - actualWidth: 512.0
22:48:04.592 [FXGL Background Thread 2 ] DEBUG Engine               - actualWidthProperty: ReadOnlyDoubleProperty [value: 512.0]
22:48:04.592 [FXGL Background Thread 2 ] DEBUG Engine               - appIcon: fxgl_icon.png
22:48:04.592 [FXGL Background Thread 2 ] DEBUG Engine               - applicationMode: RELEASE
22:48:04.592 [FXGL Background Thread 2 ] DEBUG Engine               - cSSList: [fxgl_dark.css]
22:48:04.592 [FXGL Background Thread 2 ] DEBUG Engine               - collisionDetectionStrategy: BRUTE_FORCE
22:48:04.592 [FXGL Background Thread 2 ] DEBUG Engine               - configClass: Optional.empty
22:48:04.592 [FXGL Background Thread 2 ] DEBUG Engine               - credits: []
22:48:04.593 [FXGL Background Thread 2 ] DEBUG Engine               - defaultCursor: CursorInfo(imageName=fxgl_default_cursor.png, hotspotX=7.0, hotspotY=6.0)
22:48:04.593 [FXGL Background Thread 2 ] DEBUG Engine               - devBBoxColorProperty: ObjectProperty [value: 0xff0000ff]
22:48:04.593 [FXGL Background Thread 2 ] DEBUG Engine               - devEnableDebugCameraProperty: BooleanProperty [value: false]
22:48:04.593 [FXGL Background Thread 2 ] DEBUG Engine               - devSensorColorProperty: ObjectProperty [value: 0xffff00ff]
22:48:04.593 [FXGL Background Thread 2 ] DEBUG Engine               - devShowBBoxProperty: BooleanProperty [value: false]
22:48:04.593 [FXGL Background Thread 2 ] DEBUG Engine               - devShowPositionProperty: BooleanProperty [value: false]
22:48:04.594 [FXGL Background Thread 2 ] DEBUG Engine               - enabledMenuItems: []
22:48:04.594 [FXGL Background Thread 2 ] DEBUG Engine               - engineServices: [class com.almasb.fxgl.app.services.FXGLAssetLoaderService, class com.almasb.fxgl.app.FXGLApplication$GameApplicationService, class com.almasb.fxgl.app.services.FXGLDialogService, class com.almasb.fxgl.app.services.IOTaskExecutorService, class com.almasb.fxgl.io.FileSystemService, class com.almasb.fxgl.localization.LocalizationService, class com.almasb.fxgl.app.services.SystemBundleService, class com.almasb.fxgl.profile.SaveLoadService, class com.almasb.fxgl.ui.FXGLUIFactoryServiceProvider, class com.almasb.fxgl.ui.FXGLDialogFactoryServiceProvider, class com.almasb.fxgl.audio.AudioPlayer, class com.almasb.fxgl.notification.impl.NotificationServiceProvider, class com.almasb.fxgl.achievement.AchievementService, class com.almasb.fxgl.cutscene.CutsceneService, class com.almasb.fxgl.minigames.MiniGameService, class com.almasb.fxgl.net.NetService, class com.almasb.fxgl.app.services.UpdaterService, class com.almasb.fxgl.dev.DevService]
22:48:04.594 [FXGL Background Thread 2 ] DEBUG Engine               - fontGame: Abel-Regular.ttf
22:48:04.594 [FXGL Background Thread 2 ] DEBUG Engine               - fontMono: TerminalLandMono-Regular.otf
22:48:04.594 [FXGL Background Thread 2 ] DEBUG Engine               - fontSizeScaleUI: 1.0
22:48:04.594 [FXGL Background Thread 2 ] DEBUG Engine               - fontText: Courier-Prime.ttf
22:48:04.594 [FXGL Background Thread 2 ] DEBUG Engine               - fontUI: VarelaRound-Regular.ttf
22:48:04.594 [FXGL Background Thread 2 ] DEBUG Engine               - fullScreen: BooleanProperty [value: false]
22:48:04.594 [FXGL Background Thread 2 ] DEBUG Engine               - gameDifficulty: MEDIUM
22:48:04.594 [FXGL Background Thread 2 ] DEBUG Engine               - gameDifficultyProperty: ObjectProperty [value: MEDIUM]
22:48:04.594 [FXGL Background Thread 2 ] DEBUG Engine               - globalMusicVolume: 0.5
22:48:04.594 [FXGL Background Thread 2 ] DEBUG Engine               - globalMusicVolumeProperty: DoubleProperty [value: 0.5]
22:48:04.594 [FXGL Background Thread 2 ] DEBUG Engine               - globalSoundVolume: 0.5
22:48:04.594 [FXGL Background Thread 2 ] DEBUG Engine               - globalSoundVolumeProperty: DoubleProperty [value: 0.5]
22:48:04.594 [FXGL Background Thread 2 ] DEBUG Engine               - height: 712
22:48:04.594 [FXGL Background Thread 2 ] DEBUG Engine               - is3D: false
22:48:04.594 [FXGL Background Thread 2 ] DEBUG Engine               - isAndroid: false
22:48:04.595 [FXGL Background Thread 2 ] DEBUG Engine               - isBrowser: false
22:48:04.595 [FXGL Background Thread 2 ] DEBUG Engine               - isClickFeedbackEnabled: false
22:48:04.595 [FXGL Background Thread 2 ] DEBUG Engine               - isCloseConfirmation: false
22:48:04.595 [FXGL Background Thread 2 ] DEBUG Engine               - isDesktop: true
22:48:04.595 [FXGL Background Thread 2 ] DEBUG Engine               - isDeveloperMenuEnabled: false
22:48:04.595 [FXGL Background Thread 2 ] DEBUG Engine               - isEmbedded: false
22:48:04.595 [FXGL Background Thread 2 ] DEBUG Engine               - isEntityPreloadEnabled: true
22:48:04.595 [FXGL Background Thread 2 ] DEBUG Engine               - isExperimentalTiledLargeMap: false
22:48:04.595 [FXGL Background Thread 2 ] DEBUG Engine               - isFileSystemWriteAllowed: true
22:48:04.595 [FXGL Background Thread 2 ] DEBUG Engine               - isFullScreenAllowed: false
22:48:04.595 [FXGL Background Thread 2 ] DEBUG Engine               - isFullScreenFromStart: false
22:48:04.595 [FXGL Background Thread 2 ] DEBUG Engine               - isGameMenuEnabled: true
22:48:04.595 [FXGL Background Thread 2 ] DEBUG Engine               - isIOS: false
22:48:04.595 [FXGL Background Thread 2 ] DEBUG Engine               - isIntroEnabled: false
22:48:04.595 [FXGL Background Thread 2 ] DEBUG Engine               - isLinux: false
22:48:04.595 [FXGL Background Thread 2 ] DEBUG Engine               - isMac: false
22:48:04.595 [FXGL Background Thread 2 ] DEBUG Engine               - isMainMenuEnabled: true
22:48:04.595 [FXGL Background Thread 2 ] DEBUG Engine               - isManualResizeEnabled: true
22:48:04.595 [FXGL Background Thread 2 ] DEBUG Engine               - isMobile: false
22:48:04.595 [FXGL Background Thread 2 ] DEBUG Engine               - isNative: false
22:48:04.595 [FXGL Background Thread 2 ] DEBUG Engine               - isPauseMusicWhenMinimized: true
22:48:04.596 [FXGL Background Thread 2 ] DEBUG Engine               - isPreserveResizeRatio: true
22:48:04.596 [FXGL Background Thread 2 ] DEBUG Engine               - isProfilingEnabled: false
22:48:04.596 [FXGL Background Thread 2 ] DEBUG Engine               - isScaleAffectedOnResize: true
22:48:04.596 [FXGL Background Thread 2 ] DEBUG Engine               - isSingleStep: false
22:48:04.596 [FXGL Background Thread 2 ] DEBUG Engine               - isUserProfileEnabled: false
22:48:04.596 [FXGL Background Thread 2 ] DEBUG Engine               - isWindows: true
22:48:04.596 [FXGL Background Thread 2 ] DEBUG Engine               - language: ObjectProperty [value: ENGLISH]
22:48:04.596 [FXGL Background Thread 2 ] DEBUG Engine               - menuKey: ESCAPE
22:48:04.596 [FXGL Background Thread 2 ] DEBUG Engine               - mouseSensitivity: 0.2
22:48:04.596 [FXGL Background Thread 2 ] DEBUG Engine               - notificationViewClass: class com.almasb.fxgl.notification.view.XboxNotificationView
22:48:04.596 [FXGL Background Thread 2 ] DEBUG Engine               - pixelsPerMeter: 50.0
22:48:04.596 [FXGL Background Thread 2 ] DEBUG Engine               - platform: WINDOWS
22:48:04.596 [FXGL Background Thread 2 ] DEBUG Engine               - prefHeightProperty: ReadOnlyDoubleProperty [value: 712.0]
22:48:04.596 [FXGL Background Thread 2 ] DEBUG Engine               - prefWidthProperty: ReadOnlyDoubleProperty [value: 512.0]
22:48:04.596 [FXGL Background Thread 2 ] DEBUG Engine               - profileDir: profiles/
22:48:04.596 [FXGL Background Thread 2 ] DEBUG Engine               - profileName: StringProperty [value: DEFAULT]
22:48:04.596 [FXGL Background Thread 2 ] DEBUG Engine               - randomSeed: -1
22:48:04.596 [FXGL Background Thread 2 ] DEBUG Engine               - runtimeInfo: RuntimeInfo(platform=WINDOWS, version=17.3, build=30.03.2023 11.49)
22:48:04.597 [FXGL Background Thread 2 ] DEBUG Engine               - saveFileExt: sav
22:48:04.597 [FXGL Background Thread 2 ] DEBUG Engine               - scaledHeightProp$fxgl: DoubleProperty [bound, value: 712.0]
22:48:04.597 [FXGL Background Thread 2 ] DEBUG Engine               - scaledWidthProp$fxgl: DoubleProperty [bound, value: 512.0]
22:48:04.597 [FXGL Background Thread 2 ] DEBUG Engine               - sceneFactory: com.almasb.fxgl.app.scene.SceneFactory@68b8b588
22:48:04.597 [FXGL Background Thread 2 ] DEBUG Engine               - secondsIn24h: 60
22:48:04.597 [FXGL Background Thread 2 ] DEBUG Engine               - soundMenuBack: menu/back.wav
22:48:04.597 [FXGL Background Thread 2 ] DEBUG Engine               - soundMenuPress: menu/press.wav
22:48:04.597 [FXGL Background Thread 2 ] DEBUG Engine               - soundMenuSelect: menu/select.wav
22:48:04.597 [FXGL Background Thread 2 ] DEBUG Engine               - soundNotification: core/notification.wav
22:48:04.597 [FXGL Background Thread 2 ] DEBUG Engine               - stageStyle: DECORATED
22:48:04.597 [FXGL Background Thread 2 ] DEBUG Engine               - supportedLanguages: [ENGLISH, FRENCH, GERMAN, HUNGARIAN, RUSSIAN]
22:48:04.597 [FXGL Background Thread 2 ] DEBUG Engine               - ticksPerSecond: -1
22:48:04.597 [FXGL Background Thread 2 ] DEBUG Engine               - title: Space Invaders
22:48:04.597 [FXGL Background Thread 2 ] DEBUG Engine               - urlGithub: https://github.com/AlmasB/FXGL
22:48:04.597 [FXGL Background Thread 2 ] DEBUG Engine               - urlLeaderboard: http://fxgl-top.herokuapp.com/
22:48:04.597 [FXGL Background Thread 2 ] DEBUG Engine               - urlPOM: https://raw.githubusercontent.com/AlmasB/FXGL/release/README.md
22:48:04.597 [FXGL Background Thread 2 ] DEBUG Engine               - userAppClass: class fxgl.spaceinvader.SpaceInvaderApp
22:48:04.597 [FXGL Background Thread 2 ] DEBUG Engine               - version: 1.0.1
22:48:04.597 [FXGL Background Thread 2 ] DEBUG Engine               - versionCheckDays: 7
22:48:04.597 [FXGL Background Thread 2 ] DEBUG Engine               - width: 512
22:48:04.597 [FXGL Background Thread 2 ] DEBUG Engine               - Logging services
22:48:04.597 [FXGL Background Thread 2 ] DEBUG Engine               - class com.almasb.fxgl.app.services.FXGLAssetLoaderService
22:48:04.598 [FXGL Background Thread 2 ] DEBUG Engine               - class com.almasb.fxgl.app.FXGLApplication$GameApplicationService
22:48:04.598 [FXGL Background Thread 2 ] DEBUG Engine               - class com.almasb.fxgl.app.services.FXGLDialogService
22:48:04.598 [FXGL Background Thread 2 ] DEBUG Engine               - class com.almasb.fxgl.app.services.IOTaskExecutorService
22:48:04.598 [FXGL Background Thread 2 ] DEBUG Engine               - class com.almasb.fxgl.io.FileSystemService
22:48:04.598 [FXGL Background Thread 2 ] DEBUG Engine               - class com.almasb.fxgl.localization.LocalizationService
22:48:04.598 [FXGL Background Thread 2 ] DEBUG Engine               - class com.almasb.fxgl.app.services.SystemBundleService
22:48:04.598 [FXGL Background Thread 2 ] DEBUG Engine               - class com.almasb.fxgl.profile.SaveLoadService
22:48:04.598 [FXGL Background Thread 2 ] DEBUG Engine               - class com.almasb.fxgl.ui.FXGLUIFactoryServiceProvider
22:48:04.598 [FXGL Background Thread 2 ] DEBUG Engine               - class com.almasb.fxgl.ui.FXGLDialogFactoryServiceProvider
22:48:04.598 [FXGL Background Thread 2 ] DEBUG Engine               - class com.almasb.fxgl.audio.AudioPlayer
22:48:04.598 [FXGL Background Thread 2 ] DEBUG Engine               - class com.almasb.fxgl.notification.impl.NotificationServiceProvider
22:48:04.598 [FXGL Background Thread 2 ] DEBUG Engine               - class com.almasb.fxgl.achievement.AchievementService
22:48:04.598 [FXGL Background Thread 2 ] DEBUG Engine               - class com.almasb.fxgl.cutscene.CutsceneService
22:48:04.598 [FXGL Background Thread 2 ] DEBUG Engine               - class com.almasb.fxgl.minigames.MiniGameService
22:48:04.598 [FXGL Background Thread 2 ] DEBUG Engine               - class com.almasb.fxgl.net.NetService
22:48:04.598 [FXGL Background Thread 2 ] DEBUG Engine               - class com.almasb.fxgl.app.services.UpdaterService
22:48:04.598 [FXGL Background Thread 2 ] DEBUG Engine               - class com.almasb.fxgl.dev.DevService
22:48:09.383 [JavaFX Application Thread] DEBUG EventBus             - Firing event: fxgl.spaceinvader.event.GameEvent[source=javafx.event.Event$$Lambda/0x000001f70115aaa0@68898538]
22:48:10.311 [JavaFX Application Thread] DEBUG EventBus             - Firing event: fxgl.spaceinvader.event.GameEvent[source=javafx.event.Event$$Lambda/0x000001f70115aaa0@68898538]
22:48:10.455 [JavaFX Application Thread] DEBUG EventBus             - Firing event: fxgl.spaceinvader.event.GameEvent[source=javafx.event.Event$$Lambda/0x000001f70115aaa0@68898538]
22:48:10.615 [JavaFX Application Thread] DEBUG EventBus             - Firing event: fxgl.spaceinvader.event.GameEvent[source=javafx.event.Event$$Lambda/0x000001f70115aaa0@68898538]
22:48:11.895 [JavaFX Application Thread] DEBUG EventBus             - Firing event: fxgl.spaceinvader.event.GameEvent[source=javafx.event.Event$$Lambda/0x000001f70115aaa0@68898538]
22:48:17.095 [JavaFX Application Thread] DEBUG EventBus             - Firing event: fxgl.spaceinvader.event.GameEvent[source=javafx.event.Event$$Lambda/0x000001f70115aaa0@68898538]
22:48:17.352 [JavaFX Application Thread] DEBUG EventBus             - Firing event: fxgl.spaceinvader.event.GameEvent[source=javafx.event.Event$$Lambda/0x000001f70115aaa0@68898538]
22:48:18.166 [JavaFX Application Thread] DEBUG FXGLApplication      - Exiting FXGL
22:48:18.166 [JavaFX Application Thread] DEBUG LoopRunner           - Stopping loop
22:48:18.166 [JavaFX Application Thread] DEBUG SystemBundleService  - Saving FXGL system data
22:48:18.169 [JavaFX Application Thread] DEBUG FileSystemAccess     - Writing to: C:\Users\HP\IdeaProjects\SpaceInvader\system\fxgl.bundle
22:48:18.170 [JavaFX Application Thread] DEBUG Async                - Shutting down background threads
22:48:18.171 [JavaFX Application Thread] DEBUG PrimaryStageWindow   - Closing main window
22:48:18.186 [JavaFX Application Thread] DEBUG Logger               - Closing Logger
