12:16:32.200 [main                     ] DEBUG Logger               - Configured Logger
12:16:32.247 [main                     ] DEBUG GameApplication      - Logging settings
Title: Space Invaders
Version: 1.0.1
Width: 512
Height: 720
Fullscreen: false
Intro: false
Profiling: false
Single step:false
App Mode: RELEASE
Menu Key: ESCAPE
Stage Style: DECORATED
Scene Factory: class com.almasb.fxgl.app.scene.SceneFactory

12:16:32.875 [JavaFX Application Thread] DEBUG FXGLApplication      - Initializing FXGL
12:16:32.883 [JavaFX Application Thread] INFO  Engine               - FXGL-17.3 (30.03.2023 11.49) on WINDOWS (J:23 FX:17.0.6)
12:16:32.883 [JavaFX Application Thread] DEBUG Engine               - JRE Vendor Name: Oracle Corporation
12:16:32.884 [JavaFX Application Thread] DEBUG Engine               - Running on OS: Windows 10 version 10.0
12:16:32.884 [JavaFX Application Thread] DEBUG Engine               - Architecture: amd64
12:16:32.884 [JavaFX Application Thread] INFO  Engine               - Source code and latest versions at: https://github.com/AlmasB/FXGL
12:16:32.884 [JavaFX Application Thread] INFO  Engine               -       Ask questions and discuss at: https://github.com/AlmasB/FXGL/discussions
12:16:32.884 [JavaFX Application Thread] INFO  Engine               -              Join the FXGL chat at: https://gitter.im/AlmasB/FXGL
12:16:33.049 [JavaFX Application Thread] DEBUG PrimaryStageWindow   - Creating a JavaFX scene
12:16:33.137 [JavaFX Application Thread] DEBUG PrimaryStageWindow   - Target settings size: 512.0 x 720.0
12:16:33.138 [JavaFX Application Thread] DEBUG PrimaryStageWindow   - Scaled scene size:    512.0 x 720.0
12:16:33.138 [JavaFX Application Thread] DEBUG PrimaryStageWindow   - Scaled ratio: (1.0, 1.0)
12:16:33.140 [JavaFX Application Thread] DEBUG PrimaryStageWindow   - Set initial scene to FXGLStartupScene
12:16:33.152 [JavaFX Application Thread] DEBUG PrimaryStageWindow   - Opening main window
12:16:33.283 [JavaFX Application Thread] DEBUG PrimaryStageWindow   - Window border size: (14.4000244140625, 37.5999755859375)
12:16:33.284 [JavaFX Application Thread] DEBUG PrimaryStageWindow   - Scaled size: 512.0 x 720.0
12:16:33.285 [JavaFX Application Thread] DEBUG PrimaryStageWindow   - Scaled ratio: (1.0, 1.0)
12:16:33.285 [JavaFX Application Thread] DEBUG PrimaryStageWindow   - Scene size: 512.0 x 720.0
12:16:33.286 [JavaFX Application Thread] DEBUG PrimaryStageWindow   - Stage size: 526.4000244140625 x 757.5999755859375
12:16:33.324 [FXGL Background Thread 1 ] DEBUG Engine               - Initializing environment variables
12:16:33.596 [FXGL Background Thread 1 ] DEBUG FXGLAssetLoaderServi - User app class for loading assets: class fxgl.spaceinvader.SpaceInvaderApp
12:16:33.597 [FXGL Background Thread 1 ] DEBUG GameApplicationServi - Applying CSS: fxgl_dark.css
12:16:33.598 [FXGL Background Thread 1 ] DEBUG FXGLAssetLoaderServi - Loading from file system: jar:file:///C:/Users/HP/.m2/repository/com/github/almasb/fxgl/17.3/fxgl-17.3.jar!/fxglassets/ui/css/fxgl_dark.css
12:16:33.699 [FXGL Background Thread 1 ] DEBUG GameApplicationServi - Initializing application scenes
12:16:33.769 [FXGL Background Thread 1 ] DEBUG GameWorld            - Game world initialized
12:16:33.903 [FXGL Background Thread 1 ] DEBUG PhysicsWorld         - Physics world initialized: appHeight=720, physics.ppm=50.0
12:16:33.903 [FXGL Background Thread 1 ] DEBUG PhysicsWorld         - Using strategy: BRUTE_FORCE
12:16:33.912 [FXGL Background Thread 1 ] DEBUG GameScene            - Game scene initialized: 512x720
12:16:33.937 [FXGL Background Thread 1 ] WARN  FXGL.DefaultMenu     - FXGLDefaultMenu is not designed for resolutions < 800x600
12:16:33.937 [FXGL Background Thread 1 ] DEBUG FXGL.DefaultMenu     - createMenuBodyMainMenu()
12:16:33.970 [FXGL Background Thread 1 ] DEBUG FXGL.DefaultMenu     - createOptionsMenu()
12:16:33.995 [FXGL Background Thread 1 ] DEBUG FXGLAssetLoaderServi - Loading from file system: jar:file:///C:/Users/HP/.m2/repository/com/github/almasb/fxgl/17.3/fxgl-17.3.jar!/fxglassets/textures/particles/smoke.png
12:16:34.181 [FXGL Background Thread 1 ] DEBUG FXGLAssetLoaderServi - Loading from file system: jar:file:///C:/Users/HP/.m2/repository/com/github/almasb/fxgl/17.3/fxgl-17.3.jar!/fxglassets/textures/particles/trace_horizontal.png
12:16:34.254 [FXGL Background Thread 1 ] WARN  FXGL.DefaultMenu     - FXGLDefaultMenu is not designed for resolutions < 800x600
12:16:34.254 [FXGL Background Thread 1 ] DEBUG FXGL.DefaultMenu     - createMenuBodyGameMenu()
12:16:34.257 [FXGL Background Thread 1 ] DEBUG FXGL.DefaultMenu     - createOptionsMenu()
12:16:34.292 [FXGL Background Thread 1 ] DEBUG GameApplicationServi - Application scenes initialized
12:16:34.316 [FXGL Background Thread 1 ] DEBUG SystemBundleService  - Loading FXGL system data
12:16:34.323 [FXGL Background Thread 1 ] DEBUG FileSystemAccess     - Reading from: C:\Users\HP\IdeaProjects\SpaceInvader\system\fxgl.bundle
12:16:34.339 [FXGL Background Thread 1 ] DEBUG SystemBundleService  - Bundle FXGL: {}
12:16:34.343 [FXGL Background Thread 3 ] DEBUG FXGLApplication      - Loading fonts
12:16:34.344 [FXGL Background Thread 3 ] DEBUG FXGLAssetLoaderServi - Loading from file system: jar:file:///C:/Users/HP/.m2/repository/com/github/almasb/fxgl/17.3/fxgl-17.3.jar!/fxglassets/ui/fonts/VarelaRound-Regular.ttf
12:16:34.344 [FXGL Background Thread 1 ] DEBUG FXGLApplication      - Loading default localization
12:16:34.346 [FXGL Background Thread 1 ] DEBUG FXGLAssetLoaderServi - Loading from file system: jar:file:///C:/Users/HP/.m2/repository/com/github/almasb/fxgl/17.3/fxgl-17.3.jar!/fxglassets/languages/english.lang
12:16:34.378 [FXGL Background Thread 1 ] INFO  FXGLApplication      - FXGL initialization took: 1.053 sec
12:16:34.392 [FXGL Background Thread 3 ] DEBUG FXGLAssetLoaderServi - Loading from file system: jar:file:///C:/Users/HP/.m2/repository/com/github/almasb/fxgl/17.3/fxgl-17.3.jar!/fxglassets/ui/fonts/Abel-Regular.ttf
12:16:34.397 [JavaFX Application Thread] DEBUG Input                - Registered new binding: Move Left - Left
12:16:34.398 [JavaFX Application Thread] DEBUG Input                - Registered new binding: Move Right - Right
12:16:34.399 [JavaFX Application Thread] DEBUG Input                - Registered new binding: Shoot - Up
12:16:34.399 [FXGL Background Thread 3 ] DEBUG FXGLAssetLoaderServi - Loading from file system: jar:file:///C:/Users/HP/.m2/repository/com/github/almasb/fxgl/17.3/fxgl-17.3.jar!/fxglassets/ui/fonts/TerminalLandMono-Regular.otf
12:16:34.400 [JavaFX Application Thread] DEBUG Input                - Registered new binding: Shield Up - Space
12:16:34.402 [JavaFX Application Thread] DEBUG FXGLAssetLoaderServi - Loading from file system: jar:file:///C:/Users/HP/.m2/repository/com/github/almasb/fxgl/17.3/fxgl-17.3.jar!/fxglassets/textures/fxgl_icon.png
12:16:34.408 [FXGL Background Thread 3 ] DEBUG FXGLAssetLoaderServi - Loading from file system: jar:file:///C:/Users/HP/.m2/repository/com/github/almasb/fxgl/17.3/fxgl-17.3.jar!/fxglassets/ui/fonts/Courier-Prime.ttf
12:16:34.444 [JavaFX Application Thread] DEBUG FXGLAssetLoaderServi - Loading from file system: jar:file:///C:/Users/HP/.m2/repository/com/github/almasb/fxgl/17.3/fxgl-17.3.jar!/fxglassets/textures/fxgl_default_cursor.png
12:16:34.448 [JavaFX Application Thread] DEBUG Input                - Registered new binding: Screenshot - CTRL+8
12:16:34.453 [JavaFX Application Thread] DEBUG LoopRunner           - Starting loop
12:16:34.454 [JavaFX Application Thread] DEBUG LoopRunner           - Initializing JavaFX AnimationTimerLoop
12:16:34.457 [JavaFX Application Thread] DEBUG Input                - Clearing active input actions
12:16:34.476 [JavaFX Application Thread] DEBUG GameApplicationServi - Removing overlay from FXGLStartupScene and adding to FXGLMainMenuDummyScene
12:16:34.477 [JavaFX Application Thread] DEBUG PrimaryStageWindow   - FXGLStartupScene -> FXGLMainMenuDummyScene
12:16:34.477 [JavaFX Application Thread] DEBUG PrimaryStageWindow   - Push state: FXGLDefaultMenu
12:16:34.486 [JavaFX Application Thread] DEBUG Input                - Clearing active input actions
12:16:34.502 [JavaFX Application Thread] DEBUG GameApplicationServi - Removing overlay from FXGLMainMenuDummyScene and adding to FXGLDefaultMenu
12:16:34.504 [JavaFX Application Thread] DEBUG PrimaryStageWindow   - FXGLMainMenuDummyScene -> FXGLDefaultMenu
12:16:34.518 [JavaFX Application Thread] DEBUG FXGLApplication      - Registering font factories with UI factory
12:16:35.568 [JavaFX Application Thread] DEBUG Menu                 - fireNewGame()
12:16:35.568 [JavaFX Application Thread] DEBUG GameApplicationServi - Starting new game
12:16:35.572 [JavaFX Application Thread] DEBUG PrimaryStageWindow   - Pop state: FXGLDefaultMenu
12:16:35.572 [JavaFX Application Thread] DEBUG Input                - Clearing active input actions
12:16:35.574 [JavaFX Application Thread] DEBUG GameApplicationServi - Removing overlay from FXGLDefaultMenu and adding to FXGLMainMenuDummyScene
12:16:35.575 [JavaFX Application Thread] DEBUG PrimaryStageWindow   - FXGLMainMenuDummyScene <- FXGLDefaultMenu
12:16:35.575 [JavaFX Application Thread] DEBUG Input                - Clearing active input actions
12:16:35.600 [JavaFX Application Thread] DEBUG GameApplicationServi - Removing overlay from FXGLMainMenuDummyScene and adding to FXGLLoadingScene
12:16:35.601 [JavaFX Application Thread] DEBUG PrimaryStageWindow   - FXGLMainMenuDummyScene -> FXGLLoadingScene
12:16:35.602 [JavaFX Application Thread] DEBUG GameApplicationServi - Clearing previous game
12:16:35.602 [JavaFX Application Thread] DEBUG GameScene            - Clearing game scene
12:16:35.602 [JavaFX Application Thread] DEBUG GameWorld            - Clearing game world
12:16:35.602 [JavaFX Application Thread] DEBUG PhysicsWorld         - Clearing physics world
12:16:35.604 [FXGL Background Thread 3 ] DEBUG FXGLApplication      - Initializing game
12:16:35.788 [FXGL Background Thread 3 ] WARN  TMXLevelLoader       - TiledMap generated from 1.8.6. Supported version: 1.9.0. Some features may not be parsed fully.
12:16:35.812 [FXGL Background Thread 3 ] DEBUG TMXLevelLoader       - Parsed TiledMap: file:/C:/Users/HP/IdeaProjects/SpaceInvader/target/classes/assets/levels/level1.tmx
12:16:35.814 [FXGL Background Thread 3 ] DEBUG TMXLevelLoader       - Creating tile layer entities
12:16:35.820 [FXGL Background Thread 3 ] DEBUG TilesetLoader        - Loading view for layer Background
12:16:35.822 [FXGL Background Thread 3 ] DEBUG TilesetLoader        - Created buffer with size 512.0x720.0
12:16:35.842 [FXGL Background Thread 3 ] DEBUG TilesetLoader        - Loading view for layer UI
12:16:35.843 [FXGL Background Thread 3 ] DEBUG TilesetLoader        - Created buffer with size 512.0x720.0
12:16:35.844 [FXGL Background Thread 3 ] DEBUG TMXLevelLoader       - Creating object layer entities
12:16:35.852 [FXGL Background Thread 3 ] DEBUG FXGLAssetLoaderServi - Loading from file system: file:/C:/Users/HP/IdeaProjects/SpaceInvader/target/classes/assets/textures/Enemy.png
12:16:35.922 [FXGL Background Thread 3 ] DEBUG FXGLAssetLoaderServi - Loading from file system: file:/C:/Users/HP/IdeaProjects/SpaceInvader/target/classes/assets/textures/wall_left_1.png
12:16:35.933 [FXGL Background Thread 3 ] DEBUG FXGLAssetLoaderServi - Loading from file system: file:/C:/Users/HP/IdeaProjects/SpaceInvader/target/classes/assets/textures/wall_right_1.png
12:16:35.951 [FXGL Background Thread 3 ] DEBUG GameWorld            - Clearing removable entities
12:16:35.952 [FXGL Background Thread 3 ] DEBUG GameWorld            - Setting level: com.almasb.fxgl.entity.level.Level@26647575
12:16:36.112 [FXGL Background Thread 3 ] DEBUG FXGLAssetLoaderServi - Loading from file system: file:/C:/Users/HP/IdeaProjects/SpaceInvader/target/classes/assets/textures/player.png
12:16:36.127 [FXGL Background Thread 3 ] INFO  FXGLApplication      - Game initialization took: 0.522 sec
12:16:36.128 [JavaFX Application Thread] DEBUG Input                - Clearing active input actions
12:16:36.151 [JavaFX Application Thread] DEBUG GameApplicationServi - Removing overlay from FXGLLoadingScene and adding to GameScene
12:16:36.152 [JavaFX Application Thread] DEBUG PrimaryStageWindow   - FXGLLoadingScene -> GameScene
12:16:37.341 [FXGL Background Thread 2 ] DEBUG Engine               - Logging environment variables
12:16:37.341 [FXGL Background Thread 2 ] DEBUG Engine               - achievements: []
12:16:37.342 [FXGL Background Thread 2 ] DEBUG Engine               - actualHeight: 720.0
12:16:37.342 [FXGL Background Thread 2 ] DEBUG Engine               - actualHeightProperty: ReadOnlyDoubleProperty [value: 720.0]
12:16:37.342 [FXGL Background Thread 2 ] DEBUG Engine               - actualWidth: 512.0
12:16:37.342 [FXGL Background Thread 2 ] DEBUG Engine               - actualWidthProperty: ReadOnlyDoubleProperty [value: 512.0]
12:16:37.342 [FXGL Background Thread 2 ] DEBUG Engine               - appIcon: fxgl_icon.png
12:16:37.342 [FXGL Background Thread 2 ] DEBUG Engine               - applicationMode: RELEASE
12:16:37.342 [FXGL Background Thread 2 ] DEBUG Engine               - cSSList: [fxgl_dark.css]
12:16:37.342 [FXGL Background Thread 2 ] DEBUG Engine               - collisionDetectionStrategy: BRUTE_FORCE
12:16:37.342 [FXGL Background Thread 2 ] DEBUG Engine               - configClass: Optional.empty
12:16:37.342 [FXGL Background Thread 2 ] DEBUG Engine               - credits: []
12:16:37.343 [FXGL Background Thread 2 ] DEBUG Engine               - defaultCursor: CursorInfo(imageName=fxgl_default_cursor.png, hotspotX=7.0, hotspotY=6.0)
12:16:37.343 [FXGL Background Thread 2 ] DEBUG Engine               - devBBoxColorProperty: ObjectProperty [value: 0xff0000ff]
12:16:37.343 [FXGL Background Thread 2 ] DEBUG Engine               - devEnableDebugCameraProperty: BooleanProperty [value: false]
12:16:37.343 [FXGL Background Thread 2 ] DEBUG Engine               - devSensorColorProperty: ObjectProperty [value: 0xffff00ff]
12:16:37.343 [FXGL Background Thread 2 ] DEBUG Engine               - devShowBBoxProperty: BooleanProperty [value: false]
12:16:37.343 [FXGL Background Thread 2 ] DEBUG Engine               - devShowPositionProperty: BooleanProperty [value: false]
12:16:37.343 [FXGL Background Thread 2 ] DEBUG Engine               - enabledMenuItems: []
12:16:37.344 [FXGL Background Thread 2 ] DEBUG Engine               - engineServices: [class com.almasb.fxgl.app.services.FXGLAssetLoaderService, class com.almasb.fxgl.app.FXGLApplication$GameApplicationService, class com.almasb.fxgl.app.services.FXGLDialogService, class com.almasb.fxgl.app.services.IOTaskExecutorService, class com.almasb.fxgl.io.FileSystemService, class com.almasb.fxgl.localization.LocalizationService, class com.almasb.fxgl.app.services.SystemBundleService, class com.almasb.fxgl.profile.SaveLoadService, class com.almasb.fxgl.ui.FXGLUIFactoryServiceProvider, class com.almasb.fxgl.ui.FXGLDialogFactoryServiceProvider, class com.almasb.fxgl.audio.AudioPlayer, class com.almasb.fxgl.notification.impl.NotificationServiceProvider, class com.almasb.fxgl.achievement.AchievementService, class com.almasb.fxgl.cutscene.CutsceneService, class com.almasb.fxgl.minigames.MiniGameService, class com.almasb.fxgl.net.NetService, class com.almasb.fxgl.app.services.UpdaterService, class com.almasb.fxgl.dev.DevService]
12:16:37.344 [FXGL Background Thread 2 ] DEBUG Engine               - fontGame: Abel-Regular.ttf
12:16:37.344 [FXGL Background Thread 2 ] DEBUG Engine               - fontMono: TerminalLandMono-Regular.otf
12:16:37.344 [FXGL Background Thread 2 ] DEBUG Engine               - fontSizeScaleUI: 1.0
12:16:37.344 [FXGL Background Thread 2 ] DEBUG Engine               - fontText: Courier-Prime.ttf
12:16:37.344 [FXGL Background Thread 2 ] DEBUG Engine               - fontUI: VarelaRound-Regular.ttf
12:16:37.344 [FXGL Background Thread 2 ] DEBUG Engine               - fullScreen: BooleanProperty [value: false]
12:16:37.344 [FXGL Background Thread 2 ] DEBUG Engine               - gameDifficulty: MEDIUM
12:16:37.344 [FXGL Background Thread 2 ] DEBUG Engine               - gameDifficultyProperty: ObjectProperty [value: MEDIUM]
12:16:37.344 [FXGL Background Thread 2 ] DEBUG Engine               - globalMusicVolume: 0.5
12:16:37.345 [FXGL Background Thread 2 ] DEBUG Engine               - globalMusicVolumeProperty: DoubleProperty [value: 0.5]
12:16:37.345 [FXGL Background Thread 2 ] DEBUG Engine               - globalSoundVolume: 0.5
12:16:37.345 [FXGL Background Thread 2 ] DEBUG Engine               - globalSoundVolumeProperty: DoubleProperty [value: 0.5]
12:16:37.345 [FXGL Background Thread 2 ] DEBUG Engine               - height: 720
12:16:37.345 [FXGL Background Thread 2 ] DEBUG Engine               - is3D: false
12:16:37.345 [FXGL Background Thread 2 ] DEBUG Engine               - isAndroid: false
12:16:37.345 [FXGL Background Thread 2 ] DEBUG Engine               - isBrowser: false
12:16:37.345 [FXGL Background Thread 2 ] DEBUG Engine               - isClickFeedbackEnabled: false
12:16:37.345 [FXGL Background Thread 2 ] DEBUG Engine               - isCloseConfirmation: false
12:16:37.345 [FXGL Background Thread 2 ] DEBUG Engine               - isDesktop: true
12:16:37.345 [FXGL Background Thread 2 ] DEBUG Engine               - isDeveloperMenuEnabled: false
12:16:37.345 [FXGL Background Thread 2 ] DEBUG Engine               - isEmbedded: false
12:16:37.345 [FXGL Background Thread 2 ] DEBUG Engine               - isEntityPreloadEnabled: true
12:16:37.345 [FXGL Background Thread 2 ] DEBUG Engine               - isExperimentalTiledLargeMap: false
12:16:37.345 [FXGL Background Thread 2 ] DEBUG Engine               - isFileSystemWriteAllowed: true
12:16:37.345 [FXGL Background Thread 2 ] DEBUG Engine               - isFullScreenAllowed: false
12:16:37.346 [FXGL Background Thread 2 ] DEBUG Engine               - isFullScreenFromStart: false
12:16:37.346 [FXGL Background Thread 2 ] DEBUG Engine               - isGameMenuEnabled: true
12:16:37.346 [FXGL Background Thread 2 ] DEBUG Engine               - isIOS: false
12:16:37.346 [FXGL Background Thread 2 ] DEBUG Engine               - isIntroEnabled: false
12:16:37.346 [FXGL Background Thread 2 ] DEBUG Engine               - isLinux: false
12:16:37.346 [FXGL Background Thread 2 ] DEBUG Engine               - isMac: false
12:16:37.346 [FXGL Background Thread 2 ] DEBUG Engine               - isMainMenuEnabled: true
12:16:37.346 [FXGL Background Thread 2 ] DEBUG Engine               - isManualResizeEnabled: true
12:16:37.346 [FXGL Background Thread 2 ] DEBUG Engine               - isMobile: false
12:16:37.346 [FXGL Background Thread 2 ] DEBUG Engine               - isNative: false
12:16:37.346 [FXGL Background Thread 2 ] DEBUG Engine               - isPauseMusicWhenMinimized: true
12:16:37.346 [FXGL Background Thread 2 ] DEBUG Engine               - isPreserveResizeRatio: true
12:16:37.346 [FXGL Background Thread 2 ] DEBUG Engine               - isProfilingEnabled: false
12:16:37.347 [FXGL Background Thread 2 ] DEBUG Engine               - isScaleAffectedOnResize: true
12:16:37.347 [FXGL Background Thread 2 ] DEBUG Engine               - isSingleStep: false
12:16:37.347 [FXGL Background Thread 2 ] DEBUG Engine               - isUserProfileEnabled: false
12:16:37.347 [FXGL Background Thread 2 ] DEBUG Engine               - isWindows: true
12:16:37.347 [FXGL Background Thread 2 ] DEBUG Engine               - language: ObjectProperty [value: ENGLISH]
12:16:37.347 [FXGL Background Thread 2 ] DEBUG Engine               - menuKey: ESCAPE
12:16:37.347 [FXGL Background Thread 2 ] DEBUG Engine               - mouseSensitivity: 0.2
12:16:37.347 [FXGL Background Thread 2 ] DEBUG Engine               - notificationViewClass: class com.almasb.fxgl.notification.view.XboxNotificationView
12:16:37.348 [FXGL Background Thread 2 ] DEBUG Engine               - pixelsPerMeter: 50.0
12:16:37.348 [FXGL Background Thread 2 ] DEBUG Engine               - platform: WINDOWS
12:16:37.349 [FXGL Background Thread 2 ] DEBUG Engine               - prefHeightProperty: ReadOnlyDoubleProperty [value: 720.0]
12:16:37.350 [FXGL Background Thread 2 ] DEBUG Engine               - prefWidthProperty: ReadOnlyDoubleProperty [value: 512.0]
12:16:37.351 [FXGL Background Thread 2 ] DEBUG Engine               - profileDir: profiles/
12:16:37.351 [FXGL Background Thread 2 ] DEBUG Engine               - profileName: StringProperty [value: DEFAULT]
12:16:37.351 [FXGL Background Thread 2 ] DEBUG Engine               - randomSeed: -1
12:16:37.352 [FXGL Background Thread 2 ] DEBUG Engine               - runtimeInfo: RuntimeInfo(platform=WINDOWS, version=17.3, build=30.03.2023 11.49)
12:16:37.352 [FXGL Background Thread 2 ] DEBUG Engine               - saveFileExt: sav
12:16:37.352 [FXGL Background Thread 2 ] DEBUG Engine               - scaledHeightProp$fxgl: DoubleProperty [bound, value: 720.0]
12:16:37.352 [FXGL Background Thread 2 ] DEBUG Engine               - scaledWidthProp$fxgl: DoubleProperty [bound, value: 512.0]
12:16:37.352 [FXGL Background Thread 2 ] DEBUG Engine               - sceneFactory: com.almasb.fxgl.app.scene.SceneFactory@793d9eb6
12:16:37.352 [FXGL Background Thread 2 ] DEBUG Engine               - secondsIn24h: 60
12:16:37.352 [FXGL Background Thread 2 ] DEBUG Engine               - soundMenuBack: menu/back.wav
12:16:37.352 [FXGL Background Thread 2 ] DEBUG Engine               - soundMenuPress: menu/press.wav
12:16:37.353 [FXGL Background Thread 2 ] DEBUG Engine               - soundMenuSelect: menu/select.wav
12:16:37.353 [FXGL Background Thread 2 ] DEBUG Engine               - soundNotification: core/notification.wav
12:16:37.353 [FXGL Background Thread 2 ] DEBUG Engine               - stageStyle: DECORATED
12:16:37.353 [FXGL Background Thread 2 ] DEBUG Engine               - supportedLanguages: [ENGLISH, FRENCH, GERMAN, HUNGARIAN, RUSSIAN]
12:16:37.353 [FXGL Background Thread 2 ] DEBUG Engine               - ticksPerSecond: -1
12:16:37.353 [FXGL Background Thread 2 ] DEBUG Engine               - title: Space Invaders
12:16:37.353 [FXGL Background Thread 2 ] DEBUG Engine               - urlGithub: https://github.com/AlmasB/FXGL
12:16:37.353 [FXGL Background Thread 2 ] DEBUG Engine               - urlLeaderboard: http://fxgl-top.herokuapp.com/
12:16:37.353 [FXGL Background Thread 2 ] DEBUG Engine               - urlPOM: https://raw.githubusercontent.com/AlmasB/FXGL/release/README.md
12:16:37.353 [FXGL Background Thread 2 ] DEBUG Engine               - userAppClass: class fxgl.spaceinvader.SpaceInvaderApp
12:16:37.353 [FXGL Background Thread 2 ] DEBUG Engine               - version: 1.0.1
12:16:37.353 [FXGL Background Thread 2 ] DEBUG Engine               - versionCheckDays: 7
12:16:37.353 [FXGL Background Thread 2 ] DEBUG Engine               - width: 512
12:16:37.353 [FXGL Background Thread 2 ] DEBUG Engine               - Logging services
12:16:37.353 [FXGL Background Thread 2 ] DEBUG Engine               - class com.almasb.fxgl.app.services.FXGLAssetLoaderService
12:16:37.354 [FXGL Background Thread 2 ] DEBUG Engine               - class com.almasb.fxgl.app.FXGLApplication$GameApplicationService
12:16:37.354 [FXGL Background Thread 2 ] DEBUG Engine               - class com.almasb.fxgl.app.services.FXGLDialogService
12:16:37.354 [FXGL Background Thread 2 ] DEBUG Engine               - class com.almasb.fxgl.app.services.IOTaskExecutorService
12:16:37.354 [FXGL Background Thread 2 ] DEBUG Engine               - class com.almasb.fxgl.io.FileSystemService
12:16:37.354 [FXGL Background Thread 2 ] DEBUG Engine               - class com.almasb.fxgl.localization.LocalizationService
12:16:37.354 [FXGL Background Thread 2 ] DEBUG Engine               - class com.almasb.fxgl.app.services.SystemBundleService
12:16:37.354 [FXGL Background Thread 2 ] DEBUG Engine               - class com.almasb.fxgl.profile.SaveLoadService
12:16:37.354 [FXGL Background Thread 2 ] DEBUG Engine               - class com.almasb.fxgl.ui.FXGLUIFactoryServiceProvider
12:16:37.354 [FXGL Background Thread 2 ] DEBUG Engine               - class com.almasb.fxgl.ui.FXGLDialogFactoryServiceProvider
12:16:37.354 [FXGL Background Thread 2 ] DEBUG Engine               - class com.almasb.fxgl.audio.AudioPlayer
12:16:37.354 [FXGL Background Thread 2 ] DEBUG Engine               - class com.almasb.fxgl.notification.impl.NotificationServiceProvider
12:16:37.354 [FXGL Background Thread 2 ] DEBUG Engine               - class com.almasb.fxgl.achievement.AchievementService
12:16:37.354 [FXGL Background Thread 2 ] DEBUG Engine               - class com.almasb.fxgl.cutscene.CutsceneService
12:16:37.354 [FXGL Background Thread 2 ] DEBUG Engine               - class com.almasb.fxgl.minigames.MiniGameService
12:16:37.355 [FXGL Background Thread 2 ] DEBUG Engine               - class com.almasb.fxgl.net.NetService
12:16:37.355 [FXGL Background Thread 2 ] DEBUG Engine               - class com.almasb.fxgl.app.services.UpdaterService
12:16:37.355 [FXGL Background Thread 2 ] DEBUG Engine               - class com.almasb.fxgl.dev.DevService
12:16:39.959 [JavaFX Application Thread] DEBUG EventBus             - Firing event: fxgl.spaceinvader.event.GameEvent[source=javafx.event.Event$$Lambda/0x000001fc1015ad08@41c6b325]
12:16:43.510 [JavaFX Application Thread] DEBUG EventBus             - Firing event: fxgl.spaceinvader.event.GameEvent[source=javafx.event.Event$$Lambda/0x000001fc1015ad08@41c6b325]
12:16:54.453 [JavaFX Application Thread] DEBUG EventBus             - Firing event: fxgl.spaceinvader.event.GameEvent[source=javafx.event.Event$$Lambda/0x000001fc1015ad08@41c6b325]
12:16:54.455 [JavaFX Application Thread] WARN  TMXLevelLoader       - TiledMap generated from 1.8.6. Supported version: 1.9.0. Some features may not be parsed fully.
12:16:54.463 [JavaFX Application Thread] DEBUG TMXLevelLoader       - Parsed TiledMap: file:/C:/Users/HP/IdeaProjects/SpaceInvader/target/classes/assets/levels/level1.tmx
12:16:54.463 [JavaFX Application Thread] DEBUG TMXLevelLoader       - Creating tile layer entities
12:16:54.463 [JavaFX Application Thread] DEBUG TilesetLoader        - Loading view for layer Background
12:16:54.464 [JavaFX Application Thread] DEBUG TilesetLoader        - Created buffer with size 512.0x720.0
12:16:54.468 [JavaFX Application Thread] DEBUG TilesetLoader        - Loading view for layer UI
12:16:54.469 [JavaFX Application Thread] DEBUG TilesetLoader        - Created buffer with size 512.0x720.0
12:16:54.469 [JavaFX Application Thread] DEBUG TMXLevelLoader       - Creating object layer entities
12:16:54.480 [JavaFX Application Thread] DEBUG GameWorld            - Clearing removable entities
12:16:54.493 [JavaFX Application Thread] DEBUG GameWorld            - Setting level: com.almasb.fxgl.entity.level.Level@3aaf4c56
12:16:55.860 [JavaFX Application Thread] DEBUG LoopRunner           - Stopping loop
12:16:55.861 [JavaFX Application Thread] FATAL FXGLApplication      - Uncaught Exception:
java.lang.NullPointerException: Cannot invoke "com.almasb.fxgl.entity.Entity.getX()" because the return value of "fxgl.spaceinvader.component.PlayerComponent.getEntity()" is null
	at fxgl.spaceinvader/fxgl.spaceinvader.component.PlayerComponent.left(PlayerComponent.java:54)
	at fxgl.spaceinvader/fxgl.spaceinvader.SpaceInvaderApp.lambda$initInput$0(SpaceInvaderApp.java:75)
	at com.almasb.fxgl.all@17.3/com.almasb.fxgl.dsl.FXGL$Companion$onKey$1.onAction(FXGL.kt:500)
	at com.almasb.fxgl.core@17.3/com.almasb.fxgl.input.UserAction.action$fxgl_core(UserAction.kt:38)
	at com.almasb.fxgl.core@17.3/com.almasb.fxgl.input.Input.update(Input.kt:288)
	at com.almasb.fxgl.scene@17.3/com.almasb.fxgl.scene.Scene.update(Scene.kt:103)
	at com.almasb.fxgl.all@17.3/com.almasb.fxgl.app.MainWindow$update$1.invoke(MainWindow.kt:115)
	at com.almasb.fxgl.all@17.3/com.almasb.fxgl.app.MainWindow$update$1.invoke(MainWindow.kt:115)
	at com.almasb.fxgl.core@17.3/com.almasb.fxgl.core.fsm.StateMachine.runOnActiveStates(StateMachine.kt:69)
	at com.almasb.fxgl.all@17.3/com.almasb.fxgl.app.MainWindow.update(MainWindow.kt:115)
	at com.almasb.fxgl.all@17.3/com.almasb.fxgl.app.FXGLApplication$GameApplicationService.onUpdate(FXGLApplication.kt:426)
	at com.almasb.fxgl.all@17.3/com.almasb.fxgl.app.Engine.loop(Engine.kt:134)
	at com.almasb.fxgl.all@17.3/com.almasb.fxgl.app.Engine.access$loop(Engine.kt:24)
	at com.almasb.fxgl.all@17.3/com.almasb.fxgl.app.Engine$loop$1.invoke(Engine.kt:28)
	at com.almasb.fxgl.all@17.3/com.almasb.fxgl.app.Engine$loop$1.invoke(Engine.kt:28)
	at com.almasb.fxgl.all@17.3/com.almasb.fxgl.app.LoopRunner.frame(LoopRunner.kt:103)
	at com.almasb.fxgl.all@17.3/com.almasb.fxgl.app.LoopRunner.access$frame(LoopRunner.kt:23)
	at com.almasb.fxgl.all@17.3/com.almasb.fxgl.app.LoopRunner$impl$2$1.onTick(LoopRunner.kt:57)
	at com.almasb.fxgl.all@17.3/com.almasb.fxgl.app.AnimationTimerLoop$timer$1.handle(LoopRunner.kt:137)
	at javafx.graphics/javafx.animation.AnimationTimer$AnimationTimerReceiver.lambda$handle$0(AnimationTimer.java:58)
	at java.base/java.security.AccessController.doPrivileged(AccessController.java:400)
	at javafx.graphics/javafx.animation.AnimationTimer$AnimationTimerReceiver.handle(AnimationTimer.java:57)
	at javafx.graphics/com.sun.scenario.animation.AbstractPrimaryTimer.timePulseImpl(AbstractPrimaryTimer.java:356)
	at javafx.graphics/com.sun.scenario.animation.AbstractPrimaryTimer$MainLoop.run(AbstractPrimaryTimer.java:266)
	at javafx.graphics/com.sun.javafx.tk.quantum.QuantumToolkit.pulse(QuantumToolkit.java:571)
	at javafx.graphics/com.sun.javafx.tk.quantum.QuantumToolkit.pulse(QuantumToolkit.java:555)
	at javafx.graphics/com.sun.javafx.tk.quantum.QuantumToolkit.pulseFromQueue(QuantumToolkit.java:548)
	at javafx.graphics/com.sun.javafx.tk.quantum.QuantumToolkit.lambda$runToolkit$11(QuantumToolkit.java:353)
	at javafx.graphics/com.sun.glass.ui.InvokeLaterDispatcher$Future.run(InvokeLaterDispatcher.java:96)
	at javafx.graphics/com.sun.glass.ui.win.WinApplication._runLoop(Native Method)
	at javafx.graphics/com.sun.glass.ui.win.WinApplication.lambda$runLoop$3(WinApplication.java:184)
	at java.base/java.lang.Thread.run(Thread.java:1575)

12:16:55.862 [JavaFX Application Thread] FATAL FXGLApplication      - Application will now exit
12:16:55.879 [JavaFX Application Thread] DEBUG PrimaryStageWindow   - Push state: ErrorSubScene
12:16:55.879 [JavaFX Application Thread] DEBUG Input                - Clearing active input actions
12:16:55.880 [JavaFX Application Thread] DEBUG GameApplicationServi - Removing overlay from GameScene and adding to ErrorSubScene
12:16:55.881 [JavaFX Application Thread] DEBUG PrimaryStageWindow   - GameScene -> ErrorSubScene
12:17:09.222 [JavaFX Application Thread] DEBUG LoopRunner           - Pausing loop
12:17:17.047 [JavaFX Application Thread] DEBUG LoopRunner           - Resuming loop
12:17:20.630 [JavaFX Application Thread] DEBUG FXGLApplication      - Exiting FXGL
12:17:20.630 [JavaFX Application Thread] DEBUG Async                - Shutting down background threads
12:17:20.630 [JavaFX Application Thread] DEBUG PrimaryStageWindow   - Closing main window
12:17:20.650 [JavaFX Application Thread] DEBUG Logger               - Closing Logger
