14:55:14.033 [main                     ] DEBUG Logger               - Configured Logger
14:55:14.083 [main                     ] DEBUG GameApplication      - Logging settings
Title: Space Invaders
Version: 1.0.1
Width: 512
Height: 712
Fullscreen: false
Intro: false
Profiling: false
Single step:false
App Mode: RELEASE
Menu Key: ESCAPE
Stage Style: DECORATED
Scene Factory: class com.almasb.fxgl.app.scene.SceneFactory

14:55:14.916 [JavaFX Application Thread] DEBUG FXGLApplication      - Initializing FXGL
14:55:14.939 [JavaFX Application Thread] INFO  Engine               - FXGL-17.3 (30.03.2023 11.49) on WINDOWS (J:23 FX:17.0.6)
14:55:14.939 [JavaFX Application Thread] DEBUG Engine               - JRE Vendor Name: Oracle Corporation
14:55:14.940 [JavaFX Application Thread] DEBUG Engine               - Running on OS: Windows 10 version 10.0
14:55:14.940 [JavaFX Application Thread] DEBUG Engine               - Architecture: amd64
14:55:14.940 [JavaFX Application Thread] INFO  Engine               - Source code and latest versions at: https://github.com/AlmasB/FXGL
14:55:14.941 [JavaFX Application Thread] INFO  Engine               -       Ask questions and discuss at: https://github.com/AlmasB/FXGL/discussions
14:55:14.941 [JavaFX Application Thread] INFO  Engine               -              Join the FXGL chat at: https://gitter.im/AlmasB/FXGL
14:55:15.263 [JavaFX Application Thread] DEBUG PrimaryStageWindow   - Creating a JavaFX scene
14:55:15.403 [JavaFX Application Thread] DEBUG PrimaryStageWindow   - Target settings size: 512.0 x 712.0
14:55:15.404 [JavaFX Application Thread] DEBUG PrimaryStageWindow   - Scaled scene size:    512.0 x 712.0
14:55:15.404 [JavaFX Application Thread] DEBUG PrimaryStageWindow   - Scaled ratio: (1.0, 1.0)
14:55:15.406 [JavaFX Application Thread] DEBUG PrimaryStageWindow   - Set initial scene to FXGLStartupScene
14:55:15.425 [JavaFX Application Thread] DEBUG PrimaryStageWindow   - Opening main window
14:55:15.613 [JavaFX Application Thread] DEBUG PrimaryStageWindow   - Window border size: (14.4000244140625, 37.5999755859375)
14:55:15.613 [JavaFX Application Thread] DEBUG PrimaryStageWindow   - Scaled size: 512.0 x 712.0
14:55:15.614 [JavaFX Application Thread] DEBUG PrimaryStageWindow   - Scaled ratio: (1.0, 1.0)
14:55:15.614 [JavaFX Application Thread] DEBUG PrimaryStageWindow   - Scene size: 512.0 x 712.0
14:55:15.615 [JavaFX Application Thread] DEBUG PrimaryStageWindow   - Stage size: 526.4000244140625 x 749.5999755859375
14:55:15.634 [FXGL Background Thread 1 ] DEBUG Engine               - Initializing environment variables
14:55:15.843 [FXGL Background Thread 1 ] DEBUG FXGLAssetLoaderServi - User app class for loading assets: class fxgl.spaceinvader.SpaceInvaderApp
14:55:15.847 [FXGL Background Thread 1 ] DEBUG GameApplicationServi - Applying CSS: fxgl_dark.css
14:55:15.850 [FXGL Background Thread 1 ] DEBUG FXGLAssetLoaderServi - Loading from file system: jar:file:///C:/Users/HP/.m2/repository/com/github/almasb/fxgl/17.3/fxgl-17.3.jar!/fxglassets/ui/css/fxgl_dark.css
14:55:15.979 [FXGL Background Thread 1 ] DEBUG GameApplicationServi - Initializing application scenes
14:55:16.064 [FXGL Background Thread 1 ] DEBUG GameWorld            - Game world initialized
14:55:16.238 [FXGL Background Thread 1 ] DEBUG PhysicsWorld         - Physics world initialized: appHeight=712, physics.ppm=50.0
14:55:16.239 [FXGL Background Thread 1 ] DEBUG PhysicsWorld         - Using strategy: BRUTE_FORCE
14:55:16.248 [FXGL Background Thread 1 ] DEBUG GameScene            - Game scene initialized: 512x712
14:55:16.278 [FXGL Background Thread 1 ] WARN  FXGL.DefaultMenu     - FXGLDefaultMenu is not designed for resolutions < 800x600
14:55:16.278 [FXGL Background Thread 1 ] DEBUG FXGL.DefaultMenu     - createMenuBodyMainMenu()
14:55:16.313 [FXGL Background Thread 1 ] DEBUG FXGL.DefaultMenu     - createOptionsMenu()
14:55:16.342 [FXGL Background Thread 1 ] DEBUG FXGLAssetLoaderServi - Loading from file system: jar:file:///C:/Users/HP/.m2/repository/com/github/almasb/fxgl/17.3/fxgl-17.3.jar!/fxglassets/textures/particles/smoke.png
14:55:16.552 [FXGL Background Thread 1 ] DEBUG FXGLAssetLoaderServi - Loading from file system: jar:file:///C:/Users/HP/.m2/repository/com/github/almasb/fxgl/17.3/fxgl-17.3.jar!/fxglassets/textures/particles/trace_horizontal.png
14:55:16.641 [FXGL Background Thread 1 ] WARN  FXGL.DefaultMenu     - FXGLDefaultMenu is not designed for resolutions < 800x600
14:55:16.642 [FXGL Background Thread 1 ] DEBUG FXGL.DefaultMenu     - createMenuBodyGameMenu()
14:55:16.646 [FXGL Background Thread 1 ] DEBUG FXGL.DefaultMenu     - createOptionsMenu()
14:55:16.687 [FXGL Background Thread 1 ] DEBUG GameApplicationServi - Application scenes initialized
14:55:16.716 [FXGL Background Thread 1 ] DEBUG SystemBundleService  - Loading FXGL system data
14:55:16.726 [FXGL Background Thread 1 ] DEBUG FileSystemAccess     - Reading from: C:\Users\HP\IdeaProjects\SpaceInvader\system\fxgl.bundle
14:55:16.747 [FXGL Background Thread 1 ] DEBUG SystemBundleService  - Bundle FXGL: {}
14:55:16.756 [FXGL Background Thread 1 ] DEBUG FXGLApplication      - Loading default localization
14:55:16.757 [FXGL Background Thread 1 ] DEBUG FXGLAssetLoaderServi - Loading from file system: jar:file:///C:/Users/HP/.m2/repository/com/github/almasb/fxgl/17.3/fxgl-17.3.jar!/fxglassets/languages/english.lang
14:55:16.762 [FXGL Background Thread 3 ] DEBUG FXGLApplication      - Loading fonts
14:55:16.764 [FXGL Background Thread 3 ] DEBUG FXGLAssetLoaderServi - Loading from file system: jar:file:///C:/Users/HP/.m2/repository/com/github/almasb/fxgl/17.3/fxgl-17.3.jar!/fxglassets/ui/fonts/VarelaRound-Regular.ttf
14:55:16.797 [FXGL Background Thread 1 ] INFO  FXGLApplication      - FXGL initialization took: 1.162 sec
14:55:16.816 [FXGL Background Thread 3 ] DEBUG FXGLAssetLoaderServi - Loading from file system: jar:file:///C:/Users/HP/.m2/repository/com/github/almasb/fxgl/17.3/fxgl-17.3.jar!/fxglassets/ui/fonts/Abel-Regular.ttf
14:55:16.819 [JavaFX Application Thread] DEBUG Input                - Registered new binding: Move Left - Left
14:55:16.820 [JavaFX Application Thread] DEBUG Input                - Registered new binding: Move Right - Right
14:55:16.821 [JavaFX Application Thread] DEBUG Input                - Registered new binding: Shoot - Up
14:55:16.822 [JavaFX Application Thread] DEBUG FXGLAssetLoaderServi - Loading from file system: jar:file:///C:/Users/HP/.m2/repository/com/github/almasb/fxgl/17.3/fxgl-17.3.jar!/fxglassets/textures/fxgl_icon.png
14:55:16.823 [FXGL Background Thread 3 ] DEBUG FXGLAssetLoaderServi - Loading from file system: jar:file:///C:/Users/HP/.m2/repository/com/github/almasb/fxgl/17.3/fxgl-17.3.jar!/fxglassets/ui/fonts/TerminalLandMono-Regular.otf
14:55:16.830 [FXGL Background Thread 3 ] DEBUG FXGLAssetLoaderServi - Loading from file system: jar:file:///C:/Users/HP/.m2/repository/com/github/almasb/fxgl/17.3/fxgl-17.3.jar!/fxglassets/ui/fonts/Courier-Prime.ttf
14:55:16.865 [JavaFX Application Thread] DEBUG FXGLAssetLoaderServi - Loading from file system: jar:file:///C:/Users/HP/.m2/repository/com/github/almasb/fxgl/17.3/fxgl-17.3.jar!/fxglassets/textures/fxgl_default_cursor.png
14:55:16.869 [JavaFX Application Thread] DEBUG Input                - Registered new binding: Screenshot - CTRL+8
14:55:16.874 [JavaFX Application Thread] DEBUG LoopRunner           - Starting loop
14:55:16.875 [JavaFX Application Thread] DEBUG LoopRunner           - Initializing JavaFX AnimationTimerLoop
14:55:16.881 [JavaFX Application Thread] DEBUG Input                - Clearing active input actions
14:55:16.904 [JavaFX Application Thread] DEBUG GameApplicationServi - Removing overlay from FXGLStartupScene and adding to FXGLMainMenuDummyScene
14:55:16.905 [JavaFX Application Thread] DEBUG PrimaryStageWindow   - FXGLStartupScene -> FXGLMainMenuDummyScene
14:55:16.906 [JavaFX Application Thread] DEBUG PrimaryStageWindow   - Push state: FXGLDefaultMenu
14:55:16.927 [JavaFX Application Thread] DEBUG Input                - Clearing active input actions
14:55:16.942 [JavaFX Application Thread] DEBUG GameApplicationServi - Removing overlay from FXGLMainMenuDummyScene and adding to FXGLDefaultMenu
14:55:16.944 [JavaFX Application Thread] DEBUG PrimaryStageWindow   - FXGLMainMenuDummyScene -> FXGLDefaultMenu
14:55:16.945 [JavaFX Application Thread] DEBUG FXGLApplication      - Registering font factories with UI factory
14:55:18.767 [JavaFX Application Thread] DEBUG Menu                 - fireNewGame()
14:55:18.767 [JavaFX Application Thread] DEBUG GameApplicationServi - Starting new game
14:55:18.771 [JavaFX Application Thread] DEBUG PrimaryStageWindow   - Pop state: FXGLDefaultMenu
14:55:18.771 [JavaFX Application Thread] DEBUG Input                - Clearing active input actions
14:55:18.773 [JavaFX Application Thread] DEBUG GameApplicationServi - Removing overlay from FXGLDefaultMenu and adding to FXGLMainMenuDummyScene
14:55:18.775 [JavaFX Application Thread] DEBUG PrimaryStageWindow   - FXGLMainMenuDummyScene <- FXGLDefaultMenu
14:55:18.775 [JavaFX Application Thread] DEBUG Input                - Clearing active input actions
14:55:18.790 [JavaFX Application Thread] DEBUG GameApplicationServi - Removing overlay from FXGLMainMenuDummyScene and adding to FXGLLoadingScene
14:55:18.791 [JavaFX Application Thread] DEBUG PrimaryStageWindow   - FXGLMainMenuDummyScene -> FXGLLoadingScene
14:55:18.792 [JavaFX Application Thread] DEBUG GameApplicationServi - Clearing previous game
14:55:18.792 [JavaFX Application Thread] DEBUG GameScene            - Clearing game scene
14:55:18.792 [JavaFX Application Thread] DEBUG GameWorld            - Clearing game world
14:55:18.792 [JavaFX Application Thread] DEBUG PhysicsWorld         - Clearing physics world
14:55:18.795 [FXGL Background Thread 3 ] DEBUG FXGLApplication      - Initializing game
14:55:18.906 [FXGL Background Thread 3 ] INFO  FXGLApplication      - Game initialization took: 0.111 sec
14:55:18.909 [JavaFX Application Thread] DEBUG Input                - Clearing active input actions
14:55:18.923 [JavaFX Application Thread] DEBUG GameApplicationServi - Removing overlay from FXGLLoadingScene and adding to GameScene
14:55:18.924 [JavaFX Application Thread] DEBUG PrimaryStageWindow   - FXGLLoadingScene -> GameScene
14:55:18.931 [JavaFX Application Thread] WARN  FXGLAssetLoaderServi - Asset "/assets/textures/enemy2.png" was not found!
14:55:18.931 [JavaFX Application Thread] WARN  FXGLAssetLoaderServi - Failed to load IMAGE
14:55:19.050 [JavaFX Application Thread] WARN  FXGLAssetLoaderServi - Asset "/assets/textures/enemy3.png" was not found!
14:55:19.050 [JavaFX Application Thread] WARN  FXGLAssetLoaderServi - Failed to load IMAGE
14:55:19.110 [JavaFX Application Thread] WARN  FXGLAssetLoaderServi - Asset "/assets/textures/enemy1.png" was not found!
14:55:19.111 [JavaFX Application Thread] WARN  FXGLAssetLoaderServi - Failed to load IMAGE
14:55:19.146 [JavaFX Application Thread] WARN  FXGLAssetLoaderServi - Asset "/assets/textures/enemy1.png" was not found!
14:55:19.147 [JavaFX Application Thread] WARN  FXGLAssetLoaderServi - Failed to load IMAGE
14:55:19.211 [JavaFX Application Thread] WARN  FXGLAssetLoaderServi - Asset "/assets/textures/enemy3.png" was not found!
14:55:19.211 [JavaFX Application Thread] WARN  FXGLAssetLoaderServi - Failed to load IMAGE
14:55:19.257 [JavaFX Application Thread] WARN  FXGLAssetLoaderServi - Asset "/assets/textures/enemy1.png" was not found!
14:55:19.258 [JavaFX Application Thread] WARN  FXGLAssetLoaderServi - Failed to load IMAGE
14:55:19.290 [JavaFX Application Thread] WARN  FXGLAssetLoaderServi - Asset "/assets/textures/enemy1.png" was not found!
14:55:19.290 [JavaFX Application Thread] WARN  FXGLAssetLoaderServi - Failed to load IMAGE
14:55:19.337 [JavaFX Application Thread] WARN  FXGLAssetLoaderServi - Asset "/assets/textures/enemy1.png" was not found!
14:55:19.337 [JavaFX Application Thread] WARN  FXGLAssetLoaderServi - Failed to load IMAGE
14:55:19.385 [JavaFX Application Thread] WARN  FXGLAssetLoaderServi - Asset "/assets/textures/enemy3.png" was not found!
14:55:19.385 [JavaFX Application Thread] WARN  FXGLAssetLoaderServi - Failed to load IMAGE
14:55:19.433 [JavaFX Application Thread] WARN  FXGLAssetLoaderServi - Asset "/assets/textures/enemy3.png" was not found!
14:55:19.433 [JavaFX Application Thread] WARN  FXGLAssetLoaderServi - Failed to load IMAGE
14:55:19.483 [JavaFX Application Thread] WARN  FXGLAssetLoaderServi - Asset "/assets/textures/enemy1.png" was not found!
14:55:19.483 [JavaFX Application Thread] WARN  FXGLAssetLoaderServi - Failed to load IMAGE
14:55:19.518 [JavaFX Application Thread] WARN  FXGLAssetLoaderServi - Asset "/assets/textures/enemy2.png" was not found!
14:55:19.518 [JavaFX Application Thread] WARN  FXGLAssetLoaderServi - Failed to load IMAGE
14:55:19.562 [JavaFX Application Thread] WARN  FXGLAssetLoaderServi - Asset "/assets/textures/enemy1.png" was not found!
14:55:19.563 [JavaFX Application Thread] WARN  FXGLAssetLoaderServi - Failed to load IMAGE
14:55:19.627 [JavaFX Application Thread] WARN  FXGLAssetLoaderServi - Asset "/assets/textures/enemy1.png" was not found!
14:55:19.627 [JavaFX Application Thread] WARN  FXGLAssetLoaderServi - Failed to load IMAGE
14:55:19.673 [JavaFX Application Thread] WARN  FXGLAssetLoaderServi - Asset "/assets/textures/enemy2.png" was not found!
14:55:19.674 [JavaFX Application Thread] WARN  FXGLAssetLoaderServi - Failed to load IMAGE
14:55:19.723 [JavaFX Application Thread] WARN  FXGLAssetLoaderServi - Asset "/assets/textures/enemy3.png" was not found!
14:55:19.723 [JavaFX Application Thread] WARN  FXGLAssetLoaderServi - Failed to load IMAGE
14:55:19.751 [FXGL Background Thread 2 ] DEBUG Engine               - Logging environment variables
14:55:19.752 [FXGL Background Thread 2 ] DEBUG Engine               - achievements: []
14:55:19.752 [FXGL Background Thread 2 ] DEBUG Engine               - actualHeight: 712.0
14:55:19.752 [FXGL Background Thread 2 ] DEBUG Engine               - actualHeightProperty: ReadOnlyDoubleProperty [value: 712.0]
14:55:19.753 [FXGL Background Thread 2 ] DEBUG Engine               - actualWidth: 512.0
14:55:19.753 [FXGL Background Thread 2 ] DEBUG Engine               - actualWidthProperty: ReadOnlyDoubleProperty [value: 512.0]
14:55:19.753 [FXGL Background Thread 2 ] DEBUG Engine               - appIcon: fxgl_icon.png
14:55:19.753 [FXGL Background Thread 2 ] DEBUG Engine               - applicationMode: RELEASE
14:55:19.753 [FXGL Background Thread 2 ] DEBUG Engine               - cSSList: [fxgl_dark.css]
14:55:19.753 [FXGL Background Thread 2 ] DEBUG Engine               - collisionDetectionStrategy: BRUTE_FORCE
14:55:19.753 [FXGL Background Thread 2 ] DEBUG Engine               - configClass: Optional.empty
14:55:19.753 [FXGL Background Thread 2 ] DEBUG Engine               - credits: []
14:55:19.754 [JavaFX Application Thread] WARN  FXGLAssetLoaderServi - Asset "/assets/textures/enemy1.png" was not found!
14:55:19.754 [JavaFX Application Thread] WARN  FXGLAssetLoaderServi - Failed to load IMAGE
14:55:19.754 [FXGL Background Thread 2 ] DEBUG Engine               - defaultCursor: CursorInfo(imageName=fxgl_default_cursor.png, hotspotX=7.0, hotspotY=6.0)
14:55:19.754 [FXGL Background Thread 2 ] DEBUG Engine               - devBBoxColorProperty: ObjectProperty [value: 0xff0000ff]
14:55:19.754 [FXGL Background Thread 2 ] DEBUG Engine               - devEnableDebugCameraProperty: BooleanProperty [value: false]
14:55:19.755 [FXGL Background Thread 2 ] DEBUG Engine               - devSensorColorProperty: ObjectProperty [value: 0xffff00ff]
14:55:19.755 [FXGL Background Thread 2 ] DEBUG Engine               - devShowBBoxProperty: BooleanProperty [value: false]
14:55:19.755 [FXGL Background Thread 2 ] DEBUG Engine               - devShowPositionProperty: BooleanProperty [value: false]
14:55:19.755 [FXGL Background Thread 2 ] DEBUG Engine               - enabledMenuItems: []
14:55:19.755 [FXGL Background Thread 2 ] DEBUG Engine               - engineServices: [class com.almasb.fxgl.app.services.FXGLAssetLoaderService, class com.almasb.fxgl.app.FXGLApplication$GameApplicationService, class com.almasb.fxgl.app.services.FXGLDialogService, class com.almasb.fxgl.app.services.IOTaskExecutorService, class com.almasb.fxgl.io.FileSystemService, class com.almasb.fxgl.localization.LocalizationService, class com.almasb.fxgl.app.services.SystemBundleService, class com.almasb.fxgl.profile.SaveLoadService, class com.almasb.fxgl.ui.FXGLUIFactoryServiceProvider, class com.almasb.fxgl.ui.FXGLDialogFactoryServiceProvider, class com.almasb.fxgl.audio.AudioPlayer, class com.almasb.fxgl.notification.impl.NotificationServiceProvider, class com.almasb.fxgl.achievement.AchievementService, class com.almasb.fxgl.cutscene.CutsceneService, class com.almasb.fxgl.minigames.MiniGameService, class com.almasb.fxgl.net.NetService, class com.almasb.fxgl.app.services.UpdaterService, class com.almasb.fxgl.dev.DevService]
14:55:19.755 [FXGL Background Thread 2 ] DEBUG Engine               - fontGame: Abel-Regular.ttf
14:55:19.755 [FXGL Background Thread 2 ] DEBUG Engine               - fontMono: TerminalLandMono-Regular.otf
14:55:19.756 [FXGL Background Thread 2 ] DEBUG Engine               - fontSizeScaleUI: 1.0
14:55:19.756 [FXGL Background Thread 2 ] DEBUG Engine               - fontText: Courier-Prime.ttf
14:55:19.756 [FXGL Background Thread 2 ] DEBUG Engine               - fontUI: VarelaRound-Regular.ttf
14:55:19.756 [FXGL Background Thread 2 ] DEBUG Engine               - fullScreen: BooleanProperty [value: false]
14:55:19.756 [FXGL Background Thread 2 ] DEBUG Engine               - gameDifficulty: MEDIUM
14:55:19.756 [FXGL Background Thread 2 ] DEBUG Engine               - gameDifficultyProperty: ObjectProperty [value: MEDIUM]
14:55:19.756 [FXGL Background Thread 2 ] DEBUG Engine               - globalMusicVolume: 0.5
14:55:19.756 [FXGL Background Thread 2 ] DEBUG Engine               - globalMusicVolumeProperty: DoubleProperty [value: 0.5]
14:55:19.756 [FXGL Background Thread 2 ] DEBUG Engine               - globalSoundVolume: 0.5
14:55:19.757 [FXGL Background Thread 2 ] DEBUG Engine               - globalSoundVolumeProperty: DoubleProperty [value: 0.5]
14:55:19.757 [FXGL Background Thread 2 ] DEBUG Engine               - height: 712
14:55:19.757 [FXGL Background Thread 2 ] DEBUG Engine               - is3D: false
14:55:19.757 [FXGL Background Thread 2 ] DEBUG Engine               - isAndroid: false
14:55:19.757 [FXGL Background Thread 2 ] DEBUG Engine               - isBrowser: false
14:55:19.757 [FXGL Background Thread 2 ] DEBUG Engine               - isClickFeedbackEnabled: false
14:55:19.757 [FXGL Background Thread 2 ] DEBUG Engine               - isCloseConfirmation: false
14:55:19.757 [FXGL Background Thread 2 ] DEBUG Engine               - isDesktop: true
14:55:19.757 [FXGL Background Thread 2 ] DEBUG Engine               - isDeveloperMenuEnabled: false
14:55:19.757 [FXGL Background Thread 2 ] DEBUG Engine               - isEmbedded: false
14:55:19.757 [FXGL Background Thread 2 ] DEBUG Engine               - isEntityPreloadEnabled: true
14:55:19.757 [FXGL Background Thread 2 ] DEBUG Engine               - isExperimentalTiledLargeMap: false
14:55:19.758 [FXGL Background Thread 2 ] DEBUG Engine               - isFileSystemWriteAllowed: true
14:55:19.758 [FXGL Background Thread 2 ] DEBUG Engine               - isFullScreenAllowed: false
14:55:19.758 [FXGL Background Thread 2 ] DEBUG Engine               - isFullScreenFromStart: false
14:55:19.758 [FXGL Background Thread 2 ] DEBUG Engine               - isGameMenuEnabled: true
14:55:19.758 [FXGL Background Thread 2 ] DEBUG Engine               - isIOS: false
14:55:19.758 [FXGL Background Thread 2 ] DEBUG Engine               - isIntroEnabled: false
14:55:19.759 [FXGL Background Thread 2 ] DEBUG Engine               - isLinux: false
14:55:19.759 [FXGL Background Thread 2 ] DEBUG Engine               - isMac: false
14:55:19.760 [FXGL Background Thread 2 ] DEBUG Engine               - isMainMenuEnabled: true
14:55:19.760 [FXGL Background Thread 2 ] DEBUG Engine               - isManualResizeEnabled: true
14:55:19.760 [FXGL Background Thread 2 ] DEBUG Engine               - isMobile: false
14:55:19.761 [FXGL Background Thread 2 ] DEBUG Engine               - isNative: false
14:55:19.761 [FXGL Background Thread 2 ] DEBUG Engine               - isPauseMusicWhenMinimized: true
14:55:19.761 [FXGL Background Thread 2 ] DEBUG Engine               - isPreserveResizeRatio: true
14:55:19.761 [FXGL Background Thread 2 ] DEBUG Engine               - isProfilingEnabled: false
14:55:19.761 [FXGL Background Thread 2 ] DEBUG Engine               - isScaleAffectedOnResize: true
14:55:19.761 [FXGL Background Thread 2 ] DEBUG Engine               - isSingleStep: false
14:55:19.761 [FXGL Background Thread 2 ] DEBUG Engine               - isUserProfileEnabled: false
14:55:19.761 [FXGL Background Thread 2 ] DEBUG Engine               - isWindows: true
14:55:19.761 [FXGL Background Thread 2 ] DEBUG Engine               - language: ObjectProperty [value: ENGLISH]
14:55:19.761 [FXGL Background Thread 2 ] DEBUG Engine               - menuKey: ESCAPE
14:55:19.761 [FXGL Background Thread 2 ] DEBUG Engine               - mouseSensitivity: 0.2
14:55:19.761 [FXGL Background Thread 2 ] DEBUG Engine               - notificationViewClass: class com.almasb.fxgl.notification.view.XboxNotificationView
14:55:19.762 [FXGL Background Thread 2 ] DEBUG Engine               - pixelsPerMeter: 50.0
14:55:19.762 [FXGL Background Thread 2 ] DEBUG Engine               - platform: WINDOWS
14:55:19.762 [FXGL Background Thread 2 ] DEBUG Engine               - prefHeightProperty: ReadOnlyDoubleProperty [value: 712.0]
14:55:19.762 [FXGL Background Thread 2 ] DEBUG Engine               - prefWidthProperty: ReadOnlyDoubleProperty [value: 512.0]
14:55:19.762 [FXGL Background Thread 2 ] DEBUG Engine               - profileDir: profiles/
14:55:19.762 [FXGL Background Thread 2 ] DEBUG Engine               - profileName: StringProperty [value: DEFAULT]
14:55:19.762 [FXGL Background Thread 2 ] DEBUG Engine               - randomSeed: -1
14:55:19.763 [FXGL Background Thread 2 ] DEBUG Engine               - runtimeInfo: RuntimeInfo(platform=WINDOWS, version=17.3, build=30.03.2023 11.49)
14:55:19.763 [FXGL Background Thread 2 ] DEBUG Engine               - saveFileExt: sav
14:55:19.763 [FXGL Background Thread 2 ] DEBUG Engine               - scaledHeightProp$fxgl: DoubleProperty [bound, value: 712.0]
14:55:19.763 [FXGL Background Thread 2 ] DEBUG Engine               - scaledWidthProp$fxgl: DoubleProperty [bound, value: 512.0]
14:55:19.763 [FXGL Background Thread 2 ] DEBUG Engine               - sceneFactory: com.almasb.fxgl.app.scene.SceneFactory@5eb440ca
14:55:19.763 [FXGL Background Thread 2 ] DEBUG Engine               - secondsIn24h: 60
14:55:19.764 [FXGL Background Thread 2 ] DEBUG Engine               - soundMenuBack: menu/back.wav
14:55:19.764 [FXGL Background Thread 2 ] DEBUG Engine               - soundMenuPress: menu/press.wav
14:55:19.764 [FXGL Background Thread 2 ] DEBUG Engine               - soundMenuSelect: menu/select.wav
14:55:19.764 [FXGL Background Thread 2 ] DEBUG Engine               - soundNotification: core/notification.wav
14:55:19.764 [FXGL Background Thread 2 ] DEBUG Engine               - stageStyle: DECORATED
14:55:19.764 [FXGL Background Thread 2 ] DEBUG Engine               - supportedLanguages: [ENGLISH, FRENCH, GERMAN, HUNGARIAN, RUSSIAN]
14:55:19.764 [FXGL Background Thread 2 ] DEBUG Engine               - ticksPerSecond: -1
14:55:19.764 [FXGL Background Thread 2 ] DEBUG Engine               - title: Space Invaders
14:55:19.764 [FXGL Background Thread 2 ] DEBUG Engine               - urlGithub: https://github.com/AlmasB/FXGL
14:55:19.764 [FXGL Background Thread 2 ] DEBUG Engine               - urlLeaderboard: http://fxgl-top.herokuapp.com/
14:55:19.764 [FXGL Background Thread 2 ] DEBUG Engine               - urlPOM: https://raw.githubusercontent.com/AlmasB/FXGL/release/README.md
14:55:19.764 [FXGL Background Thread 2 ] DEBUG Engine               - userAppClass: class fxgl.spaceinvader.SpaceInvaderApp
14:55:19.765 [FXGL Background Thread 2 ] DEBUG Engine               - version: 1.0.1
14:55:19.765 [FXGL Background Thread 2 ] DEBUG Engine               - versionCheckDays: 7
14:55:19.765 [FXGL Background Thread 2 ] DEBUG Engine               - width: 512
14:55:19.765 [FXGL Background Thread 2 ] DEBUG Engine               - Logging services
14:55:19.765 [FXGL Background Thread 2 ] DEBUG Engine               - class com.almasb.fxgl.app.services.FXGLAssetLoaderService
14:55:19.765 [FXGL Background Thread 2 ] DEBUG Engine               - class com.almasb.fxgl.app.FXGLApplication$GameApplicationService
14:55:19.765 [FXGL Background Thread 2 ] DEBUG Engine               - class com.almasb.fxgl.app.services.FXGLDialogService
14:55:19.765 [FXGL Background Thread 2 ] DEBUG Engine               - class com.almasb.fxgl.app.services.IOTaskExecutorService
14:55:19.765 [FXGL Background Thread 2 ] DEBUG Engine               - class com.almasb.fxgl.io.FileSystemService
14:55:19.765 [FXGL Background Thread 2 ] DEBUG Engine               - class com.almasb.fxgl.localization.LocalizationService
14:55:19.766 [FXGL Background Thread 2 ] DEBUG Engine               - class com.almasb.fxgl.app.services.SystemBundleService
14:55:19.766 [FXGL Background Thread 2 ] DEBUG Engine               - class com.almasb.fxgl.profile.SaveLoadService
14:55:19.766 [FXGL Background Thread 2 ] DEBUG Engine               - class com.almasb.fxgl.ui.FXGLUIFactoryServiceProvider
14:55:19.766 [FXGL Background Thread 2 ] DEBUG Engine               - class com.almasb.fxgl.ui.FXGLDialogFactoryServiceProvider
14:55:19.766 [FXGL Background Thread 2 ] DEBUG Engine               - class com.almasb.fxgl.audio.AudioPlayer
14:55:19.766 [FXGL Background Thread 2 ] DEBUG Engine               - class com.almasb.fxgl.notification.impl.NotificationServiceProvider
14:55:19.766 [FXGL Background Thread 2 ] DEBUG Engine               - class com.almasb.fxgl.achievement.AchievementService
14:55:19.766 [FXGL Background Thread 2 ] DEBUG Engine               - class com.almasb.fxgl.cutscene.CutsceneService
14:55:19.766 [FXGL Background Thread 2 ] DEBUG Engine               - class com.almasb.fxgl.minigames.MiniGameService
14:55:19.766 [FXGL Background Thread 2 ] DEBUG Engine               - class com.almasb.fxgl.net.NetService
14:55:19.766 [FXGL Background Thread 2 ] DEBUG Engine               - class com.almasb.fxgl.app.services.UpdaterService
14:55:19.766 [FXGL Background Thread 2 ] DEBUG Engine               - class com.almasb.fxgl.dev.DevService
14:55:19.801 [JavaFX Application Thread] WARN  FXGLAssetLoaderServi - Asset "/assets/textures/enemy1.png" was not found!
14:55:19.803 [JavaFX Application Thread] WARN  FXGLAssetLoaderServi - Failed to load IMAGE
14:55:19.849 [JavaFX Application Thread] WARN  FXGLAssetLoaderServi - Asset "/assets/textures/enemy3.png" was not found!
14:55:19.849 [JavaFX Application Thread] WARN  FXGLAssetLoaderServi - Failed to load IMAGE
14:55:19.898 [JavaFX Application Thread] WARN  FXGLAssetLoaderServi - Asset "/assets/textures/enemy3.png" was not found!
14:55:19.898 [JavaFX Application Thread] WARN  FXGLAssetLoaderServi - Failed to load IMAGE
14:55:19.961 [JavaFX Application Thread] WARN  FXGLAssetLoaderServi - Asset "/assets/textures/enemy3.png" was not found!
14:55:19.961 [JavaFX Application Thread] WARN  FXGLAssetLoaderServi - Failed to load IMAGE
14:55:19.995 [JavaFX Application Thread] WARN  FXGLAssetLoaderServi - Asset "/assets/textures/enemy1.png" was not found!
14:55:19.995 [JavaFX Application Thread] WARN  FXGLAssetLoaderServi - Failed to load IMAGE
14:55:20.042 [JavaFX Application Thread] WARN  FXGLAssetLoaderServi - Asset "/assets/textures/enemy2.png" was not found!
14:55:20.042 [JavaFX Application Thread] WARN  FXGLAssetLoaderServi - Failed to load IMAGE
14:55:20.089 [JavaFX Application Thread] WARN  FXGLAssetLoaderServi - Asset "/assets/textures/enemy1.png" was not found!
14:55:20.090 [JavaFX Application Thread] WARN  FXGLAssetLoaderServi - Failed to load IMAGE
14:55:20.138 [JavaFX Application Thread] WARN  FXGLAssetLoaderServi - Asset "/assets/textures/enemy3.png" was not found!
14:55:20.138 [JavaFX Application Thread] WARN  FXGLAssetLoaderServi - Failed to load IMAGE
14:55:20.185 [JavaFX Application Thread] WARN  FXGLAssetLoaderServi - Asset "/assets/textures/enemy1.png" was not found!
14:55:20.185 [JavaFX Application Thread] WARN  FXGLAssetLoaderServi - Failed to load IMAGE
14:55:20.217 [JavaFX Application Thread] WARN  FXGLAssetLoaderServi - Asset "/assets/textures/enemy1.png" was not found!
14:55:20.217 [JavaFX Application Thread] WARN  FXGLAssetLoaderServi - Failed to load IMAGE
14:55:20.265 [JavaFX Application Thread] WARN  FXGLAssetLoaderServi - Asset "/assets/textures/enemy1.png" was not found!
14:55:20.266 [JavaFX Application Thread] WARN  FXGLAssetLoaderServi - Failed to load IMAGE
14:55:20.313 [JavaFX Application Thread] WARN  FXGLAssetLoaderServi - Asset "/assets/textures/enemy3.png" was not found!
14:55:20.314 [JavaFX Application Thread] WARN  FXGLAssetLoaderServi - Failed to load IMAGE
14:55:20.377 [JavaFX Application Thread] WARN  FXGLAssetLoaderServi - Asset "/assets/textures/enemy3.png" was not found!
14:55:20.377 [JavaFX Application Thread] WARN  FXGLAssetLoaderServi - Failed to load IMAGE
14:55:20.426 [JavaFX Application Thread] WARN  FXGLAssetLoaderServi - Asset "/assets/textures/enemy2.png" was not found!
14:55:20.427 [JavaFX Application Thread] WARN  FXGLAssetLoaderServi - Failed to load IMAGE
14:55:20.457 [JavaFX Application Thread] WARN  FXGLAssetLoaderServi - Asset "/assets/textures/enemy1.png" was not found!
14:55:20.457 [JavaFX Application Thread] WARN  FXGLAssetLoaderServi - Failed to load IMAGE
14:59:39.571 [JavaFX Application Thread] DEBUG FXGLApplication      - Exiting FXGL
14:59:39.571 [JavaFX Application Thread] DEBUG LoopRunner           - Stopping loop
14:59:39.571 [JavaFX Application Thread] DEBUG SystemBundleService  - Saving FXGL system data
14:59:39.573 [JavaFX Application Thread] DEBUG FileSystemAccess     - Writing to: C:\Users\HP\IdeaProjects\SpaceInvader\system\fxgl.bundle
14:59:39.576 [JavaFX Application Thread] DEBUG Async                - Shutting down background threads
14:59:39.577 [JavaFX Application Thread] DEBUG PrimaryStageWindow   - Closing main window
14:59:39.611 [JavaFX Application Thread] DEBUG Logger               - Closing Logger
