17:51:31.661 [main                     ] DEBUG Logger               - Configured Logger
17:51:31.685 [main                     ] DEBUG GameApplication      - Logging settings
Title: Space Invaders
Version: 1.0.1
Width: 512
Height: 720
Fullscreen: false
Intro: false
Profiling: false
Single step:false
App Mode: RELEASE
Menu Key: ESCAPE
Stage Style: DECORATED
Scene Factory: class com.almasb.fxgl.app.scene.SceneFactory

17:51:32.022 [JavaFX Application Thread] DEBUG FXGLApplication      - Initializing FXGL
17:51:32.025 [JavaFX Application Thread] INFO  Engine               - FXGL-17.3 (30.03.2023 11.49) on WINDOWS (J:23 FX:17.0.6)
17:51:32.026 [JavaFX Application Thread] DEBUG Engine               - JRE Vendor Name: Oracle Corporation
17:51:32.026 [JavaFX Application Thread] DEBUG Engine               - Running on OS: Windows 10 version 10.0
17:51:32.026 [JavaFX Application Thread] DEBUG Engine               - Architecture: amd64
17:51:32.026 [JavaFX Application Thread] INFO  Engine               - Source code and latest versions at: https://github.com/AlmasB/FXGL
17:51:32.026 [JavaFX Application Thread] INFO  Engine               -       Ask questions and discuss at: https://github.com/AlmasB/FXGL/discussions
17:51:32.026 [JavaFX Application Thread] INFO  Engine               -              Join the FXGL chat at: https://gitter.im/AlmasB/FXGL
17:51:32.111 [JavaFX Application Thread] DEBUG PrimaryStageWindow   - Creating a JavaFX scene
17:51:32.154 [JavaFX Application Thread] DEBUG PrimaryStageWindow   - Target settings size: 512.0 x 720.0
17:51:32.154 [JavaFX Application Thread] DEBUG PrimaryStageWindow   - Scaled scene size:    512.0 x 720.0
17:51:32.154 [JavaFX Application Thread] DEBUG PrimaryStageWindow   - Scaled ratio: (1.0, 1.0)
17:51:32.155 [JavaFX Application Thread] DEBUG PrimaryStageWindow   - Set initial scene to FXGLStartupScene
17:51:32.162 [JavaFX Application Thread] DEBUG PrimaryStageWindow   - Opening main window
17:51:32.245 [JavaFX Application Thread] DEBUG PrimaryStageWindow   - Window border size: (14.4000244140625, 37.5999755859375)
17:51:32.245 [JavaFX Application Thread] DEBUG PrimaryStageWindow   - Scaled size: 512.0 x 720.0
17:51:32.246 [JavaFX Application Thread] DEBUG PrimaryStageWindow   - Scaled ratio: (1.0, 1.0)
17:51:32.246 [JavaFX Application Thread] DEBUG PrimaryStageWindow   - Scene size: 512.0 x 720.0
17:51:32.246 [JavaFX Application Thread] DEBUG PrimaryStageWindow   - Stage size: 526.4000244140625 x 757.5999755859375
17:51:32.258 [FXGL Background Thread 1 ] DEBUG Engine               - Initializing environment variables
17:51:32.375 [FXGL Background Thread 1 ] DEBUG FXGLAssetLoaderServi - User app class for loading assets: class fxgl.spaceinvader.SpaceInvaderApp
17:51:32.375 [FXGL Background Thread 1 ] DEBUG GameApplicationServi - Applying CSS: fxgl_dark.css
17:51:32.376 [FXGL Background Thread 1 ] DEBUG FXGLAssetLoaderServi - Loading from file system: jar:file:///C:/Users/HP/.m2/repository/com/github/almasb/fxgl/17.3/fxgl-17.3.jar!/fxglassets/ui/css/fxgl_dark.css
17:51:32.432 [FXGL Background Thread 1 ] DEBUG GameApplicationServi - Initializing application scenes
17:51:32.481 [FXGL Background Thread 1 ] DEBUG GameWorld            - Game world initialized
17:51:32.554 [FXGL Background Thread 1 ] DEBUG PhysicsWorld         - Physics world initialized: appHeight=720, physics.ppm=50.0
17:51:32.554 [FXGL Background Thread 1 ] DEBUG PhysicsWorld         - Using strategy: BRUTE_FORCE
17:51:32.561 [FXGL Background Thread 1 ] DEBUG GameScene            - Game scene initialized: 512x720
17:51:32.573 [FXGL Background Thread 1 ] WARN  FXGL.DefaultMenu     - FXGLDefaultMenu is not designed for resolutions < 800x600
17:51:32.573 [FXGL Background Thread 1 ] DEBUG FXGL.DefaultMenu     - createMenuBodyMainMenu()
17:51:32.591 [FXGL Background Thread 1 ] DEBUG FXGL.DefaultMenu     - createOptionsMenu()
17:51:32.607 [FXGL Background Thread 1 ] DEBUG FXGLAssetLoaderServi - Loading from file system: jar:file:///C:/Users/HP/.m2/repository/com/github/almasb/fxgl/17.3/fxgl-17.3.jar!/fxglassets/textures/particles/smoke.png
17:51:32.713 [FXGL Background Thread 1 ] DEBUG FXGLAssetLoaderServi - Loading from file system: jar:file:///C:/Users/HP/.m2/repository/com/github/almasb/fxgl/17.3/fxgl-17.3.jar!/fxglassets/textures/particles/trace_horizontal.png
17:51:32.740 [FXGL Background Thread 1 ] WARN  FXGL.DefaultMenu     - FXGLDefaultMenu is not designed for resolutions < 800x600
17:51:32.740 [FXGL Background Thread 1 ] DEBUG FXGL.DefaultMenu     - createMenuBodyGameMenu()
17:51:32.741 [FXGL Background Thread 1 ] DEBUG FXGL.DefaultMenu     - createOptionsMenu()
17:51:32.760 [FXGL Background Thread 1 ] DEBUG GameApplicationServi - Application scenes initialized
17:51:32.772 [FXGL Background Thread 1 ] DEBUG SystemBundleService  - Loading FXGL system data
17:51:32.777 [FXGL Background Thread 1 ] DEBUG FileSystemAccess     - Reading from: C:\Users\HP\IdeaProjects\SpaceInvader\system\fxgl.bundle
17:51:32.786 [FXGL Background Thread 1 ] DEBUG SystemBundleService  - Bundle FXGL: {}
17:51:32.789 [FXGL Background Thread 3 ] DEBUG FXGLApplication      - Loading fonts
17:51:32.790 [FXGL Background Thread 3 ] DEBUG FXGLAssetLoaderServi - Loading from file system: jar:file:///C:/Users/HP/.m2/repository/com/github/almasb/fxgl/17.3/fxgl-17.3.jar!/fxglassets/ui/fonts/VarelaRound-Regular.ttf
17:51:32.790 [FXGL Background Thread 1 ] DEBUG FXGLApplication      - Loading default localization
17:51:32.791 [FXGL Background Thread 1 ] DEBUG FXGLAssetLoaderServi - Loading from file system: jar:file:///C:/Users/HP/.m2/repository/com/github/almasb/fxgl/17.3/fxgl-17.3.jar!/fxglassets/languages/english.lang
17:51:32.809 [FXGL Background Thread 1 ] INFO  FXGLApplication      - FXGL initialization took: 0.550 sec
17:51:32.816 [FXGL Background Thread 3 ] DEBUG FXGLAssetLoaderServi - Loading from file system: jar:file:///C:/Users/HP/.m2/repository/com/github/almasb/fxgl/17.3/fxgl-17.3.jar!/fxglassets/ui/fonts/Abel-Regular.ttf
17:51:32.817 [JavaFX Application Thread] DEBUG Input                - Registered new binding: Move Left - Left
17:51:32.818 [JavaFX Application Thread] DEBUG Input                - Registered new binding: Move Right - Right
17:51:32.818 [JavaFX Application Thread] DEBUG Input                - Registered new binding: Shoot - Up
17:51:32.819 [JavaFX Application Thread] DEBUG Input                - Registered new binding: Shield Up - Space
17:51:32.819 [FXGL Background Thread 3 ] DEBUG FXGLAssetLoaderServi - Loading from file system: jar:file:///C:/Users/HP/.m2/repository/com/github/almasb/fxgl/17.3/fxgl-17.3.jar!/fxglassets/ui/fonts/TerminalLandMono-Regular.otf
17:51:32.820 [JavaFX Application Thread] DEBUG FXGLAssetLoaderServi - Loading from file system: jar:file:///C:/Users/HP/.m2/repository/com/github/almasb/fxgl/17.3/fxgl-17.3.jar!/fxglassets/textures/fxgl_icon.png
17:51:32.824 [FXGL Background Thread 3 ] DEBUG FXGLAssetLoaderServi - Loading from file system: jar:file:///C:/Users/HP/.m2/repository/com/github/almasb/fxgl/17.3/fxgl-17.3.jar!/fxglassets/ui/fonts/Courier-Prime.ttf
17:51:32.835 [JavaFX Application Thread] DEBUG FXGLAssetLoaderServi - Loading from file system: jar:file:///C:/Users/HP/.m2/repository/com/github/almasb/fxgl/17.3/fxgl-17.3.jar!/fxglassets/textures/fxgl_default_cursor.png
17:51:32.837 [JavaFX Application Thread] DEBUG Input                - Registered new binding: Screenshot - CTRL+8
17:51:32.841 [JavaFX Application Thread] DEBUG LoopRunner           - Starting loop
17:51:32.841 [JavaFX Application Thread] DEBUG LoopRunner           - Initializing JavaFX AnimationTimerLoop
17:51:32.843 [JavaFX Application Thread] DEBUG Input                - Clearing active input actions
17:51:32.853 [JavaFX Application Thread] DEBUG GameApplicationServi - Removing overlay from FXGLStartupScene and adding to FXGLMainMenuDummyScene
17:51:32.854 [JavaFX Application Thread] DEBUG PrimaryStageWindow   - FXGLStartupScene -> FXGLMainMenuDummyScene
17:51:32.854 [JavaFX Application Thread] DEBUG PrimaryStageWindow   - Push state: FXGLDefaultMenu
17:51:32.860 [JavaFX Application Thread] DEBUG Input                - Clearing active input actions
17:51:32.866 [JavaFX Application Thread] DEBUG GameApplicationServi - Removing overlay from FXGLMainMenuDummyScene and adding to FXGLDefaultMenu
17:51:32.867 [JavaFX Application Thread] DEBUG PrimaryStageWindow   - FXGLMainMenuDummyScene -> FXGLDefaultMenu
17:51:32.874 [JavaFX Application Thread] DEBUG FXGLApplication      - Registering font factories with UI factory
17:51:33.656 [JavaFX Application Thread] DEBUG Menu                 - fireNewGame()
17:51:33.656 [JavaFX Application Thread] DEBUG GameApplicationServi - Starting new game
17:51:33.658 [JavaFX Application Thread] DEBUG PrimaryStageWindow   - Pop state: FXGLDefaultMenu
17:51:33.658 [JavaFX Application Thread] DEBUG Input                - Clearing active input actions
17:51:33.659 [JavaFX Application Thread] DEBUG GameApplicationServi - Removing overlay from FXGLDefaultMenu and adding to FXGLMainMenuDummyScene
17:51:33.659 [JavaFX Application Thread] DEBUG PrimaryStageWindow   - FXGLMainMenuDummyScene <- FXGLDefaultMenu
17:51:33.660 [JavaFX Application Thread] DEBUG Input                - Clearing active input actions
17:51:33.669 [JavaFX Application Thread] DEBUG GameApplicationServi - Removing overlay from FXGLMainMenuDummyScene and adding to FXGLLoadingScene
17:51:33.670 [JavaFX Application Thread] DEBUG PrimaryStageWindow   - FXGLMainMenuDummyScene -> FXGLLoadingScene
17:51:33.670 [JavaFX Application Thread] DEBUG GameApplicationServi - Clearing previous game
17:51:33.670 [JavaFX Application Thread] DEBUG GameScene            - Clearing game scene
17:51:33.670 [JavaFX Application Thread] DEBUG GameWorld            - Clearing game world
17:51:33.671 [JavaFX Application Thread] DEBUG PhysicsWorld         - Clearing physics world
17:51:33.673 [FXGL Background Thread 3 ] DEBUG FXGLApplication      - Initializing game
17:51:33.769 [FXGL Background Thread 3 ] WARN  TMXLevelLoader       - TiledMap generated from 1.8.6. Supported version: 1.9.0. Some features may not be parsed fully.
17:51:33.790 [FXGL Background Thread 3 ] DEBUG TMXLevelLoader       - Parsed TiledMap: file:/C:/Users/HP/IdeaProjects/SpaceInvader/target/classes/assets/levels/level1.tmx
17:51:33.791 [FXGL Background Thread 3 ] DEBUG TMXLevelLoader       - Creating tile layer entities
17:51:33.793 [FXGL Background Thread 3 ] DEBUG TilesetLoader        - Loading view for layer Background
17:51:33.795 [FXGL Background Thread 3 ] DEBUG TilesetLoader        - Created buffer with size 512.0x720.0
17:51:33.806 [FXGL Background Thread 3 ] DEBUG TilesetLoader        - Loading view for layer UI
17:51:33.807 [FXGL Background Thread 3 ] DEBUG TilesetLoader        - Created buffer with size 512.0x720.0
17:51:33.807 [FXGL Background Thread 3 ] DEBUG TMXLevelLoader       - Creating object layer entities
17:51:33.810 [FXGL Background Thread 3 ] DEBUG FXGLAssetLoaderServi - Loading from file system: file:/C:/Users/HP/IdeaProjects/SpaceInvader/target/classes/assets/textures/Egg.png
17:51:33.847 [FXGL Background Thread 3 ] DEBUG FXGLAssetLoaderServi - Loading from file system: file:/C:/Users/HP/IdeaProjects/SpaceInvader/target/classes/assets/textures/Frog.png
17:51:33.857 [FXGL Background Thread 3 ] DEBUG FXGLAssetLoaderServi - Loading from file system: file:/C:/Users/HP/IdeaProjects/SpaceInvader/target/classes/assets/textures/Demon.png
17:51:33.891 [FXGL Background Thread 3 ] DEBUG FXGLAssetLoaderServi - Loading from file system: file:/C:/Users/HP/IdeaProjects/SpaceInvader/target/classes/assets/textures/wall_left_1.png
17:51:33.895 [FXGL Background Thread 3 ] DEBUG FXGLAssetLoaderServi - Loading from file system: file:/C:/Users/HP/IdeaProjects/SpaceInvader/target/classes/assets/textures/wall_right_1.png
17:51:33.900 [FXGL Background Thread 3 ] DEBUG GameWorld            - Clearing removable entities
17:51:33.901 [FXGL Background Thread 3 ] DEBUG GameWorld            - Setting level: com.almasb.fxgl.entity.level.Level@4937a161
17:51:33.951 [FXGL Background Thread 3 ] DEBUG FXGLAssetLoaderServi - Loading from file system: file:/C:/Users/HP/IdeaProjects/SpaceInvader/target/classes/assets/textures/player.png
17:51:33.961 [FXGL Background Thread 3 ] INFO  FXGLApplication      - Game initialization took: 0.288 sec
17:51:33.962 [JavaFX Application Thread] DEBUG Input                - Clearing active input actions
17:51:33.973 [JavaFX Application Thread] DEBUG GameApplicationServi - Removing overlay from FXGLLoadingScene and adding to GameScene
17:51:33.973 [JavaFX Application Thread] DEBUG PrimaryStageWindow   - FXGLLoadingScene -> GameScene
17:51:35.788 [FXGL Background Thread 2 ] DEBUG Engine               - Logging environment variables
17:51:35.789 [FXGL Background Thread 2 ] DEBUG Engine               - achievements: []
17:51:35.790 [FXGL Background Thread 2 ] DEBUG Engine               - actualHeight: 720.0
17:51:35.790 [FXGL Background Thread 2 ] DEBUG Engine               - actualHeightProperty: ReadOnlyDoubleProperty [value: 720.0]
17:51:35.790 [FXGL Background Thread 2 ] DEBUG Engine               - actualWidth: 512.0
17:51:35.790 [FXGL Background Thread 2 ] DEBUG Engine               - actualWidthProperty: ReadOnlyDoubleProperty [value: 512.0]
17:51:35.790 [FXGL Background Thread 2 ] DEBUG Engine               - appIcon: fxgl_icon.png
17:51:35.790 [FXGL Background Thread 2 ] DEBUG Engine               - applicationMode: RELEASE
17:51:35.790 [FXGL Background Thread 2 ] DEBUG Engine               - cSSList: [fxgl_dark.css]
17:51:35.790 [FXGL Background Thread 2 ] DEBUG Engine               - collisionDetectionStrategy: BRUTE_FORCE
17:51:35.790 [FXGL Background Thread 2 ] DEBUG Engine               - configClass: Optional.empty
17:51:35.790 [FXGL Background Thread 2 ] DEBUG Engine               - credits: []
17:51:35.791 [FXGL Background Thread 2 ] DEBUG Engine               - defaultCursor: CursorInfo(imageName=fxgl_default_cursor.png, hotspotX=7.0, hotspotY=6.0)
17:51:35.791 [FXGL Background Thread 2 ] DEBUG Engine               - devBBoxColorProperty: ObjectProperty [value: 0xff0000ff]
17:51:35.791 [FXGL Background Thread 2 ] DEBUG Engine               - devEnableDebugCameraProperty: BooleanProperty [value: false]
17:51:35.791 [FXGL Background Thread 2 ] DEBUG Engine               - devSensorColorProperty: ObjectProperty [value: 0xffff00ff]
17:51:35.791 [FXGL Background Thread 2 ] DEBUG Engine               - devShowBBoxProperty: BooleanProperty [value: false]
17:51:35.791 [FXGL Background Thread 2 ] DEBUG Engine               - devShowPositionProperty: BooleanProperty [value: false]
17:51:35.791 [FXGL Background Thread 2 ] DEBUG Engine               - enabledMenuItems: []
17:51:35.791 [FXGL Background Thread 2 ] DEBUG Engine               - engineServices: [class com.almasb.fxgl.app.services.FXGLAssetLoaderService, class com.almasb.fxgl.app.FXGLApplication$GameApplicationService, class com.almasb.fxgl.app.services.FXGLDialogService, class com.almasb.fxgl.app.services.IOTaskExecutorService, class com.almasb.fxgl.io.FileSystemService, class com.almasb.fxgl.localization.LocalizationService, class com.almasb.fxgl.app.services.SystemBundleService, class com.almasb.fxgl.profile.SaveLoadService, class com.almasb.fxgl.ui.FXGLUIFactoryServiceProvider, class com.almasb.fxgl.ui.FXGLDialogFactoryServiceProvider, class com.almasb.fxgl.audio.AudioPlayer, class com.almasb.fxgl.notification.impl.NotificationServiceProvider, class com.almasb.fxgl.achievement.AchievementService, class com.almasb.fxgl.cutscene.CutsceneService, class com.almasb.fxgl.minigames.MiniGameService, class com.almasb.fxgl.net.NetService, class com.almasb.fxgl.app.services.UpdaterService, class com.almasb.fxgl.dev.DevService]
17:51:35.791 [FXGL Background Thread 2 ] DEBUG Engine               - fontGame: Abel-Regular.ttf
17:51:35.791 [FXGL Background Thread 2 ] DEBUG Engine               - fontMono: TerminalLandMono-Regular.otf
17:51:35.791 [FXGL Background Thread 2 ] DEBUG Engine               - fontSizeScaleUI: 1.0
17:51:35.791 [FXGL Background Thread 2 ] DEBUG Engine               - fontText: Courier-Prime.ttf
17:51:35.791 [FXGL Background Thread 2 ] DEBUG Engine               - fontUI: VarelaRound-Regular.ttf
17:51:35.792 [FXGL Background Thread 2 ] DEBUG Engine               - fullScreen: BooleanProperty [value: false]
17:51:35.792 [FXGL Background Thread 2 ] DEBUG Engine               - gameDifficulty: MEDIUM
17:51:35.792 [FXGL Background Thread 2 ] DEBUG Engine               - gameDifficultyProperty: ObjectProperty [value: MEDIUM]
17:51:35.792 [FXGL Background Thread 2 ] DEBUG Engine               - globalMusicVolume: 0.5
17:51:35.792 [FXGL Background Thread 2 ] DEBUG Engine               - globalMusicVolumeProperty: DoubleProperty [value: 0.5]
17:51:35.792 [FXGL Background Thread 2 ] DEBUG Engine               - globalSoundVolume: 0.5
17:51:35.792 [FXGL Background Thread 2 ] DEBUG Engine               - globalSoundVolumeProperty: DoubleProperty [value: 0.5]
17:51:35.792 [FXGL Background Thread 2 ] DEBUG Engine               - height: 720
17:51:35.792 [FXGL Background Thread 2 ] DEBUG Engine               - is3D: false
17:51:35.792 [FXGL Background Thread 2 ] DEBUG Engine               - isAndroid: false
17:51:35.792 [FXGL Background Thread 2 ] DEBUG Engine               - isBrowser: false
17:51:35.792 [FXGL Background Thread 2 ] DEBUG Engine               - isClickFeedbackEnabled: false
17:51:35.792 [FXGL Background Thread 2 ] DEBUG Engine               - isCloseConfirmation: false
17:51:35.792 [FXGL Background Thread 2 ] DEBUG Engine               - isDesktop: true
17:51:35.792 [FXGL Background Thread 2 ] DEBUG Engine               - isDeveloperMenuEnabled: false
17:51:35.792 [FXGL Background Thread 2 ] DEBUG Engine               - isEmbedded: false
17:51:35.792 [FXGL Background Thread 2 ] DEBUG Engine               - isEntityPreloadEnabled: true
17:51:35.792 [FXGL Background Thread 2 ] DEBUG Engine               - isExperimentalTiledLargeMap: false
17:51:35.792 [FXGL Background Thread 2 ] DEBUG Engine               - isFileSystemWriteAllowed: true
17:51:35.793 [FXGL Background Thread 2 ] DEBUG Engine               - isFullScreenAllowed: false
17:51:35.793 [FXGL Background Thread 2 ] DEBUG Engine               - isFullScreenFromStart: false
17:51:35.793 [FXGL Background Thread 2 ] DEBUG Engine               - isGameMenuEnabled: true
17:51:35.793 [FXGL Background Thread 2 ] DEBUG Engine               - isIOS: false
17:51:35.793 [FXGL Background Thread 2 ] DEBUG Engine               - isIntroEnabled: false
17:51:35.793 [FXGL Background Thread 2 ] DEBUG Engine               - isLinux: false
17:51:35.793 [FXGL Background Thread 2 ] DEBUG Engine               - isMac: false
17:51:35.793 [FXGL Background Thread 2 ] DEBUG Engine               - isMainMenuEnabled: true
17:51:35.793 [FXGL Background Thread 2 ] DEBUG Engine               - isManualResizeEnabled: true
17:51:35.793 [FXGL Background Thread 2 ] DEBUG Engine               - isMobile: false
17:51:35.793 [FXGL Background Thread 2 ] DEBUG Engine               - isNative: false
17:51:35.793 [FXGL Background Thread 2 ] DEBUG Engine               - isPauseMusicWhenMinimized: true
17:51:35.793 [FXGL Background Thread 2 ] DEBUG Engine               - isPreserveResizeRatio: true
17:51:35.793 [FXGL Background Thread 2 ] DEBUG Engine               - isProfilingEnabled: false
17:51:35.793 [FXGL Background Thread 2 ] DEBUG Engine               - isScaleAffectedOnResize: true
17:51:35.793 [FXGL Background Thread 2 ] DEBUG Engine               - isSingleStep: false
17:51:35.793 [FXGL Background Thread 2 ] DEBUG Engine               - isUserProfileEnabled: false
17:51:35.793 [FXGL Background Thread 2 ] DEBUG Engine               - isWindows: true
17:51:35.793 [FXGL Background Thread 2 ] DEBUG Engine               - language: ObjectProperty [value: ENGLISH]
17:51:35.793 [FXGL Background Thread 2 ] DEBUG Engine               - menuKey: ESCAPE
17:51:35.793 [FXGL Background Thread 2 ] DEBUG Engine               - mouseSensitivity: 0.2
17:51:35.793 [FXGL Background Thread 2 ] DEBUG Engine               - notificationViewClass: class com.almasb.fxgl.notification.view.XboxNotificationView
17:51:35.794 [FXGL Background Thread 2 ] DEBUG Engine               - pixelsPerMeter: 50.0
17:51:35.794 [FXGL Background Thread 2 ] DEBUG Engine               - platform: WINDOWS
17:51:35.794 [FXGL Background Thread 2 ] DEBUG Engine               - prefHeightProperty: ReadOnlyDoubleProperty [value: 720.0]
17:51:35.794 [FXGL Background Thread 2 ] DEBUG Engine               - prefWidthProperty: ReadOnlyDoubleProperty [value: 512.0]
17:51:35.794 [FXGL Background Thread 2 ] DEBUG Engine               - profileDir: profiles/
17:51:35.794 [FXGL Background Thread 2 ] DEBUG Engine               - profileName: StringProperty [value: DEFAULT]
17:51:35.794 [FXGL Background Thread 2 ] DEBUG Engine               - randomSeed: -1
17:51:35.794 [FXGL Background Thread 2 ] DEBUG Engine               - runtimeInfo: RuntimeInfo(platform=WINDOWS, version=17.3, build=30.03.2023 11.49)
17:51:35.794 [FXGL Background Thread 2 ] DEBUG Engine               - saveFileExt: sav
17:51:35.794 [FXGL Background Thread 2 ] DEBUG Engine               - scaledHeightProp$fxgl: DoubleProperty [bound, value: 720.0]
17:51:35.795 [FXGL Background Thread 2 ] DEBUG Engine               - scaledWidthProp$fxgl: DoubleProperty [bound, value: 512.0]
17:51:35.795 [FXGL Background Thread 2 ] DEBUG Engine               - sceneFactory: com.almasb.fxgl.app.scene.SceneFactory@4510da60
17:51:35.795 [FXGL Background Thread 2 ] DEBUG Engine               - secondsIn24h: 60
17:51:35.795 [FXGL Background Thread 2 ] DEBUG Engine               - soundMenuBack: menu/back.wav
17:51:35.795 [FXGL Background Thread 2 ] DEBUG Engine               - soundMenuPress: menu/press.wav
17:51:35.795 [FXGL Background Thread 2 ] DEBUG Engine               - soundMenuSelect: menu/select.wav
17:51:35.795 [FXGL Background Thread 2 ] DEBUG Engine               - soundNotification: core/notification.wav
17:51:35.795 [FXGL Background Thread 2 ] DEBUG Engine               - stageStyle: DECORATED
17:51:35.795 [FXGL Background Thread 2 ] DEBUG Engine               - supportedLanguages: [ENGLISH, FRENCH, GERMAN, HUNGARIAN, RUSSIAN]
17:51:35.795 [FXGL Background Thread 2 ] DEBUG Engine               - ticksPerSecond: -1
17:51:35.795 [FXGL Background Thread 2 ] DEBUG Engine               - title: Space Invaders
17:51:35.795 [FXGL Background Thread 2 ] DEBUG Engine               - urlGithub: https://github.com/AlmasB/FXGL
17:51:35.795 [FXGL Background Thread 2 ] DEBUG Engine               - urlLeaderboard: http://fxgl-top.herokuapp.com/
17:51:35.795 [FXGL Background Thread 2 ] DEBUG Engine               - urlPOM: https://raw.githubusercontent.com/AlmasB/FXGL/release/README.md
17:51:35.795 [FXGL Background Thread 2 ] DEBUG Engine               - userAppClass: class fxgl.spaceinvader.SpaceInvaderApp
17:51:35.795 [FXGL Background Thread 2 ] DEBUG Engine               - version: 1.0.1
17:51:35.795 [FXGL Background Thread 2 ] DEBUG Engine               - versionCheckDays: 7
17:51:35.795 [FXGL Background Thread 2 ] DEBUG Engine               - width: 512
17:51:35.795 [FXGL Background Thread 2 ] DEBUG Engine               - Logging services
17:51:35.795 [FXGL Background Thread 2 ] DEBUG Engine               - class com.almasb.fxgl.app.services.FXGLAssetLoaderService
17:51:35.795 [FXGL Background Thread 2 ] DEBUG Engine               - class com.almasb.fxgl.app.FXGLApplication$GameApplicationService
17:51:35.795 [FXGL Background Thread 2 ] DEBUG Engine               - class com.almasb.fxgl.app.services.FXGLDialogService
17:51:35.795 [FXGL Background Thread 2 ] DEBUG Engine               - class com.almasb.fxgl.app.services.IOTaskExecutorService
17:51:35.795 [FXGL Background Thread 2 ] DEBUG Engine               - class com.almasb.fxgl.io.FileSystemService
17:51:35.795 [FXGL Background Thread 2 ] DEBUG Engine               - class com.almasb.fxgl.localization.LocalizationService
17:51:35.795 [FXGL Background Thread 2 ] DEBUG Engine               - class com.almasb.fxgl.app.services.SystemBundleService
17:51:35.795 [FXGL Background Thread 2 ] DEBUG Engine               - class com.almasb.fxgl.profile.SaveLoadService
17:51:35.796 [FXGL Background Thread 2 ] DEBUG Engine               - class com.almasb.fxgl.ui.FXGLUIFactoryServiceProvider
17:51:35.796 [FXGL Background Thread 2 ] DEBUG Engine               - class com.almasb.fxgl.ui.FXGLDialogFactoryServiceProvider
17:51:35.796 [FXGL Background Thread 2 ] DEBUG Engine               - class com.almasb.fxgl.audio.AudioPlayer
17:51:35.796 [FXGL Background Thread 2 ] DEBUG Engine               - class com.almasb.fxgl.notification.impl.NotificationServiceProvider
17:51:35.796 [FXGL Background Thread 2 ] DEBUG Engine               - class com.almasb.fxgl.achievement.AchievementService
17:51:35.796 [FXGL Background Thread 2 ] DEBUG Engine               - class com.almasb.fxgl.cutscene.CutsceneService
17:51:35.796 [FXGL Background Thread 2 ] DEBUG Engine               - class com.almasb.fxgl.minigames.MiniGameService
17:51:35.796 [FXGL Background Thread 2 ] DEBUG Engine               - class com.almasb.fxgl.net.NetService
17:51:35.796 [FXGL Background Thread 2 ] DEBUG Engine               - class com.almasb.fxgl.app.services.UpdaterService
17:51:35.796 [FXGL Background Thread 2 ] DEBUG Engine               - class com.almasb.fxgl.dev.DevService
17:51:35.885 [JavaFX Application Thread] DEBUG FXGLAssetLoaderServi - Loading from file system: file:/C:/Users/HP/IdeaProjects/SpaceInvader/target/classes/assets/textures/EnemyBullet.png
17:51:35.889 [JavaFX Application Thread] DEBUG FXGLAssetLoaderServi - Loading from file system: file:/C:/Users/HP/IdeaProjects/SpaceInvader/target/classes/assets/textures/EnemyCluster.png
17:51:36.014 [JavaFX Application Thread] DEBUG EventBus             - Firing event: fxgl.spaceinvader.event.GameEvent[source=javafx.event.Event$$Lambda/0x000001f60915b838@640e3a75]
17:51:36.015 [JavaFX Application Thread] DEBUG FXGLAssetLoaderServi - Loading from file system: file:/C:/Users/HP/IdeaProjects/SpaceInvader/target/classes/assets/sounds/explosion.wav
17:51:36.079 [JavaFX Application Thread] DEBUG FXGLAssetLoaderServi - Loading from file system: file:/C:/Users/HP/IdeaProjects/SpaceInvader/target/classes/assets/textures/Explosion.png
17:51:36.492 [JavaFX Application Thread] DEBUG EventBus             - Firing event: fxgl.spaceinvader.event.GameEvent[source=javafx.event.Event$$Lambda/0x000001f60915b838@640e3a75]
17:51:36.926 [JavaFX Application Thread] DEBUG FXGLAssetLoaderServi - Loading from file system: file:/C:/Users/HP/IdeaProjects/SpaceInvader/target/classes/assets/textures/wall_left_2.png
17:51:37.501 [JavaFX Application Thread] DEBUG EventBus             - Firing event: fxgl.spaceinvader.event.GameEvent[source=javafx.event.Event$$Lambda/0x000001f60915b838@640e3a75]
17:51:37.504 [JavaFX Application Thread] DEBUG FXGLAssetLoaderServi - Loading from file system: file:/C:/Users/HP/IdeaProjects/SpaceInvader/target/classes/assets/textures/wall_right_2.png
17:51:37.505 [JavaFX Application Thread] DEBUG FXGLAssetLoaderServi - Loading from file system: file:/C:/Users/HP/IdeaProjects/SpaceInvader/target/classes/assets/textures/wall_left_3.png
17:51:37.677 [JavaFX Application Thread] DEBUG EventBus             - Firing event: fxgl.spaceinvader.event.GameEvent[source=javafx.event.Event$$Lambda/0x000001f60915b838@640e3a75]
17:51:38.348 [JavaFX Application Thread] DEBUG EventBus             - Firing event: fxgl.spaceinvader.event.GameEvent[source=javafx.event.Event$$Lambda/0x000001f60915b838@640e3a75]
17:51:38.509 [JavaFX Application Thread] DEBUG EventBus             - Firing event: fxgl.spaceinvader.event.GameEvent[source=javafx.event.Event$$Lambda/0x000001f60915b838@640e3a75]
17:51:38.797 [JavaFX Application Thread] DEBUG EventBus             - Firing event: fxgl.spaceinvader.event.GameEvent[source=javafx.event.Event$$Lambda/0x000001f60915b838@640e3a75]
17:51:38.958 [JavaFX Application Thread] DEBUG FXGLAssetLoaderServi - Loading from file system: file:/C:/Users/HP/IdeaProjects/SpaceInvader/target/classes/assets/textures/wall_right_3.png
17:51:40.381 [JavaFX Application Thread] DEBUG EventBus             - Firing event: fxgl.spaceinvader.event.GameEvent[source=javafx.event.Event$$Lambda/0x000001f60915b838@640e3a75]
17:51:42.717 [JavaFX Application Thread] DEBUG EventBus             - Firing event: fxgl.spaceinvader.event.GameEvent[source=javafx.event.Event$$Lambda/0x000001f60915b838@640e3a75]
17:51:43.149 [JavaFX Application Thread] DEBUG EventBus             - Firing event: fxgl.spaceinvader.event.GameEvent[source=javafx.event.Event$$Lambda/0x000001f60915b838@640e3a75]
17:51:43.933 [JavaFX Application Thread] DEBUG EventBus             - Firing event: fxgl.spaceinvader.event.GameEvent[source=javafx.event.Event$$Lambda/0x000001f60915b838@640e3a75]
17:51:44.013 [JavaFX Application Thread] DEBUG EventBus             - Firing event: fxgl.spaceinvader.event.GameEvent[source=javafx.event.Event$$Lambda/0x000001f60915b838@640e3a75]
17:51:45.068 [JavaFX Application Thread] DEBUG EventBus             - Firing event: fxgl.spaceinvader.event.GameEvent[source=javafx.event.Event$$Lambda/0x000001f60915b838@640e3a75]
17:51:45.470 [JavaFX Application Thread] DEBUG EventBus             - Firing event: fxgl.spaceinvader.event.GameEvent[source=javafx.event.Event$$Lambda/0x000001f60915b838@640e3a75]
17:51:46.189 [JavaFX Application Thread] DEBUG EventBus             - Firing event: fxgl.spaceinvader.event.GameEvent[source=javafx.event.Event$$Lambda/0x000001f60915b838@640e3a75]
17:51:46.349 [JavaFX Application Thread] DEBUG EventBus             - Firing event: fxgl.spaceinvader.event.GameEvent[source=javafx.event.Event$$Lambda/0x000001f60915b838@640e3a75]
17:51:47.229 [JavaFX Application Thread] DEBUG EventBus             - Firing event: fxgl.spaceinvader.event.GameEvent[source=javafx.event.Event$$Lambda/0x000001f60915b838@640e3a75]
17:51:47.340 [JavaFX Application Thread] DEBUG EventBus             - Firing event: fxgl.spaceinvader.event.GameEvent[source=javafx.event.Event$$Lambda/0x000001f60915b838@640e3a75]
17:51:47.757 [JavaFX Application Thread] DEBUG EventBus             - Firing event: fxgl.spaceinvader.event.GameEvent[source=javafx.event.Event$$Lambda/0x000001f60915b838@640e3a75]
17:51:49.277 [JavaFX Application Thread] DEBUG EventBus             - Firing event: fxgl.spaceinvader.event.GameEvent[source=javafx.event.Event$$Lambda/0x000001f60915b838@640e3a75]
17:51:49.949 [JavaFX Application Thread] DEBUG EventBus             - Firing event: fxgl.spaceinvader.event.GameEvent[source=javafx.event.Event$$Lambda/0x000001f60915b838@640e3a75]
17:51:50.189 [JavaFX Application Thread] DEBUG EventBus             - Firing event: fxgl.spaceinvader.event.GameEvent[source=javafx.event.Event$$Lambda/0x000001f60915b838@640e3a75]
17:51:50.845 [JavaFX Application Thread] DEBUG EventBus             - Firing event: fxgl.spaceinvader.event.GameEvent[source=javafx.event.Event$$Lambda/0x000001f60915b838@640e3a75]
17:51:52.157 [JavaFX Application Thread] DEBUG EventBus             - Firing event: fxgl.spaceinvader.event.GameEvent[source=javafx.event.Event$$Lambda/0x000001f60915b838@640e3a75]
17:51:52.956 [JavaFX Application Thread] DEBUG EventBus             - Firing event: fxgl.spaceinvader.event.GameEvent[source=javafx.event.Event$$Lambda/0x000001f60915b838@640e3a75]
17:51:54.253 [JavaFX Application Thread] DEBUG EventBus             - Firing event: fxgl.spaceinvader.event.GameEvent[source=javafx.event.Event$$Lambda/0x000001f60915b838@640e3a75]
17:51:54.605 [JavaFX Application Thread] DEBUG EventBus             - Firing event: fxgl.spaceinvader.event.GameEvent[source=javafx.event.Event$$Lambda/0x000001f60915b838@640e3a75]
17:51:55.325 [JavaFX Application Thread] DEBUG EventBus             - Firing event: fxgl.spaceinvader.event.GameEvent[source=javafx.event.Event$$Lambda/0x000001f60915b838@640e3a75]
17:51:56.076 [JavaFX Application Thread] DEBUG EventBus             - Firing event: fxgl.spaceinvader.event.GameEvent[source=javafx.event.Event$$Lambda/0x000001f60915b838@640e3a75]
17:51:57.197 [JavaFX Application Thread] DEBUG EventBus             - Firing event: fxgl.spaceinvader.event.GameEvent[source=javafx.event.Event$$Lambda/0x000001f60915b838@640e3a75]
17:51:57.884 [JavaFX Application Thread] DEBUG EventBus             - Firing event: fxgl.spaceinvader.event.GameEvent[source=javafx.event.Event$$Lambda/0x000001f60915b838@640e3a75]
17:51:58.237 [JavaFX Application Thread] DEBUG EventBus             - Firing event: fxgl.spaceinvader.event.GameEvent[source=javafx.event.Event$$Lambda/0x000001f60915b838@640e3a75]
17:51:58.461 [JavaFX Application Thread] DEBUG EventBus             - Firing event: fxgl.spaceinvader.event.GameEvent[source=javafx.event.Event$$Lambda/0x000001f60915b838@640e3a75]
17:51:58.717 [JavaFX Application Thread] DEBUG EventBus             - Firing event: fxgl.spaceinvader.event.GameEvent[source=javafx.event.Event$$Lambda/0x000001f60915b838@640e3a75]
17:51:59.468 [JavaFX Application Thread] DEBUG EventBus             - Firing event: fxgl.spaceinvader.event.GameEvent[source=javafx.event.Event$$Lambda/0x000001f60915b838@640e3a75]
17:52:00.172 [JavaFX Application Thread] DEBUG EventBus             - Firing event: fxgl.spaceinvader.event.GameEvent[source=javafx.event.Event$$Lambda/0x000001f60915b838@640e3a75]
17:52:00.590 [JavaFX Application Thread] DEBUG EventBus             - Firing event: fxgl.spaceinvader.event.GameEvent[source=javafx.event.Event$$Lambda/0x000001f60915b838@640e3a75]
17:52:01.245 [JavaFX Application Thread] DEBUG EventBus             - Firing event: fxgl.spaceinvader.event.GameEvent[source=javafx.event.Event$$Lambda/0x000001f60915b838@640e3a75]
17:52:02.268 [JavaFX Application Thread] DEBUG EventBus             - Firing event: fxgl.spaceinvader.event.GameEvent[source=javafx.event.Event$$Lambda/0x000001f60915b838@640e3a75]
17:52:02.973 [JavaFX Application Thread] DEBUG EventBus             - Firing event: fxgl.spaceinvader.event.GameEvent[source=javafx.event.Event$$Lambda/0x000001f60915b838@640e3a75]
17:52:02.975 [JavaFX Application Thread] WARN  TMXLevelLoader       - TiledMap generated from 1.8.6. Supported version: 1.9.0. Some features may not be parsed fully.
17:52:02.983 [JavaFX Application Thread] DEBUG TMXLevelLoader       - Parsed TiledMap: file:/C:/Users/HP/IdeaProjects/SpaceInvader/target/classes/assets/levels/level2.tmx
17:52:02.983 [JavaFX Application Thread] DEBUG TMXLevelLoader       - Creating tile layer entities
17:52:02.983 [JavaFX Application Thread] DEBUG TilesetLoader        - Loading view for layer Background
17:52:02.983 [JavaFX Application Thread] DEBUG TilesetLoader        - Created buffer with size 512.0x720.0
17:52:02.987 [JavaFX Application Thread] DEBUG TilesetLoader        - Loading view for layer UI
17:52:02.989 [JavaFX Application Thread] DEBUG TilesetLoader        - Created buffer with size 512.0x720.0
17:52:02.989 [JavaFX Application Thread] DEBUG TMXLevelLoader       - Creating object layer entities
17:52:03.003 [JavaFX Application Thread] DEBUG GameWorld            - Clearing removable entities
17:52:03.007 [JavaFX Application Thread] DEBUG GameWorld            - Setting level: com.almasb.fxgl.entity.level.Level@3390145e
17:52:05.101 [JavaFX Application Thread] DEBUG EventBus             - Firing event: fxgl.spaceinvader.event.GameEvent[source=javafx.event.Event$$Lambda/0x000001f60915b838@640e3a75]
17:52:05.948 [JavaFX Application Thread] DEBUG EventBus             - Firing event: fxgl.spaceinvader.event.GameEvent[source=javafx.event.Event$$Lambda/0x000001f60915b838@640e3a75]
17:52:06.861 [JavaFX Application Thread] DEBUG EventBus             - Firing event: fxgl.spaceinvader.event.GameEvent[source=javafx.event.Event$$Lambda/0x000001f60915b838@640e3a75]
17:52:07.357 [JavaFX Application Thread] DEBUG EventBus             - Firing event: fxgl.spaceinvader.event.GameEvent[source=javafx.event.Event$$Lambda/0x000001f60915b838@640e3a75]
17:52:08.333 [JavaFX Application Thread] DEBUG EventBus             - Firing event: fxgl.spaceinvader.event.GameEvent[source=javafx.event.Event$$Lambda/0x000001f60915b838@640e3a75]
17:52:09.101 [JavaFX Application Thread] DEBUG EventBus             - Firing event: fxgl.spaceinvader.event.GameEvent[source=javafx.event.Event$$Lambda/0x000001f60915b838@640e3a75]
17:52:09.997 [JavaFX Application Thread] DEBUG EventBus             - Firing event: fxgl.spaceinvader.event.GameEvent[source=javafx.event.Event$$Lambda/0x000001f60915b838@640e3a75]
17:52:10.509 [JavaFX Application Thread] DEBUG EventBus             - Firing event: fxgl.spaceinvader.event.GameEvent[source=javafx.event.Event$$Lambda/0x000001f60915b838@640e3a75]
17:52:11.581 [JavaFX Application Thread] DEBUG EventBus             - Firing event: fxgl.spaceinvader.event.GameEvent[source=javafx.event.Event$$Lambda/0x000001f60915b838@640e3a75]
17:52:12.110 [JavaFX Application Thread] DEBUG EventBus             - Firing event: fxgl.spaceinvader.event.GameEvent[source=javafx.event.Event$$Lambda/0x000001f60915b838@640e3a75]
17:52:12.765 [JavaFX Application Thread] DEBUG EventBus             - Firing event: fxgl.spaceinvader.event.GameEvent[source=javafx.event.Event$$Lambda/0x000001f60915b838@640e3a75]
17:52:13.502 [JavaFX Application Thread] DEBUG EventBus             - Firing event: fxgl.spaceinvader.event.GameEvent[source=javafx.event.Event$$Lambda/0x000001f60915b838@640e3a75]
17:52:14.029 [JavaFX Application Thread] DEBUG EventBus             - Firing event: fxgl.spaceinvader.event.GameEvent[source=javafx.event.Event$$Lambda/0x000001f60915b838@640e3a75]
17:52:14.557 [JavaFX Application Thread] DEBUG EventBus             - Firing event: fxgl.spaceinvader.event.GameEvent[source=javafx.event.Event$$Lambda/0x000001f60915b838@640e3a75]
17:52:15.085 [JavaFX Application Thread] DEBUG EventBus             - Firing event: fxgl.spaceinvader.event.GameEvent[source=javafx.event.Event$$Lambda/0x000001f60915b838@640e3a75]
17:52:16.797 [JavaFX Application Thread] DEBUG EventBus             - Firing event: fxgl.spaceinvader.event.GameEvent[source=javafx.event.Event$$Lambda/0x000001f60915b838@640e3a75]
17:52:17.500 [JavaFX Application Thread] DEBUG EventBus             - Firing event: fxgl.spaceinvader.event.GameEvent[source=javafx.event.Event$$Lambda/0x000001f60915b838@640e3a75]
17:52:18.557 [JavaFX Application Thread] DEBUG EventBus             - Firing event: fxgl.spaceinvader.event.GameEvent[source=javafx.event.Event$$Lambda/0x000001f60915b838@640e3a75]
17:52:19.597 [JavaFX Application Thread] DEBUG EventBus             - Firing event: fxgl.spaceinvader.event.GameEvent[source=javafx.event.Event$$Lambda/0x000001f60915b838@640e3a75]
17:52:23.901 [JavaFX Application Thread] DEBUG EventBus             - Firing event: fxgl.spaceinvader.event.GameEvent[source=javafx.event.Event$$Lambda/0x000001f60915b838@640e3a75]
17:52:27.149 [JavaFX Application Thread] DEBUG EventBus             - Firing event: fxgl.spaceinvader.event.GameEvent[source=javafx.event.Event$$Lambda/0x000001f60915b838@640e3a75]
17:52:28.381 [JavaFX Application Thread] DEBUG EventBus             - Firing event: fxgl.spaceinvader.event.GameEvent[source=javafx.event.Event$$Lambda/0x000001f60915b838@640e3a75]
17:52:29.085 [JavaFX Application Thread] DEBUG EventBus             - Firing event: fxgl.spaceinvader.event.GameEvent[source=javafx.event.Event$$Lambda/0x000001f60915b838@640e3a75]
17:52:29.788 [JavaFX Application Thread] DEBUG EventBus             - Firing event: fxgl.spaceinvader.event.GameEvent[source=javafx.event.Event$$Lambda/0x000001f60915b838@640e3a75]
17:52:30.269 [JavaFX Application Thread] DEBUG EventBus             - Firing event: fxgl.spaceinvader.event.GameEvent[source=javafx.event.Event$$Lambda/0x000001f60915b838@640e3a75]
17:52:30.274 [JavaFX Application Thread] DEBUG PrimaryStageWindow   - Push state: DialogSubScene
17:52:30.274 [JavaFX Application Thread] DEBUG Input                - Clearing active input actions
17:52:30.274 [JavaFX Application Thread] DEBUG GameApplicationServi - Removing overlay from GameScene and adding to DialogSubScene
17:52:30.274 [JavaFX Application Thread] DEBUG PrimaryStageWindow   - GameScene -> DialogSubScene
17:52:33.338 [JavaFX Application Thread] DEBUG PrimaryStageWindow   - Pop state: DialogSubScene
17:52:33.338 [JavaFX Application Thread] DEBUG Input                - Clearing active input actions
17:52:33.339 [JavaFX Application Thread] DEBUG GameApplicationServi - Removing overlay from DialogSubScene and adding to GameScene
17:52:33.339 [JavaFX Application Thread] DEBUG PrimaryStageWindow   - GameScene <- DialogSubScene
17:52:33.339 [JavaFX Application Thread] DEBUG FXGLApplication      - Exiting FXGL
17:52:33.339 [JavaFX Application Thread] DEBUG LoopRunner           - Stopping loop
17:52:33.339 [JavaFX Application Thread] DEBUG SystemBundleService  - Saving FXGL system data
17:52:33.341 [JavaFX Application Thread] DEBUG FileSystemAccess     - Writing to: C:\Users\HP\IdeaProjects\SpaceInvader\system\fxgl.bundle
17:52:33.342 [JavaFX Application Thread] DEBUG Async                - Shutting down background threads
17:52:33.343 [JavaFX Application Thread] DEBUG PrimaryStageWindow   - Closing main window
17:52:33.362 [JavaFX Application Thread] DEBUG Logger               - Closing Logger
