20:21:10.960 [main                     ] DEBUG Logger               - Configured Logger
20:21:10.992 [main                     ] DEBUG GameApplication      - Logging settings
Title: Space Invaders
Version: 1.0.1
Width: 512
Height: 712
Fullscreen: false
Intro: false
Profiling: false
Single step:false
App Mode: RELEASE
Menu Key: ESCAPE
Stage Style: DECORATED
Scene Factory: class com.almasb.fxgl.app.scene.SceneFactory

20:21:11.326 [JavaFX Application Thread] DEBUG FXGLApplication      - Initializing FXGL
20:21:11.329 [JavaFX Application Thread] INFO  Engine               - FXGL-17.3 (30.03.2023 11.49) on WINDOWS (J:23 FX:17.0.6)
20:21:11.330 [JavaFX Application Thread] DEBUG Engine               - JRE Vendor Name: Oracle Corporation
20:21:11.330 [JavaFX Application Thread] DEBUG Engine               - Running on OS: Windows 10 version 10.0
20:21:11.330 [JavaFX Application Thread] DEBUG Engine               - Architecture: amd64
20:21:11.330 [JavaFX Application Thread] INFO  Engine               - Source code and latest versions at: https://github.com/AlmasB/FXGL
20:21:11.330 [JavaFX Application Thread] INFO  Engine               -       Ask questions and discuss at: https://github.com/AlmasB/FXGL/discussions
20:21:11.330 [JavaFX Application Thread] INFO  Engine               -              Join the FXGL chat at: https://gitter.im/AlmasB/FXGL
20:21:11.423 [JavaFX Application Thread] DEBUG PrimaryStageWindow   - Creating a JavaFX scene
20:21:11.465 [JavaFX Application Thread] DEBUG PrimaryStageWindow   - Target settings size: 512.0 x 712.0
20:21:11.465 [JavaFX Application Thread] DEBUG PrimaryStageWindow   - Scaled scene size:    512.0 x 712.0
20:21:11.465 [JavaFX Application Thread] DEBUG PrimaryStageWindow   - Scaled ratio: (1.0, 1.0)
20:21:11.466 [JavaFX Application Thread] DEBUG PrimaryStageWindow   - Set initial scene to FXGLStartupScene
20:21:11.473 [JavaFX Application Thread] DEBUG PrimaryStageWindow   - Opening main window
20:21:11.564 [JavaFX Application Thread] DEBUG PrimaryStageWindow   - Window border size: (14.4000244140625, 37.5999755859375)
20:21:11.564 [JavaFX Application Thread] DEBUG PrimaryStageWindow   - Scaled size: 512.0 x 712.0
20:21:11.564 [JavaFX Application Thread] DEBUG PrimaryStageWindow   - Scaled ratio: (1.0, 1.0)
20:21:11.565 [JavaFX Application Thread] DEBUG PrimaryStageWindow   - Scene size: 512.0 x 712.0
20:21:11.565 [JavaFX Application Thread] DEBUG PrimaryStageWindow   - Stage size: 526.4000244140625 x 749.5999755859375
20:21:11.578 [FXGL Background Thread 1 ] DEBUG Engine               - Initializing environment variables
20:21:11.680 [FXGL Background Thread 1 ] DEBUG FXGLAssetLoaderServi - User app class for loading assets: class fxgl.spaceinvader.SpaceInvaderApp
20:21:11.680 [FXGL Background Thread 1 ] DEBUG GameApplicationServi - Applying CSS: fxgl_dark.css
20:21:11.681 [FXGL Background Thread 1 ] DEBUG FXGLAssetLoaderServi - Loading from file system: jar:file:///C:/Users/HP/.m2/repository/com/github/almasb/fxgl/17.3/fxgl-17.3.jar!/fxglassets/ui/css/fxgl_dark.css
20:21:11.743 [FXGL Background Thread 1 ] DEBUG GameApplicationServi - Initializing application scenes
20:21:11.796 [FXGL Background Thread 1 ] DEBUG GameWorld            - Game world initialized
20:21:11.873 [FXGL Background Thread 1 ] DEBUG PhysicsWorld         - Physics world initialized: appHeight=712, physics.ppm=50.0
20:21:11.874 [FXGL Background Thread 1 ] DEBUG PhysicsWorld         - Using strategy: BRUTE_FORCE
20:21:11.882 [FXGL Background Thread 1 ] DEBUG GameScene            - Game scene initialized: 512x712
20:21:11.895 [FXGL Background Thread 1 ] WARN  FXGL.DefaultMenu     - FXGLDefaultMenu is not designed for resolutions < 800x600
20:21:11.895 [FXGL Background Thread 1 ] DEBUG FXGL.DefaultMenu     - createMenuBodyMainMenu()
20:21:11.911 [FXGL Background Thread 1 ] DEBUG FXGL.DefaultMenu     - createOptionsMenu()
20:21:11.927 [FXGL Background Thread 1 ] DEBUG FXGLAssetLoaderServi - Loading from file system: jar:file:///C:/Users/HP/.m2/repository/com/github/almasb/fxgl/17.3/fxgl-17.3.jar!/fxglassets/textures/particles/smoke.png
20:21:12.022 [FXGL Background Thread 1 ] DEBUG FXGLAssetLoaderServi - Loading from file system: jar:file:///C:/Users/HP/.m2/repository/com/github/almasb/fxgl/17.3/fxgl-17.3.jar!/fxglassets/textures/particles/trace_horizontal.png
20:21:12.047 [FXGL Background Thread 1 ] WARN  FXGL.DefaultMenu     - FXGLDefaultMenu is not designed for resolutions < 800x600
20:21:12.047 [FXGL Background Thread 1 ] DEBUG FXGL.DefaultMenu     - createMenuBodyGameMenu()
20:21:12.048 [FXGL Background Thread 1 ] DEBUG FXGL.DefaultMenu     - createOptionsMenu()
20:21:12.066 [FXGL Background Thread 1 ] DEBUG GameApplicationServi - Application scenes initialized
20:21:12.075 [FXGL Background Thread 1 ] DEBUG SystemBundleService  - Loading FXGL system data
20:21:12.079 [FXGL Background Thread 1 ] DEBUG FileSystemAccess     - Reading from: C:\Users\HP\IdeaProjects\SpaceInvader\system\fxgl.bundle
20:21:12.085 [FXGL Background Thread 1 ] DEBUG SystemBundleService  - Bundle FXGL: {}
20:21:12.087 [FXGL Background Thread 3 ] DEBUG FXGLApplication      - Loading fonts
20:21:12.088 [FXGL Background Thread 3 ] DEBUG FXGLAssetLoaderServi - Loading from file system: jar:file:///C:/Users/HP/.m2/repository/com/github/almasb/fxgl/17.3/fxgl-17.3.jar!/fxglassets/ui/fonts/VarelaRound-Regular.ttf
20:21:12.088 [FXGL Background Thread 1 ] DEBUG FXGLApplication      - Loading default localization
20:21:12.088 [FXGL Background Thread 1 ] DEBUG FXGLAssetLoaderServi - Loading from file system: jar:file:///C:/Users/HP/.m2/repository/com/github/almasb/fxgl/17.3/fxgl-17.3.jar!/fxglassets/languages/english.lang
20:21:12.103 [FXGL Background Thread 1 ] INFO  FXGLApplication      - FXGL initialization took: 0.526 sec
20:21:12.113 [JavaFX Application Thread] DEBUG Input                - Registered new binding: Move Left - Left
20:21:12.113 [JavaFX Application Thread] DEBUG Input                - Registered new binding: Move Right - Right
20:21:12.113 [JavaFX Application Thread] DEBUG Input                - Registered new binding: Shoot - Up
20:21:12.114 [FXGL Background Thread 3 ] DEBUG FXGLAssetLoaderServi - Loading from file system: jar:file:///C:/Users/HP/.m2/repository/com/github/almasb/fxgl/17.3/fxgl-17.3.jar!/fxglassets/ui/fonts/Abel-Regular.ttf
20:21:12.114 [JavaFX Application Thread] DEBUG FXGLAssetLoaderServi - Loading from file system: jar:file:///C:/Users/HP/.m2/repository/com/github/almasb/fxgl/17.3/fxgl-17.3.jar!/fxglassets/textures/fxgl_icon.png
20:21:12.118 [FXGL Background Thread 3 ] DEBUG FXGLAssetLoaderServi - Loading from file system: jar:file:///C:/Users/HP/.m2/repository/com/github/almasb/fxgl/17.3/fxgl-17.3.jar!/fxglassets/ui/fonts/TerminalLandMono-Regular.otf
20:21:12.121 [FXGL Background Thread 3 ] DEBUG FXGLAssetLoaderServi - Loading from file system: jar:file:///C:/Users/HP/.m2/repository/com/github/almasb/fxgl/17.3/fxgl-17.3.jar!/fxglassets/ui/fonts/Courier-Prime.ttf
20:21:12.132 [JavaFX Application Thread] DEBUG FXGLAssetLoaderServi - Loading from file system: jar:file:///C:/Users/HP/.m2/repository/com/github/almasb/fxgl/17.3/fxgl-17.3.jar!/fxglassets/textures/fxgl_default_cursor.png
20:21:12.134 [JavaFX Application Thread] DEBUG Input                - Registered new binding: Screenshot - CTRL+8
20:21:12.136 [JavaFX Application Thread] DEBUG LoopRunner           - Starting loop
20:21:12.137 [JavaFX Application Thread] DEBUG LoopRunner           - Initializing JavaFX AnimationTimerLoop
20:21:12.142 [JavaFX Application Thread] DEBUG Input                - Clearing active input actions
20:21:12.150 [JavaFX Application Thread] DEBUG GameApplicationServi - Removing overlay from FXGLStartupScene and adding to FXGLMainMenuDummyScene
20:21:12.151 [JavaFX Application Thread] DEBUG PrimaryStageWindow   - FXGLStartupScene -> FXGLMainMenuDummyScene
20:21:12.151 [JavaFX Application Thread] DEBUG PrimaryStageWindow   - Push state: FXGLDefaultMenu
20:21:12.156 [JavaFX Application Thread] DEBUG Input                - Clearing active input actions
20:21:12.164 [JavaFX Application Thread] DEBUG GameApplicationServi - Removing overlay from FXGLMainMenuDummyScene and adding to FXGLDefaultMenu
20:21:12.164 [JavaFX Application Thread] DEBUG PrimaryStageWindow   - FXGLMainMenuDummyScene -> FXGLDefaultMenu
20:21:12.165 [JavaFX Application Thread] DEBUG FXGLApplication      - Registering font factories with UI factory
20:21:13.140 [JavaFX Application Thread] DEBUG Menu                 - fireNewGame()
20:21:13.140 [JavaFX Application Thread] DEBUG GameApplicationServi - Starting new game
20:21:13.142 [JavaFX Application Thread] DEBUG PrimaryStageWindow   - Pop state: FXGLDefaultMenu
20:21:13.143 [JavaFX Application Thread] DEBUG Input                - Clearing active input actions
20:21:13.144 [JavaFX Application Thread] DEBUG GameApplicationServi - Removing overlay from FXGLDefaultMenu and adding to FXGLMainMenuDummyScene
20:21:13.145 [JavaFX Application Thread] DEBUG PrimaryStageWindow   - FXGLMainMenuDummyScene <- FXGLDefaultMenu
20:21:13.145 [JavaFX Application Thread] DEBUG Input                - Clearing active input actions
20:21:13.153 [JavaFX Application Thread] DEBUG GameApplicationServi - Removing overlay from FXGLMainMenuDummyScene and adding to FXGLLoadingScene
20:21:13.154 [JavaFX Application Thread] DEBUG PrimaryStageWindow   - FXGLMainMenuDummyScene -> FXGLLoadingScene
20:21:13.154 [JavaFX Application Thread] DEBUG GameApplicationServi - Clearing previous game
20:21:13.154 [JavaFX Application Thread] DEBUG GameScene            - Clearing game scene
20:21:13.154 [JavaFX Application Thread] DEBUG GameWorld            - Clearing game world
20:21:13.154 [JavaFX Application Thread] DEBUG PhysicsWorld         - Clearing physics world
20:21:13.157 [FXGL Background Thread 3 ] DEBUG FXGLApplication      - Initializing game
20:21:13.211 [FXGL Background Thread 3 ] WARN  GameWorld            - Entity is already attached to world
20:21:13.214 [FXGL Background Thread 3 ] INFO  FXGLApplication      - Game initialization took: 0.057 sec
20:21:13.214 [JavaFX Application Thread] DEBUG Input                - Clearing active input actions
20:21:13.221 [JavaFX Application Thread] DEBUG GameApplicationServi - Removing overlay from FXGLLoadingScene and adding to GameScene
20:21:13.221 [JavaFX Application Thread] DEBUG PrimaryStageWindow   - FXGLLoadingScene -> GameScene
20:21:15.087 [FXGL Background Thread 2 ] DEBUG Engine               - Logging environment variables
20:21:15.087 [FXGL Background Thread 2 ] DEBUG Engine               - achievements: []
20:21:15.087 [FXGL Background Thread 2 ] DEBUG Engine               - actualHeight: 712.0
20:21:15.087 [FXGL Background Thread 2 ] DEBUG Engine               - actualHeightProperty: ReadOnlyDoubleProperty [value: 712.0]
20:21:15.087 [FXGL Background Thread 2 ] DEBUG Engine               - actualWidth: 512.0
20:21:15.087 [FXGL Background Thread 2 ] DEBUG Engine               - actualWidthProperty: ReadOnlyDoubleProperty [value: 512.0]
20:21:15.087 [FXGL Background Thread 2 ] DEBUG Engine               - appIcon: fxgl_icon.png
20:21:15.087 [FXGL Background Thread 2 ] DEBUG Engine               - applicationMode: RELEASE
20:21:15.087 [FXGL Background Thread 2 ] DEBUG Engine               - cSSList: [fxgl_dark.css]
20:21:15.088 [FXGL Background Thread 2 ] DEBUG Engine               - collisionDetectionStrategy: BRUTE_FORCE
20:21:15.088 [FXGL Background Thread 2 ] DEBUG Engine               - configClass: Optional.empty
20:21:15.088 [FXGL Background Thread 2 ] DEBUG Engine               - credits: []
20:21:15.089 [FXGL Background Thread 2 ] DEBUG Engine               - defaultCursor: CursorInfo(imageName=fxgl_default_cursor.png, hotspotX=7.0, hotspotY=6.0)
20:21:15.089 [FXGL Background Thread 2 ] DEBUG Engine               - devBBoxColorProperty: ObjectProperty [value: 0xff0000ff]
20:21:15.089 [FXGL Background Thread 2 ] DEBUG Engine               - devEnableDebugCameraProperty: BooleanProperty [value: false]
20:21:15.089 [FXGL Background Thread 2 ] DEBUG Engine               - devSensorColorProperty: ObjectProperty [value: 0xffff00ff]
20:21:15.089 [FXGL Background Thread 2 ] DEBUG Engine               - devShowBBoxProperty: BooleanProperty [value: false]
20:21:15.089 [FXGL Background Thread 2 ] DEBUG Engine               - devShowPositionProperty: BooleanProperty [value: false]
20:21:15.090 [FXGL Background Thread 2 ] DEBUG Engine               - enabledMenuItems: []
20:21:15.090 [FXGL Background Thread 2 ] DEBUG Engine               - engineServices: [class com.almasb.fxgl.app.services.FXGLAssetLoaderService, class com.almasb.fxgl.app.FXGLApplication$GameApplicationService, class com.almasb.fxgl.app.services.FXGLDialogService, class com.almasb.fxgl.app.services.IOTaskExecutorService, class com.almasb.fxgl.io.FileSystemService, class com.almasb.fxgl.localization.LocalizationService, class com.almasb.fxgl.app.services.SystemBundleService, class com.almasb.fxgl.profile.SaveLoadService, class com.almasb.fxgl.ui.FXGLUIFactoryServiceProvider, class com.almasb.fxgl.ui.FXGLDialogFactoryServiceProvider, class com.almasb.fxgl.audio.AudioPlayer, class com.almasb.fxgl.notification.impl.NotificationServiceProvider, class com.almasb.fxgl.achievement.AchievementService, class com.almasb.fxgl.cutscene.CutsceneService, class com.almasb.fxgl.minigames.MiniGameService, class com.almasb.fxgl.net.NetService, class com.almasb.fxgl.app.services.UpdaterService, class com.almasb.fxgl.dev.DevService]
20:21:15.090 [FXGL Background Thread 2 ] DEBUG Engine               - fontGame: Abel-Regular.ttf
20:21:15.090 [FXGL Background Thread 2 ] DEBUG Engine               - fontMono: TerminalLandMono-Regular.otf
20:21:15.090 [FXGL Background Thread 2 ] DEBUG Engine               - fontSizeScaleUI: 1.0
20:21:15.090 [FXGL Background Thread 2 ] DEBUG Engine               - fontText: Courier-Prime.ttf
20:21:15.090 [FXGL Background Thread 2 ] DEBUG Engine               - fontUI: VarelaRound-Regular.ttf
20:21:15.090 [FXGL Background Thread 2 ] DEBUG Engine               - fullScreen: BooleanProperty [value: false]
20:21:15.090 [FXGL Background Thread 2 ] DEBUG Engine               - gameDifficulty: MEDIUM
20:21:15.090 [FXGL Background Thread 2 ] DEBUG Engine               - gameDifficultyProperty: ObjectProperty [value: MEDIUM]
20:21:15.090 [FXGL Background Thread 2 ] DEBUG Engine               - globalMusicVolume: 0.5
20:21:15.090 [FXGL Background Thread 2 ] DEBUG Engine               - globalMusicVolumeProperty: DoubleProperty [value: 0.5]
20:21:15.090 [FXGL Background Thread 2 ] DEBUG Engine               - globalSoundVolume: 0.5
20:21:15.090 [FXGL Background Thread 2 ] DEBUG Engine               - globalSoundVolumeProperty: DoubleProperty [value: 0.5]
20:21:15.090 [FXGL Background Thread 2 ] DEBUG Engine               - height: 712
20:21:15.090 [FXGL Background Thread 2 ] DEBUG Engine               - is3D: false
20:21:15.091 [FXGL Background Thread 2 ] DEBUG Engine               - isAndroid: false
20:21:15.091 [FXGL Background Thread 2 ] DEBUG Engine               - isBrowser: false
20:21:15.091 [FXGL Background Thread 2 ] DEBUG Engine               - isClickFeedbackEnabled: false
20:21:15.091 [FXGL Background Thread 2 ] DEBUG Engine               - isCloseConfirmation: false
20:21:15.091 [FXGL Background Thread 2 ] DEBUG Engine               - isDesktop: true
20:21:15.091 [FXGL Background Thread 2 ] DEBUG Engine               - isDeveloperMenuEnabled: false
20:21:15.091 [FXGL Background Thread 2 ] DEBUG Engine               - isEmbedded: false
20:21:15.091 [FXGL Background Thread 2 ] DEBUG Engine               - isEntityPreloadEnabled: true
20:21:15.091 [FXGL Background Thread 2 ] DEBUG Engine               - isExperimentalTiledLargeMap: false
20:21:15.091 [FXGL Background Thread 2 ] DEBUG Engine               - isFileSystemWriteAllowed: true
20:21:15.091 [FXGL Background Thread 2 ] DEBUG Engine               - isFullScreenAllowed: false
20:21:15.091 [FXGL Background Thread 2 ] DEBUG Engine               - isFullScreenFromStart: false
20:21:15.091 [FXGL Background Thread 2 ] DEBUG Engine               - isGameMenuEnabled: true
20:21:15.091 [FXGL Background Thread 2 ] DEBUG Engine               - isIOS: false
20:21:15.091 [FXGL Background Thread 2 ] DEBUG Engine               - isIntroEnabled: false
20:21:15.091 [FXGL Background Thread 2 ] DEBUG Engine               - isLinux: false
20:21:15.091 [FXGL Background Thread 2 ] DEBUG Engine               - isMac: false
20:21:15.091 [FXGL Background Thread 2 ] DEBUG Engine               - isMainMenuEnabled: true
20:21:15.091 [FXGL Background Thread 2 ] DEBUG Engine               - isManualResizeEnabled: true
20:21:15.092 [FXGL Background Thread 2 ] DEBUG Engine               - isMobile: false
20:21:15.092 [FXGL Background Thread 2 ] DEBUG Engine               - isNative: false
20:21:15.092 [FXGL Background Thread 2 ] DEBUG Engine               - isPauseMusicWhenMinimized: true
20:21:15.092 [FXGL Background Thread 2 ] DEBUG Engine               - isPreserveResizeRatio: true
20:21:15.092 [FXGL Background Thread 2 ] DEBUG Engine               - isProfilingEnabled: false
20:21:15.092 [FXGL Background Thread 2 ] DEBUG Engine               - isScaleAffectedOnResize: true
20:21:15.092 [FXGL Background Thread 2 ] DEBUG Engine               - isSingleStep: false
20:21:15.092 [FXGL Background Thread 2 ] DEBUG Engine               - isUserProfileEnabled: false
20:21:15.092 [FXGL Background Thread 2 ] DEBUG Engine               - isWindows: true
20:21:15.092 [FXGL Background Thread 2 ] DEBUG Engine               - language: ObjectProperty [value: ENGLISH]
20:21:15.092 [FXGL Background Thread 2 ] DEBUG Engine               - menuKey: ESCAPE
20:21:15.092 [FXGL Background Thread 2 ] DEBUG Engine               - mouseSensitivity: 0.2
20:21:15.092 [FXGL Background Thread 2 ] DEBUG Engine               - notificationViewClass: class com.almasb.fxgl.notification.view.XboxNotificationView
20:21:15.092 [FXGL Background Thread 2 ] DEBUG Engine               - pixelsPerMeter: 50.0
20:21:15.092 [FXGL Background Thread 2 ] DEBUG Engine               - platform: WINDOWS
20:21:15.092 [FXGL Background Thread 2 ] DEBUG Engine               - prefHeightProperty: ReadOnlyDoubleProperty [value: 712.0]
20:21:15.092 [FXGL Background Thread 2 ] DEBUG Engine               - prefWidthProperty: ReadOnlyDoubleProperty [value: 512.0]
20:21:15.092 [FXGL Background Thread 2 ] DEBUG Engine               - profileDir: profiles/
20:21:15.092 [FXGL Background Thread 2 ] DEBUG Engine               - profileName: StringProperty [value: DEFAULT]
20:21:15.092 [FXGL Background Thread 2 ] DEBUG Engine               - randomSeed: -1
20:21:15.093 [FXGL Background Thread 2 ] DEBUG Engine               - runtimeInfo: RuntimeInfo(platform=WINDOWS, version=17.3, build=30.03.2023 11.49)
20:21:15.093 [FXGL Background Thread 2 ] DEBUG Engine               - saveFileExt: sav
20:21:15.093 [FXGL Background Thread 2 ] DEBUG Engine               - scaledHeightProp$fxgl: DoubleProperty [bound, value: 712.0]
20:21:15.093 [FXGL Background Thread 2 ] DEBUG Engine               - scaledWidthProp$fxgl: DoubleProperty [bound, value: 512.0]
20:21:15.093 [FXGL Background Thread 2 ] DEBUG Engine               - sceneFactory: com.almasb.fxgl.app.scene.SceneFactory@49f8b7e9
20:21:15.093 [FXGL Background Thread 2 ] DEBUG Engine               - secondsIn24h: 60
20:21:15.093 [FXGL Background Thread 2 ] DEBUG Engine               - soundMenuBack: menu/back.wav
20:21:15.093 [FXGL Background Thread 2 ] DEBUG Engine               - soundMenuPress: menu/press.wav
20:21:15.093 [FXGL Background Thread 2 ] DEBUG Engine               - soundMenuSelect: menu/select.wav
20:21:15.093 [FXGL Background Thread 2 ] DEBUG Engine               - soundNotification: core/notification.wav
20:21:15.093 [FXGL Background Thread 2 ] DEBUG Engine               - stageStyle: DECORATED
20:21:15.093 [FXGL Background Thread 2 ] DEBUG Engine               - supportedLanguages: [ENGLISH, FRENCH, GERMAN, HUNGARIAN, RUSSIAN]
20:21:15.093 [FXGL Background Thread 2 ] DEBUG Engine               - ticksPerSecond: -1
20:21:15.093 [FXGL Background Thread 2 ] DEBUG Engine               - title: Space Invaders
20:21:15.093 [FXGL Background Thread 2 ] DEBUG Engine               - urlGithub: https://github.com/AlmasB/FXGL
20:21:15.093 [FXGL Background Thread 2 ] DEBUG Engine               - urlLeaderboard: http://fxgl-top.herokuapp.com/
20:21:15.093 [FXGL Background Thread 2 ] DEBUG Engine               - urlPOM: https://raw.githubusercontent.com/AlmasB/FXGL/release/README.md
20:21:15.093 [FXGL Background Thread 2 ] DEBUG Engine               - userAppClass: class fxgl.spaceinvader.SpaceInvaderApp
20:21:15.093 [FXGL Background Thread 2 ] DEBUG Engine               - version: 1.0.1
20:21:15.093 [FXGL Background Thread 2 ] DEBUG Engine               - versionCheckDays: 7
20:21:15.094 [FXGL Background Thread 2 ] DEBUG Engine               - width: 512
20:21:15.094 [FXGL Background Thread 2 ] DEBUG Engine               - Logging services
20:21:15.094 [FXGL Background Thread 2 ] DEBUG Engine               - class com.almasb.fxgl.app.services.FXGLAssetLoaderService
20:21:15.094 [FXGL Background Thread 2 ] DEBUG Engine               - class com.almasb.fxgl.app.FXGLApplication$GameApplicationService
20:21:15.094 [FXGL Background Thread 2 ] DEBUG Engine               - class com.almasb.fxgl.app.services.FXGLDialogService
20:21:15.094 [FXGL Background Thread 2 ] DEBUG Engine               - class com.almasb.fxgl.app.services.IOTaskExecutorService
20:21:15.094 [FXGL Background Thread 2 ] DEBUG Engine               - class com.almasb.fxgl.io.FileSystemService
20:21:15.094 [FXGL Background Thread 2 ] DEBUG Engine               - class com.almasb.fxgl.localization.LocalizationService
20:21:15.094 [FXGL Background Thread 2 ] DEBUG Engine               - class com.almasb.fxgl.app.services.SystemBundleService
20:21:15.094 [FXGL Background Thread 2 ] DEBUG Engine               - class com.almasb.fxgl.profile.SaveLoadService
20:21:15.094 [FXGL Background Thread 2 ] DEBUG Engine               - class com.almasb.fxgl.ui.FXGLUIFactoryServiceProvider
20:21:15.094 [FXGL Background Thread 2 ] DEBUG Engine               - class com.almasb.fxgl.ui.FXGLDialogFactoryServiceProvider
20:21:15.094 [FXGL Background Thread 2 ] DEBUG Engine               - class com.almasb.fxgl.audio.AudioPlayer
20:21:15.094 [FXGL Background Thread 2 ] DEBUG Engine               - class com.almasb.fxgl.notification.impl.NotificationServiceProvider
20:21:15.094 [FXGL Background Thread 2 ] DEBUG Engine               - class com.almasb.fxgl.achievement.AchievementService
20:21:15.094 [FXGL Background Thread 2 ] DEBUG Engine               - class com.almasb.fxgl.cutscene.CutsceneService
20:21:15.094 [FXGL Background Thread 2 ] DEBUG Engine               - class com.almasb.fxgl.minigames.MiniGameService
20:21:15.094 [FXGL Background Thread 2 ] DEBUG Engine               - class com.almasb.fxgl.net.NetService
20:21:15.094 [FXGL Background Thread 2 ] DEBUG Engine               - class com.almasb.fxgl.app.services.UpdaterService
20:21:15.094 [FXGL Background Thread 2 ] DEBUG Engine               - class com.almasb.fxgl.dev.DevService
20:21:42.982 [JavaFX Application Thread] DEBUG FXGLApplication      - Exiting FXGL
20:21:42.983 [JavaFX Application Thread] DEBUG LoopRunner           - Stopping loop
20:21:42.983 [JavaFX Application Thread] DEBUG SystemBundleService  - Saving FXGL system data
20:21:42.985 [JavaFX Application Thread] DEBUG FileSystemAccess     - Writing to: C:\Users\HP\IdeaProjects\SpaceInvader\system\fxgl.bundle
20:21:42.987 [JavaFX Application Thread] DEBUG Async                - Shutting down background threads
20:21:42.987 [JavaFX Application Thread] DEBUG PrimaryStageWindow   - Closing main window
20:21:43.005 [JavaFX Application Thread] DEBUG Logger               - Closing Logger
