17:59:31.667 [main                     ] DEBUG Logger               - Configured Logger
17:59:31.694 [main                     ] DEBUG GameApplication      - Logging settings
Title: Space Invaders
Version: 1.0.1
Width: 512
Height: 720
Fullscreen: false
Intro: false
Profiling: false
Single step:false
App Mode: RELEASE
Menu Key: ESCAPE
Stage Style: DECORATED
Scene Factory: class com.almasb.fxgl.app.scene.SceneFactory

17:59:32.089 [JavaFX Application Thread] DEBUG FXGLApplication      - Initializing FXGL
17:59:32.095 [JavaFX Application Thread] INFO  Engine               - FXGL-17.3 (30.03.2023 11.49) on WINDOWS (J:23 FX:17.0.6)
17:59:32.096 [JavaFX Application Thread] DEBUG Engine               - JRE Vendor Name: Oracle Corporation
17:59:32.096 [JavaFX Application Thread] DEBUG Engine               - Running on OS: Windows 10 version 10.0
17:59:32.096 [JavaFX Application Thread] DEBUG Engine               - Architecture: amd64
17:59:32.096 [JavaFX Application Thread] INFO  Engine               - Source code and latest versions at: https://github.com/AlmasB/FXGL
17:59:32.096 [JavaFX Application Thread] INFO  Engine               -       Ask questions and discuss at: https://github.com/AlmasB/FXGL/discussions
17:59:32.096 [JavaFX Application Thread] INFO  Engine               -              Join the FXGL chat at: https://gitter.im/AlmasB/FXGL
17:59:32.230 [JavaFX Application Thread] DEBUG PrimaryStageWindow   - Creating a JavaFX scene
17:59:32.291 [JavaFX Application Thread] DEBUG PrimaryStageWindow   - Target settings size: 512.0 x 720.0
17:59:32.291 [JavaFX Application Thread] DEBUG PrimaryStageWindow   - Scaled scene size:    512.0 x 720.0
17:59:32.291 [JavaFX Application Thread] DEBUG PrimaryStageWindow   - Scaled ratio: (1.0, 1.0)
17:59:32.292 [JavaFX Application Thread] DEBUG PrimaryStageWindow   - Set initial scene to FXGLStartupScene
17:59:32.302 [JavaFX Application Thread] DEBUG PrimaryStageWindow   - Opening main window
17:59:32.420 [JavaFX Application Thread] DEBUG PrimaryStageWindow   - Window border size: (14.4000244140625, 37.5999755859375)
17:59:32.421 [JavaFX Application Thread] DEBUG PrimaryStageWindow   - Scaled size: 512.0 x 720.0
17:59:32.421 [JavaFX Application Thread] DEBUG PrimaryStageWindow   - Scaled ratio: (1.0, 1.0)
17:59:32.422 [JavaFX Application Thread] DEBUG PrimaryStageWindow   - Scene size: 512.0 x 720.0
17:59:32.422 [JavaFX Application Thread] DEBUG PrimaryStageWindow   - Stage size: 526.4000244140625 x 757.5999755859375
17:59:32.437 [FXGL Background Thread 1 ] DEBUG Engine               - Initializing environment variables
17:59:32.585 [FXGL Background Thread 1 ] DEBUG FXGLAssetLoaderServi - User app class for loading assets: class fxgl.spaceinvader.SpaceInvaderApp
17:59:32.586 [FXGL Background Thread 1 ] DEBUG GameApplicationServi - Applying CSS: fxgl_dark.css
17:59:32.587 [FXGL Background Thread 1 ] DEBUG FXGLAssetLoaderServi - Loading from file system: jar:file:///C:/Users/HP/.m2/repository/com/github/almasb/fxgl/17.3/fxgl-17.3.jar!/fxglassets/ui/css/fxgl_dark.css
17:59:32.682 [FXGL Background Thread 1 ] DEBUG GameApplicationServi - Initializing application scenes
17:59:32.768 [FXGL Background Thread 1 ] DEBUG GameWorld            - Game world initialized
17:59:32.898 [FXGL Background Thread 1 ] DEBUG PhysicsWorld         - Physics world initialized: appHeight=720, physics.ppm=50.0
17:59:32.899 [FXGL Background Thread 1 ] DEBUG PhysicsWorld         - Using strategy: BRUTE_FORCE
17:59:32.906 [FXGL Background Thread 1 ] DEBUG GameScene            - Game scene initialized: 512x720
17:59:32.925 [FXGL Background Thread 1 ] WARN  FXGL.DefaultMenu     - FXGLDefaultMenu is not designed for resolutions < 800x600
17:59:32.925 [FXGL Background Thread 1 ] DEBUG FXGL.DefaultMenu     - createMenuBodyMainMenu()
17:59:32.950 [FXGL Background Thread 1 ] DEBUG FXGL.DefaultMenu     - createOptionsMenu()
17:59:32.972 [FXGL Background Thread 1 ] DEBUG FXGLAssetLoaderServi - Loading from file system: jar:file:///C:/Users/HP/.m2/repository/com/github/almasb/fxgl/17.3/fxgl-17.3.jar!/fxglassets/textures/particles/smoke.png
17:59:33.128 [FXGL Background Thread 1 ] DEBUG FXGLAssetLoaderServi - Loading from file system: jar:file:///C:/Users/HP/.m2/repository/com/github/almasb/fxgl/17.3/fxgl-17.3.jar!/fxglassets/textures/particles/trace_horizontal.png
17:59:33.172 [FXGL Background Thread 1 ] WARN  FXGL.DefaultMenu     - FXGLDefaultMenu is not designed for resolutions < 800x600
17:59:33.172 [FXGL Background Thread 1 ] DEBUG FXGL.DefaultMenu     - createMenuBodyGameMenu()
17:59:33.174 [FXGL Background Thread 1 ] DEBUG FXGL.DefaultMenu     - createOptionsMenu()
17:59:33.205 [FXGL Background Thread 1 ] DEBUG GameApplicationServi - Application scenes initialized
17:59:33.220 [FXGL Background Thread 1 ] DEBUG SystemBundleService  - Loading FXGL system data
17:59:33.227 [FXGL Background Thread 1 ] DEBUG FileSystemAccess     - Reading from: C:\Users\HP\IdeaProjects\SpaceInvader\system\fxgl.bundle
17:59:33.237 [FXGL Background Thread 1 ] DEBUG SystemBundleService  - Bundle FXGL: {}
17:59:33.240 [FXGL Background Thread 3 ] DEBUG FXGLApplication      - Loading fonts
17:59:33.241 [FXGL Background Thread 3 ] DEBUG FXGLAssetLoaderServi - Loading from file system: jar:file:///C:/Users/HP/.m2/repository/com/github/almasb/fxgl/17.3/fxgl-17.3.jar!/fxglassets/ui/fonts/VarelaRound-Regular.ttf
17:59:33.242 [FXGL Background Thread 1 ] DEBUG FXGLApplication      - Loading default localization
17:59:33.242 [FXGL Background Thread 1 ] DEBUG FXGLAssetLoaderServi - Loading from file system: jar:file:///C:/Users/HP/.m2/repository/com/github/almasb/fxgl/17.3/fxgl-17.3.jar!/fxglassets/languages/english.lang
17:59:33.270 [FXGL Background Thread 1 ] INFO  FXGLApplication      - FXGL initialization took: 0.833 sec
17:59:33.279 [FXGL Background Thread 3 ] DEBUG FXGLAssetLoaderServi - Loading from file system: jar:file:///C:/Users/HP/.m2/repository/com/github/almasb/fxgl/17.3/fxgl-17.3.jar!/fxglassets/ui/fonts/Abel-Regular.ttf
17:59:33.283 [FXGL Background Thread 3 ] DEBUG FXGLAssetLoaderServi - Loading from file system: jar:file:///C:/Users/HP/.m2/repository/com/github/almasb/fxgl/17.3/fxgl-17.3.jar!/fxglassets/ui/fonts/TerminalLandMono-Regular.otf
17:59:33.287 [JavaFX Application Thread] DEBUG Input                - Registered new binding: Move Left - Left
17:59:33.287 [JavaFX Application Thread] DEBUG Input                - Registered new binding: Move Right - Right
17:59:33.288 [JavaFX Application Thread] DEBUG Input                - Registered new binding: Shoot - Up
17:59:33.288 [JavaFX Application Thread] DEBUG Input                - Registered new binding: Shield Up - Space
17:59:33.288 [FXGL Background Thread 3 ] DEBUG FXGLAssetLoaderServi - Loading from file system: jar:file:///C:/Users/HP/.m2/repository/com/github/almasb/fxgl/17.3/fxgl-17.3.jar!/fxglassets/ui/fonts/Courier-Prime.ttf
17:59:33.290 [JavaFX Application Thread] DEBUG FXGLAssetLoaderServi - Loading from file system: jar:file:///C:/Users/HP/.m2/repository/com/github/almasb/fxgl/17.3/fxgl-17.3.jar!/fxglassets/textures/fxgl_icon.png
17:59:33.315 [JavaFX Application Thread] DEBUG FXGLAssetLoaderServi - Loading from file system: jar:file:///C:/Users/HP/.m2/repository/com/github/almasb/fxgl/17.3/fxgl-17.3.jar!/fxglassets/textures/fxgl_default_cursor.png
17:59:33.317 [JavaFX Application Thread] DEBUG Input                - Registered new binding: Screenshot - CTRL+8
17:59:33.320 [JavaFX Application Thread] DEBUG LoopRunner           - Starting loop
17:59:33.320 [JavaFX Application Thread] DEBUG LoopRunner           - Initializing JavaFX AnimationTimerLoop
17:59:33.322 [JavaFX Application Thread] DEBUG Input                - Clearing active input actions
17:59:33.337 [JavaFX Application Thread] DEBUG GameApplicationServi - Removing overlay from FXGLStartupScene and adding to FXGLMainMenuDummyScene
17:59:33.337 [JavaFX Application Thread] DEBUG PrimaryStageWindow   - FXGLStartupScene -> FXGLMainMenuDummyScene
17:59:33.338 [JavaFX Application Thread] DEBUG PrimaryStageWindow   - Push state: FXGLDefaultMenu
17:59:33.347 [JavaFX Application Thread] DEBUG Input                - Clearing active input actions
17:59:33.356 [JavaFX Application Thread] DEBUG GameApplicationServi - Removing overlay from FXGLMainMenuDummyScene and adding to FXGLDefaultMenu
17:59:33.357 [JavaFX Application Thread] DEBUG PrimaryStageWindow   - FXGLMainMenuDummyScene -> FXGLDefaultMenu
17:59:33.357 [JavaFX Application Thread] DEBUG FXGLApplication      - Registering font factories with UI factory
17:59:34.458 [JavaFX Application Thread] DEBUG Menu                 - fireNewGame()
17:59:34.459 [JavaFX Application Thread] DEBUG GameApplicationServi - Starting new game
17:59:34.460 [JavaFX Application Thread] DEBUG PrimaryStageWindow   - Pop state: FXGLDefaultMenu
17:59:34.461 [JavaFX Application Thread] DEBUG Input                - Clearing active input actions
17:59:34.462 [JavaFX Application Thread] DEBUG GameApplicationServi - Removing overlay from FXGLDefaultMenu and adding to FXGLMainMenuDummyScene
17:59:34.462 [JavaFX Application Thread] DEBUG PrimaryStageWindow   - FXGLMainMenuDummyScene <- FXGLDefaultMenu
17:59:34.463 [JavaFX Application Thread] DEBUG Input                - Clearing active input actions
17:59:34.474 [JavaFX Application Thread] DEBUG GameApplicationServi - Removing overlay from FXGLMainMenuDummyScene and adding to FXGLLoadingScene
17:59:34.475 [JavaFX Application Thread] DEBUG PrimaryStageWindow   - FXGLMainMenuDummyScene -> FXGLLoadingScene
17:59:34.475 [JavaFX Application Thread] DEBUG GameApplicationServi - Clearing previous game
17:59:34.475 [JavaFX Application Thread] DEBUG GameScene            - Clearing game scene
17:59:34.475 [JavaFX Application Thread] DEBUG GameWorld            - Clearing game world
17:59:34.475 [JavaFX Application Thread] DEBUG PhysicsWorld         - Clearing physics world
17:59:34.478 [FXGL Background Thread 3 ] DEBUG FXGLApplication      - Initializing game
17:59:34.493 [FXGL Background Thread 3 ] DEBUG FileSystemAccess     - Reading from: C:\Users\HP\IdeaProjects\SpaceInvader\.\hiscore.dat
17:59:34.591 [FXGL Background Thread 3 ] WARN  TMXLevelLoader       - TiledMap generated from 1.8.6. Supported version: 1.9.0. Some features may not be parsed fully.
17:59:34.615 [FXGL Background Thread 3 ] DEBUG TMXLevelLoader       - Parsed TiledMap: file:/C:/Users/HP/IdeaProjects/SpaceInvader/target/classes/assets/levels/level1.tmx
17:59:34.616 [FXGL Background Thread 3 ] DEBUG TMXLevelLoader       - Creating tile layer entities
17:59:34.618 [FXGL Background Thread 3 ] DEBUG TilesetLoader        - Loading view for layer Background
17:59:34.620 [FXGL Background Thread 3 ] DEBUG TilesetLoader        - Created buffer with size 512.0x720.0
17:59:34.638 [FXGL Background Thread 3 ] DEBUG TilesetLoader        - Loading view for layer UI
17:59:34.639 [FXGL Background Thread 3 ] DEBUG TilesetLoader        - Created buffer with size 512.0x720.0
17:59:34.641 [FXGL Background Thread 3 ] DEBUG TMXLevelLoader       - Creating object layer entities
17:59:34.648 [FXGL Background Thread 3 ] DEBUG FXGLAssetLoaderServi - Loading from file system: file:/C:/Users/HP/IdeaProjects/SpaceInvader/target/classes/assets/textures/Egg.png
17:59:34.689 [FXGL Background Thread 3 ] DEBUG FXGLAssetLoaderServi - Loading from file system: file:/C:/Users/HP/IdeaProjects/SpaceInvader/target/classes/assets/textures/Frog.png
17:59:34.701 [FXGL Background Thread 3 ] DEBUG FXGLAssetLoaderServi - Loading from file system: file:/C:/Users/HP/IdeaProjects/SpaceInvader/target/classes/assets/textures/Demon.png
17:59:34.734 [FXGL Background Thread 3 ] DEBUG FXGLAssetLoaderServi - Loading from file system: file:/C:/Users/HP/IdeaProjects/SpaceInvader/target/classes/assets/textures/wall_left_1.png
17:59:34.738 [FXGL Background Thread 3 ] DEBUG FXGLAssetLoaderServi - Loading from file system: file:/C:/Users/HP/IdeaProjects/SpaceInvader/target/classes/assets/textures/wall_right_1.png
17:59:34.747 [FXGL Background Thread 3 ] DEBUG GameWorld            - Clearing removable entities
17:59:34.748 [FXGL Background Thread 3 ] DEBUG GameWorld            - Setting level: com.almasb.fxgl.entity.level.Level@7ed39177
17:59:34.803 [FXGL Background Thread 3 ] DEBUG FXGLAssetLoaderServi - Loading from file system: file:/C:/Users/HP/IdeaProjects/SpaceInvader/target/classes/assets/textures/player.png
17:59:34.817 [FXGL Background Thread 3 ] INFO  FXGLApplication      - Game initialization took: 0.338 sec
17:59:34.823 [JavaFX Application Thread] DEBUG Input                - Clearing active input actions
17:59:34.835 [JavaFX Application Thread] DEBUG GameApplicationServi - Removing overlay from FXGLLoadingScene and adding to GameScene
17:59:34.835 [JavaFX Application Thread] DEBUG PrimaryStageWindow   - FXGLLoadingScene -> GameScene
17:59:36.240 [FXGL Background Thread 2 ] DEBUG Engine               - Logging environment variables
17:59:36.241 [FXGL Background Thread 2 ] DEBUG Engine               - achievements: []
17:59:36.242 [FXGL Background Thread 2 ] DEBUG Engine               - actualHeight: 720.0
17:59:36.242 [FXGL Background Thread 2 ] DEBUG Engine               - actualHeightProperty: ReadOnlyDoubleProperty [value: 720.0]
17:59:36.242 [FXGL Background Thread 2 ] DEBUG Engine               - actualWidth: 512.0
17:59:36.242 [FXGL Background Thread 2 ] DEBUG Engine               - actualWidthProperty: ReadOnlyDoubleProperty [value: 512.0]
17:59:36.242 [FXGL Background Thread 2 ] DEBUG Engine               - appIcon: fxgl_icon.png
17:59:36.242 [FXGL Background Thread 2 ] DEBUG Engine               - applicationMode: RELEASE
17:59:36.242 [FXGL Background Thread 2 ] DEBUG Engine               - cSSList: [fxgl_dark.css]
17:59:36.242 [FXGL Background Thread 2 ] DEBUG Engine               - collisionDetectionStrategy: BRUTE_FORCE
17:59:36.242 [FXGL Background Thread 2 ] DEBUG Engine               - configClass: Optional.empty
17:59:36.242 [FXGL Background Thread 2 ] DEBUG Engine               - credits: []
17:59:36.242 [FXGL Background Thread 2 ] DEBUG Engine               - defaultCursor: CursorInfo(imageName=fxgl_default_cursor.png, hotspotX=7.0, hotspotY=6.0)
17:59:36.242 [FXGL Background Thread 2 ] DEBUG Engine               - devBBoxColorProperty: ObjectProperty [value: 0xff0000ff]
17:59:36.242 [FXGL Background Thread 2 ] DEBUG Engine               - devEnableDebugCameraProperty: BooleanProperty [value: false]
17:59:36.243 [FXGL Background Thread 2 ] DEBUG Engine               - devSensorColorProperty: ObjectProperty [value: 0xffff00ff]
17:59:36.243 [FXGL Background Thread 2 ] DEBUG Engine               - devShowBBoxProperty: BooleanProperty [value: false]
17:59:36.243 [FXGL Background Thread 2 ] DEBUG Engine               - devShowPositionProperty: BooleanProperty [value: false]
17:59:36.243 [FXGL Background Thread 2 ] DEBUG Engine               - enabledMenuItems: []
17:59:36.243 [FXGL Background Thread 2 ] DEBUG Engine               - engineServices: [class com.almasb.fxgl.app.services.FXGLAssetLoaderService, class com.almasb.fxgl.app.FXGLApplication$GameApplicationService, class com.almasb.fxgl.app.services.FXGLDialogService, class com.almasb.fxgl.app.services.IOTaskExecutorService, class com.almasb.fxgl.io.FileSystemService, class com.almasb.fxgl.localization.LocalizationService, class com.almasb.fxgl.app.services.SystemBundleService, class com.almasb.fxgl.profile.SaveLoadService, class com.almasb.fxgl.ui.FXGLUIFactoryServiceProvider, class com.almasb.fxgl.ui.FXGLDialogFactoryServiceProvider, class com.almasb.fxgl.audio.AudioPlayer, class com.almasb.fxgl.notification.impl.NotificationServiceProvider, class com.almasb.fxgl.achievement.AchievementService, class com.almasb.fxgl.cutscene.CutsceneService, class com.almasb.fxgl.minigames.MiniGameService, class com.almasb.fxgl.net.NetService, class com.almasb.fxgl.app.services.UpdaterService, class com.almasb.fxgl.dev.DevService]
17:59:36.243 [FXGL Background Thread 2 ] DEBUG Engine               - fontGame: Abel-Regular.ttf
17:59:36.243 [FXGL Background Thread 2 ] DEBUG Engine               - fontMono: TerminalLandMono-Regular.otf
17:59:36.243 [FXGL Background Thread 2 ] DEBUG Engine               - fontSizeScaleUI: 1.0
17:59:36.243 [FXGL Background Thread 2 ] DEBUG Engine               - fontText: Courier-Prime.ttf
17:59:36.243 [FXGL Background Thread 2 ] DEBUG Engine               - fontUI: VarelaRound-Regular.ttf
17:59:36.243 [FXGL Background Thread 2 ] DEBUG Engine               - fullScreen: BooleanProperty [value: false]
17:59:36.243 [FXGL Background Thread 2 ] DEBUG Engine               - gameDifficulty: MEDIUM
17:59:36.243 [FXGL Background Thread 2 ] DEBUG Engine               - gameDifficultyProperty: ObjectProperty [value: MEDIUM]
17:59:36.244 [FXGL Background Thread 2 ] DEBUG Engine               - globalMusicVolume: 0.5
17:59:36.244 [FXGL Background Thread 2 ] DEBUG Engine               - globalMusicVolumeProperty: DoubleProperty [value: 0.5]
17:59:36.244 [FXGL Background Thread 2 ] DEBUG Engine               - globalSoundVolume: 0.5
17:59:36.244 [FXGL Background Thread 2 ] DEBUG Engine               - globalSoundVolumeProperty: DoubleProperty [value: 0.5]
17:59:36.244 [FXGL Background Thread 2 ] DEBUG Engine               - height: 720
17:59:36.244 [FXGL Background Thread 2 ] DEBUG Engine               - is3D: false
17:59:36.244 [FXGL Background Thread 2 ] DEBUG Engine               - isAndroid: false
17:59:36.244 [FXGL Background Thread 2 ] DEBUG Engine               - isBrowser: false
17:59:36.244 [FXGL Background Thread 2 ] DEBUG Engine               - isClickFeedbackEnabled: false
17:59:36.244 [FXGL Background Thread 2 ] DEBUG Engine               - isCloseConfirmation: false
17:59:36.244 [FXGL Background Thread 2 ] DEBUG Engine               - isDesktop: true
17:59:36.244 [FXGL Background Thread 2 ] DEBUG Engine               - isDeveloperMenuEnabled: false
17:59:36.244 [FXGL Background Thread 2 ] DEBUG Engine               - isEmbedded: false
17:59:36.244 [FXGL Background Thread 2 ] DEBUG Engine               - isEntityPreloadEnabled: true
17:59:36.244 [FXGL Background Thread 2 ] DEBUG Engine               - isExperimentalTiledLargeMap: false
17:59:36.244 [FXGL Background Thread 2 ] DEBUG Engine               - isFileSystemWriteAllowed: true
17:59:36.244 [FXGL Background Thread 2 ] DEBUG Engine               - isFullScreenAllowed: false
17:59:36.244 [FXGL Background Thread 2 ] DEBUG Engine               - isFullScreenFromStart: false
17:59:36.244 [FXGL Background Thread 2 ] DEBUG Engine               - isGameMenuEnabled: true
17:59:36.244 [FXGL Background Thread 2 ] DEBUG Engine               - isIOS: false
17:59:36.244 [FXGL Background Thread 2 ] DEBUG Engine               - isIntroEnabled: false
17:59:36.244 [FXGL Background Thread 2 ] DEBUG Engine               - isLinux: false
17:59:36.245 [FXGL Background Thread 2 ] DEBUG Engine               - isMac: false
17:59:36.245 [FXGL Background Thread 2 ] DEBUG Engine               - isMainMenuEnabled: true
17:59:36.245 [FXGL Background Thread 2 ] DEBUG Engine               - isManualResizeEnabled: true
17:59:36.245 [FXGL Background Thread 2 ] DEBUG Engine               - isMobile: false
17:59:36.245 [FXGL Background Thread 2 ] DEBUG Engine               - isNative: false
17:59:36.245 [FXGL Background Thread 2 ] DEBUG Engine               - isPauseMusicWhenMinimized: true
17:59:36.245 [FXGL Background Thread 2 ] DEBUG Engine               - isPreserveResizeRatio: true
17:59:36.245 [FXGL Background Thread 2 ] DEBUG Engine               - isProfilingEnabled: false
17:59:36.245 [FXGL Background Thread 2 ] DEBUG Engine               - isScaleAffectedOnResize: true
17:59:36.245 [FXGL Background Thread 2 ] DEBUG Engine               - isSingleStep: false
17:59:36.245 [FXGL Background Thread 2 ] DEBUG Engine               - isUserProfileEnabled: false
17:59:36.245 [FXGL Background Thread 2 ] DEBUG Engine               - isWindows: true
17:59:36.245 [FXGL Background Thread 2 ] DEBUG Engine               - language: ObjectProperty [value: ENGLISH]
17:59:36.245 [FXGL Background Thread 2 ] DEBUG Engine               - menuKey: ESCAPE
17:59:36.245 [FXGL Background Thread 2 ] DEBUG Engine               - mouseSensitivity: 0.2
17:59:36.245 [FXGL Background Thread 2 ] DEBUG Engine               - notificationViewClass: class com.almasb.fxgl.notification.view.XboxNotificationView
17:59:36.245 [FXGL Background Thread 2 ] DEBUG Engine               - pixelsPerMeter: 50.0
17:59:36.245 [FXGL Background Thread 2 ] DEBUG Engine               - platform: WINDOWS
17:59:36.245 [FXGL Background Thread 2 ] DEBUG Engine               - prefHeightProperty: ReadOnlyDoubleProperty [value: 720.0]
17:59:36.245 [FXGL Background Thread 2 ] DEBUG Engine               - prefWidthProperty: ReadOnlyDoubleProperty [value: 512.0]
17:59:36.245 [FXGL Background Thread 2 ] DEBUG Engine               - profileDir: profiles/
17:59:36.246 [FXGL Background Thread 2 ] DEBUG Engine               - profileName: StringProperty [value: DEFAULT]
17:59:36.246 [FXGL Background Thread 2 ] DEBUG Engine               - randomSeed: -1
17:59:36.246 [FXGL Background Thread 2 ] DEBUG Engine               - runtimeInfo: RuntimeInfo(platform=WINDOWS, version=17.3, build=30.03.2023 11.49)
17:59:36.246 [FXGL Background Thread 2 ] DEBUG Engine               - saveFileExt: sav
17:59:36.246 [FXGL Background Thread 2 ] DEBUG Engine               - scaledHeightProp$fxgl: DoubleProperty [bound, value: 720.0]
17:59:36.246 [FXGL Background Thread 2 ] DEBUG Engine               - scaledWidthProp$fxgl: DoubleProperty [bound, value: 512.0]
17:59:36.246 [FXGL Background Thread 2 ] DEBUG Engine               - sceneFactory: com.almasb.fxgl.app.scene.SceneFactory@32452c1f
17:59:36.246 [FXGL Background Thread 2 ] DEBUG Engine               - secondsIn24h: 60
17:59:36.246 [FXGL Background Thread 2 ] DEBUG Engine               - soundMenuBack: menu/back.wav
17:59:36.246 [FXGL Background Thread 2 ] DEBUG Engine               - soundMenuPress: menu/press.wav
17:59:36.246 [FXGL Background Thread 2 ] DEBUG Engine               - soundMenuSelect: menu/select.wav
17:59:36.246 [FXGL Background Thread 2 ] DEBUG Engine               - soundNotification: core/notification.wav
17:59:36.246 [FXGL Background Thread 2 ] DEBUG Engine               - stageStyle: DECORATED
17:59:36.246 [FXGL Background Thread 2 ] DEBUG Engine               - supportedLanguages: [ENGLISH, FRENCH, GERMAN, HUNGARIAN, RUSSIAN]
17:59:36.246 [FXGL Background Thread 2 ] DEBUG Engine               - ticksPerSecond: -1
17:59:36.246 [FXGL Background Thread 2 ] DEBUG Engine               - title: Space Invaders
17:59:36.246 [FXGL Background Thread 2 ] DEBUG Engine               - urlGithub: https://github.com/AlmasB/FXGL
17:59:36.246 [FXGL Background Thread 2 ] DEBUG Engine               - urlLeaderboard: http://fxgl-top.herokuapp.com/
17:59:36.247 [FXGL Background Thread 2 ] DEBUG Engine               - urlPOM: https://raw.githubusercontent.com/AlmasB/FXGL/release/README.md
17:59:36.247 [FXGL Background Thread 2 ] DEBUG Engine               - userAppClass: class fxgl.spaceinvader.SpaceInvaderApp
17:59:36.247 [FXGL Background Thread 2 ] DEBUG Engine               - version: 1.0.1
17:59:36.247 [FXGL Background Thread 2 ] DEBUG Engine               - versionCheckDays: 7
17:59:36.247 [FXGL Background Thread 2 ] DEBUG Engine               - width: 512
17:59:36.247 [FXGL Background Thread 2 ] DEBUG Engine               - Logging services
17:59:36.247 [FXGL Background Thread 2 ] DEBUG Engine               - class com.almasb.fxgl.app.services.FXGLAssetLoaderService
17:59:36.247 [FXGL Background Thread 2 ] DEBUG Engine               - class com.almasb.fxgl.app.FXGLApplication$GameApplicationService
17:59:36.247 [FXGL Background Thread 2 ] DEBUG Engine               - class com.almasb.fxgl.app.services.FXGLDialogService
17:59:36.247 [FXGL Background Thread 2 ] DEBUG Engine               - class com.almasb.fxgl.app.services.IOTaskExecutorService
17:59:36.247 [FXGL Background Thread 2 ] DEBUG Engine               - class com.almasb.fxgl.io.FileSystemService
17:59:36.247 [FXGL Background Thread 2 ] DEBUG Engine               - class com.almasb.fxgl.localization.LocalizationService
17:59:36.247 [FXGL Background Thread 2 ] DEBUG Engine               - class com.almasb.fxgl.app.services.SystemBundleService
17:59:36.247 [FXGL Background Thread 2 ] DEBUG Engine               - class com.almasb.fxgl.profile.SaveLoadService
17:59:36.247 [FXGL Background Thread 2 ] DEBUG Engine               - class com.almasb.fxgl.ui.FXGLUIFactoryServiceProvider
17:59:36.247 [FXGL Background Thread 2 ] DEBUG Engine               - class com.almasb.fxgl.ui.FXGLDialogFactoryServiceProvider
17:59:36.247 [FXGL Background Thread 2 ] DEBUG Engine               - class com.almasb.fxgl.audio.AudioPlayer
17:59:36.247 [FXGL Background Thread 2 ] DEBUG Engine               - class com.almasb.fxgl.notification.impl.NotificationServiceProvider
17:59:36.247 [FXGL Background Thread 2 ] DEBUG Engine               - class com.almasb.fxgl.achievement.AchievementService
17:59:36.247 [FXGL Background Thread 2 ] DEBUG Engine               - class com.almasb.fxgl.cutscene.CutsceneService
17:59:36.247 [FXGL Background Thread 2 ] DEBUG Engine               - class com.almasb.fxgl.minigames.MiniGameService
17:59:36.247 [FXGL Background Thread 2 ] DEBUG Engine               - class com.almasb.fxgl.net.NetService
17:59:36.247 [FXGL Background Thread 2 ] DEBUG Engine               - class com.almasb.fxgl.app.services.UpdaterService
17:59:36.247 [FXGL Background Thread 2 ] DEBUG Engine               - class com.almasb.fxgl.dev.DevService
17:59:36.669 [JavaFX Application Thread] DEBUG FXGLAssetLoaderServi - Loading from file system: file:/C:/Users/HP/IdeaProjects/SpaceInvader/target/classes/assets/textures/EnemyBullet.png
17:59:36.676 [JavaFX Application Thread] DEBUG FXGLAssetLoaderServi - Loading from file system: file:/C:/Users/HP/IdeaProjects/SpaceInvader/target/classes/assets/textures/EnemyCluster.png
17:59:37.646 [JavaFX Application Thread] DEBUG FXGLAssetLoaderServi - Loading from file system: file:/C:/Users/HP/IdeaProjects/SpaceInvader/target/classes/assets/textures/wall_right_2.png
17:59:37.647 [JavaFX Application Thread] DEBUG FXGLAssetLoaderServi - Loading from file system: file:/C:/Users/HP/IdeaProjects/SpaceInvader/target/classes/assets/textures/wall_left_2.png
17:59:39.484 [JavaFX Application Thread] DEBUG FXGLAssetLoaderServi - Loading from file system: file:/C:/Users/HP/IdeaProjects/SpaceInvader/target/classes/assets/textures/wall_left_3.png
17:59:42.108 [JavaFX Application Thread] DEBUG FXGLAssetLoaderServi - Loading from file system: file:/C:/Users/HP/IdeaProjects/SpaceInvader/target/classes/assets/textures/wall_right_3.png
17:59:43.549 [JavaFX Application Thread] DEBUG EventBus             - Firing event: fxgl.spaceinvader.event.GameEvent[source=javafx.event.Event$$Lambda/0x00000149b415b9b8@6fe2421]
17:59:43.549 [JavaFX Application Thread] DEBUG FXGLAssetLoaderServi - Loading from file system: file:/C:/Users/HP/IdeaProjects/SpaceInvader/target/classes/assets/sounds/explosion.wav
17:59:43.618 [JavaFX Application Thread] DEBUG FXGLAssetLoaderServi - Loading from file system: file:/C:/Users/HP/IdeaProjects/SpaceInvader/target/classes/assets/textures/Explosion.png
17:59:43.758 [JavaFX Application Thread] DEBUG EventBus             - Firing event: fxgl.spaceinvader.event.GameEvent[source=javafx.event.Event$$Lambda/0x00000149b415b9b8@6fe2421]
17:59:44.105 [JavaFX Application Thread] DEBUG EventBus             - Firing event: fxgl.spaceinvader.event.GameEvent[source=javafx.event.Event$$Lambda/0x00000149b415b9b8@6fe2421]
17:59:44.428 [JavaFX Application Thread] DEBUG EventBus             - Firing event: fxgl.spaceinvader.event.GameEvent[source=javafx.event.Event$$Lambda/0x00000149b415b9b8@6fe2421]
17:59:44.891 [JavaFX Application Thread] DEBUG EventBus             - Firing event: fxgl.spaceinvader.event.GameEvent[source=javafx.event.Event$$Lambda/0x00000149b415b9b8@6fe2421]
17:59:45.387 [JavaFX Application Thread] DEBUG EventBus             - Firing event: fxgl.spaceinvader.event.GameEvent[source=javafx.event.Event$$Lambda/0x00000149b415b9b8@6fe2421]
17:59:46.732 [JavaFX Application Thread] DEBUG EventBus             - Firing event: fxgl.spaceinvader.event.GameEvent[source=javafx.event.Event$$Lambda/0x00000149b415b9b8@6fe2421]
17:59:47.181 [JavaFX Application Thread] DEBUG EventBus             - Firing event: fxgl.spaceinvader.event.GameEvent[source=javafx.event.Event$$Lambda/0x00000149b415b9b8@6fe2421]
17:59:47.997 [JavaFX Application Thread] DEBUG EventBus             - Firing event: fxgl.spaceinvader.event.GameEvent[source=javafx.event.Event$$Lambda/0x00000149b415b9b8@6fe2421]
17:59:48.668 [JavaFX Application Thread] DEBUG EventBus             - Firing event: fxgl.spaceinvader.event.GameEvent[source=javafx.event.Event$$Lambda/0x00000149b415b9b8@6fe2421]
17:59:49.341 [JavaFX Application Thread] DEBUG EventBus             - Firing event: fxgl.spaceinvader.event.GameEvent[source=javafx.event.Event$$Lambda/0x00000149b415b9b8@6fe2421]
17:59:50.013 [JavaFX Application Thread] DEBUG EventBus             - Firing event: fxgl.spaceinvader.event.GameEvent[source=javafx.event.Event$$Lambda/0x00000149b415b9b8@6fe2421]
17:59:50.429 [JavaFX Application Thread] DEBUG EventBus             - Firing event: fxgl.spaceinvader.event.GameEvent[source=javafx.event.Event$$Lambda/0x00000149b415b9b8@6fe2421]
17:59:51.164 [JavaFX Application Thread] DEBUG EventBus             - Firing event: fxgl.spaceinvader.event.GameEvent[source=javafx.event.Event$$Lambda/0x00000149b415b9b8@6fe2421]
17:59:51.501 [JavaFX Application Thread] DEBUG EventBus             - Firing event: fxgl.spaceinvader.event.GameEvent[source=javafx.event.Event$$Lambda/0x00000149b415b9b8@6fe2421]
17:59:51.964 [JavaFX Application Thread] DEBUG EventBus             - Firing event: fxgl.spaceinvader.event.GameEvent[source=javafx.event.Event$$Lambda/0x00000149b415b9b8@6fe2421]
17:59:52.284 [JavaFX Application Thread] DEBUG EventBus             - Firing event: fxgl.spaceinvader.event.GameEvent[source=javafx.event.Event$$Lambda/0x00000149b415b9b8@6fe2421]
17:59:52.668 [JavaFX Application Thread] DEBUG EventBus             - Firing event: fxgl.spaceinvader.event.GameEvent[source=javafx.event.Event$$Lambda/0x00000149b415b9b8@6fe2421]
17:59:53.356 [JavaFX Application Thread] DEBUG EventBus             - Firing event: fxgl.spaceinvader.event.GameEvent[source=javafx.event.Event$$Lambda/0x00000149b415b9b8@6fe2421]
17:59:55.212 [JavaFX Application Thread] DEBUG EventBus             - Firing event: fxgl.spaceinvader.event.GameEvent[source=javafx.event.Event$$Lambda/0x00000149b415b9b8@6fe2421]
17:59:56.475 [JavaFX Application Thread] DEBUG EventBus             - Firing event: fxgl.spaceinvader.event.GameEvent[source=javafx.event.Event$$Lambda/0x00000149b415b9b8@6fe2421]
17:59:56.956 [JavaFX Application Thread] DEBUG EventBus             - Firing event: fxgl.spaceinvader.event.GameEvent[source=javafx.event.Event$$Lambda/0x00000149b415b9b8@6fe2421]
17:59:59.628 [JavaFX Application Thread] DEBUG EventBus             - Firing event: fxgl.spaceinvader.event.GameEvent[source=javafx.event.Event$$Lambda/0x00000149b415b9b8@6fe2421]
18:00:00.028 [JavaFX Application Thread] DEBUG EventBus             - Firing event: fxgl.spaceinvader.event.GameEvent[source=javafx.event.Event$$Lambda/0x00000149b415b9b8@6fe2421]
18:00:00.892 [JavaFX Application Thread] DEBUG EventBus             - Firing event: fxgl.spaceinvader.event.GameEvent[source=javafx.event.Event$$Lambda/0x00000149b415b9b8@6fe2421]
18:00:01.403 [JavaFX Application Thread] DEBUG EventBus             - Firing event: fxgl.spaceinvader.event.GameEvent[source=javafx.event.Event$$Lambda/0x00000149b415b9b8@6fe2421]
18:00:01.660 [JavaFX Application Thread] DEBUG EventBus             - Firing event: fxgl.spaceinvader.event.GameEvent[source=javafx.event.Event$$Lambda/0x00000149b415b9b8@6fe2421]
18:00:02.477 [JavaFX Application Thread] DEBUG EventBus             - Firing event: fxgl.spaceinvader.event.GameEvent[source=javafx.event.Event$$Lambda/0x00000149b415b9b8@6fe2421]
18:00:02.540 [JavaFX Application Thread] DEBUG EventBus             - Firing event: fxgl.spaceinvader.event.GameEvent[source=javafx.event.Event$$Lambda/0x00000149b415b9b8@6fe2421]
18:00:02.684 [JavaFX Application Thread] DEBUG EventBus             - Firing event: fxgl.spaceinvader.event.GameEvent[source=javafx.event.Event$$Lambda/0x00000149b415b9b8@6fe2421]
18:00:03.676 [JavaFX Application Thread] DEBUG EventBus             - Firing event: fxgl.spaceinvader.event.GameEvent[source=javafx.event.Event$$Lambda/0x00000149b415b9b8@6fe2421]
18:00:05.197 [JavaFX Application Thread] DEBUG EventBus             - Firing event: fxgl.spaceinvader.event.GameEvent[source=javafx.event.Event$$Lambda/0x00000149b415b9b8@6fe2421]
18:00:06.508 [JavaFX Application Thread] DEBUG EventBus             - Firing event: fxgl.spaceinvader.event.GameEvent[source=javafx.event.Event$$Lambda/0x00000149b415b9b8@6fe2421]
18:00:07.484 [JavaFX Application Thread] DEBUG EventBus             - Firing event: fxgl.spaceinvader.event.GameEvent[source=javafx.event.Event$$Lambda/0x00000149b415b9b8@6fe2421]
18:00:08.060 [JavaFX Application Thread] DEBUG EventBus             - Firing event: fxgl.spaceinvader.event.GameEvent[source=javafx.event.Event$$Lambda/0x00000149b415b9b8@6fe2421]
18:00:08.476 [JavaFX Application Thread] DEBUG EventBus             - Firing event: fxgl.spaceinvader.event.GameEvent[source=javafx.event.Event$$Lambda/0x00000149b415b9b8@6fe2421]
18:00:10.284 [JavaFX Application Thread] DEBUG EventBus             - Firing event: fxgl.spaceinvader.event.GameEvent[source=javafx.event.Event$$Lambda/0x00000149b415b9b8@6fe2421]
18:00:10.988 [JavaFX Application Thread] DEBUG EventBus             - Firing event: fxgl.spaceinvader.event.GameEvent[source=javafx.event.Event$$Lambda/0x00000149b415b9b8@6fe2421]
18:00:15.723 [JavaFX Application Thread] DEBUG EventBus             - Firing event: fxgl.spaceinvader.event.GameEvent[source=javafx.event.Event$$Lambda/0x00000149b415b9b8@6fe2421]
18:00:16.956 [JavaFX Application Thread] DEBUG EventBus             - Firing event: fxgl.spaceinvader.event.GameEvent[source=javafx.event.Event$$Lambda/0x00000149b415b9b8@6fe2421]
18:00:16.959 [JavaFX Application Thread] WARN  TMXLevelLoader       - TiledMap generated from 1.8.6. Supported version: 1.9.0. Some features may not be parsed fully.
18:00:16.966 [JavaFX Application Thread] DEBUG TMXLevelLoader       - Parsed TiledMap: file:/C:/Users/HP/IdeaProjects/SpaceInvader/target/classes/assets/levels/level2.tmx
18:00:16.966 [JavaFX Application Thread] DEBUG TMXLevelLoader       - Creating tile layer entities
18:00:16.967 [JavaFX Application Thread] DEBUG TilesetLoader        - Loading view for layer Background
18:00:16.967 [JavaFX Application Thread] DEBUG TilesetLoader        - Created buffer with size 512.0x720.0
18:00:16.971 [JavaFX Application Thread] DEBUG TilesetLoader        - Loading view for layer UI
18:00:16.973 [JavaFX Application Thread] DEBUG TilesetLoader        - Created buffer with size 512.0x720.0
18:00:16.973 [JavaFX Application Thread] DEBUG TMXLevelLoader       - Creating object layer entities
18:00:16.988 [JavaFX Application Thread] DEBUG GameWorld            - Clearing removable entities
18:00:16.993 [JavaFX Application Thread] DEBUG GameWorld            - Setting level: com.almasb.fxgl.entity.level.Level@55087711
18:00:19.845 [JavaFX Application Thread] DEBUG FXGLApplication      - Exiting FXGL
18:00:19.846 [JavaFX Application Thread] DEBUG LoopRunner           - Stopping loop
18:00:19.846 [JavaFX Application Thread] DEBUG SystemBundleService  - Saving FXGL system data
18:00:19.848 [JavaFX Application Thread] DEBUG FileSystemAccess     - Writing to: C:\Users\HP\IdeaProjects\SpaceInvader\system\fxgl.bundle
18:00:19.850 [JavaFX Application Thread] DEBUG Async                - Shutting down background threads
18:00:19.850 [JavaFX Application Thread] DEBUG PrimaryStageWindow   - Closing main window
18:00:19.871 [JavaFX Application Thread] DEBUG Logger               - Closing Logger
