09:59:28.826 [main                     ] DEBUG Logger               - Configured Logger
09:59:28.877 [main                     ] DEBUG GameApplication      - Logging settings
Title: Space Invaders
Version: 1.0.1
Width: 512
Height: 712
Fullscreen: false
Intro: false
Profiling: false
Single step:false
App Mode: RELEASE
Menu Key: ESCAPE
Stage Style: DECORATED
Scene Factory: class com.almasb.fxgl.app.scene.SceneFactory

09:59:29.797 [JavaFX Application Thread] DEBUG FXGLApplication      - Initializing FXGL
09:59:29.806 [JavaFX Application Thread] INFO  Engine               - FXGL-17.3 (30.03.2023 11.49) on WINDOWS (J:23.0.1 FX:17.0.6)
09:59:29.807 [JavaFX Application Thread] DEBUG Engine               - JRE Vendor Name: Oracle Corporation
09:59:29.807 [JavaFX Application Thread] DEBUG Engine               - Running on OS: Windows 10 version 10.0
09:59:29.807 [JavaFX Application Thread] DEBUG Engine               - Architecture: amd64
09:59:29.807 [JavaFX Application Thread] INFO  Engine               - Source code and latest versions at: https://github.com/AlmasB/FXGL
09:59:29.807 [JavaFX Application Thread] INFO  Engine               -       Ask questions and discuss at: https://github.com/AlmasB/FXGL/discussions
09:59:29.808 [JavaFX Application Thread] INFO  Engine               -              Join the FXGL chat at: https://gitter.im/AlmasB/FXGL
09:59:29.990 [JavaFX Application Thread] DEBUG PrimaryStageWindow   - Creating a JavaFX scene
09:59:30.150 [JavaFX Application Thread] DEBUG PrimaryStageWindow   - Target settings size: 512.0 x 712.0
09:59:30.150 [JavaFX Application Thread] DEBUG PrimaryStageWindow   - Scaled scene size:    512.0 x 712.0
09:59:30.151 [JavaFX Application Thread] DEBUG PrimaryStageWindow   - Scaled ratio: (1.0, 1.0)
09:59:30.152 [JavaFX Application Thread] DEBUG PrimaryStageWindow   - Set initial scene to FXGLStartupScene
09:59:30.165 [JavaFX Application Thread] DEBUG PrimaryStageWindow   - Opening main window
09:59:30.375 [JavaFX Application Thread] DEBUG PrimaryStageWindow   - Window border size: (16.0, 39.0)
09:59:30.376 [JavaFX Application Thread] DEBUG PrimaryStageWindow   - Scaled size: 512.0 x 712.0
09:59:30.376 [JavaFX Application Thread] DEBUG PrimaryStageWindow   - Scaled ratio: (1.0, 1.0)
09:59:30.376 [JavaFX Application Thread] DEBUG PrimaryStageWindow   - Scene size: 512.0 x 712.0
09:59:30.377 [JavaFX Application Thread] DEBUG PrimaryStageWindow   - Stage size: 528.0 x 751.0
09:59:30.438 [FXGL Background Thread 1 ] DEBUG Engine               - Initializing environment variables
09:59:30.579 [FXGL Background Thread 1 ] DEBUG FXGLAssetLoaderServi - User app class for loading assets: class fxgl.spaceinvader.SpaceInvaderApp
09:59:30.579 [FXGL Background Thread 1 ] DEBUG GameApplicationServi - Applying CSS: fxgl_dark.css
09:59:30.581 [FXGL Background Thread 1 ] DEBUG FXGLAssetLoaderServi - Loading from file system: jar:file:///C:/Users/DELL/.m2/repository/com/github/almasb/fxgl/17.3/fxgl-17.3.jar!/fxglassets/ui/css/fxgl_dark.css
09:59:30.685 [FXGL Background Thread 1 ] DEBUG GameApplicationServi - Initializing application scenes
09:59:30.907 [FXGL Background Thread 1 ] DEBUG GameWorld            - Game world initialized
09:59:31.025 [FXGL Background Thread 1 ] DEBUG PhysicsWorld         - Physics world initialized: appHeight=712, physics.ppm=50.0
09:59:31.025 [FXGL Background Thread 1 ] DEBUG PhysicsWorld         - Using strategy: BRUTE_FORCE
09:59:31.032 [FXGL Background Thread 1 ] DEBUG GameScene            - Game scene initialized: 512x712
09:59:31.055 [FXGL Background Thread 1 ] WARN  FXGL.DefaultMenu     - FXGLDefaultMenu is not designed for resolutions < 800x600
09:59:31.056 [FXGL Background Thread 1 ] DEBUG FXGL.DefaultMenu     - createMenuBodyMainMenu()
09:59:31.081 [FXGL Background Thread 1 ] DEBUG FXGL.DefaultMenu     - createOptionsMenu()
09:59:31.098 [FXGL Background Thread 1 ] DEBUG FXGLAssetLoaderServi - Loading from file system: jar:file:///C:/Users/DELL/.m2/repository/com/github/almasb/fxgl/17.3/fxgl-17.3.jar!/fxglassets/textures/particles/smoke.png
09:59:31.278 [FXGL Background Thread 1 ] DEBUG FXGLAssetLoaderServi - Loading from file system: jar:file:///C:/Users/DELL/.m2/repository/com/github/almasb/fxgl/17.3/fxgl-17.3.jar!/fxglassets/textures/particles/trace_horizontal.png
09:59:31.350 [FXGL Background Thread 1 ] WARN  FXGL.DefaultMenu     - FXGLDefaultMenu is not designed for resolutions < 800x600
09:59:31.351 [FXGL Background Thread 1 ] DEBUG FXGL.DefaultMenu     - createMenuBodyGameMenu()
09:59:31.353 [FXGL Background Thread 1 ] DEBUG FXGL.DefaultMenu     - createOptionsMenu()
09:59:31.383 [FXGL Background Thread 1 ] DEBUG GameApplicationServi - Application scenes initialized
09:59:31.405 [FXGL Background Thread 1 ] DEBUG SystemBundleService  - Loading FXGL system data
09:59:31.423 [FXGL Background Thread 1 ] DEBUG FileSystemAccess     - Reading from: C:\Users\DELL\IdeaProjects\SpaceInvader\system\fxgl.bundle
09:59:31.439 [FXGL Background Thread 1 ] DEBUG SystemBundleService  - Bundle FXGL: {}
09:59:31.445 [FXGL Background Thread 1 ] DEBUG FXGLApplication      - Loading default localization
09:59:31.446 [FXGL Background Thread 1 ] DEBUG FXGLAssetLoaderServi - Loading from file system: jar:file:///C:/Users/DELL/.m2/repository/com/github/almasb/fxgl/17.3/fxgl-17.3.jar!/fxglassets/languages/english.lang
09:59:31.474 [FXGL Background Thread 1 ] INFO  FXGLApplication      - FXGL initialization took: 1.036 sec
09:59:31.491 [JavaFX Application Thread] DEBUG Input                - Registered new binding: Move Left - Left
09:59:31.492 [JavaFX Application Thread] DEBUG Input                - Registered new binding: Move Right - Right
09:59:31.493 [JavaFX Application Thread] DEBUG Input                - Registered new binding: Shoot - Up
09:59:31.493 [JavaFX Application Thread] DEBUG FXGLAssetLoaderServi - Loading from file system: jar:file:///C:/Users/DELL/.m2/repository/com/github/almasb/fxgl/17.3/fxgl-17.3.jar!/fxglassets/textures/fxgl_icon.png
09:59:31.495 [FXGL Background Thread 3 ] DEBUG FXGLApplication      - Loading fonts
09:59:31.497 [FXGL Background Thread 3 ] DEBUG FXGLAssetLoaderServi - Loading from file system: jar:file:///C:/Users/DELL/.m2/repository/com/github/almasb/fxgl/17.3/fxgl-17.3.jar!/fxglassets/ui/fonts/VarelaRound-Regular.ttf
09:59:31.557 [JavaFX Application Thread] DEBUG FXGLAssetLoaderServi - Loading from file system: jar:file:///C:/Users/DELL/.m2/repository/com/github/almasb/fxgl/17.3/fxgl-17.3.jar!/fxglassets/textures/fxgl_default_cursor.png
09:59:31.562 [JavaFX Application Thread] DEBUG Input                - Registered new binding: Screenshot - CTRL+8
09:59:31.572 [JavaFX Application Thread] DEBUG LoopRunner           - Starting loop
09:59:31.572 [JavaFX Application Thread] DEBUG LoopRunner           - Initializing JavaFX AnimationTimerLoop
09:59:31.578 [JavaFX Application Thread] DEBUG Input                - Clearing active input actions
09:59:31.589 [FXGL Background Thread 3 ] DEBUG FXGLAssetLoaderServi - Loading from file system: jar:file:///C:/Users/DELL/.m2/repository/com/github/almasb/fxgl/17.3/fxgl-17.3.jar!/fxglassets/ui/fonts/Abel-Regular.ttf
09:59:31.593 [JavaFX Application Thread] DEBUG GameApplicationServi - Removing overlay from FXGLStartupScene and adding to FXGLMainMenuDummyScene
09:59:31.593 [JavaFX Application Thread] DEBUG PrimaryStageWindow   - FXGLStartupScene -> FXGLMainMenuDummyScene
09:59:31.593 [JavaFX Application Thread] DEBUG PrimaryStageWindow   - Push state: FXGLDefaultMenu
09:59:31.607 [JavaFX Application Thread] DEBUG Input                - Clearing active input actions
09:59:31.609 [FXGL Background Thread 3 ] DEBUG FXGLAssetLoaderServi - Loading from file system: jar:file:///C:/Users/DELL/.m2/repository/com/github/almasb/fxgl/17.3/fxgl-17.3.jar!/fxglassets/ui/fonts/TerminalLandMono-Regular.otf
09:59:31.630 [FXGL Background Thread 3 ] DEBUG FXGLAssetLoaderServi - Loading from file system: jar:file:///C:/Users/DELL/.m2/repository/com/github/almasb/fxgl/17.3/fxgl-17.3.jar!/fxglassets/ui/fonts/Courier-Prime.ttf
09:59:31.634 [JavaFX Application Thread] DEBUG GameApplicationServi - Removing overlay from FXGLMainMenuDummyScene and adding to FXGLDefaultMenu
09:59:31.635 [JavaFX Application Thread] DEBUG PrimaryStageWindow   - FXGLMainMenuDummyScene -> FXGLDefaultMenu
09:59:31.801 [JavaFX Application Thread] DEBUG FXGLApplication      - Registering font factories with UI factory
09:59:34.442 [FXGL Background Thread 2 ] DEBUG Engine               - Logging environment variables
09:59:34.443 [FXGL Background Thread 2 ] DEBUG Engine               - achievements: []
09:59:34.444 [FXGL Background Thread 2 ] DEBUG Engine               - actualHeight: 712.0
09:59:34.444 [FXGL Background Thread 2 ] DEBUG Engine               - actualHeightProperty: ReadOnlyDoubleProperty [value: 712.0]
09:59:34.444 [FXGL Background Thread 2 ] DEBUG Engine               - actualWidth: 512.0
09:59:34.444 [FXGL Background Thread 2 ] DEBUG Engine               - actualWidthProperty: ReadOnlyDoubleProperty [value: 512.0]
09:59:34.444 [FXGL Background Thread 2 ] DEBUG Engine               - appIcon: fxgl_icon.png
09:59:34.444 [FXGL Background Thread 2 ] DEBUG Engine               - applicationMode: RELEASE
09:59:34.444 [FXGL Background Thread 2 ] DEBUG Engine               - cSSList: [fxgl_dark.css]
09:59:34.445 [FXGL Background Thread 2 ] DEBUG Engine               - collisionDetectionStrategy: BRUTE_FORCE
09:59:34.445 [FXGL Background Thread 2 ] DEBUG Engine               - configClass: Optional.empty
09:59:34.445 [FXGL Background Thread 2 ] DEBUG Engine               - credits: []
09:59:34.445 [FXGL Background Thread 2 ] DEBUG Engine               - defaultCursor: CursorInfo(imageName=fxgl_default_cursor.png, hotspotX=7.0, hotspotY=6.0)
09:59:34.446 [FXGL Background Thread 2 ] DEBUG Engine               - devBBoxColorProperty: ObjectProperty [value: 0xff0000ff]
09:59:34.446 [FXGL Background Thread 2 ] DEBUG Engine               - devEnableDebugCameraProperty: BooleanProperty [value: false]
09:59:34.446 [FXGL Background Thread 2 ] DEBUG Engine               - devSensorColorProperty: ObjectProperty [value: 0xffff00ff]
09:59:34.447 [FXGL Background Thread 2 ] DEBUG Engine               - devShowBBoxProperty: BooleanProperty [value: false]
09:59:34.447 [FXGL Background Thread 2 ] DEBUG Engine               - devShowPositionProperty: BooleanProperty [value: false]
09:59:34.447 [FXGL Background Thread 2 ] DEBUG Engine               - enabledMenuItems: []
09:59:34.447 [FXGL Background Thread 2 ] DEBUG Engine               - engineServices: [class com.almasb.fxgl.app.services.FXGLAssetLoaderService, class com.almasb.fxgl.app.FXGLApplication$GameApplicationService, class com.almasb.fxgl.app.services.FXGLDialogService, class com.almasb.fxgl.app.services.IOTaskExecutorService, class com.almasb.fxgl.io.FileSystemService, class com.almasb.fxgl.localization.LocalizationService, class com.almasb.fxgl.app.services.SystemBundleService, class com.almasb.fxgl.profile.SaveLoadService, class com.almasb.fxgl.ui.FXGLUIFactoryServiceProvider, class com.almasb.fxgl.ui.FXGLDialogFactoryServiceProvider, class com.almasb.fxgl.audio.AudioPlayer, class com.almasb.fxgl.notification.impl.NotificationServiceProvider, class com.almasb.fxgl.achievement.AchievementService, class com.almasb.fxgl.cutscene.CutsceneService, class com.almasb.fxgl.minigames.MiniGameService, class com.almasb.fxgl.net.NetService, class com.almasb.fxgl.app.services.UpdaterService, class com.almasb.fxgl.dev.DevService]
09:59:34.448 [FXGL Background Thread 2 ] DEBUG Engine               - fontGame: Abel-Regular.ttf
09:59:34.448 [FXGL Background Thread 2 ] DEBUG Engine               - fontMono: TerminalLandMono-Regular.otf
09:59:34.448 [FXGL Background Thread 2 ] DEBUG Engine               - fontSizeScaleUI: 1.0
09:59:34.448 [FXGL Background Thread 2 ] DEBUG Engine               - fontText: Courier-Prime.ttf
09:59:34.448 [FXGL Background Thread 2 ] DEBUG Engine               - fontUI: VarelaRound-Regular.ttf
09:59:34.448 [FXGL Background Thread 2 ] DEBUG Engine               - fullScreen: BooleanProperty [value: false]
09:59:34.448 [FXGL Background Thread 2 ] DEBUG Engine               - gameDifficulty: MEDIUM
09:59:34.448 [FXGL Background Thread 2 ] DEBUG Engine               - gameDifficultyProperty: ObjectProperty [value: MEDIUM]
09:59:34.448 [FXGL Background Thread 2 ] DEBUG Engine               - globalMusicVolume: 0.5
09:59:34.449 [FXGL Background Thread 2 ] DEBUG Engine               - globalMusicVolumeProperty: DoubleProperty [value: 0.5]
09:59:34.449 [FXGL Background Thread 2 ] DEBUG Engine               - globalSoundVolume: 0.5
09:59:34.449 [FXGL Background Thread 2 ] DEBUG Engine               - globalSoundVolumeProperty: DoubleProperty [value: 0.5]
09:59:34.449 [FXGL Background Thread 2 ] DEBUG Engine               - height: 712
09:59:34.449 [FXGL Background Thread 2 ] DEBUG Engine               - is3D: false
09:59:34.449 [FXGL Background Thread 2 ] DEBUG Engine               - isAndroid: false
09:59:34.449 [FXGL Background Thread 2 ] DEBUG Engine               - isBrowser: false
09:59:34.450 [FXGL Background Thread 2 ] DEBUG Engine               - isClickFeedbackEnabled: false
09:59:34.450 [FXGL Background Thread 2 ] DEBUG Engine               - isCloseConfirmation: false
09:59:34.450 [FXGL Background Thread 2 ] DEBUG Engine               - isDesktop: true
09:59:34.451 [FXGL Background Thread 2 ] DEBUG Engine               - isDeveloperMenuEnabled: false
09:59:34.451 [FXGL Background Thread 2 ] DEBUG Engine               - isEmbedded: false
09:59:34.452 [FXGL Background Thread 2 ] DEBUG Engine               - isEntityPreloadEnabled: true
09:59:34.452 [FXGL Background Thread 2 ] DEBUG Engine               - isExperimentalTiledLargeMap: false
09:59:34.452 [FXGL Background Thread 2 ] DEBUG Engine               - isFileSystemWriteAllowed: true
09:59:34.452 [FXGL Background Thread 2 ] DEBUG Engine               - isFullScreenAllowed: false
09:59:34.452 [FXGL Background Thread 2 ] DEBUG Engine               - isFullScreenFromStart: false
09:59:34.452 [FXGL Background Thread 2 ] DEBUG Engine               - isGameMenuEnabled: true
09:59:34.452 [FXGL Background Thread 2 ] DEBUG Engine               - isIOS: false
09:59:34.452 [FXGL Background Thread 2 ] DEBUG Engine               - isIntroEnabled: false
09:59:34.452 [FXGL Background Thread 2 ] DEBUG Engine               - isLinux: false
09:59:34.453 [FXGL Background Thread 2 ] DEBUG Engine               - isMac: false
09:59:34.453 [FXGL Background Thread 2 ] DEBUG Engine               - isMainMenuEnabled: true
09:59:34.453 [FXGL Background Thread 2 ] DEBUG Engine               - isManualResizeEnabled: true
09:59:34.453 [FXGL Background Thread 2 ] DEBUG Engine               - isMobile: false
09:59:34.454 [FXGL Background Thread 2 ] DEBUG Engine               - isNative: false
09:59:34.454 [FXGL Background Thread 2 ] DEBUG Engine               - isPauseMusicWhenMinimized: true
09:59:34.454 [FXGL Background Thread 2 ] DEBUG Engine               - isPreserveResizeRatio: true
09:59:34.454 [FXGL Background Thread 2 ] DEBUG Engine               - isProfilingEnabled: false
09:59:34.454 [FXGL Background Thread 2 ] DEBUG Engine               - isScaleAffectedOnResize: true
09:59:34.454 [FXGL Background Thread 2 ] DEBUG Engine               - isSingleStep: false
09:59:34.454 [FXGL Background Thread 2 ] DEBUG Engine               - isUserProfileEnabled: false
09:59:34.455 [FXGL Background Thread 2 ] DEBUG Engine               - isWindows: true
09:59:34.455 [FXGL Background Thread 2 ] DEBUG Engine               - language: ObjectProperty [value: ENGLISH]
09:59:34.455 [FXGL Background Thread 2 ] DEBUG Engine               - menuKey: ESCAPE
09:59:34.455 [FXGL Background Thread 2 ] DEBUG Engine               - mouseSensitivity: 0.2
09:59:34.455 [FXGL Background Thread 2 ] DEBUG Engine               - notificationViewClass: class com.almasb.fxgl.notification.view.XboxNotificationView
09:59:34.455 [FXGL Background Thread 2 ] DEBUG Engine               - pixelsPerMeter: 50.0
09:59:34.455 [FXGL Background Thread 2 ] DEBUG Engine               - platform: WINDOWS
09:59:34.456 [FXGL Background Thread 2 ] DEBUG Engine               - prefHeightProperty: ReadOnlyDoubleProperty [value: 712.0]
09:59:34.456 [FXGL Background Thread 2 ] DEBUG Engine               - prefWidthProperty: ReadOnlyDoubleProperty [value: 512.0]
09:59:34.456 [FXGL Background Thread 2 ] DEBUG Engine               - profileDir: profiles/
09:59:34.456 [FXGL Background Thread 2 ] DEBUG Engine               - profileName: StringProperty [value: DEFAULT]
09:59:34.456 [FXGL Background Thread 2 ] DEBUG Engine               - randomSeed: -1
09:59:34.457 [FXGL Background Thread 2 ] DEBUG Engine               - runtimeInfo: RuntimeInfo(platform=WINDOWS, version=17.3, build=30.03.2023 11.49)
09:59:34.457 [FXGL Background Thread 2 ] DEBUG Engine               - saveFileExt: sav
09:59:34.457 [FXGL Background Thread 2 ] DEBUG Engine               - scaledHeightProp$fxgl: DoubleProperty [bound, value: 712.0]
09:59:34.457 [FXGL Background Thread 2 ] DEBUG Engine               - scaledWidthProp$fxgl: DoubleProperty [bound, value: 512.0]
09:59:34.457 [FXGL Background Thread 2 ] DEBUG Engine               - sceneFactory: com.almasb.fxgl.app.scene.SceneFactory@8bad0c6
09:59:34.457 [FXGL Background Thread 2 ] DEBUG Engine               - secondsIn24h: 60
09:59:34.457 [FXGL Background Thread 2 ] DEBUG Engine               - soundMenuBack: menu/back.wav
09:59:34.458 [FXGL Background Thread 2 ] DEBUG Engine               - soundMenuPress: menu/press.wav
09:59:34.458 [FXGL Background Thread 2 ] DEBUG Engine               - soundMenuSelect: menu/select.wav
09:59:34.458 [FXGL Background Thread 2 ] DEBUG Engine               - soundNotification: core/notification.wav
09:59:34.458 [FXGL Background Thread 2 ] DEBUG Engine               - stageStyle: DECORATED
09:59:34.458 [FXGL Background Thread 2 ] DEBUG Engine               - supportedLanguages: [ENGLISH, FRENCH, GERMAN, HUNGARIAN, RUSSIAN]
09:59:34.458 [FXGL Background Thread 2 ] DEBUG Engine               - ticksPerSecond: -1
09:59:34.458 [FXGL Background Thread 2 ] DEBUG Engine               - title: Space Invaders
09:59:34.459 [FXGL Background Thread 2 ] DEBUG Engine               - urlGithub: https://github.com/AlmasB/FXGL
09:59:34.459 [FXGL Background Thread 2 ] DEBUG Engine               - urlLeaderboard: http://fxgl-top.herokuapp.com/
09:59:34.459 [FXGL Background Thread 2 ] DEBUG Engine               - urlPOM: https://raw.githubusercontent.com/AlmasB/FXGL/release/README.md
09:59:34.459 [FXGL Background Thread 2 ] DEBUG Engine               - userAppClass: class fxgl.spaceinvader.SpaceInvaderApp
09:59:34.459 [FXGL Background Thread 2 ] DEBUG Engine               - version: 1.0.1
09:59:34.459 [FXGL Background Thread 2 ] DEBUG Engine               - versionCheckDays: 7
09:59:34.459 [FXGL Background Thread 2 ] DEBUG Engine               - width: 512
09:59:34.459 [FXGL Background Thread 2 ] DEBUG Engine               - Logging services
09:59:34.459 [FXGL Background Thread 2 ] DEBUG Engine               - class com.almasb.fxgl.app.services.FXGLAssetLoaderService
09:59:34.459 [FXGL Background Thread 2 ] DEBUG Engine               - class com.almasb.fxgl.app.FXGLApplication$GameApplicationService
09:59:34.460 [FXGL Background Thread 2 ] DEBUG Engine               - class com.almasb.fxgl.app.services.FXGLDialogService
09:59:34.460 [FXGL Background Thread 2 ] DEBUG Engine               - class com.almasb.fxgl.app.services.IOTaskExecutorService
09:59:34.460 [FXGL Background Thread 2 ] DEBUG Engine               - class com.almasb.fxgl.io.FileSystemService
09:59:34.460 [FXGL Background Thread 2 ] DEBUG Engine               - class com.almasb.fxgl.localization.LocalizationService
09:59:34.460 [FXGL Background Thread 2 ] DEBUG Engine               - class com.almasb.fxgl.app.services.SystemBundleService
09:59:34.460 [FXGL Background Thread 2 ] DEBUG Engine               - class com.almasb.fxgl.profile.SaveLoadService
09:59:34.461 [FXGL Background Thread 2 ] DEBUG Engine               - class com.almasb.fxgl.ui.FXGLUIFactoryServiceProvider
09:59:34.461 [FXGL Background Thread 2 ] DEBUG Engine               - class com.almasb.fxgl.ui.FXGLDialogFactoryServiceProvider
09:59:34.461 [FXGL Background Thread 2 ] DEBUG Engine               - class com.almasb.fxgl.audio.AudioPlayer
09:59:34.461 [FXGL Background Thread 2 ] DEBUG Engine               - class com.almasb.fxgl.notification.impl.NotificationServiceProvider
09:59:34.461 [FXGL Background Thread 2 ] DEBUG Engine               - class com.almasb.fxgl.achievement.AchievementService
09:59:34.461 [FXGL Background Thread 2 ] DEBUG Engine               - class com.almasb.fxgl.cutscene.CutsceneService
09:59:34.461 [FXGL Background Thread 2 ] DEBUG Engine               - class com.almasb.fxgl.minigames.MiniGameService
09:59:34.461 [FXGL Background Thread 2 ] DEBUG Engine               - class com.almasb.fxgl.net.NetService
09:59:34.461 [FXGL Background Thread 2 ] DEBUG Engine               - class com.almasb.fxgl.app.services.UpdaterService
09:59:34.461 [FXGL Background Thread 2 ] DEBUG Engine               - class com.almasb.fxgl.dev.DevService
09:59:34.891 [JavaFX Application Thread] DEBUG Menu                 - fireNewGame()
09:59:34.891 [JavaFX Application Thread] DEBUG GameApplicationServi - Starting new game
09:59:34.895 [JavaFX Application Thread] DEBUG PrimaryStageWindow   - Pop state: FXGLDefaultMenu
09:59:34.895 [JavaFX Application Thread] DEBUG Input                - Clearing active input actions
09:59:34.897 [JavaFX Application Thread] DEBUG GameApplicationServi - Removing overlay from FXGLDefaultMenu and adding to FXGLMainMenuDummyScene
09:59:34.899 [JavaFX Application Thread] DEBUG PrimaryStageWindow   - FXGLMainMenuDummyScene <- FXGLDefaultMenu
09:59:34.900 [JavaFX Application Thread] DEBUG Input                - Clearing active input actions
09:59:34.923 [JavaFX Application Thread] DEBUG GameApplicationServi - Removing overlay from FXGLMainMenuDummyScene and adding to FXGLLoadingScene
09:59:34.923 [JavaFX Application Thread] DEBUG PrimaryStageWindow   - FXGLMainMenuDummyScene -> FXGLLoadingScene
09:59:34.923 [JavaFX Application Thread] DEBUG GameApplicationServi - Clearing previous game
09:59:34.923 [JavaFX Application Thread] DEBUG GameScene            - Clearing game scene
09:59:34.924 [JavaFX Application Thread] DEBUG GameWorld            - Clearing game world
09:59:34.924 [JavaFX Application Thread] DEBUG PhysicsWorld         - Clearing physics world
09:59:34.926 [FXGL Background Thread 3 ] DEBUG FXGLApplication      - Initializing game
09:59:35.208 [FXGL Background Thread 3 ] WARN  FXGLAssetLoaderServi - Asset "/assets/textures/../fxgl/spaceinvader/assets/textures/player.png" was not found!
09:59:35.209 [FXGL Background Thread 3 ] WARN  FXGLAssetLoaderServi - Failed to load IMAGE
09:59:35.237 [FXGL Background Thread 3 ] WARN  FXGLAssetLoaderServi - Asset "/assets/textures/player.png" was not found!
09:59:35.237 [FXGL Background Thread 3 ] WARN  FXGLAssetLoaderServi - Failed to load IMAGE
09:59:35.293 [FXGL Background Thread 3 ] WARN  GameWorld            - Entity is already attached to world
09:59:35.314 [FXGL Background Thread 3 ] INFO  FXGLApplication      - Game initialization took: 0.387 sec
09:59:35.321 [JavaFX Application Thread] DEBUG Input                - Clearing active input actions
09:59:35.333 [JavaFX Application Thread] DEBUG GameApplicationServi - Removing overlay from FXGLLoadingScene and adding to GameScene
09:59:35.334 [JavaFX Application Thread] DEBUG PrimaryStageWindow   - FXGLLoadingScene -> GameScene
09:59:59.987 [JavaFX Application Thread] DEBUG EventBus             - Firing event: fxgl.spaceinvader.event.GameEvent[source=javafx.event.Event$$Lambda/0x000002375815ad08@68444f7b]
10:00:00.274 [JavaFX Application Thread] DEBUG EventBus             - Firing event: fxgl.spaceinvader.event.GameEvent[source=javafx.event.Event$$Lambda/0x000002375815ad08@68444f7b]
10:00:19.683 [JavaFX Application Thread] DEBUG FXGLApplication      - Exiting FXGL
10:00:19.684 [JavaFX Application Thread] DEBUG LoopRunner           - Stopping loop
10:00:19.684 [JavaFX Application Thread] DEBUG SystemBundleService  - Saving FXGL system data
10:00:19.688 [JavaFX Application Thread] DEBUG FileSystemAccess     - Writing to: C:\Users\DELL\IdeaProjects\SpaceInvader\system\fxgl.bundle
10:00:19.693 [JavaFX Application Thread] DEBUG Async                - Shutting down background threads
10:00:19.694 [JavaFX Application Thread] DEBUG PrimaryStageWindow   - Closing main window
10:00:19.718 [JavaFX Application Thread] DEBUG Logger               - Closing Logger
