19:22:03.941 [main                     ] DEBUG Logger               - Configured Logger
19:22:03.975 [main                     ] DEBUG GameApplication      - Logging settings
Title: Space Invaders
Version: 1.0.1
Width: 512
Height: 712
Fullscreen: false
Intro: false
Profiling: false
Single step:false
App Mode: RELEASE
Menu Key: ESCAPE
Stage Style: DECORATED
Scene Factory: class com.almasb.fxgl.app.scene.SceneFactory

19:22:04.315 [JavaFX Application Thread] DEBUG FXGLApplication      - Initializing FXGL
19:22:04.319 [JavaFX Application Thread] INFO  Engine               - FXGL-17.3 (30.03.2023 11.49) on WINDOWS (J:23 FX:17.0.6)
19:22:04.319 [JavaFX Application Thread] DEBUG Engine               - JRE Vendor Name: Oracle Corporation
19:22:04.319 [JavaFX Application Thread] DEBUG Engine               - Running on OS: Windows 10 version 10.0
19:22:04.319 [JavaFX Application Thread] DEBUG Engine               - Architecture: amd64
19:22:04.319 [JavaFX Application Thread] INFO  Engine               - Source code and latest versions at: https://github.com/AlmasB/FXGL
19:22:04.319 [JavaFX Application Thread] INFO  Engine               -       Ask questions and discuss at: https://github.com/AlmasB/FXGL/discussions
19:22:04.319 [JavaFX Application Thread] INFO  Engine               -              Join the FXGL chat at: https://gitter.im/AlmasB/FXGL
19:22:04.411 [JavaFX Application Thread] DEBUG PrimaryStageWindow   - Creating a JavaFX scene
19:22:04.457 [JavaFX Application Thread] DEBUG PrimaryStageWindow   - Target settings size: 512.0 x 712.0
19:22:04.457 [JavaFX Application Thread] DEBUG PrimaryStageWindow   - Scaled scene size:    512.0 x 712.0
19:22:04.458 [JavaFX Application Thread] DEBUG PrimaryStageWindow   - Scaled ratio: (1.0, 1.0)
19:22:04.459 [JavaFX Application Thread] DEBUG PrimaryStageWindow   - Set initial scene to FXGLStartupScene
19:22:04.468 [JavaFX Application Thread] DEBUG PrimaryStageWindow   - Opening main window
19:22:04.562 [JavaFX Application Thread] DEBUG PrimaryStageWindow   - Window border size: (14.4000244140625, 37.5999755859375)
19:22:04.563 [JavaFX Application Thread] DEBUG PrimaryStageWindow   - Scaled size: 512.0 x 712.0
19:22:04.563 [JavaFX Application Thread] DEBUG PrimaryStageWindow   - Scaled ratio: (1.0, 1.0)
19:22:04.563 [JavaFX Application Thread] DEBUG PrimaryStageWindow   - Scene size: 512.0 x 712.0
19:22:04.564 [JavaFX Application Thread] DEBUG PrimaryStageWindow   - Stage size: 526.4000244140625 x 749.5999755859375
19:22:04.578 [FXGL Background Thread 1 ] DEBUG Engine               - Initializing environment variables
19:22:04.705 [FXGL Background Thread 1 ] DEBUG FXGLAssetLoaderServi - User app class for loading assets: class fxgl.spaceinvader.SpaceInvaderApp
19:22:04.705 [FXGL Background Thread 1 ] DEBUG GameApplicationServi - Applying CSS: fxgl_dark.css
19:22:04.709 [FXGL Background Thread 1 ] DEBUG FXGLAssetLoaderServi - Loading from file system: jar:file:///C:/Users/HP/.m2/repository/com/github/almasb/fxgl/17.3/fxgl-17.3.jar!/fxglassets/ui/css/fxgl_dark.css
19:22:04.769 [FXGL Background Thread 1 ] DEBUG GameApplicationServi - Initializing application scenes
19:22:04.835 [FXGL Background Thread 1 ] DEBUG GameWorld            - Game world initialized
19:22:04.918 [FXGL Background Thread 1 ] DEBUG PhysicsWorld         - Physics world initialized: appHeight=712, physics.ppm=50.0
19:22:04.918 [FXGL Background Thread 1 ] DEBUG PhysicsWorld         - Using strategy: BRUTE_FORCE
19:22:04.923 [FXGL Background Thread 1 ] DEBUG GameScene            - Game scene initialized: 512x712
19:22:04.939 [FXGL Background Thread 1 ] WARN  FXGL.DefaultMenu     - FXGLDefaultMenu is not designed for resolutions < 800x600
19:22:04.940 [FXGL Background Thread 1 ] DEBUG FXGL.DefaultMenu     - createMenuBodyMainMenu()
19:22:04.955 [FXGL Background Thread 1 ] DEBUG FXGL.DefaultMenu     - createOptionsMenu()
19:22:04.968 [FXGL Background Thread 1 ] DEBUG FXGLAssetLoaderServi - Loading from file system: jar:file:///C:/Users/HP/.m2/repository/com/github/almasb/fxgl/17.3/fxgl-17.3.jar!/fxglassets/textures/particles/smoke.png
19:22:05.052 [FXGL Background Thread 1 ] DEBUG FXGLAssetLoaderServi - Loading from file system: jar:file:///C:/Users/HP/.m2/repository/com/github/almasb/fxgl/17.3/fxgl-17.3.jar!/fxglassets/textures/particles/trace_horizontal.png
19:22:05.081 [FXGL Background Thread 1 ] WARN  FXGL.DefaultMenu     - FXGLDefaultMenu is not designed for resolutions < 800x600
19:22:05.081 [FXGL Background Thread 1 ] DEBUG FXGL.DefaultMenu     - createMenuBodyGameMenu()
19:22:05.082 [FXGL Background Thread 1 ] DEBUG FXGL.DefaultMenu     - createOptionsMenu()
19:22:05.101 [FXGL Background Thread 1 ] DEBUG GameApplicationServi - Application scenes initialized
19:22:05.110 [FXGL Background Thread 1 ] DEBUG SystemBundleService  - Loading FXGL system data
19:22:05.114 [FXGL Background Thread 1 ] DEBUG FileSystemAccess     - Reading from: C:\Users\HP\IdeaProjects\SpaceInvader\system\fxgl.bundle
19:22:05.122 [FXGL Background Thread 1 ] DEBUG SystemBundleService  - Bundle FXGL: {}
19:22:05.125 [FXGL Background Thread 3 ] DEBUG FXGLApplication      - Loading fonts
19:22:05.125 [FXGL Background Thread 3 ] DEBUG FXGLAssetLoaderServi - Loading from file system: jar:file:///C:/Users/HP/.m2/repository/com/github/almasb/fxgl/17.3/fxgl-17.3.jar!/fxglassets/ui/fonts/VarelaRound-Regular.ttf
19:22:05.125 [FXGL Background Thread 1 ] DEBUG FXGLApplication      - Loading default localization
19:22:05.126 [FXGL Background Thread 1 ] DEBUG FXGLAssetLoaderServi - Loading from file system: jar:file:///C:/Users/HP/.m2/repository/com/github/almasb/fxgl/17.3/fxgl-17.3.jar!/fxglassets/languages/english.lang
19:22:05.141 [FXGL Background Thread 1 ] INFO  FXGLApplication      - FXGL initialization took: 0.563 sec
19:22:05.151 [JavaFX Application Thread] DEBUG Input                - Registered new binding: Move Left - Left
19:22:05.151 [FXGL Background Thread 3 ] DEBUG FXGLAssetLoaderServi - Loading from file system: jar:file:///C:/Users/HP/.m2/repository/com/github/almasb/fxgl/17.3/fxgl-17.3.jar!/fxglassets/ui/fonts/Abel-Regular.ttf
19:22:05.151 [JavaFX Application Thread] DEBUG Input                - Registered new binding: Move Right - Right
19:22:05.151 [JavaFX Application Thread] DEBUG Input                - Registered new binding: Shoot - Up
19:22:05.152 [JavaFX Application Thread] DEBUG FXGLAssetLoaderServi - Loading from file system: jar:file:///C:/Users/HP/.m2/repository/com/github/almasb/fxgl/17.3/fxgl-17.3.jar!/fxglassets/textures/fxgl_icon.png
19:22:05.155 [FXGL Background Thread 3 ] DEBUG FXGLAssetLoaderServi - Loading from file system: jar:file:///C:/Users/HP/.m2/repository/com/github/almasb/fxgl/17.3/fxgl-17.3.jar!/fxglassets/ui/fonts/TerminalLandMono-Regular.otf
19:22:05.159 [FXGL Background Thread 3 ] DEBUG FXGLAssetLoaderServi - Loading from file system: jar:file:///C:/Users/HP/.m2/repository/com/github/almasb/fxgl/17.3/fxgl-17.3.jar!/fxglassets/ui/fonts/Courier-Prime.ttf
19:22:05.172 [JavaFX Application Thread] DEBUG FXGLAssetLoaderServi - Loading from file system: jar:file:///C:/Users/HP/.m2/repository/com/github/almasb/fxgl/17.3/fxgl-17.3.jar!/fxglassets/textures/fxgl_default_cursor.png
19:22:05.174 [JavaFX Application Thread] DEBUG Input                - Registered new binding: Screenshot - CTRL+8
19:22:05.176 [JavaFX Application Thread] DEBUG LoopRunner           - Starting loop
19:22:05.176 [JavaFX Application Thread] DEBUG LoopRunner           - Initializing JavaFX AnimationTimerLoop
19:22:05.178 [JavaFX Application Thread] DEBUG Input                - Clearing active input actions
19:22:05.187 [JavaFX Application Thread] DEBUG GameApplicationServi - Removing overlay from FXGLStartupScene and adding to FXGLMainMenuDummyScene
19:22:05.188 [JavaFX Application Thread] DEBUG PrimaryStageWindow   - FXGLStartupScene -> FXGLMainMenuDummyScene
19:22:05.188 [JavaFX Application Thread] DEBUG PrimaryStageWindow   - Push state: FXGLDefaultMenu
19:22:05.194 [JavaFX Application Thread] DEBUG Input                - Clearing active input actions
19:22:05.201 [JavaFX Application Thread] DEBUG GameApplicationServi - Removing overlay from FXGLMainMenuDummyScene and adding to FXGLDefaultMenu
19:22:05.201 [JavaFX Application Thread] DEBUG PrimaryStageWindow   - FXGLMainMenuDummyScene -> FXGLDefaultMenu
19:22:05.202 [JavaFX Application Thread] DEBUG FXGLApplication      - Registering font factories with UI factory
19:22:06.124 [JavaFX Application Thread] DEBUG Menu                 - fireNewGame()
19:22:06.124 [JavaFX Application Thread] DEBUG GameApplicationServi - Starting new game
19:22:06.126 [JavaFX Application Thread] DEBUG PrimaryStageWindow   - Pop state: FXGLDefaultMenu
19:22:06.126 [JavaFX Application Thread] DEBUG Input                - Clearing active input actions
19:22:06.127 [JavaFX Application Thread] DEBUG GameApplicationServi - Removing overlay from FXGLDefaultMenu and adding to FXGLMainMenuDummyScene
19:22:06.128 [JavaFX Application Thread] DEBUG PrimaryStageWindow   - FXGLMainMenuDummyScene <- FXGLDefaultMenu
19:22:06.129 [JavaFX Application Thread] DEBUG Input                - Clearing active input actions
19:22:06.137 [JavaFX Application Thread] DEBUG GameApplicationServi - Removing overlay from FXGLMainMenuDummyScene and adding to FXGLLoadingScene
19:22:06.137 [JavaFX Application Thread] DEBUG PrimaryStageWindow   - FXGLMainMenuDummyScene -> FXGLLoadingScene
19:22:06.137 [JavaFX Application Thread] DEBUG GameApplicationServi - Clearing previous game
19:22:06.137 [JavaFX Application Thread] DEBUG GameScene            - Clearing game scene
19:22:06.137 [JavaFX Application Thread] DEBUG GameWorld            - Clearing game world
19:22:06.138 [JavaFX Application Thread] DEBUG PhysicsWorld         - Clearing physics world
19:22:06.141 [FXGL Background Thread 3 ] DEBUG FXGLApplication      - Initializing game
19:22:06.191 [FXGL Background Thread 3 ] INFO  FXGLApplication      - Game initialization took: 0.050 sec
19:22:06.206 [JavaFX Application Thread] DEBUG Input                - Clearing active input actions
19:22:06.214 [JavaFX Application Thread] DEBUG GameApplicationServi - Removing overlay from FXGLLoadingScene and adding to GameScene
19:22:06.214 [JavaFX Application Thread] DEBUG PrimaryStageWindow   - FXGLLoadingScene -> GameScene
19:22:08.123 [FXGL Background Thread 2 ] DEBUG Engine               - Logging environment variables
19:22:08.124 [FXGL Background Thread 2 ] DEBUG Engine               - achievements: []
19:22:08.124 [FXGL Background Thread 2 ] DEBUG Engine               - actualHeight: 712.0
19:22:08.124 [FXGL Background Thread 2 ] DEBUG Engine               - actualHeightProperty: ReadOnlyDoubleProperty [value: 712.0]
19:22:08.124 [FXGL Background Thread 2 ] DEBUG Engine               - actualWidth: 512.0
19:22:08.124 [FXGL Background Thread 2 ] DEBUG Engine               - actualWidthProperty: ReadOnlyDoubleProperty [value: 512.0]
19:22:08.124 [FXGL Background Thread 2 ] DEBUG Engine               - appIcon: fxgl_icon.png
19:22:08.124 [FXGL Background Thread 2 ] DEBUG Engine               - applicationMode: RELEASE
19:22:08.124 [FXGL Background Thread 2 ] DEBUG Engine               - cSSList: [fxgl_dark.css]
19:22:08.124 [FXGL Background Thread 2 ] DEBUG Engine               - collisionDetectionStrategy: BRUTE_FORCE
19:22:08.124 [FXGL Background Thread 2 ] DEBUG Engine               - configClass: Optional.empty
19:22:08.124 [FXGL Background Thread 2 ] DEBUG Engine               - credits: []
19:22:08.125 [FXGL Background Thread 2 ] DEBUG Engine               - defaultCursor: CursorInfo(imageName=fxgl_default_cursor.png, hotspotX=7.0, hotspotY=6.0)
19:22:08.125 [FXGL Background Thread 2 ] DEBUG Engine               - devBBoxColorProperty: ObjectProperty [value: 0xff0000ff]
19:22:08.125 [FXGL Background Thread 2 ] DEBUG Engine               - devEnableDebugCameraProperty: BooleanProperty [value: false]
19:22:08.125 [FXGL Background Thread 2 ] DEBUG Engine               - devSensorColorProperty: ObjectProperty [value: 0xffff00ff]
19:22:08.125 [FXGL Background Thread 2 ] DEBUG Engine               - devShowBBoxProperty: BooleanProperty [value: false]
19:22:08.125 [FXGL Background Thread 2 ] DEBUG Engine               - devShowPositionProperty: BooleanProperty [value: false]
19:22:08.125 [FXGL Background Thread 2 ] DEBUG Engine               - enabledMenuItems: []
19:22:08.126 [FXGL Background Thread 2 ] DEBUG Engine               - engineServices: [class com.almasb.fxgl.app.services.FXGLAssetLoaderService, class com.almasb.fxgl.app.FXGLApplication$GameApplicationService, class com.almasb.fxgl.app.services.FXGLDialogService, class com.almasb.fxgl.app.services.IOTaskExecutorService, class com.almasb.fxgl.io.FileSystemService, class com.almasb.fxgl.localization.LocalizationService, class com.almasb.fxgl.app.services.SystemBundleService, class com.almasb.fxgl.profile.SaveLoadService, class com.almasb.fxgl.ui.FXGLUIFactoryServiceProvider, class com.almasb.fxgl.ui.FXGLDialogFactoryServiceProvider, class com.almasb.fxgl.audio.AudioPlayer, class com.almasb.fxgl.notification.impl.NotificationServiceProvider, class com.almasb.fxgl.achievement.AchievementService, class com.almasb.fxgl.cutscene.CutsceneService, class com.almasb.fxgl.minigames.MiniGameService, class com.almasb.fxgl.net.NetService, class com.almasb.fxgl.app.services.UpdaterService, class com.almasb.fxgl.dev.DevService]
19:22:08.126 [FXGL Background Thread 2 ] DEBUG Engine               - fontGame: Abel-Regular.ttf
19:22:08.126 [FXGL Background Thread 2 ] DEBUG Engine               - fontMono: TerminalLandMono-Regular.otf
19:22:08.126 [FXGL Background Thread 2 ] DEBUG Engine               - fontSizeScaleUI: 1.0
19:22:08.126 [FXGL Background Thread 2 ] DEBUG Engine               - fontText: Courier-Prime.ttf
19:22:08.126 [FXGL Background Thread 2 ] DEBUG Engine               - fontUI: VarelaRound-Regular.ttf
19:22:08.126 [FXGL Background Thread 2 ] DEBUG Engine               - fullScreen: BooleanProperty [value: false]
19:22:08.126 [FXGL Background Thread 2 ] DEBUG Engine               - gameDifficulty: MEDIUM
19:22:08.126 [FXGL Background Thread 2 ] DEBUG Engine               - gameDifficultyProperty: ObjectProperty [value: MEDIUM]
19:22:08.126 [FXGL Background Thread 2 ] DEBUG Engine               - globalMusicVolume: 0.5
19:22:08.126 [FXGL Background Thread 2 ] DEBUG Engine               - globalMusicVolumeProperty: DoubleProperty [value: 0.5]
19:22:08.126 [FXGL Background Thread 2 ] DEBUG Engine               - globalSoundVolume: 0.5
19:22:08.126 [FXGL Background Thread 2 ] DEBUG Engine               - globalSoundVolumeProperty: DoubleProperty [value: 0.5]
19:22:08.126 [FXGL Background Thread 2 ] DEBUG Engine               - height: 712
19:22:08.126 [FXGL Background Thread 2 ] DEBUG Engine               - is3D: false
19:22:08.126 [FXGL Background Thread 2 ] DEBUG Engine               - isAndroid: false
19:22:08.126 [FXGL Background Thread 2 ] DEBUG Engine               - isBrowser: false
19:22:08.126 [FXGL Background Thread 2 ] DEBUG Engine               - isClickFeedbackEnabled: false
19:22:08.126 [FXGL Background Thread 2 ] DEBUG Engine               - isCloseConfirmation: false
19:22:08.126 [FXGL Background Thread 2 ] DEBUG Engine               - isDesktop: true
19:22:08.127 [FXGL Background Thread 2 ] DEBUG Engine               - isDeveloperMenuEnabled: false
19:22:08.127 [FXGL Background Thread 2 ] DEBUG Engine               - isEmbedded: false
19:22:08.127 [FXGL Background Thread 2 ] DEBUG Engine               - isEntityPreloadEnabled: true
19:22:08.127 [FXGL Background Thread 2 ] DEBUG Engine               - isExperimentalTiledLargeMap: false
19:22:08.127 [FXGL Background Thread 2 ] DEBUG Engine               - isFileSystemWriteAllowed: true
19:22:08.127 [FXGL Background Thread 2 ] DEBUG Engine               - isFullScreenAllowed: false
19:22:08.127 [FXGL Background Thread 2 ] DEBUG Engine               - isFullScreenFromStart: false
19:22:08.127 [FXGL Background Thread 2 ] DEBUG Engine               - isGameMenuEnabled: true
19:22:08.127 [FXGL Background Thread 2 ] DEBUG Engine               - isIOS: false
19:22:08.127 [FXGL Background Thread 2 ] DEBUG Engine               - isIntroEnabled: false
19:22:08.127 [FXGL Background Thread 2 ] DEBUG Engine               - isLinux: false
19:22:08.127 [FXGL Background Thread 2 ] DEBUG Engine               - isMac: false
19:22:08.127 [FXGL Background Thread 2 ] DEBUG Engine               - isMainMenuEnabled: true
19:22:08.127 [FXGL Background Thread 2 ] DEBUG Engine               - isManualResizeEnabled: true
19:22:08.127 [FXGL Background Thread 2 ] DEBUG Engine               - isMobile: false
19:22:08.127 [FXGL Background Thread 2 ] DEBUG Engine               - isNative: false
19:22:08.127 [FXGL Background Thread 2 ] DEBUG Engine               - isPauseMusicWhenMinimized: true
19:22:08.127 [FXGL Background Thread 2 ] DEBUG Engine               - isPreserveResizeRatio: true
19:22:08.127 [FXGL Background Thread 2 ] DEBUG Engine               - isProfilingEnabled: false
19:22:08.127 [FXGL Background Thread 2 ] DEBUG Engine               - isScaleAffectedOnResize: true
19:22:08.127 [FXGL Background Thread 2 ] DEBUG Engine               - isSingleStep: false
19:22:08.127 [FXGL Background Thread 2 ] DEBUG Engine               - isUserProfileEnabled: false
19:22:08.127 [FXGL Background Thread 2 ] DEBUG Engine               - isWindows: true
19:22:08.128 [FXGL Background Thread 2 ] DEBUG Engine               - language: ObjectProperty [value: ENGLISH]
19:22:08.128 [FXGL Background Thread 2 ] DEBUG Engine               - menuKey: ESCAPE
19:22:08.128 [FXGL Background Thread 2 ] DEBUG Engine               - mouseSensitivity: 0.2
19:22:08.128 [FXGL Background Thread 2 ] DEBUG Engine               - notificationViewClass: class com.almasb.fxgl.notification.view.XboxNotificationView
19:22:08.128 [FXGL Background Thread 2 ] DEBUG Engine               - pixelsPerMeter: 50.0
19:22:08.128 [FXGL Background Thread 2 ] DEBUG Engine               - platform: WINDOWS
19:22:08.128 [FXGL Background Thread 2 ] DEBUG Engine               - prefHeightProperty: ReadOnlyDoubleProperty [value: 712.0]
19:22:08.128 [FXGL Background Thread 2 ] DEBUG Engine               - prefWidthProperty: ReadOnlyDoubleProperty [value: 512.0]
19:22:08.128 [FXGL Background Thread 2 ] DEBUG Engine               - profileDir: profiles/
19:22:08.128 [FXGL Background Thread 2 ] DEBUG Engine               - profileName: StringProperty [value: DEFAULT]
19:22:08.128 [FXGL Background Thread 2 ] DEBUG Engine               - randomSeed: -1
19:22:08.128 [FXGL Background Thread 2 ] DEBUG Engine               - runtimeInfo: RuntimeInfo(platform=WINDOWS, version=17.3, build=30.03.2023 11.49)
19:22:08.128 [FXGL Background Thread 2 ] DEBUG Engine               - saveFileExt: sav
19:22:08.128 [FXGL Background Thread 2 ] DEBUG Engine               - scaledHeightProp$fxgl: DoubleProperty [bound, value: 712.0]
19:22:08.128 [FXGL Background Thread 2 ] DEBUG Engine               - scaledWidthProp$fxgl: DoubleProperty [bound, value: 512.0]
19:22:08.128 [FXGL Background Thread 2 ] DEBUG Engine               - sceneFactory: com.almasb.fxgl.app.scene.SceneFactory@a5f1976
19:22:08.128 [FXGL Background Thread 2 ] DEBUG Engine               - secondsIn24h: 60
19:22:08.128 [FXGL Background Thread 2 ] DEBUG Engine               - soundMenuBack: menu/back.wav
19:22:08.129 [FXGL Background Thread 2 ] DEBUG Engine               - soundMenuPress: menu/press.wav
19:22:08.129 [FXGL Background Thread 2 ] DEBUG Engine               - soundMenuSelect: menu/select.wav
19:22:08.129 [FXGL Background Thread 2 ] DEBUG Engine               - soundNotification: core/notification.wav
19:22:08.129 [FXGL Background Thread 2 ] DEBUG Engine               - stageStyle: DECORATED
19:22:08.129 [FXGL Background Thread 2 ] DEBUG Engine               - supportedLanguages: [ENGLISH, FRENCH, GERMAN, HUNGARIAN, RUSSIAN]
19:22:08.129 [FXGL Background Thread 2 ] DEBUG Engine               - ticksPerSecond: -1
19:22:08.129 [FXGL Background Thread 2 ] DEBUG Engine               - title: Space Invaders
19:22:08.129 [FXGL Background Thread 2 ] DEBUG Engine               - urlGithub: https://github.com/AlmasB/FXGL
19:22:08.129 [FXGL Background Thread 2 ] DEBUG Engine               - urlLeaderboard: http://fxgl-top.herokuapp.com/
19:22:08.129 [FXGL Background Thread 2 ] DEBUG Engine               - urlPOM: https://raw.githubusercontent.com/AlmasB/FXGL/release/README.md
19:22:08.129 [FXGL Background Thread 2 ] DEBUG Engine               - userAppClass: class fxgl.spaceinvader.SpaceInvaderApp
19:22:08.129 [FXGL Background Thread 2 ] DEBUG Engine               - version: 1.0.1
19:22:08.129 [FXGL Background Thread 2 ] DEBUG Engine               - versionCheckDays: 7
19:22:08.129 [FXGL Background Thread 2 ] DEBUG Engine               - width: 512
19:22:08.129 [FXGL Background Thread 2 ] DEBUG Engine               - Logging services
19:22:08.129 [FXGL Background Thread 2 ] DEBUG Engine               - class com.almasb.fxgl.app.services.FXGLAssetLoaderService
19:22:08.129 [FXGL Background Thread 2 ] DEBUG Engine               - class com.almasb.fxgl.app.FXGLApplication$GameApplicationService
19:22:08.129 [FXGL Background Thread 2 ] DEBUG Engine               - class com.almasb.fxgl.app.services.FXGLDialogService
19:22:08.129 [FXGL Background Thread 2 ] DEBUG Engine               - class com.almasb.fxgl.app.services.IOTaskExecutorService
19:22:08.129 [FXGL Background Thread 2 ] DEBUG Engine               - class com.almasb.fxgl.io.FileSystemService
19:22:08.129 [FXGL Background Thread 2 ] DEBUG Engine               - class com.almasb.fxgl.localization.LocalizationService
19:22:08.129 [FXGL Background Thread 2 ] DEBUG Engine               - class com.almasb.fxgl.app.services.SystemBundleService
19:22:08.129 [FXGL Background Thread 2 ] DEBUG Engine               - class com.almasb.fxgl.profile.SaveLoadService
19:22:08.129 [FXGL Background Thread 2 ] DEBUG Engine               - class com.almasb.fxgl.ui.FXGLUIFactoryServiceProvider
19:22:08.129 [FXGL Background Thread 2 ] DEBUG Engine               - class com.almasb.fxgl.ui.FXGLDialogFactoryServiceProvider
19:22:08.130 [FXGL Background Thread 2 ] DEBUG Engine               - class com.almasb.fxgl.audio.AudioPlayer
19:22:08.130 [FXGL Background Thread 2 ] DEBUG Engine               - class com.almasb.fxgl.notification.impl.NotificationServiceProvider
19:22:08.130 [FXGL Background Thread 2 ] DEBUG Engine               - class com.almasb.fxgl.achievement.AchievementService
19:22:08.130 [FXGL Background Thread 2 ] DEBUG Engine               - class com.almasb.fxgl.cutscene.CutsceneService
19:22:08.130 [FXGL Background Thread 2 ] DEBUG Engine               - class com.almasb.fxgl.minigames.MiniGameService
19:22:08.130 [FXGL Background Thread 2 ] DEBUG Engine               - class com.almasb.fxgl.net.NetService
19:22:08.130 [FXGL Background Thread 2 ] DEBUG Engine               - class com.almasb.fxgl.app.services.UpdaterService
19:22:08.130 [FXGL Background Thread 2 ] DEBUG Engine               - class com.almasb.fxgl.dev.DevService
19:22:16.421 [JavaFX Application Thread] DEBUG FXGLApplication      - Exiting FXGL
19:22:16.422 [JavaFX Application Thread] DEBUG LoopRunner           - Stopping loop
19:22:16.422 [JavaFX Application Thread] DEBUG SystemBundleService  - Saving FXGL system data
19:22:16.424 [JavaFX Application Thread] DEBUG FileSystemAccess     - Writing to: C:\Users\HP\IdeaProjects\SpaceInvader\system\fxgl.bundle
19:22:16.426 [JavaFX Application Thread] DEBUG Async                - Shutting down background threads
19:22:16.426 [JavaFX Application Thread] DEBUG PrimaryStageWindow   - Closing main window
19:22:16.459 [JavaFX Application Thread] DEBUG Logger               - Closing Logger
