18:22:28.772 [main                     ] DEBUG Logger               - Configured Logger
18:22:28.805 [main                     ] DEBUG GameApplication      - Logging settings
Title: Space Invaders
Version: 1.0.1
Width: 512
Height: 712
Fullscreen: false
Intro: false
Profiling: false
Single step:false
App Mode: RELEASE
Menu Key: ESCAPE
Stage Style: DECORATED
Scene Factory: class com.almasb.fxgl.app.scene.SceneFactory

18:22:29.133 [JavaFX Application Thread] DEBUG FXGLApplication      - Initializing FXGL
18:22:29.139 [JavaFX Application Thread] INFO  Engine               - FXGL-17.3 (30.03.2023 11.49) on WINDOWS (J:23 FX:17.0.6)
18:22:29.139 [JavaFX Application Thread] DEBUG Engine               - JRE Vendor Name: Oracle Corporation
18:22:29.139 [JavaFX Application Thread] DEBUG Engine               - Running on OS: Windows 10 version 10.0
18:22:29.139 [JavaFX Application Thread] DEBUG Engine               - Architecture: amd64
18:22:29.139 [JavaFX Application Thread] INFO  Engine               - Source code and latest versions at: https://github.com/AlmasB/FXGL
18:22:29.139 [JavaFX Application Thread] INFO  Engine               -       Ask questions and discuss at: https://github.com/AlmasB/FXGL/discussions
18:22:29.139 [JavaFX Application Thread] INFO  Engine               -              Join the FXGL chat at: https://gitter.im/AlmasB/FXGL
18:22:29.228 [JavaFX Application Thread] DEBUG PrimaryStageWindow   - Creating a JavaFX scene
18:22:29.278 [JavaFX Application Thread] DEBUG PrimaryStageWindow   - Target settings size: 512.0 x 712.0
18:22:29.278 [JavaFX Application Thread] DEBUG PrimaryStageWindow   - Scaled scene size:    512.0 x 712.0
18:22:29.278 [JavaFX Application Thread] DEBUG PrimaryStageWindow   - Scaled ratio: (1.0, 1.0)
18:22:29.279 [JavaFX Application Thread] DEBUG PrimaryStageWindow   - Set initial scene to FXGLStartupScene
18:22:29.286 [JavaFX Application Thread] DEBUG PrimaryStageWindow   - Opening main window
18:22:29.371 [JavaFX Application Thread] DEBUG PrimaryStageWindow   - Window border size: (14.4000244140625, 37.5999755859375)
18:22:29.372 [JavaFX Application Thread] DEBUG PrimaryStageWindow   - Scaled size: 512.0 x 712.0
18:22:29.372 [JavaFX Application Thread] DEBUG PrimaryStageWindow   - Scaled ratio: (1.0, 1.0)
18:22:29.372 [JavaFX Application Thread] DEBUG PrimaryStageWindow   - Scene size: 512.0 x 712.0
18:22:29.373 [JavaFX Application Thread] DEBUG PrimaryStageWindow   - Stage size: 526.4000244140625 x 749.5999755859375
18:22:29.386 [FXGL Background Thread 1 ] DEBUG Engine               - Initializing environment variables
18:22:29.501 [FXGL Background Thread 1 ] DEBUG FXGLAssetLoaderServi - User app class for loading assets: class fxgl.spaceinvader.SpaceInvaderApp
18:22:29.501 [FXGL Background Thread 1 ] DEBUG GameApplicationServi - Applying CSS: fxgl_dark.css
18:22:29.502 [FXGL Background Thread 1 ] DEBUG FXGLAssetLoaderServi - Loading from file system: jar:file:///C:/Users/HP/.m2/repository/com/github/almasb/fxgl/17.3/fxgl-17.3.jar!/fxglassets/ui/css/fxgl_dark.css
18:22:29.556 [FXGL Background Thread 1 ] DEBUG GameApplicationServi - Initializing application scenes
18:22:29.611 [FXGL Background Thread 1 ] DEBUG GameWorld            - Game world initialized
18:22:29.693 [FXGL Background Thread 1 ] DEBUG PhysicsWorld         - Physics world initialized: appHeight=712, physics.ppm=50.0
18:22:29.693 [FXGL Background Thread 1 ] DEBUG PhysicsWorld         - Using strategy: BRUTE_FORCE
18:22:29.698 [FXGL Background Thread 1 ] DEBUG GameScene            - Game scene initialized: 512x712
18:22:29.712 [FXGL Background Thread 1 ] WARN  FXGL.DefaultMenu     - FXGLDefaultMenu is not designed for resolutions < 800x600
18:22:29.712 [FXGL Background Thread 1 ] DEBUG FXGL.DefaultMenu     - createMenuBodyMainMenu()
18:22:29.728 [FXGL Background Thread 1 ] DEBUG FXGL.DefaultMenu     - createOptionsMenu()
18:22:29.743 [FXGL Background Thread 1 ] DEBUG FXGLAssetLoaderServi - Loading from file system: jar:file:///C:/Users/HP/.m2/repository/com/github/almasb/fxgl/17.3/fxgl-17.3.jar!/fxglassets/textures/particles/smoke.png
18:22:29.826 [FXGL Background Thread 1 ] DEBUG FXGLAssetLoaderServi - Loading from file system: jar:file:///C:/Users/HP/.m2/repository/com/github/almasb/fxgl/17.3/fxgl-17.3.jar!/fxglassets/textures/particles/trace_horizontal.png
18:22:29.851 [FXGL Background Thread 1 ] WARN  FXGL.DefaultMenu     - FXGLDefaultMenu is not designed for resolutions < 800x600
18:22:29.851 [FXGL Background Thread 1 ] DEBUG FXGL.DefaultMenu     - createMenuBodyGameMenu()
18:22:29.853 [FXGL Background Thread 1 ] DEBUG FXGL.DefaultMenu     - createOptionsMenu()
18:22:29.874 [FXGL Background Thread 1 ] DEBUG GameApplicationServi - Application scenes initialized
18:22:29.883 [FXGL Background Thread 1 ] DEBUG SystemBundleService  - Loading FXGL system data
18:22:29.888 [FXGL Background Thread 1 ] DEBUG FileSystemAccess     - Reading from: C:\Users\HP\IdeaProjects\SpaceInvader\system\fxgl.bundle
18:22:29.894 [FXGL Background Thread 1 ] DEBUG SystemBundleService  - Bundle FXGL: {}
18:22:29.896 [FXGL Background Thread 3 ] DEBUG FXGLApplication      - Loading fonts
18:22:29.897 [FXGL Background Thread 3 ] DEBUG FXGLAssetLoaderServi - Loading from file system: jar:file:///C:/Users/HP/.m2/repository/com/github/almasb/fxgl/17.3/fxgl-17.3.jar!/fxglassets/ui/fonts/VarelaRound-Regular.ttf
18:22:29.897 [FXGL Background Thread 1 ] DEBUG FXGLApplication      - Loading default localization
18:22:29.897 [FXGL Background Thread 1 ] DEBUG FXGLAssetLoaderServi - Loading from file system: jar:file:///C:/Users/HP/.m2/repository/com/github/almasb/fxgl/17.3/fxgl-17.3.jar!/fxglassets/languages/english.lang
18:22:29.911 [FXGL Background Thread 1 ] INFO  FXGLApplication      - FXGL initialization took: 0.525 sec
18:22:29.921 [JavaFX Application Thread] DEBUG Input                - Registered new binding: Move Left - Left
18:22:29.922 [JavaFX Application Thread] DEBUG Input                - Registered new binding: Move Right - Right
18:22:29.922 [JavaFX Application Thread] DEBUG Input                - Registered new binding: Shoot - Up
18:22:29.922 [JavaFX Application Thread] DEBUG FXGLAssetLoaderServi - Loading from file system: jar:file:///C:/Users/HP/.m2/repository/com/github/almasb/fxgl/17.3/fxgl-17.3.jar!/fxglassets/textures/fxgl_icon.png
18:22:29.923 [FXGL Background Thread 3 ] DEBUG FXGLAssetLoaderServi - Loading from file system: jar:file:///C:/Users/HP/.m2/repository/com/github/almasb/fxgl/17.3/fxgl-17.3.jar!/fxglassets/ui/fonts/Abel-Regular.ttf
18:22:29.926 [FXGL Background Thread 3 ] DEBUG FXGLAssetLoaderServi - Loading from file system: jar:file:///C:/Users/HP/.m2/repository/com/github/almasb/fxgl/17.3/fxgl-17.3.jar!/fxglassets/ui/fonts/TerminalLandMono-Regular.otf
18:22:29.929 [FXGL Background Thread 3 ] DEBUG FXGLAssetLoaderServi - Loading from file system: jar:file:///C:/Users/HP/.m2/repository/com/github/almasb/fxgl/17.3/fxgl-17.3.jar!/fxglassets/ui/fonts/Courier-Prime.ttf
18:22:29.939 [JavaFX Application Thread] DEBUG FXGLAssetLoaderServi - Loading from file system: jar:file:///C:/Users/HP/.m2/repository/com/github/almasb/fxgl/17.3/fxgl-17.3.jar!/fxglassets/textures/fxgl_default_cursor.png
18:22:29.943 [JavaFX Application Thread] DEBUG Input                - Registered new binding: Screenshot - CTRL+8
18:22:29.945 [JavaFX Application Thread] DEBUG LoopRunner           - Starting loop
18:22:29.945 [JavaFX Application Thread] DEBUG LoopRunner           - Initializing JavaFX AnimationTimerLoop
18:22:29.947 [JavaFX Application Thread] DEBUG Input                - Clearing active input actions
18:22:29.954 [JavaFX Application Thread] DEBUG GameApplicationServi - Removing overlay from FXGLStartupScene and adding to FXGLMainMenuDummyScene
18:22:29.955 [JavaFX Application Thread] DEBUG PrimaryStageWindow   - FXGLStartupScene -> FXGLMainMenuDummyScene
18:22:29.955 [JavaFX Application Thread] DEBUG PrimaryStageWindow   - Push state: FXGLDefaultMenu
18:22:29.961 [JavaFX Application Thread] DEBUG Input                - Clearing active input actions
18:22:29.968 [JavaFX Application Thread] DEBUG GameApplicationServi - Removing overlay from FXGLMainMenuDummyScene and adding to FXGLDefaultMenu
18:22:29.968 [JavaFX Application Thread] DEBUG PrimaryStageWindow   - FXGLMainMenuDummyScene -> FXGLDefaultMenu
18:22:29.974 [JavaFX Application Thread] DEBUG FXGLApplication      - Registering font factories with UI factory
18:22:30.942 [JavaFX Application Thread] DEBUG Menu                 - fireNewGame()
18:22:30.943 [JavaFX Application Thread] DEBUG GameApplicationServi - Starting new game
18:22:30.944 [JavaFX Application Thread] DEBUG PrimaryStageWindow   - Pop state: FXGLDefaultMenu
18:22:30.944 [JavaFX Application Thread] DEBUG Input                - Clearing active input actions
18:22:30.946 [JavaFX Application Thread] DEBUG GameApplicationServi - Removing overlay from FXGLDefaultMenu and adding to FXGLMainMenuDummyScene
18:22:30.947 [JavaFX Application Thread] DEBUG PrimaryStageWindow   - FXGLMainMenuDummyScene <- FXGLDefaultMenu
18:22:30.948 [JavaFX Application Thread] DEBUG Input                - Clearing active input actions
18:22:30.957 [JavaFX Application Thread] DEBUG GameApplicationServi - Removing overlay from FXGLMainMenuDummyScene and adding to FXGLLoadingScene
18:22:30.958 [JavaFX Application Thread] DEBUG PrimaryStageWindow   - FXGLMainMenuDummyScene -> FXGLLoadingScene
18:22:30.958 [JavaFX Application Thread] DEBUG GameApplicationServi - Clearing previous game
18:22:30.958 [JavaFX Application Thread] DEBUG GameScene            - Clearing game scene
18:22:30.959 [JavaFX Application Thread] DEBUG GameWorld            - Clearing game world
18:22:30.959 [JavaFX Application Thread] DEBUG PhysicsWorld         - Clearing physics world
18:22:30.961 [FXGL Background Thread 3 ] DEBUG FXGLApplication      - Initializing game
18:22:31.003 [FXGL Background Thread 3 ] INFO  FXGLApplication      - Game initialization took: 0.042 sec
18:22:31.004 [JavaFX Application Thread] DEBUG Input                - Clearing active input actions
18:22:31.012 [JavaFX Application Thread] DEBUG GameApplicationServi - Removing overlay from FXGLLoadingScene and adding to GameScene
18:22:31.012 [JavaFX Application Thread] DEBUG PrimaryStageWindow   - FXGLLoadingScene -> GameScene
18:22:32.897 [FXGL Background Thread 2 ] DEBUG Engine               - Logging environment variables
18:22:32.897 [FXGL Background Thread 2 ] DEBUG Engine               - achievements: []
18:22:32.897 [FXGL Background Thread 2 ] DEBUG Engine               - actualHeight: 712.0
18:22:32.897 [FXGL Background Thread 2 ] DEBUG Engine               - actualHeightProperty: ReadOnlyDoubleProperty [value: 712.0]
18:22:32.897 [FXGL Background Thread 2 ] DEBUG Engine               - actualWidth: 512.0
18:22:32.897 [FXGL Background Thread 2 ] DEBUG Engine               - actualWidthProperty: ReadOnlyDoubleProperty [value: 512.0]
18:22:32.898 [FXGL Background Thread 2 ] DEBUG Engine               - appIcon: fxgl_icon.png
18:22:32.898 [FXGL Background Thread 2 ] DEBUG Engine               - applicationMode: RELEASE
18:22:32.898 [FXGL Background Thread 2 ] DEBUG Engine               - cSSList: [fxgl_dark.css]
18:22:32.898 [FXGL Background Thread 2 ] DEBUG Engine               - collisionDetectionStrategy: BRUTE_FORCE
18:22:32.898 [FXGL Background Thread 2 ] DEBUG Engine               - configClass: Optional.empty
18:22:32.898 [FXGL Background Thread 2 ] DEBUG Engine               - credits: []
18:22:32.898 [FXGL Background Thread 2 ] DEBUG Engine               - defaultCursor: CursorInfo(imageName=fxgl_default_cursor.png, hotspotX=7.0, hotspotY=6.0)
18:22:32.898 [FXGL Background Thread 2 ] DEBUG Engine               - devBBoxColorProperty: ObjectProperty [value: 0xff0000ff]
18:22:32.898 [FXGL Background Thread 2 ] DEBUG Engine               - devEnableDebugCameraProperty: BooleanProperty [value: false]
18:22:32.898 [FXGL Background Thread 2 ] DEBUG Engine               - devSensorColorProperty: ObjectProperty [value: 0xffff00ff]
18:22:32.899 [FXGL Background Thread 2 ] DEBUG Engine               - devShowBBoxProperty: BooleanProperty [value: false]
18:22:32.899 [FXGL Background Thread 2 ] DEBUG Engine               - devShowPositionProperty: BooleanProperty [value: false]
18:22:32.899 [FXGL Background Thread 2 ] DEBUG Engine               - enabledMenuItems: []
18:22:32.899 [FXGL Background Thread 2 ] DEBUG Engine               - engineServices: [class com.almasb.fxgl.app.services.FXGLAssetLoaderService, class com.almasb.fxgl.app.FXGLApplication$GameApplicationService, class com.almasb.fxgl.app.services.FXGLDialogService, class com.almasb.fxgl.app.services.IOTaskExecutorService, class com.almasb.fxgl.io.FileSystemService, class com.almasb.fxgl.localization.LocalizationService, class com.almasb.fxgl.app.services.SystemBundleService, class com.almasb.fxgl.profile.SaveLoadService, class com.almasb.fxgl.ui.FXGLUIFactoryServiceProvider, class com.almasb.fxgl.ui.FXGLDialogFactoryServiceProvider, class com.almasb.fxgl.audio.AudioPlayer, class com.almasb.fxgl.notification.impl.NotificationServiceProvider, class com.almasb.fxgl.achievement.AchievementService, class com.almasb.fxgl.cutscene.CutsceneService, class com.almasb.fxgl.minigames.MiniGameService, class com.almasb.fxgl.net.NetService, class com.almasb.fxgl.app.services.UpdaterService, class com.almasb.fxgl.dev.DevService]
18:22:32.899 [FXGL Background Thread 2 ] DEBUG Engine               - fontGame: Abel-Regular.ttf
18:22:32.899 [FXGL Background Thread 2 ] DEBUG Engine               - fontMono: TerminalLandMono-Regular.otf
18:22:32.899 [FXGL Background Thread 2 ] DEBUG Engine               - fontSizeScaleUI: 1.0
18:22:32.899 [FXGL Background Thread 2 ] DEBUG Engine               - fontText: Courier-Prime.ttf
18:22:32.899 [FXGL Background Thread 2 ] DEBUG Engine               - fontUI: VarelaRound-Regular.ttf
18:22:32.899 [FXGL Background Thread 2 ] DEBUG Engine               - fullScreen: BooleanProperty [value: false]
18:22:32.899 [FXGL Background Thread 2 ] DEBUG Engine               - gameDifficulty: MEDIUM
18:22:32.899 [FXGL Background Thread 2 ] DEBUG Engine               - gameDifficultyProperty: ObjectProperty [value: MEDIUM]
18:22:32.899 [FXGL Background Thread 2 ] DEBUG Engine               - globalMusicVolume: 0.5
18:22:32.899 [FXGL Background Thread 2 ] DEBUG Engine               - globalMusicVolumeProperty: DoubleProperty [value: 0.5]
18:22:32.899 [FXGL Background Thread 2 ] DEBUG Engine               - globalSoundVolume: 0.5
18:22:32.900 [FXGL Background Thread 2 ] DEBUG Engine               - globalSoundVolumeProperty: DoubleProperty [value: 0.5]
18:22:32.900 [FXGL Background Thread 2 ] DEBUG Engine               - height: 712
18:22:32.900 [FXGL Background Thread 2 ] DEBUG Engine               - is3D: false
18:22:32.900 [FXGL Background Thread 2 ] DEBUG Engine               - isAndroid: false
18:22:32.900 [FXGL Background Thread 2 ] DEBUG Engine               - isBrowser: false
18:22:32.900 [FXGL Background Thread 2 ] DEBUG Engine               - isClickFeedbackEnabled: false
18:22:32.900 [FXGL Background Thread 2 ] DEBUG Engine               - isCloseConfirmation: false
18:22:32.900 [FXGL Background Thread 2 ] DEBUG Engine               - isDesktop: true
18:22:32.900 [FXGL Background Thread 2 ] DEBUG Engine               - isDeveloperMenuEnabled: false
18:22:32.900 [FXGL Background Thread 2 ] DEBUG Engine               - isEmbedded: false
18:22:32.900 [FXGL Background Thread 2 ] DEBUG Engine               - isEntityPreloadEnabled: true
18:22:32.900 [FXGL Background Thread 2 ] DEBUG Engine               - isExperimentalTiledLargeMap: false
18:22:32.900 [FXGL Background Thread 2 ] DEBUG Engine               - isFileSystemWriteAllowed: true
18:22:32.900 [FXGL Background Thread 2 ] DEBUG Engine               - isFullScreenAllowed: false
18:22:32.900 [FXGL Background Thread 2 ] DEBUG Engine               - isFullScreenFromStart: false
18:22:32.900 [FXGL Background Thread 2 ] DEBUG Engine               - isGameMenuEnabled: true
18:22:32.900 [FXGL Background Thread 2 ] DEBUG Engine               - isIOS: false
18:22:32.900 [FXGL Background Thread 2 ] DEBUG Engine               - isIntroEnabled: false
18:22:32.900 [FXGL Background Thread 2 ] DEBUG Engine               - isLinux: false
18:22:32.900 [FXGL Background Thread 2 ] DEBUG Engine               - isMac: false
18:22:32.900 [FXGL Background Thread 2 ] DEBUG Engine               - isMainMenuEnabled: true
18:22:32.900 [FXGL Background Thread 2 ] DEBUG Engine               - isManualResizeEnabled: true
18:22:32.901 [FXGL Background Thread 2 ] DEBUG Engine               - isMobile: false
18:22:32.901 [FXGL Background Thread 2 ] DEBUG Engine               - isNative: false
18:22:32.901 [FXGL Background Thread 2 ] DEBUG Engine               - isPauseMusicWhenMinimized: true
18:22:32.901 [FXGL Background Thread 2 ] DEBUG Engine               - isPreserveResizeRatio: true
18:22:32.901 [FXGL Background Thread 2 ] DEBUG Engine               - isProfilingEnabled: false
18:22:32.901 [FXGL Background Thread 2 ] DEBUG Engine               - isScaleAffectedOnResize: true
18:22:32.901 [FXGL Background Thread 2 ] DEBUG Engine               - isSingleStep: false
18:22:32.901 [FXGL Background Thread 2 ] DEBUG Engine               - isUserProfileEnabled: false
18:22:32.901 [FXGL Background Thread 2 ] DEBUG Engine               - isWindows: true
18:22:32.901 [FXGL Background Thread 2 ] DEBUG Engine               - language: ObjectProperty [value: ENGLISH]
18:22:32.901 [FXGL Background Thread 2 ] DEBUG Engine               - menuKey: ESCAPE
18:22:32.901 [FXGL Background Thread 2 ] DEBUG Engine               - mouseSensitivity: 0.2
18:22:32.901 [FXGL Background Thread 2 ] DEBUG Engine               - notificationViewClass: class com.almasb.fxgl.notification.view.XboxNotificationView
18:22:32.901 [FXGL Background Thread 2 ] DEBUG Engine               - pixelsPerMeter: 50.0
18:22:32.901 [FXGL Background Thread 2 ] DEBUG Engine               - platform: WINDOWS
18:22:32.901 [FXGL Background Thread 2 ] DEBUG Engine               - prefHeightProperty: ReadOnlyDoubleProperty [value: 712.0]
18:22:32.901 [FXGL Background Thread 2 ] DEBUG Engine               - prefWidthProperty: ReadOnlyDoubleProperty [value: 512.0]
18:22:32.901 [FXGL Background Thread 2 ] DEBUG Engine               - profileDir: profiles/
18:22:32.901 [FXGL Background Thread 2 ] DEBUG Engine               - profileName: StringProperty [value: DEFAULT]
18:22:32.901 [FXGL Background Thread 2 ] DEBUG Engine               - randomSeed: -1
18:22:32.902 [FXGL Background Thread 2 ] DEBUG Engine               - runtimeInfo: RuntimeInfo(platform=WINDOWS, version=17.3, build=30.03.2023 11.49)
18:22:32.902 [FXGL Background Thread 2 ] DEBUG Engine               - saveFileExt: sav
18:22:32.902 [FXGL Background Thread 2 ] DEBUG Engine               - scaledHeightProp$fxgl: DoubleProperty [bound, value: 712.0]
18:22:32.902 [FXGL Background Thread 2 ] DEBUG Engine               - scaledWidthProp$fxgl: DoubleProperty [bound, value: 512.0]
18:22:32.902 [FXGL Background Thread 2 ] DEBUG Engine               - sceneFactory: com.almasb.fxgl.app.scene.SceneFactory@6d70e86b
18:22:32.902 [FXGL Background Thread 2 ] DEBUG Engine               - secondsIn24h: 60
18:22:32.902 [FXGL Background Thread 2 ] DEBUG Engine               - soundMenuBack: menu/back.wav
18:22:32.902 [FXGL Background Thread 2 ] DEBUG Engine               - soundMenuPress: menu/press.wav
18:22:32.902 [FXGL Background Thread 2 ] DEBUG Engine               - soundMenuSelect: menu/select.wav
18:22:32.902 [FXGL Background Thread 2 ] DEBUG Engine               - soundNotification: core/notification.wav
18:22:32.902 [FXGL Background Thread 2 ] DEBUG Engine               - stageStyle: DECORATED
18:22:32.902 [FXGL Background Thread 2 ] DEBUG Engine               - supportedLanguages: [ENGLISH, FRENCH, GERMAN, HUNGARIAN, RUSSIAN]
18:22:32.902 [FXGL Background Thread 2 ] DEBUG Engine               - ticksPerSecond: -1
18:22:32.902 [FXGL Background Thread 2 ] DEBUG Engine               - title: Space Invaders
18:22:32.902 [FXGL Background Thread 2 ] DEBUG Engine               - urlGithub: https://github.com/AlmasB/FXGL
18:22:32.902 [FXGL Background Thread 2 ] DEBUG Engine               - urlLeaderboard: http://fxgl-top.herokuapp.com/
18:22:32.902 [FXGL Background Thread 2 ] DEBUG Engine               - urlPOM: https://raw.githubusercontent.com/AlmasB/FXGL/release/README.md
18:22:32.902 [FXGL Background Thread 2 ] DEBUG Engine               - userAppClass: class fxgl.spaceinvader.SpaceInvaderApp
18:22:32.902 [FXGL Background Thread 2 ] DEBUG Engine               - version: 1.0.1
18:22:32.903 [FXGL Background Thread 2 ] DEBUG Engine               - versionCheckDays: 7
18:22:32.903 [FXGL Background Thread 2 ] DEBUG Engine               - width: 512
18:22:32.903 [FXGL Background Thread 2 ] DEBUG Engine               - Logging services
18:22:32.903 [FXGL Background Thread 2 ] DEBUG Engine               - class com.almasb.fxgl.app.services.FXGLAssetLoaderService
18:22:32.903 [FXGL Background Thread 2 ] DEBUG Engine               - class com.almasb.fxgl.app.FXGLApplication$GameApplicationService
18:22:32.903 [FXGL Background Thread 2 ] DEBUG Engine               - class com.almasb.fxgl.app.services.FXGLDialogService
18:22:32.903 [FXGL Background Thread 2 ] DEBUG Engine               - class com.almasb.fxgl.app.services.IOTaskExecutorService
18:22:32.903 [FXGL Background Thread 2 ] DEBUG Engine               - class com.almasb.fxgl.io.FileSystemService
18:22:32.903 [FXGL Background Thread 2 ] DEBUG Engine               - class com.almasb.fxgl.localization.LocalizationService
18:22:32.903 [FXGL Background Thread 2 ] DEBUG Engine               - class com.almasb.fxgl.app.services.SystemBundleService
18:22:32.903 [FXGL Background Thread 2 ] DEBUG Engine               - class com.almasb.fxgl.profile.SaveLoadService
18:22:32.903 [FXGL Background Thread 2 ] DEBUG Engine               - class com.almasb.fxgl.ui.FXGLUIFactoryServiceProvider
18:22:32.903 [FXGL Background Thread 2 ] DEBUG Engine               - class com.almasb.fxgl.ui.FXGLDialogFactoryServiceProvider
18:22:32.903 [FXGL Background Thread 2 ] DEBUG Engine               - class com.almasb.fxgl.audio.AudioPlayer
18:22:32.903 [FXGL Background Thread 2 ] DEBUG Engine               - class com.almasb.fxgl.notification.impl.NotificationServiceProvider
18:22:32.903 [FXGL Background Thread 2 ] DEBUG Engine               - class com.almasb.fxgl.achievement.AchievementService
18:22:32.903 [FXGL Background Thread 2 ] DEBUG Engine               - class com.almasb.fxgl.cutscene.CutsceneService
18:22:32.903 [FXGL Background Thread 2 ] DEBUG Engine               - class com.almasb.fxgl.minigames.MiniGameService
18:22:32.903 [FXGL Background Thread 2 ] DEBUG Engine               - class com.almasb.fxgl.net.NetService
18:22:32.903 [FXGL Background Thread 2 ] DEBUG Engine               - class com.almasb.fxgl.app.services.UpdaterService
18:22:32.903 [FXGL Background Thread 2 ] DEBUG Engine               - class com.almasb.fxgl.dev.DevService
18:22:33.644 [JavaFX Application Thread] DEBUG FXGLApplication      - Exiting FXGL
18:22:33.644 [JavaFX Application Thread] DEBUG LoopRunner           - Stopping loop
18:22:33.644 [JavaFX Application Thread] DEBUG SystemBundleService  - Saving FXGL system data
18:22:33.646 [JavaFX Application Thread] DEBUG FileSystemAccess     - Writing to: C:\Users\HP\IdeaProjects\SpaceInvader\system\fxgl.bundle
18:22:33.647 [JavaFX Application Thread] DEBUG Async                - Shutting down background threads
18:22:33.648 [JavaFX Application Thread] DEBUG PrimaryStageWindow   - Closing main window
18:22:33.673 [JavaFX Application Thread] DEBUG Logger               - Closing Logger
