09:59:38.497 [main                     ] DEBUG Logger               - Configured Logger
09:59:38.618 [main                     ] DEBUG GameApplication      - Logging settings
Title: Space Invaders
Version: 1.0.1
Width: 512
Height: 712
Fullscreen: false
Intro: false
Profiling: false
Single step:false
App Mode: RELEASE
Menu Key: ESCAPE
Stage Style: DECORATED
Scene Factory: class com.almasb.fxgl.app.scene.SceneFactory

09:59:39.346 [JavaFX Application Thread] DEBUG FXGLApplication      - Initializing FXGL
09:59:39.358 [JavaFX Application Thread] INFO  Engine               - FXGL-17.3 (30.03.2023 11.49) on WINDOWS (J:23.0.1 FX:17.0.6)
09:59:39.358 [JavaFX Application Thread] DEBUG Engine               - JRE Vendor Name: Oracle Corporation
09:59:39.358 [JavaFX Application Thread] DEBUG Engine               - Running on OS: Windows 10 version 10.0
09:59:39.359 [JavaFX Application Thread] DEBUG Engine               - Architecture: amd64
09:59:39.359 [JavaFX Application Thread] INFO  Engine               - Source code and latest versions at: https://github.com/AlmasB/FXGL
09:59:39.359 [JavaFX Application Thread] INFO  Engine               -       Ask questions and discuss at: https://github.com/AlmasB/FXGL/discussions
09:59:39.359 [JavaFX Application Thread] INFO  Engine               -              Join the FXGL chat at: https://gitter.im/AlmasB/FXGL
09:59:39.529 [JavaFX Application Thread] DEBUG PrimaryStageWindow   - Creating a JavaFX scene
09:59:39.644 [JavaFX Application Thread] DEBUG PrimaryStageWindow   - Target settings size: 512.0 x 712.0
09:59:39.645 [JavaFX Application Thread] DEBUG PrimaryStageWindow   - Scaled scene size:    512.0 x 712.0
09:59:39.646 [JavaFX Application Thread] DEBUG PrimaryStageWindow   - Scaled ratio: (1.0, 1.0)
09:59:39.648 [JavaFX Application Thread] DEBUG PrimaryStageWindow   - Set initial scene to FXGLStartupScene
09:59:39.664 [JavaFX Application Thread] DEBUG PrimaryStageWindow   - Opening main window
09:59:39.818 [JavaFX Application Thread] DEBUG PrimaryStageWindow   - Window border size: (16.0, 39.0)
09:59:39.819 [JavaFX Application Thread] DEBUG PrimaryStageWindow   - Scaled size: 512.0 x 712.0
09:59:39.819 [JavaFX Application Thread] DEBUG PrimaryStageWindow   - Scaled ratio: (1.0, 1.0)
09:59:39.819 [JavaFX Application Thread] DEBUG PrimaryStageWindow   - Scene size: 512.0 x 712.0
09:59:39.821 [JavaFX Application Thread] DEBUG PrimaryStageWindow   - Stage size: 528.0 x 751.0
09:59:39.866 [FXGL Background Thread 1 ] DEBUG Engine               - Initializing environment variables
09:59:40.081 [FXGL Background Thread 1 ] DEBUG FXGLAssetLoaderServi - User app class for loading assets: class fxgl.spaceinvader.SpaceInvaderApp
09:59:40.081 [FXGL Background Thread 1 ] DEBUG GameApplicationServi - Applying CSS: fxgl_dark.css
09:59:40.083 [FXGL Background Thread 1 ] DEBUG FXGLAssetLoaderServi - Loading from file system: jar:file:///C:/Users/DELL/.m2/repository/com/github/almasb/fxgl/17.3/fxgl-17.3.jar!/fxglassets/ui/css/fxgl_dark.css
09:59:40.182 [FXGL Background Thread 1 ] DEBUG GameApplicationServi - Initializing application scenes
09:59:40.342 [FXGL Background Thread 1 ] DEBUG GameWorld            - Game world initialized
09:59:40.517 [FXGL Background Thread 1 ] DEBUG PhysicsWorld         - Physics world initialized: appHeight=712, physics.ppm=50.0
09:59:40.517 [FXGL Background Thread 1 ] DEBUG PhysicsWorld         - Using strategy: BRUTE_FORCE
09:59:40.526 [FXGL Background Thread 1 ] DEBUG GameScene            - Game scene initialized: 512x712
09:59:40.549 [FXGL Background Thread 1 ] WARN  FXGL.DefaultMenu     - FXGLDefaultMenu is not designed for resolutions < 800x600
09:59:40.550 [FXGL Background Thread 1 ] DEBUG FXGL.DefaultMenu     - createMenuBodyMainMenu()
09:59:40.583 [FXGL Background Thread 1 ] DEBUG FXGL.DefaultMenu     - createOptionsMenu()
09:59:40.609 [FXGL Background Thread 1 ] DEBUG FXGLAssetLoaderServi - Loading from file system: jar:file:///C:/Users/DELL/.m2/repository/com/github/almasb/fxgl/17.3/fxgl-17.3.jar!/fxglassets/textures/particles/smoke.png
09:59:40.831 [FXGL Background Thread 1 ] DEBUG FXGLAssetLoaderServi - Loading from file system: jar:file:///C:/Users/DELL/.m2/repository/com/github/almasb/fxgl/17.3/fxgl-17.3.jar!/fxglassets/textures/particles/trace_horizontal.png
09:59:40.912 [FXGL Background Thread 1 ] WARN  FXGL.DefaultMenu     - FXGLDefaultMenu is not designed for resolutions < 800x600
09:59:40.912 [FXGL Background Thread 1 ] DEBUG FXGL.DefaultMenu     - createMenuBodyGameMenu()
09:59:40.919 [FXGL Background Thread 1 ] DEBUG FXGL.DefaultMenu     - createOptionsMenu()
09:59:40.950 [FXGL Background Thread 1 ] DEBUG GameApplicationServi - Application scenes initialized
09:59:40.976 [FXGL Background Thread 1 ] DEBUG SystemBundleService  - Loading FXGL system data
09:59:40.983 [FXGL Background Thread 1 ] DEBUG FileSystemAccess     - Reading from: C:\Users\DELL\IdeaProjects\SpaceInvader\system\fxgl.bundle
09:59:41.002 [FXGL Background Thread 1 ] DEBUG SystemBundleService  - Bundle FXGL: {}
09:59:41.011 [FXGL Background Thread 1 ] DEBUG FXGLApplication      - Loading default localization
09:59:41.010 [FXGL Background Thread 3 ] DEBUG FXGLApplication      - Loading fonts
09:59:41.012 [FXGL Background Thread 1 ] DEBUG FXGLAssetLoaderServi - Loading from file system: jar:file:///C:/Users/DELL/.m2/repository/com/github/almasb/fxgl/17.3/fxgl-17.3.jar!/fxglassets/languages/english.lang
09:59:41.016 [FXGL Background Thread 3 ] DEBUG FXGLAssetLoaderServi - Loading from file system: jar:file:///C:/Users/DELL/.m2/repository/com/github/almasb/fxgl/17.3/fxgl-17.3.jar!/fxglassets/ui/fonts/VarelaRound-Regular.ttf
09:59:41.098 [FXGL Background Thread 1 ] INFO  FXGLApplication      - FXGL initialization took: 1.232 sec
09:59:41.127 [JavaFX Application Thread] DEBUG Input                - Registered new binding: Move Left - Left
09:59:41.128 [JavaFX Application Thread] DEBUG Input                - Registered new binding: Move Right - Right
09:59:41.128 [JavaFX Application Thread] DEBUG Input                - Registered new binding: Shoot - Up
09:59:41.129 [JavaFX Application Thread] DEBUG FXGLAssetLoaderServi - Loading from file system: jar:file:///C:/Users/DELL/.m2/repository/com/github/almasb/fxgl/17.3/fxgl-17.3.jar!/fxglassets/textures/fxgl_icon.png
09:59:41.157 [FXGL Background Thread 3 ] DEBUG FXGLAssetLoaderServi - Loading from file system: jar:file:///C:/Users/DELL/.m2/repository/com/github/almasb/fxgl/17.3/fxgl-17.3.jar!/fxglassets/ui/fonts/Abel-Regular.ttf
09:59:41.181 [JavaFX Application Thread] DEBUG FXGLAssetLoaderServi - Loading from file system: jar:file:///C:/Users/DELL/.m2/repository/com/github/almasb/fxgl/17.3/fxgl-17.3.jar!/fxglassets/textures/fxgl_default_cursor.png
09:59:41.185 [JavaFX Application Thread] DEBUG Input                - Registered new binding: Screenshot - CTRL+8
09:59:41.195 [JavaFX Application Thread] DEBUG LoopRunner           - Starting loop
09:59:41.195 [JavaFX Application Thread] DEBUG LoopRunner           - Initializing JavaFX AnimationTimerLoop
09:59:41.196 [FXGL Background Thread 3 ] DEBUG FXGLAssetLoaderServi - Loading from file system: jar:file:///C:/Users/DELL/.m2/repository/com/github/almasb/fxgl/17.3/fxgl-17.3.jar!/fxglassets/ui/fonts/TerminalLandMono-Regular.otf
09:59:41.200 [JavaFX Application Thread] DEBUG Input                - Clearing active input actions
09:59:41.249 [JavaFX Application Thread] DEBUG GameApplicationServi - Removing overlay from FXGLStartupScene and adding to FXGLMainMenuDummyScene
09:59:41.256 [JavaFX Application Thread] DEBUG PrimaryStageWindow   - FXGLStartupScene -> FXGLMainMenuDummyScene
09:59:41.257 [JavaFX Application Thread] DEBUG PrimaryStageWindow   - Push state: FXGLDefaultMenu
09:59:41.268 [JavaFX Application Thread] DEBUG Input                - Clearing active input actions
09:59:41.295 [JavaFX Application Thread] DEBUG GameApplicationServi - Removing overlay from FXGLMainMenuDummyScene and adding to FXGLDefaultMenu
09:59:41.296 [JavaFX Application Thread] DEBUG PrimaryStageWindow   - FXGLMainMenuDummyScene -> FXGLDefaultMenu
09:59:41.375 [FXGL Background Thread 3 ] DEBUG FXGLAssetLoaderServi - Loading from file system: jar:file:///C:/Users/DELL/.m2/repository/com/github/almasb/fxgl/17.3/fxgl-17.3.jar!/fxglassets/ui/fonts/Courier-Prime.ttf
09:59:41.557 [JavaFX Application Thread] DEBUG FXGLApplication      - Registering font factories with UI factory
09:59:44.010 [FXGL Background Thread 2 ] DEBUG Engine               - Logging environment variables
09:59:44.014 [FXGL Background Thread 2 ] DEBUG Engine               - achievements: []
09:59:44.015 [FXGL Background Thread 2 ] DEBUG Engine               - actualHeight: 712.0
09:59:44.015 [FXGL Background Thread 2 ] DEBUG Engine               - actualHeightProperty: ReadOnlyDoubleProperty [value: 712.0]
09:59:44.015 [FXGL Background Thread 2 ] DEBUG Engine               - actualWidth: 512.0
09:59:44.016 [FXGL Background Thread 2 ] DEBUG Engine               - actualWidthProperty: ReadOnlyDoubleProperty [value: 512.0]
09:59:44.016 [FXGL Background Thread 2 ] DEBUG Engine               - appIcon: fxgl_icon.png
09:59:44.016 [FXGL Background Thread 2 ] DEBUG Engine               - applicationMode: RELEASE
09:59:44.016 [FXGL Background Thread 2 ] DEBUG Engine               - cSSList: [fxgl_dark.css]
09:59:44.016 [FXGL Background Thread 2 ] DEBUG Engine               - collisionDetectionStrategy: BRUTE_FORCE
09:59:44.016 [FXGL Background Thread 2 ] DEBUG Engine               - configClass: Optional.empty
09:59:44.017 [FXGL Background Thread 2 ] DEBUG Engine               - credits: []
09:59:44.018 [FXGL Background Thread 2 ] DEBUG Engine               - defaultCursor: CursorInfo(imageName=fxgl_default_cursor.png, hotspotX=7.0, hotspotY=6.0)
09:59:44.019 [FXGL Background Thread 2 ] DEBUG Engine               - devBBoxColorProperty: ObjectProperty [value: 0xff0000ff]
09:59:44.019 [FXGL Background Thread 2 ] DEBUG Engine               - devEnableDebugCameraProperty: BooleanProperty [value: false]
09:59:44.020 [FXGL Background Thread 2 ] DEBUG Engine               - devSensorColorProperty: ObjectProperty [value: 0xffff00ff]
09:59:44.025 [FXGL Background Thread 2 ] DEBUG Engine               - devShowBBoxProperty: BooleanProperty [value: false]
09:59:44.025 [FXGL Background Thread 2 ] DEBUG Engine               - devShowPositionProperty: BooleanProperty [value: false]
09:59:44.026 [FXGL Background Thread 2 ] DEBUG Engine               - enabledMenuItems: []
09:59:44.026 [FXGL Background Thread 2 ] DEBUG Engine               - engineServices: [class com.almasb.fxgl.app.services.FXGLAssetLoaderService, class com.almasb.fxgl.app.FXGLApplication$GameApplicationService, class com.almasb.fxgl.app.services.FXGLDialogService, class com.almasb.fxgl.app.services.IOTaskExecutorService, class com.almasb.fxgl.io.FileSystemService, class com.almasb.fxgl.localization.LocalizationService, class com.almasb.fxgl.app.services.SystemBundleService, class com.almasb.fxgl.profile.SaveLoadService, class com.almasb.fxgl.ui.FXGLUIFactoryServiceProvider, class com.almasb.fxgl.ui.FXGLDialogFactoryServiceProvider, class com.almasb.fxgl.audio.AudioPlayer, class com.almasb.fxgl.notification.impl.NotificationServiceProvider, class com.almasb.fxgl.achievement.AchievementService, class com.almasb.fxgl.cutscene.CutsceneService, class com.almasb.fxgl.minigames.MiniGameService, class com.almasb.fxgl.net.NetService, class com.almasb.fxgl.app.services.UpdaterService, class com.almasb.fxgl.dev.DevService]
09:59:44.026 [FXGL Background Thread 2 ] DEBUG Engine               - fontGame: Abel-Regular.ttf
09:59:44.028 [FXGL Background Thread 2 ] DEBUG Engine               - fontMono: TerminalLandMono-Regular.otf
09:59:44.028 [FXGL Background Thread 2 ] DEBUG Engine               - fontSizeScaleUI: 1.0
09:59:44.028 [FXGL Background Thread 2 ] DEBUG Engine               - fontText: Courier-Prime.ttf
09:59:44.029 [FXGL Background Thread 2 ] DEBUG Engine               - fontUI: VarelaRound-Regular.ttf
09:59:44.029 [FXGL Background Thread 2 ] DEBUG Engine               - fullScreen: BooleanProperty [value: false]
09:59:44.029 [FXGL Background Thread 2 ] DEBUG Engine               - gameDifficulty: MEDIUM
09:59:44.029 [FXGL Background Thread 2 ] DEBUG Engine               - gameDifficultyProperty: ObjectProperty [value: MEDIUM]
09:59:44.030 [FXGL Background Thread 2 ] DEBUG Engine               - globalMusicVolume: 0.5
09:59:44.032 [FXGL Background Thread 2 ] DEBUG Engine               - globalMusicVolumeProperty: DoubleProperty [value: 0.5]
09:59:44.041 [FXGL Background Thread 2 ] DEBUG Engine               - globalSoundVolume: 0.5
09:59:44.041 [FXGL Background Thread 2 ] DEBUG Engine               - globalSoundVolumeProperty: DoubleProperty [value: 0.5]
09:59:44.041 [FXGL Background Thread 2 ] DEBUG Engine               - height: 712
09:59:44.042 [FXGL Background Thread 2 ] DEBUG Engine               - is3D: false
09:59:44.042 [FXGL Background Thread 2 ] DEBUG Engine               - isAndroid: false
09:59:44.042 [FXGL Background Thread 2 ] DEBUG Engine               - isBrowser: false
09:59:44.042 [FXGL Background Thread 2 ] DEBUG Engine               - isClickFeedbackEnabled: false
09:59:44.048 [FXGL Background Thread 2 ] DEBUG Engine               - isCloseConfirmation: false
09:59:44.048 [FXGL Background Thread 2 ] DEBUG Engine               - isDesktop: true
09:59:44.048 [FXGL Background Thread 2 ] DEBUG Engine               - isDeveloperMenuEnabled: false
09:59:44.049 [FXGL Background Thread 2 ] DEBUG Engine               - isEmbedded: false
09:59:44.049 [FXGL Background Thread 2 ] DEBUG Engine               - isEntityPreloadEnabled: true
09:59:44.049 [FXGL Background Thread 2 ] DEBUG Engine               - isExperimentalTiledLargeMap: false
09:59:44.049 [FXGL Background Thread 2 ] DEBUG Engine               - isFileSystemWriteAllowed: true
09:59:44.049 [FXGL Background Thread 2 ] DEBUG Engine               - isFullScreenAllowed: false
09:59:44.049 [FXGL Background Thread 2 ] DEBUG Engine               - isFullScreenFromStart: false
09:59:44.049 [FXGL Background Thread 2 ] DEBUG Engine               - isGameMenuEnabled: true
09:59:44.050 [FXGL Background Thread 2 ] DEBUG Engine               - isIOS: false
09:59:44.050 [FXGL Background Thread 2 ] DEBUG Engine               - isIntroEnabled: false
09:59:44.051 [FXGL Background Thread 2 ] DEBUG Engine               - isLinux: false
09:59:44.052 [FXGL Background Thread 2 ] DEBUG Engine               - isMac: false
09:59:44.052 [FXGL Background Thread 2 ] DEBUG Engine               - isMainMenuEnabled: true
09:59:44.057 [FXGL Background Thread 2 ] DEBUG Engine               - isManualResizeEnabled: true
09:59:44.058 [FXGL Background Thread 2 ] DEBUG Engine               - isMobile: false
09:59:44.058 [FXGL Background Thread 2 ] DEBUG Engine               - isNative: false
09:59:44.058 [FXGL Background Thread 2 ] DEBUG Engine               - isPauseMusicWhenMinimized: true
09:59:44.058 [FXGL Background Thread 2 ] DEBUG Engine               - isPreserveResizeRatio: true
09:59:44.058 [FXGL Background Thread 2 ] DEBUG Engine               - isProfilingEnabled: false
09:59:44.058 [FXGL Background Thread 2 ] DEBUG Engine               - isScaleAffectedOnResize: true
09:59:44.058 [FXGL Background Thread 2 ] DEBUG Engine               - isSingleStep: false
09:59:44.059 [FXGL Background Thread 2 ] DEBUG Engine               - isUserProfileEnabled: false
09:59:44.059 [FXGL Background Thread 2 ] DEBUG Engine               - isWindows: true
09:59:44.059 [FXGL Background Thread 2 ] DEBUG Engine               - language: ObjectProperty [value: ENGLISH]
09:59:44.059 [FXGL Background Thread 2 ] DEBUG Engine               - menuKey: ESCAPE
09:59:44.059 [FXGL Background Thread 2 ] DEBUG Engine               - mouseSensitivity: 0.2
09:59:44.059 [FXGL Background Thread 2 ] DEBUG Engine               - notificationViewClass: class com.almasb.fxgl.notification.view.XboxNotificationView
09:59:44.060 [FXGL Background Thread 2 ] DEBUG Engine               - pixelsPerMeter: 50.0
09:59:44.060 [FXGL Background Thread 2 ] DEBUG Engine               - platform: WINDOWS
09:59:44.060 [FXGL Background Thread 2 ] DEBUG Engine               - prefHeightProperty: ReadOnlyDoubleProperty [value: 712.0]
09:59:44.060 [FXGL Background Thread 2 ] DEBUG Engine               - prefWidthProperty: ReadOnlyDoubleProperty [value: 512.0]
09:59:44.060 [FXGL Background Thread 2 ] DEBUG Engine               - profileDir: profiles/
09:59:44.060 [FXGL Background Thread 2 ] DEBUG Engine               - profileName: StringProperty [value: DEFAULT]
09:59:44.061 [FXGL Background Thread 2 ] DEBUG Engine               - randomSeed: -1
09:59:44.061 [FXGL Background Thread 2 ] DEBUG Engine               - runtimeInfo: RuntimeInfo(platform=WINDOWS, version=17.3, build=30.03.2023 11.49)
09:59:44.061 [FXGL Background Thread 2 ] DEBUG Engine               - saveFileExt: sav
09:59:44.062 [FXGL Background Thread 2 ] DEBUG Engine               - scaledHeightProp$fxgl: DoubleProperty [bound, value: 712.0]
09:59:44.062 [FXGL Background Thread 2 ] DEBUG Engine               - scaledWidthProp$fxgl: DoubleProperty [bound, value: 512.0]
09:59:44.062 [FXGL Background Thread 2 ] DEBUG Engine               - sceneFactory: com.almasb.fxgl.app.scene.SceneFactory@6b8c192
09:59:44.062 [FXGL Background Thread 2 ] DEBUG Engine               - secondsIn24h: 60
09:59:44.062 [FXGL Background Thread 2 ] DEBUG Engine               - soundMenuBack: menu/back.wav
09:59:44.062 [FXGL Background Thread 2 ] DEBUG Engine               - soundMenuPress: menu/press.wav
09:59:44.063 [FXGL Background Thread 2 ] DEBUG Engine               - soundMenuSelect: menu/select.wav
09:59:44.063 [FXGL Background Thread 2 ] DEBUG Engine               - soundNotification: core/notification.wav
09:59:44.063 [FXGL Background Thread 2 ] DEBUG Engine               - stageStyle: DECORATED
09:59:44.063 [FXGL Background Thread 2 ] DEBUG Engine               - supportedLanguages: [ENGLISH, FRENCH, GERMAN, HUNGARIAN, RUSSIAN]
09:59:44.063 [FXGL Background Thread 2 ] DEBUG Engine               - ticksPerSecond: -1
09:59:44.063 [FXGL Background Thread 2 ] DEBUG Engine               - title: Space Invaders
09:59:44.063 [FXGL Background Thread 2 ] DEBUG Engine               - urlGithub: https://github.com/AlmasB/FXGL
09:59:44.063 [FXGL Background Thread 2 ] DEBUG Engine               - urlLeaderboard: http://fxgl-top.herokuapp.com/
09:59:44.064 [FXGL Background Thread 2 ] DEBUG Engine               - urlPOM: https://raw.githubusercontent.com/AlmasB/FXGL/release/README.md
09:59:44.064 [FXGL Background Thread 2 ] DEBUG Engine               - userAppClass: class fxgl.spaceinvader.SpaceInvaderApp
09:59:44.064 [FXGL Background Thread 2 ] DEBUG Engine               - version: 1.0.1
09:59:44.064 [FXGL Background Thread 2 ] DEBUG Engine               - versionCheckDays: 7
09:59:44.064 [FXGL Background Thread 2 ] DEBUG Engine               - width: 512
09:59:44.064 [FXGL Background Thread 2 ] DEBUG Engine               - Logging services
09:59:44.064 [FXGL Background Thread 2 ] DEBUG Engine               - class com.almasb.fxgl.app.services.FXGLAssetLoaderService
09:59:44.064 [FXGL Background Thread 2 ] DEBUG Engine               - class com.almasb.fxgl.app.FXGLApplication$GameApplicationService
09:59:44.064 [FXGL Background Thread 2 ] DEBUG Engine               - class com.almasb.fxgl.app.services.FXGLDialogService
09:59:44.065 [FXGL Background Thread 2 ] DEBUG Engine               - class com.almasb.fxgl.app.services.IOTaskExecutorService
09:59:44.065 [FXGL Background Thread 2 ] DEBUG Engine               - class com.almasb.fxgl.io.FileSystemService
09:59:44.065 [FXGL Background Thread 2 ] DEBUG Engine               - class com.almasb.fxgl.localization.LocalizationService
09:59:44.065 [FXGL Background Thread 2 ] DEBUG Engine               - class com.almasb.fxgl.app.services.SystemBundleService
09:59:44.065 [FXGL Background Thread 2 ] DEBUG Engine               - class com.almasb.fxgl.profile.SaveLoadService
09:59:44.065 [FXGL Background Thread 2 ] DEBUG Engine               - class com.almasb.fxgl.ui.FXGLUIFactoryServiceProvider
09:59:44.065 [FXGL Background Thread 2 ] DEBUG Engine               - class com.almasb.fxgl.ui.FXGLDialogFactoryServiceProvider
09:59:44.065 [FXGL Background Thread 2 ] DEBUG Engine               - class com.almasb.fxgl.audio.AudioPlayer
09:59:44.073 [FXGL Background Thread 2 ] DEBUG Engine               - class com.almasb.fxgl.notification.impl.NotificationServiceProvider
09:59:44.073 [FXGL Background Thread 2 ] DEBUG Engine               - class com.almasb.fxgl.achievement.AchievementService
09:59:44.073 [FXGL Background Thread 2 ] DEBUG Engine               - class com.almasb.fxgl.cutscene.CutsceneService
09:59:44.073 [FXGL Background Thread 2 ] DEBUG Engine               - class com.almasb.fxgl.minigames.MiniGameService
09:59:44.074 [FXGL Background Thread 2 ] DEBUG Engine               - class com.almasb.fxgl.net.NetService
09:59:44.074 [FXGL Background Thread 2 ] DEBUG Engine               - class com.almasb.fxgl.app.services.UpdaterService
09:59:44.074 [FXGL Background Thread 2 ] DEBUG Engine               - class com.almasb.fxgl.dev.DevService
10:00:24.455 [JavaFX Application Thread] DEBUG FXGL.DefaultMenu     - createContentGameplay()
10:00:25.644 [JavaFX Application Thread] DEBUG FXGL.DefaultMenu     - createContentControls()
10:00:27.876 [JavaFX Application Thread] DEBUG PrimaryStageWindow   - Push state: PressAnyKeyState
10:00:27.876 [JavaFX Application Thread] DEBUG Input                - Clearing active input actions
10:00:27.877 [JavaFX Application Thread] DEBUG GameApplicationServi - Removing overlay from FXGLDefaultMenu and adding to PressAnyKeyState
10:00:27.877 [JavaFX Application Thread] DEBUG PrimaryStageWindow   - FXGLDefaultMenu -> PressAnyKeyState
10:00:28.151 [JavaFX Application Thread] DEBUG PrimaryStageWindow   - Pop state: PressAnyKeyState
10:00:28.152 [JavaFX Application Thread] DEBUG Input                - Clearing active input actions
10:00:28.152 [JavaFX Application Thread] DEBUG GameApplicationServi - Removing overlay from PressAnyKeyState and adding to FXGLDefaultMenu
10:00:28.152 [JavaFX Application Thread] DEBUG PrimaryStageWindow   - FXGLDefaultMenu <- PressAnyKeyState
10:00:28.939 [JavaFX Application Thread] DEBUG PrimaryStageWindow   - Push state: PressAnyKeyState
10:00:28.940 [JavaFX Application Thread] DEBUG Input                - Clearing active input actions
10:00:28.940 [JavaFX Application Thread] DEBUG GameApplicationServi - Removing overlay from FXGLDefaultMenu and adding to PressAnyKeyState
10:00:28.941 [JavaFX Application Thread] DEBUG PrimaryStageWindow   - FXGLDefaultMenu -> PressAnyKeyState
10:00:29.038 [JavaFX Application Thread] DEBUG PrimaryStageWindow   - Pop state: PressAnyKeyState
10:00:29.038 [JavaFX Application Thread] DEBUG Input                - Clearing active input actions
10:00:29.038 [JavaFX Application Thread] DEBUG GameApplicationServi - Removing overlay from PressAnyKeyState and adding to FXGLDefaultMenu
10:00:29.038 [JavaFX Application Thread] DEBUG PrimaryStageWindow   - FXGLDefaultMenu <- PressAnyKeyState
10:00:29.667 [JavaFX Application Thread] DEBUG PrimaryStageWindow   - Push state: PressAnyKeyState
10:00:29.667 [JavaFX Application Thread] DEBUG Input                - Clearing active input actions
10:00:29.667 [JavaFX Application Thread] DEBUG GameApplicationServi - Removing overlay from FXGLDefaultMenu and adding to PressAnyKeyState
10:00:29.668 [JavaFX Application Thread] DEBUG PrimaryStageWindow   - FXGLDefaultMenu -> PressAnyKeyState
10:00:30.121 [JavaFX Application Thread] DEBUG PrimaryStageWindow   - Pop state: PressAnyKeyState
10:00:30.122 [JavaFX Application Thread] DEBUG Input                - Clearing active input actions
10:00:30.122 [JavaFX Application Thread] DEBUG GameApplicationServi - Removing overlay from PressAnyKeyState and adding to FXGLDefaultMenu
10:00:30.122 [JavaFX Application Thread] DEBUG PrimaryStageWindow   - FXGLDefaultMenu <- PressAnyKeyState
10:00:41.918 [JavaFX Application Thread] DEBUG PrimaryStageWindow   - Push state: DialogSubScene
10:00:41.918 [JavaFX Application Thread] DEBUG Input                - Clearing active input actions
10:00:41.919 [JavaFX Application Thread] DEBUG GameApplicationServi - Removing overlay from FXGLDefaultMenu and adding to DialogSubScene
10:00:41.919 [JavaFX Application Thread] DEBUG PrimaryStageWindow   - FXGLDefaultMenu -> DialogSubScene
10:00:42.939 [JavaFX Application Thread] DEBUG PrimaryStageWindow   - Pop state: DialogSubScene
10:00:42.939 [JavaFX Application Thread] DEBUG Input                - Clearing active input actions
10:00:42.940 [JavaFX Application Thread] DEBUG GameApplicationServi - Removing overlay from DialogSubScene and adding to FXGLDefaultMenu
10:00:42.940 [JavaFX Application Thread] DEBUG PrimaryStageWindow   - FXGLDefaultMenu <- DialogSubScene
10:00:55.204 [JavaFX Application Thread] DEBUG FXGL.DefaultMenu     - createContentVideo()
10:00:56.427 [JavaFX Application Thread] DEBUG FXGL.DefaultMenu     - createContentAudio()
10:01:03.340 [JavaFX Application Thread] DEBUG Menu                 - fireNewGame()
10:01:03.341 [JavaFX Application Thread] DEBUG GameApplicationServi - Starting new game
10:01:03.341 [JavaFX Application Thread] DEBUG PrimaryStageWindow   - Pop state: FXGLDefaultMenu
10:01:03.341 [JavaFX Application Thread] DEBUG Input                - Clearing active input actions
10:01:03.343 [JavaFX Application Thread] DEBUG GameApplicationServi - Removing overlay from FXGLDefaultMenu and adding to FXGLMainMenuDummyScene
10:01:03.343 [JavaFX Application Thread] DEBUG PrimaryStageWindow   - FXGLMainMenuDummyScene <- FXGLDefaultMenu
10:01:03.344 [JavaFX Application Thread] DEBUG Input                - Clearing active input actions
10:01:03.361 [JavaFX Application Thread] DEBUG GameApplicationServi - Removing overlay from FXGLMainMenuDummyScene and adding to FXGLLoadingScene
10:01:03.361 [JavaFX Application Thread] DEBUG PrimaryStageWindow   - FXGLMainMenuDummyScene -> FXGLLoadingScene
10:01:03.361 [JavaFX Application Thread] DEBUG GameApplicationServi - Clearing previous game
10:01:03.362 [JavaFX Application Thread] DEBUG GameScene            - Clearing game scene
10:01:03.362 [JavaFX Application Thread] DEBUG GameWorld            - Clearing game world
10:01:03.362 [JavaFX Application Thread] DEBUG PhysicsWorld         - Clearing physics world
10:01:03.364 [FXGL Background Thread 4 ] DEBUG FXGLApplication      - Initializing game
10:01:03.476 [FXGL Background Thread 4 ] WARN  FXGLAssetLoaderServi - Asset "/assets/textures/../fxgl/spaceinvader/assets/textures/player.png" was not found!
10:01:03.476 [FXGL Background Thread 4 ] WARN  FXGLAssetLoaderServi - Failed to load IMAGE
10:01:03.504 [FXGL Background Thread 4 ] WARN  FXGLAssetLoaderServi - Asset "/assets/textures/player.png" was not found!
10:01:03.504 [FXGL Background Thread 4 ] WARN  FXGLAssetLoaderServi - Failed to load IMAGE
10:01:03.521 [FXGL Background Thread 4 ] WARN  GameWorld            - Entity is already attached to world
10:01:03.529 [FXGL Background Thread 4 ] INFO  FXGLApplication      - Game initialization took: 0.164 sec
10:01:03.529 [JavaFX Application Thread] DEBUG Input                - Clearing active input actions
10:01:03.544 [JavaFX Application Thread] DEBUG GameApplicationServi - Removing overlay from FXGLLoadingScene and adding to GameScene
10:01:03.546 [JavaFX Application Thread] DEBUG PrimaryStageWindow   - FXGLLoadingScene -> GameScene
10:01:48.631 [JavaFX Application Thread] DEBUG PrimaryStageWindow   - Push state: FXGLDefaultMenu
10:01:48.631 [JavaFX Application Thread] DEBUG Input                - Clearing active input actions
10:01:48.632 [JavaFX Application Thread] DEBUG GameApplicationServi - Removing overlay from GameScene and adding to FXGLDefaultMenu
10:01:48.632 [JavaFX Application Thread] DEBUG PrimaryStageWindow   - GameScene -> FXGLDefaultMenu
10:01:49.193 [JavaFX Application Thread] DEBUG PrimaryStageWindow   - Pop state: FXGLDefaultMenu
10:01:49.194 [JavaFX Application Thread] DEBUG Input                - Clearing active input actions
10:01:49.194 [JavaFX Application Thread] DEBUG GameApplicationServi - Removing overlay from FXGLDefaultMenu and adding to GameScene
10:01:49.194 [JavaFX Application Thread] DEBUG PrimaryStageWindow   - GameScene <- FXGLDefaultMenu
10:01:49.560 [JavaFX Application Thread] DEBUG PrimaryStageWindow   - Push state: FXGLDefaultMenu
10:01:49.560 [JavaFX Application Thread] DEBUG Input                - Clearing active input actions
10:01:49.561 [JavaFX Application Thread] DEBUG GameApplicationServi - Removing overlay from GameScene and adding to FXGLDefaultMenu
10:01:49.561 [JavaFX Application Thread] DEBUG PrimaryStageWindow   - GameScene -> FXGLDefaultMenu
10:01:53.972 [JavaFX Application Thread] DEBUG FXGLApplication      - Exiting FXGL
10:01:53.972 [JavaFX Application Thread] DEBUG LoopRunner           - Stopping loop
10:01:53.972 [JavaFX Application Thread] DEBUG SystemBundleService  - Saving FXGL system data
10:01:53.975 [JavaFX Application Thread] DEBUG FileSystemAccess     - Writing to: C:\Users\DELL\IdeaProjects\SpaceInvader\system\fxgl.bundle
10:01:53.978 [JavaFX Application Thread] DEBUG Async                - Shutting down background threads
10:01:53.978 [JavaFX Application Thread] DEBUG PrimaryStageWindow   - Closing main window
10:01:54.011 [JavaFX Application Thread] DEBUG Logger               - Closing Logger
