20:24:39.590 [main                     ] DEBUG Logger               - Configured Logger
20:24:39.625 [main                     ] DEBUG GameApplication      - Logging settings
Title: Space Invaders
Version: 1.0.1
Width: 512
Height: 720
Fullscreen: false
Intro: false
Profiling: false
Single step:false
App Mode: RELEASE
Menu Key: ESCAPE
Stage Style: DECORATED
Scene Factory: class com.almasb.fxgl.app.scene.SceneFactory

20:24:40.029 [JavaFX Application Thread] DEBUG FXGLApplication      - Initializing FXGL
20:24:40.034 [JavaFX Application Thread] INFO  Engine               - FXGL-17.3 (30.03.2023 11.49) on WINDOWS (J:23 FX:17.0.6)
20:24:40.034 [JavaFX Application Thread] DEBUG Engine               - JRE Vendor Name: Oracle Corporation
20:24:40.034 [JavaFX Application Thread] DEBUG Engine               - Running on OS: Windows 10 version 10.0
20:24:40.035 [JavaFX Application Thread] DEBUG Engine               - Architecture: amd64
20:24:40.035 [JavaFX Application Thread] INFO  Engine               - Source code and latest versions at: https://github.com/AlmasB/FXGL
20:24:40.035 [JavaFX Application Thread] INFO  Engine               -       Ask questions and discuss at: https://github.com/AlmasB/FXGL/discussions
20:24:40.035 [JavaFX Application Thread] INFO  Engine               -              Join the FXGL chat at: https://gitter.im/AlmasB/FXGL
20:24:40.144 [JavaFX Application Thread] DEBUG PrimaryStageWindow   - Creating a JavaFX scene
20:24:40.232 [JavaFX Application Thread] DEBUG PrimaryStageWindow   - Target settings size: 512.0 x 720.0
20:24:40.233 [JavaFX Application Thread] DEBUG PrimaryStageWindow   - Scaled scene size:    512.0 x 720.0
20:24:40.233 [JavaFX Application Thread] DEBUG PrimaryStageWindow   - Scaled ratio: (1.0, 1.0)
20:24:40.235 [JavaFX Application Thread] DEBUG PrimaryStageWindow   - Set initial scene to FXGLStartupScene
20:24:40.247 [JavaFX Application Thread] DEBUG PrimaryStageWindow   - Opening main window
20:24:40.384 [JavaFX Application Thread] DEBUG PrimaryStageWindow   - Window border size: (14.4000244140625, 37.5999755859375)
20:24:40.385 [JavaFX Application Thread] DEBUG PrimaryStageWindow   - Scaled size: 512.0 x 720.0
20:24:40.385 [JavaFX Application Thread] DEBUG PrimaryStageWindow   - Scaled ratio: (1.0, 1.0)
20:24:40.386 [JavaFX Application Thread] DEBUG PrimaryStageWindow   - Scene size: 512.0 x 720.0
20:24:40.386 [JavaFX Application Thread] DEBUG PrimaryStageWindow   - Stage size: 526.4000244140625 x 757.5999755859375
20:24:40.405 [FXGL Background Thread 1 ] DEBUG Engine               - Initializing environment variables
20:24:40.532 [FXGL Background Thread 1 ] DEBUG FXGLAssetLoaderServi - User app class for loading assets: class fxgl.spaceinvader.SpaceInvaderApp
20:24:40.533 [FXGL Background Thread 1 ] DEBUG GameApplicationServi - Applying CSS: fxgl_dark.css
20:24:40.534 [FXGL Background Thread 1 ] DEBUG FXGLAssetLoaderServi - Loading from file system: jar:file:///C:/Users/HP/.m2/repository/com/github/almasb/fxgl/17.3/fxgl-17.3.jar!/fxglassets/ui/css/fxgl_dark.css
20:24:40.600 [FXGL Background Thread 1 ] DEBUG GameApplicationServi - Initializing application scenes
20:24:40.657 [FXGL Background Thread 1 ] DEBUG GameWorld            - Game world initialized
20:24:40.745 [FXGL Background Thread 1 ] DEBUG PhysicsWorld         - Physics world initialized: appHeight=720, physics.ppm=50.0
20:24:40.745 [FXGL Background Thread 1 ] DEBUG PhysicsWorld         - Using strategy: BRUTE_FORCE
20:24:40.752 [FXGL Background Thread 1 ] DEBUG GameScene            - Game scene initialized: 512x720
20:24:40.770 [FXGL Background Thread 1 ] WARN  FXGL.DefaultMenu     - FXGLDefaultMenu is not designed for resolutions < 800x600
20:24:40.770 [FXGL Background Thread 1 ] DEBUG FXGL.DefaultMenu     - createMenuBodyMainMenu()
20:24:40.792 [FXGL Background Thread 1 ] DEBUG FXGL.DefaultMenu     - createOptionsMenu()
20:24:40.807 [FXGL Background Thread 1 ] DEBUG FXGLAssetLoaderServi - Loading from file system: jar:file:///C:/Users/HP/.m2/repository/com/github/almasb/fxgl/17.3/fxgl-17.3.jar!/fxglassets/textures/particles/smoke.png
20:24:40.938 [FXGL Background Thread 1 ] DEBUG FXGLAssetLoaderServi - Loading from file system: jar:file:///C:/Users/HP/.m2/repository/com/github/almasb/fxgl/17.3/fxgl-17.3.jar!/fxglassets/textures/particles/trace_horizontal.png
20:24:40.967 [FXGL Background Thread 1 ] WARN  FXGL.DefaultMenu     - FXGLDefaultMenu is not designed for resolutions < 800x600
20:24:40.967 [FXGL Background Thread 1 ] DEBUG FXGL.DefaultMenu     - createMenuBodyGameMenu()
20:24:40.968 [FXGL Background Thread 1 ] DEBUG FXGL.DefaultMenu     - createOptionsMenu()
20:24:40.982 [FXGL Background Thread 1 ] DEBUG GameApplicationServi - Application scenes initialized
20:24:40.993 [FXGL Background Thread 1 ] DEBUG SystemBundleService  - Loading FXGL system data
20:24:40.999 [FXGL Background Thread 1 ] DEBUG FileSystemAccess     - Reading from: C:\Users\HP\IdeaProjects\SpaceInvader\system\fxgl.bundle
20:24:41.010 [FXGL Background Thread 1 ] DEBUG SystemBundleService  - Bundle FXGL: {}
20:24:41.013 [FXGL Background Thread 3 ] DEBUG FXGLApplication      - Loading fonts
20:24:41.014 [FXGL Background Thread 3 ] DEBUG FXGLAssetLoaderServi - Loading from file system: jar:file:///C:/Users/HP/.m2/repository/com/github/almasb/fxgl/17.3/fxgl-17.3.jar!/fxglassets/ui/fonts/VarelaRound-Regular.ttf
20:24:41.014 [FXGL Background Thread 1 ] DEBUG FXGLApplication      - Loading default localization
20:24:41.015 [FXGL Background Thread 1 ] DEBUG FXGLAssetLoaderServi - Loading from file system: jar:file:///C:/Users/HP/.m2/repository/com/github/almasb/fxgl/17.3/fxgl-17.3.jar!/fxglassets/languages/english.lang
20:24:41.043 [FXGL Background Thread 1 ] INFO  FXGLApplication      - FXGL initialization took: 0.638 sec
20:24:41.051 [FXGL Background Thread 3 ] DEBUG FXGLAssetLoaderServi - Loading from file system: jar:file:///C:/Users/HP/.m2/repository/com/github/almasb/fxgl/17.3/fxgl-17.3.jar!/fxglassets/ui/fonts/Abel-Regular.ttf
20:24:41.055 [JavaFX Application Thread] DEBUG Input                - Registered new binding: Move Left - Left
20:24:41.055 [FXGL Background Thread 3 ] DEBUG FXGLAssetLoaderServi - Loading from file system: jar:file:///C:/Users/HP/.m2/repository/com/github/almasb/fxgl/17.3/fxgl-17.3.jar!/fxglassets/ui/fonts/TerminalLandMono-Regular.otf
20:24:41.056 [JavaFX Application Thread] DEBUG Input                - Registered new binding: Move Right - Right
20:24:41.056 [JavaFX Application Thread] DEBUG Input                - Registered new binding: Shoot - Up
20:24:41.057 [JavaFX Application Thread] DEBUG Input                - Registered new binding: Shield Up - Space
20:24:41.057 [JavaFX Application Thread] DEBUG FXGLAssetLoaderServi - Loading from file system: file:/C:/Users/HP/IdeaProjects/SpaceInvader/target/classes/assets/music/bgm.mp3
20:24:41.060 [FXGL Background Thread 3 ] DEBUG FXGLAssetLoaderServi - Loading from file system: jar:file:///C:/Users/HP/.m2/repository/com/github/almasb/fxgl/17.3/fxgl-17.3.jar!/fxglassets/ui/fonts/Courier-Prime.ttf
20:24:41.190 [JavaFX Application Thread] DEBUG AudioPlayer          - Playing music com.almasb.fxgl.audio.Music@6e315420
20:24:41.192 [JavaFX Application Thread] DEBUG FXGLAssetLoaderServi - Loading from file system: jar:file:///C:/Users/HP/.m2/repository/com/github/almasb/fxgl/17.3/fxgl-17.3.jar!/fxglassets/textures/fxgl_icon.png
20:24:41.211 [JavaFX Application Thread] DEBUG FXGLAssetLoaderServi - Loading from file system: jar:file:///C:/Users/HP/.m2/repository/com/github/almasb/fxgl/17.3/fxgl-17.3.jar!/fxglassets/textures/fxgl_default_cursor.png
20:24:41.213 [JavaFX Application Thread] DEBUG Input                - Registered new binding: Screenshot - CTRL+8
20:24:41.216 [JavaFX Application Thread] DEBUG LoopRunner           - Starting loop
20:24:41.216 [JavaFX Application Thread] DEBUG LoopRunner           - Initializing JavaFX AnimationTimerLoop
20:24:41.219 [JavaFX Application Thread] DEBUG Input                - Clearing active input actions
20:24:41.228 [JavaFX Application Thread] DEBUG GameApplicationServi - Removing overlay from FXGLStartupScene and adding to FXGLMainMenuDummyScene
20:24:41.228 [JavaFX Application Thread] DEBUG PrimaryStageWindow   - FXGLStartupScene -> FXGLMainMenuDummyScene
20:24:41.228 [JavaFX Application Thread] DEBUG PrimaryStageWindow   - Push state: FXGLDefaultMenu
20:24:41.235 [JavaFX Application Thread] DEBUG Input                - Clearing active input actions
20:24:41.248 [JavaFX Application Thread] DEBUG GameApplicationServi - Removing overlay from FXGLMainMenuDummyScene and adding to FXGLDefaultMenu
20:24:41.248 [JavaFX Application Thread] DEBUG PrimaryStageWindow   - FXGLMainMenuDummyScene -> FXGLDefaultMenu
20:24:41.257 [JavaFX Application Thread] DEBUG FXGLApplication      - Registering font factories with UI factory
20:24:44.012 [FXGL Background Thread 2 ] DEBUG Engine               - Logging environment variables
20:24:44.013 [FXGL Background Thread 2 ] DEBUG Engine               - achievements: []
20:24:44.013 [FXGL Background Thread 2 ] DEBUG Engine               - actualHeight: 720.0
20:24:44.013 [FXGL Background Thread 2 ] DEBUG Engine               - actualHeightProperty: ReadOnlyDoubleProperty [value: 720.0]
20:24:44.013 [FXGL Background Thread 2 ] DEBUG Engine               - actualWidth: 512.0
20:24:44.013 [FXGL Background Thread 2 ] DEBUG Engine               - actualWidthProperty: ReadOnlyDoubleProperty [value: 512.0]
20:24:44.013 [FXGL Background Thread 2 ] DEBUG Engine               - appIcon: fxgl_icon.png
20:24:44.013 [FXGL Background Thread 2 ] DEBUG Engine               - applicationMode: RELEASE
20:24:44.013 [FXGL Background Thread 2 ] DEBUG Engine               - cSSList: [fxgl_dark.css]
20:24:44.013 [FXGL Background Thread 2 ] DEBUG Engine               - collisionDetectionStrategy: BRUTE_FORCE
20:24:44.013 [FXGL Background Thread 2 ] DEBUG Engine               - configClass: Optional.empty
20:24:44.013 [FXGL Background Thread 2 ] DEBUG Engine               - credits: []
20:24:44.014 [FXGL Background Thread 2 ] DEBUG Engine               - defaultCursor: CursorInfo(imageName=fxgl_default_cursor.png, hotspotX=7.0, hotspotY=6.0)
20:24:44.014 [FXGL Background Thread 2 ] DEBUG Engine               - devBBoxColorProperty: ObjectProperty [value: 0xff0000ff]
20:24:44.014 [FXGL Background Thread 2 ] DEBUG Engine               - devEnableDebugCameraProperty: BooleanProperty [value: false]
20:24:44.014 [FXGL Background Thread 2 ] DEBUG Engine               - devSensorColorProperty: ObjectProperty [value: 0xffff00ff]
20:24:44.014 [FXGL Background Thread 2 ] DEBUG Engine               - devShowBBoxProperty: BooleanProperty [value: false]
20:24:44.014 [FXGL Background Thread 2 ] DEBUG Engine               - devShowPositionProperty: BooleanProperty [value: false]
20:24:44.015 [FXGL Background Thread 2 ] DEBUG Engine               - enabledMenuItems: []
20:24:44.015 [FXGL Background Thread 2 ] DEBUG Engine               - engineServices: [class com.almasb.fxgl.app.services.FXGLAssetLoaderService, class com.almasb.fxgl.app.FXGLApplication$GameApplicationService, class com.almasb.fxgl.app.services.FXGLDialogService, class com.almasb.fxgl.app.services.IOTaskExecutorService, class com.almasb.fxgl.io.FileSystemService, class com.almasb.fxgl.localization.LocalizationService, class com.almasb.fxgl.app.services.SystemBundleService, class com.almasb.fxgl.profile.SaveLoadService, class com.almasb.fxgl.ui.FXGLUIFactoryServiceProvider, class com.almasb.fxgl.ui.FXGLDialogFactoryServiceProvider, class com.almasb.fxgl.audio.AudioPlayer, class com.almasb.fxgl.notification.impl.NotificationServiceProvider, class com.almasb.fxgl.achievement.AchievementService, class com.almasb.fxgl.cutscene.CutsceneService, class com.almasb.fxgl.minigames.MiniGameService, class com.almasb.fxgl.net.NetService, class com.almasb.fxgl.app.services.UpdaterService, class com.almasb.fxgl.dev.DevService]
20:24:44.015 [FXGL Background Thread 2 ] DEBUG Engine               - fontGame: Abel-Regular.ttf
20:24:44.015 [FXGL Background Thread 2 ] DEBUG Engine               - fontMono: TerminalLandMono-Regular.otf
20:24:44.015 [FXGL Background Thread 2 ] DEBUG Engine               - fontSizeScaleUI: 1.0
20:24:44.015 [FXGL Background Thread 2 ] DEBUG Engine               - fontText: Courier-Prime.ttf
20:24:44.015 [FXGL Background Thread 2 ] DEBUG Engine               - fontUI: VarelaRound-Regular.ttf
20:24:44.015 [FXGL Background Thread 2 ] DEBUG Engine               - fullScreen: BooleanProperty [value: false]
20:24:44.015 [FXGL Background Thread 2 ] DEBUG Engine               - gameDifficulty: MEDIUM
20:24:44.015 [FXGL Background Thread 2 ] DEBUG Engine               - gameDifficultyProperty: ObjectProperty [value: MEDIUM]
20:24:44.016 [FXGL Background Thread 2 ] DEBUG Engine               - globalMusicVolume: 0.5
20:24:44.016 [FXGL Background Thread 2 ] DEBUG Engine               - globalMusicVolumeProperty: DoubleProperty [value: 1.0]
20:24:44.016 [FXGL Background Thread 2 ] DEBUG Engine               - globalSoundVolume: 0.5
20:24:44.017 [FXGL Background Thread 2 ] DEBUG Engine               - globalSoundVolumeProperty: DoubleProperty [value: 0.1]
20:24:44.017 [FXGL Background Thread 2 ] DEBUG Engine               - height: 720
20:24:44.017 [FXGL Background Thread 2 ] DEBUG Engine               - is3D: false
20:24:44.017 [FXGL Background Thread 2 ] DEBUG Engine               - isAndroid: false
20:24:44.017 [FXGL Background Thread 2 ] DEBUG Engine               - isBrowser: false
20:24:44.017 [FXGL Background Thread 2 ] DEBUG Engine               - isClickFeedbackEnabled: false
20:24:44.017 [FXGL Background Thread 2 ] DEBUG Engine               - isCloseConfirmation: false
20:24:44.017 [FXGL Background Thread 2 ] DEBUG Engine               - isDesktop: true
20:24:44.018 [FXGL Background Thread 2 ] DEBUG Engine               - isDeveloperMenuEnabled: false
20:24:44.018 [FXGL Background Thread 2 ] DEBUG Engine               - isEmbedded: false
20:24:44.018 [FXGL Background Thread 2 ] DEBUG Engine               - isEntityPreloadEnabled: true
20:24:44.018 [FXGL Background Thread 2 ] DEBUG Engine               - isExperimentalTiledLargeMap: false
20:24:44.018 [FXGL Background Thread 2 ] DEBUG Engine               - isFileSystemWriteAllowed: true
20:24:44.018 [FXGL Background Thread 2 ] DEBUG Engine               - isFullScreenAllowed: false
20:24:44.018 [FXGL Background Thread 2 ] DEBUG Engine               - isFullScreenFromStart: false
20:24:44.018 [FXGL Background Thread 2 ] DEBUG Engine               - isGameMenuEnabled: true
20:24:44.018 [FXGL Background Thread 2 ] DEBUG Engine               - isIOS: false
20:24:44.018 [FXGL Background Thread 2 ] DEBUG Engine               - isIntroEnabled: false
20:24:44.018 [FXGL Background Thread 2 ] DEBUG Engine               - isLinux: false
20:24:44.018 [FXGL Background Thread 2 ] DEBUG Engine               - isMac: false
20:24:44.018 [FXGL Background Thread 2 ] DEBUG Engine               - isMainMenuEnabled: true
20:24:44.019 [FXGL Background Thread 2 ] DEBUG Engine               - isManualResizeEnabled: true
20:24:44.019 [FXGL Background Thread 2 ] DEBUG Engine               - isMobile: false
20:24:44.019 [FXGL Background Thread 2 ] DEBUG Engine               - isNative: false
20:24:44.019 [FXGL Background Thread 2 ] DEBUG Engine               - isPauseMusicWhenMinimized: true
20:24:44.019 [FXGL Background Thread 2 ] DEBUG Engine               - isPreserveResizeRatio: true
20:24:44.019 [FXGL Background Thread 2 ] DEBUG Engine               - isProfilingEnabled: false
20:24:44.019 [FXGL Background Thread 2 ] DEBUG Engine               - isScaleAffectedOnResize: true
20:24:44.019 [FXGL Background Thread 2 ] DEBUG Engine               - isSingleStep: false
20:24:44.019 [FXGL Background Thread 2 ] DEBUG Engine               - isUserProfileEnabled: false
20:24:44.019 [FXGL Background Thread 2 ] DEBUG Engine               - isWindows: true
20:24:44.020 [FXGL Background Thread 2 ] DEBUG Engine               - language: ObjectProperty [value: ENGLISH]
20:24:44.020 [FXGL Background Thread 2 ] DEBUG Engine               - menuKey: ESCAPE
20:24:44.020 [FXGL Background Thread 2 ] DEBUG Engine               - mouseSensitivity: 0.2
20:24:44.020 [FXGL Background Thread 2 ] DEBUG Engine               - notificationViewClass: class com.almasb.fxgl.notification.view.XboxNotificationView
20:24:44.020 [FXGL Background Thread 2 ] DEBUG Engine               - pixelsPerMeter: 50.0
20:24:44.020 [FXGL Background Thread 2 ] DEBUG Engine               - platform: WINDOWS
20:24:44.020 [FXGL Background Thread 2 ] DEBUG Engine               - prefHeightProperty: ReadOnlyDoubleProperty [value: 720.0]
20:24:44.020 [FXGL Background Thread 2 ] DEBUG Engine               - prefWidthProperty: ReadOnlyDoubleProperty [value: 512.0]
20:24:44.020 [FXGL Background Thread 2 ] DEBUG Engine               - profileDir: profiles/
20:24:44.020 [FXGL Background Thread 2 ] DEBUG Engine               - profileName: StringProperty [value: DEFAULT]
20:24:44.020 [FXGL Background Thread 2 ] DEBUG Engine               - randomSeed: -1
20:24:44.021 [FXGL Background Thread 2 ] DEBUG Engine               - runtimeInfo: RuntimeInfo(platform=WINDOWS, version=17.3, build=30.03.2023 11.49)
20:24:44.021 [FXGL Background Thread 2 ] DEBUG Engine               - saveFileExt: sav
20:24:44.021 [FXGL Background Thread 2 ] DEBUG Engine               - scaledHeightProp$fxgl: DoubleProperty [bound, value: 720.0]
20:24:44.021 [FXGL Background Thread 2 ] DEBUG Engine               - scaledWidthProp$fxgl: DoubleProperty [bound, value: 512.0]
20:24:44.021 [FXGL Background Thread 2 ] DEBUG Engine               - sceneFactory: com.almasb.fxgl.app.scene.SceneFactory@3c0630e1
20:24:44.022 [FXGL Background Thread 2 ] DEBUG Engine               - secondsIn24h: 60
20:24:44.022 [FXGL Background Thread 2 ] DEBUG Engine               - soundMenuBack: menu/back.wav
20:24:44.022 [FXGL Background Thread 2 ] DEBUG Engine               - soundMenuPress: menu/press.wav
20:24:44.022 [FXGL Background Thread 2 ] DEBUG Engine               - soundMenuSelect: menu/select.wav
20:24:44.022 [FXGL Background Thread 2 ] DEBUG Engine               - soundNotification: core/notification.wav
20:24:44.022 [FXGL Background Thread 2 ] DEBUG Engine               - stageStyle: DECORATED
20:24:44.022 [FXGL Background Thread 2 ] DEBUG Engine               - supportedLanguages: [ENGLISH, FRENCH, GERMAN, HUNGARIAN, RUSSIAN]
20:24:44.022 [FXGL Background Thread 2 ] DEBUG Engine               - ticksPerSecond: -1
20:24:44.022 [FXGL Background Thread 2 ] DEBUG Engine               - title: Space Invaders
20:24:44.022 [FXGL Background Thread 2 ] DEBUG Engine               - urlGithub: https://github.com/AlmasB/FXGL
20:24:44.022 [FXGL Background Thread 2 ] DEBUG Engine               - urlLeaderboard: http://fxgl-top.herokuapp.com/
20:24:44.022 [FXGL Background Thread 2 ] DEBUG Engine               - urlPOM: https://raw.githubusercontent.com/AlmasB/FXGL/release/README.md
20:24:44.022 [FXGL Background Thread 2 ] DEBUG Engine               - userAppClass: class fxgl.spaceinvader.SpaceInvaderApp
20:24:44.022 [FXGL Background Thread 2 ] DEBUG Engine               - version: 1.0.1
20:24:44.023 [FXGL Background Thread 2 ] DEBUG Engine               - versionCheckDays: 7
20:24:44.023 [FXGL Background Thread 2 ] DEBUG Engine               - width: 512
20:24:44.023 [FXGL Background Thread 2 ] DEBUG Engine               - Logging services
20:24:44.023 [FXGL Background Thread 2 ] DEBUG Engine               - class com.almasb.fxgl.app.services.FXGLAssetLoaderService
20:24:44.023 [FXGL Background Thread 2 ] DEBUG Engine               - class com.almasb.fxgl.app.FXGLApplication$GameApplicationService
20:24:44.023 [FXGL Background Thread 2 ] DEBUG Engine               - class com.almasb.fxgl.app.services.FXGLDialogService
20:24:44.023 [FXGL Background Thread 2 ] DEBUG Engine               - class com.almasb.fxgl.app.services.IOTaskExecutorService
20:24:44.023 [FXGL Background Thread 2 ] DEBUG Engine               - class com.almasb.fxgl.io.FileSystemService
20:24:44.023 [FXGL Background Thread 2 ] DEBUG Engine               - class com.almasb.fxgl.localization.LocalizationService
20:24:44.023 [FXGL Background Thread 2 ] DEBUG Engine               - class com.almasb.fxgl.app.services.SystemBundleService
20:24:44.023 [FXGL Background Thread 2 ] DEBUG Engine               - class com.almasb.fxgl.profile.SaveLoadService
20:24:44.023 [FXGL Background Thread 2 ] DEBUG Engine               - class com.almasb.fxgl.ui.FXGLUIFactoryServiceProvider
20:24:44.023 [FXGL Background Thread 2 ] DEBUG Engine               - class com.almasb.fxgl.ui.FXGLDialogFactoryServiceProvider
20:24:44.023 [FXGL Background Thread 2 ] DEBUG Engine               - class com.almasb.fxgl.audio.AudioPlayer
20:24:44.023 [FXGL Background Thread 2 ] DEBUG Engine               - class com.almasb.fxgl.notification.impl.NotificationServiceProvider
20:24:44.023 [FXGL Background Thread 2 ] DEBUG Engine               - class com.almasb.fxgl.achievement.AchievementService
20:24:44.023 [FXGL Background Thread 2 ] DEBUG Engine               - class com.almasb.fxgl.cutscene.CutsceneService
20:24:44.024 [FXGL Background Thread 2 ] DEBUG Engine               - class com.almasb.fxgl.minigames.MiniGameService
20:24:44.024 [FXGL Background Thread 2 ] DEBUG Engine               - class com.almasb.fxgl.net.NetService
20:24:44.024 [FXGL Background Thread 2 ] DEBUG Engine               - class com.almasb.fxgl.app.services.UpdaterService
20:24:44.024 [FXGL Background Thread 2 ] DEBUG Engine               - class com.almasb.fxgl.dev.DevService
20:24:50.907 [JavaFX Application Thread] DEBUG Menu                 - fireNewGame()
20:24:50.907 [JavaFX Application Thread] DEBUG GameApplicationServi - Starting new game
20:24:50.907 [JavaFX Application Thread] DEBUG PrimaryStageWindow   - Pop state: FXGLDefaultMenu
20:24:50.907 [JavaFX Application Thread] DEBUG Input                - Clearing active input actions
20:24:50.908 [JavaFX Application Thread] DEBUG GameApplicationServi - Removing overlay from FXGLDefaultMenu and adding to FXGLMainMenuDummyScene
20:24:50.908 [JavaFX Application Thread] DEBUG PrimaryStageWindow   - FXGLMainMenuDummyScene <- FXGLDefaultMenu
20:24:50.908 [JavaFX Application Thread] DEBUG Input                - Clearing active input actions
20:24:50.915 [JavaFX Application Thread] DEBUG GameApplicationServi - Removing overlay from FXGLMainMenuDummyScene and adding to FXGLLoadingScene
20:24:50.916 [JavaFX Application Thread] DEBUG PrimaryStageWindow   - FXGLMainMenuDummyScene -> FXGLLoadingScene
20:24:50.916 [JavaFX Application Thread] DEBUG GameApplicationServi - Clearing previous game
20:24:50.916 [JavaFX Application Thread] DEBUG GameScene            - Clearing game scene
20:24:50.916 [JavaFX Application Thread] DEBUG GameWorld            - Clearing game world
20:24:50.916 [JavaFX Application Thread] DEBUG PhysicsWorld         - Clearing physics world
20:24:50.920 [FXGL Background Thread 3 ] DEBUG FXGLApplication      - Initializing game
20:24:50.930 [FXGL Background Thread 3 ] DEBUG FileSystemAccess     - Reading from: C:\Users\HP\IdeaProjects\SpaceInvader\.\hiscore.dat
20:24:51.017 [FXGL Background Thread 3 ] WARN  TMXLevelLoader       - TiledMap generated from 1.8.6. Supported version: 1.9.0. Some features may not be parsed fully.
20:24:51.038 [FXGL Background Thread 3 ] DEBUG TMXLevelLoader       - Parsed TiledMap: file:/C:/Users/HP/IdeaProjects/SpaceInvader/target/classes/assets/levels/level1.tmx
20:24:51.038 [FXGL Background Thread 3 ] DEBUG TMXLevelLoader       - Creating tile layer entities
20:24:51.040 [FXGL Background Thread 3 ] DEBUG TilesetLoader        - Loading view for layer Background
20:24:51.040 [FXGL Background Thread 3 ] DEBUG TilesetLoader        - Created buffer with size 512.0x720.0
20:24:51.049 [FXGL Background Thread 3 ] DEBUG TilesetLoader        - Loading view for layer UI
20:24:51.050 [FXGL Background Thread 3 ] DEBUG TilesetLoader        - Created buffer with size 512.0x720.0
20:24:51.050 [FXGL Background Thread 3 ] DEBUG TMXLevelLoader       - Creating object layer entities
20:24:51.055 [FXGL Background Thread 3 ] DEBUG FXGLAssetLoaderServi - Loading from file system: file:/C:/Users/HP/IdeaProjects/SpaceInvader/target/classes/assets/textures/Egg.png
20:24:51.087 [FXGL Background Thread 3 ] DEBUG FXGLAssetLoaderServi - Loading from file system: file:/C:/Users/HP/IdeaProjects/SpaceInvader/target/classes/assets/textures/Frog.png
20:24:51.096 [FXGL Background Thread 3 ] DEBUG FXGLAssetLoaderServi - Loading from file system: file:/C:/Users/HP/IdeaProjects/SpaceInvader/target/classes/assets/textures/Demon.png
20:24:51.120 [FXGL Background Thread 3 ] DEBUG FXGLAssetLoaderServi - Loading from file system: file:/C:/Users/HP/IdeaProjects/SpaceInvader/target/classes/assets/textures/wall_left_1.png
20:24:51.125 [FXGL Background Thread 3 ] DEBUG FXGLAssetLoaderServi - Loading from file system: file:/C:/Users/HP/IdeaProjects/SpaceInvader/target/classes/assets/textures/wall_right_1.png
20:24:51.130 [FXGL Background Thread 3 ] DEBUG GameWorld            - Clearing removable entities
20:24:51.131 [FXGL Background Thread 3 ] DEBUG GameWorld            - Setting level: com.almasb.fxgl.entity.level.Level@177c0c66
20:24:51.160 [FXGL Background Thread 3 ] DEBUG FXGLAssetLoaderServi - Loading from file system: file:/C:/Users/HP/IdeaProjects/SpaceInvader/target/classes/assets/textures/player.png
20:24:51.168 [FXGL Background Thread 3 ] INFO  FXGLApplication      - Game initialization took: 0.248 sec
20:24:51.181 [JavaFX Application Thread] DEBUG Input                - Clearing active input actions
20:24:51.187 [JavaFX Application Thread] DEBUG GameApplicationServi - Removing overlay from FXGLLoadingScene and adding to GameScene
20:24:51.188 [JavaFX Application Thread] DEBUG PrimaryStageWindow   - FXGLLoadingScene -> GameScene
20:24:52.324 [JavaFX Application Thread] DEBUG FXGLAssetLoaderServi - Loading from file system: file:/C:/Users/HP/IdeaProjects/SpaceInvader/target/classes/assets/sounds/shoot.wav
20:24:53.185 [JavaFX Application Thread] DEBUG FXGLAssetLoaderServi - Loading from file system: file:/C:/Users/HP/IdeaProjects/SpaceInvader/target/classes/assets/textures/EnemyBullet.png
20:24:53.187 [JavaFX Application Thread] DEBUG FXGLAssetLoaderServi - Loading from file system: file:/C:/Users/HP/IdeaProjects/SpaceInvader/target/classes/assets/textures/EnemyCluster.png
20:24:53.633 [JavaFX Application Thread] DEBUG EventBus             - Firing event: fxgl.spaceinvader.event.GameEvent[source=javafx.event.Event$$Lambda/0x000002798115b9b8@2fcc7466]
20:24:53.633 [JavaFX Application Thread] DEBUG FXGLAssetLoaderServi - Loading from file system: file:/C:/Users/HP/IdeaProjects/SpaceInvader/target/classes/assets/sounds/explosion.wav
20:24:53.637 [JavaFX Application Thread] DEBUG FXGLAssetLoaderServi - Loading from file system: file:/C:/Users/HP/IdeaProjects/SpaceInvader/target/classes/assets/textures/Explosion.png
20:24:54.144 [JavaFX Application Thread] DEBUG EventBus             - Firing event: fxgl.spaceinvader.event.GameEvent[source=javafx.event.Event$$Lambda/0x000002798115b9b8@2fcc7466]
20:24:54.290 [JavaFX Application Thread] DEBUG FXGLAssetLoaderServi - Loading from file system: file:/C:/Users/HP/IdeaProjects/SpaceInvader/target/classes/assets/textures/wall_left_2.png
20:24:54.881 [JavaFX Application Thread] DEBUG EventBus             - Firing event: fxgl.spaceinvader.event.GameEvent[source=javafx.event.Event$$Lambda/0x000002798115b9b8@2fcc7466]
20:24:54.896 [JavaFX Application Thread] DEBUG FXGLAssetLoaderServi - Loading from file system: file:/C:/Users/HP/IdeaProjects/SpaceInvader/target/classes/assets/textures/wall_right_2.png
20:24:55.058 [JavaFX Application Thread] DEBUG EventBus             - Firing event: fxgl.spaceinvader.event.GameEvent[source=javafx.event.Event$$Lambda/0x000002798115b9b8@2fcc7466]
20:24:55.536 [JavaFX Application Thread] DEBUG FXGLAssetLoaderServi - Loading from file system: file:/C:/Users/HP/IdeaProjects/SpaceInvader/target/classes/assets/textures/wall_left_3.png
20:24:56.016 [JavaFX Application Thread] DEBUG EventBus             - Firing event: fxgl.spaceinvader.event.GameEvent[source=javafx.event.Event$$Lambda/0x000002798115b9b8@2fcc7466]
20:24:56.111 [JavaFX Application Thread] DEBUG EventBus             - Firing event: fxgl.spaceinvader.event.GameEvent[source=javafx.event.Event$$Lambda/0x000002798115b9b8@2fcc7466]
20:24:57.856 [JavaFX Application Thread] DEBUG EventBus             - Firing event: fxgl.spaceinvader.event.GameEvent[source=javafx.event.Event$$Lambda/0x000002798115b9b8@2fcc7466]
20:24:57.984 [JavaFX Application Thread] DEBUG FXGLAssetLoaderServi - Loading from file system: file:/C:/Users/HP/IdeaProjects/SpaceInvader/target/classes/assets/textures/wall_right_3.png
20:24:58.320 [JavaFX Application Thread] DEBUG EventBus             - Firing event: fxgl.spaceinvader.event.GameEvent[source=javafx.event.Event$$Lambda/0x000002798115b9b8@2fcc7466]
20:24:58.879 [JavaFX Application Thread] DEBUG EventBus             - Firing event: fxgl.spaceinvader.event.GameEvent[source=javafx.event.Event$$Lambda/0x000002798115b9b8@2fcc7466]
20:24:59.376 [JavaFX Application Thread] DEBUG EventBus             - Firing event: fxgl.spaceinvader.event.GameEvent[source=javafx.event.Event$$Lambda/0x000002798115b9b8@2fcc7466]
20:24:59.855 [JavaFX Application Thread] DEBUG EventBus             - Firing event: fxgl.spaceinvader.event.GameEvent[source=javafx.event.Event$$Lambda/0x000002798115b9b8@2fcc7466]
20:25:00.081 [JavaFX Application Thread] DEBUG EventBus             - Firing event: fxgl.spaceinvader.event.GameEvent[source=javafx.event.Event$$Lambda/0x000002798115b9b8@2fcc7466]
20:25:00.160 [JavaFX Application Thread] DEBUG EventBus             - Firing event: fxgl.spaceinvader.event.GameEvent[source=javafx.event.Event$$Lambda/0x000002798115b9b8@2fcc7466]
20:25:00.624 [JavaFX Application Thread] DEBUG EventBus             - Firing event: fxgl.spaceinvader.event.GameEvent[source=javafx.event.Event$$Lambda/0x000002798115b9b8@2fcc7466]
20:25:01.424 [JavaFX Application Thread] DEBUG EventBus             - Firing event: fxgl.spaceinvader.event.GameEvent[source=javafx.event.Event$$Lambda/0x000002798115b9b8@2fcc7466]
20:25:02.639 [JavaFX Application Thread] DEBUG EventBus             - Firing event: fxgl.spaceinvader.event.GameEvent[source=javafx.event.Event$$Lambda/0x000002798115b9b8@2fcc7466]
20:25:03.231 [JavaFX Application Thread] DEBUG EventBus             - Firing event: fxgl.spaceinvader.event.GameEvent[source=javafx.event.Event$$Lambda/0x000002798115b9b8@2fcc7466]
20:25:03.520 [JavaFX Application Thread] DEBUG EventBus             - Firing event: fxgl.spaceinvader.event.GameEvent[source=javafx.event.Event$$Lambda/0x000002798115b9b8@2fcc7466]
20:25:03.999 [JavaFX Application Thread] DEBUG EventBus             - Firing event: fxgl.spaceinvader.event.GameEvent[source=javafx.event.Event$$Lambda/0x000002798115b9b8@2fcc7466]
20:25:04.001 [JavaFX Application Thread] DEBUG PrimaryStageWindow   - Push state: DialogSubScene
20:25:04.001 [JavaFX Application Thread] DEBUG Input                - Clearing active input actions
20:25:04.002 [JavaFX Application Thread] DEBUG GameApplicationServi - Removing overlay from GameScene and adding to DialogSubScene
20:25:04.002 [JavaFX Application Thread] DEBUG PrimaryStageWindow   - GameScene -> DialogSubScene
20:25:06.316 [JavaFX Application Thread] DEBUG PrimaryStageWindow   - Pop state: DialogSubScene
20:25:06.316 [JavaFX Application Thread] DEBUG Input                - Clearing active input actions
20:25:06.317 [JavaFX Application Thread] DEBUG GameApplicationServi - Removing overlay from DialogSubScene and adding to GameScene
20:25:06.317 [JavaFX Application Thread] DEBUG PrimaryStageWindow   - GameScene <- DialogSubScene
20:25:06.317 [JavaFX Application Thread] DEBUG FXGLApplication      - Exiting FXGL
20:25:06.317 [JavaFX Application Thread] DEBUG LoopRunner           - Stopping loop
20:25:06.317 [JavaFX Application Thread] DEBUG SystemBundleService  - Saving FXGL system data
20:25:06.320 [JavaFX Application Thread] DEBUG FileSystemAccess     - Writing to: C:\Users\HP\IdeaProjects\SpaceInvader\system\fxgl.bundle
20:25:06.322 [JavaFX Application Thread] DEBUG Async                - Shutting down background threads
20:25:06.322 [JavaFX Application Thread] DEBUG PrimaryStageWindow   - Closing main window
20:25:06.336 [JavaFX Application Thread] DEBUG Logger               - Closing Logger
