21:51:00.290 [main                     ] DEBUG Logger               - Configured Logger
21:51:00.324 [main                     ] DEBUG GameApplication      - Logging settings
Title: Space Invaders
Version: 1.0.1
Width: 512
Height: 712
Fullscreen: false
Intro: false
Profiling: false
Single step:false
App Mode: RELEASE
Menu Key: ESCAPE
Stage Style: DECORATED
Scene Factory: class com.almasb.fxgl.app.scene.SceneFactory

21:51:00.656 [JavaFX Application Thread] DEBUG FXGLApplication      - Initializing FXGL
21:51:00.660 [JavaFX Application Thread] INFO  Engine               - FXGL-17.3 (30.03.2023 11.49) on WINDOWS (J:23 FX:17.0.6)
21:51:00.660 [JavaFX Application Thread] DEBUG Engine               - JRE Vendor Name: Oracle Corporation
21:51:00.660 [JavaFX Application Thread] DEBUG Engine               - Running on OS: Windows 10 version 10.0
21:51:00.661 [JavaFX Application Thread] DEBUG Engine               - Architecture: amd64
21:51:00.661 [JavaFX Application Thread] INFO  Engine               - Source code and latest versions at: https://github.com/AlmasB/FXGL
21:51:00.661 [JavaFX Application Thread] INFO  Engine               -       Ask questions and discuss at: https://github.com/AlmasB/FXGL/discussions
21:51:00.661 [JavaFX Application Thread] INFO  Engine               -              Join the FXGL chat at: https://gitter.im/AlmasB/FXGL
21:51:00.747 [JavaFX Application Thread] DEBUG PrimaryStageWindow   - Creating a JavaFX scene
21:51:00.793 [JavaFX Application Thread] DEBUG PrimaryStageWindow   - Target settings size: 512.0 x 712.0
21:51:00.793 [JavaFX Application Thread] DEBUG PrimaryStageWindow   - Scaled scene size:    512.0 x 712.0
21:51:00.793 [JavaFX Application Thread] DEBUG PrimaryStageWindow   - Scaled ratio: (1.0, 1.0)
21:51:00.794 [JavaFX Application Thread] DEBUG PrimaryStageWindow   - Set initial scene to FXGLStartupScene
21:51:00.802 [JavaFX Application Thread] DEBUG PrimaryStageWindow   - Opening main window
21:51:00.890 [JavaFX Application Thread] DEBUG PrimaryStageWindow   - Window border size: (14.4000244140625, 37.5999755859375)
21:51:00.891 [JavaFX Application Thread] DEBUG PrimaryStageWindow   - Scaled size: 512.0 x 712.0
21:51:00.892 [JavaFX Application Thread] DEBUG PrimaryStageWindow   - Scaled ratio: (1.0, 1.0)
21:51:00.892 [JavaFX Application Thread] DEBUG PrimaryStageWindow   - Scene size: 512.0 x 712.0
21:51:00.893 [JavaFX Application Thread] DEBUG PrimaryStageWindow   - Stage size: 526.4000244140625 x 749.5999755859375
21:51:00.902 [FXGL Background Thread 1 ] DEBUG Engine               - Initializing environment variables
21:51:01.014 [FXGL Background Thread 1 ] DEBUG FXGLAssetLoaderServi - User app class for loading assets: class fxgl.spaceinvader.SpaceInvaderApp
21:51:01.014 [FXGL Background Thread 1 ] DEBUG GameApplicationServi - Applying CSS: fxgl_dark.css
21:51:01.014 [FXGL Background Thread 1 ] DEBUG FXGLAssetLoaderServi - Loading from file system: jar:file:///C:/Users/HP/.m2/repository/com/github/almasb/fxgl/17.3/fxgl-17.3.jar!/fxglassets/ui/css/fxgl_dark.css
21:51:01.067 [FXGL Background Thread 1 ] DEBUG GameApplicationServi - Initializing application scenes
21:51:01.116 [FXGL Background Thread 1 ] DEBUG GameWorld            - Game world initialized
21:51:01.184 [FXGL Background Thread 1 ] DEBUG PhysicsWorld         - Physics world initialized: appHeight=712, physics.ppm=50.0
21:51:01.185 [FXGL Background Thread 1 ] DEBUG PhysicsWorld         - Using strategy: BRUTE_FORCE
21:51:01.189 [FXGL Background Thread 1 ] DEBUG GameScene            - Game scene initialized: 512x712
21:51:01.202 [FXGL Background Thread 1 ] WARN  FXGL.DefaultMenu     - FXGLDefaultMenu is not designed for resolutions < 800x600
21:51:01.203 [FXGL Background Thread 1 ] DEBUG FXGL.DefaultMenu     - createMenuBodyMainMenu()
21:51:01.216 [FXGL Background Thread 1 ] DEBUG FXGL.DefaultMenu     - createOptionsMenu()
21:51:01.226 [FXGL Background Thread 1 ] DEBUG FXGLAssetLoaderServi - Loading from file system: jar:file:///C:/Users/HP/.m2/repository/com/github/almasb/fxgl/17.3/fxgl-17.3.jar!/fxglassets/textures/particles/smoke.png
21:51:01.307 [FXGL Background Thread 1 ] DEBUG FXGLAssetLoaderServi - Loading from file system: jar:file:///C:/Users/HP/.m2/repository/com/github/almasb/fxgl/17.3/fxgl-17.3.jar!/fxglassets/textures/particles/trace_horizontal.png
21:51:01.335 [FXGL Background Thread 1 ] WARN  FXGL.DefaultMenu     - FXGLDefaultMenu is not designed for resolutions < 800x600
21:51:01.335 [FXGL Background Thread 1 ] DEBUG FXGL.DefaultMenu     - createMenuBodyGameMenu()
21:51:01.336 [FXGL Background Thread 1 ] DEBUG FXGL.DefaultMenu     - createOptionsMenu()
21:51:01.350 [FXGL Background Thread 1 ] DEBUG GameApplicationServi - Application scenes initialized
21:51:01.360 [FXGL Background Thread 1 ] DEBUG SystemBundleService  - Loading FXGL system data
21:51:01.364 [FXGL Background Thread 1 ] DEBUG FileSystemAccess     - Reading from: C:\Users\HP\IdeaProjects\SpaceInvader\system\fxgl.bundle
21:51:01.370 [FXGL Background Thread 1 ] DEBUG SystemBundleService  - Bundle FXGL: {}
21:51:01.372 [FXGL Background Thread 3 ] DEBUG FXGLApplication      - Loading fonts
21:51:01.373 [FXGL Background Thread 1 ] DEBUG FXGLApplication      - Loading default localization
21:51:01.373 [FXGL Background Thread 3 ] DEBUG FXGLAssetLoaderServi - Loading from file system: jar:file:///C:/Users/HP/.m2/repository/com/github/almasb/fxgl/17.3/fxgl-17.3.jar!/fxglassets/ui/fonts/VarelaRound-Regular.ttf
21:51:01.373 [FXGL Background Thread 1 ] DEBUG FXGLAssetLoaderServi - Loading from file system: jar:file:///C:/Users/HP/.m2/repository/com/github/almasb/fxgl/17.3/fxgl-17.3.jar!/fxglassets/languages/english.lang
21:51:01.390 [FXGL Background Thread 1 ] INFO  FXGLApplication      - FXGL initialization took: 0.489 sec
21:51:01.400 [FXGL Background Thread 3 ] DEBUG FXGLAssetLoaderServi - Loading from file system: jar:file:///C:/Users/HP/.m2/repository/com/github/almasb/fxgl/17.3/fxgl-17.3.jar!/fxglassets/ui/fonts/Abel-Regular.ttf
21:51:01.402 [JavaFX Application Thread] DEBUG Input                - Registered new binding: Move Left - Left
21:51:01.402 [JavaFX Application Thread] DEBUG Input                - Registered new binding: Move Right - Right
21:51:01.403 [JavaFX Application Thread] DEBUG Input                - Registered new binding: Shoot - Up
21:51:01.403 [JavaFX Application Thread] DEBUG FXGLAssetLoaderServi - Loading from file system: jar:file:///C:/Users/HP/.m2/repository/com/github/almasb/fxgl/17.3/fxgl-17.3.jar!/fxglassets/textures/fxgl_icon.png
21:51:01.404 [FXGL Background Thread 3 ] DEBUG FXGLAssetLoaderServi - Loading from file system: jar:file:///C:/Users/HP/.m2/repository/com/github/almasb/fxgl/17.3/fxgl-17.3.jar!/fxglassets/ui/fonts/TerminalLandMono-Regular.otf
21:51:01.408 [FXGL Background Thread 3 ] DEBUG FXGLAssetLoaderServi - Loading from file system: jar:file:///C:/Users/HP/.m2/repository/com/github/almasb/fxgl/17.3/fxgl-17.3.jar!/fxglassets/ui/fonts/Courier-Prime.ttf
21:51:01.420 [JavaFX Application Thread] DEBUG FXGLAssetLoaderServi - Loading from file system: jar:file:///C:/Users/HP/.m2/repository/com/github/almasb/fxgl/17.3/fxgl-17.3.jar!/fxglassets/textures/fxgl_default_cursor.png
21:51:01.422 [JavaFX Application Thread] DEBUG Input                - Registered new binding: Screenshot - CTRL+8
21:51:01.426 [JavaFX Application Thread] DEBUG LoopRunner           - Starting loop
21:51:01.426 [JavaFX Application Thread] DEBUG LoopRunner           - Initializing JavaFX AnimationTimerLoop
21:51:01.428 [JavaFX Application Thread] DEBUG Input                - Clearing active input actions
21:51:01.438 [JavaFX Application Thread] DEBUG GameApplicationServi - Removing overlay from FXGLStartupScene and adding to FXGLMainMenuDummyScene
21:51:01.438 [JavaFX Application Thread] DEBUG PrimaryStageWindow   - FXGLStartupScene -> FXGLMainMenuDummyScene
21:51:01.439 [JavaFX Application Thread] DEBUG PrimaryStageWindow   - Push state: FXGLDefaultMenu
21:51:01.442 [JavaFX Application Thread] DEBUG Input                - Clearing active input actions
21:51:01.449 [JavaFX Application Thread] DEBUG GameApplicationServi - Removing overlay from FXGLMainMenuDummyScene and adding to FXGLDefaultMenu
21:51:01.449 [JavaFX Application Thread] DEBUG PrimaryStageWindow   - FXGLMainMenuDummyScene -> FXGLDefaultMenu
21:51:01.450 [JavaFX Application Thread] DEBUG FXGLApplication      - Registering font factories with UI factory
21:51:03.041 [JavaFX Application Thread] DEBUG Menu                 - fireNewGame()
21:51:03.041 [JavaFX Application Thread] DEBUG GameApplicationServi - Starting new game
21:51:03.044 [JavaFX Application Thread] DEBUG PrimaryStageWindow   - Pop state: FXGLDefaultMenu
21:51:03.044 [JavaFX Application Thread] DEBUG Input                - Clearing active input actions
21:51:03.045 [JavaFX Application Thread] DEBUG GameApplicationServi - Removing overlay from FXGLDefaultMenu and adding to FXGLMainMenuDummyScene
21:51:03.045 [JavaFX Application Thread] DEBUG PrimaryStageWindow   - FXGLMainMenuDummyScene <- FXGLDefaultMenu
21:51:03.045 [JavaFX Application Thread] DEBUG Input                - Clearing active input actions
21:51:03.052 [JavaFX Application Thread] DEBUG GameApplicationServi - Removing overlay from FXGLMainMenuDummyScene and adding to FXGLLoadingScene
21:51:03.052 [JavaFX Application Thread] DEBUG PrimaryStageWindow   - FXGLMainMenuDummyScene -> FXGLLoadingScene
21:51:03.053 [JavaFX Application Thread] DEBUG GameApplicationServi - Clearing previous game
21:51:03.053 [JavaFX Application Thread] DEBUG GameScene            - Clearing game scene
21:51:03.053 [JavaFX Application Thread] DEBUG GameWorld            - Clearing game world
21:51:03.053 [JavaFX Application Thread] DEBUG PhysicsWorld         - Clearing physics world
21:51:03.057 [FXGL Background Thread 3 ] DEBUG FXGLApplication      - Initializing game
21:51:03.101 [FXGL Background Thread 3 ] WARN  FXGLAssetLoaderServi - Asset "/assets/levels/fxgl/spaceinvader/assets/levels/level1.tmx" was not found!
21:51:03.119 [FXGL Background Thread 3 ] WARN  GameWorld            - Entity is already attached to world
21:51:03.124 [FXGL Background Thread 3 ] INFO  FXGLApplication      - Game initialization took: 0.067 sec
21:51:03.124 [JavaFX Application Thread] DEBUG Input                - Clearing active input actions
21:51:03.132 [JavaFX Application Thread] DEBUG GameApplicationServi - Removing overlay from FXGLLoadingScene and adding to GameScene
21:51:03.132 [JavaFX Application Thread] DEBUG PrimaryStageWindow   - FXGLLoadingScene -> GameScene
21:51:04.371 [FXGL Background Thread 2 ] DEBUG Engine               - Logging environment variables
21:51:04.372 [FXGL Background Thread 2 ] DEBUG Engine               - achievements: []
21:51:04.372 [FXGL Background Thread 2 ] DEBUG Engine               - actualHeight: 712.0
21:51:04.372 [FXGL Background Thread 2 ] DEBUG Engine               - actualHeightProperty: ReadOnlyDoubleProperty [value: 712.0]
21:51:04.372 [FXGL Background Thread 2 ] DEBUG Engine               - actualWidth: 512.0
21:51:04.372 [FXGL Background Thread 2 ] DEBUG Engine               - actualWidthProperty: ReadOnlyDoubleProperty [value: 512.0]
21:51:04.372 [FXGL Background Thread 2 ] DEBUG Engine               - appIcon: fxgl_icon.png
21:51:04.372 [FXGL Background Thread 2 ] DEBUG Engine               - applicationMode: RELEASE
21:51:04.372 [FXGL Background Thread 2 ] DEBUG Engine               - cSSList: [fxgl_dark.css]
21:51:04.372 [FXGL Background Thread 2 ] DEBUG Engine               - collisionDetectionStrategy: BRUTE_FORCE
21:51:04.372 [FXGL Background Thread 2 ] DEBUG Engine               - configClass: Optional.empty
21:51:04.372 [FXGL Background Thread 2 ] DEBUG Engine               - credits: []
21:51:04.373 [FXGL Background Thread 2 ] DEBUG Engine               - defaultCursor: CursorInfo(imageName=fxgl_default_cursor.png, hotspotX=7.0, hotspotY=6.0)
21:51:04.373 [FXGL Background Thread 2 ] DEBUG Engine               - devBBoxColorProperty: ObjectProperty [value: 0xff0000ff]
21:51:04.373 [FXGL Background Thread 2 ] DEBUG Engine               - devEnableDebugCameraProperty: BooleanProperty [value: false]
21:51:04.373 [FXGL Background Thread 2 ] DEBUG Engine               - devSensorColorProperty: ObjectProperty [value: 0xffff00ff]
21:51:04.373 [FXGL Background Thread 2 ] DEBUG Engine               - devShowBBoxProperty: BooleanProperty [value: false]
21:51:04.373 [FXGL Background Thread 2 ] DEBUG Engine               - devShowPositionProperty: BooleanProperty [value: false]
21:51:04.373 [FXGL Background Thread 2 ] DEBUG Engine               - enabledMenuItems: []
21:51:04.374 [FXGL Background Thread 2 ] DEBUG Engine               - engineServices: [class com.almasb.fxgl.app.services.FXGLAssetLoaderService, class com.almasb.fxgl.app.FXGLApplication$GameApplicationService, class com.almasb.fxgl.app.services.FXGLDialogService, class com.almasb.fxgl.app.services.IOTaskExecutorService, class com.almasb.fxgl.io.FileSystemService, class com.almasb.fxgl.localization.LocalizationService, class com.almasb.fxgl.app.services.SystemBundleService, class com.almasb.fxgl.profile.SaveLoadService, class com.almasb.fxgl.ui.FXGLUIFactoryServiceProvider, class com.almasb.fxgl.ui.FXGLDialogFactoryServiceProvider, class com.almasb.fxgl.audio.AudioPlayer, class com.almasb.fxgl.notification.impl.NotificationServiceProvider, class com.almasb.fxgl.achievement.AchievementService, class com.almasb.fxgl.cutscene.CutsceneService, class com.almasb.fxgl.minigames.MiniGameService, class com.almasb.fxgl.net.NetService, class com.almasb.fxgl.app.services.UpdaterService, class com.almasb.fxgl.dev.DevService]
21:51:04.374 [FXGL Background Thread 2 ] DEBUG Engine               - fontGame: Abel-Regular.ttf
21:51:04.374 [FXGL Background Thread 2 ] DEBUG Engine               - fontMono: TerminalLandMono-Regular.otf
21:51:04.374 [FXGL Background Thread 2 ] DEBUG Engine               - fontSizeScaleUI: 1.0
21:51:04.374 [FXGL Background Thread 2 ] DEBUG Engine               - fontText: Courier-Prime.ttf
21:51:04.374 [FXGL Background Thread 2 ] DEBUG Engine               - fontUI: VarelaRound-Regular.ttf
21:51:04.374 [FXGL Background Thread 2 ] DEBUG Engine               - fullScreen: BooleanProperty [value: false]
21:51:04.374 [FXGL Background Thread 2 ] DEBUG Engine               - gameDifficulty: MEDIUM
21:51:04.374 [FXGL Background Thread 2 ] DEBUG Engine               - gameDifficultyProperty: ObjectProperty [value: MEDIUM]
21:51:04.374 [FXGL Background Thread 2 ] DEBUG Engine               - globalMusicVolume: 0.5
21:51:04.374 [FXGL Background Thread 2 ] DEBUG Engine               - globalMusicVolumeProperty: DoubleProperty [value: 0.5]
21:51:04.374 [FXGL Background Thread 2 ] DEBUG Engine               - globalSoundVolume: 0.5
21:51:04.374 [FXGL Background Thread 2 ] DEBUG Engine               - globalSoundVolumeProperty: DoubleProperty [value: 0.5]
21:51:04.374 [FXGL Background Thread 2 ] DEBUG Engine               - height: 712
21:51:04.374 [FXGL Background Thread 2 ] DEBUG Engine               - is3D: false
21:51:04.374 [FXGL Background Thread 2 ] DEBUG Engine               - isAndroid: false
21:51:04.374 [FXGL Background Thread 2 ] DEBUG Engine               - isBrowser: false
21:51:04.374 [FXGL Background Thread 2 ] DEBUG Engine               - isClickFeedbackEnabled: false
21:51:04.374 [FXGL Background Thread 2 ] DEBUG Engine               - isCloseConfirmation: false
21:51:04.375 [FXGL Background Thread 2 ] DEBUG Engine               - isDesktop: true
21:51:04.375 [FXGL Background Thread 2 ] DEBUG Engine               - isDeveloperMenuEnabled: false
21:51:04.375 [FXGL Background Thread 2 ] DEBUG Engine               - isEmbedded: false
21:51:04.375 [FXGL Background Thread 2 ] DEBUG Engine               - isEntityPreloadEnabled: true
21:51:04.375 [FXGL Background Thread 2 ] DEBUG Engine               - isExperimentalTiledLargeMap: false
21:51:04.375 [FXGL Background Thread 2 ] DEBUG Engine               - isFileSystemWriteAllowed: true
21:51:04.375 [FXGL Background Thread 2 ] DEBUG Engine               - isFullScreenAllowed: false
21:51:04.375 [FXGL Background Thread 2 ] DEBUG Engine               - isFullScreenFromStart: false
21:51:04.375 [FXGL Background Thread 2 ] DEBUG Engine               - isGameMenuEnabled: true
21:51:04.375 [FXGL Background Thread 2 ] DEBUG Engine               - isIOS: false
21:51:04.375 [FXGL Background Thread 2 ] DEBUG Engine               - isIntroEnabled: false
21:51:04.375 [FXGL Background Thread 2 ] DEBUG Engine               - isLinux: false
21:51:04.375 [FXGL Background Thread 2 ] DEBUG Engine               - isMac: false
21:51:04.375 [FXGL Background Thread 2 ] DEBUG Engine               - isMainMenuEnabled: true
21:51:04.375 [FXGL Background Thread 2 ] DEBUG Engine               - isManualResizeEnabled: true
21:51:04.375 [FXGL Background Thread 2 ] DEBUG Engine               - isMobile: false
21:51:04.375 [FXGL Background Thread 2 ] DEBUG Engine               - isNative: false
21:51:04.375 [FXGL Background Thread 2 ] DEBUG Engine               - isPauseMusicWhenMinimized: true
21:51:04.375 [FXGL Background Thread 2 ] DEBUG Engine               - isPreserveResizeRatio: true
21:51:04.375 [FXGL Background Thread 2 ] DEBUG Engine               - isProfilingEnabled: false
21:51:04.375 [FXGL Background Thread 2 ] DEBUG Engine               - isScaleAffectedOnResize: true
21:51:04.376 [FXGL Background Thread 2 ] DEBUG Engine               - isSingleStep: false
21:51:04.376 [FXGL Background Thread 2 ] DEBUG Engine               - isUserProfileEnabled: false
21:51:04.376 [FXGL Background Thread 2 ] DEBUG Engine               - isWindows: true
21:51:04.376 [FXGL Background Thread 2 ] DEBUG Engine               - language: ObjectProperty [value: ENGLISH]
21:51:04.376 [FXGL Background Thread 2 ] DEBUG Engine               - menuKey: ESCAPE
21:51:04.376 [FXGL Background Thread 2 ] DEBUG Engine               - mouseSensitivity: 0.2
21:51:04.376 [FXGL Background Thread 2 ] DEBUG Engine               - notificationViewClass: class com.almasb.fxgl.notification.view.XboxNotificationView
21:51:04.376 [FXGL Background Thread 2 ] DEBUG Engine               - pixelsPerMeter: 50.0
21:51:04.376 [FXGL Background Thread 2 ] DEBUG Engine               - platform: WINDOWS
21:51:04.376 [FXGL Background Thread 2 ] DEBUG Engine               - prefHeightProperty: ReadOnlyDoubleProperty [value: 712.0]
21:51:04.376 [FXGL Background Thread 2 ] DEBUG Engine               - prefWidthProperty: ReadOnlyDoubleProperty [value: 512.0]
21:51:04.376 [FXGL Background Thread 2 ] DEBUG Engine               - profileDir: profiles/
21:51:04.376 [FXGL Background Thread 2 ] DEBUG Engine               - profileName: StringProperty [value: DEFAULT]
21:51:04.376 [FXGL Background Thread 2 ] DEBUG Engine               - randomSeed: -1
21:51:04.376 [FXGL Background Thread 2 ] DEBUG Engine               - runtimeInfo: RuntimeInfo(platform=WINDOWS, version=17.3, build=30.03.2023 11.49)
21:51:04.376 [FXGL Background Thread 2 ] DEBUG Engine               - saveFileExt: sav
21:51:04.376 [FXGL Background Thread 2 ] DEBUG Engine               - scaledHeightProp$fxgl: DoubleProperty [bound, value: 712.0]
21:51:04.376 [FXGL Background Thread 2 ] DEBUG Engine               - scaledWidthProp$fxgl: DoubleProperty [bound, value: 512.0]
21:51:04.376 [FXGL Background Thread 2 ] DEBUG Engine               - sceneFactory: com.almasb.fxgl.app.scene.SceneFactory@44adde80
21:51:04.376 [FXGL Background Thread 2 ] DEBUG Engine               - secondsIn24h: 60
21:51:04.377 [FXGL Background Thread 2 ] DEBUG Engine               - soundMenuBack: menu/back.wav
21:51:04.377 [FXGL Background Thread 2 ] DEBUG Engine               - soundMenuPress: menu/press.wav
21:51:04.377 [FXGL Background Thread 2 ] DEBUG Engine               - soundMenuSelect: menu/select.wav
21:51:04.377 [FXGL Background Thread 2 ] DEBUG Engine               - soundNotification: core/notification.wav
21:51:04.377 [FXGL Background Thread 2 ] DEBUG Engine               - stageStyle: DECORATED
21:51:04.377 [FXGL Background Thread 2 ] DEBUG Engine               - supportedLanguages: [ENGLISH, FRENCH, GERMAN, HUNGARIAN, RUSSIAN]
21:51:04.377 [FXGL Background Thread 2 ] DEBUG Engine               - ticksPerSecond: -1
21:51:04.377 [FXGL Background Thread 2 ] DEBUG Engine               - title: Space Invaders
21:51:04.377 [FXGL Background Thread 2 ] DEBUG Engine               - urlGithub: https://github.com/AlmasB/FXGL
21:51:04.377 [FXGL Background Thread 2 ] DEBUG Engine               - urlLeaderboard: http://fxgl-top.herokuapp.com/
21:51:04.377 [FXGL Background Thread 2 ] DEBUG Engine               - urlPOM: https://raw.githubusercontent.com/AlmasB/FXGL/release/README.md
21:51:04.377 [FXGL Background Thread 2 ] DEBUG Engine               - userAppClass: class fxgl.spaceinvader.SpaceInvaderApp
21:51:04.377 [FXGL Background Thread 2 ] DEBUG Engine               - version: 1.0.1
21:51:04.377 [FXGL Background Thread 2 ] DEBUG Engine               - versionCheckDays: 7
21:51:04.377 [FXGL Background Thread 2 ] DEBUG Engine               - width: 512
21:51:04.377 [FXGL Background Thread 2 ] DEBUG Engine               - Logging services
21:51:04.377 [FXGL Background Thread 2 ] DEBUG Engine               - class com.almasb.fxgl.app.services.FXGLAssetLoaderService
21:51:04.377 [FXGL Background Thread 2 ] DEBUG Engine               - class com.almasb.fxgl.app.FXGLApplication$GameApplicationService
21:51:04.377 [FXGL Background Thread 2 ] DEBUG Engine               - class com.almasb.fxgl.app.services.FXGLDialogService
21:51:04.378 [FXGL Background Thread 2 ] DEBUG Engine               - class com.almasb.fxgl.app.services.IOTaskExecutorService
21:51:04.378 [FXGL Background Thread 2 ] DEBUG Engine               - class com.almasb.fxgl.io.FileSystemService
21:51:04.378 [FXGL Background Thread 2 ] DEBUG Engine               - class com.almasb.fxgl.localization.LocalizationService
21:51:04.378 [FXGL Background Thread 2 ] DEBUG Engine               - class com.almasb.fxgl.app.services.SystemBundleService
21:51:04.378 [FXGL Background Thread 2 ] DEBUG Engine               - class com.almasb.fxgl.profile.SaveLoadService
21:51:04.378 [FXGL Background Thread 2 ] DEBUG Engine               - class com.almasb.fxgl.ui.FXGLUIFactoryServiceProvider
21:51:04.378 [FXGL Background Thread 2 ] DEBUG Engine               - class com.almasb.fxgl.ui.FXGLDialogFactoryServiceProvider
21:51:04.378 [FXGL Background Thread 2 ] DEBUG Engine               - class com.almasb.fxgl.audio.AudioPlayer
21:51:04.378 [FXGL Background Thread 2 ] DEBUG Engine               - class com.almasb.fxgl.notification.impl.NotificationServiceProvider
21:51:04.378 [FXGL Background Thread 2 ] DEBUG Engine               - class com.almasb.fxgl.achievement.AchievementService
21:51:04.378 [FXGL Background Thread 2 ] DEBUG Engine               - class com.almasb.fxgl.cutscene.CutsceneService
21:51:04.378 [FXGL Background Thread 2 ] DEBUG Engine               - class com.almasb.fxgl.minigames.MiniGameService
21:51:04.378 [FXGL Background Thread 2 ] DEBUG Engine               - class com.almasb.fxgl.net.NetService
21:51:04.378 [FXGL Background Thread 2 ] DEBUG Engine               - class com.almasb.fxgl.app.services.UpdaterService
21:51:04.378 [FXGL Background Thread 2 ] DEBUG Engine               - class com.almasb.fxgl.dev.DevService
21:51:07.085 [JavaFX Application Thread] DEBUG FXGLApplication      - Exiting FXGL
21:51:07.085 [JavaFX Application Thread] DEBUG LoopRunner           - Stopping loop
21:51:07.085 [JavaFX Application Thread] DEBUG SystemBundleService  - Saving FXGL system data
21:51:07.088 [JavaFX Application Thread] DEBUG FileSystemAccess     - Writing to: C:\Users\HP\IdeaProjects\SpaceInvader\system\fxgl.bundle
21:51:07.090 [JavaFX Application Thread] DEBUG Async                - Shutting down background threads
21:51:07.091 [JavaFX Application Thread] DEBUG PrimaryStageWindow   - Closing main window
21:51:07.116 [JavaFX Application Thread] DEBUG Logger               - Closing Logger
