18:21:44.688 [main                     ] DEBUG Logger               - Configured Logger
18:21:44.777 [main                     ] DEBUG GameApplication      - Logging settings
Title: Space Invaders
Version: 1.0.1
Width: 800
Height: 600
Fullscreen: false
Intro: false
Profiling: false
Single step:false
App Mode: RELEASE
Menu Key: ESCAPE
Stage Style: DECORATED
Scene Factory: class fxgl.spaceinvader.ui.MySceneFactory

18:21:45.759 [JavaFX Application Thread] DEBUG FXGLApplication      - Initializing FXGL
18:21:45.773 [JavaFX Application Thread] INFO  Engine               - FXGL-17.3 (30.03.2023 11.49) on WINDOWS (J:23 FX:17.0.6)
18:21:45.774 [JavaFX Application Thread] DEBUG Engine               - JRE Vendor Name: Oracle Corporation
18:21:45.775 [JavaFX Application Thread] DEBUG Engine               - Running on OS: Windows 10 version 10.0
18:21:45.775 [JavaFX Application Thread] DEBUG Engine               - Architecture: amd64
18:21:45.775 [JavaFX Application Thread] INFO  Engine               - Source code and latest versions at: https://github.com/AlmasB/FXGL
18:21:45.775 [JavaFX Application Thread] INFO  Engine               -       Ask questions and discuss at: https://github.com/AlmasB/FXGL/discussions
18:21:45.775 [JavaFX Application Thread] INFO  Engine               -              Join the FXGL chat at: https://gitter.im/AlmasB/FXGL
18:21:46.080 [JavaFX Application Thread] DEBUG PrimaryStageWindow   - Creating a JavaFX scene
18:21:46.205 [JavaFX Application Thread] DEBUG PrimaryStageWindow   - Target settings size: 800.0 x 600.0
18:21:46.206 [JavaFX Application Thread] DEBUG PrimaryStageWindow   - Scaled scene size:    800.0 x 600.0
18:21:46.206 [JavaFX Application Thread] DEBUG PrimaryStageWindow   - Scaled ratio: (1.0, 1.0)
18:21:46.209 [JavaFX Application Thread] DEBUG PrimaryStageWindow   - Set initial scene to FXGLStartupScene
18:21:46.225 [JavaFX Application Thread] DEBUG PrimaryStageWindow   - Opening main window
18:21:46.464 [JavaFX Application Thread] DEBUG PrimaryStageWindow   - Window border size: (14.4000244140625, 37.5999755859375)
18:21:46.465 [JavaFX Application Thread] DEBUG PrimaryStageWindow   - Scaled size: 800.0 x 600.0
18:21:46.467 [JavaFX Application Thread] DEBUG PrimaryStageWindow   - Scaled ratio: (1.0, 1.0)
18:21:46.468 [JavaFX Application Thread] DEBUG PrimaryStageWindow   - Scene size: 800.0 x 600.0
18:21:46.468 [JavaFX Application Thread] DEBUG PrimaryStageWindow   - Stage size: 814.4000244140625 x 637.5999755859375
18:21:46.508 [FXGL Background Thread 1 ] DEBUG Engine               - Initializing environment variables
18:21:46.798 [FXGL Background Thread 1 ] DEBUG FXGLAssetLoaderServi - User app class for loading assets: class fxgl.spaceinvader.SpaceInvaderApp
18:21:46.799 [FXGL Background Thread 1 ] DEBUG GameApplicationServi - Applying CSS: fxgl_dark.css
18:21:46.802 [FXGL Background Thread 1 ] DEBUG FXGLAssetLoaderServi - Loading from file system: jar:file:///C:/Users/HP/.m2/repository/com/github/almasb/fxgl/17.3/fxgl-17.3.jar!/fxglassets/ui/css/fxgl_dark.css
18:21:46.951 [FXGL Background Thread 1 ] DEBUG GameApplicationServi - Applying CSS: ui.css
18:21:46.952 [FXGL Background Thread 1 ] DEBUG FXGLAssetLoaderServi - Loading from file system: file:/C:/Users/HP/IdeaProjects/SpaceInvader/target/classes/assets/ui/css/ui.css
18:21:46.956 [FXGL Background Thread 1 ] DEBUG GameApplicationServi - Initializing application scenes
18:21:47.068 [FXGL Background Thread 1 ] DEBUG GameWorld            - Game world initialized
18:21:47.315 [FXGL Background Thread 1 ] DEBUG PhysicsWorld         - Physics world initialized: appHeight=600, physics.ppm=50.0
18:21:47.316 [FXGL Background Thread 1 ] DEBUG PhysicsWorld         - Using strategy: BRUTE_FORCE
18:21:47.332 [FXGL Background Thread 1 ] DEBUG GameScene            - Game scene initialized: 800x600
18:21:47.359 [FXGL Background Thread 1 ] DEBUG FXGLAssetLoaderServi - Loading from file system: file:/C:/Users/HP/IdeaProjects/SpaceInvader/target/classes/assets/textures/background/main_menu.png
18:21:47.532 [FXGL Background Thread 1 ] DEBUG FXGLAssetLoaderServi - Loading from file system: file:/C:/Users/HP/IdeaProjects/SpaceInvader/target/classes/assets/textures/background/Start.png
18:21:47.553 [FXGL Background Thread 1 ] DEBUG FXGLAssetLoaderServi - Loading from file system: file:/C:/Users/HP/IdeaProjects/SpaceInvader/target/classes/assets/textures/background/HighScores.png
18:21:47.558 [FXGL Background Thread 1 ] DEBUG FXGLAssetLoaderServi - Loading from file system: file:/C:/Users/HP/IdeaProjects/SpaceInvader/target/classes/assets/textures/background/Exit.png
18:21:47.589 [FXGL Background Thread 1 ] DEBUG FXGL.DefaultMenu     - createMenuBodyGameMenu()
18:21:47.623 [FXGL Background Thread 1 ] DEBUG FXGL.DefaultMenu     - createOptionsMenu()
18:21:47.648 [FXGL Background Thread 1 ] DEBUG FXGLAssetLoaderServi - Loading from file system: jar:file:///C:/Users/HP/.m2/repository/com/github/almasb/fxgl/17.3/fxgl-17.3.jar!/fxglassets/textures/particles/smoke.png
18:21:47.929 [FXGL Background Thread 1 ] DEBUG FXGLAssetLoaderServi - Loading from file system: jar:file:///C:/Users/HP/.m2/repository/com/github/almasb/fxgl/17.3/fxgl-17.3.jar!/fxglassets/textures/particles/trace_horizontal.png
18:21:48.081 [FXGL Background Thread 1 ] DEBUG GameApplicationServi - Application scenes initialized
18:21:48.113 [FXGL Background Thread 1 ] DEBUG SystemBundleService  - Loading FXGL system data
18:21:48.125 [FXGL Background Thread 1 ] DEBUG FileSystemAccess     - Reading from: C:\Users\HP\IdeaProjects\SpaceInvader\system\fxgl.bundle
18:21:48.147 [FXGL Background Thread 1 ] DEBUG SystemBundleService  - Bundle FXGL: {}
18:21:48.156 [FXGL Background Thread 3 ] DEBUG FXGLApplication      - Loading fonts
18:21:48.157 [FXGL Background Thread 3 ] DEBUG FXGLAssetLoaderServi - Loading from file system: file:/C:/Users/HP/IdeaProjects/SpaceInvader/target/classes/assets/ui/fonts/ARCADECLASSIC.TTF
18:21:48.158 [FXGL Background Thread 1 ] DEBUG FXGLApplication      - Loading default localization
18:21:48.160 [FXGL Background Thread 1 ] DEBUG FXGLAssetLoaderServi - Loading from file system: jar:file:///C:/Users/HP/.m2/repository/com/github/almasb/fxgl/17.3/fxgl-17.3.jar!/fxglassets/languages/english.lang
18:21:48.222 [FXGL Background Thread 1 ] INFO  FXGLApplication      - FXGL initialization took: 1.713 sec
18:21:48.255 [JavaFX Application Thread] DEBUG Input                - Registered new binding: Move Left - Left
18:21:48.256 [JavaFX Application Thread] DEBUG Input                - Registered new binding: Move Right - Right
18:21:48.257 [JavaFX Application Thread] DEBUG Input                - Registered new binding: Shoot - Up
18:21:48.258 [JavaFX Application Thread] DEBUG Input                - Registered new binding: Shield Up - Space
18:21:48.259 [JavaFX Application Thread] DEBUG FXGLAssetLoaderServi - Loading from file system: file:/C:/Users/HP/IdeaProjects/SpaceInvader/target/classes/assets/music/bgm.mp3
18:21:48.626 [JavaFX Application Thread] DEBUG AudioPlayer          - Playing music com.almasb.fxgl.audio.Music@361bdfae
18:21:48.631 [JavaFX Application Thread] DEBUG FXGLAssetLoaderServi - Loading from file system: jar:file:///C:/Users/HP/.m2/repository/com/github/almasb/fxgl/17.3/fxgl-17.3.jar!/fxglassets/textures/fxgl_icon.png
18:21:48.672 [JavaFX Application Thread] DEBUG FXGLAssetLoaderServi - Loading from file system: jar:file:///C:/Users/HP/.m2/repository/com/github/almasb/fxgl/17.3/fxgl-17.3.jar!/fxglassets/textures/fxgl_default_cursor.png
18:21:48.677 [JavaFX Application Thread] DEBUG Input                - Registered new binding: Screenshot - CTRL+8
18:21:48.685 [JavaFX Application Thread] DEBUG LoopRunner           - Starting loop
18:21:48.686 [JavaFX Application Thread] DEBUG LoopRunner           - Initializing JavaFX AnimationTimerLoop
18:21:48.693 [JavaFX Application Thread] DEBUG Input                - Clearing active input actions
18:21:48.721 [JavaFX Application Thread] DEBUG GameApplicationServi - Removing overlay from FXGLStartupScene and adding to FXGLMainMenuDummyScene
18:21:48.722 [JavaFX Application Thread] DEBUG PrimaryStageWindow   - FXGLStartupScene -> FXGLMainMenuDummyScene
18:21:48.723 [JavaFX Application Thread] DEBUG PrimaryStageWindow   - Push state: MenuTest
18:21:48.723 [JavaFX Application Thread] DEBUG Input                - Clearing active input actions
18:21:48.741 [JavaFX Application Thread] DEBUG GameApplicationServi - Removing overlay from FXGLMainMenuDummyScene and adding to MenuTest
18:21:48.742 [JavaFX Application Thread] DEBUG PrimaryStageWindow   - FXGLMainMenuDummyScene -> MenuTest
18:21:48.747 [JavaFX Application Thread] DEBUG FXGLApplication      - Registering font factories with UI factory
18:21:49.782 [JavaFX Application Thread] DEBUG Menu                 - fireNewGame()
18:21:49.783 [JavaFX Application Thread] DEBUG GameApplicationServi - Starting new game
18:21:49.783 [JavaFX Application Thread] DEBUG PrimaryStageWindow   - Pop state: MenuTest
18:21:49.783 [JavaFX Application Thread] DEBUG Input                - Clearing active input actions
18:21:49.785 [JavaFX Application Thread] DEBUG GameApplicationServi - Removing overlay from MenuTest and adding to FXGLMainMenuDummyScene
18:21:49.786 [JavaFX Application Thread] DEBUG PrimaryStageWindow   - FXGLMainMenuDummyScene <- MenuTest
18:21:49.787 [JavaFX Application Thread] DEBUG Input                - Clearing active input actions
18:21:49.802 [JavaFX Application Thread] DEBUG GameApplicationServi - Removing overlay from FXGLMainMenuDummyScene and adding to FXGLLoadingScene
18:21:49.803 [JavaFX Application Thread] DEBUG PrimaryStageWindow   - FXGLMainMenuDummyScene -> FXGLLoadingScene
18:21:49.804 [JavaFX Application Thread] DEBUG GameApplicationServi - Clearing previous game
18:21:49.804 [JavaFX Application Thread] DEBUG GameScene            - Clearing game scene
18:21:49.804 [JavaFX Application Thread] DEBUG GameWorld            - Clearing game world
18:21:49.805 [JavaFX Application Thread] DEBUG PhysicsWorld         - Clearing physics world
18:21:49.809 [FXGL Background Thread 3 ] DEBUG FXGLApplication      - Initializing game
18:21:49.831 [FXGL Background Thread 3 ] DEBUG FileSystemAccess     - Reading from: C:\Users\HP\IdeaProjects\SpaceInvader\.\hiscore.dat
18:21:49.979 [FXGL Background Thread 3 ] WARN  TMXLevelLoader       - TiledMap generated from 1.8.6. Supported version: 1.9.0. Some features may not be parsed fully.
18:21:50.028 [FXGL Background Thread 3 ] DEBUG TMXLevelLoader       - Parsed TiledMap: file:/C:/Users/HP/IdeaProjects/SpaceInvader/target/classes/assets/levels/level1.tmx
18:21:50.031 [FXGL Background Thread 3 ] DEBUG TMXLevelLoader       - Creating tile layer entities
18:21:50.037 [FXGL Background Thread 3 ] DEBUG TilesetLoader        - Loading view for layer Background
18:21:50.042 [FXGL Background Thread 3 ] DEBUG TilesetLoader        - Created buffer with size 800.0x592.0
18:21:50.106 [FXGL Background Thread 3 ] DEBUG TMXLevelLoader       - Creating object layer entities
18:21:50.119 [FXGL Background Thread 3 ] DEBUG FXGLAssetLoaderServi - Loading from file system: file:/C:/Users/HP/IdeaProjects/SpaceInvader/target/classes/assets/textures/Egg.png
18:21:50.226 [FXGL Background Thread 3 ] DEBUG FXGLAssetLoaderServi - Loading from file system: file:/C:/Users/HP/IdeaProjects/SpaceInvader/target/classes/assets/textures/Frog.png
18:21:50.254 [FXGL Background Thread 3 ] DEBUG FXGLAssetLoaderServi - Loading from file system: file:/C:/Users/HP/IdeaProjects/SpaceInvader/target/classes/assets/textures/Demon.png
18:21:50.302 [FXGL Background Thread 3 ] DEBUG FXGLAssetLoaderServi - Loading from file system: file:/C:/Users/HP/IdeaProjects/SpaceInvader/target/classes/assets/textures/wall_left_1.png
18:21:50.313 [FXGL Background Thread 3 ] DEBUG FXGLAssetLoaderServi - Loading from file system: file:/C:/Users/HP/IdeaProjects/SpaceInvader/target/classes/assets/textures/wall_right_1.png
18:21:50.331 [FXGL Background Thread 3 ] DEBUG GameWorld            - Clearing removable entities
18:21:50.333 [FXGL Background Thread 3 ] DEBUG GameWorld            - Setting level: com.almasb.fxgl.entity.level.Level@6ac27473
18:21:50.499 [FXGL Background Thread 3 ] DEBUG FXGLAssetLoaderServi - Loading from file system: file:/C:/Users/HP/IdeaProjects/SpaceInvader/target/classes/assets/textures/ship.png
18:21:50.527 [FXGL Background Thread 3 ] INFO  FXGLApplication      - Game initialization took: 0.718 sec
18:21:50.543 [JavaFX Application Thread] DEBUG Input                - Clearing active input actions
18:21:50.586 [JavaFX Application Thread] DEBUG GameApplicationServi - Removing overlay from FXGLLoadingScene and adding to GameScene
18:21:50.587 [JavaFX Application Thread] DEBUG PrimaryStageWindow   - FXGLLoadingScene -> GameScene
18:21:51.152 [FXGL Background Thread 2 ] DEBUG Engine               - Logging environment variables
18:21:51.155 [FXGL Background Thread 2 ] DEBUG Engine               - achievements: []
18:21:51.155 [FXGL Background Thread 2 ] DEBUG Engine               - actualHeight: 600.0
18:21:51.156 [FXGL Background Thread 2 ] DEBUG Engine               - actualHeightProperty: ReadOnlyDoubleProperty [value: 600.0]
18:21:51.156 [FXGL Background Thread 2 ] DEBUG Engine               - actualWidth: 800.0
18:21:51.157 [FXGL Background Thread 2 ] DEBUG Engine               - actualWidthProperty: ReadOnlyDoubleProperty [value: 800.0]
18:21:51.157 [FXGL Background Thread 2 ] DEBUG Engine               - appIcon: fxgl_icon.png
18:21:51.158 [FXGL Background Thread 2 ] DEBUG Engine               - applicationMode: RELEASE
18:21:51.158 [FXGL Background Thread 2 ] DEBUG Engine               - cSSList: [fxgl_dark.css, ui.css]
18:21:51.158 [FXGL Background Thread 2 ] DEBUG Engine               - collisionDetectionStrategy: BRUTE_FORCE
18:21:51.158 [FXGL Background Thread 2 ] DEBUG Engine               - configClass: Optional.empty
18:21:51.158 [FXGL Background Thread 2 ] DEBUG Engine               - credits: []
18:21:51.160 [FXGL Background Thread 2 ] DEBUG Engine               - defaultCursor: CursorInfo(imageName=fxgl_default_cursor.png, hotspotX=7.0, hotspotY=6.0)
18:21:51.160 [FXGL Background Thread 2 ] DEBUG Engine               - devBBoxColorProperty: ObjectProperty [value: 0xff0000ff]
18:21:51.161 [FXGL Background Thread 2 ] DEBUG Engine               - devEnableDebugCameraProperty: BooleanProperty [value: false]
18:21:51.162 [FXGL Background Thread 2 ] DEBUG Engine               - devSensorColorProperty: ObjectProperty [value: 0xffff00ff]
18:21:51.163 [FXGL Background Thread 2 ] DEBUG Engine               - devShowBBoxProperty: BooleanProperty [value: false]
18:21:51.163 [FXGL Background Thread 2 ] DEBUG Engine               - devShowPositionProperty: BooleanProperty [value: false]
18:21:51.163 [FXGL Background Thread 2 ] DEBUG Engine               - enabledMenuItems: []
18:21:51.164 [FXGL Background Thread 2 ] DEBUG Engine               - engineServices: [class com.almasb.fxgl.app.services.FXGLAssetLoaderService, class com.almasb.fxgl.app.FXGLApplication$GameApplicationService, class com.almasb.fxgl.app.services.FXGLDialogService, class com.almasb.fxgl.app.services.IOTaskExecutorService, class com.almasb.fxgl.io.FileSystemService, class com.almasb.fxgl.localization.LocalizationService, class com.almasb.fxgl.app.services.SystemBundleService, class com.almasb.fxgl.profile.SaveLoadService, class com.almasb.fxgl.ui.FXGLUIFactoryServiceProvider, class com.almasb.fxgl.ui.FXGLDialogFactoryServiceProvider, class com.almasb.fxgl.audio.AudioPlayer, class com.almasb.fxgl.notification.impl.NotificationServiceProvider, class com.almasb.fxgl.achievement.AchievementService, class com.almasb.fxgl.cutscene.CutsceneService, class com.almasb.fxgl.minigames.MiniGameService, class com.almasb.fxgl.net.NetService, class com.almasb.fxgl.app.services.UpdaterService, class com.almasb.fxgl.dev.DevService]
18:21:51.164 [FXGL Background Thread 2 ] DEBUG Engine               - fontGame: ARCADECLASSIC.TTF
18:21:51.164 [FXGL Background Thread 2 ] DEBUG Engine               - fontMono: ARCADECLASSIC.TTF
18:21:51.164 [FXGL Background Thread 2 ] DEBUG Engine               - fontSizeScaleUI: 1.0
18:21:51.165 [FXGL Background Thread 2 ] DEBUG Engine               - fontText: ARCADECLASSIC.TTF
18:21:51.165 [FXGL Background Thread 2 ] DEBUG Engine               - fontUI: ARCADECLASSIC.TTF
18:21:51.165 [FXGL Background Thread 2 ] DEBUG Engine               - fullScreen: BooleanProperty [value: false]
18:21:51.165 [FXGL Background Thread 2 ] DEBUG Engine               - gameDifficulty: MEDIUM
18:21:51.166 [FXGL Background Thread 2 ] DEBUG Engine               - gameDifficultyProperty: ObjectProperty [value: MEDIUM]
18:21:51.166 [FXGL Background Thread 2 ] DEBUG Engine               - globalMusicVolume: 0.5
18:21:51.167 [FXGL Background Thread 2 ] DEBUG Engine               - globalMusicVolumeProperty: DoubleProperty [value: 0.5]
18:21:51.167 [FXGL Background Thread 2 ] DEBUG Engine               - globalSoundVolume: 0.5
18:21:51.168 [FXGL Background Thread 2 ] DEBUG Engine               - globalSoundVolumeProperty: DoubleProperty [value: 0.1]
18:21:51.168 [FXGL Background Thread 2 ] DEBUG Engine               - height: 600
18:21:51.168 [FXGL Background Thread 2 ] DEBUG Engine               - is3D: false
18:21:51.168 [FXGL Background Thread 2 ] DEBUG Engine               - isAndroid: false
18:21:51.169 [FXGL Background Thread 2 ] DEBUG Engine               - isBrowser: false
18:21:51.169 [FXGL Background Thread 2 ] DEBUG Engine               - isClickFeedbackEnabled: false
18:21:51.169 [FXGL Background Thread 2 ] DEBUG Engine               - isCloseConfirmation: false
18:21:51.169 [FXGL Background Thread 2 ] DEBUG Engine               - isDesktop: true
18:21:51.169 [FXGL Background Thread 2 ] DEBUG Engine               - isDeveloperMenuEnabled: false
18:21:51.169 [FXGL Background Thread 2 ] DEBUG Engine               - isEmbedded: false
18:21:51.170 [FXGL Background Thread 2 ] DEBUG Engine               - isEntityPreloadEnabled: true
18:21:51.170 [FXGL Background Thread 2 ] DEBUG Engine               - isExperimentalTiledLargeMap: false
18:21:51.170 [FXGL Background Thread 2 ] DEBUG Engine               - isFileSystemWriteAllowed: true
18:21:51.170 [FXGL Background Thread 2 ] DEBUG Engine               - isFullScreenAllowed: false
18:21:51.170 [FXGL Background Thread 2 ] DEBUG Engine               - isFullScreenFromStart: false
18:21:51.170 [FXGL Background Thread 2 ] DEBUG Engine               - isGameMenuEnabled: true
18:21:51.171 [FXGL Background Thread 2 ] DEBUG Engine               - isIOS: false
18:21:51.171 [FXGL Background Thread 2 ] DEBUG Engine               - isIntroEnabled: false
18:21:51.171 [FXGL Background Thread 2 ] DEBUG Engine               - isLinux: false
18:21:51.171 [FXGL Background Thread 2 ] DEBUG Engine               - isMac: false
18:21:51.171 [FXGL Background Thread 2 ] DEBUG Engine               - isMainMenuEnabled: true
18:21:51.171 [FXGL Background Thread 2 ] DEBUG Engine               - isManualResizeEnabled: true
18:21:51.172 [FXGL Background Thread 2 ] DEBUG Engine               - isMobile: false
18:21:51.172 [FXGL Background Thread 2 ] DEBUG Engine               - isNative: false
18:21:51.172 [FXGL Background Thread 2 ] DEBUG Engine               - isPauseMusicWhenMinimized: true
18:21:51.172 [FXGL Background Thread 2 ] DEBUG Engine               - isPreserveResizeRatio: true
18:21:51.172 [FXGL Background Thread 2 ] DEBUG Engine               - isProfilingEnabled: false
18:21:51.173 [FXGL Background Thread 2 ] DEBUG Engine               - isScaleAffectedOnResize: true
18:21:51.173 [FXGL Background Thread 2 ] DEBUG Engine               - isSingleStep: false
18:21:51.173 [FXGL Background Thread 2 ] DEBUG Engine               - isUserProfileEnabled: false
18:21:51.173 [FXGL Background Thread 2 ] DEBUG Engine               - isWindows: true
18:21:51.173 [FXGL Background Thread 2 ] DEBUG Engine               - language: ObjectProperty [value: ENGLISH]
18:21:51.173 [FXGL Background Thread 2 ] DEBUG Engine               - menuKey: ESCAPE
18:21:51.174 [FXGL Background Thread 2 ] DEBUG Engine               - mouseSensitivity: 0.2
18:21:51.174 [FXGL Background Thread 2 ] DEBUG Engine               - notificationViewClass: class com.almasb.fxgl.notification.view.XboxNotificationView
18:21:51.174 [FXGL Background Thread 2 ] DEBUG Engine               - pixelsPerMeter: 50.0
18:21:51.174 [FXGL Background Thread 2 ] DEBUG Engine               - platform: WINDOWS
18:21:51.174 [FXGL Background Thread 2 ] DEBUG Engine               - prefHeightProperty: ReadOnlyDoubleProperty [value: 600.0]
18:21:51.175 [FXGL Background Thread 2 ] DEBUG Engine               - prefWidthProperty: ReadOnlyDoubleProperty [value: 800.0]
18:21:51.175 [FXGL Background Thread 2 ] DEBUG Engine               - profileDir: profiles/
18:21:51.175 [FXGL Background Thread 2 ] DEBUG Engine               - profileName: StringProperty [value: DEFAULT]
18:21:51.175 [FXGL Background Thread 2 ] DEBUG Engine               - randomSeed: -1
18:21:51.176 [FXGL Background Thread 2 ] DEBUG Engine               - runtimeInfo: RuntimeInfo(platform=WINDOWS, version=17.3, build=30.03.2023 11.49)
18:21:51.177 [FXGL Background Thread 2 ] DEBUG Engine               - saveFileExt: sav
18:21:51.177 [FXGL Background Thread 2 ] DEBUG Engine               - scaledHeightProp$fxgl: DoubleProperty [bound, value: 600.0]
18:21:51.177 [FXGL Background Thread 2 ] DEBUG Engine               - scaledWidthProp$fxgl: DoubleProperty [bound, value: 800.0]
18:21:51.177 [FXGL Background Thread 2 ] DEBUG Engine               - sceneFactory: fxgl.spaceinvader.ui.MySceneFactory@33c25791
18:21:51.178 [FXGL Background Thread 2 ] DEBUG Engine               - secondsIn24h: 60
18:21:51.178 [FXGL Background Thread 2 ] DEBUG Engine               - soundMenuBack: menu/back.wav
18:21:51.178 [FXGL Background Thread 2 ] DEBUG Engine               - soundMenuPress: menu/press.wav
18:21:51.178 [FXGL Background Thread 2 ] DEBUG Engine               - soundMenuSelect: menu/select.wav
18:21:51.178 [FXGL Background Thread 2 ] DEBUG Engine               - soundNotification: core/notification.wav
18:21:51.178 [FXGL Background Thread 2 ] DEBUG Engine               - stageStyle: DECORATED
18:21:51.179 [FXGL Background Thread 2 ] DEBUG Engine               - supportedLanguages: [ENGLISH, FRENCH, GERMAN, HUNGARIAN, RUSSIAN]
18:21:51.179 [FXGL Background Thread 2 ] DEBUG Engine               - ticksPerSecond: -1
18:21:51.179 [FXGL Background Thread 2 ] DEBUG Engine               - title: Space Invaders
18:21:51.179 [FXGL Background Thread 2 ] DEBUG Engine               - urlGithub: https://github.com/AlmasB/FXGL
18:21:51.179 [FXGL Background Thread 2 ] DEBUG Engine               - urlLeaderboard: http://fxgl-top.herokuapp.com/
18:21:51.179 [JavaFX Application Thread] DEBUG FXGLAssetLoaderServi - Loading from file system: file:/C:/Users/HP/IdeaProjects/SpaceInvader/target/classes/assets/sounds/shoot.wav
18:21:51.179 [FXGL Background Thread 2 ] DEBUG Engine               - urlPOM: https://raw.githubusercontent.com/AlmasB/FXGL/release/README.md
18:21:51.179 [FXGL Background Thread 2 ] DEBUG Engine               - userAppClass: class fxgl.spaceinvader.SpaceInvaderApp
18:21:51.180 [FXGL Background Thread 2 ] DEBUG Engine               - version: 1.0.1
18:21:51.180 [FXGL Background Thread 2 ] DEBUG Engine               - versionCheckDays: 7
18:21:51.180 [FXGL Background Thread 2 ] DEBUG Engine               - width: 800
18:21:51.180 [FXGL Background Thread 2 ] DEBUG Engine               - Logging services
18:21:51.180 [FXGL Background Thread 2 ] DEBUG Engine               - class com.almasb.fxgl.app.services.FXGLAssetLoaderService
18:21:51.180 [FXGL Background Thread 2 ] DEBUG Engine               - class com.almasb.fxgl.app.FXGLApplication$GameApplicationService
18:21:51.180 [FXGL Background Thread 2 ] DEBUG Engine               - class com.almasb.fxgl.app.services.FXGLDialogService
18:21:51.181 [FXGL Background Thread 2 ] DEBUG Engine               - class com.almasb.fxgl.app.services.IOTaskExecutorService
18:21:51.181 [FXGL Background Thread 2 ] DEBUG Engine               - class com.almasb.fxgl.io.FileSystemService
18:21:51.181 [FXGL Background Thread 2 ] DEBUG Engine               - class com.almasb.fxgl.localization.LocalizationService
18:21:51.181 [FXGL Background Thread 2 ] DEBUG Engine               - class com.almasb.fxgl.app.services.SystemBundleService
18:21:51.181 [FXGL Background Thread 2 ] DEBUG Engine               - class com.almasb.fxgl.profile.SaveLoadService
18:21:51.181 [FXGL Background Thread 2 ] DEBUG Engine               - class com.almasb.fxgl.ui.FXGLUIFactoryServiceProvider
18:21:51.181 [FXGL Background Thread 2 ] DEBUG Engine               - class com.almasb.fxgl.ui.FXGLDialogFactoryServiceProvider
18:21:51.181 [FXGL Background Thread 2 ] DEBUG Engine               - class com.almasb.fxgl.audio.AudioPlayer
18:21:51.182 [FXGL Background Thread 2 ] DEBUG Engine               - class com.almasb.fxgl.notification.impl.NotificationServiceProvider
18:21:51.182 [FXGL Background Thread 2 ] DEBUG Engine               - class com.almasb.fxgl.achievement.AchievementService
18:21:51.182 [FXGL Background Thread 2 ] DEBUG Engine               - class com.almasb.fxgl.cutscene.CutsceneService
18:21:51.182 [FXGL Background Thread 2 ] DEBUG Engine               - class com.almasb.fxgl.minigames.MiniGameService
18:21:51.182 [FXGL Background Thread 2 ] DEBUG Engine               - class com.almasb.fxgl.net.NetService
18:21:51.182 [FXGL Background Thread 2 ] DEBUG Engine               - class com.almasb.fxgl.app.services.UpdaterService
18:21:51.182 [FXGL Background Thread 2 ] DEBUG Engine               - class com.almasb.fxgl.dev.DevService
18:21:52.064 [JavaFX Application Thread] DEBUG EventBus             - Firing event: fxgl.spaceinvader.event.GameEvent[source=javafx.event.Event$$Lambda/0x000002475315ee28@7465bb1]
18:21:52.066 [JavaFX Application Thread] DEBUG FXGLAssetLoaderServi - Loading from file system: file:/C:/Users/HP/IdeaProjects/SpaceInvader/target/classes/assets/sounds/explosion.wav
18:21:52.074 [JavaFX Application Thread] DEBUG FXGLAssetLoaderServi - Loading from file system: file:/C:/Users/HP/IdeaProjects/SpaceInvader/target/classes/assets/textures/Explosion.png
18:21:52.321 [JavaFX Application Thread] DEBUG FXGLAssetLoaderServi - Loading from file system: file:/C:/Users/HP/IdeaProjects/SpaceInvader/target/classes/assets/textures/EnemyBullet.png
18:21:52.328 [JavaFX Application Thread] DEBUG FXGLAssetLoaderServi - Loading from file system: file:/C:/Users/HP/IdeaProjects/SpaceInvader/target/classes/assets/textures/EnemyCluster.png
18:21:52.750 [JavaFX Application Thread] DEBUG EventBus             - Firing event: fxgl.spaceinvader.event.GameEvent[source=javafx.event.Event$$Lambda/0x000002475315ee28@7465bb1]
18:21:52.800 [JavaFX Application Thread] DEBUG FXGLAssetLoaderServi - Loading from file system: file:/C:/Users/HP/IdeaProjects/SpaceInvader/target/classes/assets/textures/wall_left_2.png
18:21:53.188 [JavaFX Application Thread] DEBUG FXGLAssetLoaderServi - Loading from file system: file:/C:/Users/HP/IdeaProjects/SpaceInvader/target/classes/assets/textures/wall_right_2.png
18:21:53.536 [JavaFX Application Thread] DEBUG EventBus             - Firing event: fxgl.spaceinvader.event.GameEvent[source=javafx.event.Event$$Lambda/0x000002475315ee28@7465bb1]
18:21:54.256 [JavaFX Application Thread] DEBUG EventBus             - Firing event: fxgl.spaceinvader.event.GameEvent[source=javafx.event.Event$$Lambda/0x000002475315ee28@7465bb1]
18:21:54.606 [JavaFX Application Thread] DEBUG FXGLAssetLoaderServi - Loading from file system: file:/C:/Users/HP/IdeaProjects/SpaceInvader/target/classes/assets/textures/wall_left_3.png
18:21:55.647 [JavaFX Application Thread] DEBUG EventBus             - Firing event: fxgl.spaceinvader.event.GameEvent[source=javafx.event.Event$$Lambda/0x000002475315ee28@7465bb1]
18:21:56.510 [JavaFX Application Thread] DEBUG EventBus             - Firing event: fxgl.spaceinvader.event.GameEvent[source=javafx.event.Event$$Lambda/0x000002475315ee28@7465bb1]
18:21:57.390 [JavaFX Application Thread] DEBUG EventBus             - Firing event: fxgl.spaceinvader.event.GameEvent[source=javafx.event.Event$$Lambda/0x000002475315ee28@7465bb1]
18:21:58.238 [JavaFX Application Thread] DEBUG EventBus             - Firing event: fxgl.spaceinvader.event.GameEvent[source=javafx.event.Event$$Lambda/0x000002475315ee28@7465bb1]
18:21:59.086 [JavaFX Application Thread] DEBUG EventBus             - Firing event: fxgl.spaceinvader.event.GameEvent[source=javafx.event.Event$$Lambda/0x000002475315ee28@7465bb1]
18:21:59.886 [JavaFX Application Thread] DEBUG EventBus             - Firing event: fxgl.spaceinvader.event.GameEvent[source=javafx.event.Event$$Lambda/0x000002475315ee28@7465bb1]
18:22:02.461 [JavaFX Application Thread] DEBUG EventBus             - Firing event: fxgl.spaceinvader.event.GameEvent[source=javafx.event.Event$$Lambda/0x000002475315ee28@7465bb1]
18:22:04.030 [JavaFX Application Thread] DEBUG EventBus             - Firing event: fxgl.spaceinvader.event.GameEvent[source=javafx.event.Event$$Lambda/0x000002475315ee28@7465bb1]
18:22:04.718 [JavaFX Application Thread] DEBUG EventBus             - Firing event: fxgl.spaceinvader.event.GameEvent[source=javafx.event.Event$$Lambda/0x000002475315ee28@7465bb1]
18:22:05.245 [JavaFX Application Thread] DEBUG EventBus             - Firing event: fxgl.spaceinvader.event.GameEvent[source=javafx.event.Event$$Lambda/0x000002475315ee28@7465bb1]
18:22:05.886 [JavaFX Application Thread] DEBUG EventBus             - Firing event: fxgl.spaceinvader.event.GameEvent[source=javafx.event.Event$$Lambda/0x000002475315ee28@7465bb1]
18:22:06.670 [JavaFX Application Thread] DEBUG FXGLAssetLoaderServi - Loading from file system: file:/C:/Users/HP/IdeaProjects/SpaceInvader/target/classes/assets/textures/wall_right_3.png
18:22:06.972 [JavaFX Application Thread] DEBUG EventBus             - Firing event: fxgl.spaceinvader.event.GameEvent[source=javafx.event.Event$$Lambda/0x000002475315ee28@7465bb1]
18:22:07.934 [JavaFX Application Thread] DEBUG EventBus             - Firing event: fxgl.spaceinvader.event.GameEvent[source=javafx.event.Event$$Lambda/0x000002475315ee28@7465bb1]
18:22:10.173 [JavaFX Application Thread] DEBUG EventBus             - Firing event: fxgl.spaceinvader.event.GameEvent[source=javafx.event.Event$$Lambda/0x000002475315ee28@7465bb1]
18:22:11.452 [JavaFX Application Thread] DEBUG EventBus             - Firing event: fxgl.spaceinvader.event.GameEvent[source=javafx.event.Event$$Lambda/0x000002475315ee28@7465bb1]
18:22:13.037 [JavaFX Application Thread] DEBUG EventBus             - Firing event: fxgl.spaceinvader.event.GameEvent[source=javafx.event.Event$$Lambda/0x000002475315ee28@7465bb1]
18:22:14.061 [JavaFX Application Thread] DEBUG EventBus             - Firing event: fxgl.spaceinvader.event.GameEvent[source=javafx.event.Event$$Lambda/0x000002475315ee28@7465bb1]
18:22:14.781 [JavaFX Application Thread] DEBUG EventBus             - Firing event: fxgl.spaceinvader.event.GameEvent[source=javafx.event.Event$$Lambda/0x000002475315ee28@7465bb1]
18:22:15.902 [JavaFX Application Thread] DEBUG EventBus             - Firing event: fxgl.spaceinvader.event.GameEvent[source=javafx.event.Event$$Lambda/0x000002475315ee28@7465bb1]
18:22:18.062 [JavaFX Application Thread] DEBUG EventBus             - Firing event: fxgl.spaceinvader.event.GameEvent[source=javafx.event.Event$$Lambda/0x000002475315ee28@7465bb1]
18:22:19.229 [JavaFX Application Thread] DEBUG EventBus             - Firing event: fxgl.spaceinvader.event.GameEvent[source=javafx.event.Event$$Lambda/0x000002475315ee28@7465bb1]
18:22:20.910 [JavaFX Application Thread] DEBUG EventBus             - Firing event: fxgl.spaceinvader.event.GameEvent[source=javafx.event.Event$$Lambda/0x000002475315ee28@7465bb1]
18:22:24.269 [JavaFX Application Thread] DEBUG EventBus             - Firing event: fxgl.spaceinvader.event.GameEvent[source=javafx.event.Event$$Lambda/0x000002475315ee28@7465bb1]
18:22:24.280 [JavaFX Application Thread] WARN  TMXLevelLoader       - TiledMap generated from 1.8.6. Supported version: 1.9.0. Some features may not be parsed fully.
18:22:24.308 [JavaFX Application Thread] DEBUG TMXLevelLoader       - Parsed TiledMap: file:/C:/Users/HP/IdeaProjects/SpaceInvader/target/classes/assets/levels/level2.tmx
18:22:24.309 [JavaFX Application Thread] DEBUG TMXLevelLoader       - Creating tile layer entities
18:22:24.309 [JavaFX Application Thread] DEBUG TilesetLoader        - Loading view for layer Background
18:22:24.311 [JavaFX Application Thread] DEBUG TilesetLoader        - Created buffer with size 800.0x592.0
18:22:24.341 [JavaFX Application Thread] DEBUG TMXLevelLoader       - Creating object layer entities
18:22:24.393 [JavaFX Application Thread] DEBUG GameWorld            - Clearing removable entities
18:22:24.407 [JavaFX Application Thread] DEBUG GameWorld            - Setting level: com.almasb.fxgl.entity.level.Level@7ef6b49b
18:22:25.262 [JavaFX Application Thread] DEBUG EventBus             - Firing event: fxgl.spaceinvader.event.GameEvent[source=javafx.event.Event$$Lambda/0x000002475315ee28@7465bb1]
18:22:26.045 [JavaFX Application Thread] DEBUG EventBus             - Firing event: fxgl.spaceinvader.event.GameEvent[source=javafx.event.Event$$Lambda/0x000002475315ee28@7465bb1]
18:22:26.846 [JavaFX Application Thread] DEBUG EventBus             - Firing event: fxgl.spaceinvader.event.GameEvent[source=javafx.event.Event$$Lambda/0x000002475315ee28@7465bb1]
18:22:27.390 [JavaFX Application Thread] DEBUG EventBus             - Firing event: fxgl.spaceinvader.event.GameEvent[source=javafx.event.Event$$Lambda/0x000002475315ee28@7465bb1]
18:22:27.486 [JavaFX Application Thread] DEBUG EventBus             - Firing event: fxgl.spaceinvader.event.GameEvent[source=javafx.event.Event$$Lambda/0x000002475315ee28@7465bb1]
18:22:29.742 [JavaFX Application Thread] DEBUG EventBus             - Firing event: fxgl.spaceinvader.event.GameEvent[source=javafx.event.Event$$Lambda/0x000002475315ee28@7465bb1]
18:22:31.502 [JavaFX Application Thread] DEBUG EventBus             - Firing event: fxgl.spaceinvader.event.GameEvent[source=javafx.event.Event$$Lambda/0x000002475315ee28@7465bb1]
18:22:31.950 [JavaFX Application Thread] DEBUG EventBus             - Firing event: fxgl.spaceinvader.event.GameEvent[source=javafx.event.Event$$Lambda/0x000002475315ee28@7465bb1]
18:22:32.048 [JavaFX Application Thread] DEBUG EventBus             - Firing event: fxgl.spaceinvader.event.GameEvent[source=javafx.event.Event$$Lambda/0x000002475315ee28@7465bb1]
18:22:33.054 [JavaFX Application Thread] DEBUG EventBus             - Firing event: fxgl.spaceinvader.event.GameEvent[source=javafx.event.Event$$Lambda/0x000002475315ee28@7465bb1]
18:22:33.646 [JavaFX Application Thread] DEBUG EventBus             - Firing event: fxgl.spaceinvader.event.GameEvent[source=javafx.event.Event$$Lambda/0x000002475315ee28@7465bb1]
18:22:34.461 [JavaFX Application Thread] DEBUG EventBus             - Firing event: fxgl.spaceinvader.event.GameEvent[source=javafx.event.Event$$Lambda/0x000002475315ee28@7465bb1]
18:22:37.021 [JavaFX Application Thread] DEBUG EventBus             - Firing event: fxgl.spaceinvader.event.GameEvent[source=javafx.event.Event$$Lambda/0x000002475315ee28@7465bb1]
18:22:37.437 [JavaFX Application Thread] DEBUG FXGLAssetLoaderServi - Loading from file system: file:/C:/Users/HP/IdeaProjects/SpaceInvader/target/classes/assets/textures/shield.png
18:22:37.533 [JavaFX Application Thread] DEBUG EventBus             - Firing event: fxgl.spaceinvader.event.GameEvent[source=javafx.event.Event$$Lambda/0x000002475315ee28@7465bb1]
18:22:39.277 [JavaFX Application Thread] DEBUG EventBus             - Firing event: fxgl.spaceinvader.event.GameEvent[source=javafx.event.Event$$Lambda/0x000002475315ee28@7465bb1]
18:22:40.221 [JavaFX Application Thread] DEBUG EventBus             - Firing event: fxgl.spaceinvader.event.GameEvent[source=javafx.event.Event$$Lambda/0x000002475315ee28@7465bb1]
18:22:41.949 [JavaFX Application Thread] DEBUG EventBus             - Firing event: fxgl.spaceinvader.event.GameEvent[source=javafx.event.Event$$Lambda/0x000002475315ee28@7465bb1]
18:22:44.142 [JavaFX Application Thread] DEBUG EventBus             - Firing event: fxgl.spaceinvader.event.GameEvent[source=javafx.event.Event$$Lambda/0x000002475315ee28@7465bb1]
18:22:44.701 [JavaFX Application Thread] DEBUG EventBus             - Firing event: fxgl.spaceinvader.event.GameEvent[source=javafx.event.Event$$Lambda/0x000002475315ee28@7465bb1]
18:22:45.181 [JavaFX Application Thread] DEBUG EventBus             - Firing event: fxgl.spaceinvader.event.GameEvent[source=javafx.event.Event$$Lambda/0x000002475315ee28@7465bb1]
18:22:46.060 [JavaFX Application Thread] DEBUG EventBus             - Firing event: fxgl.spaceinvader.event.GameEvent[source=javafx.event.Event$$Lambda/0x000002475315ee28@7465bb1]
18:22:46.653 [JavaFX Application Thread] DEBUG EventBus             - Firing event: fxgl.spaceinvader.event.GameEvent[source=javafx.event.Event$$Lambda/0x000002475315ee28@7465bb1]
18:22:47.982 [JavaFX Application Thread] DEBUG EventBus             - Firing event: fxgl.spaceinvader.event.GameEvent[source=javafx.event.Event$$Lambda/0x000002475315ee28@7465bb1]
18:22:48.621 [JavaFX Application Thread] DEBUG EventBus             - Firing event: fxgl.spaceinvader.event.GameEvent[source=javafx.event.Event$$Lambda/0x000002475315ee28@7465bb1]
18:22:48.718 [JavaFX Application Thread] DEBUG EventBus             - Firing event: fxgl.spaceinvader.event.GameEvent[source=javafx.event.Event$$Lambda/0x000002475315ee28@7465bb1]
18:22:49.710 [JavaFX Application Thread] DEBUG EventBus             - Firing event: fxgl.spaceinvader.event.GameEvent[source=javafx.event.Event$$Lambda/0x000002475315ee28@7465bb1]
18:22:49.757 [JavaFX Application Thread] DEBUG EventBus             - Firing event: fxgl.spaceinvader.event.GameEvent[source=javafx.event.Event$$Lambda/0x000002475315ee28@7465bb1]
18:22:51.181 [JavaFX Application Thread] DEBUG EventBus             - Firing event: fxgl.spaceinvader.event.GameEvent[source=javafx.event.Event$$Lambda/0x000002475315ee28@7465bb1]
18:22:52.589 [JavaFX Application Thread] DEBUG EventBus             - Firing event: fxgl.spaceinvader.event.GameEvent[source=javafx.event.Event$$Lambda/0x000002475315ee28@7465bb1]
18:22:52.814 [JavaFX Application Thread] DEBUG EventBus             - Firing event: fxgl.spaceinvader.event.GameEvent[source=javafx.event.Event$$Lambda/0x000002475315ee28@7465bb1]
18:22:53.022 [JavaFX Application Thread] DEBUG EventBus             - Firing event: fxgl.spaceinvader.event.GameEvent[source=javafx.event.Event$$Lambda/0x000002475315ee28@7465bb1]
18:22:54.606 [JavaFX Application Thread] DEBUG EventBus             - Firing event: fxgl.spaceinvader.event.GameEvent[source=javafx.event.Event$$Lambda/0x000002475315ee28@7465bb1]
18:22:58.060 [JavaFX Application Thread] DEBUG EventBus             - Firing event: fxgl.spaceinvader.event.GameEvent[source=javafx.event.Event$$Lambda/0x000002475315ee28@7465bb1]
18:22:58.126 [JavaFX Application Thread] DEBUG EventBus             - Firing event: fxgl.spaceinvader.event.GameEvent[source=javafx.event.Event$$Lambda/0x000002475315ee28@7465bb1]
18:23:00.845 [JavaFX Application Thread] DEBUG EventBus             - Firing event: fxgl.spaceinvader.event.GameEvent[source=javafx.event.Event$$Lambda/0x000002475315ee28@7465bb1]
18:23:01.105 [JavaFX Application Thread] DEBUG EventBus             - Firing event: fxgl.spaceinvader.event.GameEvent[source=javafx.event.Event$$Lambda/0x000002475315ee28@7465bb1]
18:23:03.069 [JavaFX Application Thread] DEBUG EventBus             - Firing event: fxgl.spaceinvader.event.GameEvent[source=javafx.event.Event$$Lambda/0x000002475315ee28@7465bb1]
18:23:05.454 [JavaFX Application Thread] DEBUG EventBus             - Firing event: fxgl.spaceinvader.event.GameEvent[source=javafx.event.Event$$Lambda/0x000002475315ee28@7465bb1]
18:23:05.464 [JavaFX Application Thread] DEBUG PrimaryStageWindow   - Push state: DialogSubScene
18:23:05.465 [JavaFX Application Thread] DEBUG Input                - Clearing active input actions
18:23:05.467 [JavaFX Application Thread] DEBUG GameApplicationServi - Removing overlay from GameScene and adding to DialogSubScene
18:23:05.468 [JavaFX Application Thread] DEBUG PrimaryStageWindow   - GameScene -> DialogSubScene
18:23:08.051 [JavaFX Application Thread] DEBUG PrimaryStageWindow   - Pop state: DialogSubScene
18:23:08.051 [JavaFX Application Thread] DEBUG Input                - Clearing active input actions
18:23:08.052 [JavaFX Application Thread] DEBUG GameApplicationServi - Removing overlay from DialogSubScene and adding to GameScene
18:23:08.052 [JavaFX Application Thread] DEBUG PrimaryStageWindow   - GameScene <- DialogSubScene
18:23:08.052 [JavaFX Application Thread] DEBUG FXGLApplication      - Exiting FXGL
18:23:08.052 [JavaFX Application Thread] DEBUG LoopRunner           - Stopping loop
18:23:08.052 [JavaFX Application Thread] DEBUG SystemBundleService  - Saving FXGL system data
18:23:08.057 [JavaFX Application Thread] DEBUG FileSystemAccess     - Writing to: C:\Users\HP\IdeaProjects\SpaceInvader\system\fxgl.bundle
18:23:08.063 [JavaFX Application Thread] DEBUG Async                - Shutting down background threads
18:23:08.064 [JavaFX Application Thread] DEBUG PrimaryStageWindow   - Closing main window
18:23:08.115 [JavaFX Application Thread] DEBUG Logger               - Closing Logger
