18:17:49.475 [main                     ] DEBUG Logger               - Configured Logger
18:17:49.523 [main                     ] DEBUG GameApplication      - Logging settings
Title: Space Invaders
Version: 1.0.1
Width: 800
Height: 600
Fullscreen: false
Intro: false
Profiling: false
Single step:false
App Mode: RELEASE
Menu Key: ESCAPE
Stage Style: DECORATED
Scene Factory: class fxgl.spaceinvader.ui.MySceneFactory

18:17:50.152 [JavaFX Application Thread] DEBUG FXGLApplication      - Initializing FXGL
18:17:50.161 [JavaFX Application Thread] INFO  Engine               - FXGL-17.3 (30.03.2023 11.49) on WINDOWS (J:23 FX:17.0.6)
18:17:50.161 [JavaFX Application Thread] DEBUG Engine               - JRE Vendor Name: Oracle Corporation
18:17:50.162 [JavaFX Application Thread] DEBUG Engine               - Running on OS: Windows 10 version 10.0
18:17:50.162 [JavaFX Application Thread] DEBUG Engine               - Architecture: amd64
18:17:50.162 [JavaFX Application Thread] INFO  Engine               - Source code and latest versions at: https://github.com/AlmasB/FXGL
18:17:50.162 [JavaFX Application Thread] INFO  Engine               -       Ask questions and discuss at: https://github.com/AlmasB/FXGL/discussions
18:17:50.162 [JavaFX Application Thread] INFO  Engine               -              Join the FXGL chat at: https://gitter.im/AlmasB/FXGL
18:17:50.339 [JavaFX Application Thread] DEBUG PrimaryStageWindow   - Creating a JavaFX scene
18:17:50.417 [JavaFX Application Thread] DEBUG PrimaryStageWindow   - Target settings size: 800.0 x 600.0
18:17:50.417 [JavaFX Application Thread] DEBUG PrimaryStageWindow   - Scaled scene size:    800.0 x 600.0
18:17:50.418 [JavaFX Application Thread] DEBUG PrimaryStageWindow   - Scaled ratio: (1.0, 1.0)
18:17:50.420 [JavaFX Application Thread] DEBUG PrimaryStageWindow   - Set initial scene to FXGLStartupScene
18:17:50.430 [JavaFX Application Thread] DEBUG PrimaryStageWindow   - Opening main window
18:17:50.574 [JavaFX Application Thread] DEBUG PrimaryStageWindow   - Window border size: (14.4000244140625, 37.5999755859375)
18:17:50.574 [JavaFX Application Thread] DEBUG PrimaryStageWindow   - Scaled size: 800.0 x 600.0
18:17:50.575 [JavaFX Application Thread] DEBUG PrimaryStageWindow   - Scaled ratio: (1.0, 1.0)
18:17:50.576 [JavaFX Application Thread] DEBUG PrimaryStageWindow   - Scene size: 800.0 x 600.0
18:17:50.577 [JavaFX Application Thread] DEBUG PrimaryStageWindow   - Stage size: 814.4000244140625 x 637.5999755859375
18:17:50.603 [FXGL Background Thread 1 ] DEBUG Engine               - Initializing environment variables
18:17:50.792 [FXGL Background Thread 1 ] DEBUG FXGLAssetLoaderServi - User app class for loading assets: class fxgl.spaceinvader.SpaceInvaderApp
18:17:50.793 [FXGL Background Thread 1 ] DEBUG GameApplicationServi - Applying CSS: fxgl_dark.css
18:17:50.794 [FXGL Background Thread 1 ] DEBUG FXGLAssetLoaderServi - Loading from file system: jar:file:///C:/Users/HP/.m2/repository/com/github/almasb/fxgl/17.3/fxgl-17.3.jar!/fxglassets/ui/css/fxgl_dark.css
18:17:50.905 [FXGL Background Thread 1 ] DEBUG GameApplicationServi - Applying CSS: ui.css
18:17:50.906 [FXGL Background Thread 1 ] DEBUG FXGLAssetLoaderServi - Loading from file system: file:/C:/Users/HP/IdeaProjects/SpaceInvader/target/classes/assets/ui/css/ui.css
18:17:50.909 [FXGL Background Thread 1 ] DEBUG GameApplicationServi - Initializing application scenes
18:17:50.973 [FXGL Background Thread 1 ] DEBUG GameWorld            - Game world initialized
18:17:51.129 [FXGL Background Thread 1 ] DEBUG PhysicsWorld         - Physics world initialized: appHeight=600, physics.ppm=50.0
18:17:51.130 [FXGL Background Thread 1 ] DEBUG PhysicsWorld         - Using strategy: BRUTE_FORCE
18:17:51.139 [FXGL Background Thread 1 ] DEBUG GameScene            - Game scene initialized: 800x600
18:17:51.154 [FXGL Background Thread 1 ] DEBUG FXGLAssetLoaderServi - Loading from file system: file:/C:/Users/HP/IdeaProjects/SpaceInvader/target/classes/assets/textures/background/main_menu.png
18:17:51.253 [FXGL Background Thread 1 ] DEBUG FXGLAssetLoaderServi - Loading from file system: file:/C:/Users/HP/IdeaProjects/SpaceInvader/target/classes/assets/textures/background/Start.png
18:17:51.266 [FXGL Background Thread 1 ] DEBUG FXGLAssetLoaderServi - Loading from file system: file:/C:/Users/HP/IdeaProjects/SpaceInvader/target/classes/assets/textures/background/HighScores.png
18:17:51.270 [FXGL Background Thread 1 ] DEBUG FXGLAssetLoaderServi - Loading from file system: file:/C:/Users/HP/IdeaProjects/SpaceInvader/target/classes/assets/textures/background/Exit.png
18:17:51.292 [FXGL Background Thread 1 ] DEBUG FXGL.DefaultMenu     - createMenuBodyGameMenu()
18:17:51.309 [FXGL Background Thread 1 ] DEBUG FXGL.DefaultMenu     - createOptionsMenu()
18:17:51.327 [FXGL Background Thread 1 ] DEBUG FXGLAssetLoaderServi - Loading from file system: jar:file:///C:/Users/HP/.m2/repository/com/github/almasb/fxgl/17.3/fxgl-17.3.jar!/fxglassets/textures/particles/smoke.png
18:17:51.504 [FXGL Background Thread 1 ] DEBUG FXGLAssetLoaderServi - Loading from file system: jar:file:///C:/Users/HP/.m2/repository/com/github/almasb/fxgl/17.3/fxgl-17.3.jar!/fxglassets/textures/particles/trace_horizontal.png
18:17:51.545 [FXGL Background Thread 1 ] DEBUG GameApplicationServi - Application scenes initialized
18:17:51.568 [FXGL Background Thread 1 ] DEBUG SystemBundleService  - Loading FXGL system data
18:17:51.577 [FXGL Background Thread 1 ] DEBUG FileSystemAccess     - Reading from: C:\Users\HP\IdeaProjects\SpaceInvader\system\fxgl.bundle
18:17:51.594 [FXGL Background Thread 1 ] DEBUG SystemBundleService  - Bundle FXGL: {}
18:17:51.598 [FXGL Background Thread 3 ] DEBUG FXGLApplication      - Loading fonts
18:17:51.599 [FXGL Background Thread 3 ] DEBUG FXGLAssetLoaderServi - Loading from file system: file:/C:/Users/HP/IdeaProjects/SpaceInvader/target/classes/assets/ui/fonts/ARCADECLASSIC.TTF
18:17:51.599 [FXGL Background Thread 1 ] DEBUG FXGLApplication      - Loading default localization
18:17:51.600 [FXGL Background Thread 1 ] DEBUG FXGLAssetLoaderServi - Loading from file system: jar:file:///C:/Users/HP/.m2/repository/com/github/almasb/fxgl/17.3/fxgl-17.3.jar!/fxglassets/languages/english.lang
18:17:51.633 [FXGL Background Thread 1 ] INFO  FXGLApplication      - FXGL initialization took: 1.030 sec
18:17:51.654 [JavaFX Application Thread] DEBUG Input                - Registered new binding: Move Left - Left
18:17:51.654 [JavaFX Application Thread] DEBUG Input                - Registered new binding: Move Right - Right
18:17:51.655 [JavaFX Application Thread] DEBUG Input                - Registered new binding: Shoot - Up
18:17:51.655 [JavaFX Application Thread] DEBUG Input                - Registered new binding: Shield Up - Space
18:17:51.656 [JavaFX Application Thread] DEBUG FXGLAssetLoaderServi - Loading from file system: file:/C:/Users/HP/IdeaProjects/SpaceInvader/target/classes/assets/music/bgm.mp3
18:17:51.878 [JavaFX Application Thread] DEBUG AudioPlayer          - Playing music com.almasb.fxgl.audio.Music@17817933
18:17:51.882 [JavaFX Application Thread] DEBUG FXGLAssetLoaderServi - Loading from file system: jar:file:///C:/Users/HP/.m2/repository/com/github/almasb/fxgl/17.3/fxgl-17.3.jar!/fxglassets/textures/fxgl_icon.png
18:17:51.907 [JavaFX Application Thread] DEBUG FXGLAssetLoaderServi - Loading from file system: jar:file:///C:/Users/HP/.m2/repository/com/github/almasb/fxgl/17.3/fxgl-17.3.jar!/fxglassets/textures/fxgl_default_cursor.png
18:17:51.909 [JavaFX Application Thread] DEBUG Input                - Registered new binding: Screenshot - CTRL+8
18:17:51.912 [JavaFX Application Thread] DEBUG LoopRunner           - Starting loop
18:17:51.912 [JavaFX Application Thread] DEBUG LoopRunner           - Initializing JavaFX AnimationTimerLoop
18:17:51.917 [JavaFX Application Thread] DEBUG Input                - Clearing active input actions
18:17:51.935 [JavaFX Application Thread] DEBUG GameApplicationServi - Removing overlay from FXGLStartupScene and adding to FXGLMainMenuDummyScene
18:17:51.936 [JavaFX Application Thread] DEBUG PrimaryStageWindow   - FXGLStartupScene -> FXGLMainMenuDummyScene
18:17:51.936 [JavaFX Application Thread] DEBUG PrimaryStageWindow   - Push state: MenuTest
18:17:51.937 [JavaFX Application Thread] DEBUG Input                - Clearing active input actions
18:17:51.948 [JavaFX Application Thread] DEBUG GameApplicationServi - Removing overlay from FXGLMainMenuDummyScene and adding to MenuTest
18:17:51.949 [JavaFX Application Thread] DEBUG PrimaryStageWindow   - FXGLMainMenuDummyScene -> MenuTest
18:17:51.949 [JavaFX Application Thread] DEBUG FXGLApplication      - Registering font factories with UI factory
18:17:53.346 [JavaFX Application Thread] DEBUG Menu                 - fireNewGame()
18:17:53.346 [JavaFX Application Thread] DEBUG GameApplicationServi - Starting new game
18:17:53.346 [JavaFX Application Thread] DEBUG PrimaryStageWindow   - Pop state: MenuTest
18:17:53.346 [JavaFX Application Thread] DEBUG Input                - Clearing active input actions
18:17:53.347 [JavaFX Application Thread] DEBUG GameApplicationServi - Removing overlay from MenuTest and adding to FXGLMainMenuDummyScene
18:17:53.347 [JavaFX Application Thread] DEBUG PrimaryStageWindow   - FXGLMainMenuDummyScene <- MenuTest
18:17:53.348 [JavaFX Application Thread] DEBUG Input                - Clearing active input actions
18:17:53.357 [JavaFX Application Thread] DEBUG GameApplicationServi - Removing overlay from FXGLMainMenuDummyScene and adding to FXGLLoadingScene
18:17:53.357 [JavaFX Application Thread] DEBUG PrimaryStageWindow   - FXGLMainMenuDummyScene -> FXGLLoadingScene
18:17:53.357 [JavaFX Application Thread] DEBUG GameApplicationServi - Clearing previous game
18:17:53.357 [JavaFX Application Thread] DEBUG GameScene            - Clearing game scene
18:17:53.357 [JavaFX Application Thread] DEBUG GameWorld            - Clearing game world
18:17:53.357 [JavaFX Application Thread] DEBUG PhysicsWorld         - Clearing physics world
18:17:53.359 [FXGL Background Thread 3 ] DEBUG FXGLApplication      - Initializing game
18:17:53.373 [FXGL Background Thread 3 ] DEBUG FileSystemAccess     - Reading from: C:\Users\HP\IdeaProjects\SpaceInvader\.\hiscore.dat
18:17:53.459 [FXGL Background Thread 3 ] WARN  TMXLevelLoader       - TiledMap generated from 1.8.6. Supported version: 1.9.0. Some features may not be parsed fully.
18:17:53.483 [FXGL Background Thread 3 ] DEBUG TMXLevelLoader       - Parsed TiledMap: file:/C:/Users/HP/IdeaProjects/SpaceInvader/target/classes/assets/levels/level1.tmx
18:17:53.485 [FXGL Background Thread 3 ] DEBUG TMXLevelLoader       - Creating tile layer entities
18:17:53.490 [FXGL Background Thread 3 ] DEBUG TilesetLoader        - Loading view for layer Background
18:17:53.491 [FXGL Background Thread 3 ] DEBUG TilesetLoader        - Created buffer with size 800.0x592.0
18:17:53.524 [FXGL Background Thread 3 ] DEBUG TMXLevelLoader       - Creating object layer entities
18:17:53.529 [FXGL Background Thread 3 ] DEBUG FXGLAssetLoaderServi - Loading from file system: file:/C:/Users/HP/IdeaProjects/SpaceInvader/target/classes/assets/textures/Egg.png
18:17:53.591 [FXGL Background Thread 3 ] DEBUG FXGLAssetLoaderServi - Loading from file system: file:/C:/Users/HP/IdeaProjects/SpaceInvader/target/classes/assets/textures/Frog.png
18:17:53.610 [FXGL Background Thread 3 ] DEBUG FXGLAssetLoaderServi - Loading from file system: file:/C:/Users/HP/IdeaProjects/SpaceInvader/target/classes/assets/textures/Demon.png
18:17:53.650 [FXGL Background Thread 3 ] DEBUG FXGLAssetLoaderServi - Loading from file system: file:/C:/Users/HP/IdeaProjects/SpaceInvader/target/classes/assets/textures/wall_left_1.png
18:17:53.657 [FXGL Background Thread 3 ] DEBUG FXGLAssetLoaderServi - Loading from file system: file:/C:/Users/HP/IdeaProjects/SpaceInvader/target/classes/assets/textures/wall_right_1.png
18:17:53.668 [FXGL Background Thread 3 ] DEBUG GameWorld            - Clearing removable entities
18:17:53.670 [FXGL Background Thread 3 ] DEBUG GameWorld            - Setting level: com.almasb.fxgl.entity.level.Level@147441b2
18:17:53.758 [FXGL Background Thread 3 ] DEBUG FXGLAssetLoaderServi - Loading from file system: file:/C:/Users/HP/IdeaProjects/SpaceInvader/target/classes/assets/textures/ship.png
18:17:53.774 [FXGL Background Thread 3 ] INFO  FXGLApplication      - Game initialization took: 0.415 sec
18:17:53.774 [JavaFX Application Thread] DEBUG Input                - Clearing active input actions
18:17:53.793 [JavaFX Application Thread] DEBUG GameApplicationServi - Removing overlay from FXGLLoadingScene and adding to GameScene
18:17:53.794 [JavaFX Application Thread] DEBUG PrimaryStageWindow   - FXGLLoadingScene -> GameScene
18:17:54.172 [JavaFX Application Thread] DEBUG FXGLAssetLoaderServi - Loading from file system: file:/C:/Users/HP/IdeaProjects/SpaceInvader/target/classes/assets/sounds/shoot.wav
18:17:54.596 [FXGL Background Thread 2 ] DEBUG Engine               - Logging environment variables
18:17:54.598 [FXGL Background Thread 2 ] DEBUG Engine               - achievements: []
18:17:54.598 [FXGL Background Thread 2 ] DEBUG Engine               - actualHeight: 600.0
18:17:54.598 [FXGL Background Thread 2 ] DEBUG Engine               - actualHeightProperty: ReadOnlyDoubleProperty [value: 600.0]
18:17:54.598 [FXGL Background Thread 2 ] DEBUG Engine               - actualWidth: 800.0
18:17:54.598 [FXGL Background Thread 2 ] DEBUG Engine               - actualWidthProperty: ReadOnlyDoubleProperty [value: 800.0]
18:17:54.599 [FXGL Background Thread 2 ] DEBUG Engine               - appIcon: fxgl_icon.png
18:17:54.599 [FXGL Background Thread 2 ] DEBUG Engine               - applicationMode: RELEASE
18:17:54.599 [FXGL Background Thread 2 ] DEBUG Engine               - cSSList: [fxgl_dark.css, ui.css]
18:17:54.599 [FXGL Background Thread 2 ] DEBUG Engine               - collisionDetectionStrategy: BRUTE_FORCE
18:17:54.599 [FXGL Background Thread 2 ] DEBUG Engine               - configClass: Optional.empty
18:17:54.599 [FXGL Background Thread 2 ] DEBUG Engine               - credits: []
18:17:54.600 [FXGL Background Thread 2 ] DEBUG Engine               - defaultCursor: CursorInfo(imageName=fxgl_default_cursor.png, hotspotX=7.0, hotspotY=6.0)
18:17:54.600 [FXGL Background Thread 2 ] DEBUG Engine               - devBBoxColorProperty: ObjectProperty [value: 0xff0000ff]
18:17:54.601 [FXGL Background Thread 2 ] DEBUG Engine               - devEnableDebugCameraProperty: BooleanProperty [value: false]
18:17:54.601 [FXGL Background Thread 2 ] DEBUG Engine               - devSensorColorProperty: ObjectProperty [value: 0xffff00ff]
18:17:54.601 [FXGL Background Thread 2 ] DEBUG Engine               - devShowBBoxProperty: BooleanProperty [value: false]
18:17:54.602 [FXGL Background Thread 2 ] DEBUG Engine               - devShowPositionProperty: BooleanProperty [value: false]
18:17:54.602 [FXGL Background Thread 2 ] DEBUG Engine               - enabledMenuItems: []
18:17:54.602 [FXGL Background Thread 2 ] DEBUG Engine               - engineServices: [class com.almasb.fxgl.app.services.FXGLAssetLoaderService, class com.almasb.fxgl.app.FXGLApplication$GameApplicationService, class com.almasb.fxgl.app.services.FXGLDialogService, class com.almasb.fxgl.app.services.IOTaskExecutorService, class com.almasb.fxgl.io.FileSystemService, class com.almasb.fxgl.localization.LocalizationService, class com.almasb.fxgl.app.services.SystemBundleService, class com.almasb.fxgl.profile.SaveLoadService, class com.almasb.fxgl.ui.FXGLUIFactoryServiceProvider, class com.almasb.fxgl.ui.FXGLDialogFactoryServiceProvider, class com.almasb.fxgl.audio.AudioPlayer, class com.almasb.fxgl.notification.impl.NotificationServiceProvider, class com.almasb.fxgl.achievement.AchievementService, class com.almasb.fxgl.cutscene.CutsceneService, class com.almasb.fxgl.minigames.MiniGameService, class com.almasb.fxgl.net.NetService, class com.almasb.fxgl.app.services.UpdaterService, class com.almasb.fxgl.dev.DevService]
18:17:54.603 [FXGL Background Thread 2 ] DEBUG Engine               - fontGame: ARCADECLASSIC.TTF
18:17:54.603 [FXGL Background Thread 2 ] DEBUG Engine               - fontMono: ARCADECLASSIC.TTF
18:17:54.603 [FXGL Background Thread 2 ] DEBUG Engine               - fontSizeScaleUI: 1.0
18:17:54.603 [FXGL Background Thread 2 ] DEBUG Engine               - fontText: ARCADECLASSIC.TTF
18:17:54.603 [FXGL Background Thread 2 ] DEBUG Engine               - fontUI: ARCADECLASSIC.TTF
18:17:54.603 [FXGL Background Thread 2 ] DEBUG Engine               - fullScreen: BooleanProperty [value: false]
18:17:54.603 [FXGL Background Thread 2 ] DEBUG Engine               - gameDifficulty: MEDIUM
18:17:54.603 [FXGL Background Thread 2 ] DEBUG Engine               - gameDifficultyProperty: ObjectProperty [value: MEDIUM]
18:17:54.604 [FXGL Background Thread 2 ] DEBUG Engine               - globalMusicVolume: 0.5
18:17:54.604 [FXGL Background Thread 2 ] DEBUG Engine               - globalMusicVolumeProperty: DoubleProperty [value: 0.5]
18:17:54.604 [FXGL Background Thread 2 ] DEBUG Engine               - globalSoundVolume: 0.5
18:17:54.604 [FXGL Background Thread 2 ] DEBUG Engine               - globalSoundVolumeProperty: DoubleProperty [value: 0.1]
18:17:54.604 [FXGL Background Thread 2 ] DEBUG Engine               - height: 600
18:17:54.605 [FXGL Background Thread 2 ] DEBUG Engine               - is3D: false
18:17:54.605 [FXGL Background Thread 2 ] DEBUG Engine               - isAndroid: false
18:17:54.605 [FXGL Background Thread 2 ] DEBUG Engine               - isBrowser: false
18:17:54.605 [FXGL Background Thread 2 ] DEBUG Engine               - isClickFeedbackEnabled: false
18:17:54.605 [FXGL Background Thread 2 ] DEBUG Engine               - isCloseConfirmation: false
18:17:54.605 [FXGL Background Thread 2 ] DEBUG Engine               - isDesktop: true
18:17:54.605 [FXGL Background Thread 2 ] DEBUG Engine               - isDeveloperMenuEnabled: false
18:17:54.605 [FXGL Background Thread 2 ] DEBUG Engine               - isEmbedded: false
18:17:54.605 [FXGL Background Thread 2 ] DEBUG Engine               - isEntityPreloadEnabled: true
18:17:54.605 [FXGL Background Thread 2 ] DEBUG Engine               - isExperimentalTiledLargeMap: false
18:17:54.605 [FXGL Background Thread 2 ] DEBUG Engine               - isFileSystemWriteAllowed: true
18:17:54.605 [FXGL Background Thread 2 ] DEBUG Engine               - isFullScreenAllowed: false
18:17:54.605 [FXGL Background Thread 2 ] DEBUG Engine               - isFullScreenFromStart: false
18:17:54.606 [FXGL Background Thread 2 ] DEBUG Engine               - isGameMenuEnabled: true
18:17:54.606 [FXGL Background Thread 2 ] DEBUG Engine               - isIOS: false
18:17:54.606 [FXGL Background Thread 2 ] DEBUG Engine               - isIntroEnabled: false
18:17:54.606 [FXGL Background Thread 2 ] DEBUG Engine               - isLinux: false
18:17:54.606 [FXGL Background Thread 2 ] DEBUG Engine               - isMac: false
18:17:54.606 [FXGL Background Thread 2 ] DEBUG Engine               - isMainMenuEnabled: true
18:17:54.606 [FXGL Background Thread 2 ] DEBUG Engine               - isManualResizeEnabled: true
18:17:54.606 [FXGL Background Thread 2 ] DEBUG Engine               - isMobile: false
18:17:54.606 [FXGL Background Thread 2 ] DEBUG Engine               - isNative: false
18:17:54.606 [FXGL Background Thread 2 ] DEBUG Engine               - isPauseMusicWhenMinimized: true
18:17:54.606 [FXGL Background Thread 2 ] DEBUG Engine               - isPreserveResizeRatio: true
18:17:54.606 [FXGL Background Thread 2 ] DEBUG Engine               - isProfilingEnabled: false
18:17:54.606 [FXGL Background Thread 2 ] DEBUG Engine               - isScaleAffectedOnResize: true
18:17:54.606 [FXGL Background Thread 2 ] DEBUG Engine               - isSingleStep: false
18:17:54.607 [FXGL Background Thread 2 ] DEBUG Engine               - isUserProfileEnabled: false
18:17:54.607 [FXGL Background Thread 2 ] DEBUG Engine               - isWindows: true
18:17:54.607 [FXGL Background Thread 2 ] DEBUG Engine               - language: ObjectProperty [value: ENGLISH]
18:17:54.607 [FXGL Background Thread 2 ] DEBUG Engine               - menuKey: ESCAPE
18:17:54.607 [FXGL Background Thread 2 ] DEBUG Engine               - mouseSensitivity: 0.2
18:17:54.607 [FXGL Background Thread 2 ] DEBUG Engine               - notificationViewClass: class com.almasb.fxgl.notification.view.XboxNotificationView
18:17:54.607 [FXGL Background Thread 2 ] DEBUG Engine               - pixelsPerMeter: 50.0
18:17:54.607 [FXGL Background Thread 2 ] DEBUG Engine               - platform: WINDOWS
18:17:54.607 [FXGL Background Thread 2 ] DEBUG Engine               - prefHeightProperty: ReadOnlyDoubleProperty [value: 600.0]
18:17:54.607 [FXGL Background Thread 2 ] DEBUG Engine               - prefWidthProperty: ReadOnlyDoubleProperty [value: 800.0]
18:17:54.607 [FXGL Background Thread 2 ] DEBUG Engine               - profileDir: profiles/
18:17:54.607 [FXGL Background Thread 2 ] DEBUG Engine               - profileName: StringProperty [value: DEFAULT]
18:17:54.608 [FXGL Background Thread 2 ] DEBUG Engine               - randomSeed: -1
18:17:54.608 [FXGL Background Thread 2 ] DEBUG Engine               - runtimeInfo: RuntimeInfo(platform=WINDOWS, version=17.3, build=30.03.2023 11.49)
18:17:54.608 [FXGL Background Thread 2 ] DEBUG Engine               - saveFileExt: sav
18:17:54.608 [FXGL Background Thread 2 ] DEBUG Engine               - scaledHeightProp$fxgl: DoubleProperty [bound, value: 600.0]
18:17:54.608 [FXGL Background Thread 2 ] DEBUG Engine               - scaledWidthProp$fxgl: DoubleProperty [bound, value: 800.0]
18:17:54.608 [FXGL Background Thread 2 ] DEBUG Engine               - sceneFactory: fxgl.spaceinvader.ui.MySceneFactory@4b221dfb
18:17:54.608 [FXGL Background Thread 2 ] DEBUG Engine               - secondsIn24h: 60
18:17:54.608 [FXGL Background Thread 2 ] DEBUG Engine               - soundMenuBack: menu/back.wav
18:17:54.609 [FXGL Background Thread 2 ] DEBUG Engine               - soundMenuPress: menu/press.wav
18:17:54.609 [FXGL Background Thread 2 ] DEBUG Engine               - soundMenuSelect: menu/select.wav
18:17:54.609 [FXGL Background Thread 2 ] DEBUG Engine               - soundNotification: core/notification.wav
18:17:54.609 [FXGL Background Thread 2 ] DEBUG Engine               - stageStyle: DECORATED
18:17:54.609 [FXGL Background Thread 2 ] DEBUG Engine               - supportedLanguages: [ENGLISH, FRENCH, GERMAN, HUNGARIAN, RUSSIAN]
18:17:54.609 [FXGL Background Thread 2 ] DEBUG Engine               - ticksPerSecond: -1
18:17:54.609 [FXGL Background Thread 2 ] DEBUG Engine               - title: Space Invaders
18:17:54.609 [FXGL Background Thread 2 ] DEBUG Engine               - urlGithub: https://github.com/AlmasB/FXGL
18:17:54.609 [FXGL Background Thread 2 ] DEBUG Engine               - urlLeaderboard: http://fxgl-top.herokuapp.com/
18:17:54.609 [FXGL Background Thread 2 ] DEBUG Engine               - urlPOM: https://raw.githubusercontent.com/AlmasB/FXGL/release/README.md
18:17:54.609 [FXGL Background Thread 2 ] DEBUG Engine               - userAppClass: class fxgl.spaceinvader.SpaceInvaderApp
18:17:54.609 [FXGL Background Thread 2 ] DEBUG Engine               - version: 1.0.1
18:17:54.609 [FXGL Background Thread 2 ] DEBUG Engine               - versionCheckDays: 7
18:17:54.609 [FXGL Background Thread 2 ] DEBUG Engine               - width: 800
18:17:54.609 [FXGL Background Thread 2 ] DEBUG Engine               - Logging services
18:17:54.609 [FXGL Background Thread 2 ] DEBUG Engine               - class com.almasb.fxgl.app.services.FXGLAssetLoaderService
18:17:54.609 [FXGL Background Thread 2 ] DEBUG Engine               - class com.almasb.fxgl.app.FXGLApplication$GameApplicationService
18:17:54.610 [FXGL Background Thread 2 ] DEBUG Engine               - class com.almasb.fxgl.app.services.FXGLDialogService
18:17:54.610 [FXGL Background Thread 2 ] DEBUG Engine               - class com.almasb.fxgl.app.services.IOTaskExecutorService
18:17:54.610 [FXGL Background Thread 2 ] DEBUG Engine               - class com.almasb.fxgl.io.FileSystemService
18:17:54.610 [FXGL Background Thread 2 ] DEBUG Engine               - class com.almasb.fxgl.localization.LocalizationService
18:17:54.610 [FXGL Background Thread 2 ] DEBUG Engine               - class com.almasb.fxgl.app.services.SystemBundleService
18:17:54.610 [FXGL Background Thread 2 ] DEBUG Engine               - class com.almasb.fxgl.profile.SaveLoadService
18:17:54.610 [FXGL Background Thread 2 ] DEBUG Engine               - class com.almasb.fxgl.ui.FXGLUIFactoryServiceProvider
18:17:54.610 [FXGL Background Thread 2 ] DEBUG Engine               - class com.almasb.fxgl.ui.FXGLDialogFactoryServiceProvider
18:17:54.610 [FXGL Background Thread 2 ] DEBUG Engine               - class com.almasb.fxgl.audio.AudioPlayer
18:17:54.610 [FXGL Background Thread 2 ] DEBUG Engine               - class com.almasb.fxgl.notification.impl.NotificationServiceProvider
18:17:54.610 [FXGL Background Thread 2 ] DEBUG Engine               - class com.almasb.fxgl.achievement.AchievementService
18:17:54.610 [FXGL Background Thread 2 ] DEBUG Engine               - class com.almasb.fxgl.cutscene.CutsceneService
18:17:54.610 [FXGL Background Thread 2 ] DEBUG Engine               - class com.almasb.fxgl.minigames.MiniGameService
18:17:54.610 [FXGL Background Thread 2 ] DEBUG Engine               - class com.almasb.fxgl.net.NetService
18:17:54.610 [FXGL Background Thread 2 ] DEBUG Engine               - class com.almasb.fxgl.app.services.UpdaterService
18:17:54.610 [FXGL Background Thread 2 ] DEBUG Engine               - class com.almasb.fxgl.dev.DevService
18:17:55.061 [JavaFX Application Thread] DEBUG EventBus             - Firing event: fxgl.spaceinvader.event.GameEvent[source=javafx.event.Event$$Lambda/0x000001995715f530@5e7db321]
18:17:55.062 [JavaFX Application Thread] DEBUG FXGLAssetLoaderServi - Loading from file system: file:/C:/Users/HP/IdeaProjects/SpaceInvader/target/classes/assets/sounds/explosion.wav
18:17:55.067 [JavaFX Application Thread] DEBUG FXGLAssetLoaderServi - Loading from file system: file:/C:/Users/HP/IdeaProjects/SpaceInvader/target/classes/assets/textures/Explosion.png
18:17:55.444 [JavaFX Application Thread] DEBUG FXGLAssetLoaderServi - Loading from file system: file:/C:/Users/HP/IdeaProjects/SpaceInvader/target/classes/assets/textures/EnemyBullet.png
18:17:55.450 [JavaFX Application Thread] DEBUG FXGLAssetLoaderServi - Loading from file system: file:/C:/Users/HP/IdeaProjects/SpaceInvader/target/classes/assets/textures/EnemyCluster.png
18:17:55.811 [JavaFX Application Thread] DEBUG EventBus             - Firing event: fxgl.spaceinvader.event.GameEvent[source=javafx.event.Event$$Lambda/0x000001995715f530@5e7db321]
18:17:55.989 [JavaFX Application Thread] DEBUG FXGLAssetLoaderServi - Loading from file system: file:/C:/Users/HP/IdeaProjects/SpaceInvader/target/classes/assets/textures/wall_left_2.png
18:17:56.390 [JavaFX Application Thread] DEBUG FXGLAssetLoaderServi - Loading from file system: file:/C:/Users/HP/IdeaProjects/SpaceInvader/target/classes/assets/textures/wall_right_2.png
18:17:57.060 [JavaFX Application Thread] DEBUG EventBus             - Firing event: fxgl.spaceinvader.event.GameEvent[source=javafx.event.Event$$Lambda/0x000001995715f530@5e7db321]
18:17:58.419 [JavaFX Application Thread] DEBUG EventBus             - Firing event: fxgl.spaceinvader.event.GameEvent[source=javafx.event.Event$$Lambda/0x000001995715f530@5e7db321]
18:17:58.884 [JavaFX Application Thread] DEBUG EventBus             - Firing event: fxgl.spaceinvader.event.GameEvent[source=javafx.event.Event$$Lambda/0x000001995715f530@5e7db321]
18:18:00.371 [JavaFX Application Thread] DEBUG FXGLAssetLoaderServi - Loading from file system: file:/C:/Users/HP/IdeaProjects/SpaceInvader/target/classes/assets/textures/wall_left_3.png
18:18:01.570 [JavaFX Application Thread] DEBUG EventBus             - Firing event: fxgl.spaceinvader.event.GameEvent[source=javafx.event.Event$$Lambda/0x000001995715f530@5e7db321]
18:18:02.883 [JavaFX Application Thread] DEBUG EventBus             - Firing event: fxgl.spaceinvader.event.GameEvent[source=javafx.event.Event$$Lambda/0x000001995715f530@5e7db321]
18:18:03.684 [JavaFX Application Thread] DEBUG EventBus             - Firing event: fxgl.spaceinvader.event.GameEvent[source=javafx.event.Event$$Lambda/0x000001995715f530@5e7db321]
18:18:06.290 [JavaFX Application Thread] DEBUG EventBus             - Firing event: fxgl.spaceinvader.event.GameEvent[source=javafx.event.Event$$Lambda/0x000001995715f530@5e7db321]
18:18:06.931 [JavaFX Application Thread] DEBUG EventBus             - Firing event: fxgl.spaceinvader.event.GameEvent[source=javafx.event.Event$$Lambda/0x000001995715f530@5e7db321]
18:18:07.603 [JavaFX Application Thread] DEBUG EventBus             - Firing event: fxgl.spaceinvader.event.GameEvent[source=javafx.event.Event$$Lambda/0x000001995715f530@5e7db321]
18:18:08.067 [JavaFX Application Thread] DEBUG EventBus             - Firing event: fxgl.spaceinvader.event.GameEvent[source=javafx.event.Event$$Lambda/0x000001995715f530@5e7db321]
18:18:08.483 [JavaFX Application Thread] DEBUG FXGLAssetLoaderServi - Loading from file system: file:/C:/Users/HP/IdeaProjects/SpaceInvader/target/classes/assets/textures/shield.png
18:18:09.074 [JavaFX Application Thread] DEBUG EventBus             - Firing event: fxgl.spaceinvader.event.GameEvent[source=javafx.event.Event$$Lambda/0x000001995715f530@5e7db321]
18:18:09.845 [JavaFX Application Thread] DEBUG EventBus             - Firing event: fxgl.spaceinvader.event.GameEvent[source=javafx.event.Event$$Lambda/0x000001995715f530@5e7db321]
18:18:10.722 [JavaFX Application Thread] DEBUG EventBus             - Firing event: fxgl.spaceinvader.event.GameEvent[source=javafx.event.Event$$Lambda/0x000001995715f530@5e7db321]
18:18:11.076 [JavaFX Application Thread] DEBUG EventBus             - Firing event: fxgl.spaceinvader.event.GameEvent[source=javafx.event.Event$$Lambda/0x000001995715f530@5e7db321]
18:18:11.796 [JavaFX Application Thread] DEBUG EventBus             - Firing event: fxgl.spaceinvader.event.GameEvent[source=javafx.event.Event$$Lambda/0x000001995715f530@5e7db321]
18:18:12.724 [JavaFX Application Thread] DEBUG EventBus             - Firing event: fxgl.spaceinvader.event.GameEvent[source=javafx.event.Event$$Lambda/0x000001995715f530@5e7db321]
18:18:13.267 [JavaFX Application Thread] DEBUG EventBus             - Firing event: fxgl.spaceinvader.event.GameEvent[source=javafx.event.Event$$Lambda/0x000001995715f530@5e7db321]
18:18:14.450 [JavaFX Application Thread] DEBUG EventBus             - Firing event: fxgl.spaceinvader.event.GameEvent[source=javafx.event.Event$$Lambda/0x000001995715f530@5e7db321]
18:18:14.819 [JavaFX Application Thread] DEBUG FXGLAssetLoaderServi - Loading from file system: file:/C:/Users/HP/IdeaProjects/SpaceInvader/target/classes/assets/textures/wall_right_3.png
18:18:17.811 [JavaFX Application Thread] DEBUG EventBus             - Firing event: fxgl.spaceinvader.event.GameEvent[source=javafx.event.Event$$Lambda/0x000001995715f530@5e7db321]
18:18:18.180 [JavaFX Application Thread] DEBUG EventBus             - Firing event: fxgl.spaceinvader.event.GameEvent[source=javafx.event.Event$$Lambda/0x000001995715f530@5e7db321]
18:18:20.291 [JavaFX Application Thread] DEBUG EventBus             - Firing event: fxgl.spaceinvader.event.GameEvent[source=javafx.event.Event$$Lambda/0x000001995715f530@5e7db321]
18:18:22.402 [JavaFX Application Thread] DEBUG EventBus             - Firing event: fxgl.spaceinvader.event.GameEvent[source=javafx.event.Event$$Lambda/0x000001995715f530@5e7db321]
18:18:24.674 [JavaFX Application Thread] DEBUG EventBus             - Firing event: fxgl.spaceinvader.event.GameEvent[source=javafx.event.Event$$Lambda/0x000001995715f530@5e7db321]
18:18:26.595 [JavaFX Application Thread] DEBUG EventBus             - Firing event: fxgl.spaceinvader.event.GameEvent[source=javafx.event.Event$$Lambda/0x000001995715f530@5e7db321]
18:18:28.467 [JavaFX Application Thread] DEBUG EventBus             - Firing event: fxgl.spaceinvader.event.GameEvent[source=javafx.event.Event$$Lambda/0x000001995715f530@5e7db321]
18:18:29.763 [JavaFX Application Thread] DEBUG EventBus             - Firing event: fxgl.spaceinvader.event.GameEvent[source=javafx.event.Event$$Lambda/0x000001995715f530@5e7db321]
18:18:29.770 [JavaFX Application Thread] WARN  TMXLevelLoader       - TiledMap generated from 1.8.6. Supported version: 1.9.0. Some features may not be parsed fully.
18:18:29.792 [JavaFX Application Thread] DEBUG TMXLevelLoader       - Parsed TiledMap: file:/C:/Users/HP/IdeaProjects/SpaceInvader/target/classes/assets/levels/level2.tmx
18:18:29.792 [JavaFX Application Thread] DEBUG TMXLevelLoader       - Creating tile layer entities
18:18:29.792 [JavaFX Application Thread] DEBUG TilesetLoader        - Loading view for layer Background
18:18:29.794 [JavaFX Application Thread] DEBUG TilesetLoader        - Created buffer with size 800.0x592.0
18:18:29.814 [JavaFX Application Thread] DEBUG TMXLevelLoader       - Creating object layer entities
18:18:29.856 [JavaFX Application Thread] DEBUG GameWorld            - Clearing removable entities
18:18:29.864 [JavaFX Application Thread] DEBUG GameWorld            - Setting level: com.almasb.fxgl.entity.level.Level@308cb426
18:18:30.675 [JavaFX Application Thread] DEBUG EventBus             - Firing event: fxgl.spaceinvader.event.GameEvent[source=javafx.event.Event$$Lambda/0x000001995715f530@5e7db321]
18:18:31.140 [JavaFX Application Thread] DEBUG EventBus             - Firing event: fxgl.spaceinvader.event.GameEvent[source=javafx.event.Event$$Lambda/0x000001995715f530@5e7db321]
18:18:32.866 [JavaFX Application Thread] DEBUG EventBus             - Firing event: fxgl.spaceinvader.event.GameEvent[source=javafx.event.Event$$Lambda/0x000001995715f530@5e7db321]
18:18:33.556 [JavaFX Application Thread] DEBUG EventBus             - Firing event: fxgl.spaceinvader.event.GameEvent[source=javafx.event.Event$$Lambda/0x000001995715f530@5e7db321]
18:18:34.052 [JavaFX Application Thread] DEBUG EventBus             - Firing event: fxgl.spaceinvader.event.GameEvent[source=javafx.event.Event$$Lambda/0x000001995715f530@5e7db321]
18:18:34.659 [JavaFX Application Thread] DEBUG EventBus             - Firing event: fxgl.spaceinvader.event.GameEvent[source=javafx.event.Event$$Lambda/0x000001995715f530@5e7db321]
18:18:35.378 [JavaFX Application Thread] DEBUG EventBus             - Firing event: fxgl.spaceinvader.event.GameEvent[source=javafx.event.Event$$Lambda/0x000001995715f530@5e7db321]
18:18:36.532 [JavaFX Application Thread] DEBUG EventBus             - Firing event: fxgl.spaceinvader.event.GameEvent[source=javafx.event.Event$$Lambda/0x000001995715f530@5e7db321]
18:18:37.268 [JavaFX Application Thread] DEBUG EventBus             - Firing event: fxgl.spaceinvader.event.GameEvent[source=javafx.event.Event$$Lambda/0x000001995715f530@5e7db321]
18:18:37.748 [JavaFX Application Thread] DEBUG EventBus             - Firing event: fxgl.spaceinvader.event.GameEvent[source=javafx.event.Event$$Lambda/0x000001995715f530@5e7db321]
18:18:38.258 [JavaFX Application Thread] DEBUG EventBus             - Firing event: fxgl.spaceinvader.event.GameEvent[source=javafx.event.Event$$Lambda/0x000001995715f530@5e7db321]
18:18:39.491 [JavaFX Application Thread] DEBUG EventBus             - Firing event: fxgl.spaceinvader.event.GameEvent[source=javafx.event.Event$$Lambda/0x000001995715f530@5e7db321]
18:18:40.340 [JavaFX Application Thread] DEBUG EventBus             - Firing event: fxgl.spaceinvader.event.GameEvent[source=javafx.event.Event$$Lambda/0x000001995715f530@5e7db321]
18:18:41.459 [JavaFX Application Thread] DEBUG EventBus             - Firing event: fxgl.spaceinvader.event.GameEvent[source=javafx.event.Event$$Lambda/0x000001995715f530@5e7db321]
18:18:42.339 [JavaFX Application Thread] DEBUG EventBus             - Firing event: fxgl.spaceinvader.event.GameEvent[source=javafx.event.Event$$Lambda/0x000001995715f530@5e7db321]
18:18:42.868 [JavaFX Application Thread] DEBUG EventBus             - Firing event: fxgl.spaceinvader.event.GameEvent[source=javafx.event.Event$$Lambda/0x000001995715f530@5e7db321]
18:18:45.171 [JavaFX Application Thread] DEBUG EventBus             - Firing event: fxgl.spaceinvader.event.GameEvent[source=javafx.event.Event$$Lambda/0x000001995715f530@5e7db321]
18:18:47.059 [JavaFX Application Thread] DEBUG EventBus             - Firing event: fxgl.spaceinvader.event.GameEvent[source=javafx.event.Event$$Lambda/0x000001995715f530@5e7db321]
18:18:47.684 [JavaFX Application Thread] DEBUG EventBus             - Firing event: fxgl.spaceinvader.event.GameEvent[source=javafx.event.Event$$Lambda/0x000001995715f530@5e7db321]
18:18:47.843 [JavaFX Application Thread] DEBUG EventBus             - Firing event: fxgl.spaceinvader.event.GameEvent[source=javafx.event.Event$$Lambda/0x000001995715f530@5e7db321]
18:18:48.196 [JavaFX Application Thread] DEBUG EventBus             - Firing event: fxgl.spaceinvader.event.GameEvent[source=javafx.event.Event$$Lambda/0x000001995715f530@5e7db321]
18:18:49.603 [JavaFX Application Thread] DEBUG EventBus             - Firing event: fxgl.spaceinvader.event.GameEvent[source=javafx.event.Event$$Lambda/0x000001995715f530@5e7db321]
18:18:51.779 [JavaFX Application Thread] DEBUG EventBus             - Firing event: fxgl.spaceinvader.event.GameEvent[source=javafx.event.Event$$Lambda/0x000001995715f530@5e7db321]
18:18:53.907 [JavaFX Application Thread] DEBUG EventBus             - Firing event: fxgl.spaceinvader.event.GameEvent[source=javafx.event.Event$$Lambda/0x000001995715f530@5e7db321]
18:18:54.323 [JavaFX Application Thread] DEBUG EventBus             - Firing event: fxgl.spaceinvader.event.GameEvent[source=javafx.event.Event$$Lambda/0x000001995715f530@5e7db321]
18:18:54.787 [JavaFX Application Thread] DEBUG EventBus             - Firing event: fxgl.spaceinvader.event.GameEvent[source=javafx.event.Event$$Lambda/0x000001995715f530@5e7db321]
18:18:55.652 [JavaFX Application Thread] DEBUG EventBus             - Firing event: fxgl.spaceinvader.event.GameEvent[source=javafx.event.Event$$Lambda/0x000001995715f530@5e7db321]
18:18:56.180 [JavaFX Application Thread] DEBUG EventBus             - Firing event: fxgl.spaceinvader.event.GameEvent[source=javafx.event.Event$$Lambda/0x000001995715f530@5e7db321]
18:18:56.675 [JavaFX Application Thread] DEBUG EventBus             - Firing event: fxgl.spaceinvader.event.GameEvent[source=javafx.event.Event$$Lambda/0x000001995715f530@5e7db321]
18:18:56.754 [JavaFX Application Thread] DEBUG EventBus             - Firing event: fxgl.spaceinvader.event.GameEvent[source=javafx.event.Event$$Lambda/0x000001995715f530@5e7db321]
18:18:56.851 [JavaFX Application Thread] DEBUG EventBus             - Firing event: fxgl.spaceinvader.event.GameEvent[source=javafx.event.Event$$Lambda/0x000001995715f530@5e7db321]
18:18:57.619 [JavaFX Application Thread] DEBUG EventBus             - Firing event: fxgl.spaceinvader.event.GameEvent[source=javafx.event.Event$$Lambda/0x000001995715f530@5e7db321]
18:18:58.819 [JavaFX Application Thread] DEBUG EventBus             - Firing event: fxgl.spaceinvader.event.GameEvent[source=javafx.event.Event$$Lambda/0x000001995715f530@5e7db321]
18:18:58.822 [JavaFX Application Thread] DEBUG PrimaryStageWindow   - Push state: DialogSubScene
18:18:58.823 [JavaFX Application Thread] DEBUG Input                - Clearing active input actions
18:18:58.823 [JavaFX Application Thread] DEBUG GameApplicationServi - Removing overlay from GameScene and adding to DialogSubScene
18:18:58.824 [JavaFX Application Thread] DEBUG PrimaryStageWindow   - GameScene -> DialogSubScene
18:19:12.893 [JavaFX Application Thread] DEBUG PrimaryStageWindow   - Pop state: DialogSubScene
18:19:12.893 [JavaFX Application Thread] DEBUG Input                - Clearing active input actions
18:19:12.894 [JavaFX Application Thread] DEBUG GameApplicationServi - Removing overlay from DialogSubScene and adding to GameScene
18:19:12.894 [JavaFX Application Thread] DEBUG PrimaryStageWindow   - GameScene <- DialogSubScene
18:19:12.894 [JavaFX Application Thread] DEBUG FXGLApplication      - Exiting FXGL
18:19:12.894 [JavaFX Application Thread] DEBUG LoopRunner           - Stopping loop
18:19:12.894 [JavaFX Application Thread] DEBUG SystemBundleService  - Saving FXGL system data
18:19:12.897 [JavaFX Application Thread] DEBUG FileSystemAccess     - Writing to: C:\Users\HP\IdeaProjects\SpaceInvader\system\fxgl.bundle
18:19:12.898 [JavaFX Application Thread] DEBUG Async                - Shutting down background threads
18:19:12.898 [JavaFX Application Thread] DEBUG PrimaryStageWindow   - Closing main window
18:19:12.932 [JavaFX Application Thread] DEBUG Logger               - Closing Logger
