15:37:16.773 [main                     ] DEBUG Logger               - Configured Logger
15:37:16.808 [main                     ] DEBUG GameApplication      - Logging settings
Title: Space Invaders
Version: 0.1
Width: 800
Height: 600
Fullscreen: false
Intro: false
Profiling: false
Single step:false
App Mode: DEVELOPER
Menu Key: ESCAPE
Stage Style: DECORATED
Scene Factory: class com.almasb.fxgl.app.scene.SceneFactory

15:37:17.309 [JavaFX Application Thread] DEBUG FXGLApplication      - Initializing FXGL
15:37:17.315 [JavaFX Application Thread] INFO  Engine               - FXGL-17.3 (30.03.2023 11.49) on WINDOWS (J:23.0.1 FX:17.0.6)
15:37:17.315 [JavaFX Application Thread] DEBUG Engine               - JRE Vendor Name: Oracle Corporation
15:37:17.316 [JavaFX Application Thread] DEBUG Engine               - Running on OS: Windows 10 version 10.0
15:37:17.316 [JavaFX Application Thread] DEBUG Engine               - Architecture: amd64
15:37:17.316 [JavaFX Application Thread] INFO  Engine               - Source code and latest versions at: https://github.com/AlmasB/FXGL
15:37:17.316 [JavaFX Application Thread] INFO  Engine               -       Ask questions and discuss at: https://github.com/AlmasB/FXGL/discussions
15:37:17.316 [JavaFX Application Thread] INFO  Engine               -              Join the FXGL chat at: https://gitter.im/AlmasB/FXGL
15:37:17.461 [JavaFX Application Thread] DEBUG PrimaryStageWindow   - Creating a JavaFX scene
15:37:17.535 [JavaFX Application Thread] DEBUG PrimaryStageWindow   - Target settings size: 800.0 x 600.0
15:37:17.536 [JavaFX Application Thread] DEBUG PrimaryStageWindow   - Scaled scene size:    800.0 x 600.0
15:37:17.536 [JavaFX Application Thread] DEBUG PrimaryStageWindow   - Scaled ratio: (1.0, 1.0)
15:37:17.537 [JavaFX Application Thread] DEBUG PrimaryStageWindow   - Set initial scene to FXGLStartupScene
15:37:17.549 [JavaFX Application Thread] DEBUG PrimaryStageWindow   - Opening main window
15:37:17.677 [JavaFX Application Thread] DEBUG PrimaryStageWindow   - Window border size: (16.0, 39.0)
15:37:17.678 [JavaFX Application Thread] DEBUG PrimaryStageWindow   - Scaled size: 800.0 x 600.0
15:37:17.678 [JavaFX Application Thread] DEBUG PrimaryStageWindow   - Scaled ratio: (1.0, 1.0)
15:37:17.678 [JavaFX Application Thread] DEBUG PrimaryStageWindow   - Scene size: 800.0 x 600.0
15:37:17.679 [JavaFX Application Thread] DEBUG PrimaryStageWindow   - Stage size: 816.0 x 639.0
15:37:17.791 [FXGL Background Thread 1 ] DEBUG Engine               - Initializing environment variables
15:37:17.908 [FXGL Background Thread 1 ] DEBUG FXGLAssetLoaderServi - User app class for loading assets: class fxgl.spaceinvader.GameApp
15:37:17.909 [FXGL Background Thread 1 ] DEBUG GameApplicationServi - Applying CSS: fxgl_dark.css
15:37:17.911 [FXGL Background Thread 1 ] DEBUG FXGLAssetLoaderServi - Loading from file system: jar:file:///C:/Users/DELL/.m2/repository/com/github/almasb/fxgl/17.3/fxgl-17.3.jar!/fxglassets/ui/css/fxgl_dark.css
15:37:17.980 [FXGL Background Thread 1 ] DEBUG GameApplicationServi - Initializing application scenes
15:37:18.085 [FXGL Background Thread 1 ] DEBUG GameWorld            - Game world initialized
15:37:18.182 [FXGL Background Thread 1 ] DEBUG PhysicsWorld         - Physics world initialized: appHeight=600, physics.ppm=50.0
15:37:18.183 [FXGL Background Thread 1 ] DEBUG PhysicsWorld         - Using strategy: BRUTE_FORCE
15:37:18.188 [FXGL Background Thread 1 ] DEBUG GameScene            - Game scene initialized: 800x600
15:37:18.204 [FXGL Background Thread 1 ] DEBUG FXGL.DefaultMenu     - createMenuBodyGameMenu()
15:37:18.226 [FXGL Background Thread 1 ] DEBUG FXGL.DefaultMenu     - createOptionsMenu()
15:37:18.243 [FXGL Background Thread 1 ] DEBUG FXGLAssetLoaderServi - Loading from file system: jar:file:///C:/Users/DELL/.m2/repository/com/github/almasb/fxgl/17.3/fxgl-17.3.jar!/fxglassets/textures/particles/smoke.png
15:37:18.375 [FXGL Background Thread 1 ] DEBUG FXGLAssetLoaderServi - Loading from file system: jar:file:///C:/Users/DELL/.m2/repository/com/github/almasb/fxgl/17.3/fxgl-17.3.jar!/fxglassets/textures/particles/trace_horizontal.png
15:37:18.424 [FXGL Background Thread 1 ] DEBUG GameApplicationServi - Application scenes initialized
15:37:18.446 [FXGL Background Thread 1 ] DEBUG SystemBundleService  - Loading FXGL system data
15:37:18.453 [FXGL Background Thread 1 ] DEBUG FileSystemAccess     - Reading from: C:\Users\DELL\IdeaProjects\SpaceInvader\system\fxgl.bundle
15:37:18.463 [FXGL Background Thread 1 ] DEBUG SystemBundleService  - Bundle FXGL: {}
15:37:18.463 [FXGL Background Thread 1 ] DEBUG UpdaterService       - Checking for updates
15:37:18.470 [FXGL Background Thread 4 ] DEBUG FXGLApplication      - Loading fonts
15:37:18.471 [FXGL Background Thread 1 ] DEBUG FXGLApplication      - Loading default localization
15:37:18.472 [FXGL Background Thread 1 ] DEBUG FXGLAssetLoaderServi - Loading from file system: jar:file:///C:/Users/DELL/.m2/repository/com/github/almasb/fxgl/17.3/fxgl-17.3.jar!/fxglassets/languages/english.lang
15:37:18.471 [FXGL Background Thread 4 ] DEBUG FXGLAssetLoaderServi - Loading from file system: jar:file:///C:/Users/DELL/.m2/repository/com/github/almasb/fxgl/17.3/fxgl-17.3.jar!/fxglassets/ui/fonts/VarelaRound-Regular.ttf
15:37:18.501 [FXGL Background Thread 1 ] INFO  FXGLApplication      - FXGL initialization took: 0.710 sec
15:37:18.514 [JavaFX Application Thread] DEBUG Input                - Registered new binding: action0 - A
15:37:18.515 [JavaFX Application Thread] DEBUG Input                - Registered new binding: action1 - D
15:37:18.515 [JavaFX Application Thread] DEBUG Input                - Registered new binding: action2 - Space
15:37:18.516 [JavaFX Application Thread] DEBUG FXGLAssetLoaderServi - Loading from file system: jar:file:///C:/Users/DELL/.m2/repository/com/github/almasb/fxgl/17.3/fxgl-17.3.jar!/fxglassets/textures/fxgl_icon.png
15:37:18.548 [JavaFX Application Thread] DEBUG FXGLAssetLoaderServi - Loading from file system: jar:file:///C:/Users/DELL/.m2/repository/com/github/almasb/fxgl/17.3/fxgl-17.3.jar!/fxglassets/textures/fxgl_default_cursor.png
15:37:18.551 [JavaFX Application Thread] DEBUG Input                - Registered new binding: Screenshot - CTRL+8
15:37:18.551 [JavaFX Application Thread] DEBUG Input                - Registered new binding: System info dump - CTRL+9
15:37:18.552 [JavaFX Application Thread] DEBUG Input                - Registered new binding: Restart - CTRL+R
15:37:18.554 [JavaFX Application Thread] DEBUG Input                - Registered new binding: Toggle Debug Camera - CTRL+7
15:37:18.557 [JavaFX Application Thread] DEBUG LoopRunner           - Starting loop
15:37:18.557 [JavaFX Application Thread] DEBUG LoopRunner           - Initializing JavaFX AnimationTimerLoop
15:37:18.559 [JavaFX Application Thread] DEBUG GameApplicationServi - Starting new game
15:37:18.559 [JavaFX Application Thread] DEBUG Input                - Clearing active input actions
15:37:18.576 [JavaFX Application Thread] DEBUG GameApplicationServi - Removing overlay from FXGLStartupScene and adding to FXGLLoadingScene
15:37:18.576 [JavaFX Application Thread] DEBUG PrimaryStageWindow   - FXGLStartupScene -> FXGLLoadingScene
15:37:18.576 [JavaFX Application Thread] DEBUG GameApplicationServi - Clearing previous game
15:37:18.576 [JavaFX Application Thread] DEBUG GameScene            - Clearing game scene
15:37:18.577 [JavaFX Application Thread] DEBUG GameWorld            - Clearing game world
15:37:18.577 [JavaFX Application Thread] DEBUG PhysicsWorld         - Clearing physics world
15:37:18.578 [FXGL Background Thread 1 ] DEBUG FXGLApplication      - Initializing game
15:37:18.756 [FXGL Background Thread 4 ] DEBUG FXGLAssetLoaderServi - Loading from file system: jar:file:///C:/Users/DELL/.m2/repository/com/github/almasb/fxgl/17.3/fxgl-17.3.jar!/fxglassets/ui/fonts/Abel-Regular.ttf
15:37:18.771 [FXGL Background Thread 4 ] DEBUG FXGLAssetLoaderServi - Loading from file system: jar:file:///C:/Users/DELL/.m2/repository/com/github/almasb/fxgl/17.3/fxgl-17.3.jar!/fxglassets/ui/fonts/TerminalLandMono-Regular.otf
15:37:18.790 [FXGL Background Thread 4 ] DEBUG FXGLAssetLoaderServi - Loading from file system: jar:file:///C:/Users/DELL/.m2/repository/com/github/almasb/fxgl/17.3/fxgl-17.3.jar!/fxglassets/ui/fonts/Courier-Prime.ttf
15:37:18.818 [JavaFX Application Thread] DEBUG FXGLApplication      - Registering font factories with UI factory
15:37:18.848 [FXGL Background Thread 1 ] INFO  FXGLApplication      - Game initialization took: 0.269 sec
15:37:19.044 [JavaFX Application Thread] DEBUG Input                - Clearing active input actions
15:37:19.059 [JavaFX Application Thread] DEBUG GameApplicationServi - Removing overlay from FXGLLoadingScene and adding to GameScene
15:37:19.059 [JavaFX Application Thread] DEBUG PrimaryStageWindow   - FXGLLoadingScene -> GameScene
15:37:19.657 [FXGL Background Thread 2 ] INFO  UpdaterService       - Your current version:  17.3
15:37:19.657 [FXGL Background Thread 2 ] INFO  UpdaterService       - Latest stable version: 21.1
15:37:21.469 [FXGL Background Thread 3 ] DEBUG Engine               - Logging environment variables
15:37:21.470 [FXGL Background Thread 3 ] DEBUG Engine               - achievements: []
15:37:21.470 [FXGL Background Thread 3 ] DEBUG Engine               - actualHeight: 600.0
15:37:21.470 [FXGL Background Thread 3 ] DEBUG Engine               - actualHeightProperty: ReadOnlyDoubleProperty [value: 600.0]
15:37:21.470 [FXGL Background Thread 3 ] DEBUG Engine               - actualWidth: 800.0
15:37:21.470 [FXGL Background Thread 3 ] DEBUG Engine               - actualWidthProperty: ReadOnlyDoubleProperty [value: 800.0]
15:37:21.470 [FXGL Background Thread 3 ] DEBUG Engine               - appIcon: fxgl_icon.png
15:37:21.470 [FXGL Background Thread 3 ] DEBUG Engine               - applicationMode: DEVELOPER
15:37:21.470 [FXGL Background Thread 3 ] DEBUG Engine               - cSSList: [fxgl_dark.css]
15:37:21.470 [FXGL Background Thread 3 ] DEBUG Engine               - collisionDetectionStrategy: BRUTE_FORCE
15:37:21.470 [FXGL Background Thread 3 ] DEBUG Engine               - configClass: Optional.empty
15:37:21.470 [FXGL Background Thread 3 ] DEBUG Engine               - credits: []
15:37:21.471 [FXGL Background Thread 3 ] DEBUG Engine               - defaultCursor: CursorInfo(imageName=fxgl_default_cursor.png, hotspotX=7.0, hotspotY=6.0)
15:37:21.471 [FXGL Background Thread 3 ] DEBUG Engine               - devBBoxColorProperty: ObjectProperty [value: 0xff0000ff]
15:37:21.471 [FXGL Background Thread 3 ] DEBUG Engine               - devEnableDebugCameraProperty: BooleanProperty [value: false]
15:37:21.471 [FXGL Background Thread 3 ] DEBUG Engine               - devSensorColorProperty: ObjectProperty [value: 0xffff00ff]
15:37:21.471 [FXGL Background Thread 3 ] DEBUG Engine               - devShowBBoxProperty: BooleanProperty [value: false]
15:37:21.471 [FXGL Background Thread 3 ] DEBUG Engine               - devShowPositionProperty: BooleanProperty [value: false]
15:37:21.471 [FXGL Background Thread 3 ] DEBUG Engine               - enabledMenuItems: []
15:37:21.471 [FXGL Background Thread 3 ] DEBUG Engine               - engineServices: [class com.almasb.fxgl.app.services.FXGLAssetLoaderService, class com.almasb.fxgl.app.FXGLApplication$GameApplicationService, class com.almasb.fxgl.app.services.FXGLDialogService, class com.almasb.fxgl.app.services.IOTaskExecutorService, class com.almasb.fxgl.io.FileSystemService, class com.almasb.fxgl.localization.LocalizationService, class com.almasb.fxgl.app.services.SystemBundleService, class com.almasb.fxgl.profile.SaveLoadService, class com.almasb.fxgl.ui.FXGLUIFactoryServiceProvider, class com.almasb.fxgl.ui.FXGLDialogFactoryServiceProvider, class com.almasb.fxgl.audio.AudioPlayer, class com.almasb.fxgl.notification.impl.NotificationServiceProvider, class com.almasb.fxgl.achievement.AchievementService, class com.almasb.fxgl.cutscene.CutsceneService, class com.almasb.fxgl.minigames.MiniGameService, class com.almasb.fxgl.net.NetService, class com.almasb.fxgl.app.services.UpdaterService, class com.almasb.fxgl.dev.DevService]
15:37:21.471 [FXGL Background Thread 3 ] DEBUG Engine               - fontGame: Abel-Regular.ttf
15:37:21.471 [FXGL Background Thread 3 ] DEBUG Engine               - fontMono: TerminalLandMono-Regular.otf
15:37:21.471 [FXGL Background Thread 3 ] DEBUG Engine               - fontSizeScaleUI: 1.0
15:37:21.471 [FXGL Background Thread 3 ] DEBUG Engine               - fontText: Courier-Prime.ttf
15:37:21.471 [FXGL Background Thread 3 ] DEBUG Engine               - fontUI: VarelaRound-Regular.ttf
15:37:21.471 [FXGL Background Thread 3 ] DEBUG Engine               - fullScreen: BooleanProperty [value: false]
15:37:21.471 [FXGL Background Thread 3 ] DEBUG Engine               - gameDifficulty: MEDIUM
15:37:21.472 [FXGL Background Thread 3 ] DEBUG Engine               - gameDifficultyProperty: ObjectProperty [value: MEDIUM]
15:37:21.472 [FXGL Background Thread 3 ] DEBUG Engine               - globalMusicVolume: 0.5
15:37:21.472 [FXGL Background Thread 3 ] DEBUG Engine               - globalMusicVolumeProperty: DoubleProperty [value: 0.5]
15:37:21.472 [FXGL Background Thread 3 ] DEBUG Engine               - globalSoundVolume: 0.5
15:37:21.472 [FXGL Background Thread 3 ] DEBUG Engine               - globalSoundVolumeProperty: DoubleProperty [value: 0.5]
15:37:21.472 [FXGL Background Thread 3 ] DEBUG Engine               - height: 600
15:37:21.472 [FXGL Background Thread 3 ] DEBUG Engine               - is3D: false
15:37:21.472 [FXGL Background Thread 3 ] DEBUG Engine               - isAndroid: false
15:37:21.472 [FXGL Background Thread 3 ] DEBUG Engine               - isBrowser: false
15:37:21.472 [FXGL Background Thread 3 ] DEBUG Engine               - isClickFeedbackEnabled: false
15:37:21.472 [FXGL Background Thread 3 ] DEBUG Engine               - isCloseConfirmation: false
15:37:21.472 [FXGL Background Thread 3 ] DEBUG Engine               - isDesktop: true
15:37:21.472 [FXGL Background Thread 3 ] DEBUG Engine               - isDeveloperMenuEnabled: false
15:37:21.473 [FXGL Background Thread 3 ] DEBUG Engine               - isEmbedded: false
15:37:21.473 [FXGL Background Thread 3 ] DEBUG Engine               - isEntityPreloadEnabled: true
15:37:21.473 [FXGL Background Thread 3 ] DEBUG Engine               - isExperimentalTiledLargeMap: false
15:37:21.473 [FXGL Background Thread 3 ] DEBUG Engine               - isFileSystemWriteAllowed: true
15:37:21.473 [FXGL Background Thread 3 ] DEBUG Engine               - isFullScreenAllowed: false
15:37:21.473 [FXGL Background Thread 3 ] DEBUG Engine               - isFullScreenFromStart: false
15:37:21.473 [FXGL Background Thread 3 ] DEBUG Engine               - isGameMenuEnabled: true
15:37:21.473 [FXGL Background Thread 3 ] DEBUG Engine               - isIOS: false
15:37:21.473 [FXGL Background Thread 3 ] DEBUG Engine               - isIntroEnabled: false
15:37:21.473 [FXGL Background Thread 3 ] DEBUG Engine               - isLinux: false
15:37:21.474 [FXGL Background Thread 3 ] DEBUG Engine               - isMac: false
15:37:21.474 [FXGL Background Thread 3 ] DEBUG Engine               - isMainMenuEnabled: false
15:37:21.474 [FXGL Background Thread 3 ] DEBUG Engine               - isManualResizeEnabled: false
15:37:21.474 [FXGL Background Thread 3 ] DEBUG Engine               - isMobile: false
15:37:21.474 [FXGL Background Thread 3 ] DEBUG Engine               - isNative: false
15:37:21.474 [FXGL Background Thread 3 ] DEBUG Engine               - isPauseMusicWhenMinimized: true
15:37:21.474 [FXGL Background Thread 3 ] DEBUG Engine               - isPreserveResizeRatio: false
15:37:21.474 [FXGL Background Thread 3 ] DEBUG Engine               - isProfilingEnabled: false
15:37:21.474 [FXGL Background Thread 3 ] DEBUG Engine               - isScaleAffectedOnResize: true
15:37:21.474 [FXGL Background Thread 3 ] DEBUG Engine               - isSingleStep: false
15:37:21.474 [FXGL Background Thread 3 ] DEBUG Engine               - isUserProfileEnabled: false
15:37:21.474 [FXGL Background Thread 3 ] DEBUG Engine               - isWindows: true
15:37:21.474 [FXGL Background Thread 3 ] DEBUG Engine               - language: ObjectProperty [value: ENGLISH]
15:37:21.474 [FXGL Background Thread 3 ] DEBUG Engine               - menuKey: ESCAPE
15:37:21.475 [FXGL Background Thread 3 ] DEBUG Engine               - mouseSensitivity: 0.2
15:37:21.475 [FXGL Background Thread 3 ] DEBUG Engine               - notificationViewClass: class com.almasb.fxgl.notification.view.XboxNotificationView
15:37:21.475 [FXGL Background Thread 3 ] DEBUG Engine               - pixelsPerMeter: 50.0
15:37:21.475 [FXGL Background Thread 3 ] DEBUG Engine               - platform: WINDOWS
15:37:21.475 [FXGL Background Thread 3 ] DEBUG Engine               - prefHeightProperty: ReadOnlyDoubleProperty [value: 600.0]
15:37:21.475 [FXGL Background Thread 3 ] DEBUG Engine               - prefWidthProperty: ReadOnlyDoubleProperty [value: 800.0]
15:37:21.475 [FXGL Background Thread 3 ] DEBUG Engine               - profileDir: profiles/
15:37:21.475 [FXGL Background Thread 3 ] DEBUG Engine               - profileName: StringProperty [value: DEFAULT]
15:37:21.475 [FXGL Background Thread 3 ] DEBUG Engine               - randomSeed: -1
15:37:21.476 [FXGL Background Thread 3 ] DEBUG Engine               - runtimeInfo: RuntimeInfo(platform=WINDOWS, version=17.3, build=30.03.2023 11.49)
15:37:21.476 [FXGL Background Thread 3 ] DEBUG Engine               - saveFileExt: sav
15:37:21.476 [FXGL Background Thread 3 ] DEBUG Engine               - scaledHeightProp$fxgl: DoubleProperty [bound, value: 600.0]
15:37:21.476 [FXGL Background Thread 3 ] DEBUG Engine               - scaledWidthProp$fxgl: DoubleProperty [bound, value: 800.0]
15:37:21.476 [FXGL Background Thread 3 ] DEBUG Engine               - sceneFactory: com.almasb.fxgl.app.scene.SceneFactory@3d01ec3d
15:37:21.476 [FXGL Background Thread 3 ] DEBUG Engine               - secondsIn24h: 60
15:37:21.476 [FXGL Background Thread 3 ] DEBUG Engine               - soundMenuBack: menu/back.wav
15:37:21.476 [FXGL Background Thread 3 ] DEBUG Engine               - soundMenuPress: menu/press.wav
15:37:21.476 [FXGL Background Thread 3 ] DEBUG Engine               - soundMenuSelect: menu/select.wav
15:37:21.476 [FXGL Background Thread 3 ] DEBUG Engine               - soundNotification: core/notification.wav
15:37:21.476 [FXGL Background Thread 3 ] DEBUG Engine               - stageStyle: DECORATED
15:37:21.476 [FXGL Background Thread 3 ] DEBUG Engine               - supportedLanguages: [ENGLISH, FRENCH, GERMAN, HUNGARIAN, RUSSIAN]
15:37:21.476 [FXGL Background Thread 3 ] DEBUG Engine               - ticksPerSecond: -1
15:37:21.476 [FXGL Background Thread 3 ] DEBUG Engine               - title: Space Invaders
15:37:21.476 [FXGL Background Thread 3 ] DEBUG Engine               - urlGithub: https://github.com/AlmasB/FXGL
15:37:21.476 [FXGL Background Thread 3 ] DEBUG Engine               - urlLeaderboard: http://fxgl-top.herokuapp.com/
15:37:21.476 [FXGL Background Thread 3 ] DEBUG Engine               - urlPOM: https://raw.githubusercontent.com/AlmasB/FXGL/release/README.md
15:37:21.476 [FXGL Background Thread 3 ] DEBUG Engine               - userAppClass: class fxgl.spaceinvader.GameApp
15:37:21.476 [FXGL Background Thread 3 ] DEBUG Engine               - version: 0.1
15:37:21.477 [FXGL Background Thread 3 ] DEBUG Engine               - versionCheckDays: 7
15:37:21.477 [FXGL Background Thread 3 ] DEBUG Engine               - width: 800
15:37:21.477 [FXGL Background Thread 3 ] DEBUG Engine               - Logging services
15:37:21.477 [FXGL Background Thread 3 ] DEBUG Engine               - class com.almasb.fxgl.app.services.FXGLAssetLoaderService
15:37:21.477 [FXGL Background Thread 3 ] DEBUG Engine               - class com.almasb.fxgl.app.FXGLApplication$GameApplicationService
15:37:21.477 [FXGL Background Thread 3 ] DEBUG Engine               - class com.almasb.fxgl.app.services.FXGLDialogService
15:37:21.477 [FXGL Background Thread 3 ] DEBUG Engine               - class com.almasb.fxgl.app.services.IOTaskExecutorService
15:37:21.477 [FXGL Background Thread 3 ] DEBUG Engine               - class com.almasb.fxgl.io.FileSystemService
15:37:21.477 [FXGL Background Thread 3 ] DEBUG Engine               - class com.almasb.fxgl.localization.LocalizationService
15:37:21.477 [FXGL Background Thread 3 ] DEBUG Engine               - class com.almasb.fxgl.app.services.SystemBundleService
15:37:21.477 [FXGL Background Thread 3 ] DEBUG Engine               - class com.almasb.fxgl.profile.SaveLoadService
15:37:21.477 [FXGL Background Thread 3 ] DEBUG Engine               - class com.almasb.fxgl.ui.FXGLUIFactoryServiceProvider
15:37:21.478 [FXGL Background Thread 3 ] DEBUG Engine               - class com.almasb.fxgl.ui.FXGLDialogFactoryServiceProvider
15:37:21.478 [FXGL Background Thread 3 ] DEBUG Engine               - class com.almasb.fxgl.audio.AudioPlayer
15:37:21.478 [FXGL Background Thread 3 ] DEBUG Engine               - class com.almasb.fxgl.notification.impl.NotificationServiceProvider
15:37:21.478 [FXGL Background Thread 3 ] DEBUG Engine               - class com.almasb.fxgl.achievement.AchievementService
15:37:21.478 [FXGL Background Thread 3 ] DEBUG Engine               - class com.almasb.fxgl.cutscene.CutsceneService
15:37:21.478 [FXGL Background Thread 3 ] DEBUG Engine               - class com.almasb.fxgl.minigames.MiniGameService
15:37:21.478 [FXGL Background Thread 3 ] DEBUG Engine               - class com.almasb.fxgl.net.NetService
15:37:21.478 [FXGL Background Thread 3 ] DEBUG Engine               - class com.almasb.fxgl.app.services.UpdaterService
15:37:21.478 [FXGL Background Thread 3 ] DEBUG Engine               - class com.almasb.fxgl.dev.DevService
15:37:38.508 [JavaFX Application Thread] DEBUG FXGLApplication      - Exiting FXGL
15:37:38.508 [JavaFX Application Thread] DEBUG LoopRunner           - Stopping loop
15:37:38.509 [JavaFX Application Thread] DEBUG SystemBundleService  - Saving FXGL system data
15:37:38.514 [JavaFX Application Thread] DEBUG FileSystemAccess     - Writing to: C:\Users\DELL\IdeaProjects\SpaceInvader\system\fxgl.bundle
15:37:38.519 [JavaFX Application Thread] DEBUG Async                - Shutting down background threads
15:37:38.520 [JavaFX Application Thread] DEBUG PrimaryStageWindow   - Closing main window
15:37:38.558 [JavaFX Application Thread] DEBUG Logger               - Closing Logger
