01:48:36.174 [main                     ] DEBUG Logger               - Configured Logger
01:48:36.203 [main                     ] DEBUG GameApplication      - Logging settings
Title: Space Invaders
Version: 1.0.1
Width: 512
Height: 720
Fullscreen: false
Intro: false
Profiling: false
Single step:false
App Mode: RELEASE
Menu Key: ESCAPE
Stage Style: DECORATED
Scene Factory: class com.almasb.fxgl.app.scene.SceneFactory

01:48:36.534 [JavaFX Application Thread] DEBUG FXGLApplication      - Initializing FXGL
01:48:36.537 [JavaFX Application Thread] INFO  Engine               - FXGL-17.3 (30.03.2023 11.49) on WINDOWS (J:23 FX:17.0.6)
01:48:36.538 [JavaFX Application Thread] DEBUG Engine               - JRE Vendor Name: Oracle Corporation
01:48:36.538 [JavaFX Application Thread] DEBUG Engine               - Running on OS: Windows 10 version 10.0
01:48:36.538 [JavaFX Application Thread] DEBUG Engine               - Architecture: amd64
01:48:36.538 [JavaFX Application Thread] INFO  Engine               - Source code and latest versions at: https://github.com/AlmasB/FXGL
01:48:36.538 [JavaFX Application Thread] INFO  Engine               -       Ask questions and discuss at: https://github.com/AlmasB/FXGL/discussions
01:48:36.538 [JavaFX Application Thread] INFO  Engine               -              Join the FXGL chat at: https://gitter.im/AlmasB/FXGL
01:48:36.630 [JavaFX Application Thread] DEBUG PrimaryStageWindow   - Creating a JavaFX scene
01:48:36.677 [JavaFX Application Thread] DEBUG PrimaryStageWindow   - Target settings size: 512.0 x 720.0
01:48:36.677 [JavaFX Application Thread] DEBUG PrimaryStageWindow   - Scaled scene size:    512.0 x 720.0
01:48:36.677 [JavaFX Application Thread] DEBUG PrimaryStageWindow   - Scaled ratio: (1.0, 1.0)
01:48:36.678 [JavaFX Application Thread] DEBUG PrimaryStageWindow   - Set initial scene to FXGLStartupScene
01:48:36.685 [JavaFX Application Thread] DEBUG PrimaryStageWindow   - Opening main window
01:48:36.771 [JavaFX Application Thread] DEBUG PrimaryStageWindow   - Window border size: (14.4000244140625, 37.5999755859375)
01:48:36.772 [JavaFX Application Thread] DEBUG PrimaryStageWindow   - Scaled size: 512.0 x 720.0
01:48:36.772 [JavaFX Application Thread] DEBUG PrimaryStageWindow   - Scaled ratio: (1.0, 1.0)
01:48:36.773 [JavaFX Application Thread] DEBUG PrimaryStageWindow   - Scene size: 512.0 x 720.0
01:48:36.773 [JavaFX Application Thread] DEBUG PrimaryStageWindow   - Stage size: 526.4000244140625 x 757.5999755859375
01:48:36.788 [FXGL Background Thread 1 ] DEBUG Engine               - Initializing environment variables
01:48:36.899 [FXGL Background Thread 1 ] DEBUG FXGLAssetLoaderServi - User app class for loading assets: class fxgl.spaceinvader.SpaceInvaderApp
01:48:36.899 [FXGL Background Thread 1 ] DEBUG GameApplicationServi - Applying CSS: fxgl_dark.css
01:48:36.900 [FXGL Background Thread 1 ] DEBUG FXGLAssetLoaderServi - Loading from file system: jar:file:///C:/Users/HP/.m2/repository/com/github/almasb/fxgl/17.3/fxgl-17.3.jar!/fxglassets/ui/css/fxgl_dark.css
01:48:36.958 [FXGL Background Thread 1 ] DEBUG GameApplicationServi - Initializing application scenes
01:48:37.008 [FXGL Background Thread 1 ] DEBUG GameWorld            - Game world initialized
01:48:37.082 [FXGL Background Thread 1 ] DEBUG PhysicsWorld         - Physics world initialized: appHeight=720, physics.ppm=50.0
01:48:37.082 [FXGL Background Thread 1 ] DEBUG PhysicsWorld         - Using strategy: BRUTE_FORCE
01:48:37.087 [FXGL Background Thread 1 ] DEBUG GameScene            - Game scene initialized: 512x720
01:48:37.099 [FXGL Background Thread 1 ] WARN  FXGL.DefaultMenu     - FXGLDefaultMenu is not designed for resolutions < 800x600
01:48:37.099 [FXGL Background Thread 1 ] DEBUG FXGL.DefaultMenu     - createMenuBodyMainMenu()
01:48:37.111 [FXGL Background Thread 1 ] DEBUG FXGL.DefaultMenu     - createOptionsMenu()
01:48:37.124 [FXGL Background Thread 1 ] DEBUG FXGLAssetLoaderServi - Loading from file system: jar:file:///C:/Users/HP/.m2/repository/com/github/almasb/fxgl/17.3/fxgl-17.3.jar!/fxglassets/textures/particles/smoke.png
01:48:37.202 [FXGL Background Thread 1 ] DEBUG FXGLAssetLoaderServi - Loading from file system: jar:file:///C:/Users/HP/.m2/repository/com/github/almasb/fxgl/17.3/fxgl-17.3.jar!/fxglassets/textures/particles/trace_horizontal.png
01:48:37.230 [FXGL Background Thread 1 ] WARN  FXGL.DefaultMenu     - FXGLDefaultMenu is not designed for resolutions < 800x600
01:48:37.230 [FXGL Background Thread 1 ] DEBUG FXGL.DefaultMenu     - createMenuBodyGameMenu()
01:48:37.231 [FXGL Background Thread 1 ] DEBUG FXGL.DefaultMenu     - createOptionsMenu()
01:48:37.246 [FXGL Background Thread 1 ] DEBUG GameApplicationServi - Application scenes initialized
01:48:37.257 [FXGL Background Thread 1 ] DEBUG SystemBundleService  - Loading FXGL system data
01:48:37.262 [FXGL Background Thread 1 ] DEBUG FileSystemAccess     - Reading from: C:\Users\HP\IdeaProjects\SpaceInvader\system\fxgl.bundle
01:48:37.270 [FXGL Background Thread 1 ] DEBUG SystemBundleService  - Bundle FXGL: {}
01:48:37.273 [FXGL Background Thread 3 ] DEBUG FXGLApplication      - Loading fonts
01:48:37.274 [FXGL Background Thread 3 ] DEBUG FXGLAssetLoaderServi - Loading from file system: jar:file:///C:/Users/HP/.m2/repository/com/github/almasb/fxgl/17.3/fxgl-17.3.jar!/fxglassets/ui/fonts/VarelaRound-Regular.ttf
01:48:37.274 [FXGL Background Thread 1 ] DEBUG FXGLApplication      - Loading default localization
01:48:37.275 [FXGL Background Thread 1 ] DEBUG FXGLAssetLoaderServi - Loading from file system: jar:file:///C:/Users/HP/.m2/repository/com/github/almasb/fxgl/17.3/fxgl-17.3.jar!/fxglassets/languages/english.lang
01:48:37.291 [FXGL Background Thread 1 ] INFO  FXGLApplication      - FXGL initialization took: 0.504 sec
01:48:37.300 [FXGL Background Thread 3 ] DEBUG FXGLAssetLoaderServi - Loading from file system: jar:file:///C:/Users/HP/.m2/repository/com/github/almasb/fxgl/17.3/fxgl-17.3.jar!/fxglassets/ui/fonts/Abel-Regular.ttf
01:48:37.303 [JavaFX Application Thread] DEBUG Input                - Registered new binding: Move Left - Left
01:48:37.303 [FXGL Background Thread 3 ] DEBUG FXGLAssetLoaderServi - Loading from file system: jar:file:///C:/Users/HP/.m2/repository/com/github/almasb/fxgl/17.3/fxgl-17.3.jar!/fxglassets/ui/fonts/TerminalLandMono-Regular.otf
01:48:37.303 [JavaFX Application Thread] DEBUG Input                - Registered new binding: Move Right - Right
01:48:37.304 [JavaFX Application Thread] DEBUG Input                - Registered new binding: Shoot - Up
01:48:37.304 [JavaFX Application Thread] DEBUG Input                - Registered new binding: Shield Up - Space
01:48:37.306 [JavaFX Application Thread] DEBUG FXGLAssetLoaderServi - Loading from file system: jar:file:///C:/Users/HP/.m2/repository/com/github/almasb/fxgl/17.3/fxgl-17.3.jar!/fxglassets/textures/fxgl_icon.png
01:48:37.307 [FXGL Background Thread 3 ] DEBUG FXGLAssetLoaderServi - Loading from file system: jar:file:///C:/Users/HP/.m2/repository/com/github/almasb/fxgl/17.3/fxgl-17.3.jar!/fxglassets/ui/fonts/Courier-Prime.ttf
01:48:37.322 [JavaFX Application Thread] DEBUG FXGLAssetLoaderServi - Loading from file system: jar:file:///C:/Users/HP/.m2/repository/com/github/almasb/fxgl/17.3/fxgl-17.3.jar!/fxglassets/textures/fxgl_default_cursor.png
01:48:37.325 [JavaFX Application Thread] DEBUG Input                - Registered new binding: Screenshot - CTRL+8
01:48:37.329 [JavaFX Application Thread] DEBUG LoopRunner           - Starting loop
01:48:37.329 [JavaFX Application Thread] DEBUG LoopRunner           - Initializing JavaFX AnimationTimerLoop
01:48:37.331 [JavaFX Application Thread] DEBUG Input                - Clearing active input actions
01:48:37.341 [JavaFX Application Thread] DEBUG GameApplicationServi - Removing overlay from FXGLStartupScene and adding to FXGLMainMenuDummyScene
01:48:37.342 [JavaFX Application Thread] DEBUG PrimaryStageWindow   - FXGLStartupScene -> FXGLMainMenuDummyScene
01:48:37.342 [JavaFX Application Thread] DEBUG PrimaryStageWindow   - Push state: FXGLDefaultMenu
01:48:37.346 [JavaFX Application Thread] DEBUG Input                - Clearing active input actions
01:48:37.352 [JavaFX Application Thread] DEBUG GameApplicationServi - Removing overlay from FXGLMainMenuDummyScene and adding to FXGLDefaultMenu
01:48:37.353 [JavaFX Application Thread] DEBUG PrimaryStageWindow   - FXGLMainMenuDummyScene -> FXGLDefaultMenu
01:48:37.359 [JavaFX Application Thread] DEBUG FXGLApplication      - Registering font factories with UI factory
01:48:38.117 [JavaFX Application Thread] DEBUG Menu                 - fireNewGame()
01:48:38.117 [JavaFX Application Thread] DEBUG GameApplicationServi - Starting new game
01:48:38.119 [JavaFX Application Thread] DEBUG PrimaryStageWindow   - Pop state: FXGLDefaultMenu
01:48:38.119 [JavaFX Application Thread] DEBUG Input                - Clearing active input actions
01:48:38.120 [JavaFX Application Thread] DEBUG GameApplicationServi - Removing overlay from FXGLDefaultMenu and adding to FXGLMainMenuDummyScene
01:48:38.120 [JavaFX Application Thread] DEBUG PrimaryStageWindow   - FXGLMainMenuDummyScene <- FXGLDefaultMenu
01:48:38.120 [JavaFX Application Thread] DEBUG Input                - Clearing active input actions
01:48:38.129 [JavaFX Application Thread] DEBUG GameApplicationServi - Removing overlay from FXGLMainMenuDummyScene and adding to FXGLLoadingScene
01:48:38.129 [JavaFX Application Thread] DEBUG PrimaryStageWindow   - FXGLMainMenuDummyScene -> FXGLLoadingScene
01:48:38.130 [JavaFX Application Thread] DEBUG GameApplicationServi - Clearing previous game
01:48:38.130 [JavaFX Application Thread] DEBUG GameScene            - Clearing game scene
01:48:38.130 [JavaFX Application Thread] DEBUG GameWorld            - Clearing game world
01:48:38.130 [JavaFX Application Thread] DEBUG PhysicsWorld         - Clearing physics world
01:48:38.132 [FXGL Background Thread 3 ] DEBUG FXGLApplication      - Initializing game
01:48:38.223 [FXGL Background Thread 3 ] WARN  TMXLevelLoader       - TiledMap generated from 1.8.6. Supported version: 1.9.0. Some features may not be parsed fully.
01:48:38.240 [FXGL Background Thread 3 ] DEBUG TMXLevelLoader       - Parsed TiledMap: file:/C:/Users/HP/IdeaProjects/SpaceInvader/target/classes/assets/levels/level1.tmx
01:48:38.240 [FXGL Background Thread 3 ] DEBUG TMXLevelLoader       - Creating tile layer entities
01:48:38.243 [FXGL Background Thread 3 ] DEBUG TilesetLoader        - Loading view for layer Background
01:48:38.245 [FXGL Background Thread 3 ] DEBUG TilesetLoader        - Created buffer with size 512.0x720.0
01:48:38.254 [FXGL Background Thread 3 ] DEBUG TilesetLoader        - Loading view for layer UI
01:48:38.254 [FXGL Background Thread 3 ] DEBUG TilesetLoader        - Created buffer with size 512.0x720.0
01:48:38.255 [FXGL Background Thread 3 ] DEBUG TMXLevelLoader       - Creating object layer entities
01:48:38.260 [FXGL Background Thread 3 ] DEBUG FXGLAssetLoaderServi - Loading from file system: file:/C:/Users/HP/IdeaProjects/SpaceInvader/target/classes/assets/textures/Egg.png
01:48:38.288 [FXGL Background Thread 3 ] DEBUG FXGLAssetLoaderServi - Loading from file system: file:/C:/Users/HP/IdeaProjects/SpaceInvader/target/classes/assets/textures/Frog.png
01:48:38.298 [FXGL Background Thread 3 ] DEBUG FXGLAssetLoaderServi - Loading from file system: file:/C:/Users/HP/IdeaProjects/SpaceInvader/target/classes/assets/textures/Demon.png
01:48:38.305 [FXGL Background Thread 3 ] DEBUG FXGLAssetLoaderServi - Loading from file system: file:/C:/Users/HP/IdeaProjects/SpaceInvader/target/classes/assets/textures/wall_left_1.png
01:48:38.311 [FXGL Background Thread 3 ] DEBUG FXGLAssetLoaderServi - Loading from file system: file:/C:/Users/HP/IdeaProjects/SpaceInvader/target/classes/assets/textures/wall_right_1.png
01:48:38.317 [FXGL Background Thread 3 ] DEBUG GameWorld            - Clearing removable entities
01:48:38.318 [FXGL Background Thread 3 ] DEBUG GameWorld            - Setting level: com.almasb.fxgl.entity.level.Level@ae9fe34
01:48:38.371 [FXGL Background Thread 3 ] DEBUG FXGLAssetLoaderServi - Loading from file system: file:/C:/Users/HP/IdeaProjects/SpaceInvader/target/classes/assets/textures/player.png
01:48:38.378 [FXGL Background Thread 3 ] INFO  FXGLApplication      - Game initialization took: 0.246 sec
01:48:38.378 [JavaFX Application Thread] DEBUG Input                - Clearing active input actions
01:48:38.386 [JavaFX Application Thread] DEBUG GameApplicationServi - Removing overlay from FXGLLoadingScene and adding to GameScene
01:48:38.386 [JavaFX Application Thread] DEBUG PrimaryStageWindow   - FXGLLoadingScene -> GameScene
01:48:40.273 [FXGL Background Thread 2 ] DEBUG Engine               - Logging environment variables
01:48:40.273 [FXGL Background Thread 2 ] DEBUG Engine               - achievements: []
01:48:40.273 [FXGL Background Thread 2 ] DEBUG Engine               - actualHeight: 720.0
01:48:40.273 [FXGL Background Thread 2 ] DEBUG Engine               - actualHeightProperty: ReadOnlyDoubleProperty [value: 720.0]
01:48:40.274 [FXGL Background Thread 2 ] DEBUG Engine               - actualWidth: 512.0
01:48:40.274 [FXGL Background Thread 2 ] DEBUG Engine               - actualWidthProperty: ReadOnlyDoubleProperty [value: 512.0]
01:48:40.274 [FXGL Background Thread 2 ] DEBUG Engine               - appIcon: fxgl_icon.png
01:48:40.274 [FXGL Background Thread 2 ] DEBUG Engine               - applicationMode: RELEASE
01:48:40.274 [FXGL Background Thread 2 ] DEBUG Engine               - cSSList: [fxgl_dark.css]
01:48:40.274 [FXGL Background Thread 2 ] DEBUG Engine               - collisionDetectionStrategy: BRUTE_FORCE
01:48:40.274 [FXGL Background Thread 2 ] DEBUG Engine               - configClass: Optional.empty
01:48:40.274 [FXGL Background Thread 2 ] DEBUG Engine               - credits: []
01:48:40.274 [FXGL Background Thread 2 ] DEBUG Engine               - defaultCursor: CursorInfo(imageName=fxgl_default_cursor.png, hotspotX=7.0, hotspotY=6.0)
01:48:40.274 [FXGL Background Thread 2 ] DEBUG Engine               - devBBoxColorProperty: ObjectProperty [value: 0xff0000ff]
01:48:40.274 [FXGL Background Thread 2 ] DEBUG Engine               - devEnableDebugCameraProperty: BooleanProperty [value: false]
01:48:40.275 [FXGL Background Thread 2 ] DEBUG Engine               - devSensorColorProperty: ObjectProperty [value: 0xffff00ff]
01:48:40.275 [FXGL Background Thread 2 ] DEBUG Engine               - devShowBBoxProperty: BooleanProperty [value: false]
01:48:40.275 [FXGL Background Thread 2 ] DEBUG Engine               - devShowPositionProperty: BooleanProperty [value: false]
01:48:40.275 [FXGL Background Thread 2 ] DEBUG Engine               - enabledMenuItems: []
01:48:40.275 [FXGL Background Thread 2 ] DEBUG Engine               - engineServices: [class com.almasb.fxgl.app.services.FXGLAssetLoaderService, class com.almasb.fxgl.app.FXGLApplication$GameApplicationService, class com.almasb.fxgl.app.services.FXGLDialogService, class com.almasb.fxgl.app.services.IOTaskExecutorService, class com.almasb.fxgl.io.FileSystemService, class com.almasb.fxgl.localization.LocalizationService, class com.almasb.fxgl.app.services.SystemBundleService, class com.almasb.fxgl.profile.SaveLoadService, class com.almasb.fxgl.ui.FXGLUIFactoryServiceProvider, class com.almasb.fxgl.ui.FXGLDialogFactoryServiceProvider, class com.almasb.fxgl.audio.AudioPlayer, class com.almasb.fxgl.notification.impl.NotificationServiceProvider, class com.almasb.fxgl.achievement.AchievementService, class com.almasb.fxgl.cutscene.CutsceneService, class com.almasb.fxgl.minigames.MiniGameService, class com.almasb.fxgl.net.NetService, class com.almasb.fxgl.app.services.UpdaterService, class com.almasb.fxgl.dev.DevService]
01:48:40.275 [FXGL Background Thread 2 ] DEBUG Engine               - fontGame: Abel-Regular.ttf
01:48:40.276 [FXGL Background Thread 2 ] DEBUG Engine               - fontMono: TerminalLandMono-Regular.otf
01:48:40.276 [FXGL Background Thread 2 ] DEBUG Engine               - fontSizeScaleUI: 1.0
01:48:40.276 [FXGL Background Thread 2 ] DEBUG Engine               - fontText: Courier-Prime.ttf
01:48:40.276 [FXGL Background Thread 2 ] DEBUG Engine               - fontUI: VarelaRound-Regular.ttf
01:48:40.276 [FXGL Background Thread 2 ] DEBUG Engine               - fullScreen: BooleanProperty [value: false]
01:48:40.276 [FXGL Background Thread 2 ] DEBUG Engine               - gameDifficulty: MEDIUM
01:48:40.277 [FXGL Background Thread 2 ] DEBUG Engine               - gameDifficultyProperty: ObjectProperty [value: MEDIUM]
01:48:40.277 [FXGL Background Thread 2 ] DEBUG Engine               - globalMusicVolume: 0.5
01:48:40.277 [FXGL Background Thread 2 ] DEBUG Engine               - globalMusicVolumeProperty: DoubleProperty [value: 0.5]
01:48:40.277 [FXGL Background Thread 2 ] DEBUG Engine               - globalSoundVolume: 0.5
01:48:40.277 [FXGL Background Thread 2 ] DEBUG Engine               - globalSoundVolumeProperty: DoubleProperty [value: 0.5]
01:48:40.277 [FXGL Background Thread 2 ] DEBUG Engine               - height: 720
01:48:40.277 [FXGL Background Thread 2 ] DEBUG Engine               - is3D: false
01:48:40.277 [FXGL Background Thread 2 ] DEBUG Engine               - isAndroid: false
01:48:40.277 [FXGL Background Thread 2 ] DEBUG Engine               - isBrowser: false
01:48:40.277 [FXGL Background Thread 2 ] DEBUG Engine               - isClickFeedbackEnabled: false
01:48:40.277 [FXGL Background Thread 2 ] DEBUG Engine               - isCloseConfirmation: false
01:48:40.277 [FXGL Background Thread 2 ] DEBUG Engine               - isDesktop: true
01:48:40.277 [FXGL Background Thread 2 ] DEBUG Engine               - isDeveloperMenuEnabled: false
01:48:40.278 [FXGL Background Thread 2 ] DEBUG Engine               - isEmbedded: false
01:48:40.278 [FXGL Background Thread 2 ] DEBUG Engine               - isEntityPreloadEnabled: true
01:48:40.278 [FXGL Background Thread 2 ] DEBUG Engine               - isExperimentalTiledLargeMap: false
01:48:40.278 [FXGL Background Thread 2 ] DEBUG Engine               - isFileSystemWriteAllowed: true
01:48:40.278 [FXGL Background Thread 2 ] DEBUG Engine               - isFullScreenAllowed: false
01:48:40.278 [FXGL Background Thread 2 ] DEBUG Engine               - isFullScreenFromStart: false
01:48:40.278 [FXGL Background Thread 2 ] DEBUG Engine               - isGameMenuEnabled: true
01:48:40.278 [FXGL Background Thread 2 ] DEBUG Engine               - isIOS: false
01:48:40.278 [FXGL Background Thread 2 ] DEBUG Engine               - isIntroEnabled: false
01:48:40.278 [FXGL Background Thread 2 ] DEBUG Engine               - isLinux: false
01:48:40.278 [FXGL Background Thread 2 ] DEBUG Engine               - isMac: false
01:48:40.278 [FXGL Background Thread 2 ] DEBUG Engine               - isMainMenuEnabled: true
01:48:40.278 [FXGL Background Thread 2 ] DEBUG Engine               - isManualResizeEnabled: true
01:48:40.278 [FXGL Background Thread 2 ] DEBUG Engine               - isMobile: false
01:48:40.278 [FXGL Background Thread 2 ] DEBUG Engine               - isNative: false
01:48:40.278 [FXGL Background Thread 2 ] DEBUG Engine               - isPauseMusicWhenMinimized: true
01:48:40.278 [FXGL Background Thread 2 ] DEBUG Engine               - isPreserveResizeRatio: true
01:48:40.278 [FXGL Background Thread 2 ] DEBUG Engine               - isProfilingEnabled: false
01:48:40.278 [FXGL Background Thread 2 ] DEBUG Engine               - isScaleAffectedOnResize: true
01:48:40.278 [FXGL Background Thread 2 ] DEBUG Engine               - isSingleStep: false
01:48:40.278 [FXGL Background Thread 2 ] DEBUG Engine               - isUserProfileEnabled: false
01:48:40.278 [FXGL Background Thread 2 ] DEBUG Engine               - isWindows: true
01:48:40.278 [FXGL Background Thread 2 ] DEBUG Engine               - language: ObjectProperty [value: ENGLISH]
01:48:40.278 [FXGL Background Thread 2 ] DEBUG Engine               - menuKey: ESCAPE
01:48:40.278 [FXGL Background Thread 2 ] DEBUG Engine               - mouseSensitivity: 0.2
01:48:40.279 [FXGL Background Thread 2 ] DEBUG Engine               - notificationViewClass: class com.almasb.fxgl.notification.view.XboxNotificationView
01:48:40.279 [FXGL Background Thread 2 ] DEBUG Engine               - pixelsPerMeter: 50.0
01:48:40.279 [FXGL Background Thread 2 ] DEBUG Engine               - platform: WINDOWS
01:48:40.279 [FXGL Background Thread 2 ] DEBUG Engine               - prefHeightProperty: ReadOnlyDoubleProperty [value: 720.0]
01:48:40.279 [FXGL Background Thread 2 ] DEBUG Engine               - prefWidthProperty: ReadOnlyDoubleProperty [value: 512.0]
01:48:40.279 [FXGL Background Thread 2 ] DEBUG Engine               - profileDir: profiles/
01:48:40.279 [FXGL Background Thread 2 ] DEBUG Engine               - profileName: StringProperty [value: DEFAULT]
01:48:40.279 [FXGL Background Thread 2 ] DEBUG Engine               - randomSeed: -1
01:48:40.279 [FXGL Background Thread 2 ] DEBUG Engine               - runtimeInfo: RuntimeInfo(platform=WINDOWS, version=17.3, build=30.03.2023 11.49)
01:48:40.279 [FXGL Background Thread 2 ] DEBUG Engine               - saveFileExt: sav
01:48:40.279 [FXGL Background Thread 2 ] DEBUG Engine               - scaledHeightProp$fxgl: DoubleProperty [bound, value: 720.0]
01:48:40.279 [FXGL Background Thread 2 ] DEBUG Engine               - scaledWidthProp$fxgl: DoubleProperty [bound, value: 512.0]
01:48:40.279 [FXGL Background Thread 2 ] DEBUG Engine               - sceneFactory: com.almasb.fxgl.app.scene.SceneFactory@3763a668
01:48:40.279 [FXGL Background Thread 2 ] DEBUG Engine               - secondsIn24h: 60
01:48:40.279 [FXGL Background Thread 2 ] DEBUG Engine               - soundMenuBack: menu/back.wav
01:48:40.279 [FXGL Background Thread 2 ] DEBUG Engine               - soundMenuPress: menu/press.wav
01:48:40.280 [FXGL Background Thread 2 ] DEBUG Engine               - soundMenuSelect: menu/select.wav
01:48:40.280 [FXGL Background Thread 2 ] DEBUG Engine               - soundNotification: core/notification.wav
01:48:40.280 [FXGL Background Thread 2 ] DEBUG Engine               - stageStyle: DECORATED
01:48:40.280 [FXGL Background Thread 2 ] DEBUG Engine               - supportedLanguages: [ENGLISH, FRENCH, GERMAN, HUNGARIAN, RUSSIAN]
01:48:40.280 [FXGL Background Thread 2 ] DEBUG Engine               - ticksPerSecond: -1
01:48:40.280 [FXGL Background Thread 2 ] DEBUG Engine               - title: Space Invaders
01:48:40.280 [FXGL Background Thread 2 ] DEBUG Engine               - urlGithub: https://github.com/AlmasB/FXGL
01:48:40.280 [FXGL Background Thread 2 ] DEBUG Engine               - urlLeaderboard: http://fxgl-top.herokuapp.com/
01:48:40.280 [FXGL Background Thread 2 ] DEBUG Engine               - urlPOM: https://raw.githubusercontent.com/AlmasB/FXGL/release/README.md
01:48:40.280 [FXGL Background Thread 2 ] DEBUG Engine               - userAppClass: class fxgl.spaceinvader.SpaceInvaderApp
01:48:40.280 [FXGL Background Thread 2 ] DEBUG Engine               - version: 1.0.1
01:48:40.280 [FXGL Background Thread 2 ] DEBUG Engine               - versionCheckDays: 7
01:48:40.280 [FXGL Background Thread 2 ] DEBUG Engine               - width: 512
01:48:40.280 [FXGL Background Thread 2 ] DEBUG Engine               - Logging services
01:48:40.280 [FXGL Background Thread 2 ] DEBUG Engine               - class com.almasb.fxgl.app.services.FXGLAssetLoaderService
01:48:40.280 [FXGL Background Thread 2 ] DEBUG Engine               - class com.almasb.fxgl.app.FXGLApplication$GameApplicationService
01:48:40.280 [FXGL Background Thread 2 ] DEBUG Engine               - class com.almasb.fxgl.app.services.FXGLDialogService
01:48:40.280 [FXGL Background Thread 2 ] DEBUG Engine               - class com.almasb.fxgl.app.services.IOTaskExecutorService
01:48:40.280 [FXGL Background Thread 2 ] DEBUG Engine               - class com.almasb.fxgl.io.FileSystemService
01:48:40.280 [FXGL Background Thread 2 ] DEBUG Engine               - class com.almasb.fxgl.localization.LocalizationService
01:48:40.280 [FXGL Background Thread 2 ] DEBUG Engine               - class com.almasb.fxgl.app.services.SystemBundleService
01:48:40.280 [FXGL Background Thread 2 ] DEBUG Engine               - class com.almasb.fxgl.profile.SaveLoadService
01:48:40.280 [FXGL Background Thread 2 ] DEBUG Engine               - class com.almasb.fxgl.ui.FXGLUIFactoryServiceProvider
01:48:40.280 [FXGL Background Thread 2 ] DEBUG Engine               - class com.almasb.fxgl.ui.FXGLDialogFactoryServiceProvider
01:48:40.280 [FXGL Background Thread 2 ] DEBUG Engine               - class com.almasb.fxgl.audio.AudioPlayer
01:48:40.280 [FXGL Background Thread 2 ] DEBUG Engine               - class com.almasb.fxgl.notification.impl.NotificationServiceProvider
01:48:40.280 [FXGL Background Thread 2 ] DEBUG Engine               - class com.almasb.fxgl.achievement.AchievementService
01:48:40.280 [FXGL Background Thread 2 ] DEBUG Engine               - class com.almasb.fxgl.cutscene.CutsceneService
01:48:40.280 [FXGL Background Thread 2 ] DEBUG Engine               - class com.almasb.fxgl.minigames.MiniGameService
01:48:40.280 [FXGL Background Thread 2 ] DEBUG Engine               - class com.almasb.fxgl.net.NetService
01:48:40.280 [FXGL Background Thread 2 ] DEBUG Engine               - class com.almasb.fxgl.app.services.UpdaterService
01:48:40.281 [FXGL Background Thread 2 ] DEBUG Engine               - class com.almasb.fxgl.dev.DevService
01:48:40.300 [JavaFX Application Thread] DEBUG FXGLAssetLoaderServi - Loading from file system: file:/C:/Users/HP/IdeaProjects/SpaceInvader/target/classes/assets/textures/EnemyBullet.png
01:48:40.305 [JavaFX Application Thread] DEBUG FXGLAssetLoaderServi - Loading from file system: file:/C:/Users/HP/IdeaProjects/SpaceInvader/target/classes/assets/textures/EnemyCluster.png
01:48:41.213 [JavaFX Application Thread] DEBUG FXGLAssetLoaderServi - Loading from file system: file:/C:/Users/HP/IdeaProjects/SpaceInvader/target/classes/assets/textures/wall_left_2.png
01:48:42.669 [JavaFX Application Thread] DEBUG FXGLAssetLoaderServi - Loading from file system: file:/C:/Users/HP/IdeaProjects/SpaceInvader/target/classes/assets/textures/wall_left_3.png
01:48:50.396 [JavaFX Application Thread] DEBUG EventBus             - Firing event: fxgl.spaceinvader.event.GameEvent[source=javafx.event.Event$$Lambda/0x000002ba5715cc00@d9146e2]
01:48:54.859 [JavaFX Application Thread] DEBUG EventBus             - Firing event: fxgl.spaceinvader.event.GameEvent[source=javafx.event.Event$$Lambda/0x000002ba5715cc00@d9146e2]
01:48:56.473 [JavaFX Application Thread] DEBUG FXGLApplication      - Exiting FXGL
01:48:56.473 [JavaFX Application Thread] DEBUG LoopRunner           - Stopping loop
01:48:56.473 [JavaFX Application Thread] DEBUG SystemBundleService  - Saving FXGL system data
01:48:56.475 [JavaFX Application Thread] DEBUG FileSystemAccess     - Writing to: C:\Users\HP\IdeaProjects\SpaceInvader\system\fxgl.bundle
01:48:56.477 [JavaFX Application Thread] DEBUG Async                - Shutting down background threads
01:48:56.477 [JavaFX Application Thread] DEBUG PrimaryStageWindow   - Closing main window
01:48:56.496 [JavaFX Application Thread] DEBUG Logger               - Closing Logger
