17:31:08.048 [main                     ] DEBUG Logger               - Configured Logger
17:31:08.079 [main                     ] DEBUG GameApplication      - Logging settings
Title: Space Invaders
Version: 1.0.1
Width: 512
Height: 712
Fullscreen: false
Intro: false
Profiling: false
Single step:false
App Mode: RELEASE
Menu Key: ESCAPE
Stage Style: DECORATED
Scene Factory: class com.almasb.fxgl.app.scene.SceneFactory

17:31:08.405 [JavaFX Application Thread] DEBUG FXGLApplication      - Initializing FXGL
17:31:08.410 [JavaFX Application Thread] INFO  Engine               - FXGL-17.3 (30.03.2023 11.49) on WINDOWS (J:23 FX:17.0.6)
17:31:08.410 [JavaFX Application Thread] DEBUG Engine               - JRE Vendor Name: Oracle Corporation
17:31:08.410 [JavaFX Application Thread] DEBUG Engine               - Running on OS: Windows 10 version 10.0
17:31:08.410 [JavaFX Application Thread] DEBUG Engine               - Architecture: amd64
17:31:08.411 [JavaFX Application Thread] INFO  Engine               - Source code and latest versions at: https://github.com/AlmasB/FXGL
17:31:08.411 [JavaFX Application Thread] INFO  Engine               -       Ask questions and discuss at: https://github.com/AlmasB/FXGL/discussions
17:31:08.411 [JavaFX Application Thread] INFO  Engine               -              Join the FXGL chat at: https://gitter.im/AlmasB/FXGL
17:31:08.499 [JavaFX Application Thread] DEBUG PrimaryStageWindow   - Creating a JavaFX scene
17:31:08.551 [JavaFX Application Thread] DEBUG PrimaryStageWindow   - Target settings size: 512.0 x 712.0
17:31:08.551 [JavaFX Application Thread] DEBUG PrimaryStageWindow   - Scaled scene size:    512.0 x 712.0
17:31:08.552 [JavaFX Application Thread] DEBUG PrimaryStageWindow   - Scaled ratio: (1.0, 1.0)
17:31:08.553 [JavaFX Application Thread] DEBUG PrimaryStageWindow   - Set initial scene to FXGLStartupScene
17:31:08.561 [JavaFX Application Thread] DEBUG PrimaryStageWindow   - Opening main window
17:31:08.701 [JavaFX Application Thread] DEBUG PrimaryStageWindow   - Window border size: (14.4000244140625, 37.5999755859375)
17:31:08.701 [JavaFX Application Thread] DEBUG PrimaryStageWindow   - Scaled size: 512.0 x 712.0
17:31:08.701 [JavaFX Application Thread] DEBUG PrimaryStageWindow   - Scaled ratio: (1.0, 1.0)
17:31:08.702 [JavaFX Application Thread] DEBUG PrimaryStageWindow   - Scene size: 512.0 x 712.0
17:31:08.702 [JavaFX Application Thread] DEBUG PrimaryStageWindow   - Stage size: 526.4000244140625 x 749.5999755859375
17:31:08.716 [FXGL Background Thread 1 ] DEBUG Engine               - Initializing environment variables
17:31:08.819 [FXGL Background Thread 1 ] DEBUG FXGLAssetLoaderServi - User app class for loading assets: class fxgl.spaceinvader.SpaceInvaderApp
17:31:08.819 [FXGL Background Thread 1 ] DEBUG GameApplicationServi - Applying CSS: fxgl_dark.css
17:31:08.820 [FXGL Background Thread 1 ] DEBUG FXGLAssetLoaderServi - Loading from file system: jar:file:///C:/Users/HP/.m2/repository/com/github/almasb/fxgl/17.3/fxgl-17.3.jar!/fxglassets/ui/css/fxgl_dark.css
17:31:08.877 [FXGL Background Thread 1 ] DEBUG GameApplicationServi - Initializing application scenes
17:31:08.924 [FXGL Background Thread 1 ] DEBUG GameWorld            - Game world initialized
17:31:09.008 [FXGL Background Thread 1 ] DEBUG PhysicsWorld         - Physics world initialized: appHeight=712, physics.ppm=50.0
17:31:09.008 [FXGL Background Thread 1 ] DEBUG PhysicsWorld         - Using strategy: BRUTE_FORCE
17:31:09.013 [FXGL Background Thread 1 ] DEBUG GameScene            - Game scene initialized: 512x712
17:31:09.028 [FXGL Background Thread 1 ] WARN  FXGL.DefaultMenu     - FXGLDefaultMenu is not designed for resolutions < 800x600
17:31:09.028 [FXGL Background Thread 1 ] DEBUG FXGL.DefaultMenu     - createMenuBodyMainMenu()
17:31:09.048 [FXGL Background Thread 1 ] DEBUG FXGL.DefaultMenu     - createOptionsMenu()
17:31:09.064 [FXGL Background Thread 1 ] DEBUG FXGLAssetLoaderServi - Loading from file system: jar:file:///C:/Users/HP/.m2/repository/com/github/almasb/fxgl/17.3/fxgl-17.3.jar!/fxglassets/textures/particles/smoke.png
17:31:09.144 [FXGL Background Thread 1 ] DEBUG FXGLAssetLoaderServi - Loading from file system: jar:file:///C:/Users/HP/.m2/repository/com/github/almasb/fxgl/17.3/fxgl-17.3.jar!/fxglassets/textures/particles/trace_horizontal.png
17:31:09.169 [FXGL Background Thread 1 ] WARN  FXGL.DefaultMenu     - FXGLDefaultMenu is not designed for resolutions < 800x600
17:31:09.170 [FXGL Background Thread 1 ] DEBUG FXGL.DefaultMenu     - createMenuBodyGameMenu()
17:31:09.171 [FXGL Background Thread 1 ] DEBUG FXGL.DefaultMenu     - createOptionsMenu()
17:31:09.189 [FXGL Background Thread 1 ] DEBUG GameApplicationServi - Application scenes initialized
17:31:09.199 [FXGL Background Thread 1 ] DEBUG SystemBundleService  - Loading FXGL system data
17:31:09.203 [FXGL Background Thread 1 ] DEBUG FileSystemAccess     - Reading from: C:\Users\HP\IdeaProjects\SpaceInvader\system\fxgl.bundle
17:31:09.209 [FXGL Background Thread 1 ] DEBUG SystemBundleService  - Bundle FXGL: {}
17:31:09.211 [FXGL Background Thread 3 ] DEBUG FXGLApplication      - Loading fonts
17:31:09.212 [FXGL Background Thread 3 ] DEBUG FXGLAssetLoaderServi - Loading from file system: jar:file:///C:/Users/HP/.m2/repository/com/github/almasb/fxgl/17.3/fxgl-17.3.jar!/fxglassets/ui/fonts/VarelaRound-Regular.ttf
17:31:09.212 [FXGL Background Thread 1 ] DEBUG FXGLApplication      - Loading default localization
17:31:09.213 [FXGL Background Thread 1 ] DEBUG FXGLAssetLoaderServi - Loading from file system: jar:file:///C:/Users/HP/.m2/repository/com/github/almasb/fxgl/17.3/fxgl-17.3.jar!/fxglassets/languages/english.lang
17:31:09.227 [FXGL Background Thread 1 ] INFO  FXGLApplication      - FXGL initialization took: 0.511 sec
17:31:09.238 [JavaFX Application Thread] DEBUG Input                - Registered new binding: Move Left - Left
17:31:09.239 [JavaFX Application Thread] DEBUG Input                - Registered new binding: Move Right - Right
17:31:09.240 [JavaFX Application Thread] DEBUG Input                - Registered new binding: Shoot - Up
17:31:09.240 [FXGL Background Thread 3 ] DEBUG FXGLAssetLoaderServi - Loading from file system: jar:file:///C:/Users/HP/.m2/repository/com/github/almasb/fxgl/17.3/fxgl-17.3.jar!/fxglassets/ui/fonts/Abel-Regular.ttf
17:31:09.240 [JavaFX Application Thread] DEBUG FXGLAssetLoaderServi - Loading from file system: jar:file:///C:/Users/HP/.m2/repository/com/github/almasb/fxgl/17.3/fxgl-17.3.jar!/fxglassets/textures/fxgl_icon.png
17:31:09.244 [FXGL Background Thread 3 ] DEBUG FXGLAssetLoaderServi - Loading from file system: jar:file:///C:/Users/HP/.m2/repository/com/github/almasb/fxgl/17.3/fxgl-17.3.jar!/fxglassets/ui/fonts/TerminalLandMono-Regular.otf
17:31:09.248 [FXGL Background Thread 3 ] DEBUG FXGLAssetLoaderServi - Loading from file system: jar:file:///C:/Users/HP/.m2/repository/com/github/almasb/fxgl/17.3/fxgl-17.3.jar!/fxglassets/ui/fonts/Courier-Prime.ttf
17:31:09.256 [JavaFX Application Thread] DEBUG FXGLAssetLoaderServi - Loading from file system: jar:file:///C:/Users/HP/.m2/repository/com/github/almasb/fxgl/17.3/fxgl-17.3.jar!/fxglassets/textures/fxgl_default_cursor.png
17:31:09.258 [JavaFX Application Thread] DEBUG Input                - Registered new binding: Screenshot - CTRL+8
17:31:09.260 [JavaFX Application Thread] DEBUG LoopRunner           - Starting loop
17:31:09.260 [JavaFX Application Thread] DEBUG LoopRunner           - Initializing JavaFX AnimationTimerLoop
17:31:09.265 [JavaFX Application Thread] DEBUG Input                - Clearing active input actions
17:31:09.273 [JavaFX Application Thread] DEBUG GameApplicationServi - Removing overlay from FXGLStartupScene and adding to FXGLMainMenuDummyScene
17:31:09.274 [JavaFX Application Thread] DEBUG PrimaryStageWindow   - FXGLStartupScene -> FXGLMainMenuDummyScene
17:31:09.274 [JavaFX Application Thread] DEBUG PrimaryStageWindow   - Push state: FXGLDefaultMenu
17:31:09.278 [JavaFX Application Thread] DEBUG Input                - Clearing active input actions
17:31:09.285 [JavaFX Application Thread] DEBUG GameApplicationServi - Removing overlay from FXGLMainMenuDummyScene and adding to FXGLDefaultMenu
17:31:09.286 [JavaFX Application Thread] DEBUG PrimaryStageWindow   - FXGLMainMenuDummyScene -> FXGLDefaultMenu
17:31:09.286 [JavaFX Application Thread] DEBUG FXGLApplication      - Registering font factories with UI factory
17:31:10.731 [JavaFX Application Thread] DEBUG Menu                 - fireNewGame()
17:31:10.732 [JavaFX Application Thread] DEBUG GameApplicationServi - Starting new game
17:31:10.734 [JavaFX Application Thread] DEBUG PrimaryStageWindow   - Pop state: FXGLDefaultMenu
17:31:10.734 [JavaFX Application Thread] DEBUG Input                - Clearing active input actions
17:31:10.736 [JavaFX Application Thread] DEBUG GameApplicationServi - Removing overlay from FXGLDefaultMenu and adding to FXGLMainMenuDummyScene
17:31:10.736 [JavaFX Application Thread] DEBUG PrimaryStageWindow   - FXGLMainMenuDummyScene <- FXGLDefaultMenu
17:31:10.737 [JavaFX Application Thread] DEBUG Input                - Clearing active input actions
17:31:10.744 [JavaFX Application Thread] DEBUG GameApplicationServi - Removing overlay from FXGLMainMenuDummyScene and adding to FXGLLoadingScene
17:31:10.744 [JavaFX Application Thread] DEBUG PrimaryStageWindow   - FXGLMainMenuDummyScene -> FXGLLoadingScene
17:31:10.744 [JavaFX Application Thread] DEBUG GameApplicationServi - Clearing previous game
17:31:10.744 [JavaFX Application Thread] DEBUG GameScene            - Clearing game scene
17:31:10.744 [JavaFX Application Thread] DEBUG GameWorld            - Clearing game world
17:31:10.744 [JavaFX Application Thread] DEBUG PhysicsWorld         - Clearing physics world
17:31:10.748 [FXGL Background Thread 3 ] DEBUG FXGLApplication      - Initializing game
17:31:10.793 [FXGL Background Thread 3 ] INFO  FXGLApplication      - Game initialization took: 0.045 sec
17:31:10.797 [JavaFX Application Thread] DEBUG Input                - Clearing active input actions
17:31:10.803 [JavaFX Application Thread] DEBUG GameApplicationServi - Removing overlay from FXGLLoadingScene and adding to GameScene
17:31:10.803 [JavaFX Application Thread] DEBUG PrimaryStageWindow   - FXGLLoadingScene -> GameScene
17:31:12.211 [FXGL Background Thread 2 ] DEBUG Engine               - Logging environment variables
17:31:12.211 [FXGL Background Thread 2 ] DEBUG Engine               - achievements: []
17:31:12.212 [FXGL Background Thread 2 ] DEBUG Engine               - actualHeight: 712.0
17:31:12.212 [FXGL Background Thread 2 ] DEBUG Engine               - actualHeightProperty: ReadOnlyDoubleProperty [value: 712.0]
17:31:12.212 [FXGL Background Thread 2 ] DEBUG Engine               - actualWidth: 512.0
17:31:12.212 [FXGL Background Thread 2 ] DEBUG Engine               - actualWidthProperty: ReadOnlyDoubleProperty [value: 512.0]
17:31:12.212 [FXGL Background Thread 2 ] DEBUG Engine               - appIcon: fxgl_icon.png
17:31:12.212 [FXGL Background Thread 2 ] DEBUG Engine               - applicationMode: RELEASE
17:31:12.212 [FXGL Background Thread 2 ] DEBUG Engine               - cSSList: [fxgl_dark.css]
17:31:12.212 [FXGL Background Thread 2 ] DEBUG Engine               - collisionDetectionStrategy: BRUTE_FORCE
17:31:12.212 [FXGL Background Thread 2 ] DEBUG Engine               - configClass: Optional.empty
17:31:12.213 [FXGL Background Thread 2 ] DEBUG Engine               - credits: []
17:31:12.213 [FXGL Background Thread 2 ] DEBUG Engine               - defaultCursor: CursorInfo(imageName=fxgl_default_cursor.png, hotspotX=7.0, hotspotY=6.0)
17:31:12.214 [FXGL Background Thread 2 ] DEBUG Engine               - devBBoxColorProperty: ObjectProperty [value: 0xff0000ff]
17:31:12.214 [FXGL Background Thread 2 ] DEBUG Engine               - devEnableDebugCameraProperty: BooleanProperty [value: false]
17:31:12.214 [FXGL Background Thread 2 ] DEBUG Engine               - devSensorColorProperty: ObjectProperty [value: 0xffff00ff]
17:31:12.214 [FXGL Background Thread 2 ] DEBUG Engine               - devShowBBoxProperty: BooleanProperty [value: false]
17:31:12.214 [FXGL Background Thread 2 ] DEBUG Engine               - devShowPositionProperty: BooleanProperty [value: false]
17:31:12.214 [FXGL Background Thread 2 ] DEBUG Engine               - enabledMenuItems: []
17:31:12.214 [FXGL Background Thread 2 ] DEBUG Engine               - engineServices: [class com.almasb.fxgl.app.services.FXGLAssetLoaderService, class com.almasb.fxgl.app.FXGLApplication$GameApplicationService, class com.almasb.fxgl.app.services.FXGLDialogService, class com.almasb.fxgl.app.services.IOTaskExecutorService, class com.almasb.fxgl.io.FileSystemService, class com.almasb.fxgl.localization.LocalizationService, class com.almasb.fxgl.app.services.SystemBundleService, class com.almasb.fxgl.profile.SaveLoadService, class com.almasb.fxgl.ui.FXGLUIFactoryServiceProvider, class com.almasb.fxgl.ui.FXGLDialogFactoryServiceProvider, class com.almasb.fxgl.audio.AudioPlayer, class com.almasb.fxgl.notification.impl.NotificationServiceProvider, class com.almasb.fxgl.achievement.AchievementService, class com.almasb.fxgl.cutscene.CutsceneService, class com.almasb.fxgl.minigames.MiniGameService, class com.almasb.fxgl.net.NetService, class com.almasb.fxgl.app.services.UpdaterService, class com.almasb.fxgl.dev.DevService]
17:31:12.214 [FXGL Background Thread 2 ] DEBUG Engine               - fontGame: Abel-Regular.ttf
17:31:12.214 [FXGL Background Thread 2 ] DEBUG Engine               - fontMono: TerminalLandMono-Regular.otf
17:31:12.214 [FXGL Background Thread 2 ] DEBUG Engine               - fontSizeScaleUI: 1.0
17:31:12.215 [FXGL Background Thread 2 ] DEBUG Engine               - fontText: Courier-Prime.ttf
17:31:12.215 [FXGL Background Thread 2 ] DEBUG Engine               - fontUI: VarelaRound-Regular.ttf
17:31:12.215 [FXGL Background Thread 2 ] DEBUG Engine               - fullScreen: BooleanProperty [value: false]
17:31:12.215 [FXGL Background Thread 2 ] DEBUG Engine               - gameDifficulty: MEDIUM
17:31:12.215 [FXGL Background Thread 2 ] DEBUG Engine               - gameDifficultyProperty: ObjectProperty [value: MEDIUM]
17:31:12.215 [FXGL Background Thread 2 ] DEBUG Engine               - globalMusicVolume: 0.5
17:31:12.215 [FXGL Background Thread 2 ] DEBUG Engine               - globalMusicVolumeProperty: DoubleProperty [value: 0.5]
17:31:12.215 [FXGL Background Thread 2 ] DEBUG Engine               - globalSoundVolume: 0.5
17:31:12.215 [FXGL Background Thread 2 ] DEBUG Engine               - globalSoundVolumeProperty: DoubleProperty [value: 0.5]
17:31:12.215 [FXGL Background Thread 2 ] DEBUG Engine               - height: 712
17:31:12.215 [FXGL Background Thread 2 ] DEBUG Engine               - is3D: false
17:31:12.215 [FXGL Background Thread 2 ] DEBUG Engine               - isAndroid: false
17:31:12.215 [FXGL Background Thread 2 ] DEBUG Engine               - isBrowser: false
17:31:12.215 [FXGL Background Thread 2 ] DEBUG Engine               - isClickFeedbackEnabled: false
17:31:12.215 [FXGL Background Thread 2 ] DEBUG Engine               - isCloseConfirmation: false
17:31:12.215 [FXGL Background Thread 2 ] DEBUG Engine               - isDesktop: true
17:31:12.215 [FXGL Background Thread 2 ] DEBUG Engine               - isDeveloperMenuEnabled: false
17:31:12.215 [FXGL Background Thread 2 ] DEBUG Engine               - isEmbedded: false
17:31:12.215 [FXGL Background Thread 2 ] DEBUG Engine               - isEntityPreloadEnabled: true
17:31:12.215 [FXGL Background Thread 2 ] DEBUG Engine               - isExperimentalTiledLargeMap: false
17:31:12.216 [FXGL Background Thread 2 ] DEBUG Engine               - isFileSystemWriteAllowed: true
17:31:12.216 [FXGL Background Thread 2 ] DEBUG Engine               - isFullScreenAllowed: false
17:31:12.216 [FXGL Background Thread 2 ] DEBUG Engine               - isFullScreenFromStart: false
17:31:12.216 [FXGL Background Thread 2 ] DEBUG Engine               - isGameMenuEnabled: true
17:31:12.216 [FXGL Background Thread 2 ] DEBUG Engine               - isIOS: false
17:31:12.216 [FXGL Background Thread 2 ] DEBUG Engine               - isIntroEnabled: false
17:31:12.216 [FXGL Background Thread 2 ] DEBUG Engine               - isLinux: false
17:31:12.216 [FXGL Background Thread 2 ] DEBUG Engine               - isMac: false
17:31:12.216 [FXGL Background Thread 2 ] DEBUG Engine               - isMainMenuEnabled: true
17:31:12.216 [FXGL Background Thread 2 ] DEBUG Engine               - isManualResizeEnabled: true
17:31:12.216 [FXGL Background Thread 2 ] DEBUG Engine               - isMobile: false
17:31:12.216 [FXGL Background Thread 2 ] DEBUG Engine               - isNative: false
17:31:12.216 [FXGL Background Thread 2 ] DEBUG Engine               - isPauseMusicWhenMinimized: true
17:31:12.216 [FXGL Background Thread 2 ] DEBUG Engine               - isPreserveResizeRatio: true
17:31:12.216 [FXGL Background Thread 2 ] DEBUG Engine               - isProfilingEnabled: false
17:31:12.216 [FXGL Background Thread 2 ] DEBUG Engine               - isScaleAffectedOnResize: true
17:31:12.216 [FXGL Background Thread 2 ] DEBUG Engine               - isSingleStep: false
17:31:12.216 [FXGL Background Thread 2 ] DEBUG Engine               - isUserProfileEnabled: false
17:31:12.216 [FXGL Background Thread 2 ] DEBUG Engine               - isWindows: true
17:31:12.216 [FXGL Background Thread 2 ] DEBUG Engine               - language: ObjectProperty [value: ENGLISH]
17:31:12.216 [FXGL Background Thread 2 ] DEBUG Engine               - menuKey: ESCAPE
17:31:12.216 [FXGL Background Thread 2 ] DEBUG Engine               - mouseSensitivity: 0.2
17:31:12.216 [FXGL Background Thread 2 ] DEBUG Engine               - notificationViewClass: class com.almasb.fxgl.notification.view.XboxNotificationView
17:31:12.216 [FXGL Background Thread 2 ] DEBUG Engine               - pixelsPerMeter: 50.0
17:31:12.216 [FXGL Background Thread 2 ] DEBUG Engine               - platform: WINDOWS
17:31:12.217 [FXGL Background Thread 2 ] DEBUG Engine               - prefHeightProperty: ReadOnlyDoubleProperty [value: 712.0]
17:31:12.217 [FXGL Background Thread 2 ] DEBUG Engine               - prefWidthProperty: ReadOnlyDoubleProperty [value: 512.0]
17:31:12.217 [FXGL Background Thread 2 ] DEBUG Engine               - profileDir: profiles/
17:31:12.217 [FXGL Background Thread 2 ] DEBUG Engine               - profileName: StringProperty [value: DEFAULT]
17:31:12.217 [FXGL Background Thread 2 ] DEBUG Engine               - randomSeed: -1
17:31:12.217 [FXGL Background Thread 2 ] DEBUG Engine               - runtimeInfo: RuntimeInfo(platform=WINDOWS, version=17.3, build=30.03.2023 11.49)
17:31:12.217 [FXGL Background Thread 2 ] DEBUG Engine               - saveFileExt: sav
17:31:12.217 [FXGL Background Thread 2 ] DEBUG Engine               - scaledHeightProp$fxgl: DoubleProperty [bound, value: 712.0]
17:31:12.217 [FXGL Background Thread 2 ] DEBUG Engine               - scaledWidthProp$fxgl: DoubleProperty [bound, value: 512.0]
17:31:12.217 [FXGL Background Thread 2 ] DEBUG Engine               - sceneFactory: com.almasb.fxgl.app.scene.SceneFactory@37e772c7
17:31:12.217 [FXGL Background Thread 2 ] DEBUG Engine               - secondsIn24h: 60
17:31:12.217 [FXGL Background Thread 2 ] DEBUG Engine               - soundMenuBack: menu/back.wav
17:31:12.217 [FXGL Background Thread 2 ] DEBUG Engine               - soundMenuPress: menu/press.wav
17:31:12.217 [FXGL Background Thread 2 ] DEBUG Engine               - soundMenuSelect: menu/select.wav
17:31:12.218 [FXGL Background Thread 2 ] DEBUG Engine               - soundNotification: core/notification.wav
17:31:12.218 [FXGL Background Thread 2 ] DEBUG Engine               - stageStyle: DECORATED
17:31:12.218 [FXGL Background Thread 2 ] DEBUG Engine               - supportedLanguages: [ENGLISH, FRENCH, GERMAN, HUNGARIAN, RUSSIAN]
17:31:12.218 [FXGL Background Thread 2 ] DEBUG Engine               - ticksPerSecond: -1
17:31:12.218 [FXGL Background Thread 2 ] DEBUG Engine               - title: Space Invaders
17:31:12.218 [FXGL Background Thread 2 ] DEBUG Engine               - urlGithub: https://github.com/AlmasB/FXGL
17:31:12.218 [FXGL Background Thread 2 ] DEBUG Engine               - urlLeaderboard: http://fxgl-top.herokuapp.com/
17:31:12.218 [FXGL Background Thread 2 ] DEBUG Engine               - urlPOM: https://raw.githubusercontent.com/AlmasB/FXGL/release/README.md
17:31:12.218 [FXGL Background Thread 2 ] DEBUG Engine               - userAppClass: class fxgl.spaceinvader.SpaceInvaderApp
17:31:12.218 [FXGL Background Thread 2 ] DEBUG Engine               - version: 1.0.1
17:31:12.218 [FXGL Background Thread 2 ] DEBUG Engine               - versionCheckDays: 7
17:31:12.218 [FXGL Background Thread 2 ] DEBUG Engine               - width: 512
17:31:12.218 [FXGL Background Thread 2 ] DEBUG Engine               - Logging services
17:31:12.219 [FXGL Background Thread 2 ] DEBUG Engine               - class com.almasb.fxgl.app.services.FXGLAssetLoaderService
17:31:12.219 [FXGL Background Thread 2 ] DEBUG Engine               - class com.almasb.fxgl.app.FXGLApplication$GameApplicationService
17:31:12.219 [FXGL Background Thread 2 ] DEBUG Engine               - class com.almasb.fxgl.app.services.FXGLDialogService
17:31:12.219 [FXGL Background Thread 2 ] DEBUG Engine               - class com.almasb.fxgl.app.services.IOTaskExecutorService
17:31:12.219 [FXGL Background Thread 2 ] DEBUG Engine               - class com.almasb.fxgl.io.FileSystemService
17:31:12.219 [FXGL Background Thread 2 ] DEBUG Engine               - class com.almasb.fxgl.localization.LocalizationService
17:31:12.219 [FXGL Background Thread 2 ] DEBUG Engine               - class com.almasb.fxgl.app.services.SystemBundleService
17:31:12.219 [FXGL Background Thread 2 ] DEBUG Engine               - class com.almasb.fxgl.profile.SaveLoadService
17:31:12.219 [FXGL Background Thread 2 ] DEBUG Engine               - class com.almasb.fxgl.ui.FXGLUIFactoryServiceProvider
17:31:12.219 [FXGL Background Thread 2 ] DEBUG Engine               - class com.almasb.fxgl.ui.FXGLDialogFactoryServiceProvider
17:31:12.219 [FXGL Background Thread 2 ] DEBUG Engine               - class com.almasb.fxgl.audio.AudioPlayer
17:31:12.219 [FXGL Background Thread 2 ] DEBUG Engine               - class com.almasb.fxgl.notification.impl.NotificationServiceProvider
17:31:12.219 [FXGL Background Thread 2 ] DEBUG Engine               - class com.almasb.fxgl.achievement.AchievementService
17:31:12.219 [FXGL Background Thread 2 ] DEBUG Engine               - class com.almasb.fxgl.cutscene.CutsceneService
17:31:12.219 [FXGL Background Thread 2 ] DEBUG Engine               - class com.almasb.fxgl.minigames.MiniGameService
17:31:12.219 [FXGL Background Thread 2 ] DEBUG Engine               - class com.almasb.fxgl.net.NetService
17:31:12.219 [FXGL Background Thread 2 ] DEBUG Engine               - class com.almasb.fxgl.app.services.UpdaterService
17:31:12.219 [FXGL Background Thread 2 ] DEBUG Engine               - class com.almasb.fxgl.dev.DevService
17:31:17.897 [JavaFX Application Thread] DEBUG FXGLApplication      - Exiting FXGL
17:31:17.897 [JavaFX Application Thread] DEBUG LoopRunner           - Stopping loop
17:31:17.897 [JavaFX Application Thread] DEBUG SystemBundleService  - Saving FXGL system data
17:31:17.900 [JavaFX Application Thread] DEBUG FileSystemAccess     - Writing to: C:\Users\HP\IdeaProjects\SpaceInvader\system\fxgl.bundle
17:31:17.902 [JavaFX Application Thread] DEBUG Async                - Shutting down background threads
17:31:17.902 [JavaFX Application Thread] DEBUG PrimaryStageWindow   - Closing main window
17:31:17.919 [JavaFX Application Thread] DEBUG Logger               - Closing Logger
