18:13:02.458 [main                     ] DEBUG Logger               - Configured Logger
18:13:02.495 [main                     ] DEBUG GameApplication      - Logging settings
Title: Space Invaders
Version: 1.0.1
Width: 800
Height: 600
Fullscreen: false
Intro: false
Profiling: false
Single step:false
App Mode: RELEASE
Menu Key: ESCAPE
Stage Style: DECORATED
Scene Factory: class fxgl.spaceinvader.ui.MySceneFactory

18:13:02.965 [JavaFX Application Thread] DEBUG FXGLApplication      - Initializing FXGL
18:13:02.972 [JavaFX Application Thread] INFO  Engine               - FXGL-17.3 (30.03.2023 11.49) on WINDOWS (J:23 FX:17.0.6)
18:13:02.972 [JavaFX Application Thread] DEBUG Engine               - JRE Vendor Name: Oracle Corporation
18:13:02.972 [JavaFX Application Thread] DEBUG Engine               - Running on OS: Windows 10 version 10.0
18:13:02.973 [JavaFX Application Thread] DEBUG Engine               - Architecture: amd64
18:13:02.973 [JavaFX Application Thread] INFO  Engine               - Source code and latest versions at: https://github.com/AlmasB/FXGL
18:13:02.973 [JavaFX Application Thread] INFO  Engine               -       Ask questions and discuss at: https://github.com/AlmasB/FXGL/discussions
18:13:02.973 [JavaFX Application Thread] INFO  Engine               -              Join the FXGL chat at: https://gitter.im/AlmasB/FXGL
18:13:03.110 [JavaFX Application Thread] DEBUG PrimaryStageWindow   - Creating a JavaFX scene
18:13:03.170 [JavaFX Application Thread] DEBUG PrimaryStageWindow   - Target settings size: 800.0 x 600.0
18:13:03.170 [JavaFX Application Thread] DEBUG PrimaryStageWindow   - Scaled scene size:    800.0 x 600.0
18:13:03.170 [JavaFX Application Thread] DEBUG PrimaryStageWindow   - Scaled ratio: (1.0, 1.0)
18:13:03.172 [JavaFX Application Thread] DEBUG PrimaryStageWindow   - Set initial scene to FXGLStartupScene
18:13:03.181 [JavaFX Application Thread] DEBUG PrimaryStageWindow   - Opening main window
18:13:03.294 [JavaFX Application Thread] DEBUG PrimaryStageWindow   - Window border size: (14.4000244140625, 37.5999755859375)
18:13:03.295 [JavaFX Application Thread] DEBUG PrimaryStageWindow   - Scaled size: 800.0 x 600.0
18:13:03.295 [JavaFX Application Thread] DEBUG PrimaryStageWindow   - Scaled ratio: (1.0, 1.0)
18:13:03.295 [JavaFX Application Thread] DEBUG PrimaryStageWindow   - Scene size: 800.0 x 600.0
18:13:03.296 [JavaFX Application Thread] DEBUG PrimaryStageWindow   - Stage size: 814.4000244140625 x 637.5999755859375
18:13:03.311 [FXGL Background Thread 1 ] DEBUG Engine               - Initializing environment variables
18:13:03.445 [FXGL Background Thread 1 ] DEBUG FXGLAssetLoaderServi - User app class for loading assets: class fxgl.spaceinvader.SpaceInvaderApp
18:13:03.447 [FXGL Background Thread 1 ] DEBUG GameApplicationServi - Applying CSS: fxgl_dark.css
18:13:03.447 [FXGL Background Thread 1 ] DEBUG FXGLAssetLoaderServi - Loading from file system: jar:file:///C:/Users/HP/.m2/repository/com/github/almasb/fxgl/17.3/fxgl-17.3.jar!/fxglassets/ui/css/fxgl_dark.css
18:13:03.527 [FXGL Background Thread 1 ] DEBUG GameApplicationServi - Applying CSS: ui.css
18:13:03.528 [FXGL Background Thread 1 ] DEBUG FXGLAssetLoaderServi - Loading from file system: file:/C:/Users/HP/IdeaProjects/SpaceInvader/target/classes/assets/ui/css/ui.css
18:13:03.529 [FXGL Background Thread 1 ] DEBUG GameApplicationServi - Initializing application scenes
18:13:03.585 [FXGL Background Thread 1 ] DEBUG GameWorld            - Game world initialized
18:13:03.694 [FXGL Background Thread 1 ] DEBUG PhysicsWorld         - Physics world initialized: appHeight=600, physics.ppm=50.0
18:13:03.694 [FXGL Background Thread 1 ] DEBUG PhysicsWorld         - Using strategy: BRUTE_FORCE
18:13:03.699 [FXGL Background Thread 1 ] DEBUG GameScene            - Game scene initialized: 800x600
18:13:03.709 [FXGL Background Thread 1 ] DEBUG FXGLAssetLoaderServi - Loading from file system: file:/C:/Users/HP/IdeaProjects/SpaceInvader/target/classes/assets/textures/background/main_menu.png
18:13:03.785 [FXGL Background Thread 1 ] DEBUG FXGLAssetLoaderServi - Loading from file system: file:/C:/Users/HP/IdeaProjects/SpaceInvader/target/classes/assets/textures/background/Start.png
18:13:03.792 [FXGL Background Thread 1 ] DEBUG FXGLAssetLoaderServi - Loading from file system: file:/C:/Users/HP/IdeaProjects/SpaceInvader/target/classes/assets/textures/background/HighScores.png
18:13:03.794 [FXGL Background Thread 1 ] DEBUG FXGLAssetLoaderServi - Loading from file system: file:/C:/Users/HP/IdeaProjects/SpaceInvader/target/classes/assets/textures/background/Exit.png
18:13:03.807 [FXGL Background Thread 1 ] DEBUG FXGL.DefaultMenu     - createMenuBodyGameMenu()
18:13:03.819 [FXGL Background Thread 1 ] DEBUG FXGL.DefaultMenu     - createOptionsMenu()
18:13:03.832 [FXGL Background Thread 1 ] DEBUG FXGLAssetLoaderServi - Loading from file system: jar:file:///C:/Users/HP/.m2/repository/com/github/almasb/fxgl/17.3/fxgl-17.3.jar!/fxglassets/textures/particles/smoke.png
18:13:03.947 [FXGL Background Thread 1 ] DEBUG FXGLAssetLoaderServi - Loading from file system: jar:file:///C:/Users/HP/.m2/repository/com/github/almasb/fxgl/17.3/fxgl-17.3.jar!/fxglassets/textures/particles/trace_horizontal.png
18:13:03.976 [FXGL Background Thread 1 ] DEBUG GameApplicationServi - Application scenes initialized
18:13:03.991 [FXGL Background Thread 1 ] DEBUG SystemBundleService  - Loading FXGL system data
18:13:03.996 [FXGL Background Thread 1 ] DEBUG FileSystemAccess     - Reading from: C:\Users\HP\IdeaProjects\SpaceInvader\system\fxgl.bundle
18:13:04.005 [FXGL Background Thread 1 ] DEBUG SystemBundleService  - Bundle FXGL: {}
18:13:04.009 [FXGL Background Thread 3 ] DEBUG FXGLApplication      - Loading fonts
18:13:04.009 [FXGL Background Thread 3 ] DEBUG FXGLAssetLoaderServi - Loading from file system: file:/C:/Users/HP/IdeaProjects/SpaceInvader/target/classes/assets/ui/fonts/ARCADECLASSIC.TTF
18:13:04.009 [FXGL Background Thread 1 ] DEBUG FXGLApplication      - Loading default localization
18:13:04.010 [FXGL Background Thread 1 ] DEBUG FXGLAssetLoaderServi - Loading from file system: jar:file:///C:/Users/HP/.m2/repository/com/github/almasb/fxgl/17.3/fxgl-17.3.jar!/fxglassets/languages/english.lang
18:13:04.039 [FXGL Background Thread 1 ] INFO  FXGLApplication      - FXGL initialization took: 0.728 sec
18:13:04.051 [JavaFX Application Thread] DEBUG Input                - Registered new binding: Move Left - Left
18:13:04.052 [JavaFX Application Thread] DEBUG Input                - Registered new binding: Move Right - Right
18:13:04.052 [JavaFX Application Thread] DEBUG Input                - Registered new binding: Shoot - Up
18:13:04.053 [JavaFX Application Thread] DEBUG Input                - Registered new binding: Shield Up - Space
18:13:04.053 [JavaFX Application Thread] DEBUG FXGLAssetLoaderServi - Loading from file system: file:/C:/Users/HP/IdeaProjects/SpaceInvader/target/classes/assets/music/bgm.mp3
18:13:04.208 [JavaFX Application Thread] DEBUG AudioPlayer          - Playing music com.almasb.fxgl.audio.Music@4f8f56db
18:13:04.211 [JavaFX Application Thread] DEBUG FXGLAssetLoaderServi - Loading from file system: jar:file:///C:/Users/HP/.m2/repository/com/github/almasb/fxgl/17.3/fxgl-17.3.jar!/fxglassets/textures/fxgl_icon.png
18:13:04.226 [JavaFX Application Thread] DEBUG FXGLAssetLoaderServi - Loading from file system: jar:file:///C:/Users/HP/.m2/repository/com/github/almasb/fxgl/17.3/fxgl-17.3.jar!/fxglassets/textures/fxgl_default_cursor.png
18:13:04.229 [JavaFX Application Thread] DEBUG Input                - Registered new binding: Screenshot - CTRL+8
18:13:04.233 [JavaFX Application Thread] DEBUG LoopRunner           - Starting loop
18:13:04.233 [JavaFX Application Thread] DEBUG LoopRunner           - Initializing JavaFX AnimationTimerLoop
18:13:04.236 [JavaFX Application Thread] DEBUG Input                - Clearing active input actions
18:13:04.252 [JavaFX Application Thread] DEBUG GameApplicationServi - Removing overlay from FXGLStartupScene and adding to FXGLMainMenuDummyScene
18:13:04.253 [JavaFX Application Thread] DEBUG PrimaryStageWindow   - FXGLStartupScene -> FXGLMainMenuDummyScene
18:13:04.253 [JavaFX Application Thread] DEBUG PrimaryStageWindow   - Push state: MenuTest
18:13:04.253 [JavaFX Application Thread] DEBUG Input                - Clearing active input actions
18:13:04.260 [JavaFX Application Thread] DEBUG GameApplicationServi - Removing overlay from FXGLMainMenuDummyScene and adding to MenuTest
18:13:04.261 [JavaFX Application Thread] DEBUG PrimaryStageWindow   - FXGLMainMenuDummyScene -> MenuTest
18:13:04.261 [JavaFX Application Thread] DEBUG FXGLApplication      - Registering font factories with UI factory
18:13:05.061 [JavaFX Application Thread] DEBUG Menu                 - fireNewGame()
18:13:05.061 [JavaFX Application Thread] DEBUG GameApplicationServi - Starting new game
18:13:05.062 [JavaFX Application Thread] DEBUG PrimaryStageWindow   - Pop state: MenuTest
18:13:05.062 [JavaFX Application Thread] DEBUG Input                - Clearing active input actions
18:13:05.062 [JavaFX Application Thread] DEBUG GameApplicationServi - Removing overlay from MenuTest and adding to FXGLMainMenuDummyScene
18:13:05.063 [JavaFX Application Thread] DEBUG PrimaryStageWindow   - FXGLMainMenuDummyScene <- MenuTest
18:13:05.063 [JavaFX Application Thread] DEBUG Input                - Clearing active input actions
18:13:05.070 [JavaFX Application Thread] DEBUG GameApplicationServi - Removing overlay from FXGLMainMenuDummyScene and adding to FXGLLoadingScene
18:13:05.070 [JavaFX Application Thread] DEBUG PrimaryStageWindow   - FXGLMainMenuDummyScene -> FXGLLoadingScene
18:13:05.071 [JavaFX Application Thread] DEBUG GameApplicationServi - Clearing previous game
18:13:05.071 [JavaFX Application Thread] DEBUG GameScene            - Clearing game scene
18:13:05.071 [JavaFX Application Thread] DEBUG GameWorld            - Clearing game world
18:13:05.071 [JavaFX Application Thread] DEBUG PhysicsWorld         - Clearing physics world
18:13:05.073 [FXGL Background Thread 3 ] DEBUG FXGLApplication      - Initializing game
18:13:05.087 [FXGL Background Thread 3 ] DEBUG FileSystemAccess     - Reading from: C:\Users\HP\IdeaProjects\SpaceInvader\.\hiscore.dat
18:13:05.162 [FXGL Background Thread 3 ] WARN  TMXLevelLoader       - TiledMap generated from 1.8.6. Supported version: 1.9.0. Some features may not be parsed fully.
18:13:05.187 [FXGL Background Thread 3 ] DEBUG TMXLevelLoader       - Parsed TiledMap: file:/C:/Users/HP/IdeaProjects/SpaceInvader/target/classes/assets/levels/level1.tmx
18:13:05.188 [FXGL Background Thread 3 ] DEBUG TMXLevelLoader       - Creating tile layer entities
18:13:05.191 [FXGL Background Thread 3 ] DEBUG TilesetLoader        - Loading view for layer Background
18:13:05.193 [FXGL Background Thread 3 ] DEBUG TilesetLoader        - Created buffer with size 800.0x592.0
18:13:05.219 [FXGL Background Thread 3 ] DEBUG TMXLevelLoader       - Creating object layer entities
18:13:05.223 [FXGL Background Thread 3 ] DEBUG FXGLAssetLoaderServi - Loading from file system: file:/C:/Users/HP/IdeaProjects/SpaceInvader/target/classes/assets/textures/Egg.png
18:13:05.257 [FXGL Background Thread 3 ] DEBUG FXGLAssetLoaderServi - Loading from file system: file:/C:/Users/HP/IdeaProjects/SpaceInvader/target/classes/assets/textures/Frog.png
18:13:05.267 [FXGL Background Thread 3 ] DEBUG FXGLAssetLoaderServi - Loading from file system: file:/C:/Users/HP/IdeaProjects/SpaceInvader/target/classes/assets/textures/Demon.png
18:13:05.282 [FXGL Background Thread 3 ] DEBUG FXGLAssetLoaderServi - Loading from file system: file:/C:/Users/HP/IdeaProjects/SpaceInvader/target/classes/assets/textures/wall_left_1.png
18:13:05.287 [FXGL Background Thread 3 ] DEBUG FXGLAssetLoaderServi - Loading from file system: file:/C:/Users/HP/IdeaProjects/SpaceInvader/target/classes/assets/textures/wall_right_1.png
18:13:05.294 [FXGL Background Thread 3 ] DEBUG GameWorld            - Clearing removable entities
18:13:05.295 [FXGL Background Thread 3 ] DEBUG GameWorld            - Setting level: com.almasb.fxgl.entity.level.Level@5b11ead0
18:13:05.351 [FXGL Background Thread 3 ] DEBUG FXGLAssetLoaderServi - Loading from file system: file:/C:/Users/HP/IdeaProjects/SpaceInvader/target/classes/assets/textures/ship.png
18:13:05.362 [FXGL Background Thread 3 ] INFO  FXGLApplication      - Game initialization took: 0.289 sec
18:13:05.375 [JavaFX Application Thread] DEBUG Input                - Clearing active input actions
18:13:05.390 [JavaFX Application Thread] DEBUG GameApplicationServi - Removing overlay from FXGLLoadingScene and adding to GameScene
18:13:05.391 [JavaFX Application Thread] DEBUG PrimaryStageWindow   - FXGLLoadingScene -> GameScene
18:13:07.007 [FXGL Background Thread 2 ] DEBUG Engine               - Logging environment variables
18:13:07.008 [FXGL Background Thread 2 ] DEBUG Engine               - achievements: []
18:13:07.008 [FXGL Background Thread 2 ] DEBUG Engine               - actualHeight: 600.0
18:13:07.008 [FXGL Background Thread 2 ] DEBUG Engine               - actualHeightProperty: ReadOnlyDoubleProperty [value: 600.0]
18:13:07.008 [FXGL Background Thread 2 ] DEBUG Engine               - actualWidth: 800.0
18:13:07.008 [FXGL Background Thread 2 ] DEBUG Engine               - actualWidthProperty: ReadOnlyDoubleProperty [value: 800.0]
18:13:07.008 [FXGL Background Thread 2 ] DEBUG Engine               - appIcon: fxgl_icon.png
18:13:07.008 [FXGL Background Thread 2 ] DEBUG Engine               - applicationMode: RELEASE
18:13:07.008 [FXGL Background Thread 2 ] DEBUG Engine               - cSSList: [fxgl_dark.css, ui.css]
18:13:07.008 [FXGL Background Thread 2 ] DEBUG Engine               - collisionDetectionStrategy: BRUTE_FORCE
18:13:07.008 [FXGL Background Thread 2 ] DEBUG Engine               - configClass: Optional.empty
18:13:07.008 [FXGL Background Thread 2 ] DEBUG Engine               - credits: []
18:13:07.009 [FXGL Background Thread 2 ] DEBUG Engine               - defaultCursor: CursorInfo(imageName=fxgl_default_cursor.png, hotspotX=7.0, hotspotY=6.0)
18:13:07.009 [FXGL Background Thread 2 ] DEBUG Engine               - devBBoxColorProperty: ObjectProperty [value: 0xff0000ff]
18:13:07.009 [FXGL Background Thread 2 ] DEBUG Engine               - devEnableDebugCameraProperty: BooleanProperty [value: false]
18:13:07.009 [FXGL Background Thread 2 ] DEBUG Engine               - devSensorColorProperty: ObjectProperty [value: 0xffff00ff]
18:13:07.009 [FXGL Background Thread 2 ] DEBUG Engine               - devShowBBoxProperty: BooleanProperty [value: false]
18:13:07.009 [FXGL Background Thread 2 ] DEBUG Engine               - devShowPositionProperty: BooleanProperty [value: false]
18:13:07.009 [FXGL Background Thread 2 ] DEBUG Engine               - enabledMenuItems: []
18:13:07.009 [FXGL Background Thread 2 ] DEBUG Engine               - engineServices: [class com.almasb.fxgl.app.services.FXGLAssetLoaderService, class com.almasb.fxgl.app.FXGLApplication$GameApplicationService, class com.almasb.fxgl.app.services.FXGLDialogService, class com.almasb.fxgl.app.services.IOTaskExecutorService, class com.almasb.fxgl.io.FileSystemService, class com.almasb.fxgl.localization.LocalizationService, class com.almasb.fxgl.app.services.SystemBundleService, class com.almasb.fxgl.profile.SaveLoadService, class com.almasb.fxgl.ui.FXGLUIFactoryServiceProvider, class com.almasb.fxgl.ui.FXGLDialogFactoryServiceProvider, class com.almasb.fxgl.audio.AudioPlayer, class com.almasb.fxgl.notification.impl.NotificationServiceProvider, class com.almasb.fxgl.achievement.AchievementService, class com.almasb.fxgl.cutscene.CutsceneService, class com.almasb.fxgl.minigames.MiniGameService, class com.almasb.fxgl.net.NetService, class com.almasb.fxgl.app.services.UpdaterService, class com.almasb.fxgl.dev.DevService]
18:13:07.009 [FXGL Background Thread 2 ] DEBUG Engine               - fontGame: ARCADECLASSIC.TTF
18:13:07.009 [FXGL Background Thread 2 ] DEBUG Engine               - fontMono: ARCADECLASSIC.TTF
18:13:07.010 [FXGL Background Thread 2 ] DEBUG Engine               - fontSizeScaleUI: 1.0
18:13:07.010 [FXGL Background Thread 2 ] DEBUG Engine               - fontText: ARCADECLASSIC.TTF
18:13:07.010 [FXGL Background Thread 2 ] DEBUG Engine               - fontUI: ARCADECLASSIC.TTF
18:13:07.010 [FXGL Background Thread 2 ] DEBUG Engine               - fullScreen: BooleanProperty [value: false]
18:13:07.010 [FXGL Background Thread 2 ] DEBUG Engine               - gameDifficulty: MEDIUM
18:13:07.010 [FXGL Background Thread 2 ] DEBUG Engine               - gameDifficultyProperty: ObjectProperty [value: MEDIUM]
18:13:07.010 [FXGL Background Thread 2 ] DEBUG Engine               - globalMusicVolume: 0.5
18:13:07.010 [FXGL Background Thread 2 ] DEBUG Engine               - globalMusicVolumeProperty: DoubleProperty [value: 0.5]
18:13:07.010 [FXGL Background Thread 2 ] DEBUG Engine               - globalSoundVolume: 0.5
18:13:07.010 [FXGL Background Thread 2 ] DEBUG Engine               - globalSoundVolumeProperty: DoubleProperty [value: 0.1]
18:13:07.010 [FXGL Background Thread 2 ] DEBUG Engine               - height: 600
18:13:07.010 [FXGL Background Thread 2 ] DEBUG Engine               - is3D: false
18:13:07.010 [FXGL Background Thread 2 ] DEBUG Engine               - isAndroid: false
18:13:07.010 [FXGL Background Thread 2 ] DEBUG Engine               - isBrowser: false
18:13:07.010 [FXGL Background Thread 2 ] DEBUG Engine               - isClickFeedbackEnabled: false
18:13:07.010 [FXGL Background Thread 2 ] DEBUG Engine               - isCloseConfirmation: false
18:13:07.010 [FXGL Background Thread 2 ] DEBUG Engine               - isDesktop: true
18:13:07.010 [FXGL Background Thread 2 ] DEBUG Engine               - isDeveloperMenuEnabled: false
18:13:07.010 [FXGL Background Thread 2 ] DEBUG Engine               - isEmbedded: false
18:13:07.011 [FXGL Background Thread 2 ] DEBUG Engine               - isEntityPreloadEnabled: true
18:13:07.011 [FXGL Background Thread 2 ] DEBUG Engine               - isExperimentalTiledLargeMap: false
18:13:07.011 [FXGL Background Thread 2 ] DEBUG Engine               - isFileSystemWriteAllowed: true
18:13:07.011 [FXGL Background Thread 2 ] DEBUG Engine               - isFullScreenAllowed: false
18:13:07.011 [FXGL Background Thread 2 ] DEBUG Engine               - isFullScreenFromStart: false
18:13:07.011 [FXGL Background Thread 2 ] DEBUG Engine               - isGameMenuEnabled: true
18:13:07.011 [FXGL Background Thread 2 ] DEBUG Engine               - isIOS: false
18:13:07.011 [FXGL Background Thread 2 ] DEBUG Engine               - isIntroEnabled: false
18:13:07.011 [FXGL Background Thread 2 ] DEBUG Engine               - isLinux: false
18:13:07.011 [FXGL Background Thread 2 ] DEBUG Engine               - isMac: false
18:13:07.011 [FXGL Background Thread 2 ] DEBUG Engine               - isMainMenuEnabled: true
18:13:07.011 [FXGL Background Thread 2 ] DEBUG Engine               - isManualResizeEnabled: true
18:13:07.011 [FXGL Background Thread 2 ] DEBUG Engine               - isMobile: false
18:13:07.011 [FXGL Background Thread 2 ] DEBUG Engine               - isNative: false
18:13:07.011 [FXGL Background Thread 2 ] DEBUG Engine               - isPauseMusicWhenMinimized: true
18:13:07.011 [FXGL Background Thread 2 ] DEBUG Engine               - isPreserveResizeRatio: true
18:13:07.011 [FXGL Background Thread 2 ] DEBUG Engine               - isProfilingEnabled: false
18:13:07.011 [FXGL Background Thread 2 ] DEBUG Engine               - isScaleAffectedOnResize: true
18:13:07.011 [FXGL Background Thread 2 ] DEBUG Engine               - isSingleStep: false
18:13:07.011 [FXGL Background Thread 2 ] DEBUG Engine               - isUserProfileEnabled: false
18:13:07.011 [FXGL Background Thread 2 ] DEBUG Engine               - isWindows: true
18:13:07.011 [FXGL Background Thread 2 ] DEBUG Engine               - language: ObjectProperty [value: ENGLISH]
18:13:07.012 [FXGL Background Thread 2 ] DEBUG Engine               - menuKey: ESCAPE
18:13:07.012 [FXGL Background Thread 2 ] DEBUG Engine               - mouseSensitivity: 0.2
18:13:07.012 [FXGL Background Thread 2 ] DEBUG Engine               - notificationViewClass: class com.almasb.fxgl.notification.view.XboxNotificationView
18:13:07.012 [FXGL Background Thread 2 ] DEBUG Engine               - pixelsPerMeter: 50.0
18:13:07.012 [FXGL Background Thread 2 ] DEBUG Engine               - platform: WINDOWS
18:13:07.012 [FXGL Background Thread 2 ] DEBUG Engine               - prefHeightProperty: ReadOnlyDoubleProperty [value: 600.0]
18:13:07.012 [FXGL Background Thread 2 ] DEBUG Engine               - prefWidthProperty: ReadOnlyDoubleProperty [value: 800.0]
18:13:07.012 [FXGL Background Thread 2 ] DEBUG Engine               - profileDir: profiles/
18:13:07.012 [FXGL Background Thread 2 ] DEBUG Engine               - profileName: StringProperty [value: DEFAULT]
18:13:07.012 [FXGL Background Thread 2 ] DEBUG Engine               - randomSeed: -1
18:13:07.012 [FXGL Background Thread 2 ] DEBUG Engine               - runtimeInfo: RuntimeInfo(platform=WINDOWS, version=17.3, build=30.03.2023 11.49)
18:13:07.012 [FXGL Background Thread 2 ] DEBUG Engine               - saveFileExt: sav
18:13:07.012 [FXGL Background Thread 2 ] DEBUG Engine               - scaledHeightProp$fxgl: DoubleProperty [bound, value: 600.0]
18:13:07.013 [FXGL Background Thread 2 ] DEBUG Engine               - scaledWidthProp$fxgl: DoubleProperty [bound, value: 800.0]
18:13:07.013 [FXGL Background Thread 2 ] DEBUG Engine               - sceneFactory: fxgl.spaceinvader.ui.MySceneFactory@12adf6d9
18:13:07.013 [FXGL Background Thread 2 ] DEBUG Engine               - secondsIn24h: 60
18:13:07.013 [FXGL Background Thread 2 ] DEBUG Engine               - soundMenuBack: menu/back.wav
18:13:07.013 [FXGL Background Thread 2 ] DEBUG Engine               - soundMenuPress: menu/press.wav
18:13:07.013 [FXGL Background Thread 2 ] DEBUG Engine               - soundMenuSelect: menu/select.wav
18:13:07.013 [FXGL Background Thread 2 ] DEBUG Engine               - soundNotification: core/notification.wav
18:13:07.013 [FXGL Background Thread 2 ] DEBUG Engine               - stageStyle: DECORATED
18:13:07.013 [FXGL Background Thread 2 ] DEBUG Engine               - supportedLanguages: [ENGLISH, FRENCH, GERMAN, HUNGARIAN, RUSSIAN]
18:13:07.013 [FXGL Background Thread 2 ] DEBUG Engine               - ticksPerSecond: -1
18:13:07.013 [FXGL Background Thread 2 ] DEBUG Engine               - title: Space Invaders
18:13:07.013 [FXGL Background Thread 2 ] DEBUG Engine               - urlGithub: https://github.com/AlmasB/FXGL
18:13:07.013 [FXGL Background Thread 2 ] DEBUG Engine               - urlLeaderboard: http://fxgl-top.herokuapp.com/
18:13:07.013 [FXGL Background Thread 2 ] DEBUG Engine               - urlPOM: https://raw.githubusercontent.com/AlmasB/FXGL/release/README.md
18:13:07.013 [FXGL Background Thread 2 ] DEBUG Engine               - userAppClass: class fxgl.spaceinvader.SpaceInvaderApp
18:13:07.013 [FXGL Background Thread 2 ] DEBUG Engine               - version: 1.0.1
18:13:07.013 [FXGL Background Thread 2 ] DEBUG Engine               - versionCheckDays: 7
18:13:07.013 [FXGL Background Thread 2 ] DEBUG Engine               - width: 800
18:13:07.013 [FXGL Background Thread 2 ] DEBUG Engine               - Logging services
18:13:07.013 [FXGL Background Thread 2 ] DEBUG Engine               - class com.almasb.fxgl.app.services.FXGLAssetLoaderService
18:13:07.013 [FXGL Background Thread 2 ] DEBUG Engine               - class com.almasb.fxgl.app.FXGLApplication$GameApplicationService
18:13:07.013 [FXGL Background Thread 2 ] DEBUG Engine               - class com.almasb.fxgl.app.services.FXGLDialogService
18:13:07.013 [FXGL Background Thread 2 ] DEBUG Engine               - class com.almasb.fxgl.app.services.IOTaskExecutorService
18:13:07.013 [FXGL Background Thread 2 ] DEBUG Engine               - class com.almasb.fxgl.io.FileSystemService
18:13:07.013 [FXGL Background Thread 2 ] DEBUG Engine               - class com.almasb.fxgl.localization.LocalizationService
18:13:07.013 [FXGL Background Thread 2 ] DEBUG Engine               - class com.almasb.fxgl.app.services.SystemBundleService
18:13:07.013 [FXGL Background Thread 2 ] DEBUG Engine               - class com.almasb.fxgl.profile.SaveLoadService
18:13:07.014 [FXGL Background Thread 2 ] DEBUG Engine               - class com.almasb.fxgl.ui.FXGLUIFactoryServiceProvider
18:13:07.014 [FXGL Background Thread 2 ] DEBUG Engine               - class com.almasb.fxgl.ui.FXGLDialogFactoryServiceProvider
18:13:07.014 [FXGL Background Thread 2 ] DEBUG Engine               - class com.almasb.fxgl.audio.AudioPlayer
18:13:07.014 [FXGL Background Thread 2 ] DEBUG Engine               - class com.almasb.fxgl.notification.impl.NotificationServiceProvider
18:13:07.014 [FXGL Background Thread 2 ] DEBUG Engine               - class com.almasb.fxgl.achievement.AchievementService
18:13:07.014 [FXGL Background Thread 2 ] DEBUG Engine               - class com.almasb.fxgl.cutscene.CutsceneService
18:13:07.014 [FXGL Background Thread 2 ] DEBUG Engine               - class com.almasb.fxgl.minigames.MiniGameService
18:13:07.014 [FXGL Background Thread 2 ] DEBUG Engine               - class com.almasb.fxgl.net.NetService
18:13:07.014 [FXGL Background Thread 2 ] DEBUG Engine               - class com.almasb.fxgl.app.services.UpdaterService
18:13:07.014 [FXGL Background Thread 2 ] DEBUG Engine               - class com.almasb.fxgl.dev.DevService
18:13:07.059 [JavaFX Application Thread] DEBUG FXGLAssetLoaderServi - Loading from file system: file:/C:/Users/HP/IdeaProjects/SpaceInvader/target/classes/assets/textures/EnemyBullet.png
18:13:07.065 [JavaFX Application Thread] DEBUG FXGLAssetLoaderServi - Loading from file system: file:/C:/Users/HP/IdeaProjects/SpaceInvader/target/classes/assets/textures/EnemyCluster.png
18:13:07.602 [JavaFX Application Thread] DEBUG FXGLAssetLoaderServi - Loading from file system: file:/C:/Users/HP/IdeaProjects/SpaceInvader/target/classes/assets/textures/wall_left_2.png
18:13:07.603 [JavaFX Application Thread] DEBUG FXGLAssetLoaderServi - Loading from file system: file:/C:/Users/HP/IdeaProjects/SpaceInvader/target/classes/assets/textures/wall_right_2.png
18:13:09.875 [JavaFX Application Thread] DEBUG FXGLAssetLoaderServi - Loading from file system: file:/C:/Users/HP/IdeaProjects/SpaceInvader/target/classes/assets/textures/wall_right_3.png
18:13:10.291 [JavaFX Application Thread] DEBUG FXGLAssetLoaderServi - Loading from file system: file:/C:/Users/HP/IdeaProjects/SpaceInvader/target/classes/assets/textures/wall_left_3.png
18:13:10.625 [JavaFX Application Thread] DEBUG FXGLAssetLoaderServi - Loading from file system: file:/C:/Users/HP/IdeaProjects/SpaceInvader/target/classes/assets/sounds/shoot.wav
18:13:11.523 [JavaFX Application Thread] DEBUG EventBus             - Firing event: fxgl.spaceinvader.event.GameEvent[source=javafx.event.Event$$Lambda/0x000001f98515f298@5d876010]
18:13:11.525 [JavaFX Application Thread] DEBUG FXGLAssetLoaderServi - Loading from file system: file:/C:/Users/HP/IdeaProjects/SpaceInvader/target/classes/assets/sounds/explosion.wav
18:13:11.526 [JavaFX Application Thread] DEBUG FXGLAssetLoaderServi - Loading from file system: file:/C:/Users/HP/IdeaProjects/SpaceInvader/target/classes/assets/textures/Explosion.png
18:13:13.057 [JavaFX Application Thread] DEBUG EventBus             - Firing event: fxgl.spaceinvader.event.GameEvent[source=javafx.event.Event$$Lambda/0x000001f98515f298@5d876010]
18:13:13.556 [JavaFX Application Thread] DEBUG EventBus             - Firing event: fxgl.spaceinvader.event.GameEvent[source=javafx.event.Event$$Lambda/0x000001f98515f298@5d876010]
18:13:14.434 [JavaFX Application Thread] DEBUG EventBus             - Firing event: fxgl.spaceinvader.event.GameEvent[source=javafx.event.Event$$Lambda/0x000001f98515f298@5d876010]
18:13:14.897 [JavaFX Application Thread] DEBUG EventBus             - Firing event: fxgl.spaceinvader.event.GameEvent[source=javafx.event.Event$$Lambda/0x000001f98515f298@5d876010]
18:13:15.906 [JavaFX Application Thread] DEBUG EventBus             - Firing event: fxgl.spaceinvader.event.GameEvent[source=javafx.event.Event$$Lambda/0x000001f98515f298@5d876010]
18:13:16.305 [JavaFX Application Thread] DEBUG EventBus             - Firing event: fxgl.spaceinvader.event.GameEvent[source=javafx.event.Event$$Lambda/0x000001f98515f298@5d876010]
18:13:17.265 [JavaFX Application Thread] DEBUG EventBus             - Firing event: fxgl.spaceinvader.event.GameEvent[source=javafx.event.Event$$Lambda/0x000001f98515f298@5d876010]
18:13:17.729 [JavaFX Application Thread] DEBUG EventBus             - Firing event: fxgl.spaceinvader.event.GameEvent[source=javafx.event.Event$$Lambda/0x000001f98515f298@5d876010]
18:13:18.593 [JavaFX Application Thread] DEBUG EventBus             - Firing event: fxgl.spaceinvader.event.GameEvent[source=javafx.event.Event$$Lambda/0x000001f98515f298@5d876010]
18:13:18.945 [JavaFX Application Thread] DEBUG EventBus             - Firing event: fxgl.spaceinvader.event.GameEvent[source=javafx.event.Event$$Lambda/0x000001f98515f298@5d876010]
18:13:19.953 [JavaFX Application Thread] DEBUG EventBus             - Firing event: fxgl.spaceinvader.event.GameEvent[source=javafx.event.Event$$Lambda/0x000001f98515f298@5d876010]
18:13:20.626 [JavaFX Application Thread] DEBUG EventBus             - Firing event: fxgl.spaceinvader.event.GameEvent[source=javafx.event.Event$$Lambda/0x000001f98515f298@5d876010]
18:13:21.297 [JavaFX Application Thread] DEBUG EventBus             - Firing event: fxgl.spaceinvader.event.GameEvent[source=javafx.event.Event$$Lambda/0x000001f98515f298@5d876010]
18:13:22.690 [JavaFX Application Thread] DEBUG EventBus             - Firing event: fxgl.spaceinvader.event.GameEvent[source=javafx.event.Event$$Lambda/0x000001f98515f298@5d876010]
18:13:24.706 [JavaFX Application Thread] DEBUG EventBus             - Firing event: fxgl.spaceinvader.event.GameEvent[source=javafx.event.Event$$Lambda/0x000001f98515f298@5d876010]
18:13:25.410 [JavaFX Application Thread] DEBUG EventBus             - Firing event: fxgl.spaceinvader.event.GameEvent[source=javafx.event.Event$$Lambda/0x000001f98515f298@5d876010]
18:13:27.153 [JavaFX Application Thread] DEBUG EventBus             - Firing event: fxgl.spaceinvader.event.GameEvent[source=javafx.event.Event$$Lambda/0x000001f98515f298@5d876010]
18:13:31.682 [JavaFX Application Thread] DEBUG EventBus             - Firing event: fxgl.spaceinvader.event.GameEvent[source=javafx.event.Event$$Lambda/0x000001f98515f298@5d876010]
18:13:31.856 [JavaFX Application Thread] DEBUG EventBus             - Firing event: fxgl.spaceinvader.event.GameEvent[source=javafx.event.Event$$Lambda/0x000001f98515f298@5d876010]
18:13:33.730 [JavaFX Application Thread] DEBUG EventBus             - Firing event: fxgl.spaceinvader.event.GameEvent[source=javafx.event.Event$$Lambda/0x000001f98515f298@5d876010]
18:13:34.081 [JavaFX Application Thread] DEBUG EventBus             - Firing event: fxgl.spaceinvader.event.GameEvent[source=javafx.event.Event$$Lambda/0x000001f98515f298@5d876010]
18:13:34.401 [JavaFX Application Thread] DEBUG EventBus             - Firing event: fxgl.spaceinvader.event.GameEvent[source=javafx.event.Event$$Lambda/0x000001f98515f298@5d876010]
18:13:36.337 [JavaFX Application Thread] DEBUG EventBus             - Firing event: fxgl.spaceinvader.event.GameEvent[source=javafx.event.Event$$Lambda/0x000001f98515f298@5d876010]
18:13:37.089 [JavaFX Application Thread] DEBUG EventBus             - Firing event: fxgl.spaceinvader.event.GameEvent[source=javafx.event.Event$$Lambda/0x000001f98515f298@5d876010]
18:13:37.090 [JavaFX Application Thread] DEBUG PrimaryStageWindow   - Push state: DialogSubScene
18:13:37.090 [JavaFX Application Thread] DEBUG Input                - Clearing active input actions
18:13:37.091 [JavaFX Application Thread] DEBUG GameApplicationServi - Removing overlay from GameScene and adding to DialogSubScene
18:13:37.091 [JavaFX Application Thread] DEBUG PrimaryStageWindow   - GameScene -> DialogSubScene
18:13:38.667 [JavaFX Application Thread] DEBUG PrimaryStageWindow   - Pop state: DialogSubScene
18:13:38.667 [JavaFX Application Thread] DEBUG Input                - Clearing active input actions
18:13:38.667 [JavaFX Application Thread] DEBUG GameApplicationServi - Removing overlay from DialogSubScene and adding to GameScene
18:13:38.667 [JavaFX Application Thread] DEBUG PrimaryStageWindow   - GameScene <- DialogSubScene
18:13:38.669 [JavaFX Application Thread] DEBUG GameApplicationServi - Starting new game
18:13:38.670 [JavaFX Application Thread] DEBUG Input                - Clearing active input actions
18:13:38.675 [JavaFX Application Thread] DEBUG GameApplicationServi - Removing overlay from GameScene and adding to FXGLLoadingScene
18:13:38.675 [JavaFX Application Thread] DEBUG PrimaryStageWindow   - GameScene -> FXGLLoadingScene
18:13:38.676 [JavaFX Application Thread] DEBUG GameApplicationServi - Clearing previous game
18:13:38.676 [JavaFX Application Thread] DEBUG GameScene            - Clearing game scene
18:13:38.676 [JavaFX Application Thread] DEBUG GameWorld            - Clearing game world
18:13:38.677 [JavaFX Application Thread] DEBUG PhysicsWorld         - Clearing physics world
18:13:38.678 [FXGL Background Thread 3 ] DEBUG FXGLApplication      - Initializing game
18:13:38.678 [FXGL Background Thread 3 ] DEBUG FileSystemAccess     - Reading from: C:\Users\HP\IdeaProjects\SpaceInvader\.\hiscore.dat
18:13:38.681 [FXGL Background Thread 3 ] WARN  TMXLevelLoader       - TiledMap generated from 1.8.6. Supported version: 1.9.0. Some features may not be parsed fully.
18:13:38.691 [FXGL Background Thread 3 ] DEBUG TMXLevelLoader       - Parsed TiledMap: file:/C:/Users/HP/IdeaProjects/SpaceInvader/target/classes/assets/levels/level1.tmx
18:13:38.691 [FXGL Background Thread 3 ] DEBUG TMXLevelLoader       - Creating tile layer entities
18:13:38.691 [FXGL Background Thread 3 ] DEBUG TilesetLoader        - Loading view for layer Background
18:13:38.692 [FXGL Background Thread 3 ] DEBUG TilesetLoader        - Created buffer with size 800.0x592.0
18:13:38.707 [FXGL Background Thread 3 ] DEBUG TMXLevelLoader       - Creating object layer entities
18:13:38.726 [FXGL Background Thread 3 ] DEBUG GameWorld            - Clearing removable entities
18:13:38.726 [FXGL Background Thread 3 ] DEBUG GameWorld            - Setting level: com.almasb.fxgl.entity.level.Level@6f4c085d
18:13:38.742 [FXGL Background Thread 3 ] INFO  FXGLApplication      - Game initialization took: 0.064 sec
18:13:38.747 [JavaFX Application Thread] DEBUG Input                - Clearing active input actions
18:13:38.755 [JavaFX Application Thread] DEBUG GameApplicationServi - Removing overlay from FXGLLoadingScene and adding to GameScene
18:13:38.756 [JavaFX Application Thread] DEBUG PrimaryStageWindow   - FXGLLoadingScene -> GameScene
18:13:40.289 [JavaFX Application Thread] DEBUG EventBus             - Firing event: fxgl.spaceinvader.event.GameEvent[source=javafx.event.Event$$Lambda/0x000001f98515f298@5d876010]
18:13:41.138 [JavaFX Application Thread] DEBUG EventBus             - Firing event: fxgl.spaceinvader.event.GameEvent[source=javafx.event.Event$$Lambda/0x000001f98515f298@5d876010]
18:13:42.050 [JavaFX Application Thread] DEBUG EventBus             - Firing event: fxgl.spaceinvader.event.GameEvent[source=javafx.event.Event$$Lambda/0x000001f98515f298@5d876010]
18:13:43.121 [JavaFX Application Thread] DEBUG EventBus             - Firing event: fxgl.spaceinvader.event.GameEvent[source=javafx.event.Event$$Lambda/0x000001f98515f298@5d876010]
18:13:44.625 [JavaFX Application Thread] DEBUG EventBus             - Firing event: fxgl.spaceinvader.event.GameEvent[source=javafx.event.Event$$Lambda/0x000001f98515f298@5d876010]
18:13:45.425 [JavaFX Application Thread] DEBUG EventBus             - Firing event: fxgl.spaceinvader.event.GameEvent[source=javafx.event.Event$$Lambda/0x000001f98515f298@5d876010]
18:13:45.905 [JavaFX Application Thread] DEBUG EventBus             - Firing event: fxgl.spaceinvader.event.GameEvent[source=javafx.event.Event$$Lambda/0x000001f98515f298@5d876010]
18:13:46.818 [JavaFX Application Thread] DEBUG EventBus             - Firing event: fxgl.spaceinvader.event.GameEvent[source=javafx.event.Event$$Lambda/0x000001f98515f298@5d876010]
18:13:47.429 [JavaFX Application Thread] DEBUG FXGLApplication      - Exiting FXGL
18:13:47.429 [JavaFX Application Thread] DEBUG LoopRunner           - Stopping loop
18:13:47.429 [JavaFX Application Thread] DEBUG SystemBundleService  - Saving FXGL system data
18:13:47.431 [JavaFX Application Thread] DEBUG FileSystemAccess     - Writing to: C:\Users\HP\IdeaProjects\SpaceInvader\system\fxgl.bundle
18:13:47.432 [JavaFX Application Thread] DEBUG Async                - Shutting down background threads
18:13:47.433 [JavaFX Application Thread] DEBUG PrimaryStageWindow   - Closing main window
18:13:47.455 [JavaFX Application Thread] DEBUG Logger               - Closing Logger
