14:18:31.160 [main                     ] DEBUG Logger               - Configured Logger
14:18:31.206 [main                     ] DEBUG GameApplication      - Logging settings
Title: Space Invaders
Version: 1.0.1
Width: 800
Height: 600
Fullscreen: false
Intro: false
Profiling: false
Single step:false
App Mode: RELEASE
Menu Key: ESCAPE
Stage Style: DECORATED
Scene Factory: class fxgl.spaceinvader.ui.MySceneFactory

14:18:31.954 [JavaFX Application Thread] DEBUG FXGLApplication      - Initializing FXGL
14:18:31.962 [JavaFX Application Thread] INFO  Engine               - FXGL-17.3 (30.03.2023 11.49) on WINDOWS (J:23 FX:17.0.6)
14:18:31.962 [JavaFX Application Thread] DEBUG Engine               - JRE Vendor Name: Oracle Corporation
14:18:31.963 [JavaFX Application Thread] DEBUG Engine               - Running on OS: Windows 10 version 10.0
14:18:31.963 [JavaFX Application Thread] DEBUG Engine               - Architecture: amd64
14:18:31.963 [JavaFX Application Thread] INFO  Engine               - Source code and latest versions at: https://github.com/AlmasB/FXGL
14:18:31.963 [JavaFX Application Thread] INFO  Engine               -       Ask questions and discuss at: https://github.com/AlmasB/FXGL/discussions
14:18:31.963 [JavaFX Application Thread] INFO  Engine               -              Join the FXGL chat at: https://gitter.im/AlmasB/FXGL
14:18:32.127 [JavaFX Application Thread] DEBUG PrimaryStageWindow   - Creating a JavaFX scene
14:18:32.198 [JavaFX Application Thread] DEBUG PrimaryStageWindow   - Target settings size: 800.0 x 600.0
14:18:32.198 [JavaFX Application Thread] DEBUG PrimaryStageWindow   - Scaled scene size:    800.0 x 600.0
14:18:32.199 [JavaFX Application Thread] DEBUG PrimaryStageWindow   - Scaled ratio: (1.0, 1.0)
14:18:32.200 [JavaFX Application Thread] DEBUG PrimaryStageWindow   - Set initial scene to FXGLStartupScene
14:18:32.209 [JavaFX Application Thread] DEBUG PrimaryStageWindow   - Opening main window
14:18:32.345 [JavaFX Application Thread] DEBUG PrimaryStageWindow   - Window border size: (14.4000244140625, 37.5999755859375)
14:18:32.346 [JavaFX Application Thread] DEBUG PrimaryStageWindow   - Scaled size: 800.0 x 600.0
14:18:32.346 [JavaFX Application Thread] DEBUG PrimaryStageWindow   - Scaled ratio: (1.0, 1.0)
14:18:32.347 [JavaFX Application Thread] DEBUG PrimaryStageWindow   - Scene size: 800.0 x 600.0
14:18:32.347 [JavaFX Application Thread] DEBUG PrimaryStageWindow   - Stage size: 814.4000244140625 x 637.5999755859375
14:18:32.369 [FXGL Background Thread 1 ] DEBUG Engine               - Initializing environment variables
14:18:32.529 [FXGL Background Thread 1 ] DEBUG FXGLAssetLoaderServi - User app class for loading assets: class fxgl.spaceinvader.SpaceInvaderApp
14:18:32.529 [FXGL Background Thread 1 ] DEBUG GameApplicationServi - Applying CSS: fxgl_dark.css
14:18:32.530 [FXGL Background Thread 1 ] DEBUG FXGLAssetLoaderServi - Loading from file system: jar:file:///C:/Users/HP/.m2/repository/com/github/almasb/fxgl/17.3/fxgl-17.3.jar!/fxglassets/ui/css/fxgl_dark.css
14:18:32.606 [FXGL Background Thread 1 ] DEBUG GameApplicationServi - Applying CSS: ui.css
14:18:32.607 [FXGL Background Thread 1 ] DEBUG FXGLAssetLoaderServi - Loading from file system: file:/C:/Users/HP/IdeaProjects/SpaceInvader/target/classes/assets/ui/css/ui.css
14:18:32.608 [FXGL Background Thread 1 ] DEBUG GameApplicationServi - Initializing application scenes
14:18:32.680 [FXGL Background Thread 1 ] DEBUG GameWorld            - Game world initialized
14:18:32.796 [FXGL Background Thread 1 ] DEBUG PhysicsWorld         - Physics world initialized: appHeight=600, physics.ppm=50.0
14:18:32.797 [FXGL Background Thread 1 ] DEBUG PhysicsWorld         - Using strategy: BRUTE_FORCE
14:18:32.803 [FXGL Background Thread 1 ] DEBUG GameScene            - Game scene initialized: 800x600
14:18:32.817 [FXGL Background Thread 1 ] DEBUG FXGLAssetLoaderServi - Loading from file system: file:/C:/Users/HP/IdeaProjects/SpaceInvader/target/classes/assets/textures/background/main_menu.png
14:18:32.904 [FXGL Background Thread 1 ] DEBUG FXGLAssetLoaderServi - Loading from file system: file:/C:/Users/HP/IdeaProjects/SpaceInvader/target/classes/assets/textures/background/Start.png
14:18:32.914 [FXGL Background Thread 1 ] DEBUG FXGLAssetLoaderServi - Loading from file system: file:/C:/Users/HP/IdeaProjects/SpaceInvader/target/classes/assets/textures/background/HighScores.png
14:18:32.918 [FXGL Background Thread 1 ] DEBUG FXGLAssetLoaderServi - Loading from file system: file:/C:/Users/HP/IdeaProjects/SpaceInvader/target/classes/assets/textures/background/Exit.png
14:18:32.933 [FXGL Background Thread 1 ] DEBUG FXGL.DefaultMenu     - createMenuBodyGameMenu()
14:18:32.948 [FXGL Background Thread 1 ] DEBUG FXGL.DefaultMenu     - createOptionsMenu()
14:18:32.961 [FXGL Background Thread 1 ] DEBUG FXGLAssetLoaderServi - Loading from file system: jar:file:///C:/Users/HP/.m2/repository/com/github/almasb/fxgl/17.3/fxgl-17.3.jar!/fxglassets/textures/particles/smoke.png
14:18:33.113 [FXGL Background Thread 1 ] DEBUG FXGLAssetLoaderServi - Loading from file system: jar:file:///C:/Users/HP/.m2/repository/com/github/almasb/fxgl/17.3/fxgl-17.3.jar!/fxglassets/textures/particles/trace_horizontal.png
14:18:33.147 [FXGL Background Thread 1 ] DEBUG GameApplicationServi - Application scenes initialized
14:18:33.169 [FXGL Background Thread 1 ] DEBUG SystemBundleService  - Loading FXGL system data
14:18:33.178 [FXGL Background Thread 1 ] DEBUG FileSystemAccess     - Reading from: C:\Users\HP\IdeaProjects\SpaceInvader\system\fxgl.bundle
14:18:33.191 [FXGL Background Thread 1 ] DEBUG SystemBundleService  - Bundle FXGL: {}
14:18:33.195 [FXGL Background Thread 3 ] DEBUG FXGLApplication      - Loading fonts
14:18:33.195 [FXGL Background Thread 3 ] DEBUG FXGLAssetLoaderServi - Loading from file system: file:/C:/Users/HP/IdeaProjects/SpaceInvader/target/classes/assets/ui/fonts/ARCADECLASSIC.TTF
14:18:33.195 [FXGL Background Thread 1 ] DEBUG FXGLApplication      - Loading default localization
14:18:33.196 [FXGL Background Thread 1 ] DEBUG FXGLAssetLoaderServi - Loading from file system: jar:file:///C:/Users/HP/.m2/repository/com/github/almasb/fxgl/17.3/fxgl-17.3.jar!/fxglassets/languages/english.lang
14:18:33.227 [FXGL Background Thread 1 ] INFO  FXGLApplication      - FXGL initialization took: 0.857 sec
14:18:33.242 [JavaFX Application Thread] DEBUG Input                - Registered new binding: Move Left - Left
14:18:33.243 [JavaFX Application Thread] DEBUG Input                - Registered new binding: Move Right - Right
14:18:33.243 [JavaFX Application Thread] DEBUG Input                - Registered new binding: Shoot - Up
14:18:33.244 [JavaFX Application Thread] DEBUG Input                - Registered new binding: Shield Up - Space
14:18:33.244 [JavaFX Application Thread] DEBUG FXGLAssetLoaderServi - Loading from file system: file:/C:/Users/HP/IdeaProjects/SpaceInvader/target/classes/assets/music/bgm.mp3
14:18:33.448 [JavaFX Application Thread] DEBUG AudioPlayer          - Playing music com.almasb.fxgl.audio.Music@a5cfc8a
14:18:33.451 [JavaFX Application Thread] DEBUG FXGLAssetLoaderServi - Loading from file system: jar:file:///C:/Users/HP/.m2/repository/com/github/almasb/fxgl/17.3/fxgl-17.3.jar!/fxglassets/textures/fxgl_icon.png
14:18:33.467 [JavaFX Application Thread] DEBUG FXGLAssetLoaderServi - Loading from file system: jar:file:///C:/Users/HP/.m2/repository/com/github/almasb/fxgl/17.3/fxgl-17.3.jar!/fxglassets/textures/fxgl_default_cursor.png
14:18:33.470 [JavaFX Application Thread] DEBUG Input                - Registered new binding: Screenshot - CTRL+8
14:18:33.474 [JavaFX Application Thread] DEBUG LoopRunner           - Starting loop
14:18:33.474 [JavaFX Application Thread] DEBUG LoopRunner           - Initializing JavaFX AnimationTimerLoop
14:18:33.478 [JavaFX Application Thread] DEBUG Input                - Clearing active input actions
14:18:33.497 [JavaFX Application Thread] DEBUG GameApplicationServi - Removing overlay from FXGLStartupScene and adding to FXGLMainMenuDummyScene
14:18:33.498 [JavaFX Application Thread] DEBUG PrimaryStageWindow   - FXGLStartupScene -> FXGLMainMenuDummyScene
14:18:33.498 [JavaFX Application Thread] DEBUG PrimaryStageWindow   - Push state: MenuTest
14:18:33.499 [JavaFX Application Thread] DEBUG Input                - Clearing active input actions
14:18:33.507 [JavaFX Application Thread] DEBUG GameApplicationServi - Removing overlay from FXGLMainMenuDummyScene and adding to MenuTest
14:18:33.508 [JavaFX Application Thread] DEBUG PrimaryStageWindow   - FXGLMainMenuDummyScene -> MenuTest
14:18:33.508 [JavaFX Application Thread] DEBUG FXGLApplication      - Registering font factories with UI factory
14:18:34.973 [JavaFX Application Thread] DEBUG Menu                 - fireNewGame()
14:18:34.973 [JavaFX Application Thread] DEBUG GameApplicationServi - Starting new game
14:18:34.973 [JavaFX Application Thread] DEBUG PrimaryStageWindow   - Pop state: MenuTest
14:18:34.973 [JavaFX Application Thread] DEBUG Input                - Clearing active input actions
14:18:34.974 [JavaFX Application Thread] DEBUG GameApplicationServi - Removing overlay from MenuTest and adding to FXGLMainMenuDummyScene
14:18:34.974 [JavaFX Application Thread] DEBUG PrimaryStageWindow   - FXGLMainMenuDummyScene <- MenuTest
14:18:34.975 [JavaFX Application Thread] DEBUG Input                - Clearing active input actions
14:18:34.985 [JavaFX Application Thread] DEBUG GameApplicationServi - Removing overlay from FXGLMainMenuDummyScene and adding to FXGLLoadingScene
14:18:34.985 [JavaFX Application Thread] DEBUG PrimaryStageWindow   - FXGLMainMenuDummyScene -> FXGLLoadingScene
14:18:34.985 [JavaFX Application Thread] DEBUG GameApplicationServi - Clearing previous game
14:18:34.986 [JavaFX Application Thread] DEBUG GameScene            - Clearing game scene
14:18:34.986 [JavaFX Application Thread] DEBUG GameWorld            - Clearing game world
14:18:34.986 [JavaFX Application Thread] DEBUG PhysicsWorld         - Clearing physics world
14:18:34.987 [FXGL Background Thread 3 ] DEBUG FXGLApplication      - Initializing game
14:18:35.002 [FXGL Background Thread 3 ] DEBUG FileSystemAccess     - Reading from: C:\Users\HP\IdeaProjects\SpaceInvader\.\hiscore.dat
14:18:35.101 [FXGL Background Thread 3 ] WARN  TMXLevelLoader       - TiledMap generated from 1.8.6. Supported version: 1.9.0. Some features may not be parsed fully.
14:18:35.122 [FXGL Background Thread 3 ] DEBUG TMXLevelLoader       - Parsed TiledMap: file:/C:/Users/HP/IdeaProjects/SpaceInvader/target/classes/assets/levels/level1.tmx
14:18:35.124 [FXGL Background Thread 3 ] DEBUG TMXLevelLoader       - Creating tile layer entities
14:18:35.127 [FXGL Background Thread 3 ] DEBUG TilesetLoader        - Loading view for layer Background
14:18:35.128 [FXGL Background Thread 3 ] DEBUG TilesetLoader        - Created buffer with size 800.0x592.0
14:18:35.153 [FXGL Background Thread 3 ] DEBUG TMXLevelLoader       - Creating object layer entities
14:18:35.157 [FXGL Background Thread 3 ] DEBUG FXGLAssetLoaderServi - Loading from file system: file:/C:/Users/HP/IdeaProjects/SpaceInvader/target/classes/assets/textures/Egg.png
14:18:35.191 [FXGL Background Thread 3 ] DEBUG FXGLAssetLoaderServi - Loading from file system: file:/C:/Users/HP/IdeaProjects/SpaceInvader/target/classes/assets/textures/Frog.png
14:18:35.201 [FXGL Background Thread 3 ] DEBUG FXGLAssetLoaderServi - Loading from file system: file:/C:/Users/HP/IdeaProjects/SpaceInvader/target/classes/assets/textures/Demon.png
14:18:35.218 [FXGL Background Thread 3 ] DEBUG FXGLAssetLoaderServi - Loading from file system: file:/C:/Users/HP/IdeaProjects/SpaceInvader/target/classes/assets/textures/wall_left_1.png
14:18:35.222 [FXGL Background Thread 3 ] DEBUG FXGLAssetLoaderServi - Loading from file system: file:/C:/Users/HP/IdeaProjects/SpaceInvader/target/classes/assets/textures/wall_right_1.png
14:18:35.228 [FXGL Background Thread 3 ] DEBUG GameWorld            - Clearing removable entities
14:18:35.229 [FXGL Background Thread 3 ] DEBUG GameWorld            - Setting level: com.almasb.fxgl.entity.level.Level@2fef5881
14:18:35.282 [FXGL Background Thread 3 ] DEBUG FXGLAssetLoaderServi - Loading from file system: file:/C:/Users/HP/IdeaProjects/SpaceInvader/target/classes/assets/textures/ship.png
14:18:35.295 [FXGL Background Thread 3 ] INFO  FXGLApplication      - Game initialization took: 0.308 sec
14:18:35.301 [JavaFX Application Thread] DEBUG Input                - Clearing active input actions
14:18:35.315 [JavaFX Application Thread] DEBUG GameApplicationServi - Removing overlay from FXGLLoadingScene and adding to GameScene
14:18:35.316 [JavaFX Application Thread] DEBUG PrimaryStageWindow   - FXGLLoadingScene -> GameScene
14:18:36.194 [FXGL Background Thread 2 ] DEBUG Engine               - Logging environment variables
14:18:36.194 [FXGL Background Thread 2 ] DEBUG Engine               - achievements: []
14:18:36.194 [FXGL Background Thread 2 ] DEBUG Engine               - actualHeight: 600.0
14:18:36.195 [FXGL Background Thread 2 ] DEBUG Engine               - actualHeightProperty: ReadOnlyDoubleProperty [value: 600.0]
14:18:36.195 [FXGL Background Thread 2 ] DEBUG Engine               - actualWidth: 800.0
14:18:36.195 [FXGL Background Thread 2 ] DEBUG Engine               - actualWidthProperty: ReadOnlyDoubleProperty [value: 800.0]
14:18:36.195 [FXGL Background Thread 2 ] DEBUG Engine               - appIcon: fxgl_icon.png
14:18:36.195 [FXGL Background Thread 2 ] DEBUG Engine               - applicationMode: RELEASE
14:18:36.195 [FXGL Background Thread 2 ] DEBUG Engine               - cSSList: [fxgl_dark.css, ui.css]
14:18:36.195 [FXGL Background Thread 2 ] DEBUG Engine               - collisionDetectionStrategy: BRUTE_FORCE
14:18:36.195 [FXGL Background Thread 2 ] DEBUG Engine               - configClass: Optional.empty
14:18:36.195 [FXGL Background Thread 2 ] DEBUG Engine               - credits: []
14:18:36.195 [FXGL Background Thread 2 ] DEBUG Engine               - defaultCursor: CursorInfo(imageName=fxgl_default_cursor.png, hotspotX=7.0, hotspotY=6.0)
14:18:36.195 [FXGL Background Thread 2 ] DEBUG Engine               - devBBoxColorProperty: ObjectProperty [value: 0xff0000ff]
14:18:36.196 [FXGL Background Thread 2 ] DEBUG Engine               - devEnableDebugCameraProperty: BooleanProperty [value: false]
14:18:36.196 [FXGL Background Thread 2 ] DEBUG Engine               - devSensorColorProperty: ObjectProperty [value: 0xffff00ff]
14:18:36.196 [FXGL Background Thread 2 ] DEBUG Engine               - devShowBBoxProperty: BooleanProperty [value: false]
14:18:36.196 [FXGL Background Thread 2 ] DEBUG Engine               - devShowPositionProperty: BooleanProperty [value: false]
14:18:36.196 [FXGL Background Thread 2 ] DEBUG Engine               - enabledMenuItems: []
14:18:36.196 [FXGL Background Thread 2 ] DEBUG Engine               - engineServices: [class com.almasb.fxgl.app.services.FXGLAssetLoaderService, class com.almasb.fxgl.app.FXGLApplication$GameApplicationService, class com.almasb.fxgl.app.services.FXGLDialogService, class com.almasb.fxgl.app.services.IOTaskExecutorService, class com.almasb.fxgl.io.FileSystemService, class com.almasb.fxgl.localization.LocalizationService, class com.almasb.fxgl.app.services.SystemBundleService, class com.almasb.fxgl.profile.SaveLoadService, class com.almasb.fxgl.ui.FXGLUIFactoryServiceProvider, class com.almasb.fxgl.ui.FXGLDialogFactoryServiceProvider, class com.almasb.fxgl.audio.AudioPlayer, class com.almasb.fxgl.notification.impl.NotificationServiceProvider, class com.almasb.fxgl.achievement.AchievementService, class com.almasb.fxgl.cutscene.CutsceneService, class com.almasb.fxgl.minigames.MiniGameService, class com.almasb.fxgl.net.NetService, class com.almasb.fxgl.app.services.UpdaterService, class com.almasb.fxgl.dev.DevService]
14:18:36.196 [FXGL Background Thread 2 ] DEBUG Engine               - fontGame: ARCADECLASSIC.TTF
14:18:36.196 [FXGL Background Thread 2 ] DEBUG Engine               - fontMono: ARCADECLASSIC.TTF
14:18:36.196 [FXGL Background Thread 2 ] DEBUG Engine               - fontSizeScaleUI: 1.0
14:18:36.196 [FXGL Background Thread 2 ] DEBUG Engine               - fontText: ARCADECLASSIC.TTF
14:18:36.196 [FXGL Background Thread 2 ] DEBUG Engine               - fontUI: ARCADECLASSIC.TTF
14:18:36.197 [FXGL Background Thread 2 ] DEBUG Engine               - fullScreen: BooleanProperty [value: false]
14:18:36.197 [FXGL Background Thread 2 ] DEBUG Engine               - gameDifficulty: MEDIUM
14:18:36.197 [FXGL Background Thread 2 ] DEBUG Engine               - gameDifficultyProperty: ObjectProperty [value: MEDIUM]
14:18:36.197 [FXGL Background Thread 2 ] DEBUG Engine               - globalMusicVolume: 0.5
14:18:36.197 [FXGL Background Thread 2 ] DEBUG Engine               - globalMusicVolumeProperty: DoubleProperty [value: 0.5]
14:18:36.197 [FXGL Background Thread 2 ] DEBUG Engine               - globalSoundVolume: 0.5
14:18:36.197 [FXGL Background Thread 2 ] DEBUG Engine               - globalSoundVolumeProperty: DoubleProperty [value: 0.1]
14:18:36.197 [FXGL Background Thread 2 ] DEBUG Engine               - height: 600
14:18:36.197 [FXGL Background Thread 2 ] DEBUG Engine               - is3D: false
14:18:36.197 [FXGL Background Thread 2 ] DEBUG Engine               - isAndroid: false
14:18:36.197 [FXGL Background Thread 2 ] DEBUG Engine               - isBrowser: false
14:18:36.197 [FXGL Background Thread 2 ] DEBUG Engine               - isClickFeedbackEnabled: false
14:18:36.197 [FXGL Background Thread 2 ] DEBUG Engine               - isCloseConfirmation: false
14:18:36.197 [FXGL Background Thread 2 ] DEBUG Engine               - isDesktop: true
14:18:36.197 [FXGL Background Thread 2 ] DEBUG Engine               - isDeveloperMenuEnabled: false
14:18:36.197 [FXGL Background Thread 2 ] DEBUG Engine               - isEmbedded: false
14:18:36.197 [FXGL Background Thread 2 ] DEBUG Engine               - isEntityPreloadEnabled: true
14:18:36.197 [FXGL Background Thread 2 ] DEBUG Engine               - isExperimentalTiledLargeMap: false
14:18:36.197 [FXGL Background Thread 2 ] DEBUG Engine               - isFileSystemWriteAllowed: true
14:18:36.198 [FXGL Background Thread 2 ] DEBUG Engine               - isFullScreenAllowed: false
14:18:36.198 [FXGL Background Thread 2 ] DEBUG Engine               - isFullScreenFromStart: false
14:18:36.198 [FXGL Background Thread 2 ] DEBUG Engine               - isGameMenuEnabled: true
14:18:36.198 [FXGL Background Thread 2 ] DEBUG Engine               - isIOS: false
14:18:36.198 [FXGL Background Thread 2 ] DEBUG Engine               - isIntroEnabled: false
14:18:36.198 [FXGL Background Thread 2 ] DEBUG Engine               - isLinux: false
14:18:36.198 [FXGL Background Thread 2 ] DEBUG Engine               - isMac: false
14:18:36.198 [FXGL Background Thread 2 ] DEBUG Engine               - isMainMenuEnabled: true
14:18:36.198 [FXGL Background Thread 2 ] DEBUG Engine               - isManualResizeEnabled: true
14:18:36.198 [FXGL Background Thread 2 ] DEBUG Engine               - isMobile: false
14:18:36.198 [FXGL Background Thread 2 ] DEBUG Engine               - isNative: false
14:18:36.198 [FXGL Background Thread 2 ] DEBUG Engine               - isPauseMusicWhenMinimized: true
14:18:36.198 [FXGL Background Thread 2 ] DEBUG Engine               - isPreserveResizeRatio: true
14:18:36.198 [FXGL Background Thread 2 ] DEBUG Engine               - isProfilingEnabled: false
14:18:36.198 [FXGL Background Thread 2 ] DEBUG Engine               - isScaleAffectedOnResize: true
14:18:36.198 [FXGL Background Thread 2 ] DEBUG Engine               - isSingleStep: false
14:18:36.198 [FXGL Background Thread 2 ] DEBUG Engine               - isUserProfileEnabled: false
14:18:36.198 [FXGL Background Thread 2 ] DEBUG Engine               - isWindows: true
14:18:36.199 [FXGL Background Thread 2 ] DEBUG Engine               - language: ObjectProperty [value: ENGLISH]
14:18:36.199 [FXGL Background Thread 2 ] DEBUG Engine               - menuKey: ESCAPE
14:18:36.199 [FXGL Background Thread 2 ] DEBUG Engine               - mouseSensitivity: 0.2
14:18:36.199 [FXGL Background Thread 2 ] DEBUG Engine               - notificationViewClass: class com.almasb.fxgl.notification.view.XboxNotificationView
14:18:36.199 [FXGL Background Thread 2 ] DEBUG Engine               - pixelsPerMeter: 50.0
14:18:36.199 [FXGL Background Thread 2 ] DEBUG Engine               - platform: WINDOWS
14:18:36.199 [FXGL Background Thread 2 ] DEBUG Engine               - prefHeightProperty: ReadOnlyDoubleProperty [value: 600.0]
14:18:36.199 [FXGL Background Thread 2 ] DEBUG Engine               - prefWidthProperty: ReadOnlyDoubleProperty [value: 800.0]
14:18:36.200 [FXGL Background Thread 2 ] DEBUG Engine               - profileDir: profiles/
14:18:36.200 [FXGL Background Thread 2 ] DEBUG Engine               - profileName: StringProperty [value: DEFAULT]
14:18:36.201 [FXGL Background Thread 2 ] DEBUG Engine               - randomSeed: -1
14:18:36.201 [FXGL Background Thread 2 ] DEBUG Engine               - runtimeInfo: RuntimeInfo(platform=WINDOWS, version=17.3, build=30.03.2023 11.49)
14:18:36.201 [FXGL Background Thread 2 ] DEBUG Engine               - saveFileExt: sav
14:18:36.202 [FXGL Background Thread 2 ] DEBUG Engine               - scaledHeightProp$fxgl: DoubleProperty [bound, value: 600.0]
14:18:36.202 [FXGL Background Thread 2 ] DEBUG Engine               - scaledWidthProp$fxgl: DoubleProperty [bound, value: 800.0]
14:18:36.202 [FXGL Background Thread 2 ] DEBUG Engine               - sceneFactory: fxgl.spaceinvader.ui.MySceneFactory@12adf6d9
14:18:36.202 [FXGL Background Thread 2 ] DEBUG Engine               - secondsIn24h: 60
14:18:36.202 [FXGL Background Thread 2 ] DEBUG Engine               - soundMenuBack: menu/back.wav
14:18:36.202 [FXGL Background Thread 2 ] DEBUG Engine               - soundMenuPress: menu/press.wav
14:18:36.202 [FXGL Background Thread 2 ] DEBUG Engine               - soundMenuSelect: menu/select.wav
14:18:36.202 [FXGL Background Thread 2 ] DEBUG Engine               - soundNotification: core/notification.wav
14:18:36.202 [FXGL Background Thread 2 ] DEBUG Engine               - stageStyle: DECORATED
14:18:36.202 [FXGL Background Thread 2 ] DEBUG Engine               - supportedLanguages: [ENGLISH, FRENCH, GERMAN, HUNGARIAN, RUSSIAN]
14:18:36.202 [FXGL Background Thread 2 ] DEBUG Engine               - ticksPerSecond: -1
14:18:36.202 [FXGL Background Thread 2 ] DEBUG Engine               - title: Space Invaders
14:18:36.202 [FXGL Background Thread 2 ] DEBUG Engine               - urlGithub: https://github.com/AlmasB/FXGL
14:18:36.202 [FXGL Background Thread 2 ] DEBUG Engine               - urlLeaderboard: http://fxgl-top.herokuapp.com/
14:18:36.202 [FXGL Background Thread 2 ] DEBUG Engine               - urlPOM: https://raw.githubusercontent.com/AlmasB/FXGL/release/README.md
14:18:36.202 [FXGL Background Thread 2 ] DEBUG Engine               - userAppClass: class fxgl.spaceinvader.SpaceInvaderApp
14:18:36.202 [FXGL Background Thread 2 ] DEBUG Engine               - version: 1.0.1
14:18:36.202 [FXGL Background Thread 2 ] DEBUG Engine               - versionCheckDays: 7
14:18:36.202 [FXGL Background Thread 2 ] DEBUG Engine               - width: 800
14:18:36.202 [FXGL Background Thread 2 ] DEBUG Engine               - Logging services
14:18:36.202 [FXGL Background Thread 2 ] DEBUG Engine               - class com.almasb.fxgl.app.services.FXGLAssetLoaderService
14:18:36.202 [FXGL Background Thread 2 ] DEBUG Engine               - class com.almasb.fxgl.app.FXGLApplication$GameApplicationService
14:18:36.202 [FXGL Background Thread 2 ] DEBUG Engine               - class com.almasb.fxgl.app.services.FXGLDialogService
14:18:36.202 [FXGL Background Thread 2 ] DEBUG Engine               - class com.almasb.fxgl.app.services.IOTaskExecutorService
14:18:36.203 [FXGL Background Thread 2 ] DEBUG Engine               - class com.almasb.fxgl.io.FileSystemService
14:18:36.203 [FXGL Background Thread 2 ] DEBUG Engine               - class com.almasb.fxgl.localization.LocalizationService
14:18:36.203 [FXGL Background Thread 2 ] DEBUG Engine               - class com.almasb.fxgl.app.services.SystemBundleService
14:18:36.203 [FXGL Background Thread 2 ] DEBUG Engine               - class com.almasb.fxgl.profile.SaveLoadService
14:18:36.203 [FXGL Background Thread 2 ] DEBUG Engine               - class com.almasb.fxgl.ui.FXGLUIFactoryServiceProvider
14:18:36.203 [FXGL Background Thread 2 ] DEBUG Engine               - class com.almasb.fxgl.ui.FXGLDialogFactoryServiceProvider
14:18:36.203 [FXGL Background Thread 2 ] DEBUG Engine               - class com.almasb.fxgl.audio.AudioPlayer
14:18:36.203 [FXGL Background Thread 2 ] DEBUG Engine               - class com.almasb.fxgl.notification.impl.NotificationServiceProvider
14:18:36.203 [FXGL Background Thread 2 ] DEBUG Engine               - class com.almasb.fxgl.achievement.AchievementService
14:18:36.203 [FXGL Background Thread 2 ] DEBUG Engine               - class com.almasb.fxgl.cutscene.CutsceneService
14:18:36.203 [FXGL Background Thread 2 ] DEBUG Engine               - class com.almasb.fxgl.minigames.MiniGameService
14:18:36.203 [FXGL Background Thread 2 ] DEBUG Engine               - class com.almasb.fxgl.net.NetService
14:18:36.203 [FXGL Background Thread 2 ] DEBUG Engine               - class com.almasb.fxgl.app.services.UpdaterService
14:18:36.203 [FXGL Background Thread 2 ] DEBUG Engine               - class com.almasb.fxgl.dev.DevService
14:18:36.977 [JavaFX Application Thread] DEBUG FXGLAssetLoaderServi - Loading from file system: file:/C:/Users/HP/IdeaProjects/SpaceInvader/target/classes/assets/textures/EnemyBullet.png
14:18:36.986 [JavaFX Application Thread] DEBUG FXGLAssetLoaderServi - Loading from file system: file:/C:/Users/HP/IdeaProjects/SpaceInvader/target/classes/assets/textures/EnemyCluster.png
14:18:37.536 [JavaFX Application Thread] DEBUG FXGLAssetLoaderServi - Loading from file system: file:/C:/Users/HP/IdeaProjects/SpaceInvader/target/classes/assets/textures/wall_left_2.png
14:18:37.538 [JavaFX Application Thread] DEBUG FXGLAssetLoaderServi - Loading from file system: file:/C:/Users/HP/IdeaProjects/SpaceInvader/target/classes/assets/textures/wall_right_2.png
14:18:38.559 [JavaFX Application Thread] DEBUG FXGLAssetLoaderServi - Loading from file system: file:/C:/Users/HP/IdeaProjects/SpaceInvader/target/classes/assets/textures/wall_left_3.png
14:18:40.513 [JavaFX Application Thread] DEBUG FXGLApplication      - Exiting FXGL
14:18:40.513 [JavaFX Application Thread] DEBUG LoopRunner           - Stopping loop
14:18:40.513 [JavaFX Application Thread] DEBUG SystemBundleService  - Saving FXGL system data
14:18:40.515 [JavaFX Application Thread] DEBUG FileSystemAccess     - Writing to: C:\Users\HP\IdeaProjects\SpaceInvader\system\fxgl.bundle
14:18:40.517 [JavaFX Application Thread] DEBUG Async                - Shutting down background threads
14:18:40.518 [JavaFX Application Thread] DEBUG PrimaryStageWindow   - Closing main window
14:18:40.535 [JavaFX Application Thread] DEBUG Logger               - Closing Logger
