14:46:50.324 [main                     ] DEBUG Logger               - Configured Logger
14:46:50.346 [main                     ] DEBUG GameApplication      - Logging settings
Title: Space Invaders
Version: 1.0.1
Width: 512
Height: 720
Fullscreen: false
Intro: false
Profiling: false
Single step:false
App Mode: RELEASE
Menu Key: ESCAPE
Stage Style: DECORATED
Scene Factory: class com.almasb.fxgl.app.scene.SceneFactory

14:46:50.663 [JavaFX Application Thread] DEBUG FXGLApplication      - Initializing FXGL
14:46:50.668 [JavaFX Application Thread] INFO  Engine               - FXGL-17.3 (30.03.2023 11.49) on WINDOWS (J:23 FX:17.0.6)
14:46:50.668 [JavaFX Application Thread] DEBUG Engine               - JRE Vendor Name: Oracle Corporation
14:46:50.669 [JavaFX Application Thread] DEBUG Engine               - Running on OS: Windows 10 version 10.0
14:46:50.669 [JavaFX Application Thread] DEBUG Engine               - Architecture: amd64
14:46:50.669 [JavaFX Application Thread] INFO  Engine               - Source code and latest versions at: https://github.com/AlmasB/FXGL
14:46:50.669 [JavaFX Application Thread] INFO  Engine               -       Ask questions and discuss at: https://github.com/AlmasB/FXGL/discussions
14:46:50.669 [JavaFX Application Thread] INFO  Engine               -              Join the FXGL chat at: https://gitter.im/AlmasB/FXGL
14:46:50.760 [JavaFX Application Thread] DEBUG PrimaryStageWindow   - Creating a JavaFX scene
14:46:50.809 [JavaFX Application Thread] DEBUG PrimaryStageWindow   - Target settings size: 512.0 x 720.0
14:46:50.809 [JavaFX Application Thread] DEBUG PrimaryStageWindow   - Scaled scene size:    512.0 x 720.0
14:46:50.809 [JavaFX Application Thread] DEBUG PrimaryStageWindow   - Scaled ratio: (1.0, 1.0)
14:46:50.810 [JavaFX Application Thread] DEBUG PrimaryStageWindow   - Set initial scene to FXGLStartupScene
14:46:50.817 [JavaFX Application Thread] DEBUG PrimaryStageWindow   - Opening main window
14:46:50.898 [JavaFX Application Thread] DEBUG PrimaryStageWindow   - Window border size: (14.4000244140625, 37.5999755859375)
14:46:50.899 [JavaFX Application Thread] DEBUG PrimaryStageWindow   - Scaled size: 512.0 x 720.0
14:46:50.899 [JavaFX Application Thread] DEBUG PrimaryStageWindow   - Scaled ratio: (1.0, 1.0)
14:46:50.899 [JavaFX Application Thread] DEBUG PrimaryStageWindow   - Scene size: 512.0 x 720.0
14:46:50.900 [JavaFX Application Thread] DEBUG PrimaryStageWindow   - Stage size: 526.4000244140625 x 757.5999755859375
14:46:50.911 [FXGL Background Thread 1 ] DEBUG Engine               - Initializing environment variables
14:46:51.032 [FXGL Background Thread 1 ] DEBUG FXGLAssetLoaderServi - User app class for loading assets: class fxgl.spaceinvader.SpaceInvaderApp
14:46:51.032 [FXGL Background Thread 1 ] DEBUG GameApplicationServi - Applying CSS: fxgl_dark.css
14:46:51.033 [FXGL Background Thread 1 ] DEBUG FXGLAssetLoaderServi - Loading from file system: jar:file:///C:/Users/HP/.m2/repository/com/github/almasb/fxgl/17.3/fxgl-17.3.jar!/fxglassets/ui/css/fxgl_dark.css
14:46:51.087 [FXGL Background Thread 1 ] DEBUG GameApplicationServi - Initializing application scenes
14:46:51.134 [FXGL Background Thread 1 ] DEBUG GameWorld            - Game world initialized
14:46:51.212 [FXGL Background Thread 1 ] DEBUG PhysicsWorld         - Physics world initialized: appHeight=720, physics.ppm=50.0
14:46:51.213 [FXGL Background Thread 1 ] DEBUG PhysicsWorld         - Using strategy: BRUTE_FORCE
14:46:51.218 [FXGL Background Thread 1 ] DEBUG GameScene            - Game scene initialized: 512x720
14:46:51.234 [FXGL Background Thread 1 ] WARN  FXGL.DefaultMenu     - FXGLDefaultMenu is not designed for resolutions < 800x600
14:46:51.234 [FXGL Background Thread 1 ] DEBUG FXGL.DefaultMenu     - createMenuBodyMainMenu()
14:46:51.251 [FXGL Background Thread 1 ] DEBUG FXGL.DefaultMenu     - createOptionsMenu()
14:46:51.264 [FXGL Background Thread 1 ] DEBUG FXGLAssetLoaderServi - Loading from file system: jar:file:///C:/Users/HP/.m2/repository/com/github/almasb/fxgl/17.3/fxgl-17.3.jar!/fxglassets/textures/particles/smoke.png
14:46:51.355 [FXGL Background Thread 1 ] DEBUG FXGLAssetLoaderServi - Loading from file system: jar:file:///C:/Users/HP/.m2/repository/com/github/almasb/fxgl/17.3/fxgl-17.3.jar!/fxglassets/textures/particles/trace_horizontal.png
14:46:51.391 [FXGL Background Thread 1 ] WARN  FXGL.DefaultMenu     - FXGLDefaultMenu is not designed for resolutions < 800x600
14:46:51.391 [FXGL Background Thread 1 ] DEBUG FXGL.DefaultMenu     - createMenuBodyGameMenu()
14:46:51.392 [FXGL Background Thread 1 ] DEBUG FXGL.DefaultMenu     - createOptionsMenu()
14:46:51.408 [FXGL Background Thread 1 ] DEBUG GameApplicationServi - Application scenes initialized
14:46:51.419 [FXGL Background Thread 1 ] DEBUG SystemBundleService  - Loading FXGL system data
14:46:51.425 [FXGL Background Thread 1 ] DEBUG FileSystemAccess     - Reading from: C:\Users\HP\IdeaProjects\SpaceInvader\system\fxgl.bundle
14:46:51.432 [FXGL Background Thread 1 ] DEBUG SystemBundleService  - Bundle FXGL: {}
14:46:51.434 [FXGL Background Thread 3 ] DEBUG FXGLApplication      - Loading fonts
14:46:51.435 [FXGL Background Thread 3 ] DEBUG FXGLAssetLoaderServi - Loading from file system: jar:file:///C:/Users/HP/.m2/repository/com/github/almasb/fxgl/17.3/fxgl-17.3.jar!/fxglassets/ui/fonts/VarelaRound-Regular.ttf
14:46:51.435 [FXGL Background Thread 1 ] DEBUG FXGLApplication      - Loading default localization
14:46:51.435 [FXGL Background Thread 1 ] DEBUG FXGLAssetLoaderServi - Loading from file system: jar:file:///C:/Users/HP/.m2/repository/com/github/almasb/fxgl/17.3/fxgl-17.3.jar!/fxglassets/languages/english.lang
14:46:51.453 [FXGL Background Thread 1 ] INFO  FXGLApplication      - FXGL initialization took: 0.542 sec
14:46:51.463 [JavaFX Application Thread] DEBUG Input                - Registered new binding: Move Left - Left
14:46:51.463 [JavaFX Application Thread] DEBUG Input                - Registered new binding: Move Right - Right
14:46:51.463 [JavaFX Application Thread] DEBUG Input                - Registered new binding: Shoot - Up
14:46:51.463 [FXGL Background Thread 3 ] DEBUG FXGLAssetLoaderServi - Loading from file system: jar:file:///C:/Users/HP/.m2/repository/com/github/almasb/fxgl/17.3/fxgl-17.3.jar!/fxglassets/ui/fonts/Abel-Regular.ttf
14:46:51.463 [JavaFX Application Thread] DEBUG FXGLAssetLoaderServi - Loading from file system: jar:file:///C:/Users/HP/.m2/repository/com/github/almasb/fxgl/17.3/fxgl-17.3.jar!/fxglassets/textures/fxgl_icon.png
14:46:51.466 [FXGL Background Thread 3 ] DEBUG FXGLAssetLoaderServi - Loading from file system: jar:file:///C:/Users/HP/.m2/repository/com/github/almasb/fxgl/17.3/fxgl-17.3.jar!/fxglassets/ui/fonts/TerminalLandMono-Regular.otf
14:46:51.470 [FXGL Background Thread 3 ] DEBUG FXGLAssetLoaderServi - Loading from file system: jar:file:///C:/Users/HP/.m2/repository/com/github/almasb/fxgl/17.3/fxgl-17.3.jar!/fxglassets/ui/fonts/Courier-Prime.ttf
14:46:51.485 [JavaFX Application Thread] DEBUG FXGLAssetLoaderServi - Loading from file system: jar:file:///C:/Users/HP/.m2/repository/com/github/almasb/fxgl/17.3/fxgl-17.3.jar!/fxglassets/textures/fxgl_default_cursor.png
14:46:51.487 [JavaFX Application Thread] DEBUG Input                - Registered new binding: Screenshot - CTRL+8
14:46:51.491 [JavaFX Application Thread] DEBUG LoopRunner           - Starting loop
14:46:51.491 [JavaFX Application Thread] DEBUG LoopRunner           - Initializing JavaFX AnimationTimerLoop
14:46:51.493 [JavaFX Application Thread] DEBUG Input                - Clearing active input actions
14:46:51.501 [JavaFX Application Thread] DEBUG GameApplicationServi - Removing overlay from FXGLStartupScene and adding to FXGLMainMenuDummyScene
14:46:51.502 [JavaFX Application Thread] DEBUG PrimaryStageWindow   - FXGLStartupScene -> FXGLMainMenuDummyScene
14:46:51.502 [JavaFX Application Thread] DEBUG PrimaryStageWindow   - Push state: FXGLDefaultMenu
14:46:51.506 [JavaFX Application Thread] DEBUG Input                - Clearing active input actions
14:46:51.513 [JavaFX Application Thread] DEBUG GameApplicationServi - Removing overlay from FXGLMainMenuDummyScene and adding to FXGLDefaultMenu
14:46:51.514 [JavaFX Application Thread] DEBUG PrimaryStageWindow   - FXGLMainMenuDummyScene -> FXGLDefaultMenu
14:46:51.514 [JavaFX Application Thread] DEBUG FXGLApplication      - Registering font factories with UI factory
14:46:52.429 [JavaFX Application Thread] DEBUG Menu                 - fireNewGame()
14:46:52.429 [JavaFX Application Thread] DEBUG GameApplicationServi - Starting new game
14:46:52.431 [JavaFX Application Thread] DEBUG PrimaryStageWindow   - Pop state: FXGLDefaultMenu
14:46:52.431 [JavaFX Application Thread] DEBUG Input                - Clearing active input actions
14:46:52.432 [JavaFX Application Thread] DEBUG GameApplicationServi - Removing overlay from FXGLDefaultMenu and adding to FXGLMainMenuDummyScene
14:46:52.432 [JavaFX Application Thread] DEBUG PrimaryStageWindow   - FXGLMainMenuDummyScene <- FXGLDefaultMenu
14:46:52.432 [JavaFX Application Thread] DEBUG Input                - Clearing active input actions
14:46:52.444 [JavaFX Application Thread] DEBUG GameApplicationServi - Removing overlay from FXGLMainMenuDummyScene and adding to FXGLLoadingScene
14:46:52.445 [JavaFX Application Thread] DEBUG PrimaryStageWindow   - FXGLMainMenuDummyScene -> FXGLLoadingScene
14:46:52.445 [JavaFX Application Thread] DEBUG GameApplicationServi - Clearing previous game
14:46:52.445 [JavaFX Application Thread] DEBUG GameScene            - Clearing game scene
14:46:52.445 [JavaFX Application Thread] DEBUG GameWorld            - Clearing game world
14:46:52.445 [JavaFX Application Thread] DEBUG PhysicsWorld         - Clearing physics world
14:46:52.448 [FXGL Background Thread 3 ] DEBUG FXGLApplication      - Initializing game
14:46:52.533 [FXGL Background Thread 3 ] WARN  TMXLevelLoader       - TiledMap generated from 1.8.6. Supported version: 1.9.0. Some features may not be parsed fully.
14:46:52.549 [FXGL Background Thread 3 ] DEBUG TMXLevelLoader       - Parsed TiledMap: file:/C:/Users/HP/IdeaProjects/SpaceInvader/target/classes/assets/levels/level1.tmx
14:46:52.550 [FXGL Background Thread 3 ] DEBUG TMXLevelLoader       - Creating tile layer entities
14:46:52.552 [FXGL Background Thread 3 ] DEBUG TilesetLoader        - Loading view for layer Background
14:46:52.553 [FXGL Background Thread 3 ] DEBUG TilesetLoader        - Created buffer with size 512.0x720.0
14:46:52.565 [FXGL Background Thread 3 ] DEBUG TilesetLoader        - Loading view for layer UI
14:46:52.566 [FXGL Background Thread 3 ] DEBUG TilesetLoader        - Created buffer with size 512.0x720.0
14:46:52.566 [FXGL Background Thread 3 ] DEBUG TMXLevelLoader       - Creating object layer entities
14:46:52.573 [FXGL Background Thread 3 ] DEBUG FXGLAssetLoaderServi - Loading from file system: file:/C:/Users/HP/IdeaProjects/SpaceInvader/target/classes/assets/textures/Enemy.png
14:46:52.602 [FXGL Background Thread 3 ] DEBUG FXGLAssetLoaderServi - Loading from file system: file:/C:/Users/HP/IdeaProjects/SpaceInvader/target/classes/assets/textures/wall_left_1.png
14:46:52.608 [FXGL Background Thread 3 ] DEBUG FXGLAssetLoaderServi - Loading from file system: file:/C:/Users/HP/IdeaProjects/SpaceInvader/target/classes/assets/textures/wall_right_1.png
14:46:52.614 [FXGL Background Thread 3 ] DEBUG GameWorld            - Clearing removable entities
14:46:52.614 [FXGL Background Thread 3 ] DEBUG GameWorld            - Setting level: com.almasb.fxgl.entity.level.Level@6b4b06d1
14:46:52.663 [FXGL Background Thread 3 ] DEBUG FXGLAssetLoaderServi - Loading from file system: file:/C:/Users/HP/IdeaProjects/SpaceInvader/target/classes/assets/textures/player.png
14:46:52.667 [FXGL Background Thread 3 ] WARN  GameWorld            - Entity is already attached to world
14:46:52.669 [FXGL Background Thread 3 ] INFO  FXGLApplication      - Game initialization took: 0.220 sec
14:46:52.671 [JavaFX Application Thread] DEBUG Input                - Clearing active input actions
14:46:52.679 [JavaFX Application Thread] DEBUG GameApplicationServi - Removing overlay from FXGLLoadingScene and adding to GameScene
14:46:52.679 [JavaFX Application Thread] DEBUG PrimaryStageWindow   - FXGLLoadingScene -> GameScene
14:46:54.433 [FXGL Background Thread 2 ] DEBUG Engine               - Logging environment variables
14:46:54.434 [FXGL Background Thread 2 ] DEBUG Engine               - achievements: []
14:46:54.434 [FXGL Background Thread 2 ] DEBUG Engine               - actualHeight: 720.0
14:46:54.434 [FXGL Background Thread 2 ] DEBUG Engine               - actualHeightProperty: ReadOnlyDoubleProperty [value: 720.0]
14:46:54.434 [FXGL Background Thread 2 ] DEBUG Engine               - actualWidth: 512.0
14:46:54.434 [FXGL Background Thread 2 ] DEBUG Engine               - actualWidthProperty: ReadOnlyDoubleProperty [value: 512.0]
14:46:54.434 [FXGL Background Thread 2 ] DEBUG Engine               - appIcon: fxgl_icon.png
14:46:54.434 [FXGL Background Thread 2 ] DEBUG Engine               - applicationMode: RELEASE
14:46:54.434 [FXGL Background Thread 2 ] DEBUG Engine               - cSSList: [fxgl_dark.css]
14:46:54.434 [FXGL Background Thread 2 ] DEBUG Engine               - collisionDetectionStrategy: BRUTE_FORCE
14:46:54.434 [FXGL Background Thread 2 ] DEBUG Engine               - configClass: Optional.empty
14:46:54.435 [FXGL Background Thread 2 ] DEBUG Engine               - credits: []
14:46:54.435 [FXGL Background Thread 2 ] DEBUG Engine               - defaultCursor: CursorInfo(imageName=fxgl_default_cursor.png, hotspotX=7.0, hotspotY=6.0)
14:46:54.435 [FXGL Background Thread 2 ] DEBUG Engine               - devBBoxColorProperty: ObjectProperty [value: 0xff0000ff]
14:46:54.435 [FXGL Background Thread 2 ] DEBUG Engine               - devEnableDebugCameraProperty: BooleanProperty [value: false]
14:46:54.435 [FXGL Background Thread 2 ] DEBUG Engine               - devSensorColorProperty: ObjectProperty [value: 0xffff00ff]
14:46:54.435 [FXGL Background Thread 2 ] DEBUG Engine               - devShowBBoxProperty: BooleanProperty [value: false]
14:46:54.435 [FXGL Background Thread 2 ] DEBUG Engine               - devShowPositionProperty: BooleanProperty [value: false]
14:46:54.436 [FXGL Background Thread 2 ] DEBUG Engine               - enabledMenuItems: []
14:46:54.436 [FXGL Background Thread 2 ] DEBUG Engine               - engineServices: [class com.almasb.fxgl.app.services.FXGLAssetLoaderService, class com.almasb.fxgl.app.FXGLApplication$GameApplicationService, class com.almasb.fxgl.app.services.FXGLDialogService, class com.almasb.fxgl.app.services.IOTaskExecutorService, class com.almasb.fxgl.io.FileSystemService, class com.almasb.fxgl.localization.LocalizationService, class com.almasb.fxgl.app.services.SystemBundleService, class com.almasb.fxgl.profile.SaveLoadService, class com.almasb.fxgl.ui.FXGLUIFactoryServiceProvider, class com.almasb.fxgl.ui.FXGLDialogFactoryServiceProvider, class com.almasb.fxgl.audio.AudioPlayer, class com.almasb.fxgl.notification.impl.NotificationServiceProvider, class com.almasb.fxgl.achievement.AchievementService, class com.almasb.fxgl.cutscene.CutsceneService, class com.almasb.fxgl.minigames.MiniGameService, class com.almasb.fxgl.net.NetService, class com.almasb.fxgl.app.services.UpdaterService, class com.almasb.fxgl.dev.DevService]
14:46:54.436 [FXGL Background Thread 2 ] DEBUG Engine               - fontGame: Abel-Regular.ttf
14:46:54.436 [FXGL Background Thread 2 ] DEBUG Engine               - fontMono: TerminalLandMono-Regular.otf
14:46:54.436 [FXGL Background Thread 2 ] DEBUG Engine               - fontSizeScaleUI: 1.0
14:46:54.436 [FXGL Background Thread 2 ] DEBUG Engine               - fontText: Courier-Prime.ttf
14:46:54.436 [FXGL Background Thread 2 ] DEBUG Engine               - fontUI: VarelaRound-Regular.ttf
14:46:54.436 [FXGL Background Thread 2 ] DEBUG Engine               - fullScreen: BooleanProperty [value: false]
14:46:54.436 [FXGL Background Thread 2 ] DEBUG Engine               - gameDifficulty: MEDIUM
14:46:54.436 [FXGL Background Thread 2 ] DEBUG Engine               - gameDifficultyProperty: ObjectProperty [value: MEDIUM]
14:46:54.436 [FXGL Background Thread 2 ] DEBUG Engine               - globalMusicVolume: 0.5
14:46:54.436 [FXGL Background Thread 2 ] DEBUG Engine               - globalMusicVolumeProperty: DoubleProperty [value: 0.5]
14:46:54.436 [FXGL Background Thread 2 ] DEBUG Engine               - globalSoundVolume: 0.5
14:46:54.436 [FXGL Background Thread 2 ] DEBUG Engine               - globalSoundVolumeProperty: DoubleProperty [value: 0.5]
14:46:54.436 [FXGL Background Thread 2 ] DEBUG Engine               - height: 720
14:46:54.436 [FXGL Background Thread 2 ] DEBUG Engine               - is3D: false
14:46:54.436 [FXGL Background Thread 2 ] DEBUG Engine               - isAndroid: false
14:46:54.436 [FXGL Background Thread 2 ] DEBUG Engine               - isBrowser: false
14:46:54.437 [FXGL Background Thread 2 ] DEBUG Engine               - isClickFeedbackEnabled: false
14:46:54.437 [FXGL Background Thread 2 ] DEBUG Engine               - isCloseConfirmation: false
14:46:54.437 [FXGL Background Thread 2 ] DEBUG Engine               - isDesktop: true
14:46:54.437 [FXGL Background Thread 2 ] DEBUG Engine               - isDeveloperMenuEnabled: false
14:46:54.437 [FXGL Background Thread 2 ] DEBUG Engine               - isEmbedded: false
14:46:54.437 [FXGL Background Thread 2 ] DEBUG Engine               - isEntityPreloadEnabled: true
14:46:54.437 [FXGL Background Thread 2 ] DEBUG Engine               - isExperimentalTiledLargeMap: false
14:46:54.437 [FXGL Background Thread 2 ] DEBUG Engine               - isFileSystemWriteAllowed: true
14:46:54.437 [FXGL Background Thread 2 ] DEBUG Engine               - isFullScreenAllowed: false
14:46:54.437 [FXGL Background Thread 2 ] DEBUG Engine               - isFullScreenFromStart: false
14:46:54.437 [FXGL Background Thread 2 ] DEBUG Engine               - isGameMenuEnabled: true
14:46:54.437 [FXGL Background Thread 2 ] DEBUG Engine               - isIOS: false
14:46:54.437 [FXGL Background Thread 2 ] DEBUG Engine               - isIntroEnabled: false
14:46:54.437 [FXGL Background Thread 2 ] DEBUG Engine               - isLinux: false
14:46:54.437 [FXGL Background Thread 2 ] DEBUG Engine               - isMac: false
14:46:54.437 [FXGL Background Thread 2 ] DEBUG Engine               - isMainMenuEnabled: true
14:46:54.437 [FXGL Background Thread 2 ] DEBUG Engine               - isManualResizeEnabled: true
14:46:54.437 [FXGL Background Thread 2 ] DEBUG Engine               - isMobile: false
14:46:54.437 [FXGL Background Thread 2 ] DEBUG Engine               - isNative: false
14:46:54.437 [FXGL Background Thread 2 ] DEBUG Engine               - isPauseMusicWhenMinimized: true
14:46:54.437 [FXGL Background Thread 2 ] DEBUG Engine               - isPreserveResizeRatio: true
14:46:54.438 [FXGL Background Thread 2 ] DEBUG Engine               - isProfilingEnabled: false
14:46:54.438 [FXGL Background Thread 2 ] DEBUG Engine               - isScaleAffectedOnResize: true
14:46:54.438 [FXGL Background Thread 2 ] DEBUG Engine               - isSingleStep: false
14:46:54.438 [FXGL Background Thread 2 ] DEBUG Engine               - isUserProfileEnabled: false
14:46:54.438 [FXGL Background Thread 2 ] DEBUG Engine               - isWindows: true
14:46:54.438 [FXGL Background Thread 2 ] DEBUG Engine               - language: ObjectProperty [value: ENGLISH]
14:46:54.438 [FXGL Background Thread 2 ] DEBUG Engine               - menuKey: ESCAPE
14:46:54.438 [FXGL Background Thread 2 ] DEBUG Engine               - mouseSensitivity: 0.2
14:46:54.438 [FXGL Background Thread 2 ] DEBUG Engine               - notificationViewClass: class com.almasb.fxgl.notification.view.XboxNotificationView
14:46:54.438 [FXGL Background Thread 2 ] DEBUG Engine               - pixelsPerMeter: 50.0
14:46:54.438 [FXGL Background Thread 2 ] DEBUG Engine               - platform: WINDOWS
14:46:54.438 [FXGL Background Thread 2 ] DEBUG Engine               - prefHeightProperty: ReadOnlyDoubleProperty [value: 720.0]
14:46:54.439 [FXGL Background Thread 2 ] DEBUG Engine               - prefWidthProperty: ReadOnlyDoubleProperty [value: 512.0]
14:46:54.439 [FXGL Background Thread 2 ] DEBUG Engine               - profileDir: profiles/
14:46:54.439 [FXGL Background Thread 2 ] DEBUG Engine               - profileName: StringProperty [value: DEFAULT]
14:46:54.439 [FXGL Background Thread 2 ] DEBUG Engine               - randomSeed: -1
14:46:54.439 [FXGL Background Thread 2 ] DEBUG Engine               - runtimeInfo: RuntimeInfo(platform=WINDOWS, version=17.3, build=30.03.2023 11.49)
14:46:54.439 [FXGL Background Thread 2 ] DEBUG Engine               - saveFileExt: sav
14:46:54.439 [FXGL Background Thread 2 ] DEBUG Engine               - scaledHeightProp$fxgl: DoubleProperty [bound, value: 720.0]
14:46:54.439 [FXGL Background Thread 2 ] DEBUG Engine               - scaledWidthProp$fxgl: DoubleProperty [bound, value: 512.0]
14:46:54.439 [FXGL Background Thread 2 ] DEBUG Engine               - sceneFactory: com.almasb.fxgl.app.scene.SceneFactory@67f5f9f0
14:46:54.439 [FXGL Background Thread 2 ] DEBUG Engine               - secondsIn24h: 60
14:46:54.439 [FXGL Background Thread 2 ] DEBUG Engine               - soundMenuBack: menu/back.wav
14:46:54.439 [FXGL Background Thread 2 ] DEBUG Engine               - soundMenuPress: menu/press.wav
14:46:54.439 [FXGL Background Thread 2 ] DEBUG Engine               - soundMenuSelect: menu/select.wav
14:46:54.440 [FXGL Background Thread 2 ] DEBUG Engine               - soundNotification: core/notification.wav
14:46:54.440 [FXGL Background Thread 2 ] DEBUG Engine               - stageStyle: DECORATED
14:46:54.440 [FXGL Background Thread 2 ] DEBUG Engine               - supportedLanguages: [ENGLISH, FRENCH, GERMAN, HUNGARIAN, RUSSIAN]
14:46:54.440 [FXGL Background Thread 2 ] DEBUG Engine               - ticksPerSecond: -1
14:46:54.440 [FXGL Background Thread 2 ] DEBUG Engine               - title: Space Invaders
14:46:54.440 [FXGL Background Thread 2 ] DEBUG Engine               - urlGithub: https://github.com/AlmasB/FXGL
14:46:54.440 [FXGL Background Thread 2 ] DEBUG Engine               - urlLeaderboard: http://fxgl-top.herokuapp.com/
14:46:54.440 [FXGL Background Thread 2 ] DEBUG Engine               - urlPOM: https://raw.githubusercontent.com/AlmasB/FXGL/release/README.md
14:46:54.440 [FXGL Background Thread 2 ] DEBUG Engine               - userAppClass: class fxgl.spaceinvader.SpaceInvaderApp
14:46:54.440 [FXGL Background Thread 2 ] DEBUG Engine               - version: 1.0.1
14:46:54.440 [FXGL Background Thread 2 ] DEBUG Engine               - versionCheckDays: 7
14:46:54.440 [FXGL Background Thread 2 ] DEBUG Engine               - width: 512
14:46:54.440 [FXGL Background Thread 2 ] DEBUG Engine               - Logging services
14:46:54.440 [FXGL Background Thread 2 ] DEBUG Engine               - class com.almasb.fxgl.app.services.FXGLAssetLoaderService
14:46:54.440 [FXGL Background Thread 2 ] DEBUG Engine               - class com.almasb.fxgl.app.FXGLApplication$GameApplicationService
14:46:54.440 [FXGL Background Thread 2 ] DEBUG Engine               - class com.almasb.fxgl.app.services.FXGLDialogService
14:46:54.440 [FXGL Background Thread 2 ] DEBUG Engine               - class com.almasb.fxgl.app.services.IOTaskExecutorService
14:46:54.440 [FXGL Background Thread 2 ] DEBUG Engine               - class com.almasb.fxgl.io.FileSystemService
14:46:54.440 [FXGL Background Thread 2 ] DEBUG Engine               - class com.almasb.fxgl.localization.LocalizationService
14:46:54.440 [FXGL Background Thread 2 ] DEBUG Engine               - class com.almasb.fxgl.app.services.SystemBundleService
14:46:54.440 [FXGL Background Thread 2 ] DEBUG Engine               - class com.almasb.fxgl.profile.SaveLoadService
14:46:54.440 [FXGL Background Thread 2 ] DEBUG Engine               - class com.almasb.fxgl.ui.FXGLUIFactoryServiceProvider
14:46:54.440 [FXGL Background Thread 2 ] DEBUG Engine               - class com.almasb.fxgl.ui.FXGLDialogFactoryServiceProvider
14:46:54.440 [FXGL Background Thread 2 ] DEBUG Engine               - class com.almasb.fxgl.audio.AudioPlayer
14:46:54.440 [FXGL Background Thread 2 ] DEBUG Engine               - class com.almasb.fxgl.notification.impl.NotificationServiceProvider
14:46:54.440 [FXGL Background Thread 2 ] DEBUG Engine               - class com.almasb.fxgl.achievement.AchievementService
14:46:54.440 [FXGL Background Thread 2 ] DEBUG Engine               - class com.almasb.fxgl.cutscene.CutsceneService
14:46:54.440 [FXGL Background Thread 2 ] DEBUG Engine               - class com.almasb.fxgl.minigames.MiniGameService
14:46:54.440 [FXGL Background Thread 2 ] DEBUG Engine               - class com.almasb.fxgl.net.NetService
14:46:54.440 [FXGL Background Thread 2 ] DEBUG Engine               - class com.almasb.fxgl.app.services.UpdaterService
14:46:54.441 [FXGL Background Thread 2 ] DEBUG Engine               - class com.almasb.fxgl.dev.DevService
14:47:05.310 [JavaFX Application Thread] DEBUG EventBus             - Firing event: fxgl.spaceinvader.event.GameEvent[source=javafx.event.Event$$Lambda/0x00000154b215d530@73d142bc]
14:47:23.026 [JavaFX Application Thread] DEBUG FXGLApplication      - Exiting FXGL
14:47:23.026 [JavaFX Application Thread] DEBUG LoopRunner           - Stopping loop
14:47:23.026 [JavaFX Application Thread] DEBUG SystemBundleService  - Saving FXGL system data
14:47:23.028 [JavaFX Application Thread] DEBUG FileSystemAccess     - Writing to: C:\Users\HP\IdeaProjects\SpaceInvader\system\fxgl.bundle
14:47:23.030 [JavaFX Application Thread] DEBUG Async                - Shutting down background threads
14:47:23.030 [JavaFX Application Thread] DEBUG PrimaryStageWindow   - Closing main window
14:47:23.052 [JavaFX Application Thread] DEBUG Logger               - Closing Logger
