12:19:59.883 [main                     ] DEBUG Logger               - Configured Logger
12:19:59.930 [main                     ] DEBUG GameApplication      - Logging settings
Title: Space Invaders
Version: 1.0.1
Width: 512
Height: 720
Fullscreen: false
Intro: false
Profiling: false
Single step:false
App Mode: RELEASE
Menu Key: ESCAPE
Stage Style: DECORATED
Scene Factory: class com.almasb.fxgl.app.scene.SceneFactory

12:20:00.586 [JavaFX Application Thread] DEBUG FXGLApplication      - Initializing FXGL
12:20:00.595 [JavaFX Application Thread] INFO  Engine               - FXGL-17.3 (30.03.2023 11.49) on WINDOWS (J:23 FX:17.0.6)
12:20:00.596 [JavaFX Application Thread] DEBUG Engine               - JRE Vendor Name: Oracle Corporation
12:20:00.596 [JavaFX Application Thread] DEBUG Engine               - Running on OS: Windows 10 version 10.0
12:20:00.596 [JavaFX Application Thread] DEBUG Engine               - Architecture: amd64
12:20:00.597 [JavaFX Application Thread] INFO  Engine               - Source code and latest versions at: https://github.com/AlmasB/FXGL
12:20:00.597 [JavaFX Application Thread] INFO  Engine               -       Ask questions and discuss at: https://github.com/AlmasB/FXGL/discussions
12:20:00.597 [JavaFX Application Thread] INFO  Engine               -              Join the FXGL chat at: https://gitter.im/AlmasB/FXGL
12:20:00.797 [JavaFX Application Thread] DEBUG PrimaryStageWindow   - Creating a JavaFX scene
12:20:00.894 [JavaFX Application Thread] DEBUG PrimaryStageWindow   - Target settings size: 512.0 x 720.0
12:20:00.895 [JavaFX Application Thread] DEBUG PrimaryStageWindow   - Scaled scene size:    512.0 x 720.0
12:20:00.895 [JavaFX Application Thread] DEBUG PrimaryStageWindow   - Scaled ratio: (1.0, 1.0)
12:20:00.898 [JavaFX Application Thread] DEBUG PrimaryStageWindow   - Set initial scene to FXGLStartupScene
12:20:00.911 [JavaFX Application Thread] DEBUG PrimaryStageWindow   - Opening main window
12:20:01.079 [JavaFX Application Thread] DEBUG PrimaryStageWindow   - Window border size: (14.4000244140625, 37.5999755859375)
12:20:01.081 [JavaFX Application Thread] DEBUG PrimaryStageWindow   - Scaled size: 512.0 x 720.0
12:20:01.082 [JavaFX Application Thread] DEBUG PrimaryStageWindow   - Scaled ratio: (1.0, 1.0)
12:20:01.085 [JavaFX Application Thread] DEBUG PrimaryStageWindow   - Scene size: 512.0 x 720.0
12:20:01.086 [JavaFX Application Thread] DEBUG PrimaryStageWindow   - Stage size: 526.4000244140625 x 757.5999755859375
12:20:01.118 [FXGL Background Thread 1 ] DEBUG Engine               - Initializing environment variables
12:20:01.399 [FXGL Background Thread 1 ] DEBUG FXGLAssetLoaderServi - User app class for loading assets: class fxgl.spaceinvader.SpaceInvaderApp
12:20:01.400 [FXGL Background Thread 1 ] DEBUG GameApplicationServi - Applying CSS: fxgl_dark.css
12:20:01.402 [FXGL Background Thread 1 ] DEBUG FXGLAssetLoaderServi - Loading from file system: jar:file:///C:/Users/HP/.m2/repository/com/github/almasb/fxgl/17.3/fxgl-17.3.jar!/fxglassets/ui/css/fxgl_dark.css
12:20:01.502 [FXGL Background Thread 1 ] DEBUG GameApplicationServi - Initializing application scenes
12:20:01.616 [FXGL Background Thread 1 ] DEBUG GameWorld            - Game world initialized
12:20:01.756 [FXGL Background Thread 1 ] DEBUG PhysicsWorld         - Physics world initialized: appHeight=720, physics.ppm=50.0
12:20:01.757 [FXGL Background Thread 1 ] DEBUG PhysicsWorld         - Using strategy: BRUTE_FORCE
12:20:01.766 [FXGL Background Thread 1 ] DEBUG GameScene            - Game scene initialized: 512x720
12:20:01.793 [FXGL Background Thread 1 ] WARN  FXGL.DefaultMenu     - FXGLDefaultMenu is not designed for resolutions < 800x600
12:20:01.793 [FXGL Background Thread 1 ] DEBUG FXGL.DefaultMenu     - createMenuBodyMainMenu()
12:20:01.822 [FXGL Background Thread 1 ] DEBUG FXGL.DefaultMenu     - createOptionsMenu()
12:20:01.846 [FXGL Background Thread 1 ] DEBUG FXGLAssetLoaderServi - Loading from file system: jar:file:///C:/Users/HP/.m2/repository/com/github/almasb/fxgl/17.3/fxgl-17.3.jar!/fxglassets/textures/particles/smoke.png
12:20:02.040 [FXGL Background Thread 1 ] DEBUG FXGLAssetLoaderServi - Loading from file system: jar:file:///C:/Users/HP/.m2/repository/com/github/almasb/fxgl/17.3/fxgl-17.3.jar!/fxglassets/textures/particles/trace_horizontal.png
12:20:02.103 [FXGL Background Thread 1 ] WARN  FXGL.DefaultMenu     - FXGLDefaultMenu is not designed for resolutions < 800x600
12:20:02.103 [FXGL Background Thread 1 ] DEBUG FXGL.DefaultMenu     - createMenuBodyGameMenu()
12:20:02.105 [FXGL Background Thread 1 ] DEBUG FXGL.DefaultMenu     - createOptionsMenu()
12:20:02.141 [FXGL Background Thread 1 ] DEBUG GameApplicationServi - Application scenes initialized
12:20:02.170 [FXGL Background Thread 1 ] DEBUG SystemBundleService  - Loading FXGL system data
12:20:02.178 [FXGL Background Thread 1 ] DEBUG FileSystemAccess     - Reading from: C:\Users\HP\IdeaProjects\SpaceInvader\system\fxgl.bundle
12:20:02.194 [FXGL Background Thread 1 ] DEBUG SystemBundleService  - Bundle FXGL: {}
12:20:02.200 [FXGL Background Thread 3 ] DEBUG FXGLApplication      - Loading fonts
12:20:02.201 [FXGL Background Thread 3 ] DEBUG FXGLAssetLoaderServi - Loading from file system: jar:file:///C:/Users/HP/.m2/repository/com/github/almasb/fxgl/17.3/fxgl-17.3.jar!/fxglassets/ui/fonts/VarelaRound-Regular.ttf
12:20:02.201 [FXGL Background Thread 1 ] DEBUG FXGLApplication      - Loading default localization
12:20:02.202 [FXGL Background Thread 1 ] DEBUG FXGLAssetLoaderServi - Loading from file system: jar:file:///C:/Users/HP/.m2/repository/com/github/almasb/fxgl/17.3/fxgl-17.3.jar!/fxglassets/languages/english.lang
12:20:02.232 [FXGL Background Thread 1 ] INFO  FXGLApplication      - FXGL initialization took: 1.114 sec
12:20:02.249 [FXGL Background Thread 3 ] DEBUG FXGLAssetLoaderServi - Loading from file system: jar:file:///C:/Users/HP/.m2/repository/com/github/almasb/fxgl/17.3/fxgl-17.3.jar!/fxglassets/ui/fonts/Abel-Regular.ttf
12:20:02.252 [JavaFX Application Thread] DEBUG Input                - Registered new binding: Move Left - Left
12:20:02.252 [JavaFX Application Thread] DEBUG Input                - Registered new binding: Move Right - Right
12:20:02.253 [JavaFX Application Thread] DEBUG Input                - Registered new binding: Shoot - Up
12:20:02.254 [JavaFX Application Thread] DEBUG Input                - Registered new binding: Shield Up - Space
12:20:02.255 [FXGL Background Thread 3 ] DEBUG FXGLAssetLoaderServi - Loading from file system: jar:file:///C:/Users/HP/.m2/repository/com/github/almasb/fxgl/17.3/fxgl-17.3.jar!/fxglassets/ui/fonts/TerminalLandMono-Regular.otf
12:20:02.256 [JavaFX Application Thread] DEBUG FXGLAssetLoaderServi - Loading from file system: jar:file:///C:/Users/HP/.m2/repository/com/github/almasb/fxgl/17.3/fxgl-17.3.jar!/fxglassets/textures/fxgl_icon.png
12:20:02.262 [FXGL Background Thread 3 ] DEBUG FXGLAssetLoaderServi - Loading from file system: jar:file:///C:/Users/HP/.m2/repository/com/github/almasb/fxgl/17.3/fxgl-17.3.jar!/fxglassets/ui/fonts/Courier-Prime.ttf
12:20:02.296 [JavaFX Application Thread] DEBUG FXGLAssetLoaderServi - Loading from file system: jar:file:///C:/Users/HP/.m2/repository/com/github/almasb/fxgl/17.3/fxgl-17.3.jar!/fxglassets/textures/fxgl_default_cursor.png
12:20:02.300 [JavaFX Application Thread] DEBUG Input                - Registered new binding: Screenshot - CTRL+8
12:20:02.305 [JavaFX Application Thread] DEBUG LoopRunner           - Starting loop
12:20:02.305 [JavaFX Application Thread] DEBUG LoopRunner           - Initializing JavaFX AnimationTimerLoop
12:20:02.311 [JavaFX Application Thread] DEBUG Input                - Clearing active input actions
12:20:02.326 [JavaFX Application Thread] DEBUG GameApplicationServi - Removing overlay from FXGLStartupScene and adding to FXGLMainMenuDummyScene
12:20:02.327 [JavaFX Application Thread] DEBUG PrimaryStageWindow   - FXGLStartupScene -> FXGLMainMenuDummyScene
12:20:02.327 [JavaFX Application Thread] DEBUG PrimaryStageWindow   - Push state: FXGLDefaultMenu
12:20:02.334 [JavaFX Application Thread] DEBUG Input                - Clearing active input actions
12:20:02.352 [JavaFX Application Thread] DEBUG GameApplicationServi - Removing overlay from FXGLMainMenuDummyScene and adding to FXGLDefaultMenu
12:20:02.354 [JavaFX Application Thread] DEBUG PrimaryStageWindow   - FXGLMainMenuDummyScene -> FXGLDefaultMenu
12:20:02.354 [JavaFX Application Thread] DEBUG FXGLApplication      - Registering font factories with UI factory
12:20:03.775 [JavaFX Application Thread] DEBUG Menu                 - fireNewGame()
12:20:03.775 [JavaFX Application Thread] DEBUG GameApplicationServi - Starting new game
12:20:03.779 [JavaFX Application Thread] DEBUG PrimaryStageWindow   - Pop state: FXGLDefaultMenu
12:20:03.779 [JavaFX Application Thread] DEBUG Input                - Clearing active input actions
12:20:03.781 [JavaFX Application Thread] DEBUG GameApplicationServi - Removing overlay from FXGLDefaultMenu and adding to FXGLMainMenuDummyScene
12:20:03.782 [JavaFX Application Thread] DEBUG PrimaryStageWindow   - FXGLMainMenuDummyScene <- FXGLDefaultMenu
12:20:03.783 [JavaFX Application Thread] DEBUG Input                - Clearing active input actions
12:20:03.811 [JavaFX Application Thread] DEBUG GameApplicationServi - Removing overlay from FXGLMainMenuDummyScene and adding to FXGLLoadingScene
12:20:03.811 [JavaFX Application Thread] DEBUG PrimaryStageWindow   - FXGLMainMenuDummyScene -> FXGLLoadingScene
12:20:03.811 [JavaFX Application Thread] DEBUG GameApplicationServi - Clearing previous game
12:20:03.812 [JavaFX Application Thread] DEBUG GameScene            - Clearing game scene
12:20:03.812 [JavaFX Application Thread] DEBUG GameWorld            - Clearing game world
12:20:03.812 [JavaFX Application Thread] DEBUG PhysicsWorld         - Clearing physics world
12:20:03.815 [FXGL Background Thread 3 ] DEBUG FXGLApplication      - Initializing game
12:20:03.991 [FXGL Background Thread 3 ] WARN  TMXLevelLoader       - TiledMap generated from 1.8.6. Supported version: 1.9.0. Some features may not be parsed fully.
12:20:04.022 [FXGL Background Thread 3 ] DEBUG TMXLevelLoader       - Parsed TiledMap: file:/C:/Users/HP/IdeaProjects/SpaceInvader/target/classes/assets/levels/level1.tmx
12:20:04.024 [FXGL Background Thread 3 ] DEBUG TMXLevelLoader       - Creating tile layer entities
12:20:04.031 [FXGL Background Thread 3 ] DEBUG TilesetLoader        - Loading view for layer Background
12:20:04.033 [FXGL Background Thread 3 ] DEBUG TilesetLoader        - Created buffer with size 512.0x720.0
12:20:04.055 [FXGL Background Thread 3 ] DEBUG TilesetLoader        - Loading view for layer UI
12:20:04.056 [FXGL Background Thread 3 ] DEBUG TilesetLoader        - Created buffer with size 512.0x720.0
12:20:04.058 [FXGL Background Thread 3 ] DEBUG TMXLevelLoader       - Creating object layer entities
12:20:04.068 [FXGL Background Thread 3 ] DEBUG FXGLAssetLoaderServi - Loading from file system: file:/C:/Users/HP/IdeaProjects/SpaceInvader/target/classes/assets/textures/Enemy.png
12:20:04.127 [FXGL Background Thread 3 ] DEBUG FXGLAssetLoaderServi - Loading from file system: file:/C:/Users/HP/IdeaProjects/SpaceInvader/target/classes/assets/textures/wall_left_1.png
12:20:04.135 [FXGL Background Thread 3 ] DEBUG FXGLAssetLoaderServi - Loading from file system: file:/C:/Users/HP/IdeaProjects/SpaceInvader/target/classes/assets/textures/wall_right_1.png
12:20:04.150 [FXGL Background Thread 3 ] DEBUG GameWorld            - Clearing removable entities
12:20:04.151 [FXGL Background Thread 3 ] DEBUG GameWorld            - Setting level: com.almasb.fxgl.entity.level.Level@5cbdc00c
12:20:04.289 [FXGL Background Thread 3 ] DEBUG FXGLAssetLoaderServi - Loading from file system: file:/C:/Users/HP/IdeaProjects/SpaceInvader/target/classes/assets/textures/player.png
12:20:04.303 [FXGL Background Thread 3 ] INFO  FXGLApplication      - Game initialization took: 0.489 sec
12:20:04.304 [JavaFX Application Thread] DEBUG Input                - Clearing active input actions
12:20:04.322 [JavaFX Application Thread] DEBUG GameApplicationServi - Removing overlay from FXGLLoadingScene and adding to GameScene
12:20:04.323 [JavaFX Application Thread] DEBUG PrimaryStageWindow   - FXGLLoadingScene -> GameScene
12:20:05.197 [FXGL Background Thread 2 ] DEBUG Engine               - Logging environment variables
12:20:05.199 [FXGL Background Thread 2 ] DEBUG Engine               - achievements: []
12:20:05.199 [FXGL Background Thread 2 ] DEBUG Engine               - actualHeight: 720.0
12:20:05.199 [FXGL Background Thread 2 ] DEBUG Engine               - actualHeightProperty: ReadOnlyDoubleProperty [value: 720.0]
12:20:05.199 [FXGL Background Thread 2 ] DEBUG Engine               - actualWidth: 512.0
12:20:05.199 [FXGL Background Thread 2 ] DEBUG Engine               - actualWidthProperty: ReadOnlyDoubleProperty [value: 512.0]
12:20:05.200 [FXGL Background Thread 2 ] DEBUG Engine               - appIcon: fxgl_icon.png
12:20:05.200 [FXGL Background Thread 2 ] DEBUG Engine               - applicationMode: RELEASE
12:20:05.200 [FXGL Background Thread 2 ] DEBUG Engine               - cSSList: [fxgl_dark.css]
12:20:05.200 [FXGL Background Thread 2 ] DEBUG Engine               - collisionDetectionStrategy: BRUTE_FORCE
12:20:05.200 [FXGL Background Thread 2 ] DEBUG Engine               - configClass: Optional.empty
12:20:05.200 [FXGL Background Thread 2 ] DEBUG Engine               - credits: []
12:20:05.201 [FXGL Background Thread 2 ] DEBUG Engine               - defaultCursor: CursorInfo(imageName=fxgl_default_cursor.png, hotspotX=7.0, hotspotY=6.0)
12:20:05.202 [FXGL Background Thread 2 ] DEBUG Engine               - devBBoxColorProperty: ObjectProperty [value: 0xff0000ff]
12:20:05.202 [FXGL Background Thread 2 ] DEBUG Engine               - devEnableDebugCameraProperty: BooleanProperty [value: false]
12:20:05.202 [FXGL Background Thread 2 ] DEBUG Engine               - devSensorColorProperty: ObjectProperty [value: 0xffff00ff]
12:20:05.202 [FXGL Background Thread 2 ] DEBUG Engine               - devShowBBoxProperty: BooleanProperty [value: false]
12:20:05.202 [FXGL Background Thread 2 ] DEBUG Engine               - devShowPositionProperty: BooleanProperty [value: false]
12:20:05.203 [FXGL Background Thread 2 ] DEBUG Engine               - enabledMenuItems: []
12:20:05.203 [FXGL Background Thread 2 ] DEBUG Engine               - engineServices: [class com.almasb.fxgl.app.services.FXGLAssetLoaderService, class com.almasb.fxgl.app.FXGLApplication$GameApplicationService, class com.almasb.fxgl.app.services.FXGLDialogService, class com.almasb.fxgl.app.services.IOTaskExecutorService, class com.almasb.fxgl.io.FileSystemService, class com.almasb.fxgl.localization.LocalizationService, class com.almasb.fxgl.app.services.SystemBundleService, class com.almasb.fxgl.profile.SaveLoadService, class com.almasb.fxgl.ui.FXGLUIFactoryServiceProvider, class com.almasb.fxgl.ui.FXGLDialogFactoryServiceProvider, class com.almasb.fxgl.audio.AudioPlayer, class com.almasb.fxgl.notification.impl.NotificationServiceProvider, class com.almasb.fxgl.achievement.AchievementService, class com.almasb.fxgl.cutscene.CutsceneService, class com.almasb.fxgl.minigames.MiniGameService, class com.almasb.fxgl.net.NetService, class com.almasb.fxgl.app.services.UpdaterService, class com.almasb.fxgl.dev.DevService]
12:20:05.203 [FXGL Background Thread 2 ] DEBUG Engine               - fontGame: Abel-Regular.ttf
12:20:05.203 [FXGL Background Thread 2 ] DEBUG Engine               - fontMono: TerminalLandMono-Regular.otf
12:20:05.203 [FXGL Background Thread 2 ] DEBUG Engine               - fontSizeScaleUI: 1.0
12:20:05.203 [FXGL Background Thread 2 ] DEBUG Engine               - fontText: Courier-Prime.ttf
12:20:05.203 [FXGL Background Thread 2 ] DEBUG Engine               - fontUI: VarelaRound-Regular.ttf
12:20:05.203 [FXGL Background Thread 2 ] DEBUG Engine               - fullScreen: BooleanProperty [value: false]
12:20:05.203 [FXGL Background Thread 2 ] DEBUG Engine               - gameDifficulty: MEDIUM
12:20:05.204 [FXGL Background Thread 2 ] DEBUG Engine               - gameDifficultyProperty: ObjectProperty [value: MEDIUM]
12:20:05.204 [FXGL Background Thread 2 ] DEBUG Engine               - globalMusicVolume: 0.5
12:20:05.204 [FXGL Background Thread 2 ] DEBUG Engine               - globalMusicVolumeProperty: DoubleProperty [value: 0.5]
12:20:05.204 [FXGL Background Thread 2 ] DEBUG Engine               - globalSoundVolume: 0.5
12:20:05.204 [FXGL Background Thread 2 ] DEBUG Engine               - globalSoundVolumeProperty: DoubleProperty [value: 0.5]
12:20:05.204 [FXGL Background Thread 2 ] DEBUG Engine               - height: 720
12:20:05.204 [FXGL Background Thread 2 ] DEBUG Engine               - is3D: false
12:20:05.205 [FXGL Background Thread 2 ] DEBUG Engine               - isAndroid: false
12:20:05.205 [FXGL Background Thread 2 ] DEBUG Engine               - isBrowser: false
12:20:05.205 [FXGL Background Thread 2 ] DEBUG Engine               - isClickFeedbackEnabled: false
12:20:05.205 [FXGL Background Thread 2 ] DEBUG Engine               - isCloseConfirmation: false
12:20:05.205 [FXGL Background Thread 2 ] DEBUG Engine               - isDesktop: true
12:20:05.205 [FXGL Background Thread 2 ] DEBUG Engine               - isDeveloperMenuEnabled: false
12:20:05.205 [FXGL Background Thread 2 ] DEBUG Engine               - isEmbedded: false
12:20:05.205 [FXGL Background Thread 2 ] DEBUG Engine               - isEntityPreloadEnabled: true
12:20:05.205 [FXGL Background Thread 2 ] DEBUG Engine               - isExperimentalTiledLargeMap: false
12:20:05.205 [FXGL Background Thread 2 ] DEBUG Engine               - isFileSystemWriteAllowed: true
12:20:05.205 [FXGL Background Thread 2 ] DEBUG Engine               - isFullScreenAllowed: false
12:20:05.206 [FXGL Background Thread 2 ] DEBUG Engine               - isFullScreenFromStart: false
12:20:05.206 [FXGL Background Thread 2 ] DEBUG Engine               - isGameMenuEnabled: true
12:20:05.206 [FXGL Background Thread 2 ] DEBUG Engine               - isIOS: false
12:20:05.206 [FXGL Background Thread 2 ] DEBUG Engine               - isIntroEnabled: false
12:20:05.206 [FXGL Background Thread 2 ] DEBUG Engine               - isLinux: false
12:20:05.206 [FXGL Background Thread 2 ] DEBUG Engine               - isMac: false
12:20:05.206 [FXGL Background Thread 2 ] DEBUG Engine               - isMainMenuEnabled: true
12:20:05.206 [FXGL Background Thread 2 ] DEBUG Engine               - isManualResizeEnabled: true
12:20:05.206 [FXGL Background Thread 2 ] DEBUG Engine               - isMobile: false
12:20:05.206 [FXGL Background Thread 2 ] DEBUG Engine               - isNative: false
12:20:05.206 [FXGL Background Thread 2 ] DEBUG Engine               - isPauseMusicWhenMinimized: true
12:20:05.207 [FXGL Background Thread 2 ] DEBUG Engine               - isPreserveResizeRatio: true
12:20:05.207 [FXGL Background Thread 2 ] DEBUG Engine               - isProfilingEnabled: false
12:20:05.207 [FXGL Background Thread 2 ] DEBUG Engine               - isScaleAffectedOnResize: true
12:20:05.207 [FXGL Background Thread 2 ] DEBUG Engine               - isSingleStep: false
12:20:05.207 [FXGL Background Thread 2 ] DEBUG Engine               - isUserProfileEnabled: false
12:20:05.207 [FXGL Background Thread 2 ] DEBUG Engine               - isWindows: true
12:20:05.208 [FXGL Background Thread 2 ] DEBUG Engine               - language: ObjectProperty [value: ENGLISH]
12:20:05.209 [FXGL Background Thread 2 ] DEBUG Engine               - menuKey: ESCAPE
12:20:05.210 [FXGL Background Thread 2 ] DEBUG Engine               - mouseSensitivity: 0.2
12:20:05.210 [FXGL Background Thread 2 ] DEBUG Engine               - notificationViewClass: class com.almasb.fxgl.notification.view.XboxNotificationView
12:20:05.210 [FXGL Background Thread 2 ] DEBUG Engine               - pixelsPerMeter: 50.0
12:20:05.211 [FXGL Background Thread 2 ] DEBUG Engine               - platform: WINDOWS
12:20:05.211 [FXGL Background Thread 2 ] DEBUG Engine               - prefHeightProperty: ReadOnlyDoubleProperty [value: 720.0]
12:20:05.212 [FXGL Background Thread 2 ] DEBUG Engine               - prefWidthProperty: ReadOnlyDoubleProperty [value: 512.0]
12:20:05.212 [FXGL Background Thread 2 ] DEBUG Engine               - profileDir: profiles/
12:20:05.212 [FXGL Background Thread 2 ] DEBUG Engine               - profileName: StringProperty [value: DEFAULT]
12:20:05.212 [FXGL Background Thread 2 ] DEBUG Engine               - randomSeed: -1
12:20:05.213 [FXGL Background Thread 2 ] DEBUG Engine               - runtimeInfo: RuntimeInfo(platform=WINDOWS, version=17.3, build=30.03.2023 11.49)
12:20:05.213 [FXGL Background Thread 2 ] DEBUG Engine               - saveFileExt: sav
12:20:05.213 [FXGL Background Thread 2 ] DEBUG Engine               - scaledHeightProp$fxgl: DoubleProperty [bound, value: 720.0]
12:20:05.213 [FXGL Background Thread 2 ] DEBUG Engine               - scaledWidthProp$fxgl: DoubleProperty [bound, value: 512.0]
12:20:05.213 [FXGL Background Thread 2 ] DEBUG Engine               - sceneFactory: com.almasb.fxgl.app.scene.SceneFactory@152add52
12:20:05.213 [FXGL Background Thread 2 ] DEBUG Engine               - secondsIn24h: 60
12:20:05.213 [FXGL Background Thread 2 ] DEBUG Engine               - soundMenuBack: menu/back.wav
12:20:05.213 [FXGL Background Thread 2 ] DEBUG Engine               - soundMenuPress: menu/press.wav
12:20:05.213 [FXGL Background Thread 2 ] DEBUG Engine               - soundMenuSelect: menu/select.wav
12:20:05.213 [FXGL Background Thread 2 ] DEBUG Engine               - soundNotification: core/notification.wav
12:20:05.213 [FXGL Background Thread 2 ] DEBUG Engine               - stageStyle: DECORATED
12:20:05.213 [FXGL Background Thread 2 ] DEBUG Engine               - supportedLanguages: [ENGLISH, FRENCH, GERMAN, HUNGARIAN, RUSSIAN]
12:20:05.213 [FXGL Background Thread 2 ] DEBUG Engine               - ticksPerSecond: -1
12:20:05.213 [FXGL Background Thread 2 ] DEBUG Engine               - title: Space Invaders
12:20:05.213 [FXGL Background Thread 2 ] DEBUG Engine               - urlGithub: https://github.com/AlmasB/FXGL
12:20:05.214 [FXGL Background Thread 2 ] DEBUG Engine               - urlLeaderboard: http://fxgl-top.herokuapp.com/
12:20:05.214 [FXGL Background Thread 2 ] DEBUG Engine               - urlPOM: https://raw.githubusercontent.com/AlmasB/FXGL/release/README.md
12:20:05.214 [FXGL Background Thread 2 ] DEBUG Engine               - userAppClass: class fxgl.spaceinvader.SpaceInvaderApp
12:20:05.214 [FXGL Background Thread 2 ] DEBUG Engine               - version: 1.0.1
12:20:05.214 [FXGL Background Thread 2 ] DEBUG Engine               - versionCheckDays: 7
12:20:05.214 [FXGL Background Thread 2 ] DEBUG Engine               - width: 512
12:20:05.214 [FXGL Background Thread 2 ] DEBUG Engine               - Logging services
12:20:05.214 [FXGL Background Thread 2 ] DEBUG Engine               - class com.almasb.fxgl.app.services.FXGLAssetLoaderService
12:20:05.214 [FXGL Background Thread 2 ] DEBUG Engine               - class com.almasb.fxgl.app.FXGLApplication$GameApplicationService
12:20:05.214 [FXGL Background Thread 2 ] DEBUG Engine               - class com.almasb.fxgl.app.services.FXGLDialogService
12:20:05.214 [FXGL Background Thread 2 ] DEBUG Engine               - class com.almasb.fxgl.app.services.IOTaskExecutorService
12:20:05.214 [FXGL Background Thread 2 ] DEBUG Engine               - class com.almasb.fxgl.io.FileSystemService
12:20:05.214 [FXGL Background Thread 2 ] DEBUG Engine               - class com.almasb.fxgl.localization.LocalizationService
12:20:05.214 [FXGL Background Thread 2 ] DEBUG Engine               - class com.almasb.fxgl.app.services.SystemBundleService
12:20:05.214 [FXGL Background Thread 2 ] DEBUG Engine               - class com.almasb.fxgl.profile.SaveLoadService
12:20:05.214 [FXGL Background Thread 2 ] DEBUG Engine               - class com.almasb.fxgl.ui.FXGLUIFactoryServiceProvider
12:20:05.214 [FXGL Background Thread 2 ] DEBUG Engine               - class com.almasb.fxgl.ui.FXGLDialogFactoryServiceProvider
12:20:05.214 [FXGL Background Thread 2 ] DEBUG Engine               - class com.almasb.fxgl.audio.AudioPlayer
12:20:05.214 [FXGL Background Thread 2 ] DEBUG Engine               - class com.almasb.fxgl.notification.impl.NotificationServiceProvider
12:20:05.214 [FXGL Background Thread 2 ] DEBUG Engine               - class com.almasb.fxgl.achievement.AchievementService
12:20:05.215 [FXGL Background Thread 2 ] DEBUG Engine               - class com.almasb.fxgl.cutscene.CutsceneService
12:20:05.215 [FXGL Background Thread 2 ] DEBUG Engine               - class com.almasb.fxgl.minigames.MiniGameService
12:20:05.215 [FXGL Background Thread 2 ] DEBUG Engine               - class com.almasb.fxgl.net.NetService
12:20:05.215 [FXGL Background Thread 2 ] DEBUG Engine               - class com.almasb.fxgl.app.services.UpdaterService
12:20:05.215 [FXGL Background Thread 2 ] DEBUG Engine               - class com.almasb.fxgl.dev.DevService
12:20:07.875 [JavaFX Application Thread] DEBUG EventBus             - Firing event: fxgl.spaceinvader.event.GameEvent[source=javafx.event.Event$$Lambda/0x00000189a115aaa0@4598c0e7]
12:20:14.097 [JavaFX Application Thread] DEBUG EventBus             - Firing event: fxgl.spaceinvader.event.GameEvent[source=javafx.event.Event$$Lambda/0x00000189a115aaa0@4598c0e7]
12:20:14.100 [JavaFX Application Thread] WARN  TMXLevelLoader       - TiledMap generated from 1.8.6. Supported version: 1.9.0. Some features may not be parsed fully.
12:20:14.108 [JavaFX Application Thread] DEBUG TMXLevelLoader       - Parsed TiledMap: file:/C:/Users/HP/IdeaProjects/SpaceInvader/target/classes/assets/levels/level2.tmx
12:20:14.108 [JavaFX Application Thread] DEBUG TMXLevelLoader       - Creating tile layer entities
12:20:14.109 [JavaFX Application Thread] DEBUG TilesetLoader        - Loading view for layer Background
12:20:14.110 [JavaFX Application Thread] DEBUG TilesetLoader        - Created buffer with size 512.0x720.0
12:20:14.115 [JavaFX Application Thread] DEBUG TilesetLoader        - Loading view for layer UI
12:20:14.116 [JavaFX Application Thread] DEBUG TilesetLoader        - Created buffer with size 512.0x720.0
12:20:14.117 [JavaFX Application Thread] DEBUG TMXLevelLoader       - Creating object layer entities
12:20:14.131 [JavaFX Application Thread] DEBUG GameWorld            - Clearing removable entities
12:20:14.138 [JavaFX Application Thread] DEBUG GameWorld            - Setting level: com.almasb.fxgl.entity.level.Level@4f767f38
12:20:17.950 [JavaFX Application Thread] DEBUG FXGLApplication      - Exiting FXGL
12:20:17.951 [JavaFX Application Thread] DEBUG LoopRunner           - Stopping loop
12:20:17.951 [JavaFX Application Thread] DEBUG SystemBundleService  - Saving FXGL system data
12:20:17.954 [JavaFX Application Thread] DEBUG FileSystemAccess     - Writing to: C:\Users\HP\IdeaProjects\SpaceInvader\system\fxgl.bundle
12:20:17.958 [JavaFX Application Thread] DEBUG Async                - Shutting down background threads
12:20:17.958 [JavaFX Application Thread] DEBUG PrimaryStageWindow   - Closing main window
12:20:17.983 [JavaFX Application Thread] DEBUG Logger               - Closing Logger
