17:43:25.566 [main                     ] DEBUG Logger               - Configured Logger
17:43:25.596 [main                     ] DEBUG GameApplication      - Logging settings
Title: Space Invaders
Version: 1.0.1
Width: 512
Height: 720
Fullscreen: false
Intro: false
Profiling: false
Single step:false
App Mode: RELEASE
Menu Key: ESCAPE
Stage Style: DECORATED
Scene Factory: class com.almasb.fxgl.app.scene.SceneFactory

17:43:25.922 [JavaFX Application Thread] DEBUG FXGLApplication      - Initializing FXGL
17:43:25.926 [JavaFX Application Thread] INFO  Engine               - FXGL-17.3 (30.03.2023 11.49) on WINDOWS (J:23 FX:17.0.6)
17:43:25.926 [JavaFX Application Thread] DEBUG Engine               - JRE Vendor Name: Oracle Corporation
17:43:25.926 [JavaFX Application Thread] DEBUG Engine               - Running on OS: Windows 10 version 10.0
17:43:25.926 [JavaFX Application Thread] DEBUG Engine               - Architecture: amd64
17:43:25.926 [JavaFX Application Thread] INFO  Engine               - Source code and latest versions at: https://github.com/AlmasB/FXGL
17:43:25.926 [JavaFX Application Thread] INFO  Engine               -       Ask questions and discuss at: https://github.com/AlmasB/FXGL/discussions
17:43:25.927 [JavaFX Application Thread] INFO  Engine               -              Join the FXGL chat at: https://gitter.im/AlmasB/FXGL
17:43:26.013 [JavaFX Application Thread] DEBUG PrimaryStageWindow   - Creating a JavaFX scene
17:43:26.064 [JavaFX Application Thread] DEBUG PrimaryStageWindow   - Target settings size: 512.0 x 720.0
17:43:26.064 [JavaFX Application Thread] DEBUG PrimaryStageWindow   - Scaled scene size:    512.0 x 720.0
17:43:26.064 [JavaFX Application Thread] DEBUG PrimaryStageWindow   - Scaled ratio: (1.0, 1.0)
17:43:26.065 [JavaFX Application Thread] DEBUG PrimaryStageWindow   - Set initial scene to FXGLStartupScene
17:43:26.074 [JavaFX Application Thread] DEBUG PrimaryStageWindow   - Opening main window
17:43:26.160 [JavaFX Application Thread] DEBUG PrimaryStageWindow   - Window border size: (14.4000244140625, 37.5999755859375)
17:43:26.160 [JavaFX Application Thread] DEBUG PrimaryStageWindow   - Scaled size: 512.0 x 720.0
17:43:26.161 [JavaFX Application Thread] DEBUG PrimaryStageWindow   - Scaled ratio: (1.0, 1.0)
17:43:26.161 [JavaFX Application Thread] DEBUG PrimaryStageWindow   - Scene size: 512.0 x 720.0
17:43:26.162 [JavaFX Application Thread] DEBUG PrimaryStageWindow   - Stage size: 526.4000244140625 x 757.5999755859375
17:43:26.174 [FXGL Background Thread 1 ] DEBUG Engine               - Initializing environment variables
17:43:26.296 [FXGL Background Thread 1 ] DEBUG FXGLAssetLoaderServi - User app class for loading assets: class fxgl.spaceinvader.SpaceInvaderApp
17:43:26.296 [FXGL Background Thread 1 ] DEBUG GameApplicationServi - Applying CSS: fxgl_dark.css
17:43:26.297 [FXGL Background Thread 1 ] DEBUG FXGLAssetLoaderServi - Loading from file system: jar:file:///C:/Users/HP/.m2/repository/com/github/almasb/fxgl/17.3/fxgl-17.3.jar!/fxglassets/ui/css/fxgl_dark.css
17:43:26.355 [FXGL Background Thread 1 ] DEBUG GameApplicationServi - Initializing application scenes
17:43:26.398 [FXGL Background Thread 1 ] DEBUG GameWorld            - Game world initialized
17:43:26.474 [FXGL Background Thread 1 ] DEBUG PhysicsWorld         - Physics world initialized: appHeight=720, physics.ppm=50.0
17:43:26.474 [FXGL Background Thread 1 ] DEBUG PhysicsWorld         - Using strategy: BRUTE_FORCE
17:43:26.480 [FXGL Background Thread 1 ] DEBUG GameScene            - Game scene initialized: 512x720
17:43:26.495 [FXGL Background Thread 1 ] WARN  FXGL.DefaultMenu     - FXGLDefaultMenu is not designed for resolutions < 800x600
17:43:26.495 [FXGL Background Thread 1 ] DEBUG FXGL.DefaultMenu     - createMenuBodyMainMenu()
17:43:26.513 [FXGL Background Thread 1 ] DEBUG FXGL.DefaultMenu     - createOptionsMenu()
17:43:26.532 [FXGL Background Thread 1 ] DEBUG FXGLAssetLoaderServi - Loading from file system: jar:file:///C:/Users/HP/.m2/repository/com/github/almasb/fxgl/17.3/fxgl-17.3.jar!/fxglassets/textures/particles/smoke.png
17:43:26.620 [FXGL Background Thread 1 ] DEBUG FXGLAssetLoaderServi - Loading from file system: jar:file:///C:/Users/HP/.m2/repository/com/github/almasb/fxgl/17.3/fxgl-17.3.jar!/fxglassets/textures/particles/trace_horizontal.png
17:43:26.647 [FXGL Background Thread 1 ] WARN  FXGL.DefaultMenu     - FXGLDefaultMenu is not designed for resolutions < 800x600
17:43:26.647 [FXGL Background Thread 1 ] DEBUG FXGL.DefaultMenu     - createMenuBodyGameMenu()
17:43:26.649 [FXGL Background Thread 1 ] DEBUG FXGL.DefaultMenu     - createOptionsMenu()
17:43:26.663 [FXGL Background Thread 1 ] DEBUG GameApplicationServi - Application scenes initialized
17:43:26.673 [FXGL Background Thread 1 ] DEBUG SystemBundleService  - Loading FXGL system data
17:43:26.676 [FXGL Background Thread 1 ] DEBUG FileSystemAccess     - Reading from: C:\Users\HP\IdeaProjects\SpaceInvader\system\fxgl.bundle
17:43:26.684 [FXGL Background Thread 1 ] DEBUG SystemBundleService  - Bundle FXGL: {}
17:43:26.686 [FXGL Background Thread 3 ] DEBUG FXGLApplication      - Loading fonts
17:43:26.687 [FXGL Background Thread 3 ] DEBUG FXGLAssetLoaderServi - Loading from file system: jar:file:///C:/Users/HP/.m2/repository/com/github/almasb/fxgl/17.3/fxgl-17.3.jar!/fxglassets/ui/fonts/VarelaRound-Regular.ttf
17:43:26.687 [FXGL Background Thread 1 ] DEBUG FXGLApplication      - Loading default localization
17:43:26.687 [FXGL Background Thread 1 ] DEBUG FXGLAssetLoaderServi - Loading from file system: jar:file:///C:/Users/HP/.m2/repository/com/github/almasb/fxgl/17.3/fxgl-17.3.jar!/fxglassets/languages/english.lang
17:43:26.705 [FXGL Background Thread 1 ] INFO  FXGLApplication      - FXGL initialization took: 0.531 sec
17:43:26.711 [FXGL Background Thread 3 ] DEBUG FXGLAssetLoaderServi - Loading from file system: jar:file:///C:/Users/HP/.m2/repository/com/github/almasb/fxgl/17.3/fxgl-17.3.jar!/fxglassets/ui/fonts/Abel-Regular.ttf
17:43:26.714 [FXGL Background Thread 3 ] DEBUG FXGLAssetLoaderServi - Loading from file system: jar:file:///C:/Users/HP/.m2/repository/com/github/almasb/fxgl/17.3/fxgl-17.3.jar!/fxglassets/ui/fonts/TerminalLandMono-Regular.otf
17:43:26.715 [JavaFX Application Thread] DEBUG Input                - Registered new binding: Move Left - Left
17:43:26.715 [JavaFX Application Thread] DEBUG Input                - Registered new binding: Move Right - Right
17:43:26.716 [JavaFX Application Thread] DEBUG Input                - Registered new binding: Shoot - Up
17:43:26.716 [JavaFX Application Thread] DEBUG Input                - Registered new binding: Shield Up - Space
17:43:26.717 [JavaFX Application Thread] DEBUG FXGLAssetLoaderServi - Loading from file system: jar:file:///C:/Users/HP/.m2/repository/com/github/almasb/fxgl/17.3/fxgl-17.3.jar!/fxglassets/textures/fxgl_icon.png
17:43:26.719 [FXGL Background Thread 3 ] DEBUG FXGLAssetLoaderServi - Loading from file system: jar:file:///C:/Users/HP/.m2/repository/com/github/almasb/fxgl/17.3/fxgl-17.3.jar!/fxglassets/ui/fonts/Courier-Prime.ttf
17:43:26.733 [JavaFX Application Thread] DEBUG FXGLAssetLoaderServi - Loading from file system: jar:file:///C:/Users/HP/.m2/repository/com/github/almasb/fxgl/17.3/fxgl-17.3.jar!/fxglassets/textures/fxgl_default_cursor.png
17:43:26.735 [JavaFX Application Thread] DEBUG Input                - Registered new binding: Screenshot - CTRL+8
17:43:26.738 [JavaFX Application Thread] DEBUG LoopRunner           - Starting loop
17:43:26.738 [JavaFX Application Thread] DEBUG LoopRunner           - Initializing JavaFX AnimationTimerLoop
17:43:26.741 [JavaFX Application Thread] DEBUG Input                - Clearing active input actions
17:43:26.748 [JavaFX Application Thread] DEBUG GameApplicationServi - Removing overlay from FXGLStartupScene and adding to FXGLMainMenuDummyScene
17:43:26.749 [JavaFX Application Thread] DEBUG PrimaryStageWindow   - FXGLStartupScene -> FXGLMainMenuDummyScene
17:43:26.749 [JavaFX Application Thread] DEBUG PrimaryStageWindow   - Push state: FXGLDefaultMenu
17:43:26.754 [JavaFX Application Thread] DEBUG Input                - Clearing active input actions
17:43:26.761 [JavaFX Application Thread] DEBUG GameApplicationServi - Removing overlay from FXGLMainMenuDummyScene and adding to FXGLDefaultMenu
17:43:26.762 [JavaFX Application Thread] DEBUG PrimaryStageWindow   - FXGLMainMenuDummyScene -> FXGLDefaultMenu
17:43:26.768 [JavaFX Application Thread] DEBUG FXGLApplication      - Registering font factories with UI factory
17:43:27.511 [JavaFX Application Thread] DEBUG Menu                 - fireNewGame()
17:43:27.511 [JavaFX Application Thread] DEBUG GameApplicationServi - Starting new game
17:43:27.513 [JavaFX Application Thread] DEBUG PrimaryStageWindow   - Pop state: FXGLDefaultMenu
17:43:27.513 [JavaFX Application Thread] DEBUG Input                - Clearing active input actions
17:43:27.514 [JavaFX Application Thread] DEBUG GameApplicationServi - Removing overlay from FXGLDefaultMenu and adding to FXGLMainMenuDummyScene
17:43:27.515 [JavaFX Application Thread] DEBUG PrimaryStageWindow   - FXGLMainMenuDummyScene <- FXGLDefaultMenu
17:43:27.515 [JavaFX Application Thread] DEBUG Input                - Clearing active input actions
17:43:27.529 [JavaFX Application Thread] DEBUG GameApplicationServi - Removing overlay from FXGLMainMenuDummyScene and adding to FXGLLoadingScene
17:43:27.529 [JavaFX Application Thread] DEBUG PrimaryStageWindow   - FXGLMainMenuDummyScene -> FXGLLoadingScene
17:43:27.530 [JavaFX Application Thread] DEBUG GameApplicationServi - Clearing previous game
17:43:27.530 [JavaFX Application Thread] DEBUG GameScene            - Clearing game scene
17:43:27.530 [JavaFX Application Thread] DEBUG GameWorld            - Clearing game world
17:43:27.530 [JavaFX Application Thread] DEBUG PhysicsWorld         - Clearing physics world
17:43:27.531 [FXGL Background Thread 3 ] DEBUG FXGLApplication      - Initializing game
17:43:27.615 [FXGL Background Thread 3 ] WARN  TMXLevelLoader       - TiledMap generated from 1.8.6. Supported version: 1.9.0. Some features may not be parsed fully.
17:43:27.641 [FXGL Background Thread 3 ] DEBUG TMXLevelLoader       - Parsed TiledMap: file:/C:/Users/HP/IdeaProjects/SpaceInvader/target/classes/assets/levels/level1.tmx
17:43:27.642 [FXGL Background Thread 3 ] DEBUG TMXLevelLoader       - Creating tile layer entities
17:43:27.643 [FXGL Background Thread 3 ] DEBUG TilesetLoader        - Loading view for layer Background
17:43:27.644 [FXGL Background Thread 3 ] DEBUG TilesetLoader        - Created buffer with size 512.0x720.0
17:43:27.657 [FXGL Background Thread 3 ] DEBUG TilesetLoader        - Loading view for layer UI
17:43:27.658 [FXGL Background Thread 3 ] DEBUG TilesetLoader        - Created buffer with size 512.0x720.0
17:43:27.659 [FXGL Background Thread 3 ] DEBUG TMXLevelLoader       - Creating object layer entities
17:43:27.662 [FXGL Background Thread 3 ] DEBUG FXGLAssetLoaderServi - Loading from file system: file:/C:/Users/HP/IdeaProjects/SpaceInvader/target/classes/assets/textures/Egg.png
17:43:27.690 [FXGL Background Thread 3 ] DEBUG FXGLAssetLoaderServi - Loading from file system: file:/C:/Users/HP/IdeaProjects/SpaceInvader/target/classes/assets/textures/Frog.png
17:43:27.696 [FXGL Background Thread 3 ] DEBUG FXGLAssetLoaderServi - Loading from file system: file:/C:/Users/HP/IdeaProjects/SpaceInvader/target/classes/assets/textures/Demon.png
17:43:27.715 [FXGL Background Thread 3 ] DEBUG FXGLAssetLoaderServi - Loading from file system: file:/C:/Users/HP/IdeaProjects/SpaceInvader/target/classes/assets/textures/wall_left_1.png
17:43:27.719 [FXGL Background Thread 3 ] DEBUG FXGLAssetLoaderServi - Loading from file system: file:/C:/Users/HP/IdeaProjects/SpaceInvader/target/classes/assets/textures/wall_right_1.png
17:43:27.725 [FXGL Background Thread 3 ] DEBUG GameWorld            - Clearing removable entities
17:43:27.726 [FXGL Background Thread 3 ] DEBUG GameWorld            - Setting level: com.almasb.fxgl.entity.level.Level@2d2ac4ca
17:43:27.773 [FXGL Background Thread 3 ] DEBUG FXGLAssetLoaderServi - Loading from file system: file:/C:/Users/HP/IdeaProjects/SpaceInvader/target/classes/assets/textures/player.png
17:43:27.780 [FXGL Background Thread 3 ] INFO  FXGLApplication      - Game initialization took: 0.248 sec
17:43:27.780 [JavaFX Application Thread] DEBUG Input                - Clearing active input actions
17:43:27.788 [JavaFX Application Thread] DEBUG GameApplicationServi - Removing overlay from FXGLLoadingScene and adding to GameScene
17:43:27.788 [JavaFX Application Thread] DEBUG PrimaryStageWindow   - FXGLLoadingScene -> GameScene
17:43:29.513 [JavaFX Application Thread] DEBUG EventBus             - Firing event: fxgl.spaceinvader.event.GameEvent[source=javafx.event.Event$$Lambda/0x000001bfb615b838@1839f4a0]
17:43:29.514 [JavaFX Application Thread] DEBUG FXGLAssetLoaderServi - Loading from file system: file:/C:/Users/HP/IdeaProjects/SpaceInvader/target/classes/assets/sounds/explosion.wav
17:43:29.582 [JavaFX Application Thread] DEBUG FXGLAssetLoaderServi - Loading from file system: file:/C:/Users/HP/IdeaProjects/SpaceInvader/target/classes/assets/textures/Explosion.png
17:43:29.685 [FXGL Background Thread 2 ] DEBUG Engine               - Logging environment variables
17:43:29.687 [FXGL Background Thread 2 ] DEBUG Engine               - achievements: []
17:43:29.687 [FXGL Background Thread 2 ] DEBUG Engine               - actualHeight: 720.0
17:43:29.687 [FXGL Background Thread 2 ] DEBUG Engine               - actualHeightProperty: ReadOnlyDoubleProperty [value: 720.0]
17:43:29.687 [FXGL Background Thread 2 ] DEBUG Engine               - actualWidth: 512.0
17:43:29.687 [FXGL Background Thread 2 ] DEBUG Engine               - actualWidthProperty: ReadOnlyDoubleProperty [value: 512.0]
17:43:29.687 [FXGL Background Thread 2 ] DEBUG Engine               - appIcon: fxgl_icon.png
17:43:29.687 [FXGL Background Thread 2 ] DEBUG Engine               - applicationMode: RELEASE
17:43:29.687 [FXGL Background Thread 2 ] DEBUG Engine               - cSSList: [fxgl_dark.css]
17:43:29.687 [FXGL Background Thread 2 ] DEBUG Engine               - collisionDetectionStrategy: BRUTE_FORCE
17:43:29.687 [FXGL Background Thread 2 ] DEBUG Engine               - configClass: Optional.empty
17:43:29.687 [FXGL Background Thread 2 ] DEBUG Engine               - credits: []
17:43:29.688 [FXGL Background Thread 2 ] DEBUG Engine               - defaultCursor: CursorInfo(imageName=fxgl_default_cursor.png, hotspotX=7.0, hotspotY=6.0)
17:43:29.688 [FXGL Background Thread 2 ] DEBUG Engine               - devBBoxColorProperty: ObjectProperty [value: 0xff0000ff]
17:43:29.688 [FXGL Background Thread 2 ] DEBUG Engine               - devEnableDebugCameraProperty: BooleanProperty [value: false]
17:43:29.688 [FXGL Background Thread 2 ] DEBUG Engine               - devSensorColorProperty: ObjectProperty [value: 0xffff00ff]
17:43:29.688 [FXGL Background Thread 2 ] DEBUG Engine               - devShowBBoxProperty: BooleanProperty [value: false]
17:43:29.688 [FXGL Background Thread 2 ] DEBUG Engine               - devShowPositionProperty: BooleanProperty [value: false]
17:43:29.688 [FXGL Background Thread 2 ] DEBUG Engine               - enabledMenuItems: []
17:43:29.689 [FXGL Background Thread 2 ] DEBUG Engine               - engineServices: [class com.almasb.fxgl.app.services.FXGLAssetLoaderService, class com.almasb.fxgl.app.FXGLApplication$GameApplicationService, class com.almasb.fxgl.app.services.FXGLDialogService, class com.almasb.fxgl.app.services.IOTaskExecutorService, class com.almasb.fxgl.io.FileSystemService, class com.almasb.fxgl.localization.LocalizationService, class com.almasb.fxgl.app.services.SystemBundleService, class com.almasb.fxgl.profile.SaveLoadService, class com.almasb.fxgl.ui.FXGLUIFactoryServiceProvider, class com.almasb.fxgl.ui.FXGLDialogFactoryServiceProvider, class com.almasb.fxgl.audio.AudioPlayer, class com.almasb.fxgl.notification.impl.NotificationServiceProvider, class com.almasb.fxgl.achievement.AchievementService, class com.almasb.fxgl.cutscene.CutsceneService, class com.almasb.fxgl.minigames.MiniGameService, class com.almasb.fxgl.net.NetService, class com.almasb.fxgl.app.services.UpdaterService, class com.almasb.fxgl.dev.DevService]
17:43:29.689 [FXGL Background Thread 2 ] DEBUG Engine               - fontGame: Abel-Regular.ttf
17:43:29.689 [FXGL Background Thread 2 ] DEBUG Engine               - fontMono: TerminalLandMono-Regular.otf
17:43:29.689 [FXGL Background Thread 2 ] DEBUG Engine               - fontSizeScaleUI: 1.0
17:43:29.689 [FXGL Background Thread 2 ] DEBUG Engine               - fontText: Courier-Prime.ttf
17:43:29.689 [FXGL Background Thread 2 ] DEBUG Engine               - fontUI: VarelaRound-Regular.ttf
17:43:29.689 [FXGL Background Thread 2 ] DEBUG Engine               - fullScreen: BooleanProperty [value: false]
17:43:29.689 [FXGL Background Thread 2 ] DEBUG Engine               - gameDifficulty: MEDIUM
17:43:29.689 [FXGL Background Thread 2 ] DEBUG Engine               - gameDifficultyProperty: ObjectProperty [value: MEDIUM]
17:43:29.689 [FXGL Background Thread 2 ] DEBUG Engine               - globalMusicVolume: 0.5
17:43:29.689 [FXGL Background Thread 2 ] DEBUG Engine               - globalMusicVolumeProperty: DoubleProperty [value: 0.5]
17:43:29.689 [FXGL Background Thread 2 ] DEBUG Engine               - globalSoundVolume: 0.5
17:43:29.689 [FXGL Background Thread 2 ] DEBUG Engine               - globalSoundVolumeProperty: DoubleProperty [value: 0.5]
17:43:29.689 [FXGL Background Thread 2 ] DEBUG Engine               - height: 720
17:43:29.689 [FXGL Background Thread 2 ] DEBUG Engine               - is3D: false
17:43:29.689 [FXGL Background Thread 2 ] DEBUG Engine               - isAndroid: false
17:43:29.689 [FXGL Background Thread 2 ] DEBUG Engine               - isBrowser: false
17:43:29.689 [FXGL Background Thread 2 ] DEBUG Engine               - isClickFeedbackEnabled: false
17:43:29.689 [FXGL Background Thread 2 ] DEBUG Engine               - isCloseConfirmation: false
17:43:29.689 [FXGL Background Thread 2 ] DEBUG Engine               - isDesktop: true
17:43:29.689 [FXGL Background Thread 2 ] DEBUG Engine               - isDeveloperMenuEnabled: false
17:43:29.690 [FXGL Background Thread 2 ] DEBUG Engine               - isEmbedded: false
17:43:29.690 [FXGL Background Thread 2 ] DEBUG Engine               - isEntityPreloadEnabled: true
17:43:29.690 [FXGL Background Thread 2 ] DEBUG Engine               - isExperimentalTiledLargeMap: false
17:43:29.690 [FXGL Background Thread 2 ] DEBUG Engine               - isFileSystemWriteAllowed: true
17:43:29.690 [FXGL Background Thread 2 ] DEBUG Engine               - isFullScreenAllowed: false
17:43:29.690 [FXGL Background Thread 2 ] DEBUG Engine               - isFullScreenFromStart: false
17:43:29.690 [FXGL Background Thread 2 ] DEBUG Engine               - isGameMenuEnabled: true
17:43:29.690 [FXGL Background Thread 2 ] DEBUG Engine               - isIOS: false
17:43:29.690 [FXGL Background Thread 2 ] DEBUG Engine               - isIntroEnabled: false
17:43:29.690 [FXGL Background Thread 2 ] DEBUG Engine               - isLinux: false
17:43:29.690 [FXGL Background Thread 2 ] DEBUG Engine               - isMac: false
17:43:29.690 [FXGL Background Thread 2 ] DEBUG Engine               - isMainMenuEnabled: true
17:43:29.690 [FXGL Background Thread 2 ] DEBUG Engine               - isManualResizeEnabled: true
17:43:29.690 [FXGL Background Thread 2 ] DEBUG Engine               - isMobile: false
17:43:29.690 [FXGL Background Thread 2 ] DEBUG Engine               - isNative: false
17:43:29.690 [FXGL Background Thread 2 ] DEBUG Engine               - isPauseMusicWhenMinimized: true
17:43:29.690 [FXGL Background Thread 2 ] DEBUG Engine               - isPreserveResizeRatio: true
17:43:29.690 [FXGL Background Thread 2 ] DEBUG Engine               - isProfilingEnabled: false
17:43:29.691 [FXGL Background Thread 2 ] DEBUG Engine               - isScaleAffectedOnResize: true
17:43:29.691 [FXGL Background Thread 2 ] DEBUG Engine               - isSingleStep: false
17:43:29.691 [FXGL Background Thread 2 ] DEBUG Engine               - isUserProfileEnabled: false
17:43:29.691 [FXGL Background Thread 2 ] DEBUG Engine               - isWindows: true
17:43:29.691 [FXGL Background Thread 2 ] DEBUG Engine               - language: ObjectProperty [value: ENGLISH]
17:43:29.691 [FXGL Background Thread 2 ] DEBUG Engine               - menuKey: ESCAPE
17:43:29.691 [FXGL Background Thread 2 ] DEBUG Engine               - mouseSensitivity: 0.2
17:43:29.691 [FXGL Background Thread 2 ] DEBUG Engine               - notificationViewClass: class com.almasb.fxgl.notification.view.XboxNotificationView
17:43:29.691 [FXGL Background Thread 2 ] DEBUG Engine               - pixelsPerMeter: 50.0
17:43:29.691 [FXGL Background Thread 2 ] DEBUG Engine               - platform: WINDOWS
17:43:29.691 [FXGL Background Thread 2 ] DEBUG Engine               - prefHeightProperty: ReadOnlyDoubleProperty [value: 720.0]
17:43:29.691 [FXGL Background Thread 2 ] DEBUG Engine               - prefWidthProperty: ReadOnlyDoubleProperty [value: 512.0]
17:43:29.692 [FXGL Background Thread 2 ] DEBUG Engine               - profileDir: profiles/
17:43:29.692 [FXGL Background Thread 2 ] DEBUG Engine               - profileName: StringProperty [value: DEFAULT]
17:43:29.692 [FXGL Background Thread 2 ] DEBUG Engine               - randomSeed: -1
17:43:29.692 [FXGL Background Thread 2 ] DEBUG Engine               - runtimeInfo: RuntimeInfo(platform=WINDOWS, version=17.3, build=30.03.2023 11.49)
17:43:29.692 [FXGL Background Thread 2 ] DEBUG Engine               - saveFileExt: sav
17:43:29.692 [FXGL Background Thread 2 ] DEBUG Engine               - scaledHeightProp$fxgl: DoubleProperty [bound, value: 720.0]
17:43:29.692 [FXGL Background Thread 2 ] DEBUG Engine               - scaledWidthProp$fxgl: DoubleProperty [bound, value: 512.0]
17:43:29.692 [FXGL Background Thread 2 ] DEBUG Engine               - sceneFactory: com.almasb.fxgl.app.scene.SceneFactory@152add52
17:43:29.693 [FXGL Background Thread 2 ] DEBUG Engine               - secondsIn24h: 60
17:43:29.693 [FXGL Background Thread 2 ] DEBUG Engine               - soundMenuBack: menu/back.wav
17:43:29.693 [FXGL Background Thread 2 ] DEBUG Engine               - soundMenuPress: menu/press.wav
17:43:29.693 [FXGL Background Thread 2 ] DEBUG Engine               - soundMenuSelect: menu/select.wav
17:43:29.693 [FXGL Background Thread 2 ] DEBUG Engine               - soundNotification: core/notification.wav
17:43:29.693 [FXGL Background Thread 2 ] DEBUG Engine               - stageStyle: DECORATED
17:43:29.693 [FXGL Background Thread 2 ] DEBUG Engine               - supportedLanguages: [ENGLISH, FRENCH, GERMAN, HUNGARIAN, RUSSIAN]
17:43:29.693 [FXGL Background Thread 2 ] DEBUG Engine               - ticksPerSecond: -1
17:43:29.693 [FXGL Background Thread 2 ] DEBUG Engine               - title: Space Invaders
17:43:29.693 [FXGL Background Thread 2 ] DEBUG Engine               - urlGithub: https://github.com/AlmasB/FXGL
17:43:29.693 [FXGL Background Thread 2 ] DEBUG Engine               - urlLeaderboard: http://fxgl-top.herokuapp.com/
17:43:29.693 [FXGL Background Thread 2 ] DEBUG Engine               - urlPOM: https://raw.githubusercontent.com/AlmasB/FXGL/release/README.md
17:43:29.693 [FXGL Background Thread 2 ] DEBUG Engine               - userAppClass: class fxgl.spaceinvader.SpaceInvaderApp
17:43:29.693 [FXGL Background Thread 2 ] DEBUG Engine               - version: 1.0.1
17:43:29.693 [FXGL Background Thread 2 ] DEBUG Engine               - versionCheckDays: 7
17:43:29.693 [FXGL Background Thread 2 ] DEBUG Engine               - width: 512
17:43:29.693 [FXGL Background Thread 2 ] DEBUG Engine               - Logging services
17:43:29.693 [FXGL Background Thread 2 ] DEBUG Engine               - class com.almasb.fxgl.app.services.FXGLAssetLoaderService
17:43:29.693 [FXGL Background Thread 2 ] DEBUG Engine               - class com.almasb.fxgl.app.FXGLApplication$GameApplicationService
17:43:29.693 [FXGL Background Thread 2 ] DEBUG Engine               - class com.almasb.fxgl.app.services.FXGLDialogService
17:43:29.693 [FXGL Background Thread 2 ] DEBUG Engine               - class com.almasb.fxgl.app.services.IOTaskExecutorService
17:43:29.693 [FXGL Background Thread 2 ] DEBUG Engine               - class com.almasb.fxgl.io.FileSystemService
17:43:29.693 [FXGL Background Thread 2 ] DEBUG Engine               - class com.almasb.fxgl.localization.LocalizationService
17:43:29.693 [FXGL Background Thread 2 ] DEBUG Engine               - class com.almasb.fxgl.app.services.SystemBundleService
17:43:29.693 [FXGL Background Thread 2 ] DEBUG Engine               - class com.almasb.fxgl.profile.SaveLoadService
17:43:29.693 [FXGL Background Thread 2 ] DEBUG Engine               - class com.almasb.fxgl.ui.FXGLUIFactoryServiceProvider
17:43:29.693 [FXGL Background Thread 2 ] DEBUG Engine               - class com.almasb.fxgl.ui.FXGLDialogFactoryServiceProvider
17:43:29.693 [FXGL Background Thread 2 ] DEBUG Engine               - class com.almasb.fxgl.audio.AudioPlayer
17:43:29.693 [FXGL Background Thread 2 ] DEBUG Engine               - class com.almasb.fxgl.notification.impl.NotificationServiceProvider
17:43:29.693 [FXGL Background Thread 2 ] DEBUG Engine               - class com.almasb.fxgl.achievement.AchievementService
17:43:29.693 [FXGL Background Thread 2 ] DEBUG Engine               - class com.almasb.fxgl.cutscene.CutsceneService
17:43:29.693 [FXGL Background Thread 2 ] DEBUG Engine               - class com.almasb.fxgl.minigames.MiniGameService
17:43:29.693 [FXGL Background Thread 2 ] DEBUG Engine               - class com.almasb.fxgl.net.NetService
17:43:29.693 [FXGL Background Thread 2 ] DEBUG Engine               - class com.almasb.fxgl.app.services.UpdaterService
17:43:29.693 [FXGL Background Thread 2 ] DEBUG Engine               - class com.almasb.fxgl.dev.DevService
17:43:29.787 [JavaFX Application Thread] DEBUG FXGLAssetLoaderServi - Loading from file system: file:/C:/Users/HP/IdeaProjects/SpaceInvader/target/classes/assets/textures/EnemyBullet.png
17:43:29.790 [JavaFX Application Thread] DEBUG FXGLAssetLoaderServi - Loading from file system: file:/C:/Users/HP/IdeaProjects/SpaceInvader/target/classes/assets/textures/EnemyCluster.png
17:43:29.977 [JavaFX Application Thread] DEBUG EventBus             - Firing event: fxgl.spaceinvader.event.GameEvent[source=javafx.event.Event$$Lambda/0x000001bfb615b838@1839f4a0]
17:43:30.729 [JavaFX Application Thread] DEBUG EventBus             - Firing event: fxgl.spaceinvader.event.GameEvent[source=javafx.event.Event$$Lambda/0x000001bfb615b838@1839f4a0]
17:43:30.955 [JavaFX Application Thread] DEBUG FXGLAssetLoaderServi - Loading from file system: file:/C:/Users/HP/IdeaProjects/SpaceInvader/target/classes/assets/textures/wall_left_2.png
17:43:30.956 [JavaFX Application Thread] DEBUG FXGLAssetLoaderServi - Loading from file system: file:/C:/Users/HP/IdeaProjects/SpaceInvader/target/classes/assets/textures/wall_right_2.png
17:43:31.321 [JavaFX Application Thread] DEBUG EventBus             - Firing event: fxgl.spaceinvader.event.GameEvent[source=javafx.event.Event$$Lambda/0x000001bfb615b838@1839f4a0]
17:43:31.480 [JavaFX Application Thread] DEBUG EventBus             - Firing event: fxgl.spaceinvader.event.GameEvent[source=javafx.event.Event$$Lambda/0x000001bfb615b838@1839f4a0]
17:43:32.393 [JavaFX Application Thread] DEBUG EventBus             - Firing event: fxgl.spaceinvader.event.GameEvent[source=javafx.event.Event$$Lambda/0x000001bfb615b838@1839f4a0]
17:43:32.570 [JavaFX Application Thread] DEBUG FXGLAssetLoaderServi - Loading from file system: file:/C:/Users/HP/IdeaProjects/SpaceInvader/target/classes/assets/textures/wall_right_3.png
17:43:32.920 [JavaFX Application Thread] DEBUG EventBus             - Firing event: fxgl.spaceinvader.event.GameEvent[source=javafx.event.Event$$Lambda/0x000001bfb615b838@1839f4a0]
17:43:33.145 [JavaFX Application Thread] DEBUG EventBus             - Firing event: fxgl.spaceinvader.event.GameEvent[source=javafx.event.Event$$Lambda/0x000001bfb615b838@1839f4a0]
17:43:33.273 [JavaFX Application Thread] DEBUG EventBus             - Firing event: fxgl.spaceinvader.event.GameEvent[source=javafx.event.Event$$Lambda/0x000001bfb615b838@1839f4a0]
17:43:33.577 [JavaFX Application Thread] DEBUG FXGLAssetLoaderServi - Loading from file system: file:/C:/Users/HP/IdeaProjects/SpaceInvader/target/classes/assets/textures/wall_left_3.png
17:43:33.897 [JavaFX Application Thread] DEBUG EventBus             - Firing event: fxgl.spaceinvader.event.GameEvent[source=javafx.event.Event$$Lambda/0x000001bfb615b838@1839f4a0]
17:43:34.249 [JavaFX Application Thread] DEBUG EventBus             - Firing event: fxgl.spaceinvader.event.GameEvent[source=javafx.event.Event$$Lambda/0x000001bfb615b838@1839f4a0]
17:43:34.425 [JavaFX Application Thread] DEBUG EventBus             - Firing event: fxgl.spaceinvader.event.GameEvent[source=javafx.event.Event$$Lambda/0x000001bfb615b838@1839f4a0]
17:43:34.536 [JavaFX Application Thread] DEBUG EventBus             - Firing event: fxgl.spaceinvader.event.GameEvent[source=javafx.event.Event$$Lambda/0x000001bfb615b838@1839f4a0]
17:43:36.121 [JavaFX Application Thread] DEBUG EventBus             - Firing event: fxgl.spaceinvader.event.GameEvent[source=javafx.event.Event$$Lambda/0x000001bfb615b838@1839f4a0]
17:43:36.616 [JavaFX Application Thread] DEBUG EventBus             - Firing event: fxgl.spaceinvader.event.GameEvent[source=javafx.event.Event$$Lambda/0x000001bfb615b838@1839f4a0]
17:43:37.352 [JavaFX Application Thread] DEBUG EventBus             - Firing event: fxgl.spaceinvader.event.GameEvent[source=javafx.event.Event$$Lambda/0x000001bfb615b838@1839f4a0]
17:43:37.482 [JavaFX Application Thread] DEBUG EventBus             - Firing event: fxgl.spaceinvader.event.GameEvent[source=javafx.event.Event$$Lambda/0x000001bfb615b838@1839f4a0]
17:43:38.521 [JavaFX Application Thread] DEBUG EventBus             - Firing event: fxgl.spaceinvader.event.GameEvent[source=javafx.event.Event$$Lambda/0x000001bfb615b838@1839f4a0]
17:43:38.937 [JavaFX Application Thread] DEBUG EventBus             - Firing event: fxgl.spaceinvader.event.GameEvent[source=javafx.event.Event$$Lambda/0x000001bfb615b838@1839f4a0]
17:43:39.657 [JavaFX Application Thread] DEBUG EventBus             - Firing event: fxgl.spaceinvader.event.GameEvent[source=javafx.event.Event$$Lambda/0x000001bfb615b838@1839f4a0]
17:43:39.816 [JavaFX Application Thread] DEBUG EventBus             - Firing event: fxgl.spaceinvader.event.GameEvent[source=javafx.event.Event$$Lambda/0x000001bfb615b838@1839f4a0]
17:43:40.729 [JavaFX Application Thread] DEBUG EventBus             - Firing event: fxgl.spaceinvader.event.GameEvent[source=javafx.event.Event$$Lambda/0x000001bfb615b838@1839f4a0]
17:43:40.809 [JavaFX Application Thread] DEBUG EventBus             - Firing event: fxgl.spaceinvader.event.GameEvent[source=javafx.event.Event$$Lambda/0x000001bfb615b838@1839f4a0]
17:43:44.953 [JavaFX Application Thread] DEBUG FXGLAssetLoaderServi - Loading from file system: file:/C:/Users/HP/IdeaProjects/SpaceInvader/target/classes/assets/textures/shield.png
17:43:45.769 [JavaFX Application Thread] DEBUG EventBus             - Firing event: fxgl.spaceinvader.event.GameEvent[source=javafx.event.Event$$Lambda/0x000001bfb615b838@1839f4a0]
17:43:46.041 [JavaFX Application Thread] DEBUG EventBus             - Firing event: fxgl.spaceinvader.event.GameEvent[source=javafx.event.Event$$Lambda/0x000001bfb615b838@1839f4a0]
17:43:46.873 [JavaFX Application Thread] DEBUG EventBus             - Firing event: fxgl.spaceinvader.event.GameEvent[source=javafx.event.Event$$Lambda/0x000001bfb615b838@1839f4a0]
17:43:47.577 [JavaFX Application Thread] DEBUG EventBus             - Firing event: fxgl.spaceinvader.event.GameEvent[source=javafx.event.Event$$Lambda/0x000001bfb615b838@1839f4a0]
17:43:49.193 [JavaFX Application Thread] DEBUG EventBus             - Firing event: fxgl.spaceinvader.event.GameEvent[source=javafx.event.Event$$Lambda/0x000001bfb615b838@1839f4a0]
17:43:50.441 [JavaFX Application Thread] DEBUG EventBus             - Firing event: fxgl.spaceinvader.event.GameEvent[source=javafx.event.Event$$Lambda/0x000001bfb615b838@1839f4a0]
17:43:52.824 [JavaFX Application Thread] DEBUG EventBus             - Firing event: fxgl.spaceinvader.event.GameEvent[source=javafx.event.Event$$Lambda/0x000001bfb615b838@1839f4a0]
17:43:53.321 [JavaFX Application Thread] DEBUG EventBus             - Firing event: fxgl.spaceinvader.event.GameEvent[source=javafx.event.Event$$Lambda/0x000001bfb615b838@1839f4a0]
17:43:54.185 [JavaFX Application Thread] DEBUG EventBus             - Firing event: fxgl.spaceinvader.event.GameEvent[source=javafx.event.Event$$Lambda/0x000001bfb615b838@1839f4a0]
17:43:54.792 [JavaFX Application Thread] DEBUG EventBus             - Firing event: fxgl.spaceinvader.event.GameEvent[source=javafx.event.Event$$Lambda/0x000001bfb615b838@1839f4a0]
17:43:55.098 [JavaFX Application Thread] DEBUG EventBus             - Firing event: fxgl.spaceinvader.event.GameEvent[source=javafx.event.Event$$Lambda/0x000001bfb615b838@1839f4a0]
17:43:55.688 [JavaFX Application Thread] DEBUG EventBus             - Firing event: fxgl.spaceinvader.event.GameEvent[source=javafx.event.Event$$Lambda/0x000001bfb615b838@1839f4a0]
17:43:59.849 [JavaFX Application Thread] DEBUG EventBus             - Firing event: fxgl.spaceinvader.event.GameEvent[source=javafx.event.Event$$Lambda/0x000001bfb615b838@1839f4a0]
17:44:03.433 [JavaFX Application Thread] DEBUG EventBus             - Firing event: fxgl.spaceinvader.event.GameEvent[source=javafx.event.Event$$Lambda/0x000001bfb615b838@1839f4a0]
17:44:06.233 [JavaFX Application Thread] DEBUG EventBus             - Firing event: fxgl.spaceinvader.event.GameEvent[source=javafx.event.Event$$Lambda/0x000001bfb615b838@1839f4a0]
17:44:08.904 [JavaFX Application Thread] DEBUG EventBus             - Firing event: fxgl.spaceinvader.event.GameEvent[source=javafx.event.Event$$Lambda/0x000001bfb615b838@1839f4a0]
17:44:08.908 [JavaFX Application Thread] WARN  TMXLevelLoader       - TiledMap generated from 1.8.6. Supported version: 1.9.0. Some features may not be parsed fully.
17:44:08.915 [JavaFX Application Thread] DEBUG TMXLevelLoader       - Parsed TiledMap: file:/C:/Users/HP/IdeaProjects/SpaceInvader/target/classes/assets/levels/level2.tmx
17:44:08.915 [JavaFX Application Thread] DEBUG TMXLevelLoader       - Creating tile layer entities
17:44:08.916 [JavaFX Application Thread] DEBUG TilesetLoader        - Loading view for layer Background
17:44:08.916 [JavaFX Application Thread] DEBUG TilesetLoader        - Created buffer with size 512.0x720.0
17:44:08.920 [JavaFX Application Thread] DEBUG TilesetLoader        - Loading view for layer UI
17:44:08.922 [JavaFX Application Thread] DEBUG TilesetLoader        - Created buffer with size 512.0x720.0
17:44:08.923 [JavaFX Application Thread] DEBUG TMXLevelLoader       - Creating object layer entities
17:44:08.935 [JavaFX Application Thread] DEBUG GameWorld            - Clearing removable entities
17:44:08.939 [JavaFX Application Thread] DEBUG GameWorld            - Setting level: com.almasb.fxgl.entity.level.Level@6e4a12d5
17:44:11.032 [JavaFX Application Thread] DEBUG EventBus             - Firing event: fxgl.spaceinvader.event.GameEvent[source=javafx.event.Event$$Lambda/0x000001bfb615b838@1839f4a0]
17:44:11.864 [JavaFX Application Thread] DEBUG EventBus             - Firing event: fxgl.spaceinvader.event.GameEvent[source=javafx.event.Event$$Lambda/0x000001bfb615b838@1839f4a0]
17:44:12.713 [JavaFX Application Thread] DEBUG EventBus             - Firing event: fxgl.spaceinvader.event.GameEvent[source=javafx.event.Event$$Lambda/0x000001bfb615b838@1839f4a0]
17:44:13.210 [JavaFX Application Thread] DEBUG EventBus             - Firing event: fxgl.spaceinvader.event.GameEvent[source=javafx.event.Event$$Lambda/0x000001bfb615b838@1839f4a0]
17:44:14.233 [JavaFX Application Thread] DEBUG EventBus             - Firing event: fxgl.spaceinvader.event.GameEvent[source=javafx.event.Event$$Lambda/0x000001bfb615b838@1839f4a0]
17:44:17.401 [JavaFX Application Thread] DEBUG EventBus             - Firing event: fxgl.spaceinvader.event.GameEvent[source=javafx.event.Event$$Lambda/0x000001bfb615b838@1839f4a0]
17:44:19.785 [JavaFX Application Thread] DEBUG EventBus             - Firing event: fxgl.spaceinvader.event.GameEvent[source=javafx.event.Event$$Lambda/0x000001bfb615b838@1839f4a0]
17:44:23.848 [JavaFX Application Thread] DEBUG EventBus             - Firing event: fxgl.spaceinvader.event.GameEvent[source=javafx.event.Event$$Lambda/0x000001bfb615b838@1839f4a0]
17:44:24.585 [JavaFX Application Thread] DEBUG EventBus             - Firing event: fxgl.spaceinvader.event.GameEvent[source=javafx.event.Event$$Lambda/0x000001bfb615b838@1839f4a0]
17:44:25.273 [JavaFX Application Thread] DEBUG EventBus             - Firing event: fxgl.spaceinvader.event.GameEvent[source=javafx.event.Event$$Lambda/0x000001bfb615b838@1839f4a0]
17:44:26.184 [JavaFX Application Thread] DEBUG EventBus             - Firing event: fxgl.spaceinvader.event.GameEvent[source=javafx.event.Event$$Lambda/0x000001bfb615b838@1839f4a0]
17:44:26.872 [JavaFX Application Thread] DEBUG EventBus             - Firing event: fxgl.spaceinvader.event.GameEvent[source=javafx.event.Event$$Lambda/0x000001bfb615b838@1839f4a0]
17:44:28.425 [JavaFX Application Thread] DEBUG EventBus             - Firing event: fxgl.spaceinvader.event.GameEvent[source=javafx.event.Event$$Lambda/0x000001bfb615b838@1839f4a0]
17:44:30.345 [JavaFX Application Thread] DEBUG EventBus             - Firing event: fxgl.spaceinvader.event.GameEvent[source=javafx.event.Event$$Lambda/0x000001bfb615b838@1839f4a0]
17:44:30.873 [JavaFX Application Thread] DEBUG EventBus             - Firing event: fxgl.spaceinvader.event.GameEvent[source=javafx.event.Event$$Lambda/0x000001bfb615b838@1839f4a0]
17:44:32.281 [JavaFX Application Thread] DEBUG EventBus             - Firing event: fxgl.spaceinvader.event.GameEvent[source=javafx.event.Event$$Lambda/0x000001bfb615b838@1839f4a0]
17:44:33.129 [JavaFX Application Thread] DEBUG EventBus             - Firing event: fxgl.spaceinvader.event.GameEvent[source=javafx.event.Event$$Lambda/0x000001bfb615b838@1839f4a0]
17:44:33.800 [JavaFX Application Thread] DEBUG EventBus             - Firing event: fxgl.spaceinvader.event.GameEvent[source=javafx.event.Event$$Lambda/0x000001bfb615b838@1839f4a0]
17:44:35.320 [JavaFX Application Thread] DEBUG EventBus             - Firing event: fxgl.spaceinvader.event.GameEvent[source=javafx.event.Event$$Lambda/0x000001bfb615b838@1839f4a0]
17:44:35.673 [JavaFX Application Thread] DEBUG EventBus             - Firing event: fxgl.spaceinvader.event.GameEvent[source=javafx.event.Event$$Lambda/0x000001bfb615b838@1839f4a0]
17:44:40.776 [JavaFX Application Thread] DEBUG EventBus             - Firing event: fxgl.spaceinvader.event.GameEvent[source=javafx.event.Event$$Lambda/0x000001bfb615b838@1839f4a0]
17:44:41.817 [JavaFX Application Thread] DEBUG EventBus             - Firing event: fxgl.spaceinvader.event.GameEvent[source=javafx.event.Event$$Lambda/0x000001bfb615b838@1839f4a0]
17:44:42.521 [JavaFX Application Thread] DEBUG EventBus             - Firing event: fxgl.spaceinvader.event.GameEvent[source=javafx.event.Event$$Lambda/0x000001bfb615b838@1839f4a0]
17:44:44.360 [JavaFX Application Thread] DEBUG EventBus             - Firing event: fxgl.spaceinvader.event.GameEvent[source=javafx.event.Event$$Lambda/0x000001bfb615b838@1839f4a0]
17:44:44.968 [JavaFX Application Thread] DEBUG EventBus             - Firing event: fxgl.spaceinvader.event.GameEvent[source=javafx.event.Event$$Lambda/0x000001bfb615b838@1839f4a0]
17:44:45.849 [JavaFX Application Thread] DEBUG EventBus             - Firing event: fxgl.spaceinvader.event.GameEvent[source=javafx.event.Event$$Lambda/0x000001bfb615b838@1839f4a0]
17:44:45.854 [JavaFX Application Thread] DEBUG PrimaryStageWindow   - Push state: DialogSubScene
17:44:45.854 [JavaFX Application Thread] DEBUG Input                - Clearing active input actions
17:44:45.855 [JavaFX Application Thread] DEBUG GameApplicationServi - Removing overlay from GameScene and adding to DialogSubScene
17:44:45.855 [JavaFX Application Thread] DEBUG PrimaryStageWindow   - GameScene -> DialogSubScene
17:44:50.346 [JavaFX Application Thread] DEBUG FXGLApplication      - Exiting FXGL
17:44:50.346 [JavaFX Application Thread] DEBUG LoopRunner           - Stopping loop
17:44:50.346 [JavaFX Application Thread] DEBUG SystemBundleService  - Saving FXGL system data
17:44:50.349 [JavaFX Application Thread] DEBUG FileSystemAccess     - Writing to: C:\Users\HP\IdeaProjects\SpaceInvader\system\fxgl.bundle
17:44:50.352 [JavaFX Application Thread] DEBUG Async                - Shutting down background threads
17:44:50.353 [JavaFX Application Thread] DEBUG PrimaryStageWindow   - Closing main window
17:44:50.373 [JavaFX Application Thread] DEBUG Logger               - Closing Logger
