17:40:48.328 [main                     ] DEBUG Logger               - Configured Logger
17:40:48.354 [main                     ] DEBUG GameApplication      - Logging settings
Title: Space Invaders
Version: 1.0.1
Width: 512
Height: 720
Fullscreen: false
Intro: false
Profiling: false
Single step:false
App Mode: RELEASE
Menu Key: ESCAPE
Stage Style: DECORATED
Scene Factory: class com.almasb.fxgl.app.scene.SceneFactory

17:40:48.687 [JavaFX Application Thread] DEBUG FXGLApplication      - Initializing FXGL
17:40:48.692 [JavaFX Application Thread] INFO  Engine               - FXGL-17.3 (30.03.2023 11.49) on WINDOWS (J:23 FX:17.0.6)
17:40:48.692 [JavaFX Application Thread] DEBUG Engine               - JRE Vendor Name: Oracle Corporation
17:40:48.692 [JavaFX Application Thread] DEBUG Engine               - Running on OS: Windows 10 version 10.0
17:40:48.692 [JavaFX Application Thread] DEBUG Engine               - Architecture: amd64
17:40:48.692 [JavaFX Application Thread] INFO  Engine               - Source code and latest versions at: https://github.com/AlmasB/FXGL
17:40:48.692 [JavaFX Application Thread] INFO  Engine               -       Ask questions and discuss at: https://github.com/AlmasB/FXGL/discussions
17:40:48.692 [JavaFX Application Thread] INFO  Engine               -              Join the FXGL chat at: https://gitter.im/AlmasB/FXGL
17:40:48.774 [JavaFX Application Thread] DEBUG PrimaryStageWindow   - Creating a JavaFX scene
17:40:48.821 [JavaFX Application Thread] DEBUG PrimaryStageWindow   - Target settings size: 512.0 x 720.0
17:40:48.821 [JavaFX Application Thread] DEBUG PrimaryStageWindow   - Scaled scene size:    512.0 x 720.0
17:40:48.821 [JavaFX Application Thread] DEBUG PrimaryStageWindow   - Scaled ratio: (1.0, 1.0)
17:40:48.822 [JavaFX Application Thread] DEBUG PrimaryStageWindow   - Set initial scene to FXGLStartupScene
17:40:48.830 [JavaFX Application Thread] DEBUG PrimaryStageWindow   - Opening main window
17:40:48.910 [JavaFX Application Thread] DEBUG PrimaryStageWindow   - Window border size: (14.4000244140625, 37.5999755859375)
17:40:48.911 [JavaFX Application Thread] DEBUG PrimaryStageWindow   - Scaled size: 512.0 x 720.0
17:40:48.911 [JavaFX Application Thread] DEBUG PrimaryStageWindow   - Scaled ratio: (1.0, 1.0)
17:40:48.912 [JavaFX Application Thread] DEBUG PrimaryStageWindow   - Scene size: 512.0 x 720.0
17:40:48.913 [JavaFX Application Thread] DEBUG PrimaryStageWindow   - Stage size: 526.4000244140625 x 757.5999755859375
17:40:48.925 [FXGL Background Thread 1 ] DEBUG Engine               - Initializing environment variables
17:40:49.049 [FXGL Background Thread 1 ] DEBUG FXGLAssetLoaderServi - User app class for loading assets: class fxgl.spaceinvader.SpaceInvaderApp
17:40:49.049 [FXGL Background Thread 1 ] DEBUG GameApplicationServi - Applying CSS: fxgl_dark.css
17:40:49.050 [FXGL Background Thread 1 ] DEBUG FXGLAssetLoaderServi - Loading from file system: jar:file:///C:/Users/HP/.m2/repository/com/github/almasb/fxgl/17.3/fxgl-17.3.jar!/fxglassets/ui/css/fxgl_dark.css
17:40:49.102 [FXGL Background Thread 1 ] DEBUG GameApplicationServi - Initializing application scenes
17:40:49.163 [FXGL Background Thread 1 ] DEBUG GameWorld            - Game world initialized
17:40:49.237 [FXGL Background Thread 1 ] DEBUG PhysicsWorld         - Physics world initialized: appHeight=720, physics.ppm=50.0
17:40:49.237 [FXGL Background Thread 1 ] DEBUG PhysicsWorld         - Using strategy: BRUTE_FORCE
17:40:49.242 [FXGL Background Thread 1 ] DEBUG GameScene            - Game scene initialized: 512x720
17:40:49.257 [FXGL Background Thread 1 ] WARN  FXGL.DefaultMenu     - FXGLDefaultMenu is not designed for resolutions < 800x600
17:40:49.257 [FXGL Background Thread 1 ] DEBUG FXGL.DefaultMenu     - createMenuBodyMainMenu()
17:40:49.273 [FXGL Background Thread 1 ] DEBUG FXGL.DefaultMenu     - createOptionsMenu()
17:40:49.288 [FXGL Background Thread 1 ] DEBUG FXGLAssetLoaderServi - Loading from file system: jar:file:///C:/Users/HP/.m2/repository/com/github/almasb/fxgl/17.3/fxgl-17.3.jar!/fxglassets/textures/particles/smoke.png
17:40:49.366 [FXGL Background Thread 1 ] DEBUG FXGLAssetLoaderServi - Loading from file system: jar:file:///C:/Users/HP/.m2/repository/com/github/almasb/fxgl/17.3/fxgl-17.3.jar!/fxglassets/textures/particles/trace_horizontal.png
17:40:49.390 [FXGL Background Thread 1 ] WARN  FXGL.DefaultMenu     - FXGLDefaultMenu is not designed for resolutions < 800x600
17:40:49.391 [FXGL Background Thread 1 ] DEBUG FXGL.DefaultMenu     - createMenuBodyGameMenu()
17:40:49.391 [FXGL Background Thread 1 ] DEBUG FXGL.DefaultMenu     - createOptionsMenu()
17:40:49.405 [FXGL Background Thread 1 ] DEBUG GameApplicationServi - Application scenes initialized
17:40:49.414 [FXGL Background Thread 1 ] DEBUG SystemBundleService  - Loading FXGL system data
17:40:49.418 [FXGL Background Thread 1 ] DEBUG FileSystemAccess     - Reading from: C:\Users\HP\IdeaProjects\SpaceInvader\system\fxgl.bundle
17:40:49.426 [FXGL Background Thread 1 ] DEBUG SystemBundleService  - Bundle FXGL: {}
17:40:49.429 [FXGL Background Thread 3 ] DEBUG FXGLApplication      - Loading fonts
17:40:49.429 [FXGL Background Thread 3 ] DEBUG FXGLAssetLoaderServi - Loading from file system: jar:file:///C:/Users/HP/.m2/repository/com/github/almasb/fxgl/17.3/fxgl-17.3.jar!/fxglassets/ui/fonts/VarelaRound-Regular.ttf
17:40:49.429 [FXGL Background Thread 1 ] DEBUG FXGLApplication      - Loading default localization
17:40:49.430 [FXGL Background Thread 1 ] DEBUG FXGLAssetLoaderServi - Loading from file system: jar:file:///C:/Users/HP/.m2/repository/com/github/almasb/fxgl/17.3/fxgl-17.3.jar!/fxglassets/languages/english.lang
17:40:49.450 [FXGL Background Thread 1 ] INFO  FXGLApplication      - FXGL initialization took: 0.525 sec
17:40:49.458 [FXGL Background Thread 3 ] DEBUG FXGLAssetLoaderServi - Loading from file system: jar:file:///C:/Users/HP/.m2/repository/com/github/almasb/fxgl/17.3/fxgl-17.3.jar!/fxglassets/ui/fonts/Abel-Regular.ttf
17:40:49.462 [JavaFX Application Thread] DEBUG Input                - Registered new binding: Move Left - Left
17:40:49.462 [FXGL Background Thread 3 ] DEBUG FXGLAssetLoaderServi - Loading from file system: jar:file:///C:/Users/HP/.m2/repository/com/github/almasb/fxgl/17.3/fxgl-17.3.jar!/fxglassets/ui/fonts/TerminalLandMono-Regular.otf
17:40:49.462 [JavaFX Application Thread] DEBUG Input                - Registered new binding: Move Right - Right
17:40:49.462 [JavaFX Application Thread] DEBUG Input                - Registered new binding: Shoot - Up
17:40:49.463 [JavaFX Application Thread] DEBUG Input                - Registered new binding: Shield Up - Space
17:40:49.464 [JavaFX Application Thread] DEBUG FXGLAssetLoaderServi - Loading from file system: jar:file:///C:/Users/HP/.m2/repository/com/github/almasb/fxgl/17.3/fxgl-17.3.jar!/fxglassets/textures/fxgl_icon.png
17:40:49.466 [FXGL Background Thread 3 ] DEBUG FXGLAssetLoaderServi - Loading from file system: jar:file:///C:/Users/HP/.m2/repository/com/github/almasb/fxgl/17.3/fxgl-17.3.jar!/fxglassets/ui/fonts/Courier-Prime.ttf
17:40:49.480 [JavaFX Application Thread] DEBUG FXGLAssetLoaderServi - Loading from file system: jar:file:///C:/Users/HP/.m2/repository/com/github/almasb/fxgl/17.3/fxgl-17.3.jar!/fxglassets/textures/fxgl_default_cursor.png
17:40:49.482 [JavaFX Application Thread] DEBUG Input                - Registered new binding: Screenshot - CTRL+8
17:40:49.484 [JavaFX Application Thread] DEBUG LoopRunner           - Starting loop
17:40:49.484 [JavaFX Application Thread] DEBUG LoopRunner           - Initializing JavaFX AnimationTimerLoop
17:40:49.486 [JavaFX Application Thread] DEBUG Input                - Clearing active input actions
17:40:49.493 [JavaFX Application Thread] DEBUG GameApplicationServi - Removing overlay from FXGLStartupScene and adding to FXGLMainMenuDummyScene
17:40:49.494 [JavaFX Application Thread] DEBUG PrimaryStageWindow   - FXGLStartupScene -> FXGLMainMenuDummyScene
17:40:49.494 [JavaFX Application Thread] DEBUG PrimaryStageWindow   - Push state: FXGLDefaultMenu
17:40:49.499 [JavaFX Application Thread] DEBUG Input                - Clearing active input actions
17:40:49.505 [JavaFX Application Thread] DEBUG GameApplicationServi - Removing overlay from FXGLMainMenuDummyScene and adding to FXGLDefaultMenu
17:40:49.506 [JavaFX Application Thread] DEBUG PrimaryStageWindow   - FXGLMainMenuDummyScene -> FXGLDefaultMenu
17:40:49.506 [JavaFX Application Thread] DEBUG FXGLApplication      - Registering font factories with UI factory
17:40:50.995 [JavaFX Application Thread] DEBUG Menu                 - fireNewGame()
17:40:50.995 [JavaFX Application Thread] DEBUG GameApplicationServi - Starting new game
17:40:50.997 [JavaFX Application Thread] DEBUG PrimaryStageWindow   - Pop state: FXGLDefaultMenu
17:40:50.997 [JavaFX Application Thread] DEBUG Input                - Clearing active input actions
17:40:50.998 [JavaFX Application Thread] DEBUG GameApplicationServi - Removing overlay from FXGLDefaultMenu and adding to FXGLMainMenuDummyScene
17:40:50.999 [JavaFX Application Thread] DEBUG PrimaryStageWindow   - FXGLMainMenuDummyScene <- FXGLDefaultMenu
17:40:50.999 [JavaFX Application Thread] DEBUG Input                - Clearing active input actions
17:40:51.010 [JavaFX Application Thread] DEBUG GameApplicationServi - Removing overlay from FXGLMainMenuDummyScene and adding to FXGLLoadingScene
17:40:51.010 [JavaFX Application Thread] DEBUG PrimaryStageWindow   - FXGLMainMenuDummyScene -> FXGLLoadingScene
17:40:51.010 [JavaFX Application Thread] DEBUG GameApplicationServi - Clearing previous game
17:40:51.010 [JavaFX Application Thread] DEBUG GameScene            - Clearing game scene
17:40:51.010 [JavaFX Application Thread] DEBUG GameWorld            - Clearing game world
17:40:51.011 [JavaFX Application Thread] DEBUG PhysicsWorld         - Clearing physics world
17:40:51.013 [FXGL Background Thread 3 ] DEBUG FXGLApplication      - Initializing game
17:40:51.112 [FXGL Background Thread 3 ] DEBUG FXGLAssetLoaderServi - Loading from file system: file:/C:/Users/HP/IdeaProjects/SpaceInvader/target/classes/assets/textures/player.png
17:40:51.128 [FXGL Background Thread 3 ] INFO  FXGLApplication      - Game initialization took: 0.116 sec
17:40:51.129 [JavaFX Application Thread] DEBUG Input                - Clearing active input actions
17:40:51.143 [JavaFX Application Thread] DEBUG GameApplicationServi - Removing overlay from FXGLLoadingScene and adding to GameScene
17:40:51.143 [JavaFX Application Thread] DEBUG PrimaryStageWindow   - FXGLLoadingScene -> GameScene
17:40:51.212 [JavaFX Application Thread] DEBUG PrimaryStageWindow   - Push state: DialogSubScene
17:40:51.212 [JavaFX Application Thread] DEBUG Input                - Clearing active input actions
17:40:51.213 [JavaFX Application Thread] DEBUG GameApplicationServi - Removing overlay from GameScene and adding to DialogSubScene
17:40:51.213 [JavaFX Application Thread] DEBUG PrimaryStageWindow   - GameScene -> DialogSubScene
17:40:52.429 [FXGL Background Thread 2 ] DEBUG Engine               - Logging environment variables
17:40:52.429 [FXGL Background Thread 2 ] DEBUG Engine               - achievements: []
17:40:52.429 [FXGL Background Thread 2 ] DEBUG Engine               - actualHeight: 720.0
17:40:52.429 [FXGL Background Thread 2 ] DEBUG Engine               - actualHeightProperty: ReadOnlyDoubleProperty [value: 720.0]
17:40:52.429 [FXGL Background Thread 2 ] DEBUG Engine               - actualWidth: 512.0
17:40:52.429 [FXGL Background Thread 2 ] DEBUG Engine               - actualWidthProperty: ReadOnlyDoubleProperty [value: 512.0]
17:40:52.429 [FXGL Background Thread 2 ] DEBUG Engine               - appIcon: fxgl_icon.png
17:40:52.429 [FXGL Background Thread 2 ] DEBUG Engine               - applicationMode: RELEASE
17:40:52.429 [FXGL Background Thread 2 ] DEBUG Engine               - cSSList: [fxgl_dark.css]
17:40:52.429 [FXGL Background Thread 2 ] DEBUG Engine               - collisionDetectionStrategy: BRUTE_FORCE
17:40:52.429 [FXGL Background Thread 2 ] DEBUG Engine               - configClass: Optional.empty
17:40:52.430 [FXGL Background Thread 2 ] DEBUG Engine               - credits: []
17:40:52.430 [FXGL Background Thread 2 ] DEBUG Engine               - defaultCursor: CursorInfo(imageName=fxgl_default_cursor.png, hotspotX=7.0, hotspotY=6.0)
17:40:52.430 [FXGL Background Thread 2 ] DEBUG Engine               - devBBoxColorProperty: ObjectProperty [value: 0xff0000ff]
17:40:52.430 [FXGL Background Thread 2 ] DEBUG Engine               - devEnableDebugCameraProperty: BooleanProperty [value: false]
17:40:52.430 [FXGL Background Thread 2 ] DEBUG Engine               - devSensorColorProperty: ObjectProperty [value: 0xffff00ff]
17:40:52.430 [FXGL Background Thread 2 ] DEBUG Engine               - devShowBBoxProperty: BooleanProperty [value: false]
17:40:52.430 [FXGL Background Thread 2 ] DEBUG Engine               - devShowPositionProperty: BooleanProperty [value: false]
17:40:52.431 [FXGL Background Thread 2 ] DEBUG Engine               - enabledMenuItems: []
17:40:52.431 [FXGL Background Thread 2 ] DEBUG Engine               - engineServices: [class com.almasb.fxgl.app.services.FXGLAssetLoaderService, class com.almasb.fxgl.app.FXGLApplication$GameApplicationService, class com.almasb.fxgl.app.services.FXGLDialogService, class com.almasb.fxgl.app.services.IOTaskExecutorService, class com.almasb.fxgl.io.FileSystemService, class com.almasb.fxgl.localization.LocalizationService, class com.almasb.fxgl.app.services.SystemBundleService, class com.almasb.fxgl.profile.SaveLoadService, class com.almasb.fxgl.ui.FXGLUIFactoryServiceProvider, class com.almasb.fxgl.ui.FXGLDialogFactoryServiceProvider, class com.almasb.fxgl.audio.AudioPlayer, class com.almasb.fxgl.notification.impl.NotificationServiceProvider, class com.almasb.fxgl.achievement.AchievementService, class com.almasb.fxgl.cutscene.CutsceneService, class com.almasb.fxgl.minigames.MiniGameService, class com.almasb.fxgl.net.NetService, class com.almasb.fxgl.app.services.UpdaterService, class com.almasb.fxgl.dev.DevService]
17:40:52.431 [FXGL Background Thread 2 ] DEBUG Engine               - fontGame: Abel-Regular.ttf
17:40:52.431 [FXGL Background Thread 2 ] DEBUG Engine               - fontMono: TerminalLandMono-Regular.otf
17:40:52.431 [FXGL Background Thread 2 ] DEBUG Engine               - fontSizeScaleUI: 1.0
17:40:52.431 [FXGL Background Thread 2 ] DEBUG Engine               - fontText: Courier-Prime.ttf
17:40:52.431 [FXGL Background Thread 2 ] DEBUG Engine               - fontUI: VarelaRound-Regular.ttf
17:40:52.431 [FXGL Background Thread 2 ] DEBUG Engine               - fullScreen: BooleanProperty [value: false]
17:40:52.431 [FXGL Background Thread 2 ] DEBUG Engine               - gameDifficulty: MEDIUM
17:40:52.431 [FXGL Background Thread 2 ] DEBUG Engine               - gameDifficultyProperty: ObjectProperty [value: MEDIUM]
17:40:52.431 [FXGL Background Thread 2 ] DEBUG Engine               - globalMusicVolume: 0.5
17:40:52.431 [FXGL Background Thread 2 ] DEBUG Engine               - globalMusicVolumeProperty: DoubleProperty [value: 0.5]
17:40:52.431 [FXGL Background Thread 2 ] DEBUG Engine               - globalSoundVolume: 0.5
17:40:52.431 [FXGL Background Thread 2 ] DEBUG Engine               - globalSoundVolumeProperty: DoubleProperty [value: 0.5]
17:40:52.431 [FXGL Background Thread 2 ] DEBUG Engine               - height: 720
17:40:52.431 [FXGL Background Thread 2 ] DEBUG Engine               - is3D: false
17:40:52.432 [FXGL Background Thread 2 ] DEBUG Engine               - isAndroid: false
17:40:52.432 [FXGL Background Thread 2 ] DEBUG Engine               - isBrowser: false
17:40:52.432 [FXGL Background Thread 2 ] DEBUG Engine               - isClickFeedbackEnabled: false
17:40:52.432 [FXGL Background Thread 2 ] DEBUG Engine               - isCloseConfirmation: false
17:40:52.432 [FXGL Background Thread 2 ] DEBUG Engine               - isDesktop: true
17:40:52.432 [FXGL Background Thread 2 ] DEBUG Engine               - isDeveloperMenuEnabled: false
17:40:52.432 [FXGL Background Thread 2 ] DEBUG Engine               - isEmbedded: false
17:40:52.432 [FXGL Background Thread 2 ] DEBUG Engine               - isEntityPreloadEnabled: true
17:40:52.432 [FXGL Background Thread 2 ] DEBUG Engine               - isExperimentalTiledLargeMap: false
17:40:52.432 [FXGL Background Thread 2 ] DEBUG Engine               - isFileSystemWriteAllowed: true
17:40:52.432 [FXGL Background Thread 2 ] DEBUG Engine               - isFullScreenAllowed: false
17:40:52.432 [FXGL Background Thread 2 ] DEBUG Engine               - isFullScreenFromStart: false
17:40:52.432 [FXGL Background Thread 2 ] DEBUG Engine               - isGameMenuEnabled: true
17:40:52.432 [FXGL Background Thread 2 ] DEBUG Engine               - isIOS: false
17:40:52.432 [FXGL Background Thread 2 ] DEBUG Engine               - isIntroEnabled: false
17:40:52.432 [FXGL Background Thread 2 ] DEBUG Engine               - isLinux: false
17:40:52.432 [FXGL Background Thread 2 ] DEBUG Engine               - isMac: false
17:40:52.432 [FXGL Background Thread 2 ] DEBUG Engine               - isMainMenuEnabled: true
17:40:52.432 [FXGL Background Thread 2 ] DEBUG Engine               - isManualResizeEnabled: true
17:40:52.432 [FXGL Background Thread 2 ] DEBUG Engine               - isMobile: false
17:40:52.432 [FXGL Background Thread 2 ] DEBUG Engine               - isNative: false
17:40:52.432 [FXGL Background Thread 2 ] DEBUG Engine               - isPauseMusicWhenMinimized: true
17:40:52.432 [FXGL Background Thread 2 ] DEBUG Engine               - isPreserveResizeRatio: true
17:40:52.432 [FXGL Background Thread 2 ] DEBUG Engine               - isProfilingEnabled: false
17:40:52.432 [FXGL Background Thread 2 ] DEBUG Engine               - isScaleAffectedOnResize: true
17:40:52.433 [FXGL Background Thread 2 ] DEBUG Engine               - isSingleStep: false
17:40:52.433 [FXGL Background Thread 2 ] DEBUG Engine               - isUserProfileEnabled: false
17:40:52.433 [FXGL Background Thread 2 ] DEBUG Engine               - isWindows: true
17:40:52.433 [FXGL Background Thread 2 ] DEBUG Engine               - language: ObjectProperty [value: ENGLISH]
17:40:52.433 [FXGL Background Thread 2 ] DEBUG Engine               - menuKey: ESCAPE
17:40:52.433 [FXGL Background Thread 2 ] DEBUG Engine               - mouseSensitivity: 0.2
17:40:52.433 [FXGL Background Thread 2 ] DEBUG Engine               - notificationViewClass: class com.almasb.fxgl.notification.view.XboxNotificationView
17:40:52.433 [FXGL Background Thread 2 ] DEBUG Engine               - pixelsPerMeter: 50.0
17:40:52.433 [FXGL Background Thread 2 ] DEBUG Engine               - platform: WINDOWS
17:40:52.433 [FXGL Background Thread 2 ] DEBUG Engine               - prefHeightProperty: ReadOnlyDoubleProperty [value: 720.0]
17:40:52.433 [FXGL Background Thread 2 ] DEBUG Engine               - prefWidthProperty: ReadOnlyDoubleProperty [value: 512.0]
17:40:52.433 [FXGL Background Thread 2 ] DEBUG Engine               - profileDir: profiles/
17:40:52.433 [FXGL Background Thread 2 ] DEBUG Engine               - profileName: StringProperty [value: DEFAULT]
17:40:52.433 [FXGL Background Thread 2 ] DEBUG Engine               - randomSeed: -1
17:40:52.433 [FXGL Background Thread 2 ] DEBUG Engine               - runtimeInfo: RuntimeInfo(platform=WINDOWS, version=17.3, build=30.03.2023 11.49)
17:40:52.433 [FXGL Background Thread 2 ] DEBUG Engine               - saveFileExt: sav
17:40:52.433 [FXGL Background Thread 2 ] DEBUG Engine               - scaledHeightProp$fxgl: DoubleProperty [bound, value: 720.0]
17:40:52.433 [FXGL Background Thread 2 ] DEBUG Engine               - scaledWidthProp$fxgl: DoubleProperty [bound, value: 512.0]
17:40:52.434 [FXGL Background Thread 2 ] DEBUG Engine               - sceneFactory: com.almasb.fxgl.app.scene.SceneFactory@3c71a606
17:40:52.434 [FXGL Background Thread 2 ] DEBUG Engine               - secondsIn24h: 60
17:40:52.434 [FXGL Background Thread 2 ] DEBUG Engine               - soundMenuBack: menu/back.wav
17:40:52.434 [FXGL Background Thread 2 ] DEBUG Engine               - soundMenuPress: menu/press.wav
17:40:52.434 [FXGL Background Thread 2 ] DEBUG Engine               - soundMenuSelect: menu/select.wav
17:40:52.434 [FXGL Background Thread 2 ] DEBUG Engine               - soundNotification: core/notification.wav
17:40:52.434 [FXGL Background Thread 2 ] DEBUG Engine               - stageStyle: DECORATED
17:40:52.434 [FXGL Background Thread 2 ] DEBUG Engine               - supportedLanguages: [ENGLISH, FRENCH, GERMAN, HUNGARIAN, RUSSIAN]
17:40:52.434 [FXGL Background Thread 2 ] DEBUG Engine               - ticksPerSecond: -1
17:40:52.434 [FXGL Background Thread 2 ] DEBUG Engine               - title: Space Invaders
17:40:52.434 [FXGL Background Thread 2 ] DEBUG Engine               - urlGithub: https://github.com/AlmasB/FXGL
17:40:52.434 [FXGL Background Thread 2 ] DEBUG Engine               - urlLeaderboard: http://fxgl-top.herokuapp.com/
17:40:52.434 [FXGL Background Thread 2 ] DEBUG Engine               - urlPOM: https://raw.githubusercontent.com/AlmasB/FXGL/release/README.md
17:40:52.434 [FXGL Background Thread 2 ] DEBUG Engine               - userAppClass: class fxgl.spaceinvader.SpaceInvaderApp
17:40:52.434 [FXGL Background Thread 2 ] DEBUG Engine               - version: 1.0.1
17:40:52.434 [FXGL Background Thread 2 ] DEBUG Engine               - versionCheckDays: 7
17:40:52.434 [FXGL Background Thread 2 ] DEBUG Engine               - width: 512
17:40:52.434 [FXGL Background Thread 2 ] DEBUG Engine               - Logging services
17:40:52.434 [FXGL Background Thread 2 ] DEBUG Engine               - class com.almasb.fxgl.app.services.FXGLAssetLoaderService
17:40:52.434 [FXGL Background Thread 2 ] DEBUG Engine               - class com.almasb.fxgl.app.FXGLApplication$GameApplicationService
17:40:52.434 [FXGL Background Thread 2 ] DEBUG Engine               - class com.almasb.fxgl.app.services.FXGLDialogService
17:40:52.434 [FXGL Background Thread 2 ] DEBUG Engine               - class com.almasb.fxgl.app.services.IOTaskExecutorService
17:40:52.434 [FXGL Background Thread 2 ] DEBUG Engine               - class com.almasb.fxgl.io.FileSystemService
17:40:52.434 [FXGL Background Thread 2 ] DEBUG Engine               - class com.almasb.fxgl.localization.LocalizationService
17:40:52.435 [FXGL Background Thread 2 ] DEBUG Engine               - class com.almasb.fxgl.app.services.SystemBundleService
17:40:52.435 [FXGL Background Thread 2 ] DEBUG Engine               - class com.almasb.fxgl.profile.SaveLoadService
17:40:52.435 [FXGL Background Thread 2 ] DEBUG Engine               - class com.almasb.fxgl.ui.FXGLUIFactoryServiceProvider
17:40:52.435 [FXGL Background Thread 2 ] DEBUG Engine               - class com.almasb.fxgl.ui.FXGLDialogFactoryServiceProvider
17:40:52.435 [FXGL Background Thread 2 ] DEBUG Engine               - class com.almasb.fxgl.audio.AudioPlayer
17:40:52.435 [FXGL Background Thread 2 ] DEBUG Engine               - class com.almasb.fxgl.notification.impl.NotificationServiceProvider
17:40:52.435 [FXGL Background Thread 2 ] DEBUG Engine               - class com.almasb.fxgl.achievement.AchievementService
17:40:52.435 [FXGL Background Thread 2 ] DEBUG Engine               - class com.almasb.fxgl.cutscene.CutsceneService
17:40:52.435 [FXGL Background Thread 2 ] DEBUG Engine               - class com.almasb.fxgl.minigames.MiniGameService
17:40:52.435 [FXGL Background Thread 2 ] DEBUG Engine               - class com.almasb.fxgl.net.NetService
17:40:52.435 [FXGL Background Thread 2 ] DEBUG Engine               - class com.almasb.fxgl.app.services.UpdaterService
17:40:52.435 [FXGL Background Thread 2 ] DEBUG Engine               - class com.almasb.fxgl.dev.DevService
17:40:58.360 [JavaFX Application Thread] DEBUG PrimaryStageWindow   - Pop state: DialogSubScene
17:40:58.360 [JavaFX Application Thread] DEBUG Input                - Clearing active input actions
17:40:58.361 [JavaFX Application Thread] DEBUG GameApplicationServi - Removing overlay from DialogSubScene and adding to GameScene
17:40:58.361 [JavaFX Application Thread] DEBUG PrimaryStageWindow   - GameScene <- DialogSubScene
17:40:58.367 [JavaFX Application Thread] DEBUG GameApplicationServi - Starting new game
17:40:58.367 [JavaFX Application Thread] DEBUG Input                - Clearing active input actions
17:40:58.371 [JavaFX Application Thread] DEBUG GameApplicationServi - Removing overlay from GameScene and adding to FXGLLoadingScene
17:40:58.371 [JavaFX Application Thread] DEBUG PrimaryStageWindow   - GameScene -> FXGLLoadingScene
17:40:58.371 [JavaFX Application Thread] DEBUG GameApplicationServi - Clearing previous game
17:40:58.371 [JavaFX Application Thread] DEBUG GameScene            - Clearing game scene
17:40:58.371 [JavaFX Application Thread] DEBUG GameWorld            - Clearing game world
17:40:58.379 [JavaFX Application Thread] DEBUG PhysicsWorld         - Clearing physics world
17:40:58.379 [FXGL Background Thread 3 ] DEBUG FXGLApplication      - Initializing game
17:40:58.405 [FXGL Background Thread 3 ] INFO  FXGLApplication      - Game initialization took: 0.025 sec
17:40:58.410 [JavaFX Application Thread] DEBUG Input                - Clearing active input actions
17:40:58.415 [JavaFX Application Thread] DEBUG GameApplicationServi - Removing overlay from FXGLLoadingScene and adding to GameScene
17:40:58.415 [JavaFX Application Thread] DEBUG PrimaryStageWindow   - FXGLLoadingScene -> GameScene
17:40:58.461 [JavaFX Application Thread] DEBUG PrimaryStageWindow   - Push state: DialogSubScene
17:40:58.461 [JavaFX Application Thread] DEBUG Input                - Clearing active input actions
17:40:58.461 [JavaFX Application Thread] DEBUG GameApplicationServi - Removing overlay from GameScene and adding to DialogSubScene
17:40:58.461 [JavaFX Application Thread] DEBUG PrimaryStageWindow   - GameScene -> DialogSubScene
17:40:59.251 [JavaFX Application Thread] DEBUG PrimaryStageWindow   - Pop state: DialogSubScene
17:40:59.251 [JavaFX Application Thread] DEBUG Input                - Clearing active input actions
17:40:59.251 [JavaFX Application Thread] DEBUG GameApplicationServi - Removing overlay from DialogSubScene and adding to GameScene
17:40:59.251 [JavaFX Application Thread] DEBUG PrimaryStageWindow   - GameScene <- DialogSubScene
17:40:59.254 [JavaFX Application Thread] DEBUG GameApplicationServi - Starting new game
17:40:59.255 [JavaFX Application Thread] DEBUG Input                - Clearing active input actions
17:40:59.258 [JavaFX Application Thread] DEBUG GameApplicationServi - Removing overlay from GameScene and adding to FXGLLoadingScene
17:40:59.258 [JavaFX Application Thread] DEBUG PrimaryStageWindow   - GameScene -> FXGLLoadingScene
17:40:59.258 [JavaFX Application Thread] DEBUG GameApplicationServi - Clearing previous game
17:40:59.258 [JavaFX Application Thread] DEBUG GameScene            - Clearing game scene
17:40:59.258 [JavaFX Application Thread] DEBUG GameWorld            - Clearing game world
17:40:59.262 [JavaFX Application Thread] DEBUG PhysicsWorld         - Clearing physics world
17:40:59.263 [FXGL Background Thread 3 ] DEBUG FXGLApplication      - Initializing game
17:40:59.285 [FXGL Background Thread 3 ] INFO  FXGLApplication      - Game initialization took: 0.022 sec
17:40:59.292 [JavaFX Application Thread] DEBUG Input                - Clearing active input actions
17:40:59.299 [JavaFX Application Thread] DEBUG GameApplicationServi - Removing overlay from FXGLLoadingScene and adding to GameScene
17:40:59.300 [JavaFX Application Thread] DEBUG PrimaryStageWindow   - FXGLLoadingScene -> GameScene
17:40:59.335 [JavaFX Application Thread] DEBUG PrimaryStageWindow   - Push state: DialogSubScene
17:40:59.336 [JavaFX Application Thread] DEBUG Input                - Clearing active input actions
17:40:59.336 [JavaFX Application Thread] DEBUG GameApplicationServi - Removing overlay from GameScene and adding to DialogSubScene
17:40:59.336 [JavaFX Application Thread] DEBUG PrimaryStageWindow   - GameScene -> DialogSubScene
17:41:00.711 [JavaFX Application Thread] DEBUG FXGLApplication      - Exiting FXGL
17:41:00.711 [JavaFX Application Thread] DEBUG LoopRunner           - Stopping loop
17:41:00.711 [JavaFX Application Thread] DEBUG SystemBundleService  - Saving FXGL system data
17:41:00.713 [JavaFX Application Thread] DEBUG FileSystemAccess     - Writing to: C:\Users\HP\IdeaProjects\SpaceInvader\system\fxgl.bundle
17:41:00.715 [JavaFX Application Thread] DEBUG Async                - Shutting down background threads
17:41:00.715 [JavaFX Application Thread] DEBUG PrimaryStageWindow   - Closing main window
17:41:00.736 [JavaFX Application Thread] DEBUG Logger               - Closing Logger
