14:35:37.937 [main                     ] DEBUG Logger               - Configured Logger
14:35:37.963 [main                     ] DEBUG GameApplication      - Logging settings
Title: Space Invaders
Version: 1.0.1
Width: 512
Height: 720
Fullscreen: false
Intro: false
Profiling: false
Single step:false
App Mode: RELEASE
Menu Key: ESCAPE
Stage Style: DECORATED
Scene Factory: class com.almasb.fxgl.app.scene.SceneFactory

14:35:38.288 [JavaFX Application Thread] DEBUG FXGLApplication      - Initializing FXGL
14:35:38.294 [JavaFX Application Thread] INFO  Engine               - FXGL-17.3 (30.03.2023 11.49) on WINDOWS (J:23 FX:17.0.6)
14:35:38.294 [JavaFX Application Thread] DEBUG Engine               - JRE Vendor Name: Oracle Corporation
14:35:38.294 [JavaFX Application Thread] DEBUG Engine               - Running on OS: Windows 10 version 10.0
14:35:38.294 [JavaFX Application Thread] DEBUG Engine               - Architecture: amd64
14:35:38.294 [JavaFX Application Thread] INFO  Engine               - Source code and latest versions at: https://github.com/AlmasB/FXGL
14:35:38.294 [JavaFX Application Thread] INFO  Engine               -       Ask questions and discuss at: https://github.com/AlmasB/FXGL/discussions
14:35:38.295 [JavaFX Application Thread] INFO  Engine               -              Join the FXGL chat at: https://gitter.im/AlmasB/FXGL
14:35:38.385 [JavaFX Application Thread] DEBUG PrimaryStageWindow   - Creating a JavaFX scene
14:35:38.434 [JavaFX Application Thread] DEBUG PrimaryStageWindow   - Target settings size: 512.0 x 720.0
14:35:38.434 [JavaFX Application Thread] DEBUG PrimaryStageWindow   - Scaled scene size:    512.0 x 720.0
14:35:38.434 [JavaFX Application Thread] DEBUG PrimaryStageWindow   - Scaled ratio: (1.0, 1.0)
14:35:38.435 [JavaFX Application Thread] DEBUG PrimaryStageWindow   - Set initial scene to FXGLStartupScene
14:35:38.444 [JavaFX Application Thread] DEBUG PrimaryStageWindow   - Opening main window
14:35:38.528 [JavaFX Application Thread] DEBUG PrimaryStageWindow   - Window border size: (14.4000244140625, 37.5999755859375)
14:35:38.528 [JavaFX Application Thread] DEBUG PrimaryStageWindow   - Scaled size: 512.0 x 720.0
14:35:38.529 [JavaFX Application Thread] DEBUG PrimaryStageWindow   - Scaled ratio: (1.0, 1.0)
14:35:38.529 [JavaFX Application Thread] DEBUG PrimaryStageWindow   - Scene size: 512.0 x 720.0
14:35:38.529 [JavaFX Application Thread] DEBUG PrimaryStageWindow   - Stage size: 526.4000244140625 x 757.5999755859375
14:35:38.539 [FXGL Background Thread 1 ] DEBUG Engine               - Initializing environment variables
14:35:38.658 [FXGL Background Thread 1 ] DEBUG FXGLAssetLoaderServi - User app class for loading assets: class fxgl.spaceinvader.SpaceInvaderApp
14:35:38.658 [FXGL Background Thread 1 ] DEBUG GameApplicationServi - Applying CSS: fxgl_dark.css
14:35:38.659 [FXGL Background Thread 1 ] DEBUG FXGLAssetLoaderServi - Loading from file system: jar:file:///C:/Users/HP/.m2/repository/com/github/almasb/fxgl/17.3/fxgl-17.3.jar!/fxglassets/ui/css/fxgl_dark.css
14:35:38.713 [FXGL Background Thread 1 ] DEBUG GameApplicationServi - Initializing application scenes
14:35:38.761 [FXGL Background Thread 1 ] DEBUG GameWorld            - Game world initialized
14:35:38.833 [FXGL Background Thread 1 ] DEBUG PhysicsWorld         - Physics world initialized: appHeight=720, physics.ppm=50.0
14:35:38.834 [FXGL Background Thread 1 ] DEBUG PhysicsWorld         - Using strategy: BRUTE_FORCE
14:35:38.840 [FXGL Background Thread 1 ] DEBUG GameScene            - Game scene initialized: 512x720
14:35:38.854 [FXGL Background Thread 1 ] WARN  FXGL.DefaultMenu     - FXGLDefaultMenu is not designed for resolutions < 800x600
14:35:38.854 [FXGL Background Thread 1 ] DEBUG FXGL.DefaultMenu     - createMenuBodyMainMenu()
14:35:38.872 [FXGL Background Thread 1 ] DEBUG FXGL.DefaultMenu     - createOptionsMenu()
14:35:38.888 [FXGL Background Thread 1 ] DEBUG FXGLAssetLoaderServi - Loading from file system: jar:file:///C:/Users/HP/.m2/repository/com/github/almasb/fxgl/17.3/fxgl-17.3.jar!/fxglassets/textures/particles/smoke.png
14:35:38.969 [FXGL Background Thread 1 ] DEBUG FXGLAssetLoaderServi - Loading from file system: jar:file:///C:/Users/HP/.m2/repository/com/github/almasb/fxgl/17.3/fxgl-17.3.jar!/fxglassets/textures/particles/trace_horizontal.png
14:35:38.997 [FXGL Background Thread 1 ] WARN  FXGL.DefaultMenu     - FXGLDefaultMenu is not designed for resolutions < 800x600
14:35:38.997 [FXGL Background Thread 1 ] DEBUG FXGL.DefaultMenu     - createMenuBodyGameMenu()
14:35:38.998 [FXGL Background Thread 1 ] DEBUG FXGL.DefaultMenu     - createOptionsMenu()
14:35:39.012 [FXGL Background Thread 1 ] DEBUG GameApplicationServi - Application scenes initialized
14:35:39.022 [FXGL Background Thread 1 ] DEBUG SystemBundleService  - Loading FXGL system data
14:35:39.027 [FXGL Background Thread 1 ] DEBUG FileSystemAccess     - Reading from: C:\Users\HP\IdeaProjects\SpaceInvader\system\fxgl.bundle
14:35:39.034 [FXGL Background Thread 1 ] DEBUG SystemBundleService  - Bundle FXGL: {}
14:35:39.037 [FXGL Background Thread 3 ] DEBUG FXGLApplication      - Loading fonts
14:35:39.037 [FXGL Background Thread 3 ] DEBUG FXGLAssetLoaderServi - Loading from file system: jar:file:///C:/Users/HP/.m2/repository/com/github/almasb/fxgl/17.3/fxgl-17.3.jar!/fxglassets/ui/fonts/VarelaRound-Regular.ttf
14:35:39.038 [FXGL Background Thread 1 ] DEBUG FXGLAssetLoaderServi - Loading from file system: jar:file:///C:/Users/HP/.m2/repository/com/github/almasb/fxgl/17.3/fxgl-17.3.jar!/fxglassets/languages/english.lang
14:35:39.057 [FXGL Background Thread 1 ] INFO  FXGLApplication      - FXGL initialization took: 0.517 sec
14:35:39.065 [FXGL Background Thread 3 ] DEBUG FXGLAssetLoaderServi - Loading from file system: jar:file:///C:/Users/HP/.m2/repository/com/github/almasb/fxgl/17.3/fxgl-17.3.jar!/fxglassets/ui/fonts/Abel-Regular.ttf
14:35:39.068 [FXGL Background Thread 3 ] DEBUG FXGLAssetLoaderServi - Loading from file system: jar:file:///C:/Users/HP/.m2/repository/com/github/almasb/fxgl/17.3/fxgl-17.3.jar!/fxglassets/ui/fonts/TerminalLandMono-Regular.otf
14:35:39.068 [JavaFX Application Thread] DEBUG Input                - Registered new binding: Move Left - Left
14:35:39.069 [JavaFX Application Thread] DEBUG Input                - Registered new binding: Move Right - Right
14:35:39.070 [JavaFX Application Thread] DEBUG Input                - Registered new binding: Shoot - Up
14:35:39.070 [JavaFX Application Thread] DEBUG FXGLAssetLoaderServi - Loading from file system: jar:file:///C:/Users/HP/.m2/repository/com/github/almasb/fxgl/17.3/fxgl-17.3.jar!/fxglassets/textures/fxgl_icon.png
14:35:39.072 [FXGL Background Thread 3 ] DEBUG FXGLAssetLoaderServi - Loading from file system: jar:file:///C:/Users/HP/.m2/repository/com/github/almasb/fxgl/17.3/fxgl-17.3.jar!/fxglassets/ui/fonts/Courier-Prime.ttf
14:35:39.087 [JavaFX Application Thread] DEBUG FXGLAssetLoaderServi - Loading from file system: jar:file:///C:/Users/HP/.m2/repository/com/github/almasb/fxgl/17.3/fxgl-17.3.jar!/fxglassets/textures/fxgl_default_cursor.png
14:35:39.089 [JavaFX Application Thread] DEBUG Input                - Registered new binding: Screenshot - CTRL+8
14:35:39.092 [JavaFX Application Thread] DEBUG LoopRunner           - Starting loop
14:35:39.092 [JavaFX Application Thread] DEBUG LoopRunner           - Initializing JavaFX AnimationTimerLoop
14:35:39.094 [JavaFX Application Thread] DEBUG Input                - Clearing active input actions
14:35:39.100 [JavaFX Application Thread] DEBUG GameApplicationServi - Removing overlay from FXGLStartupScene and adding to FXGLMainMenuDummyScene
14:35:39.101 [JavaFX Application Thread] DEBUG PrimaryStageWindow   - FXGLStartupScene -> FXGLMainMenuDummyScene
14:35:39.101 [JavaFX Application Thread] DEBUG PrimaryStageWindow   - Push state: FXGLDefaultMenu
14:35:39.110 [JavaFX Application Thread] DEBUG Input                - Clearing active input actions
14:35:39.116 [JavaFX Application Thread] DEBUG GameApplicationServi - Removing overlay from FXGLMainMenuDummyScene and adding to FXGLDefaultMenu
14:35:39.117 [JavaFX Application Thread] DEBUG PrimaryStageWindow   - FXGLMainMenuDummyScene -> FXGLDefaultMenu
14:35:39.123 [JavaFX Application Thread] DEBUG FXGLApplication      - Registering font factories with UI factory
14:35:39.990 [JavaFX Application Thread] DEBUG Menu                 - fireNewGame()
14:35:39.991 [JavaFX Application Thread] DEBUG GameApplicationServi - Starting new game
14:35:39.992 [JavaFX Application Thread] DEBUG PrimaryStageWindow   - Pop state: FXGLDefaultMenu
14:35:39.992 [JavaFX Application Thread] DEBUG Input                - Clearing active input actions
14:35:39.993 [JavaFX Application Thread] DEBUG GameApplicationServi - Removing overlay from FXGLDefaultMenu and adding to FXGLMainMenuDummyScene
14:35:39.994 [JavaFX Application Thread] DEBUG PrimaryStageWindow   - FXGLMainMenuDummyScene <- FXGLDefaultMenu
14:35:39.994 [JavaFX Application Thread] DEBUG Input                - Clearing active input actions
14:35:40.004 [JavaFX Application Thread] DEBUG GameApplicationServi - Removing overlay from FXGLMainMenuDummyScene and adding to FXGLLoadingScene
14:35:40.005 [JavaFX Application Thread] DEBUG PrimaryStageWindow   - FXGLMainMenuDummyScene -> FXGLLoadingScene
14:35:40.005 [JavaFX Application Thread] DEBUG GameApplicationServi - Clearing previous game
14:35:40.005 [JavaFX Application Thread] DEBUG GameScene            - Clearing game scene
14:35:40.005 [JavaFX Application Thread] DEBUG GameWorld            - Clearing game world
14:35:40.006 [JavaFX Application Thread] DEBUG PhysicsWorld         - Clearing physics world
14:35:40.007 [FXGL Background Thread 3 ] DEBUG FXGLApplication      - Initializing game
14:35:40.099 [FXGL Background Thread 3 ] WARN  TMXLevelLoader       - TiledMap generated from 1.8.6. Supported version: 1.9.0. Some features may not be parsed fully.
14:35:40.116 [FXGL Background Thread 3 ] DEBUG TMXLevelLoader       - Parsed TiledMap: file:/C:/Users/HP/IdeaProjects/SpaceInvader/target/classes/assets/levels/level1.tmx
14:35:40.117 [FXGL Background Thread 3 ] DEBUG TMXLevelLoader       - Creating tile layer entities
14:35:40.119 [FXGL Background Thread 3 ] DEBUG TilesetLoader        - Loading view for layer Background
14:35:40.121 [FXGL Background Thread 3 ] DEBUG TilesetLoader        - Created buffer with size 512.0x720.0
14:35:40.133 [FXGL Background Thread 3 ] DEBUG TilesetLoader        - Loading view for layer UI
14:35:40.134 [FXGL Background Thread 3 ] DEBUG TilesetLoader        - Created buffer with size 512.0x720.0
14:35:40.135 [FXGL Background Thread 3 ] DEBUG TMXLevelLoader       - Creating object layer entities
14:35:40.140 [FXGL Background Thread 3 ] DEBUG FXGLAssetLoaderServi - Loading from file system: file:/C:/Users/HP/IdeaProjects/SpaceInvader/target/classes/assets/textures/Enemy.png
14:35:40.191 [FXGL Background Thread 3 ] DEBUG FXGLAssetLoaderServi - Loading from file system: file:/C:/Users/HP/IdeaProjects/SpaceInvader/target/classes/assets/textures/wall_left_1.png
14:35:40.196 [FXGL Background Thread 3 ] DEBUG FXGLAssetLoaderServi - Loading from file system: file:/C:/Users/HP/IdeaProjects/SpaceInvader/target/classes/assets/textures/wall_right_1.png
14:35:40.202 [FXGL Background Thread 3 ] DEBUG GameWorld            - Clearing removable entities
14:35:40.202 [FXGL Background Thread 3 ] DEBUG GameWorld            - Setting level: com.almasb.fxgl.entity.level.Level@1c4471a7
14:35:40.265 [FXGL Background Thread 3 ] DEBUG FXGLAssetLoaderServi - Loading from file system: file:/C:/Users/HP/IdeaProjects/SpaceInvader/target/classes/assets/textures/player.png
14:35:40.272 [FXGL Background Thread 3 ] WARN  GameWorld            - Entity is already attached to world
14:35:40.273 [FXGL Background Thread 3 ] INFO  FXGLApplication      - Game initialization took: 0.266 sec
14:35:40.274 [JavaFX Application Thread] DEBUG Input                - Clearing active input actions
14:35:40.281 [JavaFX Application Thread] DEBUG GameApplicationServi - Removing overlay from FXGLLoadingScene and adding to GameScene
14:35:40.281 [JavaFX Application Thread] DEBUG PrimaryStageWindow   - FXGLLoadingScene -> GameScene
14:35:42.036 [FXGL Background Thread 2 ] DEBUG Engine               - Logging environment variables
14:35:42.037 [FXGL Background Thread 2 ] DEBUG Engine               - achievements: []
14:35:42.037 [FXGL Background Thread 2 ] DEBUG Engine               - actualHeight: 720.0
14:35:42.037 [FXGL Background Thread 2 ] DEBUG Engine               - actualHeightProperty: ReadOnlyDoubleProperty [value: 720.0]
14:35:42.038 [FXGL Background Thread 2 ] DEBUG Engine               - actualWidth: 512.0
14:35:42.038 [FXGL Background Thread 2 ] DEBUG Engine               - actualWidthProperty: ReadOnlyDoubleProperty [value: 512.0]
14:35:42.038 [FXGL Background Thread 2 ] DEBUG Engine               - appIcon: fxgl_icon.png
14:35:42.038 [FXGL Background Thread 2 ] DEBUG Engine               - applicationMode: RELEASE
14:35:42.038 [FXGL Background Thread 2 ] DEBUG Engine               - cSSList: [fxgl_dark.css]
14:35:42.038 [FXGL Background Thread 2 ] DEBUG Engine               - collisionDetectionStrategy: BRUTE_FORCE
14:35:42.038 [FXGL Background Thread 2 ] DEBUG Engine               - configClass: Optional.empty
14:35:42.038 [FXGL Background Thread 2 ] DEBUG Engine               - credits: []
14:35:42.039 [FXGL Background Thread 2 ] DEBUG Engine               - defaultCursor: CursorInfo(imageName=fxgl_default_cursor.png, hotspotX=7.0, hotspotY=6.0)
14:35:42.039 [FXGL Background Thread 2 ] DEBUG Engine               - devBBoxColorProperty: ObjectProperty [value: 0xff0000ff]
14:35:42.039 [FXGL Background Thread 2 ] DEBUG Engine               - devEnableDebugCameraProperty: BooleanProperty [value: false]
14:35:42.039 [FXGL Background Thread 2 ] DEBUG Engine               - devSensorColorProperty: ObjectProperty [value: 0xffff00ff]
14:35:42.039 [FXGL Background Thread 2 ] DEBUG Engine               - devShowBBoxProperty: BooleanProperty [value: false]
14:35:42.039 [FXGL Background Thread 2 ] DEBUG Engine               - devShowPositionProperty: BooleanProperty [value: false]
14:35:42.039 [FXGL Background Thread 2 ] DEBUG Engine               - enabledMenuItems: []
14:35:42.039 [FXGL Background Thread 2 ] DEBUG Engine               - engineServices: [class com.almasb.fxgl.app.services.FXGLAssetLoaderService, class com.almasb.fxgl.app.FXGLApplication$GameApplicationService, class com.almasb.fxgl.app.services.FXGLDialogService, class com.almasb.fxgl.app.services.IOTaskExecutorService, class com.almasb.fxgl.io.FileSystemService, class com.almasb.fxgl.localization.LocalizationService, class com.almasb.fxgl.app.services.SystemBundleService, class com.almasb.fxgl.profile.SaveLoadService, class com.almasb.fxgl.ui.FXGLUIFactoryServiceProvider, class com.almasb.fxgl.ui.FXGLDialogFactoryServiceProvider, class com.almasb.fxgl.audio.AudioPlayer, class com.almasb.fxgl.notification.impl.NotificationServiceProvider, class com.almasb.fxgl.achievement.AchievementService, class com.almasb.fxgl.cutscene.CutsceneService, class com.almasb.fxgl.minigames.MiniGameService, class com.almasb.fxgl.net.NetService, class com.almasb.fxgl.app.services.UpdaterService, class com.almasb.fxgl.dev.DevService]
14:35:42.040 [FXGL Background Thread 2 ] DEBUG Engine               - fontGame: Abel-Regular.ttf
14:35:42.040 [FXGL Background Thread 2 ] DEBUG Engine               - fontMono: TerminalLandMono-Regular.otf
14:35:42.040 [FXGL Background Thread 2 ] DEBUG Engine               - fontSizeScaleUI: 1.0
14:35:42.040 [FXGL Background Thread 2 ] DEBUG Engine               - fontText: Courier-Prime.ttf
14:35:42.040 [FXGL Background Thread 2 ] DEBUG Engine               - fontUI: VarelaRound-Regular.ttf
14:35:42.040 [FXGL Background Thread 2 ] DEBUG Engine               - fullScreen: BooleanProperty [value: false]
14:35:42.040 [FXGL Background Thread 2 ] DEBUG Engine               - gameDifficulty: MEDIUM
14:35:42.040 [FXGL Background Thread 2 ] DEBUG Engine               - gameDifficultyProperty: ObjectProperty [value: MEDIUM]
14:35:42.040 [FXGL Background Thread 2 ] DEBUG Engine               - globalMusicVolume: 0.5
14:35:42.040 [FXGL Background Thread 2 ] DEBUG Engine               - globalMusicVolumeProperty: DoubleProperty [value: 0.5]
14:35:42.040 [FXGL Background Thread 2 ] DEBUG Engine               - globalSoundVolume: 0.5
14:35:42.040 [FXGL Background Thread 2 ] DEBUG Engine               - globalSoundVolumeProperty: DoubleProperty [value: 0.5]
14:35:42.040 [FXGL Background Thread 2 ] DEBUG Engine               - height: 720
14:35:42.040 [FXGL Background Thread 2 ] DEBUG Engine               - is3D: false
14:35:42.040 [FXGL Background Thread 2 ] DEBUG Engine               - isAndroid: false
14:35:42.040 [FXGL Background Thread 2 ] DEBUG Engine               - isBrowser: false
14:35:42.040 [FXGL Background Thread 2 ] DEBUG Engine               - isClickFeedbackEnabled: false
14:35:42.040 [FXGL Background Thread 2 ] DEBUG Engine               - isCloseConfirmation: false
14:35:42.041 [FXGL Background Thread 2 ] DEBUG Engine               - isDesktop: true
14:35:42.041 [FXGL Background Thread 2 ] DEBUG Engine               - isDeveloperMenuEnabled: false
14:35:42.041 [FXGL Background Thread 2 ] DEBUG Engine               - isEmbedded: false
14:35:42.041 [FXGL Background Thread 2 ] DEBUG Engine               - isEntityPreloadEnabled: true
14:35:42.041 [FXGL Background Thread 2 ] DEBUG Engine               - isExperimentalTiledLargeMap: false
14:35:42.041 [FXGL Background Thread 2 ] DEBUG Engine               - isFileSystemWriteAllowed: true
14:35:42.041 [FXGL Background Thread 2 ] DEBUG Engine               - isFullScreenAllowed: false
14:35:42.041 [FXGL Background Thread 2 ] DEBUG Engine               - isFullScreenFromStart: false
14:35:42.041 [FXGL Background Thread 2 ] DEBUG Engine               - isGameMenuEnabled: true
14:35:42.041 [FXGL Background Thread 2 ] DEBUG Engine               - isIOS: false
14:35:42.041 [FXGL Background Thread 2 ] DEBUG Engine               - isIntroEnabled: false
14:35:42.041 [FXGL Background Thread 2 ] DEBUG Engine               - isLinux: false
14:35:42.041 [FXGL Background Thread 2 ] DEBUG Engine               - isMac: false
14:35:42.041 [FXGL Background Thread 2 ] DEBUG Engine               - isMainMenuEnabled: true
14:35:42.041 [FXGL Background Thread 2 ] DEBUG Engine               - isManualResizeEnabled: true
14:35:42.041 [FXGL Background Thread 2 ] DEBUG Engine               - isMobile: false
14:35:42.041 [FXGL Background Thread 2 ] DEBUG Engine               - isNative: false
14:35:42.041 [FXGL Background Thread 2 ] DEBUG Engine               - isPauseMusicWhenMinimized: true
14:35:42.041 [FXGL Background Thread 2 ] DEBUG Engine               - isPreserveResizeRatio: true
14:35:42.041 [FXGL Background Thread 2 ] DEBUG Engine               - isProfilingEnabled: false
14:35:42.041 [FXGL Background Thread 2 ] DEBUG Engine               - isScaleAffectedOnResize: true
14:35:42.041 [FXGL Background Thread 2 ] DEBUG Engine               - isSingleStep: false
14:35:42.041 [FXGL Background Thread 2 ] DEBUG Engine               - isUserProfileEnabled: false
14:35:42.041 [FXGL Background Thread 2 ] DEBUG Engine               - isWindows: true
14:35:42.041 [FXGL Background Thread 2 ] DEBUG Engine               - language: ObjectProperty [value: ENGLISH]
14:35:42.041 [FXGL Background Thread 2 ] DEBUG Engine               - menuKey: ESCAPE
14:35:42.041 [FXGL Background Thread 2 ] DEBUG Engine               - mouseSensitivity: 0.2
14:35:42.042 [FXGL Background Thread 2 ] DEBUG Engine               - notificationViewClass: class com.almasb.fxgl.notification.view.XboxNotificationView
14:35:42.042 [FXGL Background Thread 2 ] DEBUG Engine               - pixelsPerMeter: 50.0
14:35:42.042 [FXGL Background Thread 2 ] DEBUG Engine               - platform: WINDOWS
14:35:42.042 [FXGL Background Thread 2 ] DEBUG Engine               - prefHeightProperty: ReadOnlyDoubleProperty [value: 720.0]
14:35:42.042 [FXGL Background Thread 2 ] DEBUG Engine               - prefWidthProperty: ReadOnlyDoubleProperty [value: 512.0]
14:35:42.042 [FXGL Background Thread 2 ] DEBUG Engine               - profileDir: profiles/
14:35:42.042 [FXGL Background Thread 2 ] DEBUG Engine               - profileName: StringProperty [value: DEFAULT]
14:35:42.042 [FXGL Background Thread 2 ] DEBUG Engine               - randomSeed: -1
14:35:42.042 [FXGL Background Thread 2 ] DEBUG Engine               - runtimeInfo: RuntimeInfo(platform=WINDOWS, version=17.3, build=30.03.2023 11.49)
14:35:42.042 [FXGL Background Thread 2 ] DEBUG Engine               - saveFileExt: sav
14:35:42.042 [FXGL Background Thread 2 ] DEBUG Engine               - scaledHeightProp$fxgl: DoubleProperty [bound, value: 720.0]
14:35:42.042 [FXGL Background Thread 2 ] DEBUG Engine               - scaledWidthProp$fxgl: DoubleProperty [bound, value: 512.0]
14:35:42.042 [FXGL Background Thread 2 ] DEBUG Engine               - sceneFactory: com.almasb.fxgl.app.scene.SceneFactory@1c527dce
14:35:42.042 [FXGL Background Thread 2 ] DEBUG Engine               - secondsIn24h: 60
14:35:42.042 [FXGL Background Thread 2 ] DEBUG Engine               - soundMenuBack: menu/back.wav
14:35:42.042 [FXGL Background Thread 2 ] DEBUG Engine               - soundMenuPress: menu/press.wav
14:35:42.042 [FXGL Background Thread 2 ] DEBUG Engine               - soundMenuSelect: menu/select.wav
14:35:42.042 [FXGL Background Thread 2 ] DEBUG Engine               - soundNotification: core/notification.wav
14:35:42.042 [FXGL Background Thread 2 ] DEBUG Engine               - stageStyle: DECORATED
14:35:42.043 [FXGL Background Thread 2 ] DEBUG Engine               - supportedLanguages: [ENGLISH, FRENCH, GERMAN, HUNGARIAN, RUSSIAN]
14:35:42.043 [FXGL Background Thread 2 ] DEBUG Engine               - ticksPerSecond: -1
14:35:42.043 [FXGL Background Thread 2 ] DEBUG Engine               - title: Space Invaders
14:35:42.043 [FXGL Background Thread 2 ] DEBUG Engine               - urlGithub: https://github.com/AlmasB/FXGL
14:35:42.043 [FXGL Background Thread 2 ] DEBUG Engine               - urlLeaderboard: http://fxgl-top.herokuapp.com/
14:35:42.043 [FXGL Background Thread 2 ] DEBUG Engine               - urlPOM: https://raw.githubusercontent.com/AlmasB/FXGL/release/README.md
14:35:42.043 [FXGL Background Thread 2 ] DEBUG Engine               - userAppClass: class fxgl.spaceinvader.SpaceInvaderApp
14:35:42.043 [FXGL Background Thread 2 ] DEBUG Engine               - version: 1.0.1
14:35:42.043 [FXGL Background Thread 2 ] DEBUG Engine               - versionCheckDays: 7
14:35:42.043 [FXGL Background Thread 2 ] DEBUG Engine               - width: 512
14:35:42.043 [FXGL Background Thread 2 ] DEBUG Engine               - Logging services
14:35:42.043 [FXGL Background Thread 2 ] DEBUG Engine               - class com.almasb.fxgl.app.services.FXGLAssetLoaderService
14:35:42.043 [FXGL Background Thread 2 ] DEBUG Engine               - class com.almasb.fxgl.app.FXGLApplication$GameApplicationService
14:35:42.043 [FXGL Background Thread 2 ] DEBUG Engine               - class com.almasb.fxgl.app.services.FXGLDialogService
14:35:42.043 [FXGL Background Thread 2 ] DEBUG Engine               - class com.almasb.fxgl.app.services.IOTaskExecutorService
14:35:42.043 [FXGL Background Thread 2 ] DEBUG Engine               - class com.almasb.fxgl.io.FileSystemService
14:35:42.043 [FXGL Background Thread 2 ] DEBUG Engine               - class com.almasb.fxgl.localization.LocalizationService
14:35:42.043 [FXGL Background Thread 2 ] DEBUG Engine               - class com.almasb.fxgl.app.services.SystemBundleService
14:35:42.043 [FXGL Background Thread 2 ] DEBUG Engine               - class com.almasb.fxgl.profile.SaveLoadService
14:35:42.043 [FXGL Background Thread 2 ] DEBUG Engine               - class com.almasb.fxgl.ui.FXGLUIFactoryServiceProvider
14:35:42.043 [FXGL Background Thread 2 ] DEBUG Engine               - class com.almasb.fxgl.ui.FXGLDialogFactoryServiceProvider
14:35:42.043 [FXGL Background Thread 2 ] DEBUG Engine               - class com.almasb.fxgl.audio.AudioPlayer
14:35:42.043 [FXGL Background Thread 2 ] DEBUG Engine               - class com.almasb.fxgl.notification.impl.NotificationServiceProvider
14:35:42.043 [FXGL Background Thread 2 ] DEBUG Engine               - class com.almasb.fxgl.achievement.AchievementService
14:35:42.043 [FXGL Background Thread 2 ] DEBUG Engine               - class com.almasb.fxgl.cutscene.CutsceneService
14:35:42.043 [FXGL Background Thread 2 ] DEBUG Engine               - class com.almasb.fxgl.minigames.MiniGameService
14:35:42.043 [FXGL Background Thread 2 ] DEBUG Engine               - class com.almasb.fxgl.net.NetService
14:35:42.043 [FXGL Background Thread 2 ] DEBUG Engine               - class com.almasb.fxgl.app.services.UpdaterService
14:35:42.044 [FXGL Background Thread 2 ] DEBUG Engine               - class com.almasb.fxgl.dev.DevService
14:35:45.893 [JavaFX Application Thread] DEBUG EventBus             - Firing event: fxgl.spaceinvader.event.GameEvent[source=javafx.event.Event$$Lambda/0x000002645215cc00@3bcf1f1b]
14:35:51.725 [JavaFX Application Thread] DEBUG FXGLApplication      - Exiting FXGL
14:35:51.725 [JavaFX Application Thread] DEBUG LoopRunner           - Stopping loop
14:35:51.725 [JavaFX Application Thread] DEBUG SystemBundleService  - Saving FXGL system data
14:35:51.727 [JavaFX Application Thread] DEBUG FileSystemAccess     - Writing to: C:\Users\HP\IdeaProjects\SpaceInvader\system\fxgl.bundle
14:35:51.729 [JavaFX Application Thread] DEBUG Async                - Shutting down background threads
14:35:51.729 [JavaFX Application Thread] DEBUG PrimaryStageWindow   - Closing main window
14:35:51.754 [JavaFX Application Thread] DEBUG Logger               - Closing Logger
