18:19:53.804 [main                     ] DEBUG Logger               - Configured Logger
18:19:53.887 [main                     ] DEBUG GameApplication      - Logging settings
Title: Space Invaders
Version: 1.0.1
Width: 800
Height: 600
Fullscreen: false
Intro: false
Profiling: false
Single step:false
App Mode: RELEASE
Menu Key: ESCAPE
Stage Style: DECORATED
Scene Factory: class fxgl.spaceinvader.ui.MySceneFactory

18:19:54.822 [JavaFX Application Thread] DEBUG FXGLApplication      - Initializing FXGL
18:19:54.836 [JavaFX Application Thread] INFO  Engine               - FXGL-17.3 (30.03.2023 11.49) on WINDOWS (J:23 FX:17.0.6)
18:19:54.837 [JavaFX Application Thread] DEBUG Engine               - JRE Vendor Name: Oracle Corporation
18:19:54.837 [JavaFX Application Thread] DEBUG Engine               - Running on OS: Windows 10 version 10.0
18:19:54.838 [JavaFX Application Thread] DEBUG Engine               - Architecture: amd64
18:19:54.838 [JavaFX Application Thread] INFO  Engine               - Source code and latest versions at: https://github.com/AlmasB/FXGL
18:19:54.838 [JavaFX Application Thread] INFO  Engine               -       Ask questions and discuss at: https://github.com/AlmasB/FXGL/discussions
18:19:54.838 [JavaFX Application Thread] INFO  Engine               -              Join the FXGL chat at: https://gitter.im/AlmasB/FXGL
18:19:55.170 [JavaFX Application Thread] DEBUG PrimaryStageWindow   - Creating a JavaFX scene
18:19:55.318 [JavaFX Application Thread] DEBUG PrimaryStageWindow   - Target settings size: 800.0 x 600.0
18:19:55.319 [JavaFX Application Thread] DEBUG PrimaryStageWindow   - Scaled scene size:    800.0 x 600.0
18:19:55.320 [JavaFX Application Thread] DEBUG PrimaryStageWindow   - Scaled ratio: (1.0, 1.0)
18:19:55.322 [JavaFX Application Thread] DEBUG PrimaryStageWindow   - Set initial scene to FXGLStartupScene
18:19:55.344 [JavaFX Application Thread] DEBUG PrimaryStageWindow   - Opening main window
18:19:55.601 [JavaFX Application Thread] DEBUG PrimaryStageWindow   - Window border size: (14.4000244140625, 37.5999755859375)
18:19:55.603 [JavaFX Application Thread] DEBUG PrimaryStageWindow   - Scaled size: 800.0 x 600.0
18:19:55.605 [JavaFX Application Thread] DEBUG PrimaryStageWindow   - Scaled ratio: (1.0, 1.0)
18:19:55.608 [JavaFX Application Thread] DEBUG PrimaryStageWindow   - Scene size: 800.0 x 600.0
18:19:55.609 [JavaFX Application Thread] DEBUG PrimaryStageWindow   - Stage size: 814.4000244140625 x 637.5999755859375
18:19:55.643 [FXGL Background Thread 1 ] DEBUG Engine               - Initializing environment variables
18:19:55.962 [FXGL Background Thread 1 ] DEBUG FXGLAssetLoaderServi - User app class for loading assets: class fxgl.spaceinvader.SpaceInvaderApp
18:19:55.963 [FXGL Background Thread 1 ] DEBUG GameApplicationServi - Applying CSS: fxgl_dark.css
18:19:55.966 [FXGL Background Thread 1 ] DEBUG FXGLAssetLoaderServi - Loading from file system: jar:file:///C:/Users/HP/.m2/repository/com/github/almasb/fxgl/17.3/fxgl-17.3.jar!/fxglassets/ui/css/fxgl_dark.css
18:19:56.137 [FXGL Background Thread 1 ] DEBUG GameApplicationServi - Applying CSS: ui.css
18:19:56.138 [FXGL Background Thread 1 ] DEBUG FXGLAssetLoaderServi - Loading from file system: file:/C:/Users/HP/IdeaProjects/SpaceInvader/target/classes/assets/ui/css/ui.css
18:19:56.142 [FXGL Background Thread 1 ] DEBUG GameApplicationServi - Initializing application scenes
18:19:56.259 [FXGL Background Thread 1 ] DEBUG GameWorld            - Game world initialized
18:19:56.514 [FXGL Background Thread 1 ] DEBUG PhysicsWorld         - Physics world initialized: appHeight=600, physics.ppm=50.0
18:19:56.514 [FXGL Background Thread 1 ] DEBUG PhysicsWorld         - Using strategy: BRUTE_FORCE
18:19:56.529 [FXGL Background Thread 1 ] DEBUG GameScene            - Game scene initialized: 800x600
18:19:56.558 [FXGL Background Thread 1 ] DEBUG FXGLAssetLoaderServi - Loading from file system: file:/C:/Users/HP/IdeaProjects/SpaceInvader/target/classes/assets/textures/background/main_menu.png
18:19:56.732 [FXGL Background Thread 1 ] DEBUG FXGLAssetLoaderServi - Loading from file system: file:/C:/Users/HP/IdeaProjects/SpaceInvader/target/classes/assets/textures/background/Start.png
18:19:56.759 [FXGL Background Thread 1 ] DEBUG FXGLAssetLoaderServi - Loading from file system: file:/C:/Users/HP/IdeaProjects/SpaceInvader/target/classes/assets/textures/background/HighScores.png
18:19:56.766 [FXGL Background Thread 1 ] DEBUG FXGLAssetLoaderServi - Loading from file system: file:/C:/Users/HP/IdeaProjects/SpaceInvader/target/classes/assets/textures/background/Exit.png
18:19:56.807 [FXGL Background Thread 1 ] DEBUG FXGL.DefaultMenu     - createMenuBodyGameMenu()
18:19:56.848 [FXGL Background Thread 1 ] DEBUG FXGL.DefaultMenu     - createOptionsMenu()
18:19:56.880 [FXGL Background Thread 1 ] DEBUG FXGLAssetLoaderServi - Loading from file system: jar:file:///C:/Users/HP/.m2/repository/com/github/almasb/fxgl/17.3/fxgl-17.3.jar!/fxglassets/textures/particles/smoke.png
18:19:57.188 [FXGL Background Thread 1 ] DEBUG FXGLAssetLoaderServi - Loading from file system: jar:file:///C:/Users/HP/.m2/repository/com/github/almasb/fxgl/17.3/fxgl-17.3.jar!/fxglassets/textures/particles/trace_horizontal.png
18:19:57.271 [FXGL Background Thread 1 ] DEBUG GameApplicationServi - Application scenes initialized
18:19:57.315 [FXGL Background Thread 1 ] DEBUG SystemBundleService  - Loading FXGL system data
18:19:57.332 [FXGL Background Thread 1 ] DEBUG FileSystemAccess     - Reading from: C:\Users\HP\IdeaProjects\SpaceInvader\system\fxgl.bundle
18:19:57.363 [FXGL Background Thread 1 ] DEBUG SystemBundleService  - Bundle FXGL: {}
18:19:57.372 [FXGL Background Thread 3 ] DEBUG FXGLApplication      - Loading fonts
18:19:57.373 [FXGL Background Thread 3 ] DEBUG FXGLAssetLoaderServi - Loading from file system: file:/C:/Users/HP/IdeaProjects/SpaceInvader/target/classes/assets/ui/fonts/ARCADECLASSIC.TTF
18:19:57.374 [FXGL Background Thread 1 ] DEBUG FXGLApplication      - Loading default localization
18:19:57.376 [FXGL Background Thread 1 ] DEBUG FXGLAssetLoaderServi - Loading from file system: jar:file:///C:/Users/HP/.m2/repository/com/github/almasb/fxgl/17.3/fxgl-17.3.jar!/fxglassets/languages/english.lang
18:19:57.432 [FXGL Background Thread 1 ] INFO  FXGLApplication      - FXGL initialization took: 1.788 sec
18:19:57.466 [JavaFX Application Thread] DEBUG Input                - Registered new binding: Move Left - Left
18:19:57.468 [JavaFX Application Thread] DEBUG Input                - Registered new binding: Move Right - Right
18:19:57.470 [JavaFX Application Thread] DEBUG Input                - Registered new binding: Shoot - Up
18:19:57.472 [JavaFX Application Thread] DEBUG Input                - Registered new binding: Shield Up - Space
18:19:57.473 [JavaFX Application Thread] DEBUG FXGLAssetLoaderServi - Loading from file system: file:/C:/Users/HP/IdeaProjects/SpaceInvader/target/classes/assets/music/bgm.mp3
18:19:57.857 [JavaFX Application Thread] DEBUG AudioPlayer          - Playing music com.almasb.fxgl.audio.Music@359cbae5
18:19:57.866 [JavaFX Application Thread] DEBUG FXGLAssetLoaderServi - Loading from file system: jar:file:///C:/Users/HP/.m2/repository/com/github/almasb/fxgl/17.3/fxgl-17.3.jar!/fxglassets/textures/fxgl_icon.png
18:19:57.918 [JavaFX Application Thread] DEBUG FXGLAssetLoaderServi - Loading from file system: jar:file:///C:/Users/HP/.m2/repository/com/github/almasb/fxgl/17.3/fxgl-17.3.jar!/fxglassets/textures/fxgl_default_cursor.png
18:19:57.923 [JavaFX Application Thread] DEBUG Input                - Registered new binding: Screenshot - CTRL+8
18:19:57.930 [JavaFX Application Thread] DEBUG LoopRunner           - Starting loop
18:19:57.931 [JavaFX Application Thread] DEBUG LoopRunner           - Initializing JavaFX AnimationTimerLoop
18:19:57.939 [JavaFX Application Thread] DEBUG Input                - Clearing active input actions
18:19:57.970 [JavaFX Application Thread] DEBUG GameApplicationServi - Removing overlay from FXGLStartupScene and adding to FXGLMainMenuDummyScene
18:19:57.971 [JavaFX Application Thread] DEBUG PrimaryStageWindow   - FXGLStartupScene -> FXGLMainMenuDummyScene
18:19:57.972 [JavaFX Application Thread] DEBUG PrimaryStageWindow   - Push state: MenuTest
18:19:57.972 [JavaFX Application Thread] DEBUG Input                - Clearing active input actions
18:19:57.989 [JavaFX Application Thread] DEBUG GameApplicationServi - Removing overlay from FXGLMainMenuDummyScene and adding to MenuTest
18:19:57.990 [JavaFX Application Thread] DEBUG PrimaryStageWindow   - FXGLMainMenuDummyScene -> MenuTest
18:19:57.990 [JavaFX Application Thread] DEBUG FXGLApplication      - Registering font factories with UI factory
18:19:59.417 [JavaFX Application Thread] DEBUG Menu                 - fireNewGame()
18:19:59.417 [JavaFX Application Thread] DEBUG GameApplicationServi - Starting new game
18:19:59.417 [JavaFX Application Thread] DEBUG PrimaryStageWindow   - Pop state: MenuTest
18:19:59.417 [JavaFX Application Thread] DEBUG Input                - Clearing active input actions
18:19:59.419 [JavaFX Application Thread] DEBUG GameApplicationServi - Removing overlay from MenuTest and adding to FXGLMainMenuDummyScene
18:19:59.421 [JavaFX Application Thread] DEBUG PrimaryStageWindow   - FXGLMainMenuDummyScene <- MenuTest
18:19:59.422 [JavaFX Application Thread] DEBUG Input                - Clearing active input actions
18:19:59.440 [JavaFX Application Thread] DEBUG GameApplicationServi - Removing overlay from FXGLMainMenuDummyScene and adding to FXGLLoadingScene
18:19:59.441 [JavaFX Application Thread] DEBUG PrimaryStageWindow   - FXGLMainMenuDummyScene -> FXGLLoadingScene
18:19:59.441 [JavaFX Application Thread] DEBUG GameApplicationServi - Clearing previous game
18:19:59.441 [JavaFX Application Thread] DEBUG GameScene            - Clearing game scene
18:19:59.441 [JavaFX Application Thread] DEBUG GameWorld            - Clearing game world
18:19:59.441 [JavaFX Application Thread] DEBUG PhysicsWorld         - Clearing physics world
18:19:59.444 [FXGL Background Thread 3 ] DEBUG FXGLApplication      - Initializing game
18:19:59.475 [FXGL Background Thread 3 ] DEBUG FileSystemAccess     - Reading from: C:\Users\HP\IdeaProjects\SpaceInvader\.\hiscore.dat
18:19:59.656 [FXGL Background Thread 3 ] WARN  TMXLevelLoader       - TiledMap generated from 1.8.6. Supported version: 1.9.0. Some features may not be parsed fully.
18:19:59.706 [FXGL Background Thread 3 ] DEBUG TMXLevelLoader       - Parsed TiledMap: file:/C:/Users/HP/IdeaProjects/SpaceInvader/target/classes/assets/levels/level1.tmx
18:19:59.709 [FXGL Background Thread 3 ] DEBUG TMXLevelLoader       - Creating tile layer entities
18:19:59.713 [FXGL Background Thread 3 ] DEBUG TilesetLoader        - Loading view for layer Background
18:19:59.717 [FXGL Background Thread 3 ] DEBUG TilesetLoader        - Created buffer with size 800.0x592.0
18:19:59.783 [FXGL Background Thread 3 ] DEBUG TMXLevelLoader       - Creating object layer entities
18:19:59.796 [FXGL Background Thread 3 ] DEBUG FXGLAssetLoaderServi - Loading from file system: file:/C:/Users/HP/IdeaProjects/SpaceInvader/target/classes/assets/textures/Egg.png
18:19:59.924 [FXGL Background Thread 3 ] DEBUG FXGLAssetLoaderServi - Loading from file system: file:/C:/Users/HP/IdeaProjects/SpaceInvader/target/classes/assets/textures/Frog.png
18:19:59.964 [FXGL Background Thread 3 ] DEBUG FXGLAssetLoaderServi - Loading from file system: file:/C:/Users/HP/IdeaProjects/SpaceInvader/target/classes/assets/textures/Demon.png
18:20:00.021 [FXGL Background Thread 3 ] DEBUG FXGLAssetLoaderServi - Loading from file system: file:/C:/Users/HP/IdeaProjects/SpaceInvader/target/classes/assets/textures/wall_left_1.png
18:20:00.038 [FXGL Background Thread 3 ] DEBUG FXGLAssetLoaderServi - Loading from file system: file:/C:/Users/HP/IdeaProjects/SpaceInvader/target/classes/assets/textures/wall_right_1.png
18:20:00.058 [FXGL Background Thread 3 ] DEBUG GameWorld            - Clearing removable entities
18:20:00.061 [FXGL Background Thread 3 ] DEBUG GameWorld            - Setting level: com.almasb.fxgl.entity.level.Level@7cc63fc8
18:20:00.222 [FXGL Background Thread 3 ] DEBUG FXGLAssetLoaderServi - Loading from file system: file:/C:/Users/HP/IdeaProjects/SpaceInvader/target/classes/assets/textures/ship.png
18:20:00.245 [FXGL Background Thread 3 ] INFO  FXGLApplication      - Game initialization took: 0.801 sec
18:20:00.246 [JavaFX Application Thread] DEBUG Input                - Clearing active input actions
18:20:00.292 [JavaFX Application Thread] DEBUG GameApplicationServi - Removing overlay from FXGLLoadingScene and adding to GameScene
18:20:00.293 [JavaFX Application Thread] DEBUG PrimaryStageWindow   - FXGLLoadingScene -> GameScene
18:20:00.311 [JavaFX Application Thread] DEBUG FXGLAssetLoaderServi - Loading from file system: file:/C:/Users/HP/IdeaProjects/SpaceInvader/target/classes/assets/sounds/shoot.wav
18:20:00.366 [FXGL Background Thread 2 ] DEBUG Engine               - Logging environment variables
18:20:00.368 [FXGL Background Thread 2 ] DEBUG Engine               - achievements: []
18:20:00.368 [FXGL Background Thread 2 ] DEBUG Engine               - actualHeight: 600.0
18:20:00.368 [FXGL Background Thread 2 ] DEBUG Engine               - actualHeightProperty: ReadOnlyDoubleProperty [value: 600.0]
18:20:00.369 [FXGL Background Thread 2 ] DEBUG Engine               - actualWidth: 800.0
18:20:00.369 [FXGL Background Thread 2 ] DEBUG Engine               - actualWidthProperty: ReadOnlyDoubleProperty [value: 800.0]
18:20:00.369 [FXGL Background Thread 2 ] DEBUG Engine               - appIcon: fxgl_icon.png
18:20:00.369 [FXGL Background Thread 2 ] DEBUG Engine               - applicationMode: RELEASE
18:20:00.369 [FXGL Background Thread 2 ] DEBUG Engine               - cSSList: [fxgl_dark.css, ui.css]
18:20:00.369 [FXGL Background Thread 2 ] DEBUG Engine               - collisionDetectionStrategy: BRUTE_FORCE
18:20:00.369 [FXGL Background Thread 2 ] DEBUG Engine               - configClass: Optional.empty
18:20:00.370 [FXGL Background Thread 2 ] DEBUG Engine               - credits: []
18:20:00.370 [FXGL Background Thread 2 ] DEBUG Engine               - defaultCursor: CursorInfo(imageName=fxgl_default_cursor.png, hotspotX=7.0, hotspotY=6.0)
18:20:00.371 [FXGL Background Thread 2 ] DEBUG Engine               - devBBoxColorProperty: ObjectProperty [value: 0xff0000ff]
18:20:00.371 [FXGL Background Thread 2 ] DEBUG Engine               - devEnableDebugCameraProperty: BooleanProperty [value: false]
18:20:00.371 [FXGL Background Thread 2 ] DEBUG Engine               - devSensorColorProperty: ObjectProperty [value: 0xffff00ff]
18:20:00.371 [FXGL Background Thread 2 ] DEBUG Engine               - devShowBBoxProperty: BooleanProperty [value: false]
18:20:00.371 [FXGL Background Thread 2 ] DEBUG Engine               - devShowPositionProperty: BooleanProperty [value: false]
18:20:00.372 [FXGL Background Thread 2 ] DEBUG Engine               - enabledMenuItems: []
18:20:00.372 [FXGL Background Thread 2 ] DEBUG Engine               - engineServices: [class com.almasb.fxgl.app.services.FXGLAssetLoaderService, class com.almasb.fxgl.app.FXGLApplication$GameApplicationService, class com.almasb.fxgl.app.services.FXGLDialogService, class com.almasb.fxgl.app.services.IOTaskExecutorService, class com.almasb.fxgl.io.FileSystemService, class com.almasb.fxgl.localization.LocalizationService, class com.almasb.fxgl.app.services.SystemBundleService, class com.almasb.fxgl.profile.SaveLoadService, class com.almasb.fxgl.ui.FXGLUIFactoryServiceProvider, class com.almasb.fxgl.ui.FXGLDialogFactoryServiceProvider, class com.almasb.fxgl.audio.AudioPlayer, class com.almasb.fxgl.notification.impl.NotificationServiceProvider, class com.almasb.fxgl.achievement.AchievementService, class com.almasb.fxgl.cutscene.CutsceneService, class com.almasb.fxgl.minigames.MiniGameService, class com.almasb.fxgl.net.NetService, class com.almasb.fxgl.app.services.UpdaterService, class com.almasb.fxgl.dev.DevService]
18:20:00.372 [FXGL Background Thread 2 ] DEBUG Engine               - fontGame: ARCADECLASSIC.TTF
18:20:00.372 [FXGL Background Thread 2 ] DEBUG Engine               - fontMono: ARCADECLASSIC.TTF
18:20:00.373 [FXGL Background Thread 2 ] DEBUG Engine               - fontSizeScaleUI: 1.0
18:20:00.373 [FXGL Background Thread 2 ] DEBUG Engine               - fontText: ARCADECLASSIC.TTF
18:20:00.373 [FXGL Background Thread 2 ] DEBUG Engine               - fontUI: ARCADECLASSIC.TTF
18:20:00.374 [FXGL Background Thread 2 ] DEBUG Engine               - fullScreen: BooleanProperty [value: false]
18:20:00.374 [FXGL Background Thread 2 ] DEBUG Engine               - gameDifficulty: MEDIUM
18:20:00.374 [FXGL Background Thread 2 ] DEBUG Engine               - gameDifficultyProperty: ObjectProperty [value: MEDIUM]
18:20:00.375 [FXGL Background Thread 2 ] DEBUG Engine               - globalMusicVolume: 0.5
18:20:00.375 [FXGL Background Thread 2 ] DEBUG Engine               - globalMusicVolumeProperty: DoubleProperty [value: 0.5]
18:20:00.375 [FXGL Background Thread 2 ] DEBUG Engine               - globalSoundVolume: 0.5
18:20:00.375 [FXGL Background Thread 2 ] DEBUG Engine               - globalSoundVolumeProperty: DoubleProperty [value: 0.1]
18:20:00.375 [FXGL Background Thread 2 ] DEBUG Engine               - height: 600
18:20:00.376 [FXGL Background Thread 2 ] DEBUG Engine               - is3D: false
18:20:00.376 [FXGL Background Thread 2 ] DEBUG Engine               - isAndroid: false
18:20:00.376 [FXGL Background Thread 2 ] DEBUG Engine               - isBrowser: false
18:20:00.377 [FXGL Background Thread 2 ] DEBUG Engine               - isClickFeedbackEnabled: false
18:20:00.377 [FXGL Background Thread 2 ] DEBUG Engine               - isCloseConfirmation: false
18:20:00.378 [FXGL Background Thread 2 ] DEBUG Engine               - isDesktop: true
18:20:00.378 [FXGL Background Thread 2 ] DEBUG Engine               - isDeveloperMenuEnabled: false
18:20:00.378 [FXGL Background Thread 2 ] DEBUG Engine               - isEmbedded: false
18:20:00.378 [FXGL Background Thread 2 ] DEBUG Engine               - isEntityPreloadEnabled: true
18:20:00.379 [FXGL Background Thread 2 ] DEBUG Engine               - isExperimentalTiledLargeMap: false
18:20:00.379 [FXGL Background Thread 2 ] DEBUG Engine               - isFileSystemWriteAllowed: true
18:20:00.379 [FXGL Background Thread 2 ] DEBUG Engine               - isFullScreenAllowed: false
18:20:00.379 [FXGL Background Thread 2 ] DEBUG Engine               - isFullScreenFromStart: false
18:20:00.379 [FXGL Background Thread 2 ] DEBUG Engine               - isGameMenuEnabled: true
18:20:00.379 [FXGL Background Thread 2 ] DEBUG Engine               - isIOS: false
18:20:00.380 [FXGL Background Thread 2 ] DEBUG Engine               - isIntroEnabled: false
18:20:00.380 [FXGL Background Thread 2 ] DEBUG Engine               - isLinux: false
18:20:00.380 [FXGL Background Thread 2 ] DEBUG Engine               - isMac: false
18:20:00.380 [FXGL Background Thread 2 ] DEBUG Engine               - isMainMenuEnabled: true
18:20:00.380 [FXGL Background Thread 2 ] DEBUG Engine               - isManualResizeEnabled: true
18:20:00.381 [FXGL Background Thread 2 ] DEBUG Engine               - isMobile: false
18:20:00.381 [FXGL Background Thread 2 ] DEBUG Engine               - isNative: false
18:20:00.381 [FXGL Background Thread 2 ] DEBUG Engine               - isPauseMusicWhenMinimized: true
18:20:00.381 [FXGL Background Thread 2 ] DEBUG Engine               - isPreserveResizeRatio: true
18:20:00.382 [FXGL Background Thread 2 ] DEBUG Engine               - isProfilingEnabled: false
18:20:00.382 [FXGL Background Thread 2 ] DEBUG Engine               - isScaleAffectedOnResize: true
18:20:00.382 [FXGL Background Thread 2 ] DEBUG Engine               - isSingleStep: false
18:20:00.382 [FXGL Background Thread 2 ] DEBUG Engine               - isUserProfileEnabled: false
18:20:00.383 [FXGL Background Thread 2 ] DEBUG Engine               - isWindows: true
18:20:00.383 [FXGL Background Thread 2 ] DEBUG Engine               - language: ObjectProperty [value: ENGLISH]
18:20:00.383 [FXGL Background Thread 2 ] DEBUG Engine               - menuKey: ESCAPE
18:20:00.383 [FXGL Background Thread 2 ] DEBUG Engine               - mouseSensitivity: 0.2
18:20:00.384 [FXGL Background Thread 2 ] DEBUG Engine               - notificationViewClass: class com.almasb.fxgl.notification.view.XboxNotificationView
18:20:00.384 [FXGL Background Thread 2 ] DEBUG Engine               - pixelsPerMeter: 50.0
18:20:00.384 [FXGL Background Thread 2 ] DEBUG Engine               - platform: WINDOWS
18:20:00.385 [FXGL Background Thread 2 ] DEBUG Engine               - prefHeightProperty: ReadOnlyDoubleProperty [value: 600.0]
18:20:00.385 [FXGL Background Thread 2 ] DEBUG Engine               - prefWidthProperty: ReadOnlyDoubleProperty [value: 800.0]
18:20:00.385 [FXGL Background Thread 2 ] DEBUG Engine               - profileDir: profiles/
18:20:00.385 [FXGL Background Thread 2 ] DEBUG Engine               - profileName: StringProperty [value: DEFAULT]
18:20:00.386 [FXGL Background Thread 2 ] DEBUG Engine               - randomSeed: -1
18:20:00.387 [FXGL Background Thread 2 ] DEBUG Engine               - runtimeInfo: RuntimeInfo(platform=WINDOWS, version=17.3, build=30.03.2023 11.49)
18:20:00.387 [FXGL Background Thread 2 ] DEBUG Engine               - saveFileExt: sav
18:20:00.387 [FXGL Background Thread 2 ] DEBUG Engine               - scaledHeightProp$fxgl: DoubleProperty [bound, value: 600.0]
18:20:00.388 [FXGL Background Thread 2 ] DEBUG Engine               - scaledWidthProp$fxgl: DoubleProperty [bound, value: 800.0]
18:20:00.388 [FXGL Background Thread 2 ] DEBUG Engine               - sceneFactory: fxgl.spaceinvader.ui.MySceneFactory@29775f5
18:20:00.388 [FXGL Background Thread 2 ] DEBUG Engine               - secondsIn24h: 60
18:20:00.388 [FXGL Background Thread 2 ] DEBUG Engine               - soundMenuBack: menu/back.wav
18:20:00.388 [FXGL Background Thread 2 ] DEBUG Engine               - soundMenuPress: menu/press.wav
18:20:00.389 [FXGL Background Thread 2 ] DEBUG Engine               - soundMenuSelect: menu/select.wav
18:20:00.389 [FXGL Background Thread 2 ] DEBUG Engine               - soundNotification: core/notification.wav
18:20:00.389 [FXGL Background Thread 2 ] DEBUG Engine               - stageStyle: DECORATED
18:20:00.389 [FXGL Background Thread 2 ] DEBUG Engine               - supportedLanguages: [ENGLISH, FRENCH, GERMAN, HUNGARIAN, RUSSIAN]
18:20:00.389 [FXGL Background Thread 2 ] DEBUG Engine               - ticksPerSecond: -1
18:20:00.389 [FXGL Background Thread 2 ] DEBUG Engine               - title: Space Invaders
18:20:00.389 [FXGL Background Thread 2 ] DEBUG Engine               - urlGithub: https://github.com/AlmasB/FXGL
18:20:00.390 [FXGL Background Thread 2 ] DEBUG Engine               - urlLeaderboard: http://fxgl-top.herokuapp.com/
18:20:00.390 [FXGL Background Thread 2 ] DEBUG Engine               - urlPOM: https://raw.githubusercontent.com/AlmasB/FXGL/release/README.md
18:20:00.390 [FXGL Background Thread 2 ] DEBUG Engine               - userAppClass: class fxgl.spaceinvader.SpaceInvaderApp
18:20:00.390 [FXGL Background Thread 2 ] DEBUG Engine               - version: 1.0.1
18:20:00.390 [FXGL Background Thread 2 ] DEBUG Engine               - versionCheckDays: 7
18:20:00.390 [FXGL Background Thread 2 ] DEBUG Engine               - width: 800
18:20:00.390 [FXGL Background Thread 2 ] DEBUG Engine               - Logging services
18:20:00.391 [FXGL Background Thread 2 ] DEBUG Engine               - class com.almasb.fxgl.app.services.FXGLAssetLoaderService
18:20:00.391 [FXGL Background Thread 2 ] DEBUG Engine               - class com.almasb.fxgl.app.FXGLApplication$GameApplicationService
18:20:00.391 [FXGL Background Thread 2 ] DEBUG Engine               - class com.almasb.fxgl.app.services.FXGLDialogService
18:20:00.391 [FXGL Background Thread 2 ] DEBUG Engine               - class com.almasb.fxgl.app.services.IOTaskExecutorService
18:20:00.391 [FXGL Background Thread 2 ] DEBUG Engine               - class com.almasb.fxgl.io.FileSystemService
18:20:00.391 [FXGL Background Thread 2 ] DEBUG Engine               - class com.almasb.fxgl.localization.LocalizationService
18:20:00.391 [FXGL Background Thread 2 ] DEBUG Engine               - class com.almasb.fxgl.app.services.SystemBundleService
18:20:00.391 [FXGL Background Thread 2 ] DEBUG Engine               - class com.almasb.fxgl.profile.SaveLoadService
18:20:00.392 [FXGL Background Thread 2 ] DEBUG Engine               - class com.almasb.fxgl.ui.FXGLUIFactoryServiceProvider
18:20:00.392 [FXGL Background Thread 2 ] DEBUG Engine               - class com.almasb.fxgl.ui.FXGLDialogFactoryServiceProvider
18:20:00.392 [FXGL Background Thread 2 ] DEBUG Engine               - class com.almasb.fxgl.audio.AudioPlayer
18:20:00.392 [FXGL Background Thread 2 ] DEBUG Engine               - class com.almasb.fxgl.notification.impl.NotificationServiceProvider
18:20:00.392 [FXGL Background Thread 2 ] DEBUG Engine               - class com.almasb.fxgl.achievement.AchievementService
18:20:00.392 [FXGL Background Thread 2 ] DEBUG Engine               - class com.almasb.fxgl.cutscene.CutsceneService
18:20:00.392 [FXGL Background Thread 2 ] DEBUG Engine               - class com.almasb.fxgl.minigames.MiniGameService
18:20:00.393 [FXGL Background Thread 2 ] DEBUG Engine               - class com.almasb.fxgl.net.NetService
18:20:00.393 [FXGL Background Thread 2 ] DEBUG Engine               - class com.almasb.fxgl.app.services.UpdaterService
18:20:00.393 [FXGL Background Thread 2 ] DEBUG Engine               - class com.almasb.fxgl.dev.DevService
18:20:01.841 [JavaFX Application Thread] DEBUG EventBus             - Firing event: fxgl.spaceinvader.event.GameEvent[source=javafx.event.Event$$Lambda/0x000002839219f530@6e137456]
18:20:01.843 [JavaFX Application Thread] DEBUG FXGLAssetLoaderServi - Loading from file system: file:/C:/Users/HP/IdeaProjects/SpaceInvader/target/classes/assets/sounds/explosion.wav
18:20:01.847 [JavaFX Application Thread] DEBUG FXGLAssetLoaderServi - Loading from file system: file:/C:/Users/HP/IdeaProjects/SpaceInvader/target/classes/assets/textures/Explosion.png
18:20:02.257 [JavaFX Application Thread] DEBUG FXGLAssetLoaderServi - Loading from file system: file:/C:/Users/HP/IdeaProjects/SpaceInvader/target/classes/assets/textures/EnemyBullet.png
18:20:02.265 [JavaFX Application Thread] DEBUG FXGLAssetLoaderServi - Loading from file system: file:/C:/Users/HP/IdeaProjects/SpaceInvader/target/classes/assets/textures/EnemyCluster.png
18:20:02.527 [JavaFX Application Thread] DEBUG EventBus             - Firing event: fxgl.spaceinvader.event.GameEvent[source=javafx.event.Event$$Lambda/0x000002839219f530@6e137456]
18:20:02.721 [JavaFX Application Thread] DEBUG FXGLAssetLoaderServi - Loading from file system: file:/C:/Users/HP/IdeaProjects/SpaceInvader/target/classes/assets/textures/wall_right_2.png
18:20:02.724 [JavaFX Application Thread] DEBUG FXGLAssetLoaderServi - Loading from file system: file:/C:/Users/HP/IdeaProjects/SpaceInvader/target/classes/assets/textures/wall_left_2.png
18:20:03.442 [JavaFX Application Thread] DEBUG FXGLAssetLoaderServi - Loading from file system: file:/C:/Users/HP/IdeaProjects/SpaceInvader/target/classes/assets/textures/wall_left_3.png
18:20:03.457 [JavaFX Application Thread] DEBUG EventBus             - Firing event: fxgl.spaceinvader.event.GameEvent[source=javafx.event.Event$$Lambda/0x000002839219f530@6e137456]
18:20:05.375 [JavaFX Application Thread] DEBUG EventBus             - Firing event: fxgl.spaceinvader.event.GameEvent[source=javafx.event.Event$$Lambda/0x000002839219f530@6e137456]
18:20:06.720 [JavaFX Application Thread] DEBUG EventBus             - Firing event: fxgl.spaceinvader.event.GameEvent[source=javafx.event.Event$$Lambda/0x000002839219f530@6e137456]
18:20:07.441 [JavaFX Application Thread] DEBUG EventBus             - Firing event: fxgl.spaceinvader.event.GameEvent[source=javafx.event.Event$$Lambda/0x000002839219f530@6e137456]
18:20:08.688 [JavaFX Application Thread] DEBUG EventBus             - Firing event: fxgl.spaceinvader.event.GameEvent[source=javafx.event.Event$$Lambda/0x000002839219f530@6e137456]
18:20:10.368 [JavaFX Application Thread] DEBUG FXGLAssetLoaderServi - Loading from file system: file:/C:/Users/HP/IdeaProjects/SpaceInvader/target/classes/assets/textures/wall_right_3.png
18:20:10.992 [JavaFX Application Thread] DEBUG EventBus             - Firing event: fxgl.spaceinvader.event.GameEvent[source=javafx.event.Event$$Lambda/0x000002839219f530@6e137456]
18:20:12.223 [JavaFX Application Thread] DEBUG EventBus             - Firing event: fxgl.spaceinvader.event.GameEvent[source=javafx.event.Event$$Lambda/0x000002839219f530@6e137456]
18:20:12.929 [JavaFX Application Thread] DEBUG EventBus             - Firing event: fxgl.spaceinvader.event.GameEvent[source=javafx.event.Event$$Lambda/0x000002839219f530@6e137456]
18:20:13.570 [JavaFX Application Thread] DEBUG EventBus             - Firing event: fxgl.spaceinvader.event.GameEvent[source=javafx.event.Event$$Lambda/0x000002839219f530@6e137456]
18:20:13.647 [JavaFX Application Thread] DEBUG EventBus             - Firing event: fxgl.spaceinvader.event.GameEvent[source=javafx.event.Event$$Lambda/0x000002839219f530@6e137456]
18:20:14.030 [JavaFX Application Thread] DEBUG EventBus             - Firing event: fxgl.spaceinvader.event.GameEvent[source=javafx.event.Event$$Lambda/0x000002839219f530@6e137456]
18:20:15.232 [JavaFX Application Thread] DEBUG EventBus             - Firing event: fxgl.spaceinvader.event.GameEvent[source=javafx.event.Event$$Lambda/0x000002839219f530@6e137456]
18:20:15.344 [JavaFX Application Thread] DEBUG EventBus             - Firing event: fxgl.spaceinvader.event.GameEvent[source=javafx.event.Event$$Lambda/0x000002839219f530@6e137456]
18:20:16.336 [JavaFX Application Thread] DEBUG EventBus             - Firing event: fxgl.spaceinvader.event.GameEvent[source=javafx.event.Event$$Lambda/0x000002839219f530@6e137456]
18:20:16.656 [JavaFX Application Thread] DEBUG EventBus             - Firing event: fxgl.spaceinvader.event.GameEvent[source=javafx.event.Event$$Lambda/0x000002839219f530@6e137456]
18:20:19.744 [JavaFX Application Thread] DEBUG EventBus             - Firing event: fxgl.spaceinvader.event.GameEvent[source=javafx.event.Event$$Lambda/0x000002839219f530@6e137456]
18:20:20.496 [JavaFX Application Thread] DEBUG EventBus             - Firing event: fxgl.spaceinvader.event.GameEvent[source=javafx.event.Event$$Lambda/0x000002839219f530@6e137456]
18:20:23.247 [JavaFX Application Thread] DEBUG EventBus             - Firing event: fxgl.spaceinvader.event.GameEvent[source=javafx.event.Event$$Lambda/0x000002839219f530@6e137456]
18:20:23.489 [JavaFX Application Thread] DEBUG EventBus             - Firing event: fxgl.spaceinvader.event.GameEvent[source=javafx.event.Event$$Lambda/0x000002839219f530@6e137456]
18:20:26.047 [JavaFX Application Thread] DEBUG EventBus             - Firing event: fxgl.spaceinvader.event.GameEvent[source=javafx.event.Event$$Lambda/0x000002839219f530@6e137456]
18:20:28.127 [JavaFX Application Thread] DEBUG EventBus             - Firing event: fxgl.spaceinvader.event.GameEvent[source=javafx.event.Event$$Lambda/0x000002839219f530@6e137456]
18:20:32.030 [JavaFX Application Thread] DEBUG EventBus             - Firing event: fxgl.spaceinvader.event.GameEvent[source=javafx.event.Event$$Lambda/0x000002839219f530@6e137456]
18:20:33.072 [JavaFX Application Thread] DEBUG EventBus             - Firing event: fxgl.spaceinvader.event.GameEvent[source=javafx.event.Event$$Lambda/0x000002839219f530@6e137456]
18:20:33.199 [JavaFX Application Thread] DEBUG EventBus             - Firing event: fxgl.spaceinvader.event.GameEvent[source=javafx.event.Event$$Lambda/0x000002839219f530@6e137456]
18:20:34.847 [JavaFX Application Thread] DEBUG EventBus             - Firing event: fxgl.spaceinvader.event.GameEvent[source=javafx.event.Event$$Lambda/0x000002839219f530@6e137456]
18:20:36.256 [JavaFX Application Thread] DEBUG EventBus             - Firing event: fxgl.spaceinvader.event.GameEvent[source=javafx.event.Event$$Lambda/0x000002839219f530@6e137456]
18:20:36.264 [JavaFX Application Thread] WARN  TMXLevelLoader       - TiledMap generated from 1.8.6. Supported version: 1.9.0. Some features may not be parsed fully.
18:20:36.294 [JavaFX Application Thread] DEBUG TMXLevelLoader       - Parsed TiledMap: file:/C:/Users/HP/IdeaProjects/SpaceInvader/target/classes/assets/levels/level2.tmx
18:20:36.294 [JavaFX Application Thread] DEBUG TMXLevelLoader       - Creating tile layer entities
18:20:36.295 [JavaFX Application Thread] DEBUG TilesetLoader        - Loading view for layer Background
18:20:36.295 [JavaFX Application Thread] DEBUG TilesetLoader        - Created buffer with size 800.0x592.0
18:20:36.325 [JavaFX Application Thread] DEBUG TMXLevelLoader       - Creating object layer entities
18:20:36.369 [JavaFX Application Thread] DEBUG GameWorld            - Clearing removable entities
18:20:36.379 [JavaFX Application Thread] DEBUG GameWorld            - Setting level: com.almasb.fxgl.entity.level.Level@9ba274a
18:20:37.279 [JavaFX Application Thread] DEBUG EventBus             - Firing event: fxgl.spaceinvader.event.GameEvent[source=javafx.event.Event$$Lambda/0x000002839219f530@6e137456]
18:20:37.632 [JavaFX Application Thread] DEBUG EventBus             - Firing event: fxgl.spaceinvader.event.GameEvent[source=javafx.event.Event$$Lambda/0x000002839219f530@6e137456]
18:20:38.159 [JavaFX Application Thread] DEBUG EventBus             - Firing event: fxgl.spaceinvader.event.GameEvent[source=javafx.event.Event$$Lambda/0x000002839219f530@6e137456]
18:20:38.991 [JavaFX Application Thread] DEBUG EventBus             - Firing event: fxgl.spaceinvader.event.GameEvent[source=javafx.event.Event$$Lambda/0x000002839219f530@6e137456]
18:20:39.424 [JavaFX Application Thread] DEBUG EventBus             - Firing event: fxgl.spaceinvader.event.GameEvent[source=javafx.event.Event$$Lambda/0x000002839219f530@6e137456]
18:20:39.793 [JavaFX Application Thread] DEBUG EventBus             - Firing event: fxgl.spaceinvader.event.GameEvent[source=javafx.event.Event$$Lambda/0x000002839219f530@6e137456]
18:20:40.784 [JavaFX Application Thread] DEBUG EventBus             - Firing event: fxgl.spaceinvader.event.GameEvent[source=javafx.event.Event$$Lambda/0x000002839219f530@6e137456]
18:20:41.424 [JavaFX Application Thread] DEBUG EventBus             - Firing event: fxgl.spaceinvader.event.GameEvent[source=javafx.event.Event$$Lambda/0x000002839219f530@6e137456]
18:20:42.460 [JavaFX Application Thread] DEBUG FXGLAssetLoaderServi - Loading from file system: file:/C:/Users/HP/IdeaProjects/SpaceInvader/target/classes/assets/textures/shield.png
18:20:42.673 [JavaFX Application Thread] DEBUG EventBus             - Firing event: fxgl.spaceinvader.event.GameEvent[source=javafx.event.Event$$Lambda/0x000002839219f530@6e137456]
18:20:44.385 [JavaFX Application Thread] DEBUG EventBus             - Firing event: fxgl.spaceinvader.event.GameEvent[source=javafx.event.Event$$Lambda/0x000002839219f530@6e137456]
18:20:44.736 [JavaFX Application Thread] DEBUG EventBus             - Firing event: fxgl.spaceinvader.event.GameEvent[source=javafx.event.Event$$Lambda/0x000002839219f530@6e137456]
18:20:44.742 [JavaFX Application Thread] DEBUG PrimaryStageWindow   - Push state: DialogSubScene
18:20:44.742 [JavaFX Application Thread] DEBUG Input                - Clearing active input actions
18:20:44.744 [JavaFX Application Thread] DEBUG GameApplicationServi - Removing overlay from GameScene and adding to DialogSubScene
18:20:44.744 [JavaFX Application Thread] DEBUG PrimaryStageWindow   - GameScene -> DialogSubScene
18:20:47.839 [JavaFX Application Thread] DEBUG PrimaryStageWindow   - Pop state: DialogSubScene
18:20:47.839 [JavaFX Application Thread] DEBUG Input                - Clearing active input actions
18:20:47.840 [JavaFX Application Thread] DEBUG GameApplicationServi - Removing overlay from DialogSubScene and adding to GameScene
18:20:47.840 [JavaFX Application Thread] DEBUG PrimaryStageWindow   - GameScene <- DialogSubScene
18:20:47.840 [JavaFX Application Thread] DEBUG FXGLApplication      - Exiting FXGL
18:20:47.840 [JavaFX Application Thread] DEBUG LoopRunner           - Stopping loop
18:20:47.841 [JavaFX Application Thread] DEBUG SystemBundleService  - Saving FXGL system data
18:20:47.843 [JavaFX Application Thread] DEBUG FileSystemAccess     - Writing to: C:\Users\HP\IdeaProjects\SpaceInvader\system\fxgl.bundle
18:20:47.846 [JavaFX Application Thread] DEBUG Async                - Shutting down background threads
18:20:47.846 [JavaFX Application Thread] DEBUG PrimaryStageWindow   - Closing main window
18:20:47.915 [JavaFX Application Thread] DEBUG Logger               - Closing Logger
