19:47:46.855 [main                     ] DEBUG Logger               - Configured Logger
19:47:46.889 [main                     ] DEBUG GameApplication      - Logging settings
Title: Space Invaders
Version: 1.0.1
Width: 512
Height: 712
Fullscreen: false
Intro: false
Profiling: false
Single step:false
App Mode: RELEASE
Menu Key: ESCAPE
Stage Style: DECORATED
Scene Factory: class com.almasb.fxgl.app.scene.SceneFactory

19:47:47.221 [JavaFX Application Thread] DEBUG FXGLApplication      - Initializing FXGL
19:47:47.226 [JavaFX Application Thread] INFO  Engine               - FXGL-17.3 (30.03.2023 11.49) on WINDOWS (J:23 FX:17.0.6)
19:47:47.226 [JavaFX Application Thread] DEBUG Engine               - JRE Vendor Name: Oracle Corporation
19:47:47.226 [JavaFX Application Thread] DEBUG Engine               - Running on OS: Windows 10 version 10.0
19:47:47.226 [JavaFX Application Thread] DEBUG Engine               - Architecture: amd64
19:47:47.226 [JavaFX Application Thread] INFO  Engine               - Source code and latest versions at: https://github.com/AlmasB/FXGL
19:47:47.226 [JavaFX Application Thread] INFO  Engine               -       Ask questions and discuss at: https://github.com/AlmasB/FXGL/discussions
19:47:47.226 [JavaFX Application Thread] INFO  Engine               -              Join the FXGL chat at: https://gitter.im/AlmasB/FXGL
19:47:47.315 [JavaFX Application Thread] DEBUG PrimaryStageWindow   - Creating a JavaFX scene
19:47:47.358 [JavaFX Application Thread] DEBUG PrimaryStageWindow   - Target settings size: 512.0 x 712.0
19:47:47.359 [JavaFX Application Thread] DEBUG PrimaryStageWindow   - Scaled scene size:    512.0 x 712.0
19:47:47.359 [JavaFX Application Thread] DEBUG PrimaryStageWindow   - Scaled ratio: (1.0, 1.0)
19:47:47.360 [JavaFX Application Thread] DEBUG PrimaryStageWindow   - Set initial scene to FXGLStartupScene
19:47:47.368 [JavaFX Application Thread] DEBUG PrimaryStageWindow   - Opening main window
19:47:47.457 [JavaFX Application Thread] DEBUG PrimaryStageWindow   - Window border size: (14.4000244140625, 37.5999755859375)
19:47:47.458 [JavaFX Application Thread] DEBUG PrimaryStageWindow   - Scaled size: 512.0 x 712.0
19:47:47.458 [JavaFX Application Thread] DEBUG PrimaryStageWindow   - Scaled ratio: (1.0, 1.0)
19:47:47.458 [JavaFX Application Thread] DEBUG PrimaryStageWindow   - Scene size: 512.0 x 712.0
19:47:47.459 [JavaFX Application Thread] DEBUG PrimaryStageWindow   - Stage size: 526.4000244140625 x 749.5999755859375
19:47:47.471 [FXGL Background Thread 1 ] DEBUG Engine               - Initializing environment variables
19:47:47.582 [FXGL Background Thread 1 ] DEBUG FXGLAssetLoaderServi - User app class for loading assets: class fxgl.spaceinvader.SpaceInvaderApp
19:47:47.582 [FXGL Background Thread 1 ] DEBUG GameApplicationServi - Applying CSS: fxgl_dark.css
19:47:47.583 [FXGL Background Thread 1 ] DEBUG FXGLAssetLoaderServi - Loading from file system: jar:file:///C:/Users/HP/.m2/repository/com/github/almasb/fxgl/17.3/fxgl-17.3.jar!/fxglassets/ui/css/fxgl_dark.css
19:47:47.642 [FXGL Background Thread 1 ] DEBUG GameApplicationServi - Initializing application scenes
19:47:47.695 [FXGL Background Thread 1 ] DEBUG GameWorld            - Game world initialized
19:47:47.777 [FXGL Background Thread 1 ] DEBUG PhysicsWorld         - Physics world initialized: appHeight=712, physics.ppm=50.0
19:47:47.777 [FXGL Background Thread 1 ] DEBUG PhysicsWorld         - Using strategy: BRUTE_FORCE
19:47:47.783 [FXGL Background Thread 1 ] DEBUG GameScene            - Game scene initialized: 512x712
19:47:47.798 [FXGL Background Thread 1 ] WARN  FXGL.DefaultMenu     - FXGLDefaultMenu is not designed for resolutions < 800x600
19:47:47.798 [FXGL Background Thread 1 ] DEBUG FXGL.DefaultMenu     - createMenuBodyMainMenu()
19:47:47.815 [FXGL Background Thread 1 ] DEBUG FXGL.DefaultMenu     - createOptionsMenu()
19:47:47.829 [FXGL Background Thread 1 ] DEBUG FXGLAssetLoaderServi - Loading from file system: jar:file:///C:/Users/HP/.m2/repository/com/github/almasb/fxgl/17.3/fxgl-17.3.jar!/fxglassets/textures/particles/smoke.png
19:47:47.927 [FXGL Background Thread 1 ] DEBUG FXGLAssetLoaderServi - Loading from file system: jar:file:///C:/Users/HP/.m2/repository/com/github/almasb/fxgl/17.3/fxgl-17.3.jar!/fxglassets/textures/particles/trace_horizontal.png
19:47:47.963 [FXGL Background Thread 1 ] WARN  FXGL.DefaultMenu     - FXGLDefaultMenu is not designed for resolutions < 800x600
19:47:47.963 [FXGL Background Thread 1 ] DEBUG FXGL.DefaultMenu     - createMenuBodyGameMenu()
19:47:47.964 [FXGL Background Thread 1 ] DEBUG FXGL.DefaultMenu     - createOptionsMenu()
19:47:47.982 [FXGL Background Thread 1 ] DEBUG GameApplicationServi - Application scenes initialized
19:47:47.992 [FXGL Background Thread 1 ] DEBUG SystemBundleService  - Loading FXGL system data
19:47:47.996 [FXGL Background Thread 1 ] DEBUG FileSystemAccess     - Reading from: C:\Users\HP\IdeaProjects\SpaceInvader\system\fxgl.bundle
19:47:48.002 [FXGL Background Thread 1 ] DEBUG SystemBundleService  - Bundle FXGL: {}
19:47:48.004 [FXGL Background Thread 3 ] DEBUG FXGLApplication      - Loading fonts
19:47:48.004 [FXGL Background Thread 1 ] DEBUG FXGLApplication      - Loading default localization
19:47:48.004 [FXGL Background Thread 3 ] DEBUG FXGLAssetLoaderServi - Loading from file system: jar:file:///C:/Users/HP/.m2/repository/com/github/almasb/fxgl/17.3/fxgl-17.3.jar!/fxglassets/ui/fonts/VarelaRound-Regular.ttf
19:47:48.005 [FXGL Background Thread 1 ] DEBUG FXGLAssetLoaderServi - Loading from file system: jar:file:///C:/Users/HP/.m2/repository/com/github/almasb/fxgl/17.3/fxgl-17.3.jar!/fxglassets/languages/english.lang
19:47:48.021 [FXGL Background Thread 1 ] INFO  FXGLApplication      - FXGL initialization took: 0.549 sec
19:47:48.030 [JavaFX Application Thread] DEBUG Input                - Registered new binding: Move Left - Left
19:47:48.030 [FXGL Background Thread 3 ] DEBUG FXGLAssetLoaderServi - Loading from file system: jar:file:///C:/Users/HP/.m2/repository/com/github/almasb/fxgl/17.3/fxgl-17.3.jar!/fxglassets/ui/fonts/Abel-Regular.ttf
19:47:48.031 [JavaFX Application Thread] DEBUG Input                - Registered new binding: Move Right - Right
19:47:48.031 [JavaFX Application Thread] DEBUG Input                - Registered new binding: Shoot - Up
19:47:48.032 [JavaFX Application Thread] DEBUG FXGLAssetLoaderServi - Loading from file system: jar:file:///C:/Users/HP/.m2/repository/com/github/almasb/fxgl/17.3/fxgl-17.3.jar!/fxglassets/textures/fxgl_icon.png
19:47:48.035 [FXGL Background Thread 3 ] DEBUG FXGLAssetLoaderServi - Loading from file system: jar:file:///C:/Users/HP/.m2/repository/com/github/almasb/fxgl/17.3/fxgl-17.3.jar!/fxglassets/ui/fonts/TerminalLandMono-Regular.otf
19:47:48.038 [FXGL Background Thread 3 ] DEBUG FXGLAssetLoaderServi - Loading from file system: jar:file:///C:/Users/HP/.m2/repository/com/github/almasb/fxgl/17.3/fxgl-17.3.jar!/fxglassets/ui/fonts/Courier-Prime.ttf
19:47:48.054 [JavaFX Application Thread] DEBUG FXGLAssetLoaderServi - Loading from file system: jar:file:///C:/Users/HP/.m2/repository/com/github/almasb/fxgl/17.3/fxgl-17.3.jar!/fxglassets/textures/fxgl_default_cursor.png
19:47:48.056 [JavaFX Application Thread] DEBUG Input                - Registered new binding: Screenshot - CTRL+8
19:47:48.058 [JavaFX Application Thread] DEBUG LoopRunner           - Starting loop
19:47:48.058 [JavaFX Application Thread] DEBUG LoopRunner           - Initializing JavaFX AnimationTimerLoop
19:47:48.060 [JavaFX Application Thread] DEBUG Input                - Clearing active input actions
19:47:48.070 [JavaFX Application Thread] DEBUG GameApplicationServi - Removing overlay from FXGLStartupScene and adding to FXGLMainMenuDummyScene
19:47:48.071 [JavaFX Application Thread] DEBUG PrimaryStageWindow   - FXGLStartupScene -> FXGLMainMenuDummyScene
19:47:48.071 [JavaFX Application Thread] DEBUG PrimaryStageWindow   - Push state: FXGLDefaultMenu
19:47:48.075 [JavaFX Application Thread] DEBUG Input                - Clearing active input actions
19:47:48.082 [JavaFX Application Thread] DEBUG GameApplicationServi - Removing overlay from FXGLMainMenuDummyScene and adding to FXGLDefaultMenu
19:47:48.082 [JavaFX Application Thread] DEBUG PrimaryStageWindow   - FXGLMainMenuDummyScene -> FXGLDefaultMenu
19:47:48.083 [JavaFX Application Thread] DEBUG FXGLApplication      - Registering font factories with UI factory
19:47:49.002 [JavaFX Application Thread] DEBUG Menu                 - fireNewGame()
19:47:49.002 [JavaFX Application Thread] DEBUG GameApplicationServi - Starting new game
19:47:49.004 [JavaFX Application Thread] DEBUG PrimaryStageWindow   - Pop state: FXGLDefaultMenu
19:47:49.004 [JavaFX Application Thread] DEBUG Input                - Clearing active input actions
19:47:49.005 [JavaFX Application Thread] DEBUG GameApplicationServi - Removing overlay from FXGLDefaultMenu and adding to FXGLMainMenuDummyScene
19:47:49.005 [JavaFX Application Thread] DEBUG PrimaryStageWindow   - FXGLMainMenuDummyScene <- FXGLDefaultMenu
19:47:49.006 [JavaFX Application Thread] DEBUG Input                - Clearing active input actions
19:47:49.019 [JavaFX Application Thread] DEBUG GameApplicationServi - Removing overlay from FXGLMainMenuDummyScene and adding to FXGLLoadingScene
19:47:49.020 [JavaFX Application Thread] DEBUG PrimaryStageWindow   - FXGLMainMenuDummyScene -> FXGLLoadingScene
19:47:49.020 [JavaFX Application Thread] DEBUG GameApplicationServi - Clearing previous game
19:47:49.020 [JavaFX Application Thread] DEBUG GameScene            - Clearing game scene
19:47:49.020 [JavaFX Application Thread] DEBUG GameWorld            - Clearing game world
19:47:49.020 [JavaFX Application Thread] DEBUG PhysicsWorld         - Clearing physics world
19:47:49.022 [FXGL Background Thread 3 ] DEBUG FXGLApplication      - Initializing game
19:47:49.075 [FXGL Background Thread 3 ] WARN  GameWorld            - Entity is already attached to world
19:47:49.076 [FXGL Background Thread 3 ] INFO  FXGLApplication      - Game initialization took: 0.054 sec
19:47:49.077 [JavaFX Application Thread] DEBUG Input                - Clearing active input actions
19:47:49.085 [JavaFX Application Thread] DEBUG GameApplicationServi - Removing overlay from FXGLLoadingScene and adding to GameScene
19:47:49.085 [JavaFX Application Thread] DEBUG PrimaryStageWindow   - FXGLLoadingScene -> GameScene
19:47:51.004 [FXGL Background Thread 2 ] DEBUG Engine               - Logging environment variables
19:47:51.004 [FXGL Background Thread 2 ] DEBUG Engine               - achievements: []
19:47:51.004 [FXGL Background Thread 2 ] DEBUG Engine               - actualHeight: 712.0
19:47:51.005 [FXGL Background Thread 2 ] DEBUG Engine               - actualHeightProperty: ReadOnlyDoubleProperty [value: 712.0]
19:47:51.005 [FXGL Background Thread 2 ] DEBUG Engine               - actualWidth: 512.0
19:47:51.005 [FXGL Background Thread 2 ] DEBUG Engine               - actualWidthProperty: ReadOnlyDoubleProperty [value: 512.0]
19:47:51.005 [FXGL Background Thread 2 ] DEBUG Engine               - appIcon: fxgl_icon.png
19:47:51.005 [FXGL Background Thread 2 ] DEBUG Engine               - applicationMode: RELEASE
19:47:51.005 [FXGL Background Thread 2 ] DEBUG Engine               - cSSList: [fxgl_dark.css]
19:47:51.005 [FXGL Background Thread 2 ] DEBUG Engine               - collisionDetectionStrategy: BRUTE_FORCE
19:47:51.005 [FXGL Background Thread 2 ] DEBUG Engine               - configClass: Optional.empty
19:47:51.005 [FXGL Background Thread 2 ] DEBUG Engine               - credits: []
19:47:51.006 [FXGL Background Thread 2 ] DEBUG Engine               - defaultCursor: CursorInfo(imageName=fxgl_default_cursor.png, hotspotX=7.0, hotspotY=6.0)
19:47:51.006 [FXGL Background Thread 2 ] DEBUG Engine               - devBBoxColorProperty: ObjectProperty [value: 0xff0000ff]
19:47:51.006 [FXGL Background Thread 2 ] DEBUG Engine               - devEnableDebugCameraProperty: BooleanProperty [value: false]
19:47:51.006 [FXGL Background Thread 2 ] DEBUG Engine               - devSensorColorProperty: ObjectProperty [value: 0xffff00ff]
19:47:51.006 [FXGL Background Thread 2 ] DEBUG Engine               - devShowBBoxProperty: BooleanProperty [value: false]
19:47:51.006 [FXGL Background Thread 2 ] DEBUG Engine               - devShowPositionProperty: BooleanProperty [value: false]
19:47:51.007 [FXGL Background Thread 2 ] DEBUG Engine               - enabledMenuItems: []
19:47:51.007 [FXGL Background Thread 2 ] DEBUG Engine               - engineServices: [class com.almasb.fxgl.app.services.FXGLAssetLoaderService, class com.almasb.fxgl.app.FXGLApplication$GameApplicationService, class com.almasb.fxgl.app.services.FXGLDialogService, class com.almasb.fxgl.app.services.IOTaskExecutorService, class com.almasb.fxgl.io.FileSystemService, class com.almasb.fxgl.localization.LocalizationService, class com.almasb.fxgl.app.services.SystemBundleService, class com.almasb.fxgl.profile.SaveLoadService, class com.almasb.fxgl.ui.FXGLUIFactoryServiceProvider, class com.almasb.fxgl.ui.FXGLDialogFactoryServiceProvider, class com.almasb.fxgl.audio.AudioPlayer, class com.almasb.fxgl.notification.impl.NotificationServiceProvider, class com.almasb.fxgl.achievement.AchievementService, class com.almasb.fxgl.cutscene.CutsceneService, class com.almasb.fxgl.minigames.MiniGameService, class com.almasb.fxgl.net.NetService, class com.almasb.fxgl.app.services.UpdaterService, class com.almasb.fxgl.dev.DevService]
19:47:51.007 [FXGL Background Thread 2 ] DEBUG Engine               - fontGame: Abel-Regular.ttf
19:47:51.007 [FXGL Background Thread 2 ] DEBUG Engine               - fontMono: TerminalLandMono-Regular.otf
19:47:51.007 [FXGL Background Thread 2 ] DEBUG Engine               - fontSizeScaleUI: 1.0
19:47:51.007 [FXGL Background Thread 2 ] DEBUG Engine               - fontText: Courier-Prime.ttf
19:47:51.007 [FXGL Background Thread 2 ] DEBUG Engine               - fontUI: VarelaRound-Regular.ttf
19:47:51.007 [FXGL Background Thread 2 ] DEBUG Engine               - fullScreen: BooleanProperty [value: false]
19:47:51.007 [FXGL Background Thread 2 ] DEBUG Engine               - gameDifficulty: MEDIUM
19:47:51.007 [FXGL Background Thread 2 ] DEBUG Engine               - gameDifficultyProperty: ObjectProperty [value: MEDIUM]
19:47:51.008 [FXGL Background Thread 2 ] DEBUG Engine               - globalMusicVolume: 0.5
19:47:51.008 [FXGL Background Thread 2 ] DEBUG Engine               - globalMusicVolumeProperty: DoubleProperty [value: 0.5]
19:47:51.008 [FXGL Background Thread 2 ] DEBUG Engine               - globalSoundVolume: 0.5
19:47:51.008 [FXGL Background Thread 2 ] DEBUG Engine               - globalSoundVolumeProperty: DoubleProperty [value: 0.5]
19:47:51.008 [FXGL Background Thread 2 ] DEBUG Engine               - height: 712
19:47:51.008 [FXGL Background Thread 2 ] DEBUG Engine               - is3D: false
19:47:51.008 [FXGL Background Thread 2 ] DEBUG Engine               - isAndroid: false
19:47:51.008 [FXGL Background Thread 2 ] DEBUG Engine               - isBrowser: false
19:47:51.008 [FXGL Background Thread 2 ] DEBUG Engine               - isClickFeedbackEnabled: false
19:47:51.008 [FXGL Background Thread 2 ] DEBUG Engine               - isCloseConfirmation: false
19:47:51.008 [FXGL Background Thread 2 ] DEBUG Engine               - isDesktop: true
19:47:51.008 [FXGL Background Thread 2 ] DEBUG Engine               - isDeveloperMenuEnabled: false
19:47:51.008 [FXGL Background Thread 2 ] DEBUG Engine               - isEmbedded: false
19:47:51.008 [FXGL Background Thread 2 ] DEBUG Engine               - isEntityPreloadEnabled: true
19:47:51.008 [FXGL Background Thread 2 ] DEBUG Engine               - isExperimentalTiledLargeMap: false
19:47:51.008 [FXGL Background Thread 2 ] DEBUG Engine               - isFileSystemWriteAllowed: true
19:47:51.008 [FXGL Background Thread 2 ] DEBUG Engine               - isFullScreenAllowed: false
19:47:51.009 [FXGL Background Thread 2 ] DEBUG Engine               - isFullScreenFromStart: false
19:47:51.009 [FXGL Background Thread 2 ] DEBUG Engine               - isGameMenuEnabled: true
19:47:51.009 [FXGL Background Thread 2 ] DEBUG Engine               - isIOS: false
19:47:51.009 [FXGL Background Thread 2 ] DEBUG Engine               - isIntroEnabled: false
19:47:51.009 [FXGL Background Thread 2 ] DEBUG Engine               - isLinux: false
19:47:51.009 [FXGL Background Thread 2 ] DEBUG Engine               - isMac: false
19:47:51.009 [FXGL Background Thread 2 ] DEBUG Engine               - isMainMenuEnabled: true
19:47:51.009 [FXGL Background Thread 2 ] DEBUG Engine               - isManualResizeEnabled: true
19:47:51.009 [FXGL Background Thread 2 ] DEBUG Engine               - isMobile: false
19:47:51.009 [FXGL Background Thread 2 ] DEBUG Engine               - isNative: false
19:47:51.009 [FXGL Background Thread 2 ] DEBUG Engine               - isPauseMusicWhenMinimized: true
19:47:51.009 [FXGL Background Thread 2 ] DEBUG Engine               - isPreserveResizeRatio: true
19:47:51.009 [FXGL Background Thread 2 ] DEBUG Engine               - isProfilingEnabled: false
19:47:51.009 [FXGL Background Thread 2 ] DEBUG Engine               - isScaleAffectedOnResize: true
19:47:51.009 [FXGL Background Thread 2 ] DEBUG Engine               - isSingleStep: false
19:47:51.009 [FXGL Background Thread 2 ] DEBUG Engine               - isUserProfileEnabled: false
19:47:51.009 [FXGL Background Thread 2 ] DEBUG Engine               - isWindows: true
19:47:51.009 [FXGL Background Thread 2 ] DEBUG Engine               - language: ObjectProperty [value: ENGLISH]
19:47:51.009 [FXGL Background Thread 2 ] DEBUG Engine               - menuKey: ESCAPE
19:47:51.009 [FXGL Background Thread 2 ] DEBUG Engine               - mouseSensitivity: 0.2
19:47:51.009 [FXGL Background Thread 2 ] DEBUG Engine               - notificationViewClass: class com.almasb.fxgl.notification.view.XboxNotificationView
19:47:51.009 [FXGL Background Thread 2 ] DEBUG Engine               - pixelsPerMeter: 50.0
19:47:51.009 [FXGL Background Thread 2 ] DEBUG Engine               - platform: WINDOWS
19:47:51.009 [FXGL Background Thread 2 ] DEBUG Engine               - prefHeightProperty: ReadOnlyDoubleProperty [value: 712.0]
19:47:51.009 [FXGL Background Thread 2 ] DEBUG Engine               - prefWidthProperty: ReadOnlyDoubleProperty [value: 512.0]
19:47:51.009 [FXGL Background Thread 2 ] DEBUG Engine               - profileDir: profiles/
19:47:51.010 [FXGL Background Thread 2 ] DEBUG Engine               - profileName: StringProperty [value: DEFAULT]
19:47:51.010 [FXGL Background Thread 2 ] DEBUG Engine               - randomSeed: -1
19:47:51.010 [FXGL Background Thread 2 ] DEBUG Engine               - runtimeInfo: RuntimeInfo(platform=WINDOWS, version=17.3, build=30.03.2023 11.49)
19:47:51.010 [FXGL Background Thread 2 ] DEBUG Engine               - saveFileExt: sav
19:47:51.010 [FXGL Background Thread 2 ] DEBUG Engine               - scaledHeightProp$fxgl: DoubleProperty [bound, value: 712.0]
19:47:51.010 [FXGL Background Thread 2 ] DEBUG Engine               - scaledWidthProp$fxgl: DoubleProperty [bound, value: 512.0]
19:47:51.010 [FXGL Background Thread 2 ] DEBUG Engine               - sceneFactory: com.almasb.fxgl.app.scene.SceneFactory@1c527dce
19:47:51.010 [FXGL Background Thread 2 ] DEBUG Engine               - secondsIn24h: 60
19:47:51.010 [FXGL Background Thread 2 ] DEBUG Engine               - soundMenuBack: menu/back.wav
19:47:51.010 [FXGL Background Thread 2 ] DEBUG Engine               - soundMenuPress: menu/press.wav
19:47:51.010 [FXGL Background Thread 2 ] DEBUG Engine               - soundMenuSelect: menu/select.wav
19:47:51.011 [FXGL Background Thread 2 ] DEBUG Engine               - soundNotification: core/notification.wav
19:47:51.011 [FXGL Background Thread 2 ] DEBUG Engine               - stageStyle: DECORATED
19:47:51.011 [FXGL Background Thread 2 ] DEBUG Engine               - supportedLanguages: [ENGLISH, FRENCH, GERMAN, HUNGARIAN, RUSSIAN]
19:47:51.011 [FXGL Background Thread 2 ] DEBUG Engine               - ticksPerSecond: -1
19:47:51.011 [FXGL Background Thread 2 ] DEBUG Engine               - title: Space Invaders
19:47:51.011 [FXGL Background Thread 2 ] DEBUG Engine               - urlGithub: https://github.com/AlmasB/FXGL
19:47:51.011 [FXGL Background Thread 2 ] DEBUG Engine               - urlLeaderboard: http://fxgl-top.herokuapp.com/
19:47:51.011 [FXGL Background Thread 2 ] DEBUG Engine               - urlPOM: https://raw.githubusercontent.com/AlmasB/FXGL/release/README.md
19:47:51.011 [FXGL Background Thread 2 ] DEBUG Engine               - userAppClass: class fxgl.spaceinvader.SpaceInvaderApp
19:47:51.011 [FXGL Background Thread 2 ] DEBUG Engine               - version: 1.0.1
19:47:51.011 [FXGL Background Thread 2 ] DEBUG Engine               - versionCheckDays: 7
19:47:51.011 [FXGL Background Thread 2 ] DEBUG Engine               - width: 512
19:47:51.011 [FXGL Background Thread 2 ] DEBUG Engine               - Logging services
19:47:51.011 [FXGL Background Thread 2 ] DEBUG Engine               - class com.almasb.fxgl.app.services.FXGLAssetLoaderService
19:47:51.011 [FXGL Background Thread 2 ] DEBUG Engine               - class com.almasb.fxgl.app.FXGLApplication$GameApplicationService
19:47:51.011 [FXGL Background Thread 2 ] DEBUG Engine               - class com.almasb.fxgl.app.services.FXGLDialogService
19:47:51.011 [FXGL Background Thread 2 ] DEBUG Engine               - class com.almasb.fxgl.app.services.IOTaskExecutorService
19:47:51.011 [FXGL Background Thread 2 ] DEBUG Engine               - class com.almasb.fxgl.io.FileSystemService
19:47:51.011 [FXGL Background Thread 2 ] DEBUG Engine               - class com.almasb.fxgl.localization.LocalizationService
19:47:51.011 [FXGL Background Thread 2 ] DEBUG Engine               - class com.almasb.fxgl.app.services.SystemBundleService
19:47:51.011 [FXGL Background Thread 2 ] DEBUG Engine               - class com.almasb.fxgl.profile.SaveLoadService
19:47:51.011 [FXGL Background Thread 2 ] DEBUG Engine               - class com.almasb.fxgl.ui.FXGLUIFactoryServiceProvider
19:47:51.011 [FXGL Background Thread 2 ] DEBUG Engine               - class com.almasb.fxgl.ui.FXGLDialogFactoryServiceProvider
19:47:51.011 [FXGL Background Thread 2 ] DEBUG Engine               - class com.almasb.fxgl.audio.AudioPlayer
19:47:51.011 [FXGL Background Thread 2 ] DEBUG Engine               - class com.almasb.fxgl.notification.impl.NotificationServiceProvider
19:47:51.011 [FXGL Background Thread 2 ] DEBUG Engine               - class com.almasb.fxgl.achievement.AchievementService
19:47:51.012 [FXGL Background Thread 2 ] DEBUG Engine               - class com.almasb.fxgl.cutscene.CutsceneService
19:47:51.012 [FXGL Background Thread 2 ] DEBUG Engine               - class com.almasb.fxgl.minigames.MiniGameService
19:47:51.012 [FXGL Background Thread 2 ] DEBUG Engine               - class com.almasb.fxgl.net.NetService
19:47:51.012 [FXGL Background Thread 2 ] DEBUG Engine               - class com.almasb.fxgl.app.services.UpdaterService
19:47:51.012 [FXGL Background Thread 2 ] DEBUG Engine               - class com.almasb.fxgl.dev.DevService
19:47:53.853 [JavaFX Application Thread] DEBUG EventBus             - Firing event: fxgl.spaceinvader.event.GameEvent[source=javafx.event.Event$$Lambda/0x000001a7a615d078@42382c46]
19:47:53.965 [JavaFX Application Thread] DEBUG EventBus             - Firing event: fxgl.spaceinvader.event.GameEvent[source=javafx.event.Event$$Lambda/0x000001a7a615d078@42382c46]
19:47:54.460 [JavaFX Application Thread] DEBUG EventBus             - Firing event: fxgl.spaceinvader.event.GameEvent[source=javafx.event.Event$$Lambda/0x000001a7a615d078@42382c46]
19:47:54.556 [JavaFX Application Thread] DEBUG EventBus             - Firing event: fxgl.spaceinvader.event.GameEvent[source=javafx.event.Event$$Lambda/0x000001a7a615d078@42382c46]
19:47:54.892 [JavaFX Application Thread] DEBUG EventBus             - Firing event: fxgl.spaceinvader.event.GameEvent[source=javafx.event.Event$$Lambda/0x000001a7a615d078@42382c46]
19:47:55.371 [JavaFX Application Thread] DEBUG EventBus             - Firing event: fxgl.spaceinvader.event.GameEvent[source=javafx.event.Event$$Lambda/0x000001a7a615d078@42382c46]
19:47:55.788 [JavaFX Application Thread] DEBUG EventBus             - Firing event: fxgl.spaceinvader.event.GameEvent[source=javafx.event.Event$$Lambda/0x000001a7a615d078@42382c46]
19:47:56.460 [JavaFX Application Thread] DEBUG EventBus             - Firing event: fxgl.spaceinvader.event.GameEvent[source=javafx.event.Event$$Lambda/0x000001a7a615d078@42382c46]
19:47:56.924 [JavaFX Application Thread] DEBUG EventBus             - Firing event: fxgl.spaceinvader.event.GameEvent[source=javafx.event.Event$$Lambda/0x000001a7a615d078@42382c46]
19:47:57.370 [JavaFX Application Thread] DEBUG FXGLApplication      - Exiting FXGL
19:47:57.370 [JavaFX Application Thread] DEBUG LoopRunner           - Stopping loop
19:47:57.370 [JavaFX Application Thread] DEBUG SystemBundleService  - Saving FXGL system data
19:47:57.372 [JavaFX Application Thread] DEBUG FileSystemAccess     - Writing to: C:\Users\HP\IdeaProjects\SpaceInvader\system\fxgl.bundle
19:47:57.374 [JavaFX Application Thread] DEBUG Async                - Shutting down background threads
19:47:57.375 [JavaFX Application Thread] DEBUG PrimaryStageWindow   - Closing main window
19:47:57.397 [JavaFX Application Thread] DEBUG Logger               - Closing Logger
