12:11:40.873 [main                     ] DEBUG Logger               - Configured Logger
12:11:40.929 [main                     ] DEBUG GameApplication      - Logging settings
Title: Space Invaders
Version: 1.0.1
Width: 512
Height: 720
Fullscreen: false
Intro: false
Profiling: false
Single step:false
App Mode: RELEASE
Menu Key: ESCAPE
Stage Style: DECORATED
Scene Factory: class com.almasb.fxgl.app.scene.SceneFactory

12:11:41.528 [JavaFX Application Thread] DEBUG FXGLApplication      - Initializing FXGL
12:11:41.534 [JavaFX Application Thread] INFO  Engine               - FXGL-17.3 (30.03.2023 11.49) on WINDOWS (J:23 FX:17.0.6)
12:11:41.535 [JavaFX Application Thread] DEBUG Engine               - JRE Vendor Name: Oracle Corporation
12:11:41.535 [JavaFX Application Thread] DEBUG Engine               - Running on OS: Windows 10 version 10.0
12:11:41.535 [JavaFX Application Thread] DEBUG Engine               - Architecture: amd64
12:11:41.535 [JavaFX Application Thread] INFO  Engine               - Source code and latest versions at: https://github.com/AlmasB/FXGL
12:11:41.535 [JavaFX Application Thread] INFO  Engine               -       Ask questions and discuss at: https://github.com/AlmasB/FXGL/discussions
12:11:41.535 [JavaFX Application Thread] INFO  Engine               -              Join the FXGL chat at: https://gitter.im/AlmasB/FXGL
12:11:41.708 [JavaFX Application Thread] DEBUG PrimaryStageWindow   - Creating a JavaFX scene
12:11:41.783 [JavaFX Application Thread] DEBUG PrimaryStageWindow   - Target settings size: 512.0 x 720.0
12:11:41.784 [JavaFX Application Thread] DEBUG PrimaryStageWindow   - Scaled scene size:    512.0 x 720.0
12:11:41.784 [JavaFX Application Thread] DEBUG PrimaryStageWindow   - Scaled ratio: (1.0, 1.0)
12:11:41.786 [JavaFX Application Thread] DEBUG PrimaryStageWindow   - Set initial scene to FXGLStartupScene
12:11:41.796 [JavaFX Application Thread] DEBUG PrimaryStageWindow   - Opening main window
12:11:41.942 [JavaFX Application Thread] DEBUG PrimaryStageWindow   - Window border size: (14.4000244140625, 37.5999755859375)
12:11:41.942 [JavaFX Application Thread] DEBUG PrimaryStageWindow   - Scaled size: 512.0 x 720.0
12:11:41.943 [JavaFX Application Thread] DEBUG PrimaryStageWindow   - Scaled ratio: (1.0, 1.0)
12:11:41.944 [JavaFX Application Thread] DEBUG PrimaryStageWindow   - Scene size: 512.0 x 720.0
12:11:41.945 [JavaFX Application Thread] DEBUG PrimaryStageWindow   - Stage size: 526.4000244140625 x 757.5999755859375
12:11:41.974 [FXGL Background Thread 1 ] DEBUG Engine               - Initializing environment variables
12:11:42.262 [FXGL Background Thread 1 ] DEBUG FXGLAssetLoaderServi - User app class for loading assets: class fxgl.spaceinvader.SpaceInvaderApp
12:11:42.263 [FXGL Background Thread 1 ] DEBUG GameApplicationServi - Applying CSS: fxgl_dark.css
12:11:42.265 [FXGL Background Thread 1 ] DEBUG FXGLAssetLoaderServi - Loading from file system: jar:file:///C:/Users/HP/.m2/repository/com/github/almasb/fxgl/17.3/fxgl-17.3.jar!/fxglassets/ui/css/fxgl_dark.css
12:11:42.361 [FXGL Background Thread 1 ] DEBUG GameApplicationServi - Initializing application scenes
12:11:42.428 [FXGL Background Thread 1 ] DEBUG GameWorld            - Game world initialized
12:11:42.568 [FXGL Background Thread 1 ] DEBUG PhysicsWorld         - Physics world initialized: appHeight=720, physics.ppm=50.0
12:11:42.568 [FXGL Background Thread 1 ] DEBUG PhysicsWorld         - Using strategy: BRUTE_FORCE
12:11:42.579 [FXGL Background Thread 1 ] DEBUG GameScene            - Game scene initialized: 512x720
12:11:42.607 [FXGL Background Thread 1 ] WARN  FXGL.DefaultMenu     - FXGLDefaultMenu is not designed for resolutions < 800x600
12:11:42.607 [FXGL Background Thread 1 ] DEBUG FXGL.DefaultMenu     - createMenuBodyMainMenu()
12:11:42.643 [FXGL Background Thread 1 ] DEBUG FXGL.DefaultMenu     - createOptionsMenu()
12:11:42.669 [FXGL Background Thread 1 ] DEBUG FXGLAssetLoaderServi - Loading from file system: jar:file:///C:/Users/HP/.m2/repository/com/github/almasb/fxgl/17.3/fxgl-17.3.jar!/fxglassets/textures/particles/smoke.png
12:11:42.860 [FXGL Background Thread 1 ] DEBUG FXGLAssetLoaderServi - Loading from file system: jar:file:///C:/Users/HP/.m2/repository/com/github/almasb/fxgl/17.3/fxgl-17.3.jar!/fxglassets/textures/particles/trace_horizontal.png
12:11:42.929 [FXGL Background Thread 1 ] WARN  FXGL.DefaultMenu     - FXGLDefaultMenu is not designed for resolutions < 800x600
12:11:42.929 [FXGL Background Thread 1 ] DEBUG FXGL.DefaultMenu     - createMenuBodyGameMenu()
12:11:42.932 [FXGL Background Thread 1 ] DEBUG FXGL.DefaultMenu     - createOptionsMenu()
12:11:42.966 [FXGL Background Thread 1 ] DEBUG GameApplicationServi - Application scenes initialized
12:11:42.990 [FXGL Background Thread 1 ] DEBUG SystemBundleService  - Loading FXGL system data
12:11:43.001 [FXGL Background Thread 1 ] DEBUG FileSystemAccess     - Reading from: C:\Users\HP\IdeaProjects\SpaceInvader\system\fxgl.bundle
12:11:43.016 [FXGL Background Thread 1 ] DEBUG SystemBundleService  - Bundle FXGL: {}
12:11:43.020 [FXGL Background Thread 3 ] DEBUG FXGLApplication      - Loading fonts
12:11:43.021 [FXGL Background Thread 3 ] DEBUG FXGLAssetLoaderServi - Loading from file system: jar:file:///C:/Users/HP/.m2/repository/com/github/almasb/fxgl/17.3/fxgl-17.3.jar!/fxglassets/ui/fonts/VarelaRound-Regular.ttf
12:11:43.021 [FXGL Background Thread 1 ] DEBUG FXGLApplication      - Loading default localization
12:11:43.023 [FXGL Background Thread 1 ] DEBUG FXGLAssetLoaderServi - Loading from file system: jar:file:///C:/Users/HP/.m2/repository/com/github/almasb/fxgl/17.3/fxgl-17.3.jar!/fxglassets/languages/english.lang
12:11:43.055 [FXGL Background Thread 1 ] INFO  FXGLApplication      - FXGL initialization took: 1.081 sec
12:11:43.078 [JavaFX Application Thread] DEBUG Input                - Registered new binding: Move Left - Left
12:11:43.079 [JavaFX Application Thread] DEBUG Input                - Registered new binding: Move Right - Right
12:11:43.079 [FXGL Background Thread 3 ] DEBUG FXGLAssetLoaderServi - Loading from file system: jar:file:///C:/Users/HP/.m2/repository/com/github/almasb/fxgl/17.3/fxgl-17.3.jar!/fxglassets/ui/fonts/Abel-Regular.ttf
12:11:43.079 [JavaFX Application Thread] DEBUG Input                - Registered new binding: Shoot - Up
12:11:43.080 [JavaFX Application Thread] DEBUG Input                - Registered new binding: Shield Up - Space
12:11:43.082 [JavaFX Application Thread] DEBUG FXGLAssetLoaderServi - Loading from file system: jar:file:///C:/Users/HP/.m2/repository/com/github/almasb/fxgl/17.3/fxgl-17.3.jar!/fxglassets/textures/fxgl_icon.png
12:11:43.085 [FXGL Background Thread 3 ] DEBUG FXGLAssetLoaderServi - Loading from file system: jar:file:///C:/Users/HP/.m2/repository/com/github/almasb/fxgl/17.3/fxgl-17.3.jar!/fxglassets/ui/fonts/TerminalLandMono-Regular.otf
12:11:43.095 [FXGL Background Thread 3 ] DEBUG FXGLAssetLoaderServi - Loading from file system: jar:file:///C:/Users/HP/.m2/repository/com/github/almasb/fxgl/17.3/fxgl-17.3.jar!/fxglassets/ui/fonts/Courier-Prime.ttf
12:11:43.123 [JavaFX Application Thread] DEBUG FXGLAssetLoaderServi - Loading from file system: jar:file:///C:/Users/HP/.m2/repository/com/github/almasb/fxgl/17.3/fxgl-17.3.jar!/fxglassets/textures/fxgl_default_cursor.png
12:11:43.128 [JavaFX Application Thread] DEBUG Input                - Registered new binding: Screenshot - CTRL+8
12:11:43.134 [JavaFX Application Thread] DEBUG LoopRunner           - Starting loop
12:11:43.134 [JavaFX Application Thread] DEBUG LoopRunner           - Initializing JavaFX AnimationTimerLoop
12:11:43.138 [JavaFX Application Thread] DEBUG Input                - Clearing active input actions
12:11:43.153 [JavaFX Application Thread] DEBUG GameApplicationServi - Removing overlay from FXGLStartupScene and adding to FXGLMainMenuDummyScene
12:11:43.154 [JavaFX Application Thread] DEBUG PrimaryStageWindow   - FXGLStartupScene -> FXGLMainMenuDummyScene
12:11:43.154 [JavaFX Application Thread] DEBUG PrimaryStageWindow   - Push state: FXGLDefaultMenu
12:11:43.163 [JavaFX Application Thread] DEBUG Input                - Clearing active input actions
12:11:43.178 [JavaFX Application Thread] DEBUG GameApplicationServi - Removing overlay from FXGLMainMenuDummyScene and adding to FXGLDefaultMenu
12:11:43.179 [JavaFX Application Thread] DEBUG PrimaryStageWindow   - FXGLMainMenuDummyScene -> FXGLDefaultMenu
12:11:43.190 [JavaFX Application Thread] DEBUG FXGLApplication      - Registering font factories with UI factory
12:11:44.446 [JavaFX Application Thread] DEBUG Menu                 - fireNewGame()
12:11:44.446 [JavaFX Application Thread] DEBUG GameApplicationServi - Starting new game
12:11:44.450 [JavaFX Application Thread] DEBUG PrimaryStageWindow   - Pop state: FXGLDefaultMenu
12:11:44.450 [JavaFX Application Thread] DEBUG Input                - Clearing active input actions
12:11:44.452 [JavaFX Application Thread] DEBUG GameApplicationServi - Removing overlay from FXGLDefaultMenu and adding to FXGLMainMenuDummyScene
12:11:44.454 [JavaFX Application Thread] DEBUG PrimaryStageWindow   - FXGLMainMenuDummyScene <- FXGLDefaultMenu
12:11:44.454 [JavaFX Application Thread] DEBUG Input                - Clearing active input actions
12:11:44.479 [JavaFX Application Thread] DEBUG GameApplicationServi - Removing overlay from FXGLMainMenuDummyScene and adding to FXGLLoadingScene
12:11:44.480 [JavaFX Application Thread] DEBUG PrimaryStageWindow   - FXGLMainMenuDummyScene -> FXGLLoadingScene
12:11:44.480 [JavaFX Application Thread] DEBUG GameApplicationServi - Clearing previous game
12:11:44.480 [JavaFX Application Thread] DEBUG GameScene            - Clearing game scene
12:11:44.480 [JavaFX Application Thread] DEBUG GameWorld            - Clearing game world
12:11:44.481 [JavaFX Application Thread] DEBUG PhysicsWorld         - Clearing physics world
12:11:44.484 [FXGL Background Thread 3 ] DEBUG FXGLApplication      - Initializing game
12:11:44.654 [FXGL Background Thread 3 ] WARN  TMXLevelLoader       - TiledMap generated from 1.8.6. Supported version: 1.9.0. Some features may not be parsed fully.
12:11:44.683 [FXGL Background Thread 3 ] DEBUG TMXLevelLoader       - Parsed TiledMap: file:/C:/Users/HP/IdeaProjects/SpaceInvader/target/classes/assets/levels/level1.tmx
12:11:44.685 [FXGL Background Thread 3 ] DEBUG TMXLevelLoader       - Creating tile layer entities
12:11:44.690 [FXGL Background Thread 3 ] DEBUG TilesetLoader        - Loading view for layer Background
12:11:44.692 [FXGL Background Thread 3 ] DEBUG TilesetLoader        - Created buffer with size 512.0x720.0
12:11:44.714 [FXGL Background Thread 3 ] DEBUG TilesetLoader        - Loading view for layer UI
12:11:44.716 [FXGL Background Thread 3 ] DEBUG TilesetLoader        - Created buffer with size 512.0x720.0
12:11:44.717 [FXGL Background Thread 3 ] DEBUG TMXLevelLoader       - Creating object layer entities
12:11:44.725 [FXGL Background Thread 3 ] DEBUG FXGLAssetLoaderServi - Loading from file system: file:/C:/Users/HP/IdeaProjects/SpaceInvader/target/classes/assets/textures/Enemy.png
12:11:44.790 [FXGL Background Thread 3 ] DEBUG FXGLAssetLoaderServi - Loading from file system: file:/C:/Users/HP/IdeaProjects/SpaceInvader/target/classes/assets/textures/wall_left_1.png
12:11:44.802 [FXGL Background Thread 3 ] DEBUG FXGLAssetLoaderServi - Loading from file system: file:/C:/Users/HP/IdeaProjects/SpaceInvader/target/classes/assets/textures/wall_right_1.png
12:11:44.815 [FXGL Background Thread 3 ] DEBUG GameWorld            - Clearing removable entities
12:11:44.816 [FXGL Background Thread 3 ] DEBUG GameWorld            - Setting level: com.almasb.fxgl.entity.level.Level@2b09cf93
12:11:44.949 [FXGL Background Thread 3 ] DEBUG FXGLAssetLoaderServi - Loading from file system: file:/C:/Users/HP/IdeaProjects/SpaceInvader/target/classes/assets/textures/player.png
12:11:44.964 [FXGL Background Thread 3 ] INFO  FXGLApplication      - Game initialization took: 0.480 sec
12:11:44.979 [JavaFX Application Thread] DEBUG Input                - Clearing active input actions
12:11:44.996 [JavaFX Application Thread] DEBUG GameApplicationServi - Removing overlay from FXGLLoadingScene and adding to GameScene
12:11:44.997 [JavaFX Application Thread] DEBUG PrimaryStageWindow   - FXGLLoadingScene -> GameScene
12:11:46.019 [FXGL Background Thread 2 ] DEBUG Engine               - Logging environment variables
12:11:46.020 [FXGL Background Thread 2 ] DEBUG Engine               - achievements: []
12:11:46.020 [FXGL Background Thread 2 ] DEBUG Engine               - actualHeight: 720.0
12:11:46.021 [FXGL Background Thread 2 ] DEBUG Engine               - actualHeightProperty: ReadOnlyDoubleProperty [value: 720.0]
12:11:46.021 [FXGL Background Thread 2 ] DEBUG Engine               - actualWidth: 512.0
12:11:46.021 [FXGL Background Thread 2 ] DEBUG Engine               - actualWidthProperty: ReadOnlyDoubleProperty [value: 512.0]
12:11:46.021 [FXGL Background Thread 2 ] DEBUG Engine               - appIcon: fxgl_icon.png
12:11:46.021 [FXGL Background Thread 2 ] DEBUG Engine               - applicationMode: RELEASE
12:11:46.022 [FXGL Background Thread 2 ] DEBUG Engine               - cSSList: [fxgl_dark.css]
12:11:46.022 [FXGL Background Thread 2 ] DEBUG Engine               - collisionDetectionStrategy: BRUTE_FORCE
12:11:46.022 [FXGL Background Thread 2 ] DEBUG Engine               - configClass: Optional.empty
12:11:46.022 [FXGL Background Thread 2 ] DEBUG Engine               - credits: []
12:11:46.023 [FXGL Background Thread 2 ] DEBUG Engine               - defaultCursor: CursorInfo(imageName=fxgl_default_cursor.png, hotspotX=7.0, hotspotY=6.0)
12:11:46.023 [FXGL Background Thread 2 ] DEBUG Engine               - devBBoxColorProperty: ObjectProperty [value: 0xff0000ff]
12:11:46.023 [FXGL Background Thread 2 ] DEBUG Engine               - devEnableDebugCameraProperty: BooleanProperty [value: false]
12:11:46.024 [FXGL Background Thread 2 ] DEBUG Engine               - devSensorColorProperty: ObjectProperty [value: 0xffff00ff]
12:11:46.024 [FXGL Background Thread 2 ] DEBUG Engine               - devShowBBoxProperty: BooleanProperty [value: false]
12:11:46.024 [FXGL Background Thread 2 ] DEBUG Engine               - devShowPositionProperty: BooleanProperty [value: false]
12:11:46.024 [FXGL Background Thread 2 ] DEBUG Engine               - enabledMenuItems: []
12:11:46.025 [FXGL Background Thread 2 ] DEBUG Engine               - engineServices: [class com.almasb.fxgl.app.services.FXGLAssetLoaderService, class com.almasb.fxgl.app.FXGLApplication$GameApplicationService, class com.almasb.fxgl.app.services.FXGLDialogService, class com.almasb.fxgl.app.services.IOTaskExecutorService, class com.almasb.fxgl.io.FileSystemService, class com.almasb.fxgl.localization.LocalizationService, class com.almasb.fxgl.app.services.SystemBundleService, class com.almasb.fxgl.profile.SaveLoadService, class com.almasb.fxgl.ui.FXGLUIFactoryServiceProvider, class com.almasb.fxgl.ui.FXGLDialogFactoryServiceProvider, class com.almasb.fxgl.audio.AudioPlayer, class com.almasb.fxgl.notification.impl.NotificationServiceProvider, class com.almasb.fxgl.achievement.AchievementService, class com.almasb.fxgl.cutscene.CutsceneService, class com.almasb.fxgl.minigames.MiniGameService, class com.almasb.fxgl.net.NetService, class com.almasb.fxgl.app.services.UpdaterService, class com.almasb.fxgl.dev.DevService]
12:11:46.025 [FXGL Background Thread 2 ] DEBUG Engine               - fontGame: Abel-Regular.ttf
12:11:46.025 [FXGL Background Thread 2 ] DEBUG Engine               - fontMono: TerminalLandMono-Regular.otf
12:11:46.025 [FXGL Background Thread 2 ] DEBUG Engine               - fontSizeScaleUI: 1.0
12:11:46.025 [FXGL Background Thread 2 ] DEBUG Engine               - fontText: Courier-Prime.ttf
12:11:46.026 [FXGL Background Thread 2 ] DEBUG Engine               - fontUI: VarelaRound-Regular.ttf
12:11:46.026 [FXGL Background Thread 2 ] DEBUG Engine               - fullScreen: BooleanProperty [value: false]
12:11:46.026 [FXGL Background Thread 2 ] DEBUG Engine               - gameDifficulty: MEDIUM
12:11:46.027 [FXGL Background Thread 2 ] DEBUG Engine               - gameDifficultyProperty: ObjectProperty [value: MEDIUM]
12:11:46.027 [FXGL Background Thread 2 ] DEBUG Engine               - globalMusicVolume: 0.5
12:11:46.029 [FXGL Background Thread 2 ] DEBUG Engine               - globalMusicVolumeProperty: DoubleProperty [value: 0.5]
12:11:46.029 [FXGL Background Thread 2 ] DEBUG Engine               - globalSoundVolume: 0.5
12:11:46.029 [FXGL Background Thread 2 ] DEBUG Engine               - globalSoundVolumeProperty: DoubleProperty [value: 0.5]
12:11:46.030 [FXGL Background Thread 2 ] DEBUG Engine               - height: 720
12:11:46.030 [FXGL Background Thread 2 ] DEBUG Engine               - is3D: false
12:11:46.030 [FXGL Background Thread 2 ] DEBUG Engine               - isAndroid: false
12:11:46.030 [FXGL Background Thread 2 ] DEBUG Engine               - isBrowser: false
12:11:46.030 [FXGL Background Thread 2 ] DEBUG Engine               - isClickFeedbackEnabled: false
12:11:46.030 [FXGL Background Thread 2 ] DEBUG Engine               - isCloseConfirmation: false
12:11:46.030 [FXGL Background Thread 2 ] DEBUG Engine               - isDesktop: true
12:11:46.030 [FXGL Background Thread 2 ] DEBUG Engine               - isDeveloperMenuEnabled: false
12:11:46.030 [FXGL Background Thread 2 ] DEBUG Engine               - isEmbedded: false
12:11:46.031 [FXGL Background Thread 2 ] DEBUG Engine               - isEntityPreloadEnabled: true
12:11:46.031 [FXGL Background Thread 2 ] DEBUG Engine               - isExperimentalTiledLargeMap: false
12:11:46.031 [FXGL Background Thread 2 ] DEBUG Engine               - isFileSystemWriteAllowed: true
12:11:46.031 [FXGL Background Thread 2 ] DEBUG Engine               - isFullScreenAllowed: false
12:11:46.031 [FXGL Background Thread 2 ] DEBUG Engine               - isFullScreenFromStart: false
12:11:46.031 [FXGL Background Thread 2 ] DEBUG Engine               - isGameMenuEnabled: true
12:11:46.031 [FXGL Background Thread 2 ] DEBUG Engine               - isIOS: false
12:11:46.031 [FXGL Background Thread 2 ] DEBUG Engine               - isIntroEnabled: false
12:11:46.031 [FXGL Background Thread 2 ] DEBUG Engine               - isLinux: false
12:11:46.031 [FXGL Background Thread 2 ] DEBUG Engine               - isMac: false
12:11:46.032 [FXGL Background Thread 2 ] DEBUG Engine               - isMainMenuEnabled: true
12:11:46.032 [FXGL Background Thread 2 ] DEBUG Engine               - isManualResizeEnabled: true
12:11:46.032 [FXGL Background Thread 2 ] DEBUG Engine               - isMobile: false
12:11:46.032 [FXGL Background Thread 2 ] DEBUG Engine               - isNative: false
12:11:46.032 [FXGL Background Thread 2 ] DEBUG Engine               - isPauseMusicWhenMinimized: true
12:11:46.032 [FXGL Background Thread 2 ] DEBUG Engine               - isPreserveResizeRatio: true
12:11:46.032 [FXGL Background Thread 2 ] DEBUG Engine               - isProfilingEnabled: false
12:11:46.032 [FXGL Background Thread 2 ] DEBUG Engine               - isScaleAffectedOnResize: true
12:11:46.032 [FXGL Background Thread 2 ] DEBUG Engine               - isSingleStep: false
12:11:46.032 [FXGL Background Thread 2 ] DEBUG Engine               - isUserProfileEnabled: false
12:11:46.033 [FXGL Background Thread 2 ] DEBUG Engine               - isWindows: true
12:11:46.033 [FXGL Background Thread 2 ] DEBUG Engine               - language: ObjectProperty [value: ENGLISH]
12:11:46.033 [FXGL Background Thread 2 ] DEBUG Engine               - menuKey: ESCAPE
12:11:46.033 [FXGL Background Thread 2 ] DEBUG Engine               - mouseSensitivity: 0.2
12:11:46.033 [FXGL Background Thread 2 ] DEBUG Engine               - notificationViewClass: class com.almasb.fxgl.notification.view.XboxNotificationView
12:11:46.033 [FXGL Background Thread 2 ] DEBUG Engine               - pixelsPerMeter: 50.0
12:11:46.033 [FXGL Background Thread 2 ] DEBUG Engine               - platform: WINDOWS
12:11:46.034 [FXGL Background Thread 2 ] DEBUG Engine               - prefHeightProperty: ReadOnlyDoubleProperty [value: 720.0]
12:11:46.034 [FXGL Background Thread 2 ] DEBUG Engine               - prefWidthProperty: ReadOnlyDoubleProperty [value: 512.0]
12:11:46.034 [FXGL Background Thread 2 ] DEBUG Engine               - profileDir: profiles/
12:11:46.034 [FXGL Background Thread 2 ] DEBUG Engine               - profileName: StringProperty [value: DEFAULT]
12:11:46.034 [FXGL Background Thread 2 ] DEBUG Engine               - randomSeed: -1
12:11:46.035 [FXGL Background Thread 2 ] DEBUG Engine               - runtimeInfo: RuntimeInfo(platform=WINDOWS, version=17.3, build=30.03.2023 11.49)
12:11:46.035 [FXGL Background Thread 2 ] DEBUG Engine               - saveFileExt: sav
12:11:46.036 [FXGL Background Thread 2 ] DEBUG Engine               - scaledHeightProp$fxgl: DoubleProperty [bound, value: 720.0]
12:11:46.036 [FXGL Background Thread 2 ] DEBUG Engine               - scaledWidthProp$fxgl: DoubleProperty [bound, value: 512.0]
12:11:46.036 [FXGL Background Thread 2 ] DEBUG Engine               - sceneFactory: com.almasb.fxgl.app.scene.SceneFactory@4b45c47b
12:11:46.036 [FXGL Background Thread 2 ] DEBUG Engine               - secondsIn24h: 60
12:11:46.036 [FXGL Background Thread 2 ] DEBUG Engine               - soundMenuBack: menu/back.wav
12:11:46.036 [FXGL Background Thread 2 ] DEBUG Engine               - soundMenuPress: menu/press.wav
12:11:46.036 [FXGL Background Thread 2 ] DEBUG Engine               - soundMenuSelect: menu/select.wav
12:11:46.036 [FXGL Background Thread 2 ] DEBUG Engine               - soundNotification: core/notification.wav
12:11:46.036 [FXGL Background Thread 2 ] DEBUG Engine               - stageStyle: DECORATED
12:11:46.036 [FXGL Background Thread 2 ] DEBUG Engine               - supportedLanguages: [ENGLISH, FRENCH, GERMAN, HUNGARIAN, RUSSIAN]
12:11:46.037 [FXGL Background Thread 2 ] DEBUG Engine               - ticksPerSecond: -1
12:11:46.037 [FXGL Background Thread 2 ] DEBUG Engine               - title: Space Invaders
12:11:46.037 [FXGL Background Thread 2 ] DEBUG Engine               - urlGithub: https://github.com/AlmasB/FXGL
12:11:46.037 [FXGL Background Thread 2 ] DEBUG Engine               - urlLeaderboard: http://fxgl-top.herokuapp.com/
12:11:46.037 [FXGL Background Thread 2 ] DEBUG Engine               - urlPOM: https://raw.githubusercontent.com/AlmasB/FXGL/release/README.md
12:11:46.037 [FXGL Background Thread 2 ] DEBUG Engine               - userAppClass: class fxgl.spaceinvader.SpaceInvaderApp
12:11:46.037 [FXGL Background Thread 2 ] DEBUG Engine               - version: 1.0.1
12:11:46.037 [FXGL Background Thread 2 ] DEBUG Engine               - versionCheckDays: 7
12:11:46.037 [FXGL Background Thread 2 ] DEBUG Engine               - width: 512
12:11:46.037 [FXGL Background Thread 2 ] DEBUG Engine               - Logging services
12:11:46.038 [FXGL Background Thread 2 ] DEBUG Engine               - class com.almasb.fxgl.app.services.FXGLAssetLoaderService
12:11:46.038 [FXGL Background Thread 2 ] DEBUG Engine               - class com.almasb.fxgl.app.FXGLApplication$GameApplicationService
12:11:46.038 [FXGL Background Thread 2 ] DEBUG Engine               - class com.almasb.fxgl.app.services.FXGLDialogService
12:11:46.038 [FXGL Background Thread 2 ] DEBUG Engine               - class com.almasb.fxgl.app.services.IOTaskExecutorService
12:11:46.038 [FXGL Background Thread 2 ] DEBUG Engine               - class com.almasb.fxgl.io.FileSystemService
12:11:46.038 [FXGL Background Thread 2 ] DEBUG Engine               - class com.almasb.fxgl.localization.LocalizationService
12:11:46.038 [FXGL Background Thread 2 ] DEBUG Engine               - class com.almasb.fxgl.app.services.SystemBundleService
12:11:46.038 [FXGL Background Thread 2 ] DEBUG Engine               - class com.almasb.fxgl.profile.SaveLoadService
12:11:46.038 [FXGL Background Thread 2 ] DEBUG Engine               - class com.almasb.fxgl.ui.FXGLUIFactoryServiceProvider
12:11:46.038 [FXGL Background Thread 2 ] DEBUG Engine               - class com.almasb.fxgl.ui.FXGLDialogFactoryServiceProvider
12:11:46.038 [FXGL Background Thread 2 ] DEBUG Engine               - class com.almasb.fxgl.audio.AudioPlayer
12:11:46.038 [FXGL Background Thread 2 ] DEBUG Engine               - class com.almasb.fxgl.notification.impl.NotificationServiceProvider
12:11:46.039 [FXGL Background Thread 2 ] DEBUG Engine               - class com.almasb.fxgl.achievement.AchievementService
12:11:46.039 [FXGL Background Thread 2 ] DEBUG Engine               - class com.almasb.fxgl.cutscene.CutsceneService
12:11:46.039 [FXGL Background Thread 2 ] DEBUG Engine               - class com.almasb.fxgl.minigames.MiniGameService
12:11:46.039 [FXGL Background Thread 2 ] DEBUG Engine               - class com.almasb.fxgl.net.NetService
12:11:46.039 [FXGL Background Thread 2 ] DEBUG Engine               - class com.almasb.fxgl.app.services.UpdaterService
12:11:46.039 [FXGL Background Thread 2 ] DEBUG Engine               - class com.almasb.fxgl.dev.DevService
12:11:50.678 [JavaFX Application Thread] DEBUG EventBus             - Firing event: fxgl.spaceinvader.event.GameEvent[source=javafx.event.Event$$Lambda/0x000002239815ad08@6619593c]
12:12:06.484 [JavaFX Application Thread] DEBUG FXGLApplication      - Exiting FXGL
12:12:06.485 [JavaFX Application Thread] DEBUG LoopRunner           - Stopping loop
12:12:06.485 [JavaFX Application Thread] DEBUG SystemBundleService  - Saving FXGL system data
12:12:06.488 [JavaFX Application Thread] DEBUG FileSystemAccess     - Writing to: C:\Users\HP\IdeaProjects\SpaceInvader\system\fxgl.bundle
12:12:06.490 [JavaFX Application Thread] DEBUG Async                - Shutting down background threads
12:12:06.491 [JavaFX Application Thread] DEBUG PrimaryStageWindow   - Closing main window
12:12:06.511 [JavaFX Application Thread] DEBUG Logger               - Closing Logger
