14:16:39.087 [main                     ] DEBUG Logger               - Configured Logger
14:16:39.135 [main                     ] DEBUG GameApplication      - Logging settings
Title: Space Invaders
Version: 1.0.1
Width: 512
Height: 712
Fullscreen: false
Intro: false
Profiling: false
Single step:false
App Mode: RELEASE
Menu Key: ESCAPE
Stage Style: DECORATED
Scene Factory: class com.almasb.fxgl.app.scene.SceneFactory

14:16:39.630 [JavaFX Application Thread] DEBUG FXGLApplication      - Initializing FXGL
14:16:39.637 [JavaFX Application Thread] INFO  Engine               - FXGL-17.3 (30.03.2023 11.49) on WINDOWS (J:23 FX:17.0.6)
14:16:39.638 [JavaFX Application Thread] DEBUG Engine               - JRE Vendor Name: Oracle Corporation
14:16:39.638 [JavaFX Application Thread] DEBUG Engine               - Running on OS: Windows 10 version 10.0
14:16:39.639 [JavaFX Application Thread] DEBUG Engine               - Architecture: amd64
14:16:39.639 [JavaFX Application Thread] INFO  Engine               - Source code and latest versions at: https://github.com/AlmasB/FXGL
14:16:39.639 [JavaFX Application Thread] INFO  Engine               -       Ask questions and discuss at: https://github.com/AlmasB/FXGL/discussions
14:16:39.639 [JavaFX Application Thread] INFO  Engine               -              Join the FXGL chat at: https://gitter.im/AlmasB/FXGL
14:16:39.794 [JavaFX Application Thread] DEBUG PrimaryStageWindow   - Creating a JavaFX scene
14:16:39.867 [JavaFX Application Thread] DEBUG PrimaryStageWindow   - Target settings size: 512.0 x 712.0
14:16:39.868 [JavaFX Application Thread] DEBUG PrimaryStageWindow   - Scaled scene size:    512.0 x 712.0
14:16:39.869 [JavaFX Application Thread] DEBUG PrimaryStageWindow   - Scaled ratio: (1.0, 1.0)
14:16:39.871 [JavaFX Application Thread] DEBUG PrimaryStageWindow   - Set initial scene to FXGLStartupScene
14:16:39.885 [JavaFX Application Thread] DEBUG PrimaryStageWindow   - Opening main window
14:16:40.040 [JavaFX Application Thread] DEBUG PrimaryStageWindow   - Window border size: (14.4000244140625, 37.5999755859375)
14:16:40.042 [JavaFX Application Thread] DEBUG PrimaryStageWindow   - Scaled size: 512.0 x 712.0
14:16:40.043 [JavaFX Application Thread] DEBUG PrimaryStageWindow   - Scaled ratio: (1.0, 1.0)
14:16:40.043 [JavaFX Application Thread] DEBUG PrimaryStageWindow   - Scene size: 512.0 x 712.0
14:16:40.044 [JavaFX Application Thread] DEBUG PrimaryStageWindow   - Stage size: 526.4000244140625 x 749.5999755859375
14:16:40.063 [FXGL Background Thread 1 ] DEBUG Engine               - Initializing environment variables
14:16:40.252 [FXGL Background Thread 1 ] DEBUG FXGLAssetLoaderServi - User app class for loading assets: class fxgl.spaceinvader.SpaceInvaderApp
14:16:40.252 [FXGL Background Thread 1 ] DEBUG GameApplicationServi - Applying CSS: fxgl_dark.css
14:16:40.253 [FXGL Background Thread 1 ] DEBUG FXGLAssetLoaderServi - Loading from file system: jar:file:///C:/Users/HP/.m2/repository/com/github/almasb/fxgl/17.3/fxgl-17.3.jar!/fxglassets/ui/css/fxgl_dark.css
14:16:40.353 [FXGL Background Thread 1 ] DEBUG GameApplicationServi - Initializing application scenes
14:16:40.419 [FXGL Background Thread 1 ] DEBUG GameWorld            - Game world initialized
14:16:40.544 [FXGL Background Thread 1 ] DEBUG PhysicsWorld         - Physics world initialized: appHeight=712, physics.ppm=50.0
14:16:40.545 [FXGL Background Thread 1 ] DEBUG PhysicsWorld         - Using strategy: BRUTE_FORCE
14:16:40.553 [FXGL Background Thread 1 ] DEBUG GameScene            - Game scene initialized: 512x712
14:16:40.575 [FXGL Background Thread 1 ] WARN  FXGL.DefaultMenu     - FXGLDefaultMenu is not designed for resolutions < 800x600
14:16:40.576 [FXGL Background Thread 1 ] DEBUG FXGL.DefaultMenu     - createMenuBodyMainMenu()
14:16:40.605 [FXGL Background Thread 1 ] DEBUG FXGL.DefaultMenu     - createOptionsMenu()
14:16:40.625 [FXGL Background Thread 1 ] DEBUG FXGLAssetLoaderServi - Loading from file system: jar:file:///C:/Users/HP/.m2/repository/com/github/almasb/fxgl/17.3/fxgl-17.3.jar!/fxglassets/textures/particles/smoke.png
14:16:40.788 [FXGL Background Thread 1 ] DEBUG FXGLAssetLoaderServi - Loading from file system: jar:file:///C:/Users/HP/.m2/repository/com/github/almasb/fxgl/17.3/fxgl-17.3.jar!/fxglassets/textures/particles/trace_horizontal.png
14:16:40.837 [FXGL Background Thread 1 ] WARN  FXGL.DefaultMenu     - FXGLDefaultMenu is not designed for resolutions < 800x600
14:16:40.837 [FXGL Background Thread 1 ] DEBUG FXGL.DefaultMenu     - createMenuBodyGameMenu()
14:16:40.839 [FXGL Background Thread 1 ] DEBUG FXGL.DefaultMenu     - createOptionsMenu()
14:16:40.873 [FXGL Background Thread 1 ] DEBUG GameApplicationServi - Application scenes initialized
14:16:40.888 [FXGL Background Thread 1 ] DEBUG SystemBundleService  - Loading FXGL system data
14:16:40.894 [FXGL Background Thread 1 ] DEBUG FileSystemAccess     - Reading from: C:\Users\HP\IdeaProjects\SpaceInvader\system\fxgl.bundle
14:16:40.903 [FXGL Background Thread 1 ] DEBUG SystemBundleService  - Bundle FXGL: {}
14:16:40.906 [FXGL Background Thread 3 ] DEBUG FXGLApplication      - Loading fonts
14:16:40.907 [FXGL Background Thread 3 ] DEBUG FXGLAssetLoaderServi - Loading from file system: jar:file:///C:/Users/HP/.m2/repository/com/github/almasb/fxgl/17.3/fxgl-17.3.jar!/fxglassets/ui/fonts/VarelaRound-Regular.ttf
14:16:40.907 [FXGL Background Thread 1 ] DEBUG FXGLApplication      - Loading default localization
14:16:40.908 [FXGL Background Thread 1 ] DEBUG FXGLAssetLoaderServi - Loading from file system: jar:file:///C:/Users/HP/.m2/repository/com/github/almasb/fxgl/17.3/fxgl-17.3.jar!/fxglassets/languages/english.lang
14:16:40.932 [FXGL Background Thread 1 ] INFO  FXGLApplication      - FXGL initialization took: 0.868 sec
14:16:40.933 [JavaFX Application Thread] DEBUG FXGLAssetLoaderServi - Loading from file system: jar:file:///C:/Users/HP/.m2/repository/com/github/almasb/fxgl/17.3/fxgl-17.3.jar!/fxglassets/textures/fxgl_icon.png
14:16:40.953 [FXGL Background Thread 3 ] DEBUG FXGLAssetLoaderServi - Loading from file system: jar:file:///C:/Users/HP/.m2/repository/com/github/almasb/fxgl/17.3/fxgl-17.3.jar!/fxglassets/ui/fonts/Abel-Regular.ttf
14:16:40.960 [FXGL Background Thread 3 ] DEBUG FXGLAssetLoaderServi - Loading from file system: jar:file:///C:/Users/HP/.m2/repository/com/github/almasb/fxgl/17.3/fxgl-17.3.jar!/fxglassets/ui/fonts/TerminalLandMono-Regular.otf
14:16:40.966 [FXGL Background Thread 3 ] DEBUG FXGLAssetLoaderServi - Loading from file system: jar:file:///C:/Users/HP/.m2/repository/com/github/almasb/fxgl/17.3/fxgl-17.3.jar!/fxglassets/ui/fonts/Courier-Prime.ttf
14:16:40.980 [JavaFX Application Thread] DEBUG FXGLAssetLoaderServi - Loading from file system: jar:file:///C:/Users/HP/.m2/repository/com/github/almasb/fxgl/17.3/fxgl-17.3.jar!/fxglassets/textures/fxgl_default_cursor.png
14:16:40.999 [JavaFX Application Thread] DEBUG Input                - Registered new binding: Screenshot - CTRL+8
14:16:41.002 [JavaFX Application Thread] DEBUG LoopRunner           - Starting loop
14:16:41.002 [JavaFX Application Thread] DEBUG LoopRunner           - Initializing JavaFX AnimationTimerLoop
14:16:41.005 [JavaFX Application Thread] DEBUG Input                - Clearing active input actions
14:16:41.016 [JavaFX Application Thread] DEBUG GameApplicationServi - Removing overlay from FXGLStartupScene and adding to FXGLMainMenuDummyScene
14:16:41.017 [JavaFX Application Thread] DEBUG PrimaryStageWindow   - FXGLStartupScene -> FXGLMainMenuDummyScene
14:16:41.017 [JavaFX Application Thread] DEBUG PrimaryStageWindow   - Push state: FXGLDefaultMenu
14:16:41.024 [JavaFX Application Thread] DEBUG Input                - Clearing active input actions
14:16:41.032 [JavaFX Application Thread] DEBUG GameApplicationServi - Removing overlay from FXGLMainMenuDummyScene and adding to FXGLDefaultMenu
14:16:41.033 [JavaFX Application Thread] DEBUG PrimaryStageWindow   - FXGLMainMenuDummyScene -> FXGLDefaultMenu
14:16:41.034 [JavaFX Application Thread] DEBUG FXGLApplication      - Registering font factories with UI factory
14:16:42.792 [JavaFX Application Thread] DEBUG Menu                 - fireNewGame()
14:16:42.792 [JavaFX Application Thread] DEBUG GameApplicationServi - Starting new game
14:16:42.794 [JavaFX Application Thread] DEBUG PrimaryStageWindow   - Pop state: FXGLDefaultMenu
14:16:42.795 [JavaFX Application Thread] DEBUG Input                - Clearing active input actions
14:16:42.796 [JavaFX Application Thread] DEBUG GameApplicationServi - Removing overlay from FXGLDefaultMenu and adding to FXGLMainMenuDummyScene
14:16:42.797 [JavaFX Application Thread] DEBUG PrimaryStageWindow   - FXGLMainMenuDummyScene <- FXGLDefaultMenu
14:16:42.797 [JavaFX Application Thread] DEBUG Input                - Clearing active input actions
14:16:42.810 [JavaFX Application Thread] DEBUG GameApplicationServi - Removing overlay from FXGLMainMenuDummyScene and adding to FXGLLoadingScene
14:16:42.811 [JavaFX Application Thread] DEBUG PrimaryStageWindow   - FXGLMainMenuDummyScene -> FXGLLoadingScene
14:16:42.811 [JavaFX Application Thread] DEBUG GameApplicationServi - Clearing previous game
14:16:42.811 [JavaFX Application Thread] DEBUG GameScene            - Clearing game scene
14:16:42.811 [JavaFX Application Thread] DEBUG GameWorld            - Clearing game world
14:16:42.812 [JavaFX Application Thread] DEBUG PhysicsWorld         - Clearing physics world
14:16:42.814 [FXGL Background Thread 3 ] DEBUG FXGLApplication      - Initializing game
14:16:42.863 [JavaFX Application Thread] DEBUG LoopRunner           - Stopping loop
14:16:42.866 [JavaFX Application Thread] FATAL FXGLApplication      - Uncaught Exception:
java.lang.RuntimeException: Initialization failed
	at com.almasb.fxgl.all@17.3/com.almasb.fxgl.app.FXGLApplication$InitAppTask.failed(FXGLApplication.kt:343)
	at javafx.graphics/javafx.concurrent.Task.setState(Task.java:710)
	at javafx.graphics/javafx.concurrent.Task$TaskCallable.lambda$call$2(Task.java:1456)
	at javafx.graphics/com.sun.javafx.application.PlatformImpl.lambda$runLater$10(PlatformImpl.java:457)
	at java.base/java.security.AccessController.doPrivileged(AccessController.java:400)
	at javafx.graphics/com.sun.javafx.application.PlatformImpl.lambda$runLater$11(PlatformImpl.java:456)
	at javafx.graphics/com.sun.glass.ui.InvokeLaterDispatcher$Future.run(InvokeLaterDispatcher.java:96)
	at javafx.graphics/com.sun.glass.ui.win.WinApplication._runLoop(Native Method)
	at javafx.graphics/com.sun.glass.ui.win.WinApplication.lambda$runLoop$3(WinApplication.java:184)
	at java.base/java.lang.Thread.run(Thread.java:1575)
Caused by: java.lang.IllegalStateException: Required component: [InvincibleComponent] for: PlayerComponent is missing
	at com.almasb.fxgl.entity@17.3/com.almasb.fxgl.entity.Entity.checkRequirementsMet(Entity.java:543)
	at com.almasb.fxgl.entity@17.3/com.almasb.fxgl.entity.Entity.addComponent(Entity.java:392)
	at com.almasb.fxgl.all@17.3/com.almasb.fxgl.dsl.EntityBuilder.with(EntityBuilder.kt:202)
	at fxgl.spaceinvader/fxgl.spaceinvader.SpaceInvaderFactory.newBackground(SpaceInvaderFactory.java:27)
	at java.base/jdk.internal.reflect.DirectMethodHandleAccessor.invoke(DirectMethodHandleAccessor.java:103)
	at java.base/java.lang.reflect.Method.invoke(Method.java:580)
	at com.almasb.fxgl.core@17.3/com.almasb.fxgl.core.reflect.ReflectionUtils.call(ReflectionUtils.java:104)
	at com.almasb.fxgl.core@17.3/com.almasb.fxgl.core.reflect.ReflectionUtils.lambda$mapToFunction$3(ReflectionUtils.java:111)
	at com.almasb.fxgl.entity@17.3/com.almasb.fxgl.entity.GameWorld$create$2.invoke(GameWorld.kt:430)
	at com.almasb.fxgl.entity@17.3/com.almasb.fxgl.entity.GameWorld$create$2.invoke(GameWorld.kt:430)
	at com.almasb.fxgl.core@17.3/com.almasb.fxgl.core.util.DSLKt.tryCatchRoot(DSL.kt:34)
	at com.almasb.fxgl.entity@17.3/com.almasb.fxgl.entity.GameWorld.create(GameWorld.kt:430)
	at com.almasb.fxgl.entity@17.3/com.almasb.fxgl.entity.GameWorld.spawn(GameWorld.kt:396)
	at com.almasb.fxgl.all@17.3/com.almasb.fxgl.dsl.FXGL$Companion.spawn(FXGL.kt:565)
	at com.almasb.fxgl.all@17.3/com.almasb.fxgl.dsl.FXGL.spawn(FXGL.kt)
	at fxgl.spaceinvader/fxgl.spaceinvader.SpaceInvaderApp.initGame(SpaceInvaderApp.java:36)
	at com.almasb.fxgl.all@17.3/com.almasb.fxgl.app.FXGLApplication$InitAppTask.initGame(FXGLApplication.kt:339)
	at com.almasb.fxgl.all@17.3/com.almasb.fxgl.app.FXGLApplication$InitAppTask.call(FXGLApplication.kt:319)
	at com.almasb.fxgl.all@17.3/com.almasb.fxgl.app.FXGLApplication$InitAppTask.call(FXGLApplication.kt:311)
	at javafx.graphics/javafx.concurrent.Task$TaskCallable.call(Task.java:1426)
	at java.base/java.util.concurrent.FutureTask.run(FutureTask.java:317)
	at java.base/java.util.concurrent.Executors$RunnableAdapter.call(Executors.java:572)
	at java.base/java.util.concurrent.FutureTask.run(FutureTask.java:317)
	at java.base/java.util.concurrent.ThreadPoolExecutor.runWorker(ThreadPoolExecutor.java:1144)
	at java.base/java.util.concurrent.ThreadPoolExecutor$Worker.run(ThreadPoolExecutor.java:642)
	... 1 more

14:16:42.866 [JavaFX Application Thread] FATAL FXGLApplication      - Application will now exit
14:16:42.887 [JavaFX Application Thread] DEBUG PrimaryStageWindow   - Push state: ErrorSubScene
14:16:42.887 [JavaFX Application Thread] DEBUG Input                - Clearing active input actions
14:16:42.891 [JavaFX Application Thread] DEBUG GameApplicationServi - Removing overlay from FXGLLoadingScene and adding to ErrorSubScene
14:16:42.891 [JavaFX Application Thread] DEBUG PrimaryStageWindow   - FXGLLoadingScene -> ErrorSubScene
14:16:43.907 [FXGL Background Thread 2 ] DEBUG Engine               - Logging environment variables
14:16:43.908 [FXGL Background Thread 2 ] DEBUG Engine               - achievements: []
14:16:43.908 [FXGL Background Thread 2 ] DEBUG Engine               - actualHeight: 712.0
14:16:43.908 [FXGL Background Thread 2 ] DEBUG Engine               - actualHeightProperty: ReadOnlyDoubleProperty [value: 712.0]
14:16:43.908 [FXGL Background Thread 2 ] DEBUG Engine               - actualWidth: 512.0
14:16:43.908 [FXGL Background Thread 2 ] DEBUG Engine               - actualWidthProperty: ReadOnlyDoubleProperty [value: 512.0]
14:16:43.908 [FXGL Background Thread 2 ] DEBUG Engine               - appIcon: fxgl_icon.png
14:16:43.908 [FXGL Background Thread 2 ] DEBUG Engine               - applicationMode: RELEASE
14:16:43.908 [FXGL Background Thread 2 ] DEBUG Engine               - cSSList: [fxgl_dark.css]
14:16:43.908 [FXGL Background Thread 2 ] DEBUG Engine               - collisionDetectionStrategy: BRUTE_FORCE
14:16:43.909 [FXGL Background Thread 2 ] DEBUG Engine               - configClass: Optional.empty
14:16:43.909 [FXGL Background Thread 2 ] DEBUG Engine               - credits: []
14:16:43.909 [FXGL Background Thread 2 ] DEBUG Engine               - defaultCursor: CursorInfo(imageName=fxgl_default_cursor.png, hotspotX=7.0, hotspotY=6.0)
14:16:43.909 [FXGL Background Thread 2 ] DEBUG Engine               - devBBoxColorProperty: ObjectProperty [value: 0xff0000ff]
14:16:43.909 [FXGL Background Thread 2 ] DEBUG Engine               - devEnableDebugCameraProperty: BooleanProperty [value: false]
14:16:43.909 [FXGL Background Thread 2 ] DEBUG Engine               - devSensorColorProperty: ObjectProperty [value: 0xffff00ff]
14:16:43.910 [FXGL Background Thread 2 ] DEBUG Engine               - devShowBBoxProperty: BooleanProperty [value: false]
14:16:43.910 [FXGL Background Thread 2 ] DEBUG Engine               - devShowPositionProperty: BooleanProperty [value: false]
14:16:43.910 [FXGL Background Thread 2 ] DEBUG Engine               - enabledMenuItems: []
14:16:43.910 [FXGL Background Thread 2 ] DEBUG Engine               - engineServices: [class com.almasb.fxgl.app.services.FXGLAssetLoaderService, class com.almasb.fxgl.app.FXGLApplication$GameApplicationService, class com.almasb.fxgl.app.services.FXGLDialogService, class com.almasb.fxgl.app.services.IOTaskExecutorService, class com.almasb.fxgl.io.FileSystemService, class com.almasb.fxgl.localization.LocalizationService, class com.almasb.fxgl.app.services.SystemBundleService, class com.almasb.fxgl.profile.SaveLoadService, class com.almasb.fxgl.ui.FXGLUIFactoryServiceProvider, class com.almasb.fxgl.ui.FXGLDialogFactoryServiceProvider, class com.almasb.fxgl.audio.AudioPlayer, class com.almasb.fxgl.notification.impl.NotificationServiceProvider, class com.almasb.fxgl.achievement.AchievementService, class com.almasb.fxgl.cutscene.CutsceneService, class com.almasb.fxgl.minigames.MiniGameService, class com.almasb.fxgl.net.NetService, class com.almasb.fxgl.app.services.UpdaterService, class com.almasb.fxgl.dev.DevService]
14:16:43.910 [FXGL Background Thread 2 ] DEBUG Engine               - fontGame: Abel-Regular.ttf
14:16:43.910 [FXGL Background Thread 2 ] DEBUG Engine               - fontMono: TerminalLandMono-Regular.otf
14:16:43.910 [FXGL Background Thread 2 ] DEBUG Engine               - fontSizeScaleUI: 1.0
14:16:43.910 [FXGL Background Thread 2 ] DEBUG Engine               - fontText: Courier-Prime.ttf
14:16:43.910 [FXGL Background Thread 2 ] DEBUG Engine               - fontUI: VarelaRound-Regular.ttf
14:16:43.911 [FXGL Background Thread 2 ] DEBUG Engine               - fullScreen: BooleanProperty [value: false]
14:16:43.911 [FXGL Background Thread 2 ] DEBUG Engine               - gameDifficulty: MEDIUM
14:16:43.911 [FXGL Background Thread 2 ] DEBUG Engine               - gameDifficultyProperty: ObjectProperty [value: MEDIUM]
14:16:43.911 [FXGL Background Thread 2 ] DEBUG Engine               - globalMusicVolume: 0.5
14:16:43.911 [FXGL Background Thread 2 ] DEBUG Engine               - globalMusicVolumeProperty: DoubleProperty [value: 0.5]
14:16:43.911 [FXGL Background Thread 2 ] DEBUG Engine               - globalSoundVolume: 0.5
14:16:43.911 [FXGL Background Thread 2 ] DEBUG Engine               - globalSoundVolumeProperty: DoubleProperty [value: 0.5]
14:16:43.911 [FXGL Background Thread 2 ] DEBUG Engine               - height: 712
14:16:43.911 [FXGL Background Thread 2 ] DEBUG Engine               - is3D: false
14:16:43.911 [FXGL Background Thread 2 ] DEBUG Engine               - isAndroid: false
14:16:43.911 [FXGL Background Thread 2 ] DEBUG Engine               - isBrowser: false
14:16:43.911 [FXGL Background Thread 2 ] DEBUG Engine               - isClickFeedbackEnabled: false
14:16:43.911 [FXGL Background Thread 2 ] DEBUG Engine               - isCloseConfirmation: false
14:16:43.911 [FXGL Background Thread 2 ] DEBUG Engine               - isDesktop: true
14:16:43.911 [FXGL Background Thread 2 ] DEBUG Engine               - isDeveloperMenuEnabled: false
14:16:43.912 [FXGL Background Thread 2 ] DEBUG Engine               - isEmbedded: false
14:16:43.912 [FXGL Background Thread 2 ] DEBUG Engine               - isEntityPreloadEnabled: true
14:16:43.912 [FXGL Background Thread 2 ] DEBUG Engine               - isExperimentalTiledLargeMap: false
14:16:43.912 [FXGL Background Thread 2 ] DEBUG Engine               - isFileSystemWriteAllowed: true
14:16:43.912 [FXGL Background Thread 2 ] DEBUG Engine               - isFullScreenAllowed: false
14:16:43.912 [FXGL Background Thread 2 ] DEBUG Engine               - isFullScreenFromStart: false
14:16:43.912 [FXGL Background Thread 2 ] DEBUG Engine               - isGameMenuEnabled: true
14:16:43.912 [FXGL Background Thread 2 ] DEBUG Engine               - isIOS: false
14:16:43.912 [FXGL Background Thread 2 ] DEBUG Engine               - isIntroEnabled: false
14:16:43.912 [FXGL Background Thread 2 ] DEBUG Engine               - isLinux: false
14:16:43.912 [FXGL Background Thread 2 ] DEBUG Engine               - isMac: false
14:16:43.912 [FXGL Background Thread 2 ] DEBUG Engine               - isMainMenuEnabled: true
14:16:43.912 [FXGL Background Thread 2 ] DEBUG Engine               - isManualResizeEnabled: true
14:16:43.912 [FXGL Background Thread 2 ] DEBUG Engine               - isMobile: false
14:16:43.912 [FXGL Background Thread 2 ] DEBUG Engine               - isNative: false
14:16:43.912 [FXGL Background Thread 2 ] DEBUG Engine               - isPauseMusicWhenMinimized: true
14:16:43.912 [FXGL Background Thread 2 ] DEBUG Engine               - isPreserveResizeRatio: true
14:16:43.913 [FXGL Background Thread 2 ] DEBUG Engine               - isProfilingEnabled: false
14:16:43.913 [FXGL Background Thread 2 ] DEBUG Engine               - isScaleAffectedOnResize: true
14:16:43.913 [FXGL Background Thread 2 ] DEBUG Engine               - isSingleStep: false
14:16:43.913 [FXGL Background Thread 2 ] DEBUG Engine               - isUserProfileEnabled: false
14:16:43.913 [FXGL Background Thread 2 ] DEBUG Engine               - isWindows: true
14:16:43.913 [FXGL Background Thread 2 ] DEBUG Engine               - language: ObjectProperty [value: ENGLISH]
14:16:43.913 [FXGL Background Thread 2 ] DEBUG Engine               - menuKey: ESCAPE
14:16:43.913 [FXGL Background Thread 2 ] DEBUG Engine               - mouseSensitivity: 0.2
14:16:43.913 [FXGL Background Thread 2 ] DEBUG Engine               - notificationViewClass: class com.almasb.fxgl.notification.view.XboxNotificationView
14:16:43.913 [FXGL Background Thread 2 ] DEBUG Engine               - pixelsPerMeter: 50.0
14:16:43.913 [FXGL Background Thread 2 ] DEBUG Engine               - platform: WINDOWS
14:16:43.913 [FXGL Background Thread 2 ] DEBUG Engine               - prefHeightProperty: ReadOnlyDoubleProperty [value: 712.0]
14:16:43.913 [FXGL Background Thread 2 ] DEBUG Engine               - prefWidthProperty: ReadOnlyDoubleProperty [value: 512.0]
14:16:43.913 [FXGL Background Thread 2 ] DEBUG Engine               - profileDir: profiles/
14:16:43.913 [FXGL Background Thread 2 ] DEBUG Engine               - profileName: StringProperty [value: DEFAULT]
14:16:43.913 [FXGL Background Thread 2 ] DEBUG Engine               - randomSeed: -1
14:16:43.914 [FXGL Background Thread 2 ] DEBUG Engine               - runtimeInfo: RuntimeInfo(platform=WINDOWS, version=17.3, build=30.03.2023 11.49)
14:16:43.914 [FXGL Background Thread 2 ] DEBUG Engine               - saveFileExt: sav
14:16:43.914 [FXGL Background Thread 2 ] DEBUG Engine               - scaledHeightProp$fxgl: DoubleProperty [bound, value: 712.0]
14:16:43.914 [FXGL Background Thread 2 ] DEBUG Engine               - scaledWidthProp$fxgl: DoubleProperty [bound, value: 512.0]
14:16:43.914 [FXGL Background Thread 2 ] DEBUG Engine               - sceneFactory: com.almasb.fxgl.app.scene.SceneFactory@5de5595c
14:16:43.914 [FXGL Background Thread 2 ] DEBUG Engine               - secondsIn24h: 60
14:16:43.914 [FXGL Background Thread 2 ] DEBUG Engine               - soundMenuBack: menu/back.wav
14:16:43.914 [FXGL Background Thread 2 ] DEBUG Engine               - soundMenuPress: menu/press.wav
14:16:43.914 [FXGL Background Thread 2 ] DEBUG Engine               - soundMenuSelect: menu/select.wav
14:16:43.914 [FXGL Background Thread 2 ] DEBUG Engine               - soundNotification: core/notification.wav
14:16:43.914 [FXGL Background Thread 2 ] DEBUG Engine               - stageStyle: DECORATED
14:16:43.914 [FXGL Background Thread 2 ] DEBUG Engine               - supportedLanguages: [ENGLISH, FRENCH, GERMAN, HUNGARIAN, RUSSIAN]
14:16:43.914 [FXGL Background Thread 2 ] DEBUG Engine               - ticksPerSecond: -1
14:16:43.914 [FXGL Background Thread 2 ] DEBUG Engine               - title: Space Invaders
14:16:43.915 [FXGL Background Thread 2 ] DEBUG Engine               - urlGithub: https://github.com/AlmasB/FXGL
14:16:43.915 [FXGL Background Thread 2 ] DEBUG Engine               - urlLeaderboard: http://fxgl-top.herokuapp.com/
14:16:43.915 [FXGL Background Thread 2 ] DEBUG Engine               - urlPOM: https://raw.githubusercontent.com/AlmasB/FXGL/release/README.md
14:16:43.915 [FXGL Background Thread 2 ] DEBUG Engine               - userAppClass: class fxgl.spaceinvader.SpaceInvaderApp
14:16:43.915 [FXGL Background Thread 2 ] DEBUG Engine               - version: 1.0.1
14:16:43.915 [FXGL Background Thread 2 ] DEBUG Engine               - versionCheckDays: 7
14:16:43.915 [FXGL Background Thread 2 ] DEBUG Engine               - width: 512
14:16:43.915 [FXGL Background Thread 2 ] DEBUG Engine               - Logging services
14:16:43.915 [FXGL Background Thread 2 ] DEBUG Engine               - class com.almasb.fxgl.app.services.FXGLAssetLoaderService
14:16:43.915 [FXGL Background Thread 2 ] DEBUG Engine               - class com.almasb.fxgl.app.FXGLApplication$GameApplicationService
14:16:43.915 [FXGL Background Thread 2 ] DEBUG Engine               - class com.almasb.fxgl.app.services.FXGLDialogService
14:16:43.915 [FXGL Background Thread 2 ] DEBUG Engine               - class com.almasb.fxgl.app.services.IOTaskExecutorService
14:16:43.915 [FXGL Background Thread 2 ] DEBUG Engine               - class com.almasb.fxgl.io.FileSystemService
14:16:43.915 [FXGL Background Thread 2 ] DEBUG Engine               - class com.almasb.fxgl.localization.LocalizationService
14:16:43.915 [FXGL Background Thread 2 ] DEBUG Engine               - class com.almasb.fxgl.app.services.SystemBundleService
14:16:43.915 [FXGL Background Thread 2 ] DEBUG Engine               - class com.almasb.fxgl.profile.SaveLoadService
14:16:43.915 [FXGL Background Thread 2 ] DEBUG Engine               - class com.almasb.fxgl.ui.FXGLUIFactoryServiceProvider
14:16:43.915 [FXGL Background Thread 2 ] DEBUG Engine               - class com.almasb.fxgl.ui.FXGLDialogFactoryServiceProvider
14:16:43.915 [FXGL Background Thread 2 ] DEBUG Engine               - class com.almasb.fxgl.audio.AudioPlayer
14:16:43.915 [FXGL Background Thread 2 ] DEBUG Engine               - class com.almasb.fxgl.notification.impl.NotificationServiceProvider
14:16:43.915 [FXGL Background Thread 2 ] DEBUG Engine               - class com.almasb.fxgl.achievement.AchievementService
14:16:43.915 [FXGL Background Thread 2 ] DEBUG Engine               - class com.almasb.fxgl.cutscene.CutsceneService
14:16:43.915 [FXGL Background Thread 2 ] DEBUG Engine               - class com.almasb.fxgl.minigames.MiniGameService
14:16:43.916 [FXGL Background Thread 2 ] DEBUG Engine               - class com.almasb.fxgl.net.NetService
14:16:43.916 [FXGL Background Thread 2 ] DEBUG Engine               - class com.almasb.fxgl.app.services.UpdaterService
14:16:43.916 [FXGL Background Thread 2 ] DEBUG Engine               - class com.almasb.fxgl.dev.DevService
14:16:48.148 [JavaFX Application Thread] DEBUG FXGLApplication      - Exiting FXGL
14:16:48.149 [JavaFX Application Thread] DEBUG Async                - Shutting down background threads
14:16:48.149 [JavaFX Application Thread] DEBUG PrimaryStageWindow   - Closing main window
14:16:48.164 [JavaFX Application Thread] DEBUG Logger               - Closing Logger
