18:14:22.286 [main                     ] DEBUG Logger               - Configured Logger
18:14:22.312 [main                     ] DEBUG GameApplication      - Logging settings
Title: Space Invaders
Version: 1.0.1
Width: 800
Height: 600
Fullscreen: false
Intro: false
Profiling: false
Single step:false
App Mode: RELEASE
Menu Key: ESCAPE
Stage Style: DECORATED
Scene Factory: class fxgl.spaceinvader.ui.MySceneFactory

18:14:22.648 [JavaFX Application Thread] DEBUG FXGLApplication      - Initializing FXGL
18:14:22.655 [JavaFX Application Thread] INFO  Engine               - FXGL-17.3 (30.03.2023 11.49) on WINDOWS (J:23 FX:17.0.6)
18:14:22.655 [JavaFX Application Thread] DEBUG Engine               - JRE Vendor Name: Oracle Corporation
18:14:22.655 [JavaFX Application Thread] DEBUG Engine               - Running on OS: Windows 10 version 10.0
18:14:22.655 [JavaFX Application Thread] DEBUG Engine               - Architecture: amd64
18:14:22.655 [JavaFX Application Thread] INFO  Engine               - Source code and latest versions at: https://github.com/AlmasB/FXGL
18:14:22.655 [JavaFX Application Thread] INFO  Engine               -       Ask questions and discuss at: https://github.com/AlmasB/FXGL/discussions
18:14:22.656 [JavaFX Application Thread] INFO  Engine               -              Join the FXGL chat at: https://gitter.im/AlmasB/FXGL
18:14:22.755 [JavaFX Application Thread] DEBUG PrimaryStageWindow   - Creating a JavaFX scene
18:14:22.804 [JavaFX Application Thread] DEBUG PrimaryStageWindow   - Target settings size: 800.0 x 600.0
18:14:22.804 [JavaFX Application Thread] DEBUG PrimaryStageWindow   - Scaled scene size:    800.0 x 600.0
18:14:22.804 [JavaFX Application Thread] DEBUG PrimaryStageWindow   - Scaled ratio: (1.0, 1.0)
18:14:22.806 [JavaFX Application Thread] DEBUG PrimaryStageWindow   - Set initial scene to FXGLStartupScene
18:14:22.813 [JavaFX Application Thread] DEBUG PrimaryStageWindow   - Opening main window
18:14:22.900 [JavaFX Application Thread] DEBUG PrimaryStageWindow   - Window border size: (14.4000244140625, 37.5999755859375)
18:14:22.900 [JavaFX Application Thread] DEBUG PrimaryStageWindow   - Scaled size: 800.0 x 600.0
18:14:22.901 [JavaFX Application Thread] DEBUG PrimaryStageWindow   - Scaled ratio: (1.0, 1.0)
18:14:22.902 [JavaFX Application Thread] DEBUG PrimaryStageWindow   - Scene size: 800.0 x 600.0
18:14:22.903 [JavaFX Application Thread] DEBUG PrimaryStageWindow   - Stage size: 814.4000244140625 x 637.5999755859375
18:14:22.915 [FXGL Background Thread 1 ] DEBUG Engine               - Initializing environment variables
18:14:23.042 [FXGL Background Thread 1 ] DEBUG FXGLAssetLoaderServi - User app class for loading assets: class fxgl.spaceinvader.SpaceInvaderApp
18:14:23.043 [FXGL Background Thread 1 ] DEBUG GameApplicationServi - Applying CSS: fxgl_dark.css
18:14:23.044 [FXGL Background Thread 1 ] DEBUG FXGLAssetLoaderServi - Loading from file system: jar:file:///C:/Users/HP/.m2/repository/com/github/almasb/fxgl/17.3/fxgl-17.3.jar!/fxglassets/ui/css/fxgl_dark.css
18:14:23.106 [FXGL Background Thread 1 ] DEBUG GameApplicationServi - Applying CSS: ui.css
18:14:23.107 [FXGL Background Thread 1 ] DEBUG FXGLAssetLoaderServi - Loading from file system: file:/C:/Users/HP/IdeaProjects/SpaceInvader/target/classes/assets/ui/css/ui.css
18:14:23.109 [FXGL Background Thread 1 ] DEBUG GameApplicationServi - Initializing application scenes
18:14:23.157 [FXGL Background Thread 1 ] DEBUG GameWorld            - Game world initialized
18:14:23.230 [FXGL Background Thread 1 ] DEBUG PhysicsWorld         - Physics world initialized: appHeight=600, physics.ppm=50.0
18:14:23.230 [FXGL Background Thread 1 ] DEBUG PhysicsWorld         - Using strategy: BRUTE_FORCE
18:14:23.235 [FXGL Background Thread 1 ] DEBUG GameScene            - Game scene initialized: 800x600
18:14:23.242 [FXGL Background Thread 1 ] DEBUG FXGLAssetLoaderServi - Loading from file system: file:/C:/Users/HP/IdeaProjects/SpaceInvader/target/classes/assets/textures/background/main_menu.png
18:14:23.291 [FXGL Background Thread 1 ] DEBUG FXGLAssetLoaderServi - Loading from file system: file:/C:/Users/HP/IdeaProjects/SpaceInvader/target/classes/assets/textures/background/Start.png
18:14:23.296 [FXGL Background Thread 1 ] DEBUG FXGLAssetLoaderServi - Loading from file system: file:/C:/Users/HP/IdeaProjects/SpaceInvader/target/classes/assets/textures/background/HighScores.png
18:14:23.298 [FXGL Background Thread 1 ] DEBUG FXGLAssetLoaderServi - Loading from file system: file:/C:/Users/HP/IdeaProjects/SpaceInvader/target/classes/assets/textures/background/Exit.png
18:14:23.306 [FXGL Background Thread 1 ] DEBUG FXGL.DefaultMenu     - createMenuBodyGameMenu()
18:14:23.314 [FXGL Background Thread 1 ] DEBUG FXGL.DefaultMenu     - createOptionsMenu()
18:14:23.321 [FXGL Background Thread 1 ] DEBUG FXGLAssetLoaderServi - Loading from file system: jar:file:///C:/Users/HP/.m2/repository/com/github/almasb/fxgl/17.3/fxgl-17.3.jar!/fxglassets/textures/particles/smoke.png
18:14:23.390 [FXGL Background Thread 1 ] DEBUG FXGLAssetLoaderServi - Loading from file system: jar:file:///C:/Users/HP/.m2/repository/com/github/almasb/fxgl/17.3/fxgl-17.3.jar!/fxglassets/textures/particles/trace_horizontal.png
18:14:23.409 [FXGL Background Thread 1 ] DEBUG GameApplicationServi - Application scenes initialized
18:14:23.421 [FXGL Background Thread 1 ] DEBUG SystemBundleService  - Loading FXGL system data
18:14:23.427 [FXGL Background Thread 1 ] DEBUG FileSystemAccess     - Reading from: C:\Users\HP\IdeaProjects\SpaceInvader\system\fxgl.bundle
18:14:23.435 [FXGL Background Thread 1 ] DEBUG SystemBundleService  - Bundle FXGL: {}
18:14:23.437 [FXGL Background Thread 3 ] DEBUG FXGLApplication      - Loading fonts
18:14:23.437 [FXGL Background Thread 1 ] DEBUG FXGLApplication      - Loading default localization
18:14:23.437 [FXGL Background Thread 3 ] DEBUG FXGLAssetLoaderServi - Loading from file system: file:/C:/Users/HP/IdeaProjects/SpaceInvader/target/classes/assets/ui/fonts/ARCADECLASSIC.TTF
18:14:23.439 [FXGL Background Thread 1 ] DEBUG FXGLAssetLoaderServi - Loading from file system: jar:file:///C:/Users/HP/.m2/repository/com/github/almasb/fxgl/17.3/fxgl-17.3.jar!/fxglassets/languages/english.lang
18:14:23.456 [FXGL Background Thread 1 ] INFO  FXGLApplication      - FXGL initialization took: 0.541 sec
18:14:23.466 [JavaFX Application Thread] DEBUG Input                - Registered new binding: Move Left - Left
18:14:23.467 [JavaFX Application Thread] DEBUG Input                - Registered new binding: Move Right - Right
18:14:23.467 [JavaFX Application Thread] DEBUG Input                - Registered new binding: Shoot - Up
18:14:23.467 [JavaFX Application Thread] DEBUG Input                - Registered new binding: Shield Up - Space
18:14:23.468 [JavaFX Application Thread] DEBUG FXGLAssetLoaderServi - Loading from file system: file:/C:/Users/HP/IdeaProjects/SpaceInvader/target/classes/assets/music/bgm.mp3
18:14:23.576 [JavaFX Application Thread] DEBUG AudioPlayer          - Playing music com.almasb.fxgl.audio.Music@15feb457
18:14:23.578 [JavaFX Application Thread] DEBUG FXGLAssetLoaderServi - Loading from file system: jar:file:///C:/Users/HP/.m2/repository/com/github/almasb/fxgl/17.3/fxgl-17.3.jar!/fxglassets/textures/fxgl_icon.png
18:14:23.591 [JavaFX Application Thread] DEBUG FXGLAssetLoaderServi - Loading from file system: jar:file:///C:/Users/HP/.m2/repository/com/github/almasb/fxgl/17.3/fxgl-17.3.jar!/fxglassets/textures/fxgl_default_cursor.png
18:14:23.593 [JavaFX Application Thread] DEBUG Input                - Registered new binding: Screenshot - CTRL+8
18:14:23.596 [JavaFX Application Thread] DEBUG LoopRunner           - Starting loop
18:14:23.596 [JavaFX Application Thread] DEBUG LoopRunner           - Initializing JavaFX AnimationTimerLoop
18:14:23.599 [JavaFX Application Thread] DEBUG Input                - Clearing active input actions
18:14:23.610 [JavaFX Application Thread] DEBUG GameApplicationServi - Removing overlay from FXGLStartupScene and adding to FXGLMainMenuDummyScene
18:14:23.610 [JavaFX Application Thread] DEBUG PrimaryStageWindow   - FXGLStartupScene -> FXGLMainMenuDummyScene
18:14:23.611 [JavaFX Application Thread] DEBUG PrimaryStageWindow   - Push state: MenuTest
18:14:23.611 [JavaFX Application Thread] DEBUG Input                - Clearing active input actions
18:14:23.618 [JavaFX Application Thread] DEBUG GameApplicationServi - Removing overlay from FXGLMainMenuDummyScene and adding to MenuTest
18:14:23.619 [JavaFX Application Thread] DEBUG PrimaryStageWindow   - FXGLMainMenuDummyScene -> MenuTest
18:14:23.619 [JavaFX Application Thread] DEBUG FXGLApplication      - Registering font factories with UI factory
18:14:26.437 [FXGL Background Thread 2 ] DEBUG Engine               - Logging environment variables
18:14:26.438 [FXGL Background Thread 2 ] DEBUG Engine               - achievements: []
18:14:26.438 [FXGL Background Thread 2 ] DEBUG Engine               - actualHeight: 600.0
18:14:26.438 [FXGL Background Thread 2 ] DEBUG Engine               - actualHeightProperty: ReadOnlyDoubleProperty [value: 600.0]
18:14:26.438 [FXGL Background Thread 2 ] DEBUG Engine               - actualWidth: 800.0
18:14:26.438 [FXGL Background Thread 2 ] DEBUG Engine               - actualWidthProperty: ReadOnlyDoubleProperty [value: 800.0]
18:14:26.438 [FXGL Background Thread 2 ] DEBUG Engine               - appIcon: fxgl_icon.png
18:14:26.438 [FXGL Background Thread 2 ] DEBUG Engine               - applicationMode: RELEASE
18:14:26.438 [FXGL Background Thread 2 ] DEBUG Engine               - cSSList: [fxgl_dark.css, ui.css]
18:14:26.438 [FXGL Background Thread 2 ] DEBUG Engine               - collisionDetectionStrategy: BRUTE_FORCE
18:14:26.439 [FXGL Background Thread 2 ] DEBUG Engine               - configClass: Optional.empty
18:14:26.439 [FXGL Background Thread 2 ] DEBUG Engine               - credits: []
18:14:26.439 [FXGL Background Thread 2 ] DEBUG Engine               - defaultCursor: CursorInfo(imageName=fxgl_default_cursor.png, hotspotX=7.0, hotspotY=6.0)
18:14:26.439 [FXGL Background Thread 2 ] DEBUG Engine               - devBBoxColorProperty: ObjectProperty [value: 0xff0000ff]
18:14:26.439 [FXGL Background Thread 2 ] DEBUG Engine               - devEnableDebugCameraProperty: BooleanProperty [value: false]
18:14:26.439 [FXGL Background Thread 2 ] DEBUG Engine               - devSensorColorProperty: ObjectProperty [value: 0xffff00ff]
18:14:26.439 [FXGL Background Thread 2 ] DEBUG Engine               - devShowBBoxProperty: BooleanProperty [value: false]
18:14:26.439 [FXGL Background Thread 2 ] DEBUG Engine               - devShowPositionProperty: BooleanProperty [value: false]
18:14:26.440 [FXGL Background Thread 2 ] DEBUG Engine               - enabledMenuItems: []
18:14:26.440 [FXGL Background Thread 2 ] DEBUG Engine               - engineServices: [class com.almasb.fxgl.app.services.FXGLAssetLoaderService, class com.almasb.fxgl.app.FXGLApplication$GameApplicationService, class com.almasb.fxgl.app.services.FXGLDialogService, class com.almasb.fxgl.app.services.IOTaskExecutorService, class com.almasb.fxgl.io.FileSystemService, class com.almasb.fxgl.localization.LocalizationService, class com.almasb.fxgl.app.services.SystemBundleService, class com.almasb.fxgl.profile.SaveLoadService, class com.almasb.fxgl.ui.FXGLUIFactoryServiceProvider, class com.almasb.fxgl.ui.FXGLDialogFactoryServiceProvider, class com.almasb.fxgl.audio.AudioPlayer, class com.almasb.fxgl.notification.impl.NotificationServiceProvider, class com.almasb.fxgl.achievement.AchievementService, class com.almasb.fxgl.cutscene.CutsceneService, class com.almasb.fxgl.minigames.MiniGameService, class com.almasb.fxgl.net.NetService, class com.almasb.fxgl.app.services.UpdaterService, class com.almasb.fxgl.dev.DevService]
18:14:26.440 [FXGL Background Thread 2 ] DEBUG Engine               - fontGame: ARCADECLASSIC.TTF
18:14:26.440 [FXGL Background Thread 2 ] DEBUG Engine               - fontMono: ARCADECLASSIC.TTF
18:14:26.440 [FXGL Background Thread 2 ] DEBUG Engine               - fontSizeScaleUI: 1.0
18:14:26.440 [FXGL Background Thread 2 ] DEBUG Engine               - fontText: ARCADECLASSIC.TTF
18:14:26.440 [FXGL Background Thread 2 ] DEBUG Engine               - fontUI: ARCADECLASSIC.TTF
18:14:26.440 [FXGL Background Thread 2 ] DEBUG Engine               - fullScreen: BooleanProperty [value: false]
18:14:26.440 [FXGL Background Thread 2 ] DEBUG Engine               - gameDifficulty: MEDIUM
18:14:26.440 [FXGL Background Thread 2 ] DEBUG Engine               - gameDifficultyProperty: ObjectProperty [value: MEDIUM]
18:14:26.440 [FXGL Background Thread 2 ] DEBUG Engine               - globalMusicVolume: 0.5
18:14:26.440 [FXGL Background Thread 2 ] DEBUG Engine               - globalMusicVolumeProperty: DoubleProperty [value: 0.5]
18:14:26.440 [FXGL Background Thread 2 ] DEBUG Engine               - globalSoundVolume: 0.5
18:14:26.440 [FXGL Background Thread 2 ] DEBUG Engine               - globalSoundVolumeProperty: DoubleProperty [value: 0.1]
18:14:26.440 [FXGL Background Thread 2 ] DEBUG Engine               - height: 600
18:14:26.440 [FXGL Background Thread 2 ] DEBUG Engine               - is3D: false
18:14:26.440 [FXGL Background Thread 2 ] DEBUG Engine               - isAndroid: false
18:14:26.441 [FXGL Background Thread 2 ] DEBUG Engine               - isBrowser: false
18:14:26.441 [FXGL Background Thread 2 ] DEBUG Engine               - isClickFeedbackEnabled: false
18:14:26.441 [FXGL Background Thread 2 ] DEBUG Engine               - isCloseConfirmation: false
18:14:26.441 [FXGL Background Thread 2 ] DEBUG Engine               - isDesktop: true
18:14:26.441 [FXGL Background Thread 2 ] DEBUG Engine               - isDeveloperMenuEnabled: false
18:14:26.441 [FXGL Background Thread 2 ] DEBUG Engine               - isEmbedded: false
18:14:26.441 [FXGL Background Thread 2 ] DEBUG Engine               - isEntityPreloadEnabled: true
18:14:26.441 [FXGL Background Thread 2 ] DEBUG Engine               - isExperimentalTiledLargeMap: false
18:14:26.441 [FXGL Background Thread 2 ] DEBUG Engine               - isFileSystemWriteAllowed: true
18:14:26.441 [FXGL Background Thread 2 ] DEBUG Engine               - isFullScreenAllowed: false
18:14:26.441 [FXGL Background Thread 2 ] DEBUG Engine               - isFullScreenFromStart: false
18:14:26.441 [FXGL Background Thread 2 ] DEBUG Engine               - isGameMenuEnabled: true
18:14:26.441 [FXGL Background Thread 2 ] DEBUG Engine               - isIOS: false
18:14:26.441 [FXGL Background Thread 2 ] DEBUG Engine               - isIntroEnabled: false
18:14:26.441 [FXGL Background Thread 2 ] DEBUG Engine               - isLinux: false
18:14:26.441 [FXGL Background Thread 2 ] DEBUG Engine               - isMac: false
18:14:26.441 [FXGL Background Thread 2 ] DEBUG Engine               - isMainMenuEnabled: true
18:14:26.441 [FXGL Background Thread 2 ] DEBUG Engine               - isManualResizeEnabled: true
18:14:26.441 [FXGL Background Thread 2 ] DEBUG Engine               - isMobile: false
18:14:26.441 [FXGL Background Thread 2 ] DEBUG Engine               - isNative: false
18:14:26.441 [FXGL Background Thread 2 ] DEBUG Engine               - isPauseMusicWhenMinimized: true
18:14:26.442 [FXGL Background Thread 2 ] DEBUG Engine               - isPreserveResizeRatio: true
18:14:26.442 [FXGL Background Thread 2 ] DEBUG Engine               - isProfilingEnabled: false
18:14:26.442 [FXGL Background Thread 2 ] DEBUG Engine               - isScaleAffectedOnResize: true
18:14:26.442 [FXGL Background Thread 2 ] DEBUG Engine               - isSingleStep: false
18:14:26.442 [FXGL Background Thread 2 ] DEBUG Engine               - isUserProfileEnabled: false
18:14:26.442 [FXGL Background Thread 2 ] DEBUG Engine               - isWindows: true
18:14:26.442 [FXGL Background Thread 2 ] DEBUG Engine               - language: ObjectProperty [value: ENGLISH]
18:14:26.442 [FXGL Background Thread 2 ] DEBUG Engine               - menuKey: ESCAPE
18:14:26.442 [FXGL Background Thread 2 ] DEBUG Engine               - mouseSensitivity: 0.2
18:14:26.442 [FXGL Background Thread 2 ] DEBUG Engine               - notificationViewClass: class com.almasb.fxgl.notification.view.XboxNotificationView
18:14:26.442 [FXGL Background Thread 2 ] DEBUG Engine               - pixelsPerMeter: 50.0
18:14:26.442 [FXGL Background Thread 2 ] DEBUG Engine               - platform: WINDOWS
18:14:26.442 [FXGL Background Thread 2 ] DEBUG Engine               - prefHeightProperty: ReadOnlyDoubleProperty [value: 600.0]
18:14:26.442 [FXGL Background Thread 2 ] DEBUG Engine               - prefWidthProperty: ReadOnlyDoubleProperty [value: 800.0]
18:14:26.442 [FXGL Background Thread 2 ] DEBUG Engine               - profileDir: profiles/
18:14:26.442 [FXGL Background Thread 2 ] DEBUG Engine               - profileName: StringProperty [value: DEFAULT]
18:14:26.442 [FXGL Background Thread 2 ] DEBUG Engine               - randomSeed: -1
18:14:26.443 [FXGL Background Thread 2 ] DEBUG Engine               - runtimeInfo: RuntimeInfo(platform=WINDOWS, version=17.3, build=30.03.2023 11.49)
18:14:26.443 [FXGL Background Thread 2 ] DEBUG Engine               - saveFileExt: sav
18:14:26.443 [FXGL Background Thread 2 ] DEBUG Engine               - scaledHeightProp$fxgl: DoubleProperty [bound, value: 600.0]
18:14:26.443 [FXGL Background Thread 2 ] DEBUG Engine               - scaledWidthProp$fxgl: DoubleProperty [bound, value: 800.0]
18:14:26.443 [FXGL Background Thread 2 ] DEBUG Engine               - sceneFactory: fxgl.spaceinvader.ui.MySceneFactory@12adf6d9
18:14:26.443 [FXGL Background Thread 2 ] DEBUG Engine               - secondsIn24h: 60
18:14:26.443 [FXGL Background Thread 2 ] DEBUG Engine               - soundMenuBack: menu/back.wav
18:14:26.443 [FXGL Background Thread 2 ] DEBUG Engine               - soundMenuPress: menu/press.wav
18:14:26.443 [FXGL Background Thread 2 ] DEBUG Engine               - soundMenuSelect: menu/select.wav
18:14:26.443 [FXGL Background Thread 2 ] DEBUG Engine               - soundNotification: core/notification.wav
18:14:26.443 [FXGL Background Thread 2 ] DEBUG Engine               - stageStyle: DECORATED
18:14:26.443 [FXGL Background Thread 2 ] DEBUG Engine               - supportedLanguages: [ENGLISH, FRENCH, GERMAN, HUNGARIAN, RUSSIAN]
18:14:26.443 [FXGL Background Thread 2 ] DEBUG Engine               - ticksPerSecond: -1
18:14:26.443 [FXGL Background Thread 2 ] DEBUG Engine               - title: Space Invaders
18:14:26.443 [FXGL Background Thread 2 ] DEBUG Engine               - urlGithub: https://github.com/AlmasB/FXGL
18:14:26.443 [FXGL Background Thread 2 ] DEBUG Engine               - urlLeaderboard: http://fxgl-top.herokuapp.com/
18:14:26.443 [FXGL Background Thread 2 ] DEBUG Engine               - urlPOM: https://raw.githubusercontent.com/AlmasB/FXGL/release/README.md
18:14:26.443 [FXGL Background Thread 2 ] DEBUG Engine               - userAppClass: class fxgl.spaceinvader.SpaceInvaderApp
18:14:26.443 [FXGL Background Thread 2 ] DEBUG Engine               - version: 1.0.1
18:14:26.444 [FXGL Background Thread 2 ] DEBUG Engine               - versionCheckDays: 7
18:14:26.444 [FXGL Background Thread 2 ] DEBUG Engine               - width: 800
18:14:26.444 [FXGL Background Thread 2 ] DEBUG Engine               - Logging services
18:14:26.444 [FXGL Background Thread 2 ] DEBUG Engine               - class com.almasb.fxgl.app.services.FXGLAssetLoaderService
18:14:26.444 [FXGL Background Thread 2 ] DEBUG Engine               - class com.almasb.fxgl.app.FXGLApplication$GameApplicationService
18:14:26.444 [FXGL Background Thread 2 ] DEBUG Engine               - class com.almasb.fxgl.app.services.FXGLDialogService
18:14:26.444 [FXGL Background Thread 2 ] DEBUG Engine               - class com.almasb.fxgl.app.services.IOTaskExecutorService
18:14:26.444 [FXGL Background Thread 2 ] DEBUG Engine               - class com.almasb.fxgl.io.FileSystemService
18:14:26.444 [FXGL Background Thread 2 ] DEBUG Engine               - class com.almasb.fxgl.localization.LocalizationService
18:14:26.444 [FXGL Background Thread 2 ] DEBUG Engine               - class com.almasb.fxgl.app.services.SystemBundleService
18:14:26.444 [FXGL Background Thread 2 ] DEBUG Engine               - class com.almasb.fxgl.profile.SaveLoadService
18:14:26.444 [FXGL Background Thread 2 ] DEBUG Engine               - class com.almasb.fxgl.ui.FXGLUIFactoryServiceProvider
18:14:26.444 [FXGL Background Thread 2 ] DEBUG Engine               - class com.almasb.fxgl.ui.FXGLDialogFactoryServiceProvider
18:14:26.444 [FXGL Background Thread 2 ] DEBUG Engine               - class com.almasb.fxgl.audio.AudioPlayer
18:14:26.444 [FXGL Background Thread 2 ] DEBUG Engine               - class com.almasb.fxgl.notification.impl.NotificationServiceProvider
18:14:26.444 [FXGL Background Thread 2 ] DEBUG Engine               - class com.almasb.fxgl.achievement.AchievementService
18:14:26.444 [FXGL Background Thread 2 ] DEBUG Engine               - class com.almasb.fxgl.cutscene.CutsceneService
18:14:26.444 [FXGL Background Thread 2 ] DEBUG Engine               - class com.almasb.fxgl.minigames.MiniGameService
18:14:26.444 [FXGL Background Thread 2 ] DEBUG Engine               - class com.almasb.fxgl.net.NetService
18:14:26.444 [FXGL Background Thread 2 ] DEBUG Engine               - class com.almasb.fxgl.app.services.UpdaterService
18:14:26.444 [FXGL Background Thread 2 ] DEBUG Engine               - class com.almasb.fxgl.dev.DevService
18:14:26.630 [JavaFX Application Thread] DEBUG Menu                 - fireNewGame()
18:14:26.630 [JavaFX Application Thread] DEBUG GameApplicationServi - Starting new game
18:14:26.630 [JavaFX Application Thread] DEBUG PrimaryStageWindow   - Pop state: MenuTest
18:14:26.630 [JavaFX Application Thread] DEBUG Input                - Clearing active input actions
18:14:26.631 [JavaFX Application Thread] DEBUG GameApplicationServi - Removing overlay from MenuTest and adding to FXGLMainMenuDummyScene
18:14:26.631 [JavaFX Application Thread] DEBUG PrimaryStageWindow   - FXGLMainMenuDummyScene <- MenuTest
18:14:26.631 [JavaFX Application Thread] DEBUG Input                - Clearing active input actions
18:14:26.638 [JavaFX Application Thread] DEBUG GameApplicationServi - Removing overlay from FXGLMainMenuDummyScene and adding to FXGLLoadingScene
18:14:26.638 [JavaFX Application Thread] DEBUG PrimaryStageWindow   - FXGLMainMenuDummyScene -> FXGLLoadingScene
18:14:26.639 [JavaFX Application Thread] DEBUG GameApplicationServi - Clearing previous game
18:14:26.639 [JavaFX Application Thread] DEBUG GameScene            - Clearing game scene
18:14:26.639 [JavaFX Application Thread] DEBUG GameWorld            - Clearing game world
18:14:26.639 [JavaFX Application Thread] DEBUG PhysicsWorld         - Clearing physics world
18:14:26.642 [FXGL Background Thread 3 ] DEBUG FXGLApplication      - Initializing game
18:14:26.651 [FXGL Background Thread 3 ] DEBUG FileSystemAccess     - Reading from: C:\Users\HP\IdeaProjects\SpaceInvader\.\hiscore.dat
18:14:26.736 [FXGL Background Thread 3 ] WARN  TMXLevelLoader       - TiledMap generated from 1.8.6. Supported version: 1.9.0. Some features may not be parsed fully.
18:14:26.753 [FXGL Background Thread 3 ] DEBUG TMXLevelLoader       - Parsed TiledMap: file:/C:/Users/HP/IdeaProjects/SpaceInvader/target/classes/assets/levels/level1.tmx
18:14:26.754 [FXGL Background Thread 3 ] DEBUG TMXLevelLoader       - Creating tile layer entities
18:14:26.756 [FXGL Background Thread 3 ] DEBUG TilesetLoader        - Loading view for layer Background
18:14:26.757 [FXGL Background Thread 3 ] DEBUG TilesetLoader        - Created buffer with size 800.0x592.0
18:14:26.780 [FXGL Background Thread 3 ] DEBUG TMXLevelLoader       - Creating object layer entities
18:14:26.783 [FXGL Background Thread 3 ] DEBUG FXGLAssetLoaderServi - Loading from file system: file:/C:/Users/HP/IdeaProjects/SpaceInvader/target/classes/assets/textures/Egg.png
18:14:26.816 [FXGL Background Thread 3 ] DEBUG FXGLAssetLoaderServi - Loading from file system: file:/C:/Users/HP/IdeaProjects/SpaceInvader/target/classes/assets/textures/Frog.png
18:14:26.827 [FXGL Background Thread 3 ] DEBUG FXGLAssetLoaderServi - Loading from file system: file:/C:/Users/HP/IdeaProjects/SpaceInvader/target/classes/assets/textures/Demon.png
18:14:26.840 [FXGL Background Thread 3 ] DEBUG FXGLAssetLoaderServi - Loading from file system: file:/C:/Users/HP/IdeaProjects/SpaceInvader/target/classes/assets/textures/wall_left_1.png
18:14:26.843 [FXGL Background Thread 3 ] DEBUG FXGLAssetLoaderServi - Loading from file system: file:/C:/Users/HP/IdeaProjects/SpaceInvader/target/classes/assets/textures/wall_right_1.png
18:14:26.847 [FXGL Background Thread 3 ] DEBUG GameWorld            - Clearing removable entities
18:14:26.848 [FXGL Background Thread 3 ] DEBUG GameWorld            - Setting level: com.almasb.fxgl.entity.level.Level@2fef5881
18:14:26.893 [FXGL Background Thread 3 ] DEBUG FXGLAssetLoaderServi - Loading from file system: file:/C:/Users/HP/IdeaProjects/SpaceInvader/target/classes/assets/textures/ship.png
18:14:26.902 [FXGL Background Thread 3 ] INFO  FXGLApplication      - Game initialization took: 0.259 sec
18:14:26.904 [JavaFX Application Thread] DEBUG Input                - Clearing active input actions
18:14:26.914 [JavaFX Application Thread] DEBUG GameApplicationServi - Removing overlay from FXGLLoadingScene and adding to GameScene
18:14:26.914 [JavaFX Application Thread] DEBUG PrimaryStageWindow   - FXGLLoadingScene -> GameScene
18:14:27.409 [JavaFX Application Thread] DEBUG FXGLAssetLoaderServi - Loading from file system: file:/C:/Users/HP/IdeaProjects/SpaceInvader/target/classes/assets/sounds/shoot.wav
18:14:28.385 [JavaFX Application Thread] DEBUG EventBus             - Firing event: fxgl.spaceinvader.event.GameEvent[source=javafx.event.Event$$Lambda/0x0000026b8515bc40@393f5efc]
18:14:28.386 [JavaFX Application Thread] DEBUG FXGLAssetLoaderServi - Loading from file system: file:/C:/Users/HP/IdeaProjects/SpaceInvader/target/classes/assets/sounds/explosion.wav
18:14:28.388 [JavaFX Application Thread] DEBUG FXGLAssetLoaderServi - Loading from file system: file:/C:/Users/HP/IdeaProjects/SpaceInvader/target/classes/assets/textures/Explosion.png
18:14:28.654 [JavaFX Application Thread] DEBUG FXGLAssetLoaderServi - Loading from file system: file:/C:/Users/HP/IdeaProjects/SpaceInvader/target/classes/assets/textures/EnemyBullet.png
18:14:29.183 [JavaFX Application Thread] DEBUG EventBus             - Firing event: fxgl.spaceinvader.event.GameEvent[source=javafx.event.Event$$Lambda/0x0000026b8515bc40@393f5efc]
18:14:29.263 [JavaFX Application Thread] DEBUG FXGLAssetLoaderServi - Loading from file system: file:/C:/Users/HP/IdeaProjects/SpaceInvader/target/classes/assets/textures/wall_right_2.png
18:14:29.631 [JavaFX Application Thread] DEBUG FXGLAssetLoaderServi - Loading from file system: file:/C:/Users/HP/IdeaProjects/SpaceInvader/target/classes/assets/textures/wall_left_2.png
18:14:29.854 [JavaFX Application Thread] DEBUG FXGLAssetLoaderServi - Loading from file system: file:/C:/Users/HP/IdeaProjects/SpaceInvader/target/classes/assets/textures/EnemyCluster.png
18:14:30.719 [JavaFX Application Thread] DEBUG EventBus             - Firing event: fxgl.spaceinvader.event.GameEvent[source=javafx.event.Event$$Lambda/0x0000026b8515bc40@393f5efc]
18:14:31.454 [JavaFX Application Thread] DEBUG EventBus             - Firing event: fxgl.spaceinvader.event.GameEvent[source=javafx.event.Event$$Lambda/0x0000026b8515bc40@393f5efc]
18:14:32.543 [JavaFX Application Thread] DEBUG FXGLAssetLoaderServi - Loading from file system: file:/C:/Users/HP/IdeaProjects/SpaceInvader/target/classes/assets/textures/wall_left_3.png
18:14:32.958 [JavaFX Application Thread] DEBUG EventBus             - Firing event: fxgl.spaceinvader.event.GameEvent[source=javafx.event.Event$$Lambda/0x0000026b8515bc40@393f5efc]
18:14:33.423 [JavaFX Application Thread] DEBUG FXGLAssetLoaderServi - Loading from file system: file:/C:/Users/HP/IdeaProjects/SpaceInvader/target/classes/assets/textures/wall_right_3.png
18:14:33.662 [JavaFX Application Thread] DEBUG EventBus             - Firing event: fxgl.spaceinvader.event.GameEvent[source=javafx.event.Event$$Lambda/0x0000026b8515bc40@393f5efc]
18:14:36.863 [JavaFX Application Thread] DEBUG EventBus             - Firing event: fxgl.spaceinvader.event.GameEvent[source=javafx.event.Event$$Lambda/0x0000026b8515bc40@393f5efc]
18:14:38.191 [JavaFX Application Thread] DEBUG EventBus             - Firing event: fxgl.spaceinvader.event.GameEvent[source=javafx.event.Event$$Lambda/0x0000026b8515bc40@393f5efc]
18:14:38.879 [JavaFX Application Thread] DEBUG EventBus             - Firing event: fxgl.spaceinvader.event.GameEvent[source=javafx.event.Event$$Lambda/0x0000026b8515bc40@393f5efc]
18:14:39.327 [JavaFX Application Thread] DEBUG EventBus             - Firing event: fxgl.spaceinvader.event.GameEvent[source=javafx.event.Event$$Lambda/0x0000026b8515bc40@393f5efc]
18:14:40.334 [JavaFX Application Thread] DEBUG EventBus             - Firing event: fxgl.spaceinvader.event.GameEvent[source=javafx.event.Event$$Lambda/0x0000026b8515bc40@393f5efc]
18:14:41.342 [JavaFX Application Thread] DEBUG EventBus             - Firing event: fxgl.spaceinvader.event.GameEvent[source=javafx.event.Event$$Lambda/0x0000026b8515bc40@393f5efc]
18:14:42.943 [JavaFX Application Thread] DEBUG FXGLAssetLoaderServi - Loading from file system: file:/C:/Users/HP/IdeaProjects/SpaceInvader/target/classes/assets/textures/shield.png
18:14:44.431 [JavaFX Application Thread] DEBUG EventBus             - Firing event: fxgl.spaceinvader.event.GameEvent[source=javafx.event.Event$$Lambda/0x0000026b8515bc40@393f5efc]
18:14:45.070 [JavaFX Application Thread] DEBUG EventBus             - Firing event: fxgl.spaceinvader.event.GameEvent[source=javafx.event.Event$$Lambda/0x0000026b8515bc40@393f5efc]
18:14:45.903 [JavaFX Application Thread] DEBUG EventBus             - Firing event: fxgl.spaceinvader.event.GameEvent[source=javafx.event.Event$$Lambda/0x0000026b8515bc40@393f5efc]
18:14:46.254 [JavaFX Application Thread] DEBUG EventBus             - Firing event: fxgl.spaceinvader.event.GameEvent[source=javafx.event.Event$$Lambda/0x0000026b8515bc40@393f5efc]
18:14:46.478 [JavaFX Application Thread] DEBUG EventBus             - Firing event: fxgl.spaceinvader.event.GameEvent[source=javafx.event.Event$$Lambda/0x0000026b8515bc40@393f5efc]
18:14:46.959 [JavaFX Application Thread] DEBUG EventBus             - Firing event: fxgl.spaceinvader.event.GameEvent[source=javafx.event.Event$$Lambda/0x0000026b8515bc40@393f5efc]
18:14:50.366 [JavaFX Application Thread] DEBUG EventBus             - Firing event: fxgl.spaceinvader.event.GameEvent[source=javafx.event.Event$$Lambda/0x0000026b8515bc40@393f5efc]
18:14:51.182 [JavaFX Application Thread] DEBUG EventBus             - Firing event: fxgl.spaceinvader.event.GameEvent[source=javafx.event.Event$$Lambda/0x0000026b8515bc40@393f5efc]
18:14:52.383 [JavaFX Application Thread] DEBUG EventBus             - Firing event: fxgl.spaceinvader.event.GameEvent[source=javafx.event.Event$$Lambda/0x0000026b8515bc40@393f5efc]
18:14:52.895 [JavaFX Application Thread] DEBUG EventBus             - Firing event: fxgl.spaceinvader.event.GameEvent[source=javafx.event.Event$$Lambda/0x0000026b8515bc40@393f5efc]
18:14:52.943 [JavaFX Application Thread] DEBUG EventBus             - Firing event: fxgl.spaceinvader.event.GameEvent[source=javafx.event.Event$$Lambda/0x0000026b8515bc40@393f5efc]
18:14:54.014 [JavaFX Application Thread] DEBUG EventBus             - Firing event: fxgl.spaceinvader.event.GameEvent[source=javafx.event.Event$$Lambda/0x0000026b8515bc40@393f5efc]
18:14:57.294 [JavaFX Application Thread] DEBUG EventBus             - Firing event: fxgl.spaceinvader.event.GameEvent[source=javafx.event.Event$$Lambda/0x0000026b8515bc40@393f5efc]
18:14:58.926 [JavaFX Application Thread] DEBUG EventBus             - Firing event: fxgl.spaceinvader.event.GameEvent[source=javafx.event.Event$$Lambda/0x0000026b8515bc40@393f5efc]
18:14:59.662 [JavaFX Application Thread] DEBUG EventBus             - Firing event: fxgl.spaceinvader.event.GameEvent[source=javafx.event.Event$$Lambda/0x0000026b8515bc40@393f5efc]
18:15:03.039 [JavaFX Application Thread] DEBUG EventBus             - Firing event: fxgl.spaceinvader.event.GameEvent[source=javafx.event.Event$$Lambda/0x0000026b8515bc40@393f5efc]
18:15:03.043 [JavaFX Application Thread] WARN  TMXLevelLoader       - TiledMap generated from 1.8.6. Supported version: 1.9.0. Some features may not be parsed fully.
18:15:03.051 [JavaFX Application Thread] DEBUG TMXLevelLoader       - Parsed TiledMap: file:/C:/Users/HP/IdeaProjects/SpaceInvader/target/classes/assets/levels/level2.tmx
18:15:03.051 [JavaFX Application Thread] DEBUG TMXLevelLoader       - Creating tile layer entities
18:15:03.051 [JavaFX Application Thread] DEBUG TilesetLoader        - Loading view for layer Background
18:15:03.052 [JavaFX Application Thread] DEBUG TilesetLoader        - Created buffer with size 800.0x592.0
18:15:03.062 [JavaFX Application Thread] DEBUG TMXLevelLoader       - Creating object layer entities
18:15:03.075 [JavaFX Application Thread] DEBUG GameWorld            - Clearing removable entities
18:15:03.079 [JavaFX Application Thread] DEBUG GameWorld            - Setting level: com.almasb.fxgl.entity.level.Level@242209fd
18:15:03.902 [JavaFX Application Thread] DEBUG EventBus             - Firing event: fxgl.spaceinvader.event.GameEvent[source=javafx.event.Event$$Lambda/0x0000026b8515bc40@393f5efc]
18:15:05.806 [JavaFX Application Thread] DEBUG EventBus             - Firing event: fxgl.spaceinvader.event.GameEvent[source=javafx.event.Event$$Lambda/0x0000026b8515bc40@393f5efc]
18:15:06.446 [JavaFX Application Thread] DEBUG EventBus             - Firing event: fxgl.spaceinvader.event.GameEvent[source=javafx.event.Event$$Lambda/0x0000026b8515bc40@393f5efc]
18:15:06.830 [JavaFX Application Thread] DEBUG EventBus             - Firing event: fxgl.spaceinvader.event.GameEvent[source=javafx.event.Event$$Lambda/0x0000026b8515bc40@393f5efc]
18:15:07.870 [JavaFX Application Thread] DEBUG EventBus             - Firing event: fxgl.spaceinvader.event.GameEvent[source=javafx.event.Event$$Lambda/0x0000026b8515bc40@393f5efc]
18:15:08.382 [JavaFX Application Thread] DEBUG EventBus             - Firing event: fxgl.spaceinvader.event.GameEvent[source=javafx.event.Event$$Lambda/0x0000026b8515bc40@393f5efc]
18:15:08.926 [JavaFX Application Thread] DEBUG EventBus             - Firing event: fxgl.spaceinvader.event.GameEvent[source=javafx.event.Event$$Lambda/0x0000026b8515bc40@393f5efc]
18:15:10.127 [JavaFX Application Thread] DEBUG EventBus             - Firing event: fxgl.spaceinvader.event.GameEvent[source=javafx.event.Event$$Lambda/0x0000026b8515bc40@393f5efc]
18:15:10.607 [JavaFX Application Thread] DEBUG EventBus             - Firing event: fxgl.spaceinvader.event.GameEvent[source=javafx.event.Event$$Lambda/0x0000026b8515bc40@393f5efc]
18:15:11.007 [JavaFX Application Thread] DEBUG EventBus             - Firing event: fxgl.spaceinvader.event.GameEvent[source=javafx.event.Event$$Lambda/0x0000026b8515bc40@393f5efc]
18:15:11.886 [JavaFX Application Thread] DEBUG EventBus             - Firing event: fxgl.spaceinvader.event.GameEvent[source=javafx.event.Event$$Lambda/0x0000026b8515bc40@393f5efc]
18:15:12.606 [JavaFX Application Thread] DEBUG EventBus             - Firing event: fxgl.spaceinvader.event.GameEvent[source=javafx.event.Event$$Lambda/0x0000026b8515bc40@393f5efc]
18:15:13.470 [JavaFX Application Thread] DEBUG EventBus             - Firing event: fxgl.spaceinvader.event.GameEvent[source=javafx.event.Event$$Lambda/0x0000026b8515bc40@393f5efc]
18:15:14.959 [JavaFX Application Thread] DEBUG EventBus             - Firing event: fxgl.spaceinvader.event.GameEvent[source=javafx.event.Event$$Lambda/0x0000026b8515bc40@393f5efc]
18:15:15.598 [JavaFX Application Thread] DEBUG EventBus             - Firing event: fxgl.spaceinvader.event.GameEvent[source=javafx.event.Event$$Lambda/0x0000026b8515bc40@393f5efc]
18:15:16.942 [JavaFX Application Thread] DEBUG EventBus             - Firing event: fxgl.spaceinvader.event.GameEvent[source=javafx.event.Event$$Lambda/0x0000026b8515bc40@393f5efc]
18:15:17.423 [JavaFX Application Thread] DEBUG EventBus             - Firing event: fxgl.spaceinvader.event.GameEvent[source=javafx.event.Event$$Lambda/0x0000026b8515bc40@393f5efc]
18:15:17.790 [JavaFX Application Thread] DEBUG EventBus             - Firing event: fxgl.spaceinvader.event.GameEvent[source=javafx.event.Event$$Lambda/0x0000026b8515bc40@393f5efc]
18:15:19.214 [JavaFX Application Thread] DEBUG EventBus             - Firing event: fxgl.spaceinvader.event.GameEvent[source=javafx.event.Event$$Lambda/0x0000026b8515bc40@393f5efc]
18:15:20.062 [JavaFX Application Thread] DEBUG EventBus             - Firing event: fxgl.spaceinvader.event.GameEvent[source=javafx.event.Event$$Lambda/0x0000026b8515bc40@393f5efc]
18:15:21.710 [JavaFX Application Thread] DEBUG EventBus             - Firing event: fxgl.spaceinvader.event.GameEvent[source=javafx.event.Event$$Lambda/0x0000026b8515bc40@393f5efc]
18:15:23.230 [JavaFX Application Thread] DEBUG EventBus             - Firing event: fxgl.spaceinvader.event.GameEvent[source=javafx.event.Event$$Lambda/0x0000026b8515bc40@393f5efc]
18:15:23.742 [JavaFX Application Thread] DEBUG EventBus             - Firing event: fxgl.spaceinvader.event.GameEvent[source=javafx.event.Event$$Lambda/0x0000026b8515bc40@393f5efc]
18:15:25.487 [JavaFX Application Thread] DEBUG EventBus             - Firing event: fxgl.spaceinvader.event.GameEvent[source=javafx.event.Event$$Lambda/0x0000026b8515bc40@393f5efc]
18:15:27.471 [JavaFX Application Thread] DEBUG EventBus             - Firing event: fxgl.spaceinvader.event.GameEvent[source=javafx.event.Event$$Lambda/0x0000026b8515bc40@393f5efc]
18:15:27.998 [JavaFX Application Thread] DEBUG EventBus             - Firing event: fxgl.spaceinvader.event.GameEvent[source=javafx.event.Event$$Lambda/0x0000026b8515bc40@393f5efc]
18:15:29.230 [JavaFX Application Thread] DEBUG EventBus             - Firing event: fxgl.spaceinvader.event.GameEvent[source=javafx.event.Event$$Lambda/0x0000026b8515bc40@393f5efc]
18:15:31.022 [JavaFX Application Thread] DEBUG EventBus             - Firing event: fxgl.spaceinvader.event.GameEvent[source=javafx.event.Event$$Lambda/0x0000026b8515bc40@393f5efc]
18:15:31.230 [JavaFX Application Thread] DEBUG EventBus             - Firing event: fxgl.spaceinvader.event.GameEvent[source=javafx.event.Event$$Lambda/0x0000026b8515bc40@393f5efc]
18:15:34.094 [JavaFX Application Thread] DEBUG EventBus             - Firing event: fxgl.spaceinvader.event.GameEvent[source=javafx.event.Event$$Lambda/0x0000026b8515bc40@393f5efc]
18:15:35.470 [JavaFX Application Thread] DEBUG EventBus             - Firing event: fxgl.spaceinvader.event.GameEvent[source=javafx.event.Event$$Lambda/0x0000026b8515bc40@393f5efc]
18:15:36.527 [JavaFX Application Thread] DEBUG EventBus             - Firing event: fxgl.spaceinvader.event.GameEvent[source=javafx.event.Event$$Lambda/0x0000026b8515bc40@393f5efc]
18:15:39.230 [JavaFX Application Thread] DEBUG EventBus             - Firing event: fxgl.spaceinvader.event.GameEvent[source=javafx.event.Event$$Lambda/0x0000026b8515bc40@393f5efc]
18:15:40.463 [JavaFX Application Thread] DEBUG EventBus             - Firing event: fxgl.spaceinvader.event.GameEvent[source=javafx.event.Event$$Lambda/0x0000026b8515bc40@393f5efc]
18:15:43.086 [JavaFX Application Thread] DEBUG EventBus             - Firing event: fxgl.spaceinvader.event.GameEvent[source=javafx.event.Event$$Lambda/0x0000026b8515bc40@393f5efc]
18:15:44.494 [JavaFX Application Thread] DEBUG EventBus             - Firing event: fxgl.spaceinvader.event.GameEvent[source=javafx.event.Event$$Lambda/0x0000026b8515bc40@393f5efc]
18:15:48.478 [JavaFX Application Thread] DEBUG EventBus             - Firing event: fxgl.spaceinvader.event.GameEvent[source=javafx.event.Event$$Lambda/0x0000026b8515bc40@393f5efc]
18:15:48.483 [JavaFX Application Thread] DEBUG PrimaryStageWindow   - Push state: DialogSubScene
18:15:48.483 [JavaFX Application Thread] DEBUG Input                - Clearing active input actions
18:15:48.484 [JavaFX Application Thread] DEBUG GameApplicationServi - Removing overlay from GameScene and adding to DialogSubScene
18:15:48.484 [JavaFX Application Thread] DEBUG PrimaryStageWindow   - GameScene -> DialogSubScene
18:15:54.379 [JavaFX Application Thread] DEBUG PrimaryStageWindow   - Pop state: DialogSubScene
18:15:54.379 [JavaFX Application Thread] DEBUG Input                - Clearing active input actions
18:15:54.379 [JavaFX Application Thread] DEBUG GameApplicationServi - Removing overlay from DialogSubScene and adding to GameScene
18:15:54.379 [JavaFX Application Thread] DEBUG PrimaryStageWindow   - GameScene <- DialogSubScene
18:15:54.379 [JavaFX Application Thread] DEBUG FXGLApplication      - Exiting FXGL
18:15:54.379 [JavaFX Application Thread] DEBUG LoopRunner           - Stopping loop
18:15:54.379 [JavaFX Application Thread] DEBUG SystemBundleService  - Saving FXGL system data
18:15:54.381 [JavaFX Application Thread] DEBUG FileSystemAccess     - Writing to: C:\Users\HP\IdeaProjects\SpaceInvader\system\fxgl.bundle
18:15:54.383 [JavaFX Application Thread] DEBUG Async                - Shutting down background threads
18:15:54.383 [JavaFX Application Thread] DEBUG PrimaryStageWindow   - Closing main window
18:15:54.410 [JavaFX Application Thread] DEBUG Logger               - Closing Logger
