18:02:29.464 [main                     ] DEBUG Logger               - Configured Logger
18:02:29.501 [main                     ] DEBUG GameApplication      - Logging settings
Title: Space Invaders
Version: 1.0.1
Width: 512
Height: 720
Fullscreen: false
Intro: false
Profiling: false
Single step:false
App Mode: RELEASE
Menu Key: ESCAPE
Stage Style: DECORATED
Scene Factory: class com.almasb.fxgl.app.scene.SceneFactory

18:02:29.922 [JavaFX Application Thread] DEBUG FXGLApplication      - Initializing FXGL
18:02:29.928 [JavaFX Application Thread] INFO  Engine               - FXGL-17.3 (30.03.2023 11.49) on WINDOWS (J:23 FX:17.0.6)
18:02:29.929 [JavaFX Application Thread] DEBUG Engine               - JRE Vendor Name: Oracle Corporation
18:02:29.929 [JavaFX Application Thread] DEBUG Engine               - Running on OS: Windows 10 version 10.0
18:02:29.930 [JavaFX Application Thread] DEBUG Engine               - Architecture: amd64
18:02:29.930 [JavaFX Application Thread] INFO  Engine               - Source code and latest versions at: https://github.com/AlmasB/FXGL
18:02:29.930 [JavaFX Application Thread] INFO  Engine               -       Ask questions and discuss at: https://github.com/AlmasB/FXGL/discussions
18:02:29.930 [JavaFX Application Thread] INFO  Engine               -              Join the FXGL chat at: https://gitter.im/AlmasB/FXGL
18:02:30.081 [JavaFX Application Thread] DEBUG PrimaryStageWindow   - Creating a JavaFX scene
18:02:30.149 [JavaFX Application Thread] DEBUG PrimaryStageWindow   - Target settings size: 512.0 x 720.0
18:02:30.150 [JavaFX Application Thread] DEBUG PrimaryStageWindow   - Scaled scene size:    512.0 x 720.0
18:02:30.150 [JavaFX Application Thread] DEBUG PrimaryStageWindow   - Scaled ratio: (1.0, 1.0)
18:02:30.152 [JavaFX Application Thread] DEBUG PrimaryStageWindow   - Set initial scene to FXGLStartupScene
18:02:30.163 [JavaFX Application Thread] DEBUG PrimaryStageWindow   - Opening main window
18:02:30.255 [JavaFX Application Thread] DEBUG PrimaryStageWindow   - Window border size: (14.4000244140625, 37.5999755859375)
18:02:30.255 [JavaFX Application Thread] DEBUG PrimaryStageWindow   - Scaled size: 512.0 x 720.0
18:02:30.255 [JavaFX Application Thread] DEBUG PrimaryStageWindow   - Scaled ratio: (1.0, 1.0)
18:02:30.256 [JavaFX Application Thread] DEBUG PrimaryStageWindow   - Scene size: 512.0 x 720.0
18:02:30.256 [JavaFX Application Thread] DEBUG PrimaryStageWindow   - Stage size: 526.4000244140625 x 757.5999755859375
18:02:30.275 [FXGL Background Thread 1 ] DEBUG Engine               - Initializing environment variables
18:02:30.419 [FXGL Background Thread 1 ] DEBUG FXGLAssetLoaderServi - User app class for loading assets: class fxgl.spaceinvader.SpaceInvaderApp
18:02:30.419 [FXGL Background Thread 1 ] DEBUG GameApplicationServi - Applying CSS: fxgl_dark.css
18:02:30.420 [FXGL Background Thread 1 ] DEBUG FXGLAssetLoaderServi - Loading from file system: jar:file:///C:/Users/HP/.m2/repository/com/github/almasb/fxgl/17.3/fxgl-17.3.jar!/fxglassets/ui/css/fxgl_dark.css
18:02:30.509 [FXGL Background Thread 1 ] DEBUG GameApplicationServi - Initializing application scenes
18:02:30.576 [FXGL Background Thread 1 ] DEBUG GameWorld            - Game world initialized
18:02:30.661 [FXGL Background Thread 1 ] DEBUG PhysicsWorld         - Physics world initialized: appHeight=720, physics.ppm=50.0
18:02:30.662 [FXGL Background Thread 1 ] DEBUG PhysicsWorld         - Using strategy: BRUTE_FORCE
18:02:30.666 [FXGL Background Thread 1 ] DEBUG GameScene            - Game scene initialized: 512x720
18:02:30.682 [FXGL Background Thread 1 ] WARN  FXGL.DefaultMenu     - FXGLDefaultMenu is not designed for resolutions < 800x600
18:02:30.683 [FXGL Background Thread 1 ] DEBUG FXGL.DefaultMenu     - createMenuBodyMainMenu()
18:02:30.698 [FXGL Background Thread 1 ] DEBUG FXGL.DefaultMenu     - createOptionsMenu()
18:02:30.712 [FXGL Background Thread 1 ] DEBUG FXGLAssetLoaderServi - Loading from file system: jar:file:///C:/Users/HP/.m2/repository/com/github/almasb/fxgl/17.3/fxgl-17.3.jar!/fxglassets/textures/particles/smoke.png
18:02:30.835 [FXGL Background Thread 1 ] DEBUG FXGLAssetLoaderServi - Loading from file system: jar:file:///C:/Users/HP/.m2/repository/com/github/almasb/fxgl/17.3/fxgl-17.3.jar!/fxglassets/textures/particles/trace_horizontal.png
18:02:30.874 [FXGL Background Thread 1 ] WARN  FXGL.DefaultMenu     - FXGLDefaultMenu is not designed for resolutions < 800x600
18:02:30.874 [FXGL Background Thread 1 ] DEBUG FXGL.DefaultMenu     - createMenuBodyGameMenu()
18:02:30.876 [FXGL Background Thread 1 ] DEBUG FXGL.DefaultMenu     - createOptionsMenu()
18:02:30.895 [FXGL Background Thread 1 ] DEBUG GameApplicationServi - Application scenes initialized
18:02:30.907 [FXGL Background Thread 1 ] DEBUG SystemBundleService  - Loading FXGL system data
18:02:30.916 [FXGL Background Thread 1 ] DEBUG FileSystemAccess     - Reading from: C:\Users\HP\IdeaProjects\SpaceInvader\system\fxgl.bundle
18:02:30.928 [FXGL Background Thread 1 ] DEBUG SystemBundleService  - Bundle FXGL: {}
18:02:30.931 [FXGL Background Thread 3 ] DEBUG FXGLApplication      - Loading fonts
18:02:30.932 [FXGL Background Thread 3 ] DEBUG FXGLAssetLoaderServi - Loading from file system: jar:file:///C:/Users/HP/.m2/repository/com/github/almasb/fxgl/17.3/fxgl-17.3.jar!/fxglassets/ui/fonts/VarelaRound-Regular.ttf
18:02:30.932 [FXGL Background Thread 1 ] DEBUG FXGLApplication      - Loading default localization
18:02:30.933 [FXGL Background Thread 1 ] DEBUG FXGLAssetLoaderServi - Loading from file system: jar:file:///C:/Users/HP/.m2/repository/com/github/almasb/fxgl/17.3/fxgl-17.3.jar!/fxglassets/languages/english.lang
18:02:30.955 [FXGL Background Thread 1 ] INFO  FXGLApplication      - FXGL initialization took: 0.680 sec
18:02:30.969 [FXGL Background Thread 3 ] DEBUG FXGLAssetLoaderServi - Loading from file system: jar:file:///C:/Users/HP/.m2/repository/com/github/almasb/fxgl/17.3/fxgl-17.3.jar!/fxglassets/ui/fonts/Abel-Regular.ttf
18:02:30.969 [JavaFX Application Thread] DEBUG Input                - Registered new binding: Move Left - Left
18:02:30.970 [JavaFX Application Thread] DEBUG Input                - Registered new binding: Move Right - Right
18:02:30.970 [JavaFX Application Thread] DEBUG Input                - Registered new binding: Shoot - Up
18:02:30.971 [JavaFX Application Thread] DEBUG Input                - Registered new binding: Shield Up - Space
18:02:30.973 [JavaFX Application Thread] DEBUG FXGLAssetLoaderServi - Loading from file system: jar:file:///C:/Users/HP/.m2/repository/com/github/almasb/fxgl/17.3/fxgl-17.3.jar!/fxglassets/textures/fxgl_icon.png
18:02:30.973 [FXGL Background Thread 3 ] DEBUG FXGLAssetLoaderServi - Loading from file system: jar:file:///C:/Users/HP/.m2/repository/com/github/almasb/fxgl/17.3/fxgl-17.3.jar!/fxglassets/ui/fonts/TerminalLandMono-Regular.otf
18:02:30.979 [FXGL Background Thread 3 ] DEBUG FXGLAssetLoaderServi - Loading from file system: jar:file:///C:/Users/HP/.m2/repository/com/github/almasb/fxgl/17.3/fxgl-17.3.jar!/fxglassets/ui/fonts/Courier-Prime.ttf
18:02:30.993 [JavaFX Application Thread] DEBUG FXGLAssetLoaderServi - Loading from file system: jar:file:///C:/Users/HP/.m2/repository/com/github/almasb/fxgl/17.3/fxgl-17.3.jar!/fxglassets/textures/fxgl_default_cursor.png
18:02:30.997 [JavaFX Application Thread] DEBUG Input                - Registered new binding: Screenshot - CTRL+8
18:02:31.000 [JavaFX Application Thread] DEBUG LoopRunner           - Starting loop
18:02:31.000 [JavaFX Application Thread] DEBUG LoopRunner           - Initializing JavaFX AnimationTimerLoop
18:02:31.003 [JavaFX Application Thread] DEBUG Input                - Clearing active input actions
18:02:31.013 [JavaFX Application Thread] DEBUG GameApplicationServi - Removing overlay from FXGLStartupScene and adding to FXGLMainMenuDummyScene
18:02:31.014 [JavaFX Application Thread] DEBUG PrimaryStageWindow   - FXGLStartupScene -> FXGLMainMenuDummyScene
18:02:31.014 [JavaFX Application Thread] DEBUG PrimaryStageWindow   - Push state: FXGLDefaultMenu
18:02:31.018 [JavaFX Application Thread] DEBUG Input                - Clearing active input actions
18:02:31.029 [JavaFX Application Thread] DEBUG GameApplicationServi - Removing overlay from FXGLMainMenuDummyScene and adding to FXGLDefaultMenu
18:02:31.030 [JavaFX Application Thread] DEBUG PrimaryStageWindow   - FXGLMainMenuDummyScene -> FXGLDefaultMenu
18:02:31.038 [JavaFX Application Thread] DEBUG FXGLApplication      - Registering font factories with UI factory
18:02:33.929 [FXGL Background Thread 2 ] DEBUG Engine               - Logging environment variables
18:02:33.930 [FXGL Background Thread 2 ] DEBUG Engine               - achievements: []
18:02:33.931 [FXGL Background Thread 2 ] DEBUG Engine               - actualHeight: 720.0
18:02:33.931 [FXGL Background Thread 2 ] DEBUG Engine               - actualHeightProperty: ReadOnlyDoubleProperty [value: 720.0]
18:02:33.931 [FXGL Background Thread 2 ] DEBUG Engine               - actualWidth: 512.0
18:02:33.931 [FXGL Background Thread 2 ] DEBUG Engine               - actualWidthProperty: ReadOnlyDoubleProperty [value: 512.0]
18:02:33.931 [FXGL Background Thread 2 ] DEBUG Engine               - appIcon: fxgl_icon.png
18:02:33.931 [FXGL Background Thread 2 ] DEBUG Engine               - applicationMode: RELEASE
18:02:33.931 [FXGL Background Thread 2 ] DEBUG Engine               - cSSList: [fxgl_dark.css]
18:02:33.931 [FXGL Background Thread 2 ] DEBUG Engine               - collisionDetectionStrategy: BRUTE_FORCE
18:02:33.931 [FXGL Background Thread 2 ] DEBUG Engine               - configClass: Optional.empty
18:02:33.932 [FXGL Background Thread 2 ] DEBUG Engine               - credits: []
18:02:33.932 [FXGL Background Thread 2 ] DEBUG Engine               - defaultCursor: CursorInfo(imageName=fxgl_default_cursor.png, hotspotX=7.0, hotspotY=6.0)
18:02:33.933 [FXGL Background Thread 2 ] DEBUG Engine               - devBBoxColorProperty: ObjectProperty [value: 0xff0000ff]
18:02:33.933 [FXGL Background Thread 2 ] DEBUG Engine               - devEnableDebugCameraProperty: BooleanProperty [value: false]
18:02:33.933 [FXGL Background Thread 2 ] DEBUG Engine               - devSensorColorProperty: ObjectProperty [value: 0xffff00ff]
18:02:33.933 [FXGL Background Thread 2 ] DEBUG Engine               - devShowBBoxProperty: BooleanProperty [value: false]
18:02:33.933 [FXGL Background Thread 2 ] DEBUG Engine               - devShowPositionProperty: BooleanProperty [value: false]
18:02:33.933 [FXGL Background Thread 2 ] DEBUG Engine               - enabledMenuItems: []
18:02:33.934 [FXGL Background Thread 2 ] DEBUG Engine               - engineServices: [class com.almasb.fxgl.app.services.FXGLAssetLoaderService, class com.almasb.fxgl.app.FXGLApplication$GameApplicationService, class com.almasb.fxgl.app.services.FXGLDialogService, class com.almasb.fxgl.app.services.IOTaskExecutorService, class com.almasb.fxgl.io.FileSystemService, class com.almasb.fxgl.localization.LocalizationService, class com.almasb.fxgl.app.services.SystemBundleService, class com.almasb.fxgl.profile.SaveLoadService, class com.almasb.fxgl.ui.FXGLUIFactoryServiceProvider, class com.almasb.fxgl.ui.FXGLDialogFactoryServiceProvider, class com.almasb.fxgl.audio.AudioPlayer, class com.almasb.fxgl.notification.impl.NotificationServiceProvider, class com.almasb.fxgl.achievement.AchievementService, class com.almasb.fxgl.cutscene.CutsceneService, class com.almasb.fxgl.minigames.MiniGameService, class com.almasb.fxgl.net.NetService, class com.almasb.fxgl.app.services.UpdaterService, class com.almasb.fxgl.dev.DevService]
18:02:33.934 [FXGL Background Thread 2 ] DEBUG Engine               - fontGame: Abel-Regular.ttf
18:02:33.934 [FXGL Background Thread 2 ] DEBUG Engine               - fontMono: TerminalLandMono-Regular.otf
18:02:33.934 [FXGL Background Thread 2 ] DEBUG Engine               - fontSizeScaleUI: 1.0
18:02:33.934 [FXGL Background Thread 2 ] DEBUG Engine               - fontText: Courier-Prime.ttf
18:02:33.934 [FXGL Background Thread 2 ] DEBUG Engine               - fontUI: VarelaRound-Regular.ttf
18:02:33.934 [FXGL Background Thread 2 ] DEBUG Engine               - fullScreen: BooleanProperty [value: false]
18:02:33.934 [FXGL Background Thread 2 ] DEBUG Engine               - gameDifficulty: MEDIUM
18:02:33.934 [FXGL Background Thread 2 ] DEBUG Engine               - gameDifficultyProperty: ObjectProperty [value: MEDIUM]
18:02:33.934 [FXGL Background Thread 2 ] DEBUG Engine               - globalMusicVolume: 0.5
18:02:33.934 [FXGL Background Thread 2 ] DEBUG Engine               - globalMusicVolumeProperty: DoubleProperty [value: 0.5]
18:02:33.935 [FXGL Background Thread 2 ] DEBUG Engine               - globalSoundVolume: 0.5
18:02:33.935 [FXGL Background Thread 2 ] DEBUG Engine               - globalSoundVolumeProperty: DoubleProperty [value: 0.5]
18:02:33.935 [FXGL Background Thread 2 ] DEBUG Engine               - height: 720
18:02:33.935 [FXGL Background Thread 2 ] DEBUG Engine               - is3D: false
18:02:33.935 [FXGL Background Thread 2 ] DEBUG Engine               - isAndroid: false
18:02:33.935 [FXGL Background Thread 2 ] DEBUG Engine               - isBrowser: false
18:02:33.935 [FXGL Background Thread 2 ] DEBUG Engine               - isClickFeedbackEnabled: false
18:02:33.935 [FXGL Background Thread 2 ] DEBUG Engine               - isCloseConfirmation: false
18:02:33.935 [FXGL Background Thread 2 ] DEBUG Engine               - isDesktop: true
18:02:33.935 [FXGL Background Thread 2 ] DEBUG Engine               - isDeveloperMenuEnabled: false
18:02:33.935 [FXGL Background Thread 2 ] DEBUG Engine               - isEmbedded: false
18:02:33.935 [FXGL Background Thread 2 ] DEBUG Engine               - isEntityPreloadEnabled: true
18:02:33.935 [FXGL Background Thread 2 ] DEBUG Engine               - isExperimentalTiledLargeMap: false
18:02:33.935 [FXGL Background Thread 2 ] DEBUG Engine               - isFileSystemWriteAllowed: true
18:02:33.935 [FXGL Background Thread 2 ] DEBUG Engine               - isFullScreenAllowed: false
18:02:33.935 [FXGL Background Thread 2 ] DEBUG Engine               - isFullScreenFromStart: false
18:02:33.936 [FXGL Background Thread 2 ] DEBUG Engine               - isGameMenuEnabled: true
18:02:33.936 [FXGL Background Thread 2 ] DEBUG Engine               - isIOS: false
18:02:33.936 [FXGL Background Thread 2 ] DEBUG Engine               - isIntroEnabled: false
18:02:33.936 [FXGL Background Thread 2 ] DEBUG Engine               - isLinux: false
18:02:33.936 [FXGL Background Thread 2 ] DEBUG Engine               - isMac: false
18:02:33.936 [FXGL Background Thread 2 ] DEBUG Engine               - isMainMenuEnabled: true
18:02:33.936 [FXGL Background Thread 2 ] DEBUG Engine               - isManualResizeEnabled: true
18:02:33.936 [FXGL Background Thread 2 ] DEBUG Engine               - isMobile: false
18:02:33.936 [FXGL Background Thread 2 ] DEBUG Engine               - isNative: false
18:02:33.936 [FXGL Background Thread 2 ] DEBUG Engine               - isPauseMusicWhenMinimized: true
18:02:33.936 [FXGL Background Thread 2 ] DEBUG Engine               - isPreserveResizeRatio: true
18:02:33.936 [FXGL Background Thread 2 ] DEBUG Engine               - isProfilingEnabled: false
18:02:33.936 [FXGL Background Thread 2 ] DEBUG Engine               - isScaleAffectedOnResize: true
18:02:33.936 [FXGL Background Thread 2 ] DEBUG Engine               - isSingleStep: false
18:02:33.936 [FXGL Background Thread 2 ] DEBUG Engine               - isUserProfileEnabled: false
18:02:33.937 [FXGL Background Thread 2 ] DEBUG Engine               - isWindows: true
18:02:33.937 [FXGL Background Thread 2 ] DEBUG Engine               - language: ObjectProperty [value: ENGLISH]
18:02:33.937 [FXGL Background Thread 2 ] DEBUG Engine               - menuKey: ESCAPE
18:02:33.937 [FXGL Background Thread 2 ] DEBUG Engine               - mouseSensitivity: 0.2
18:02:33.937 [FXGL Background Thread 2 ] DEBUG Engine               - notificationViewClass: class com.almasb.fxgl.notification.view.XboxNotificationView
18:02:33.937 [FXGL Background Thread 2 ] DEBUG Engine               - pixelsPerMeter: 50.0
18:02:33.937 [FXGL Background Thread 2 ] DEBUG Engine               - platform: WINDOWS
18:02:33.937 [FXGL Background Thread 2 ] DEBUG Engine               - prefHeightProperty: ReadOnlyDoubleProperty [value: 720.0]
18:02:33.937 [FXGL Background Thread 2 ] DEBUG Engine               - prefWidthProperty: ReadOnlyDoubleProperty [value: 512.0]
18:02:33.937 [FXGL Background Thread 2 ] DEBUG Engine               - profileDir: profiles/
18:02:33.937 [FXGL Background Thread 2 ] DEBUG Engine               - profileName: StringProperty [value: DEFAULT]
18:02:33.937 [FXGL Background Thread 2 ] DEBUG Engine               - randomSeed: -1
18:02:33.938 [FXGL Background Thread 2 ] DEBUG Engine               - runtimeInfo: RuntimeInfo(platform=WINDOWS, version=17.3, build=30.03.2023 11.49)
18:02:33.938 [FXGL Background Thread 2 ] DEBUG Engine               - saveFileExt: sav
18:02:33.938 [FXGL Background Thread 2 ] DEBUG Engine               - scaledHeightProp$fxgl: DoubleProperty [bound, value: 720.0]
18:02:33.938 [FXGL Background Thread 2 ] DEBUG Engine               - scaledWidthProp$fxgl: DoubleProperty [bound, value: 512.0]
18:02:33.938 [FXGL Background Thread 2 ] DEBUG Engine               - sceneFactory: com.almasb.fxgl.app.scene.SceneFactory@3d3e409e
18:02:33.938 [FXGL Background Thread 2 ] DEBUG Engine               - secondsIn24h: 60
18:02:33.938 [FXGL Background Thread 2 ] DEBUG Engine               - soundMenuBack: menu/back.wav
18:02:33.938 [FXGL Background Thread 2 ] DEBUG Engine               - soundMenuPress: menu/press.wav
18:02:33.938 [FXGL Background Thread 2 ] DEBUG Engine               - soundMenuSelect: menu/select.wav
18:02:33.938 [FXGL Background Thread 2 ] DEBUG Engine               - soundNotification: core/notification.wav
18:02:33.938 [FXGL Background Thread 2 ] DEBUG Engine               - stageStyle: DECORATED
18:02:33.938 [FXGL Background Thread 2 ] DEBUG Engine               - supportedLanguages: [ENGLISH, FRENCH, GERMAN, HUNGARIAN, RUSSIAN]
18:02:33.939 [FXGL Background Thread 2 ] DEBUG Engine               - ticksPerSecond: -1
18:02:33.939 [FXGL Background Thread 2 ] DEBUG Engine               - title: Space Invaders
18:02:33.939 [FXGL Background Thread 2 ] DEBUG Engine               - urlGithub: https://github.com/AlmasB/FXGL
18:02:33.939 [FXGL Background Thread 2 ] DEBUG Engine               - urlLeaderboard: http://fxgl-top.herokuapp.com/
18:02:33.939 [FXGL Background Thread 2 ] DEBUG Engine               - urlPOM: https://raw.githubusercontent.com/AlmasB/FXGL/release/README.md
18:02:33.939 [FXGL Background Thread 2 ] DEBUG Engine               - userAppClass: class fxgl.spaceinvader.SpaceInvaderApp
18:02:33.939 [FXGL Background Thread 2 ] DEBUG Engine               - version: 1.0.1
18:02:33.939 [FXGL Background Thread 2 ] DEBUG Engine               - versionCheckDays: 7
18:02:33.939 [FXGL Background Thread 2 ] DEBUG Engine               - width: 512
18:02:33.939 [FXGL Background Thread 2 ] DEBUG Engine               - Logging services
18:02:33.939 [FXGL Background Thread 2 ] DEBUG Engine               - class com.almasb.fxgl.app.services.FXGLAssetLoaderService
18:02:33.939 [FXGL Background Thread 2 ] DEBUG Engine               - class com.almasb.fxgl.app.FXGLApplication$GameApplicationService
18:02:33.939 [FXGL Background Thread 2 ] DEBUG Engine               - class com.almasb.fxgl.app.services.FXGLDialogService
18:02:33.939 [FXGL Background Thread 2 ] DEBUG Engine               - class com.almasb.fxgl.app.services.IOTaskExecutorService
18:02:33.939 [FXGL Background Thread 2 ] DEBUG Engine               - class com.almasb.fxgl.io.FileSystemService
18:02:33.939 [FXGL Background Thread 2 ] DEBUG Engine               - class com.almasb.fxgl.localization.LocalizationService
18:02:33.939 [FXGL Background Thread 2 ] DEBUG Engine               - class com.almasb.fxgl.app.services.SystemBundleService
18:02:33.939 [FXGL Background Thread 2 ] DEBUG Engine               - class com.almasb.fxgl.profile.SaveLoadService
18:02:33.940 [FXGL Background Thread 2 ] DEBUG Engine               - class com.almasb.fxgl.ui.FXGLUIFactoryServiceProvider
18:02:33.940 [FXGL Background Thread 2 ] DEBUG Engine               - class com.almasb.fxgl.ui.FXGLDialogFactoryServiceProvider
18:02:33.940 [FXGL Background Thread 2 ] DEBUG Engine               - class com.almasb.fxgl.audio.AudioPlayer
18:02:33.940 [FXGL Background Thread 2 ] DEBUG Engine               - class com.almasb.fxgl.notification.impl.NotificationServiceProvider
18:02:33.940 [FXGL Background Thread 2 ] DEBUG Engine               - class com.almasb.fxgl.achievement.AchievementService
18:02:33.940 [FXGL Background Thread 2 ] DEBUG Engine               - class com.almasb.fxgl.cutscene.CutsceneService
18:02:33.940 [FXGL Background Thread 2 ] DEBUG Engine               - class com.almasb.fxgl.minigames.MiniGameService
18:02:33.940 [FXGL Background Thread 2 ] DEBUG Engine               - class com.almasb.fxgl.net.NetService
18:02:33.940 [FXGL Background Thread 2 ] DEBUG Engine               - class com.almasb.fxgl.app.services.UpdaterService
18:02:33.940 [FXGL Background Thread 2 ] DEBUG Engine               - class com.almasb.fxgl.dev.DevService
18:02:39.743 [JavaFX Application Thread] DEBUG Menu                 - fireNewGame()
18:02:39.743 [JavaFX Application Thread] DEBUG GameApplicationServi - Starting new game
18:02:39.746 [JavaFX Application Thread] DEBUG PrimaryStageWindow   - Pop state: FXGLDefaultMenu
18:02:39.746 [JavaFX Application Thread] DEBUG Input                - Clearing active input actions
18:02:39.748 [JavaFX Application Thread] DEBUG GameApplicationServi - Removing overlay from FXGLDefaultMenu and adding to FXGLMainMenuDummyScene
18:02:39.749 [JavaFX Application Thread] DEBUG PrimaryStageWindow   - FXGLMainMenuDummyScene <- FXGLDefaultMenu
18:02:39.750 [JavaFX Application Thread] DEBUG Input                - Clearing active input actions
18:02:39.767 [JavaFX Application Thread] DEBUG GameApplicationServi - Removing overlay from FXGLMainMenuDummyScene and adding to FXGLLoadingScene
18:02:39.767 [JavaFX Application Thread] DEBUG PrimaryStageWindow   - FXGLMainMenuDummyScene -> FXGLLoadingScene
18:02:39.767 [JavaFX Application Thread] DEBUG GameApplicationServi - Clearing previous game
18:02:39.767 [JavaFX Application Thread] DEBUG GameScene            - Clearing game scene
18:02:39.767 [JavaFX Application Thread] DEBUG GameWorld            - Clearing game world
18:02:39.768 [JavaFX Application Thread] DEBUG PhysicsWorld         - Clearing physics world
18:02:39.770 [FXGL Background Thread 3 ] DEBUG FXGLApplication      - Initializing game
18:02:39.787 [FXGL Background Thread 3 ] DEBUG FileSystemAccess     - Reading from: C:\Users\HP\IdeaProjects\SpaceInvader\.\hiscore.dat
18:02:39.907 [FXGL Background Thread 3 ] WARN  TMXLevelLoader       - TiledMap generated from 1.8.6. Supported version: 1.9.0. Some features may not be parsed fully.
18:02:39.945 [FXGL Background Thread 3 ] DEBUG TMXLevelLoader       - Parsed TiledMap: file:/C:/Users/HP/IdeaProjects/SpaceInvader/target/classes/assets/levels/level1.tmx
18:02:39.947 [FXGL Background Thread 3 ] DEBUG TMXLevelLoader       - Creating tile layer entities
18:02:39.950 [FXGL Background Thread 3 ] DEBUG TilesetLoader        - Loading view for layer Background
18:02:39.952 [FXGL Background Thread 3 ] DEBUG TilesetLoader        - Created buffer with size 512.0x720.0
18:02:39.972 [FXGL Background Thread 3 ] DEBUG TilesetLoader        - Loading view for layer UI
18:02:39.974 [FXGL Background Thread 3 ] DEBUG TilesetLoader        - Created buffer with size 512.0x720.0
18:02:39.975 [FXGL Background Thread 3 ] DEBUG TMXLevelLoader       - Creating object layer entities
18:02:39.980 [FXGL Background Thread 3 ] DEBUG FXGLAssetLoaderServi - Loading from file system: file:/C:/Users/HP/IdeaProjects/SpaceInvader/target/classes/assets/textures/Egg.png
18:02:40.046 [FXGL Background Thread 3 ] DEBUG FXGLAssetLoaderServi - Loading from file system: file:/C:/Users/HP/IdeaProjects/SpaceInvader/target/classes/assets/textures/Frog.png
18:02:40.060 [FXGL Background Thread 3 ] DEBUG FXGLAssetLoaderServi - Loading from file system: file:/C:/Users/HP/IdeaProjects/SpaceInvader/target/classes/assets/textures/Demon.png
18:02:40.100 [FXGL Background Thread 3 ] DEBUG FXGLAssetLoaderServi - Loading from file system: file:/C:/Users/HP/IdeaProjects/SpaceInvader/target/classes/assets/textures/wall_left_1.png
18:02:40.105 [FXGL Background Thread 3 ] DEBUG FXGLAssetLoaderServi - Loading from file system: file:/C:/Users/HP/IdeaProjects/SpaceInvader/target/classes/assets/textures/wall_right_1.png
18:02:40.115 [FXGL Background Thread 3 ] DEBUG GameWorld            - Clearing removable entities
18:02:40.115 [FXGL Background Thread 3 ] DEBUG GameWorld            - Setting level: com.almasb.fxgl.entity.level.Level@26d96e84
18:02:40.186 [FXGL Background Thread 3 ] DEBUG FXGLAssetLoaderServi - Loading from file system: file:/C:/Users/HP/IdeaProjects/SpaceInvader/target/classes/assets/textures/player.png
18:02:40.201 [FXGL Background Thread 3 ] INFO  FXGLApplication      - Game initialization took: 0.431 sec
18:02:40.209 [JavaFX Application Thread] DEBUG Input                - Clearing active input actions
18:02:40.229 [JavaFX Application Thread] DEBUG GameApplicationServi - Removing overlay from FXGLLoadingScene and adding to GameScene
18:02:40.229 [JavaFX Application Thread] DEBUG PrimaryStageWindow   - FXGLLoadingScene -> GameScene
18:02:42.133 [JavaFX Application Thread] DEBUG FXGLAssetLoaderServi - Loading from file system: file:/C:/Users/HP/IdeaProjects/SpaceInvader/target/classes/assets/textures/EnemyBullet.png
18:02:42.135 [JavaFX Application Thread] DEBUG FXGLAssetLoaderServi - Loading from file system: file:/C:/Users/HP/IdeaProjects/SpaceInvader/target/classes/assets/textures/EnemyCluster.png
18:02:42.549 [JavaFX Application Thread] DEBUG EventBus             - Firing event: fxgl.spaceinvader.event.GameEvent[source=javafx.event.Event$$Lambda/0x000001ad3615e228@7a05c6a3]
18:02:42.550 [JavaFX Application Thread] DEBUG FXGLAssetLoaderServi - Loading from file system: file:/C:/Users/HP/IdeaProjects/SpaceInvader/target/classes/assets/sounds/explosion.wav
18:02:42.619 [JavaFX Application Thread] DEBUG FXGLAssetLoaderServi - Loading from file system: file:/C:/Users/HP/IdeaProjects/SpaceInvader/target/classes/assets/textures/Explosion.png
18:02:43.029 [JavaFX Application Thread] DEBUG EventBus             - Firing event: fxgl.spaceinvader.event.GameEvent[source=javafx.event.Event$$Lambda/0x000001ad3615e228@7a05c6a3]
18:02:43.207 [JavaFX Application Thread] DEBUG FXGLAssetLoaderServi - Loading from file system: file:/C:/Users/HP/IdeaProjects/SpaceInvader/target/classes/assets/textures/wall_left_2.png
18:02:43.209 [JavaFX Application Thread] DEBUG FXGLAssetLoaderServi - Loading from file system: file:/C:/Users/HP/IdeaProjects/SpaceInvader/target/classes/assets/textures/wall_right_2.png
18:02:43.764 [JavaFX Application Thread] DEBUG EventBus             - Firing event: fxgl.spaceinvader.event.GameEvent[source=javafx.event.Event$$Lambda/0x000001ad3615e228@7a05c6a3]
18:02:43.766 [JavaFX Application Thread] DEBUG FXGLAssetLoaderServi - Loading from file system: file:/C:/Users/HP/IdeaProjects/SpaceInvader/target/classes/assets/textures/wall_left_3.png
18:02:48.852 [JavaFX Application Thread] DEBUG EventBus             - Firing event: fxgl.spaceinvader.event.GameEvent[source=javafx.event.Event$$Lambda/0x000001ad3615e228@7a05c6a3]
18:02:50.660 [JavaFX Application Thread] DEBUG EventBus             - Firing event: fxgl.spaceinvader.event.GameEvent[source=javafx.event.Event$$Lambda/0x000001ad3615e228@7a05c6a3]
18:02:51.141 [JavaFX Application Thread] DEBUG FXGLAssetLoaderServi - Loading from file system: file:/C:/Users/HP/IdeaProjects/SpaceInvader/target/classes/assets/textures/wall_right_3.png
18:02:52.549 [JavaFX Application Thread] DEBUG EventBus             - Firing event: fxgl.spaceinvader.event.GameEvent[source=javafx.event.Event$$Lambda/0x000001ad3615e228@7a05c6a3]
18:02:52.550 [JavaFX Application Thread] DEBUG PrimaryStageWindow   - Push state: DialogSubScene
18:02:52.550 [JavaFX Application Thread] DEBUG Input                - Clearing active input actions
18:02:52.551 [JavaFX Application Thread] DEBUG GameApplicationServi - Removing overlay from GameScene and adding to DialogSubScene
18:02:52.551 [JavaFX Application Thread] DEBUG PrimaryStageWindow   - GameScene -> DialogSubScene
18:02:55.409 [JavaFX Application Thread] DEBUG PrimaryStageWindow   - Pop state: DialogSubScene
18:02:55.409 [JavaFX Application Thread] DEBUG Input                - Clearing active input actions
18:02:55.409 [JavaFX Application Thread] DEBUG GameApplicationServi - Removing overlay from DialogSubScene and adding to GameScene
18:02:55.410 [JavaFX Application Thread] DEBUG PrimaryStageWindow   - GameScene <- DialogSubScene
18:02:57.429 [JavaFX Application Thread] DEBUG EventBus             - Firing event: fxgl.spaceinvader.event.GameEvent[source=javafx.event.Event$$Lambda/0x000001ad3615e228@7a05c6a3]
18:02:58.645 [JavaFX Application Thread] DEBUG EventBus             - Firing event: fxgl.spaceinvader.event.GameEvent[source=javafx.event.Event$$Lambda/0x000001ad3615e228@7a05c6a3]
18:03:01.236 [JavaFX Application Thread] DEBUG EventBus             - Firing event: fxgl.spaceinvader.event.GameEvent[source=javafx.event.Event$$Lambda/0x000001ad3615e228@7a05c6a3]
18:03:03.236 [JavaFX Application Thread] DEBUG EventBus             - Firing event: fxgl.spaceinvader.event.GameEvent[source=javafx.event.Event$$Lambda/0x000001ad3615e228@7a05c6a3]
18:03:03.749 [JavaFX Application Thread] DEBUG EventBus             - Firing event: fxgl.spaceinvader.event.GameEvent[source=javafx.event.Event$$Lambda/0x000001ad3615e228@7a05c6a3]
18:03:03.989 [JavaFX Application Thread] DEBUG EventBus             - Firing event: fxgl.spaceinvader.event.GameEvent[source=javafx.event.Event$$Lambda/0x000001ad3615e228@7a05c6a3]
18:03:04.436 [JavaFX Application Thread] DEBUG EventBus             - Firing event: fxgl.spaceinvader.event.GameEvent[source=javafx.event.Event$$Lambda/0x000001ad3615e228@7a05c6a3]
18:03:04.756 [JavaFX Application Thread] DEBUG EventBus             - Firing event: fxgl.spaceinvader.event.GameEvent[source=javafx.event.Event$$Lambda/0x000001ad3615e228@7a05c6a3]
18:03:05.140 [JavaFX Application Thread] DEBUG EventBus             - Firing event: fxgl.spaceinvader.event.GameEvent[source=javafx.event.Event$$Lambda/0x000001ad3615e228@7a05c6a3]
18:03:05.806 [JavaFX Application Thread] DEBUG FXGLApplication      - Exiting FXGL
18:03:05.806 [JavaFX Application Thread] DEBUG LoopRunner           - Stopping loop
18:03:05.806 [JavaFX Application Thread] DEBUG SystemBundleService  - Saving FXGL system data
18:03:05.808 [JavaFX Application Thread] DEBUG FileSystemAccess     - Writing to: C:\Users\HP\IdeaProjects\SpaceInvader\system\fxgl.bundle
18:03:05.810 [JavaFX Application Thread] DEBUG Async                - Shutting down background threads
18:03:05.810 [JavaFX Application Thread] DEBUG PrimaryStageWindow   - Closing main window
18:03:05.836 [JavaFX Application Thread] DEBUG Logger               - Closing Logger
