22:49:18.456 [main                     ] DEBUG Logger               - Configured Logger
22:49:18.495 [main                     ] DEBUG GameApplication      - Logging settings
Title: Space Invaders
Version: 1.0.1
Width: 512
Height: 712
Fullscreen: false
Intro: false
Profiling: false
Single step:false
App Mode: RELEASE
Menu Key: ESCAPE
Stage Style: DECORATED
Scene Factory: class com.almasb.fxgl.app.scene.SceneFactory

22:49:18.868 [JavaFX Application Thread] DEBUG FXGLApplication      - Initializing FXGL
22:49:18.873 [JavaFX Application Thread] INFO  Engine               - FXGL-17.3 (30.03.2023 11.49) on WINDOWS (J:23 FX:17.0.6)
22:49:18.873 [JavaFX Application Thread] DEBUG Engine               - JRE Vendor Name: Oracle Corporation
22:49:18.873 [JavaFX Application Thread] DEBUG Engine               - Running on OS: Windows 10 version 10.0
22:49:18.874 [JavaFX Application Thread] DEBUG Engine               - Architecture: amd64
22:49:18.874 [JavaFX Application Thread] INFO  Engine               - Source code and latest versions at: https://github.com/AlmasB/FXGL
22:49:18.874 [JavaFX Application Thread] INFO  Engine               -       Ask questions and discuss at: https://github.com/AlmasB/FXGL/discussions
22:49:18.874 [JavaFX Application Thread] INFO  Engine               -              Join the FXGL chat at: https://gitter.im/AlmasB/FXGL
22:49:18.975 [JavaFX Application Thread] DEBUG PrimaryStageWindow   - Creating a JavaFX scene
22:49:19.024 [JavaFX Application Thread] DEBUG PrimaryStageWindow   - Target settings size: 512.0 x 712.0
22:49:19.024 [JavaFX Application Thread] DEBUG PrimaryStageWindow   - Scaled scene size:    512.0 x 712.0
22:49:19.025 [JavaFX Application Thread] DEBUG PrimaryStageWindow   - Scaled ratio: (1.0, 1.0)
22:49:19.026 [JavaFX Application Thread] DEBUG PrimaryStageWindow   - Set initial scene to FXGLStartupScene
22:49:19.034 [JavaFX Application Thread] DEBUG PrimaryStageWindow   - Opening main window
22:49:19.134 [JavaFX Application Thread] DEBUG PrimaryStageWindow   - Window border size: (14.4000244140625, 37.5999755859375)
22:49:19.134 [JavaFX Application Thread] DEBUG PrimaryStageWindow   - Scaled size: 512.0 x 712.0
22:49:19.135 [JavaFX Application Thread] DEBUG PrimaryStageWindow   - Scaled ratio: (1.0, 1.0)
22:49:19.135 [JavaFX Application Thread] DEBUG PrimaryStageWindow   - Scene size: 512.0 x 712.0
22:49:19.136 [JavaFX Application Thread] DEBUG PrimaryStageWindow   - Stage size: 526.4000244140625 x 749.5999755859375
22:49:19.147 [FXGL Background Thread 1 ] DEBUG Engine               - Initializing environment variables
22:49:19.275 [FXGL Background Thread 1 ] DEBUG FXGLAssetLoaderServi - User app class for loading assets: class fxgl.spaceinvader.SpaceInvaderApp
22:49:19.275 [FXGL Background Thread 1 ] DEBUG GameApplicationServi - Applying CSS: fxgl_dark.css
22:49:19.276 [FXGL Background Thread 1 ] DEBUG FXGLAssetLoaderServi - Loading from file system: jar:file:///C:/Users/HP/.m2/repository/com/github/almasb/fxgl/17.3/fxgl-17.3.jar!/fxglassets/ui/css/fxgl_dark.css
22:49:19.346 [FXGL Background Thread 1 ] DEBUG GameApplicationServi - Initializing application scenes
22:49:19.403 [FXGL Background Thread 1 ] DEBUG GameWorld            - Game world initialized
22:49:19.506 [FXGL Background Thread 1 ] DEBUG PhysicsWorld         - Physics world initialized: appHeight=712, physics.ppm=50.0
22:49:19.507 [FXGL Background Thread 1 ] DEBUG PhysicsWorld         - Using strategy: BRUTE_FORCE
22:49:19.513 [FXGL Background Thread 1 ] DEBUG GameScene            - Game scene initialized: 512x712
22:49:19.534 [FXGL Background Thread 1 ] WARN  FXGL.DefaultMenu     - FXGLDefaultMenu is not designed for resolutions < 800x600
22:49:19.534 [FXGL Background Thread 1 ] DEBUG FXGL.DefaultMenu     - createMenuBodyMainMenu()
22:49:19.559 [FXGL Background Thread 1 ] DEBUG FXGL.DefaultMenu     - createOptionsMenu()
22:49:19.577 [FXGL Background Thread 1 ] DEBUG FXGLAssetLoaderServi - Loading from file system: jar:file:///C:/Users/HP/.m2/repository/com/github/almasb/fxgl/17.3/fxgl-17.3.jar!/fxglassets/textures/particles/smoke.png
22:49:19.711 [FXGL Background Thread 1 ] DEBUG FXGLAssetLoaderServi - Loading from file system: jar:file:///C:/Users/HP/.m2/repository/com/github/almasb/fxgl/17.3/fxgl-17.3.jar!/fxglassets/textures/particles/trace_horizontal.png
22:49:19.749 [FXGL Background Thread 1 ] WARN  FXGL.DefaultMenu     - FXGLDefaultMenu is not designed for resolutions < 800x600
22:49:19.750 [FXGL Background Thread 1 ] DEBUG FXGL.DefaultMenu     - createMenuBodyGameMenu()
22:49:19.751 [FXGL Background Thread 1 ] DEBUG FXGL.DefaultMenu     - createOptionsMenu()
22:49:19.773 [FXGL Background Thread 1 ] DEBUG GameApplicationServi - Application scenes initialized
22:49:19.790 [FXGL Background Thread 1 ] DEBUG SystemBundleService  - Loading FXGL system data
22:49:19.796 [FXGL Background Thread 1 ] DEBUG FileSystemAccess     - Reading from: C:\Users\HP\IdeaProjects\SpaceInvader\system\fxgl.bundle
22:49:19.806 [FXGL Background Thread 1 ] DEBUG SystemBundleService  - Bundle FXGL: {}
22:49:19.810 [FXGL Background Thread 3 ] DEBUG FXGLApplication      - Loading fonts
22:49:19.810 [FXGL Background Thread 3 ] DEBUG FXGLAssetLoaderServi - Loading from file system: jar:file:///C:/Users/HP/.m2/repository/com/github/almasb/fxgl/17.3/fxgl-17.3.jar!/fxglassets/ui/fonts/VarelaRound-Regular.ttf
22:49:19.811 [FXGL Background Thread 1 ] DEBUG FXGLApplication      - Loading default localization
22:49:19.811 [FXGL Background Thread 1 ] DEBUG FXGLAssetLoaderServi - Loading from file system: jar:file:///C:/Users/HP/.m2/repository/com/github/almasb/fxgl/17.3/fxgl-17.3.jar!/fxglassets/languages/english.lang
22:49:19.838 [FXGL Background Thread 1 ] INFO  FXGLApplication      - FXGL initialization took: 0.690 sec
22:49:19.851 [FXGL Background Thread 3 ] DEBUG FXGLAssetLoaderServi - Loading from file system: jar:file:///C:/Users/HP/.m2/repository/com/github/almasb/fxgl/17.3/fxgl-17.3.jar!/fxglassets/ui/fonts/Abel-Regular.ttf
22:49:19.855 [FXGL Background Thread 3 ] DEBUG FXGLAssetLoaderServi - Loading from file system: jar:file:///C:/Users/HP/.m2/repository/com/github/almasb/fxgl/17.3/fxgl-17.3.jar!/fxglassets/ui/fonts/TerminalLandMono-Regular.otf
22:49:19.856 [JavaFX Application Thread] DEBUG Input                - Registered new binding: Move Left - Left
22:49:19.856 [JavaFX Application Thread] DEBUG Input                - Registered new binding: Move Right - Right
22:49:19.857 [JavaFX Application Thread] DEBUG Input                - Registered new binding: Shoot - Up
22:49:19.858 [JavaFX Application Thread] DEBUG FXGLAssetLoaderServi - Loading from file system: jar:file:///C:/Users/HP/.m2/repository/com/github/almasb/fxgl/17.3/fxgl-17.3.jar!/fxglassets/textures/fxgl_icon.png
22:49:19.861 [FXGL Background Thread 3 ] DEBUG FXGLAssetLoaderServi - Loading from file system: jar:file:///C:/Users/HP/.m2/repository/com/github/almasb/fxgl/17.3/fxgl-17.3.jar!/fxglassets/ui/fonts/Courier-Prime.ttf
22:49:19.885 [JavaFX Application Thread] DEBUG FXGLAssetLoaderServi - Loading from file system: jar:file:///C:/Users/HP/.m2/repository/com/github/almasb/fxgl/17.3/fxgl-17.3.jar!/fxglassets/textures/fxgl_default_cursor.png
22:49:19.889 [JavaFX Application Thread] DEBUG Input                - Registered new binding: Screenshot - CTRL+8
22:49:19.892 [JavaFX Application Thread] DEBUG LoopRunner           - Starting loop
22:49:19.892 [JavaFX Application Thread] DEBUG LoopRunner           - Initializing JavaFX AnimationTimerLoop
22:49:19.895 [JavaFX Application Thread] DEBUG Input                - Clearing active input actions
22:49:19.907 [JavaFX Application Thread] DEBUG GameApplicationServi - Removing overlay from FXGLStartupScene and adding to FXGLMainMenuDummyScene
22:49:19.908 [JavaFX Application Thread] DEBUG PrimaryStageWindow   - FXGLStartupScene -> FXGLMainMenuDummyScene
22:49:19.908 [JavaFX Application Thread] DEBUG PrimaryStageWindow   - Push state: FXGLDefaultMenu
22:49:19.917 [JavaFX Application Thread] DEBUG Input                - Clearing active input actions
22:49:19.926 [JavaFX Application Thread] DEBUG GameApplicationServi - Removing overlay from FXGLMainMenuDummyScene and adding to FXGLDefaultMenu
22:49:19.927 [JavaFX Application Thread] DEBUG PrimaryStageWindow   - FXGLMainMenuDummyScene -> FXGLDefaultMenu
22:49:19.935 [JavaFX Application Thread] DEBUG FXGLApplication      - Registering font factories with UI factory
22:49:21.288 [JavaFX Application Thread] DEBUG Menu                 - fireNewGame()
22:49:21.288 [JavaFX Application Thread] DEBUG GameApplicationServi - Starting new game
22:49:21.291 [JavaFX Application Thread] DEBUG PrimaryStageWindow   - Pop state: FXGLDefaultMenu
22:49:21.291 [JavaFX Application Thread] DEBUG Input                - Clearing active input actions
22:49:21.293 [JavaFX Application Thread] DEBUG GameApplicationServi - Removing overlay from FXGLDefaultMenu and adding to FXGLMainMenuDummyScene
22:49:21.294 [JavaFX Application Thread] DEBUG PrimaryStageWindow   - FXGLMainMenuDummyScene <- FXGLDefaultMenu
22:49:21.294 [JavaFX Application Thread] DEBUG Input                - Clearing active input actions
22:49:21.308 [JavaFX Application Thread] DEBUG GameApplicationServi - Removing overlay from FXGLMainMenuDummyScene and adding to FXGLLoadingScene
22:49:21.309 [JavaFX Application Thread] DEBUG PrimaryStageWindow   - FXGLMainMenuDummyScene -> FXGLLoadingScene
22:49:21.309 [JavaFX Application Thread] DEBUG GameApplicationServi - Clearing previous game
22:49:21.309 [JavaFX Application Thread] DEBUG GameScene            - Clearing game scene
22:49:21.309 [JavaFX Application Thread] DEBUG GameWorld            - Clearing game world
22:49:21.309 [JavaFX Application Thread] DEBUG PhysicsWorld         - Clearing physics world
22:49:21.313 [FXGL Background Thread 3 ] DEBUG FXGLApplication      - Initializing game
22:49:21.359 [FXGL Background Thread 3 ] WARN  FXGLAssetLoaderServi - Asset "/assets/textures/../fxgl/spaceinvader/assets/textures/player.png" was not found!
22:49:21.359 [FXGL Background Thread 3 ] WARN  FXGLAssetLoaderServi - Failed to load IMAGE
22:49:21.394 [FXGL Background Thread 3 ] WARN  FXGLAssetLoaderServi - Asset "/assets/textures/spaceinvader/assets/textures/player.png" was not found!
22:49:21.395 [FXGL Background Thread 3 ] WARN  FXGLAssetLoaderServi - Failed to load IMAGE
22:49:21.406 [FXGL Background Thread 3 ] WARN  GameWorld            - Entity is already attached to world
22:49:21.409 [FXGL Background Thread 3 ] INFO  FXGLApplication      - Game initialization took: 0.096 sec
22:49:21.410 [JavaFX Application Thread] DEBUG Input                - Clearing active input actions
22:49:21.418 [JavaFX Application Thread] DEBUG GameApplicationServi - Removing overlay from FXGLLoadingScene and adding to GameScene
22:49:21.419 [JavaFX Application Thread] DEBUG PrimaryStageWindow   - FXGLLoadingScene -> GameScene
22:49:22.498 [JavaFX Application Thread] DEBUG FXGLApplication      - Exiting FXGL
22:49:22.498 [JavaFX Application Thread] DEBUG LoopRunner           - Stopping loop
22:49:22.498 [JavaFX Application Thread] DEBUG SystemBundleService  - Saving FXGL system data
22:49:22.500 [JavaFX Application Thread] DEBUG FileSystemAccess     - Writing to: C:\Users\HP\IdeaProjects\SpaceInvader\system\fxgl.bundle
22:49:22.502 [JavaFX Application Thread] DEBUG Async                - Shutting down background threads
22:49:22.502 [JavaFX Application Thread] DEBUG PrimaryStageWindow   - Closing main window
22:49:22.524 [JavaFX Application Thread] DEBUG Logger               - Closing Logger
