14:37:04.433 [main                     ] DEBUG Logger               - Configured Logger
14:37:04.477 [main                     ] DEBUG GameApplication      - Logging settings
Title: Space Invaders
Version: 1.0.1
Width: 512
Height: 712
Fullscreen: false
Intro: false
Profiling: false
Single step:false
App Mode: RELEASE
Menu Key: ESCAPE
Stage Style: DECORATED
Scene Factory: class com.almasb.fxgl.app.scene.SceneFactory

14:37:04.991 [JavaFX Application Thread] DEBUG FXGLApplication      - Initializing FXGL
14:37:04.998 [JavaFX Application Thread] INFO  Engine               - FXGL-17.3 (30.03.2023 11.49) on WINDOWS (J:23 FX:17.0.6)
14:37:04.998 [JavaFX Application Thread] DEBUG Engine               - JRE Vendor Name: Oracle Corporation
14:37:04.998 [JavaFX Application Thread] DEBUG Engine               - Running on OS: Windows 10 version 10.0
14:37:04.999 [JavaFX Application Thread] DEBUG Engine               - Architecture: amd64
14:37:04.999 [JavaFX Application Thread] INFO  Engine               - Source code and latest versions at: https://github.com/AlmasB/FXGL
14:37:04.999 [JavaFX Application Thread] INFO  Engine               -       Ask questions and discuss at: https://github.com/AlmasB/FXGL/discussions
14:37:04.999 [JavaFX Application Thread] INFO  Engine               -              Join the FXGL chat at: https://gitter.im/AlmasB/FXGL
14:37:05.139 [JavaFX Application Thread] DEBUG PrimaryStageWindow   - Creating a JavaFX scene
14:37:05.202 [JavaFX Application Thread] DEBUG PrimaryStageWindow   - Target settings size: 512.0 x 712.0
14:37:05.203 [JavaFX Application Thread] DEBUG PrimaryStageWindow   - Scaled scene size:    512.0 x 712.0
14:37:05.203 [JavaFX Application Thread] DEBUG PrimaryStageWindow   - Scaled ratio: (1.0, 1.0)
14:37:05.205 [JavaFX Application Thread] DEBUG PrimaryStageWindow   - Set initial scene to FXGLStartupScene
14:37:05.214 [JavaFX Application Thread] DEBUG PrimaryStageWindow   - Opening main window
14:37:05.345 [JavaFX Application Thread] DEBUG PrimaryStageWindow   - Window border size: (14.4000244140625, 37.5999755859375)
14:37:05.346 [JavaFX Application Thread] DEBUG PrimaryStageWindow   - Scaled size: 512.0 x 712.0
14:37:05.346 [JavaFX Application Thread] DEBUG PrimaryStageWindow   - Scaled ratio: (1.0, 1.0)
14:37:05.347 [JavaFX Application Thread] DEBUG PrimaryStageWindow   - Scene size: 512.0 x 712.0
14:37:05.347 [JavaFX Application Thread] DEBUG PrimaryStageWindow   - Stage size: 526.4000244140625 x 749.5999755859375
14:37:05.366 [FXGL Background Thread 1 ] DEBUG Engine               - Initializing environment variables
14:37:05.512 [FXGL Background Thread 1 ] DEBUG FXGLAssetLoaderServi - User app class for loading assets: class fxgl.spaceinvader.SpaceInvaderApp
14:37:05.512 [FXGL Background Thread 1 ] DEBUG GameApplicationServi - Applying CSS: fxgl_dark.css
14:37:05.513 [FXGL Background Thread 1 ] DEBUG FXGLAssetLoaderServi - Loading from file system: jar:file:///C:/Users/HP/.m2/repository/com/github/almasb/fxgl/17.3/fxgl-17.3.jar!/fxglassets/ui/css/fxgl_dark.css
14:37:05.601 [FXGL Background Thread 1 ] DEBUG GameApplicationServi - Initializing application scenes
14:37:05.683 [FXGL Background Thread 1 ] DEBUG GameWorld            - Game world initialized
14:37:05.833 [FXGL Background Thread 1 ] DEBUG PhysicsWorld         - Physics world initialized: appHeight=712, physics.ppm=50.0
14:37:05.834 [FXGL Background Thread 1 ] DEBUG PhysicsWorld         - Using strategy: BRUTE_FORCE
14:37:05.845 [FXGL Background Thread 1 ] DEBUG GameScene            - Game scene initialized: 512x712
14:37:05.872 [FXGL Background Thread 1 ] WARN  FXGL.DefaultMenu     - FXGLDefaultMenu is not designed for resolutions < 800x600
14:37:05.872 [FXGL Background Thread 1 ] DEBUG FXGL.DefaultMenu     - createMenuBodyMainMenu()
14:37:05.895 [FXGL Background Thread 1 ] DEBUG FXGL.DefaultMenu     - createOptionsMenu()
14:37:05.913 [FXGL Background Thread 1 ] DEBUG FXGLAssetLoaderServi - Loading from file system: jar:file:///C:/Users/HP/.m2/repository/com/github/almasb/fxgl/17.3/fxgl-17.3.jar!/fxglassets/textures/particles/smoke.png
14:37:06.087 [FXGL Background Thread 1 ] DEBUG FXGLAssetLoaderServi - Loading from file system: jar:file:///C:/Users/HP/.m2/repository/com/github/almasb/fxgl/17.3/fxgl-17.3.jar!/fxglassets/textures/particles/trace_horizontal.png
14:37:06.134 [FXGL Background Thread 1 ] WARN  FXGL.DefaultMenu     - FXGLDefaultMenu is not designed for resolutions < 800x600
14:37:06.134 [FXGL Background Thread 1 ] DEBUG FXGL.DefaultMenu     - createMenuBodyGameMenu()
14:37:06.135 [FXGL Background Thread 1 ] DEBUG FXGL.DefaultMenu     - createOptionsMenu()
14:37:06.163 [FXGL Background Thread 1 ] DEBUG GameApplicationServi - Application scenes initialized
14:37:06.178 [FXGL Background Thread 1 ] DEBUG SystemBundleService  - Loading FXGL system data
14:37:06.184 [FXGL Background Thread 1 ] DEBUG FileSystemAccess     - Reading from: C:\Users\HP\IdeaProjects\SpaceInvader\system\fxgl.bundle
14:37:06.194 [FXGL Background Thread 1 ] DEBUG SystemBundleService  - Bundle FXGL: {}
14:37:06.197 [FXGL Background Thread 3 ] DEBUG FXGLApplication      - Loading fonts
14:37:06.198 [FXGL Background Thread 3 ] DEBUG FXGLAssetLoaderServi - Loading from file system: jar:file:///C:/Users/HP/.m2/repository/com/github/almasb/fxgl/17.3/fxgl-17.3.jar!/fxglassets/ui/fonts/VarelaRound-Regular.ttf
14:37:06.198 [FXGL Background Thread 1 ] DEBUG FXGLApplication      - Loading default localization
14:37:06.199 [FXGL Background Thread 1 ] DEBUG FXGLAssetLoaderServi - Loading from file system: jar:file:///C:/Users/HP/.m2/repository/com/github/almasb/fxgl/17.3/fxgl-17.3.jar!/fxglassets/languages/english.lang
14:37:06.219 [FXGL Background Thread 1 ] INFO  FXGLApplication      - FXGL initialization took: 0.853 sec
14:37:06.228 [FXGL Background Thread 3 ] DEBUG FXGLAssetLoaderServi - Loading from file system: jar:file:///C:/Users/HP/.m2/repository/com/github/almasb/fxgl/17.3/fxgl-17.3.jar!/fxglassets/ui/fonts/Abel-Regular.ttf
14:37:06.232 [FXGL Background Thread 3 ] DEBUG FXGLAssetLoaderServi - Loading from file system: jar:file:///C:/Users/HP/.m2/repository/com/github/almasb/fxgl/17.3/fxgl-17.3.jar!/fxglassets/ui/fonts/TerminalLandMono-Regular.otf
14:37:06.233 [JavaFX Application Thread] DEBUG Input                - Registered new binding: Move Left - Left
14:37:06.233 [JavaFX Application Thread] DEBUG Input                - Registered new binding: Move Right - Right
14:37:06.234 [JavaFX Application Thread] DEBUG Input                - Registered new binding: Shoot - Up
14:37:06.234 [JavaFX Application Thread] DEBUG FXGLAssetLoaderServi - Loading from file system: jar:file:///C:/Users/HP/.m2/repository/com/github/almasb/fxgl/17.3/fxgl-17.3.jar!/fxglassets/textures/fxgl_icon.png
14:37:06.238 [FXGL Background Thread 3 ] DEBUG FXGLAssetLoaderServi - Loading from file system: jar:file:///C:/Users/HP/.m2/repository/com/github/almasb/fxgl/17.3/fxgl-17.3.jar!/fxglassets/ui/fonts/Courier-Prime.ttf
14:37:06.262 [JavaFX Application Thread] DEBUG FXGLAssetLoaderServi - Loading from file system: jar:file:///C:/Users/HP/.m2/repository/com/github/almasb/fxgl/17.3/fxgl-17.3.jar!/fxglassets/textures/fxgl_default_cursor.png
14:37:06.264 [JavaFX Application Thread] DEBUG Input                - Registered new binding: Screenshot - CTRL+8
14:37:06.266 [JavaFX Application Thread] DEBUG LoopRunner           - Starting loop
14:37:06.267 [JavaFX Application Thread] DEBUG LoopRunner           - Initializing JavaFX AnimationTimerLoop
14:37:06.269 [JavaFX Application Thread] DEBUG Input                - Clearing active input actions
14:37:06.280 [JavaFX Application Thread] DEBUG GameApplicationServi - Removing overlay from FXGLStartupScene and adding to FXGLMainMenuDummyScene
14:37:06.281 [JavaFX Application Thread] DEBUG PrimaryStageWindow   - FXGLStartupScene -> FXGLMainMenuDummyScene
14:37:06.281 [JavaFX Application Thread] DEBUG PrimaryStageWindow   - Push state: FXGLDefaultMenu
14:37:06.293 [JavaFX Application Thread] DEBUG Input                - Clearing active input actions
14:37:06.301 [JavaFX Application Thread] DEBUG GameApplicationServi - Removing overlay from FXGLMainMenuDummyScene and adding to FXGLDefaultMenu
14:37:06.302 [JavaFX Application Thread] DEBUG PrimaryStageWindow   - FXGLMainMenuDummyScene -> FXGLDefaultMenu
14:37:06.302 [JavaFX Application Thread] DEBUG FXGLApplication      - Registering font factories with UI factory
14:37:07.373 [JavaFX Application Thread] DEBUG Menu                 - fireNewGame()
14:37:07.374 [JavaFX Application Thread] DEBUG GameApplicationServi - Starting new game
14:37:07.376 [JavaFX Application Thread] DEBUG PrimaryStageWindow   - Pop state: FXGLDefaultMenu
14:37:07.376 [JavaFX Application Thread] DEBUG Input                - Clearing active input actions
14:37:07.378 [JavaFX Application Thread] DEBUG GameApplicationServi - Removing overlay from FXGLDefaultMenu and adding to FXGLMainMenuDummyScene
14:37:07.379 [JavaFX Application Thread] DEBUG PrimaryStageWindow   - FXGLMainMenuDummyScene <- FXGLDefaultMenu
14:37:07.380 [JavaFX Application Thread] DEBUG Input                - Clearing active input actions
14:37:07.398 [JavaFX Application Thread] DEBUG GameApplicationServi - Removing overlay from FXGLMainMenuDummyScene and adding to FXGLLoadingScene
14:37:07.399 [JavaFX Application Thread] DEBUG PrimaryStageWindow   - FXGLMainMenuDummyScene -> FXGLLoadingScene
14:37:07.399 [JavaFX Application Thread] DEBUG GameApplicationServi - Clearing previous game
14:37:07.400 [JavaFX Application Thread] DEBUG GameScene            - Clearing game scene
14:37:07.400 [JavaFX Application Thread] DEBUG GameWorld            - Clearing game world
14:37:07.400 [JavaFX Application Thread] DEBUG PhysicsWorld         - Clearing physics world
14:37:07.403 [FXGL Background Thread 3 ] DEBUG FXGLApplication      - Initializing game
14:37:07.460 [FXGL Background Thread 3 ] INFO  FXGLApplication      - Game initialization took: 0.057 sec
14:37:07.464 [JavaFX Application Thread] DEBUG Input                - Clearing active input actions
14:37:07.475 [JavaFX Application Thread] DEBUG GameApplicationServi - Removing overlay from FXGLLoadingScene and adding to GameScene
14:37:07.476 [JavaFX Application Thread] DEBUG PrimaryStageWindow   - FXGLLoadingScene -> GameScene
14:37:09.196 [FXGL Background Thread 2 ] DEBUG Engine               - Logging environment variables
14:37:09.197 [FXGL Background Thread 2 ] DEBUG Engine               - achievements: []
14:37:09.197 [FXGL Background Thread 2 ] DEBUG Engine               - actualHeight: 712.0
14:37:09.197 [FXGL Background Thread 2 ] DEBUG Engine               - actualHeightProperty: ReadOnlyDoubleProperty [value: 712.0]
14:37:09.197 [FXGL Background Thread 2 ] DEBUG Engine               - actualWidth: 512.0
14:37:09.197 [FXGL Background Thread 2 ] DEBUG Engine               - actualWidthProperty: ReadOnlyDoubleProperty [value: 512.0]
14:37:09.197 [FXGL Background Thread 2 ] DEBUG Engine               - appIcon: fxgl_icon.png
14:37:09.197 [FXGL Background Thread 2 ] DEBUG Engine               - applicationMode: RELEASE
14:37:09.197 [FXGL Background Thread 2 ] DEBUG Engine               - cSSList: [fxgl_dark.css]
14:37:09.197 [FXGL Background Thread 2 ] DEBUG Engine               - collisionDetectionStrategy: BRUTE_FORCE
14:37:09.198 [FXGL Background Thread 2 ] DEBUG Engine               - configClass: Optional.empty
14:37:09.198 [FXGL Background Thread 2 ] DEBUG Engine               - credits: []
14:37:09.198 [FXGL Background Thread 2 ] DEBUG Engine               - defaultCursor: CursorInfo(imageName=fxgl_default_cursor.png, hotspotX=7.0, hotspotY=6.0)
14:37:09.198 [FXGL Background Thread 2 ] DEBUG Engine               - devBBoxColorProperty: ObjectProperty [value: 0xff0000ff]
14:37:09.198 [FXGL Background Thread 2 ] DEBUG Engine               - devEnableDebugCameraProperty: BooleanProperty [value: false]
14:37:09.198 [FXGL Background Thread 2 ] DEBUG Engine               - devSensorColorProperty: ObjectProperty [value: 0xffff00ff]
14:37:09.198 [FXGL Background Thread 2 ] DEBUG Engine               - devShowBBoxProperty: BooleanProperty [value: false]
14:37:09.198 [FXGL Background Thread 2 ] DEBUG Engine               - devShowPositionProperty: BooleanProperty [value: false]
14:37:09.199 [FXGL Background Thread 2 ] DEBUG Engine               - enabledMenuItems: []
14:37:09.199 [FXGL Background Thread 2 ] DEBUG Engine               - engineServices: [class com.almasb.fxgl.app.services.FXGLAssetLoaderService, class com.almasb.fxgl.app.FXGLApplication$GameApplicationService, class com.almasb.fxgl.app.services.FXGLDialogService, class com.almasb.fxgl.app.services.IOTaskExecutorService, class com.almasb.fxgl.io.FileSystemService, class com.almasb.fxgl.localization.LocalizationService, class com.almasb.fxgl.app.services.SystemBundleService, class com.almasb.fxgl.profile.SaveLoadService, class com.almasb.fxgl.ui.FXGLUIFactoryServiceProvider, class com.almasb.fxgl.ui.FXGLDialogFactoryServiceProvider, class com.almasb.fxgl.audio.AudioPlayer, class com.almasb.fxgl.notification.impl.NotificationServiceProvider, class com.almasb.fxgl.achievement.AchievementService, class com.almasb.fxgl.cutscene.CutsceneService, class com.almasb.fxgl.minigames.MiniGameService, class com.almasb.fxgl.net.NetService, class com.almasb.fxgl.app.services.UpdaterService, class com.almasb.fxgl.dev.DevService]
14:37:09.199 [FXGL Background Thread 2 ] DEBUG Engine               - fontGame: Abel-Regular.ttf
14:37:09.199 [FXGL Background Thread 2 ] DEBUG Engine               - fontMono: TerminalLandMono-Regular.otf
14:37:09.199 [FXGL Background Thread 2 ] DEBUG Engine               - fontSizeScaleUI: 1.0
14:37:09.199 [FXGL Background Thread 2 ] DEBUG Engine               - fontText: Courier-Prime.ttf
14:37:09.199 [FXGL Background Thread 2 ] DEBUG Engine               - fontUI: VarelaRound-Regular.ttf
14:37:09.199 [FXGL Background Thread 2 ] DEBUG Engine               - fullScreen: BooleanProperty [value: false]
14:37:09.199 [FXGL Background Thread 2 ] DEBUG Engine               - gameDifficulty: MEDIUM
14:37:09.199 [FXGL Background Thread 2 ] DEBUG Engine               - gameDifficultyProperty: ObjectProperty [value: MEDIUM]
14:37:09.200 [FXGL Background Thread 2 ] DEBUG Engine               - globalMusicVolume: 0.5
14:37:09.200 [FXGL Background Thread 2 ] DEBUG Engine               - globalMusicVolumeProperty: DoubleProperty [value: 0.5]
14:37:09.200 [FXGL Background Thread 2 ] DEBUG Engine               - globalSoundVolume: 0.5
14:37:09.200 [FXGL Background Thread 2 ] DEBUG Engine               - globalSoundVolumeProperty: DoubleProperty [value: 0.5]
14:37:09.200 [FXGL Background Thread 2 ] DEBUG Engine               - height: 712
14:37:09.200 [FXGL Background Thread 2 ] DEBUG Engine               - is3D: false
14:37:09.200 [FXGL Background Thread 2 ] DEBUG Engine               - isAndroid: false
14:37:09.200 [FXGL Background Thread 2 ] DEBUG Engine               - isBrowser: false
14:37:09.200 [FXGL Background Thread 2 ] DEBUG Engine               - isClickFeedbackEnabled: false
14:37:09.200 [FXGL Background Thread 2 ] DEBUG Engine               - isCloseConfirmation: false
14:37:09.200 [FXGL Background Thread 2 ] DEBUG Engine               - isDesktop: true
14:37:09.200 [FXGL Background Thread 2 ] DEBUG Engine               - isDeveloperMenuEnabled: false
14:37:09.200 [FXGL Background Thread 2 ] DEBUG Engine               - isEmbedded: false
14:37:09.200 [FXGL Background Thread 2 ] DEBUG Engine               - isEntityPreloadEnabled: true
14:37:09.200 [FXGL Background Thread 2 ] DEBUG Engine               - isExperimentalTiledLargeMap: false
14:37:09.201 [FXGL Background Thread 2 ] DEBUG Engine               - isFileSystemWriteAllowed: true
14:37:09.201 [FXGL Background Thread 2 ] DEBUG Engine               - isFullScreenAllowed: false
14:37:09.201 [FXGL Background Thread 2 ] DEBUG Engine               - isFullScreenFromStart: false
14:37:09.201 [FXGL Background Thread 2 ] DEBUG Engine               - isGameMenuEnabled: true
14:37:09.201 [FXGL Background Thread 2 ] DEBUG Engine               - isIOS: false
14:37:09.201 [FXGL Background Thread 2 ] DEBUG Engine               - isIntroEnabled: false
14:37:09.201 [FXGL Background Thread 2 ] DEBUG Engine               - isLinux: false
14:37:09.201 [FXGL Background Thread 2 ] DEBUG Engine               - isMac: false
14:37:09.201 [FXGL Background Thread 2 ] DEBUG Engine               - isMainMenuEnabled: true
14:37:09.201 [FXGL Background Thread 2 ] DEBUG Engine               - isManualResizeEnabled: true
14:37:09.201 [FXGL Background Thread 2 ] DEBUG Engine               - isMobile: false
14:37:09.201 [FXGL Background Thread 2 ] DEBUG Engine               - isNative: false
14:37:09.201 [FXGL Background Thread 2 ] DEBUG Engine               - isPauseMusicWhenMinimized: true
14:37:09.201 [FXGL Background Thread 2 ] DEBUG Engine               - isPreserveResizeRatio: true
14:37:09.201 [FXGL Background Thread 2 ] DEBUG Engine               - isProfilingEnabled: false
14:37:09.201 [FXGL Background Thread 2 ] DEBUG Engine               - isScaleAffectedOnResize: true
14:37:09.201 [FXGL Background Thread 2 ] DEBUG Engine               - isSingleStep: false
14:37:09.202 [FXGL Background Thread 2 ] DEBUG Engine               - isUserProfileEnabled: false
14:37:09.202 [FXGL Background Thread 2 ] DEBUG Engine               - isWindows: true
14:37:09.202 [FXGL Background Thread 2 ] DEBUG Engine               - language: ObjectProperty [value: ENGLISH]
14:37:09.202 [FXGL Background Thread 2 ] DEBUG Engine               - menuKey: ESCAPE
14:37:09.202 [FXGL Background Thread 2 ] DEBUG Engine               - mouseSensitivity: 0.2
14:37:09.202 [FXGL Background Thread 2 ] DEBUG Engine               - notificationViewClass: class com.almasb.fxgl.notification.view.XboxNotificationView
14:37:09.202 [FXGL Background Thread 2 ] DEBUG Engine               - pixelsPerMeter: 50.0
14:37:09.202 [FXGL Background Thread 2 ] DEBUG Engine               - platform: WINDOWS
14:37:09.202 [FXGL Background Thread 2 ] DEBUG Engine               - prefHeightProperty: ReadOnlyDoubleProperty [value: 712.0]
14:37:09.202 [FXGL Background Thread 2 ] DEBUG Engine               - prefWidthProperty: ReadOnlyDoubleProperty [value: 512.0]
14:37:09.202 [FXGL Background Thread 2 ] DEBUG Engine               - profileDir: profiles/
14:37:09.202 [FXGL Background Thread 2 ] DEBUG Engine               - profileName: StringProperty [value: DEFAULT]
14:37:09.202 [FXGL Background Thread 2 ] DEBUG Engine               - randomSeed: -1
14:37:09.203 [FXGL Background Thread 2 ] DEBUG Engine               - runtimeInfo: RuntimeInfo(platform=WINDOWS, version=17.3, build=30.03.2023 11.49)
14:37:09.203 [FXGL Background Thread 2 ] DEBUG Engine               - saveFileExt: sav
14:37:09.203 [FXGL Background Thread 2 ] DEBUG Engine               - scaledHeightProp$fxgl: DoubleProperty [bound, value: 712.0]
14:37:09.203 [FXGL Background Thread 2 ] DEBUG Engine               - scaledWidthProp$fxgl: DoubleProperty [bound, value: 512.0]
14:37:09.203 [FXGL Background Thread 2 ] DEBUG Engine               - sceneFactory: com.almasb.fxgl.app.scene.SceneFactory@2f0d27da
14:37:09.203 [FXGL Background Thread 2 ] DEBUG Engine               - secondsIn24h: 60
14:37:09.203 [FXGL Background Thread 2 ] DEBUG Engine               - soundMenuBack: menu/back.wav
14:37:09.203 [FXGL Background Thread 2 ] DEBUG Engine               - soundMenuPress: menu/press.wav
14:37:09.203 [FXGL Background Thread 2 ] DEBUG Engine               - soundMenuSelect: menu/select.wav
14:37:09.203 [FXGL Background Thread 2 ] DEBUG Engine               - soundNotification: core/notification.wav
14:37:09.203 [FXGL Background Thread 2 ] DEBUG Engine               - stageStyle: DECORATED
14:37:09.204 [FXGL Background Thread 2 ] DEBUG Engine               - supportedLanguages: [ENGLISH, FRENCH, GERMAN, HUNGARIAN, RUSSIAN]
14:37:09.204 [FXGL Background Thread 2 ] DEBUG Engine               - ticksPerSecond: -1
14:37:09.204 [FXGL Background Thread 2 ] DEBUG Engine               - title: Space Invaders
14:37:09.204 [FXGL Background Thread 2 ] DEBUG Engine               - urlGithub: https://github.com/AlmasB/FXGL
14:37:09.204 [FXGL Background Thread 2 ] DEBUG Engine               - urlLeaderboard: http://fxgl-top.herokuapp.com/
14:37:09.204 [FXGL Background Thread 2 ] DEBUG Engine               - urlPOM: https://raw.githubusercontent.com/AlmasB/FXGL/release/README.md
14:37:09.204 [FXGL Background Thread 2 ] DEBUG Engine               - userAppClass: class fxgl.spaceinvader.SpaceInvaderApp
14:37:09.204 [FXGL Background Thread 2 ] DEBUG Engine               - version: 1.0.1
14:37:09.204 [FXGL Background Thread 2 ] DEBUG Engine               - versionCheckDays: 7
14:37:09.204 [FXGL Background Thread 2 ] DEBUG Engine               - width: 512
14:37:09.204 [FXGL Background Thread 2 ] DEBUG Engine               - Logging services
14:37:09.204 [FXGL Background Thread 2 ] DEBUG Engine               - class com.almasb.fxgl.app.services.FXGLAssetLoaderService
14:37:09.205 [FXGL Background Thread 2 ] DEBUG Engine               - class com.almasb.fxgl.app.FXGLApplication$GameApplicationService
14:37:09.205 [FXGL Background Thread 2 ] DEBUG Engine               - class com.almasb.fxgl.app.services.FXGLDialogService
14:37:09.205 [FXGL Background Thread 2 ] DEBUG Engine               - class com.almasb.fxgl.app.services.IOTaskExecutorService
14:37:09.205 [FXGL Background Thread 2 ] DEBUG Engine               - class com.almasb.fxgl.io.FileSystemService
14:37:09.205 [FXGL Background Thread 2 ] DEBUG Engine               - class com.almasb.fxgl.localization.LocalizationService
14:37:09.205 [FXGL Background Thread 2 ] DEBUG Engine               - class com.almasb.fxgl.app.services.SystemBundleService
14:37:09.205 [FXGL Background Thread 2 ] DEBUG Engine               - class com.almasb.fxgl.profile.SaveLoadService
14:37:09.205 [FXGL Background Thread 2 ] DEBUG Engine               - class com.almasb.fxgl.ui.FXGLUIFactoryServiceProvider
14:37:09.205 [FXGL Background Thread 2 ] DEBUG Engine               - class com.almasb.fxgl.ui.FXGLDialogFactoryServiceProvider
14:37:09.205 [FXGL Background Thread 2 ] DEBUG Engine               - class com.almasb.fxgl.audio.AudioPlayer
14:37:09.205 [FXGL Background Thread 2 ] DEBUG Engine               - class com.almasb.fxgl.notification.impl.NotificationServiceProvider
14:37:09.205 [FXGL Background Thread 2 ] DEBUG Engine               - class com.almasb.fxgl.achievement.AchievementService
14:37:09.205 [FXGL Background Thread 2 ] DEBUG Engine               - class com.almasb.fxgl.cutscene.CutsceneService
14:37:09.206 [FXGL Background Thread 2 ] DEBUG Engine               - class com.almasb.fxgl.minigames.MiniGameService
14:37:09.206 [FXGL Background Thread 2 ] DEBUG Engine               - class com.almasb.fxgl.net.NetService
14:37:09.206 [FXGL Background Thread 2 ] DEBUG Engine               - class com.almasb.fxgl.app.services.UpdaterService
14:37:09.206 [FXGL Background Thread 2 ] DEBUG Engine               - class com.almasb.fxgl.dev.DevService
14:37:16.104 [JavaFX Application Thread] DEBUG FXGLApplication      - Exiting FXGL
14:37:16.104 [JavaFX Application Thread] DEBUG LoopRunner           - Stopping loop
14:37:16.104 [JavaFX Application Thread] DEBUG SystemBundleService  - Saving FXGL system data
14:37:16.106 [JavaFX Application Thread] DEBUG FileSystemAccess     - Writing to: C:\Users\HP\IdeaProjects\SpaceInvader\system\fxgl.bundle
14:37:16.108 [JavaFX Application Thread] DEBUG Async                - Shutting down background threads
14:37:16.109 [JavaFX Application Thread] DEBUG PrimaryStageWindow   - Closing main window
14:37:16.141 [JavaFX Application Thread] DEBUG Logger               - Closing Logger
