14:33:15.136 [main                     ] DEBUG Logger               - Configured Logger
14:33:15.172 [main                     ] DEBUG GameApplication      - Logging settings
Title: Space Invaders
Version: 1.0.1
Width: 640
Height: 800
Fullscreen: false
Intro: false
Profiling: false
Single step:false
App Mode: RELEASE
Menu Key: ESCAPE
Stage Style: DECORATED
Scene Factory: class com.almasb.fxgl.app.scene.SceneFactory

14:33:15.496 [JavaFX Application Thread] DEBUG FXGLApplication      - Initializing FXGL
14:33:15.500 [JavaFX Application Thread] INFO  Engine               - FXGL-17.3 (30.03.2023 11.49) on WINDOWS (J:23 FX:17.0.6)
14:33:15.500 [JavaFX Application Thread] DEBUG Engine               - JRE Vendor Name: Oracle Corporation
14:33:15.500 [JavaFX Application Thread] DEBUG Engine               - Running on OS: Windows 10 version 10.0
14:33:15.500 [JavaFX Application Thread] DEBUG Engine               - Architecture: amd64
14:33:15.500 [JavaFX Application Thread] INFO  Engine               - Source code and latest versions at: https://github.com/AlmasB/FXGL
14:33:15.500 [JavaFX Application Thread] INFO  Engine               -       Ask questions and discuss at: https://github.com/AlmasB/FXGL/discussions
14:33:15.501 [JavaFX Application Thread] INFO  Engine               -              Join the FXGL chat at: https://gitter.im/AlmasB/FXGL
14:33:15.589 [JavaFX Application Thread] DEBUG PrimaryStageWindow   - Creating a JavaFX scene
14:33:15.635 [JavaFX Application Thread] DEBUG PrimaryStageWindow   - Target settings size: 640.0 x 800.0
14:33:15.636 [JavaFX Application Thread] DEBUG PrimaryStageWindow   - Scaled scene size:    640.0 x 800.0
14:33:15.636 [JavaFX Application Thread] DEBUG PrimaryStageWindow   - Scaled ratio: (1.0, 1.0)
14:33:15.637 [JavaFX Application Thread] DEBUG PrimaryStageWindow   - Set initial scene to FXGLStartupScene
14:33:15.645 [JavaFX Application Thread] DEBUG PrimaryStageWindow   - Opening main window
14:33:15.722 [JavaFX Application Thread] DEBUG PrimaryStageWindow   - Window border size: (14.4000244140625, 37.5999755859375)
14:33:15.722 [JavaFX Application Thread] DEBUG PrimaryStageWindow   - Scaled size: 640.0 x 800.0
14:33:15.722 [JavaFX Application Thread] DEBUG PrimaryStageWindow   - Scaled ratio: (1.0, 1.0)
14:33:15.723 [JavaFX Application Thread] DEBUG PrimaryStageWindow   - Scene size: 640.0 x 800.0
14:33:15.723 [JavaFX Application Thread] DEBUG PrimaryStageWindow   - Stage size: 654.4000244140625 x 837.5999755859375
14:33:15.734 [FXGL Background Thread 1 ] DEBUG Engine               - Initializing environment variables
14:33:15.853 [FXGL Background Thread 1 ] DEBUG FXGLAssetLoaderServi - User app class for loading assets: class fxgl.spaceinvader.SpaceInvaderApp
14:33:15.854 [FXGL Background Thread 1 ] DEBUG GameApplicationServi - Applying CSS: fxgl_dark.css
14:33:15.855 [FXGL Background Thread 1 ] DEBUG FXGLAssetLoaderServi - Loading from file system: jar:file:///C:/Users/HP/.m2/repository/com/github/almasb/fxgl/17.3/fxgl-17.3.jar!/fxglassets/ui/css/fxgl_dark.css
14:33:15.912 [FXGL Background Thread 1 ] DEBUG GameApplicationServi - Initializing application scenes
14:33:15.958 [FXGL Background Thread 1 ] DEBUG GameWorld            - Game world initialized
14:33:16.022 [FXGL Background Thread 1 ] DEBUG PhysicsWorld         - Physics world initialized: appHeight=800, physics.ppm=50.0
14:33:16.023 [FXGL Background Thread 1 ] DEBUG PhysicsWorld         - Using strategy: BRUTE_FORCE
14:33:16.030 [FXGL Background Thread 1 ] DEBUG GameScene            - Game scene initialized: 640x800
14:33:16.044 [FXGL Background Thread 1 ] WARN  FXGL.DefaultMenu     - FXGLDefaultMenu is not designed for resolutions < 800x600
14:33:16.044 [FXGL Background Thread 1 ] DEBUG FXGL.DefaultMenu     - createMenuBodyMainMenu()
14:33:16.057 [FXGL Background Thread 1 ] DEBUG FXGL.DefaultMenu     - createOptionsMenu()
14:33:16.069 [FXGL Background Thread 1 ] DEBUG FXGLAssetLoaderServi - Loading from file system: jar:file:///C:/Users/HP/.m2/repository/com/github/almasb/fxgl/17.3/fxgl-17.3.jar!/fxglassets/textures/particles/smoke.png
14:33:16.154 [FXGL Background Thread 1 ] DEBUG FXGLAssetLoaderServi - Loading from file system: jar:file:///C:/Users/HP/.m2/repository/com/github/almasb/fxgl/17.3/fxgl-17.3.jar!/fxglassets/textures/particles/trace_horizontal.png
14:33:16.182 [FXGL Background Thread 1 ] WARN  FXGL.DefaultMenu     - FXGLDefaultMenu is not designed for resolutions < 800x600
14:33:16.182 [FXGL Background Thread 1 ] DEBUG FXGL.DefaultMenu     - createMenuBodyGameMenu()
14:33:16.183 [FXGL Background Thread 1 ] DEBUG FXGL.DefaultMenu     - createOptionsMenu()
14:33:16.197 [FXGL Background Thread 1 ] DEBUG GameApplicationServi - Application scenes initialized
14:33:16.208 [FXGL Background Thread 1 ] DEBUG SystemBundleService  - Loading FXGL system data
14:33:16.213 [FXGL Background Thread 1 ] DEBUG FileSystemAccess     - Reading from: C:\Users\HP\IdeaProjects\SpaceInvader\system\fxgl.bundle
14:33:16.220 [FXGL Background Thread 1 ] DEBUG SystemBundleService  - Bundle FXGL: {}
14:33:16.222 [FXGL Background Thread 3 ] DEBUG FXGLApplication      - Loading fonts
14:33:16.223 [FXGL Background Thread 1 ] DEBUG FXGLApplication      - Loading default localization
14:33:16.223 [FXGL Background Thread 3 ] DEBUG FXGLAssetLoaderServi - Loading from file system: jar:file:///C:/Users/HP/.m2/repository/com/github/almasb/fxgl/17.3/fxgl-17.3.jar!/fxglassets/ui/fonts/VarelaRound-Regular.ttf
14:33:16.223 [FXGL Background Thread 1 ] DEBUG FXGLAssetLoaderServi - Loading from file system: jar:file:///C:/Users/HP/.m2/repository/com/github/almasb/fxgl/17.3/fxgl-17.3.jar!/fxglassets/languages/english.lang
14:33:16.240 [FXGL Background Thread 1 ] INFO  FXGLApplication      - FXGL initialization took: 0.505 sec
14:33:16.250 [JavaFX Application Thread] DEBUG Input                - Registered new binding: Move Left - Left
14:33:16.250 [FXGL Background Thread 3 ] DEBUG FXGLAssetLoaderServi - Loading from file system: jar:file:///C:/Users/HP/.m2/repository/com/github/almasb/fxgl/17.3/fxgl-17.3.jar!/fxglassets/ui/fonts/Abel-Regular.ttf
14:33:16.251 [JavaFX Application Thread] DEBUG Input                - Registered new binding: Move Right - Right
14:33:16.251 [JavaFX Application Thread] DEBUG Input                - Registered new binding: Shoot - Up
14:33:16.251 [JavaFX Application Thread] DEBUG FXGLAssetLoaderServi - Loading from file system: jar:file:///C:/Users/HP/.m2/repository/com/github/almasb/fxgl/17.3/fxgl-17.3.jar!/fxglassets/textures/fxgl_icon.png
14:33:16.254 [FXGL Background Thread 3 ] DEBUG FXGLAssetLoaderServi - Loading from file system: jar:file:///C:/Users/HP/.m2/repository/com/github/almasb/fxgl/17.3/fxgl-17.3.jar!/fxglassets/ui/fonts/TerminalLandMono-Regular.otf
14:33:16.258 [FXGL Background Thread 3 ] DEBUG FXGLAssetLoaderServi - Loading from file system: jar:file:///C:/Users/HP/.m2/repository/com/github/almasb/fxgl/17.3/fxgl-17.3.jar!/fxglassets/ui/fonts/Courier-Prime.ttf
14:33:16.270 [JavaFX Application Thread] DEBUG FXGLAssetLoaderServi - Loading from file system: jar:file:///C:/Users/HP/.m2/repository/com/github/almasb/fxgl/17.3/fxgl-17.3.jar!/fxglassets/textures/fxgl_default_cursor.png
14:33:16.273 [JavaFX Application Thread] DEBUG Input                - Registered new binding: Screenshot - CTRL+8
14:33:16.277 [JavaFX Application Thread] DEBUG LoopRunner           - Starting loop
14:33:16.277 [JavaFX Application Thread] DEBUG LoopRunner           - Initializing JavaFX AnimationTimerLoop
14:33:16.280 [JavaFX Application Thread] DEBUG Input                - Clearing active input actions
14:33:16.286 [JavaFX Application Thread] DEBUG GameApplicationServi - Removing overlay from FXGLStartupScene and adding to FXGLMainMenuDummyScene
14:33:16.287 [JavaFX Application Thread] DEBUG PrimaryStageWindow   - FXGLStartupScene -> FXGLMainMenuDummyScene
14:33:16.287 [JavaFX Application Thread] DEBUG PrimaryStageWindow   - Push state: FXGLDefaultMenu
14:33:16.291 [JavaFX Application Thread] DEBUG Input                - Clearing active input actions
14:33:16.298 [JavaFX Application Thread] DEBUG GameApplicationServi - Removing overlay from FXGLMainMenuDummyScene and adding to FXGLDefaultMenu
14:33:16.298 [JavaFX Application Thread] DEBUG PrimaryStageWindow   - FXGLMainMenuDummyScene -> FXGLDefaultMenu
14:33:16.298 [JavaFX Application Thread] DEBUG FXGLApplication      - Registering font factories with UI factory
14:33:18.828 [JavaFX Application Thread] DEBUG Menu                 - fireNewGame()
14:33:18.829 [JavaFX Application Thread] DEBUG GameApplicationServi - Starting new game
14:33:18.831 [JavaFX Application Thread] DEBUG PrimaryStageWindow   - Pop state: FXGLDefaultMenu
14:33:18.831 [JavaFX Application Thread] DEBUG Input                - Clearing active input actions
14:33:18.832 [JavaFX Application Thread] DEBUG GameApplicationServi - Removing overlay from FXGLDefaultMenu and adding to FXGLMainMenuDummyScene
14:33:18.833 [JavaFX Application Thread] DEBUG PrimaryStageWindow   - FXGLMainMenuDummyScene <- FXGLDefaultMenu
14:33:18.833 [JavaFX Application Thread] DEBUG Input                - Clearing active input actions
14:33:18.839 [JavaFX Application Thread] DEBUG GameApplicationServi - Removing overlay from FXGLMainMenuDummyScene and adding to FXGLLoadingScene
14:33:18.839 [JavaFX Application Thread] DEBUG PrimaryStageWindow   - FXGLMainMenuDummyScene -> FXGLLoadingScene
14:33:18.839 [JavaFX Application Thread] DEBUG GameApplicationServi - Clearing previous game
14:33:18.839 [JavaFX Application Thread] DEBUG GameScene            - Clearing game scene
14:33:18.839 [JavaFX Application Thread] DEBUG GameWorld            - Clearing game world
14:33:18.839 [JavaFX Application Thread] DEBUG PhysicsWorld         - Clearing physics world
14:33:18.844 [FXGL Background Thread 3 ] DEBUG FXGLApplication      - Initializing game
14:33:18.934 [FXGL Background Thread 3 ] WARN  TMXLevelLoader       - TiledMap generated from 1.8.6. Supported version: 1.9.0. Some features may not be parsed fully.
14:33:18.949 [FXGL Background Thread 3 ] DEBUG TMXLevelLoader       - Parsed TiledMap: file:/C:/Users/HP/IdeaProjects/SpaceInvader/target/classes/assets/levels/level1.tmx
14:33:18.949 [FXGL Background Thread 3 ] DEBUG TMXLevelLoader       - Creating tile layer entities
14:33:18.951 [FXGL Background Thread 3 ] DEBUG TilesetLoader        - Loading view for layer Background
14:33:18.952 [FXGL Background Thread 3 ] DEBUG TilesetLoader        - Created buffer with size 512.0x720.0
14:33:18.963 [FXGL Background Thread 3 ] DEBUG TilesetLoader        - Loading view for layer UI
14:33:18.964 [FXGL Background Thread 3 ] DEBUG TilesetLoader        - Created buffer with size 512.0x720.0
14:33:18.965 [FXGL Background Thread 3 ] DEBUG TMXLevelLoader       - Creating object layer entities
14:33:18.968 [FXGL Background Thread 3 ] DEBUG FXGLAssetLoaderServi - Loading from file system: file:/C:/Users/HP/IdeaProjects/SpaceInvader/target/classes/assets/textures/Enemy.png
14:33:19.004 [FXGL Background Thread 3 ] DEBUG FXGLAssetLoaderServi - Loading from file system: file:/C:/Users/HP/IdeaProjects/SpaceInvader/target/classes/assets/textures/wall_left_1.png
14:33:19.007 [FXGL Background Thread 3 ] DEBUG FXGLAssetLoaderServi - Loading from file system: file:/C:/Users/HP/IdeaProjects/SpaceInvader/target/classes/assets/textures/wall_right_1.png
14:33:19.015 [FXGL Background Thread 3 ] DEBUG GameWorld            - Clearing removable entities
14:33:19.016 [FXGL Background Thread 3 ] DEBUG GameWorld            - Setting level: com.almasb.fxgl.entity.level.Level@36375883
14:33:19.057 [FXGL Background Thread 3 ] DEBUG FXGLAssetLoaderServi - Loading from file system: file:/C:/Users/HP/IdeaProjects/SpaceInvader/target/classes/assets/textures/player.png
14:33:19.067 [FXGL Background Thread 3 ] WARN  GameWorld            - Entity is already attached to world
14:33:19.068 [FXGL Background Thread 3 ] INFO  FXGLApplication      - Game initialization took: 0.224 sec
14:33:19.069 [JavaFX Application Thread] DEBUG Input                - Clearing active input actions
14:33:19.080 [JavaFX Application Thread] DEBUG GameApplicationServi - Removing overlay from FXGLLoadingScene and adding to GameScene
14:33:19.080 [JavaFX Application Thread] DEBUG PrimaryStageWindow   - FXGLLoadingScene -> GameScene
14:33:19.223 [FXGL Background Thread 2 ] DEBUG Engine               - Logging environment variables
14:33:19.224 [FXGL Background Thread 2 ] DEBUG Engine               - achievements: []
14:33:19.224 [FXGL Background Thread 2 ] DEBUG Engine               - actualHeight: 800.0
14:33:19.224 [FXGL Background Thread 2 ] DEBUG Engine               - actualHeightProperty: ReadOnlyDoubleProperty [value: 800.0]
14:33:19.224 [FXGL Background Thread 2 ] DEBUG Engine               - actualWidth: 640.0
14:33:19.224 [FXGL Background Thread 2 ] DEBUG Engine               - actualWidthProperty: ReadOnlyDoubleProperty [value: 640.0]
14:33:19.224 [FXGL Background Thread 2 ] DEBUG Engine               - appIcon: fxgl_icon.png
14:33:19.224 [FXGL Background Thread 2 ] DEBUG Engine               - applicationMode: RELEASE
14:33:19.224 [FXGL Background Thread 2 ] DEBUG Engine               - cSSList: [fxgl_dark.css]
14:33:19.224 [FXGL Background Thread 2 ] DEBUG Engine               - collisionDetectionStrategy: BRUTE_FORCE
14:33:19.224 [FXGL Background Thread 2 ] DEBUG Engine               - configClass: Optional.empty
14:33:19.224 [FXGL Background Thread 2 ] DEBUG Engine               - credits: []
14:33:19.225 [FXGL Background Thread 2 ] DEBUG Engine               - defaultCursor: CursorInfo(imageName=fxgl_default_cursor.png, hotspotX=7.0, hotspotY=6.0)
14:33:19.225 [FXGL Background Thread 2 ] DEBUG Engine               - devBBoxColorProperty: ObjectProperty [value: 0xff0000ff]
14:33:19.225 [FXGL Background Thread 2 ] DEBUG Engine               - devEnableDebugCameraProperty: BooleanProperty [value: false]
14:33:19.225 [FXGL Background Thread 2 ] DEBUG Engine               - devSensorColorProperty: ObjectProperty [value: 0xffff00ff]
14:33:19.225 [FXGL Background Thread 2 ] DEBUG Engine               - devShowBBoxProperty: BooleanProperty [value: false]
14:33:19.225 [FXGL Background Thread 2 ] DEBUG Engine               - devShowPositionProperty: BooleanProperty [value: false]
14:33:19.226 [FXGL Background Thread 2 ] DEBUG Engine               - enabledMenuItems: []
14:33:19.227 [FXGL Background Thread 2 ] DEBUG Engine               - engineServices: [class com.almasb.fxgl.app.services.FXGLAssetLoaderService, class com.almasb.fxgl.app.FXGLApplication$GameApplicationService, class com.almasb.fxgl.app.services.FXGLDialogService, class com.almasb.fxgl.app.services.IOTaskExecutorService, class com.almasb.fxgl.io.FileSystemService, class com.almasb.fxgl.localization.LocalizationService, class com.almasb.fxgl.app.services.SystemBundleService, class com.almasb.fxgl.profile.SaveLoadService, class com.almasb.fxgl.ui.FXGLUIFactoryServiceProvider, class com.almasb.fxgl.ui.FXGLDialogFactoryServiceProvider, class com.almasb.fxgl.audio.AudioPlayer, class com.almasb.fxgl.notification.impl.NotificationServiceProvider, class com.almasb.fxgl.achievement.AchievementService, class com.almasb.fxgl.cutscene.CutsceneService, class com.almasb.fxgl.minigames.MiniGameService, class com.almasb.fxgl.net.NetService, class com.almasb.fxgl.app.services.UpdaterService, class com.almasb.fxgl.dev.DevService]
14:33:19.227 [FXGL Background Thread 2 ] DEBUG Engine               - fontGame: Abel-Regular.ttf
14:33:19.227 [FXGL Background Thread 2 ] DEBUG Engine               - fontMono: TerminalLandMono-Regular.otf
14:33:19.227 [FXGL Background Thread 2 ] DEBUG Engine               - fontSizeScaleUI: 1.0
14:33:19.227 [FXGL Background Thread 2 ] DEBUG Engine               - fontText: Courier-Prime.ttf
14:33:19.227 [FXGL Background Thread 2 ] DEBUG Engine               - fontUI: VarelaRound-Regular.ttf
14:33:19.227 [FXGL Background Thread 2 ] DEBUG Engine               - fullScreen: BooleanProperty [value: false]
14:33:19.228 [FXGL Background Thread 2 ] DEBUG Engine               - gameDifficulty: MEDIUM
14:33:19.228 [FXGL Background Thread 2 ] DEBUG Engine               - gameDifficultyProperty: ObjectProperty [value: MEDIUM]
14:33:19.228 [FXGL Background Thread 2 ] DEBUG Engine               - globalMusicVolume: 0.5
14:33:19.228 [FXGL Background Thread 2 ] DEBUG Engine               - globalMusicVolumeProperty: DoubleProperty [value: 0.5]
14:33:19.228 [FXGL Background Thread 2 ] DEBUG Engine               - globalSoundVolume: 0.5
14:33:19.228 [FXGL Background Thread 2 ] DEBUG Engine               - globalSoundVolumeProperty: DoubleProperty [value: 0.5]
14:33:19.228 [FXGL Background Thread 2 ] DEBUG Engine               - height: 800
14:33:19.228 [FXGL Background Thread 2 ] DEBUG Engine               - is3D: false
14:33:19.228 [FXGL Background Thread 2 ] DEBUG Engine               - isAndroid: false
14:33:19.228 [FXGL Background Thread 2 ] DEBUG Engine               - isBrowser: false
14:33:19.229 [FXGL Background Thread 2 ] DEBUG Engine               - isClickFeedbackEnabled: false
14:33:19.229 [FXGL Background Thread 2 ] DEBUG Engine               - isCloseConfirmation: false
14:33:19.229 [FXGL Background Thread 2 ] DEBUG Engine               - isDesktop: true
14:33:19.229 [FXGL Background Thread 2 ] DEBUG Engine               - isDeveloperMenuEnabled: false
14:33:19.229 [FXGL Background Thread 2 ] DEBUG Engine               - isEmbedded: false
14:33:19.229 [FXGL Background Thread 2 ] DEBUG Engine               - isEntityPreloadEnabled: true
14:33:19.229 [FXGL Background Thread 2 ] DEBUG Engine               - isExperimentalTiledLargeMap: false
14:33:19.229 [FXGL Background Thread 2 ] DEBUG Engine               - isFileSystemWriteAllowed: true
14:33:19.229 [FXGL Background Thread 2 ] DEBUG Engine               - isFullScreenAllowed: false
14:33:19.229 [FXGL Background Thread 2 ] DEBUG Engine               - isFullScreenFromStart: false
14:33:19.229 [FXGL Background Thread 2 ] DEBUG Engine               - isGameMenuEnabled: true
14:33:19.229 [FXGL Background Thread 2 ] DEBUG Engine               - isIOS: false
14:33:19.229 [FXGL Background Thread 2 ] DEBUG Engine               - isIntroEnabled: false
14:33:19.229 [FXGL Background Thread 2 ] DEBUG Engine               - isLinux: false
14:33:19.229 [FXGL Background Thread 2 ] DEBUG Engine               - isMac: false
14:33:19.229 [FXGL Background Thread 2 ] DEBUG Engine               - isMainMenuEnabled: true
14:33:19.229 [FXGL Background Thread 2 ] DEBUG Engine               - isManualResizeEnabled: true
14:33:19.229 [FXGL Background Thread 2 ] DEBUG Engine               - isMobile: false
14:33:19.230 [FXGL Background Thread 2 ] DEBUG Engine               - isNative: false
14:33:19.230 [FXGL Background Thread 2 ] DEBUG Engine               - isPauseMusicWhenMinimized: true
14:33:19.230 [FXGL Background Thread 2 ] DEBUG Engine               - isPreserveResizeRatio: true
14:33:19.230 [FXGL Background Thread 2 ] DEBUG Engine               - isProfilingEnabled: false
14:33:19.230 [FXGL Background Thread 2 ] DEBUG Engine               - isScaleAffectedOnResize: true
14:33:19.230 [FXGL Background Thread 2 ] DEBUG Engine               - isSingleStep: false
14:33:19.230 [FXGL Background Thread 2 ] DEBUG Engine               - isUserProfileEnabled: false
14:33:19.230 [FXGL Background Thread 2 ] DEBUG Engine               - isWindows: true
14:33:19.230 [FXGL Background Thread 2 ] DEBUG Engine               - language: ObjectProperty [value: ENGLISH]
14:33:19.230 [FXGL Background Thread 2 ] DEBUG Engine               - menuKey: ESCAPE
14:33:19.230 [FXGL Background Thread 2 ] DEBUG Engine               - mouseSensitivity: 0.2
14:33:19.230 [FXGL Background Thread 2 ] DEBUG Engine               - notificationViewClass: class com.almasb.fxgl.notification.view.XboxNotificationView
14:33:19.230 [FXGL Background Thread 2 ] DEBUG Engine               - pixelsPerMeter: 50.0
14:33:19.230 [FXGL Background Thread 2 ] DEBUG Engine               - platform: WINDOWS
14:33:19.230 [FXGL Background Thread 2 ] DEBUG Engine               - prefHeightProperty: ReadOnlyDoubleProperty [value: 800.0]
14:33:19.230 [FXGL Background Thread 2 ] DEBUG Engine               - prefWidthProperty: ReadOnlyDoubleProperty [value: 640.0]
14:33:19.230 [FXGL Background Thread 2 ] DEBUG Engine               - profileDir: profiles/
14:33:19.230 [FXGL Background Thread 2 ] DEBUG Engine               - profileName: StringProperty [value: DEFAULT]
14:33:19.230 [FXGL Background Thread 2 ] DEBUG Engine               - randomSeed: -1
14:33:19.231 [FXGL Background Thread 2 ] DEBUG Engine               - runtimeInfo: RuntimeInfo(platform=WINDOWS, version=17.3, build=30.03.2023 11.49)
14:33:19.231 [FXGL Background Thread 2 ] DEBUG Engine               - saveFileExt: sav
14:33:19.231 [FXGL Background Thread 2 ] DEBUG Engine               - scaledHeightProp$fxgl: DoubleProperty [bound, value: 800.0]
14:33:19.231 [FXGL Background Thread 2 ] DEBUG Engine               - scaledWidthProp$fxgl: DoubleProperty [bound, value: 640.0]
14:33:19.231 [FXGL Background Thread 2 ] DEBUG Engine               - sceneFactory: com.almasb.fxgl.app.scene.SceneFactory@29cee4f3
14:33:19.231 [FXGL Background Thread 2 ] DEBUG Engine               - secondsIn24h: 60
14:33:19.231 [FXGL Background Thread 2 ] DEBUG Engine               - soundMenuBack: menu/back.wav
14:33:19.231 [FXGL Background Thread 2 ] DEBUG Engine               - soundMenuPress: menu/press.wav
14:33:19.231 [FXGL Background Thread 2 ] DEBUG Engine               - soundMenuSelect: menu/select.wav
14:33:19.231 [FXGL Background Thread 2 ] DEBUG Engine               - soundNotification: core/notification.wav
14:33:19.231 [FXGL Background Thread 2 ] DEBUG Engine               - stageStyle: DECORATED
14:33:19.232 [FXGL Background Thread 2 ] DEBUG Engine               - supportedLanguages: [ENGLISH, FRENCH, GERMAN, HUNGARIAN, RUSSIAN]
14:33:19.232 [FXGL Background Thread 2 ] DEBUG Engine               - ticksPerSecond: -1
14:33:19.232 [FXGL Background Thread 2 ] DEBUG Engine               - title: Space Invaders
14:33:19.232 [FXGL Background Thread 2 ] DEBUG Engine               - urlGithub: https://github.com/AlmasB/FXGL
14:33:19.232 [FXGL Background Thread 2 ] DEBUG Engine               - urlLeaderboard: http://fxgl-top.herokuapp.com/
14:33:19.232 [FXGL Background Thread 2 ] DEBUG Engine               - urlPOM: https://raw.githubusercontent.com/AlmasB/FXGL/release/README.md
14:33:19.232 [FXGL Background Thread 2 ] DEBUG Engine               - userAppClass: class fxgl.spaceinvader.SpaceInvaderApp
14:33:19.232 [FXGL Background Thread 2 ] DEBUG Engine               - version: 1.0.1
14:33:19.232 [FXGL Background Thread 2 ] DEBUG Engine               - versionCheckDays: 7
14:33:19.232 [FXGL Background Thread 2 ] DEBUG Engine               - width: 640
14:33:19.232 [FXGL Background Thread 2 ] DEBUG Engine               - Logging services
14:33:19.232 [FXGL Background Thread 2 ] DEBUG Engine               - class com.almasb.fxgl.app.services.FXGLAssetLoaderService
14:33:19.232 [FXGL Background Thread 2 ] DEBUG Engine               - class com.almasb.fxgl.app.FXGLApplication$GameApplicationService
14:33:19.232 [FXGL Background Thread 2 ] DEBUG Engine               - class com.almasb.fxgl.app.services.FXGLDialogService
14:33:19.232 [FXGL Background Thread 2 ] DEBUG Engine               - class com.almasb.fxgl.app.services.IOTaskExecutorService
14:33:19.232 [FXGL Background Thread 2 ] DEBUG Engine               - class com.almasb.fxgl.io.FileSystemService
14:33:19.232 [FXGL Background Thread 2 ] DEBUG Engine               - class com.almasb.fxgl.localization.LocalizationService
14:33:19.233 [FXGL Background Thread 2 ] DEBUG Engine               - class com.almasb.fxgl.app.services.SystemBundleService
14:33:19.233 [FXGL Background Thread 2 ] DEBUG Engine               - class com.almasb.fxgl.profile.SaveLoadService
14:33:19.233 [FXGL Background Thread 2 ] DEBUG Engine               - class com.almasb.fxgl.ui.FXGLUIFactoryServiceProvider
14:33:19.233 [FXGL Background Thread 2 ] DEBUG Engine               - class com.almasb.fxgl.ui.FXGLDialogFactoryServiceProvider
14:33:19.233 [FXGL Background Thread 2 ] DEBUG Engine               - class com.almasb.fxgl.audio.AudioPlayer
14:33:19.233 [FXGL Background Thread 2 ] DEBUG Engine               - class com.almasb.fxgl.notification.impl.NotificationServiceProvider
14:33:19.233 [FXGL Background Thread 2 ] DEBUG Engine               - class com.almasb.fxgl.achievement.AchievementService
14:33:19.233 [FXGL Background Thread 2 ] DEBUG Engine               - class com.almasb.fxgl.cutscene.CutsceneService
14:33:19.233 [FXGL Background Thread 2 ] DEBUG Engine               - class com.almasb.fxgl.minigames.MiniGameService
14:33:19.233 [FXGL Background Thread 2 ] DEBUG Engine               - class com.almasb.fxgl.net.NetService
14:33:19.233 [FXGL Background Thread 2 ] DEBUG Engine               - class com.almasb.fxgl.app.services.UpdaterService
14:33:19.233 [FXGL Background Thread 2 ] DEBUG Engine               - class com.almasb.fxgl.dev.DevService
14:33:23.416 [JavaFX Application Thread] DEBUG FXGLApplication      - Exiting FXGL
14:33:23.416 [JavaFX Application Thread] DEBUG LoopRunner           - Stopping loop
14:33:23.416 [JavaFX Application Thread] DEBUG SystemBundleService  - Saving FXGL system data
14:33:23.418 [JavaFX Application Thread] DEBUG FileSystemAccess     - Writing to: C:\Users\HP\IdeaProjects\SpaceInvader\system\fxgl.bundle
14:33:23.420 [JavaFX Application Thread] DEBUG Async                - Shutting down background threads
14:33:23.421 [JavaFX Application Thread] DEBUG PrimaryStageWindow   - Closing main window
14:33:23.436 [JavaFX Application Thread] DEBUG Logger               - Closing Logger
