18:12:11.110 [main                     ] DEBUG Logger               - Configured Logger
18:12:11.136 [main                     ] DEBUG GameApplication      - Logging settings
Title: Space Invaders
Version: 1.0.1
Width: 800
Height: 600
Fullscreen: false
Intro: false
Profiling: false
Single step:false
App Mode: RELEASE
Menu Key: ESCAPE
Stage Style: DECORATED
Scene Factory: class fxgl.spaceinvader.ui.MySceneFactory

18:12:11.462 [JavaFX Application Thread] DEBUG FXGLApplication      - Initializing FXGL
18:12:11.466 [JavaFX Application Thread] INFO  Engine               - FXGL-17.3 (30.03.2023 11.49) on WINDOWS (J:23 FX:17.0.6)
18:12:11.466 [JavaFX Application Thread] DEBUG Engine               - JRE Vendor Name: Oracle Corporation
18:12:11.466 [JavaFX Application Thread] DEBUG Engine               - Running on OS: Windows 10 version 10.0
18:12:11.467 [JavaFX Application Thread] DEBUG Engine               - Architecture: amd64
18:12:11.467 [JavaFX Application Thread] INFO  Engine               - Source code and latest versions at: https://github.com/AlmasB/FXGL
18:12:11.467 [JavaFX Application Thread] INFO  Engine               -       Ask questions and discuss at: https://github.com/AlmasB/FXGL/discussions
18:12:11.467 [JavaFX Application Thread] INFO  Engine               -              Join the FXGL chat at: https://gitter.im/AlmasB/FXGL
18:12:11.554 [JavaFX Application Thread] DEBUG PrimaryStageWindow   - Creating a JavaFX scene
18:12:11.603 [JavaFX Application Thread] DEBUG PrimaryStageWindow   - Target settings size: 800.0 x 600.0
18:12:11.604 [JavaFX Application Thread] DEBUG PrimaryStageWindow   - Scaled scene size:    800.0 x 600.0
18:12:11.604 [JavaFX Application Thread] DEBUG PrimaryStageWindow   - Scaled ratio: (1.0, 1.0)
18:12:11.605 [JavaFX Application Thread] DEBUG PrimaryStageWindow   - Set initial scene to FXGLStartupScene
18:12:11.613 [JavaFX Application Thread] DEBUG PrimaryStageWindow   - Opening main window
18:12:11.695 [JavaFX Application Thread] DEBUG PrimaryStageWindow   - Window border size: (14.4000244140625, 37.5999755859375)
18:12:11.695 [JavaFX Application Thread] DEBUG PrimaryStageWindow   - Scaled size: 800.0 x 600.0
18:12:11.696 [JavaFX Application Thread] DEBUG PrimaryStageWindow   - Scaled ratio: (1.0, 1.0)
18:12:11.696 [JavaFX Application Thread] DEBUG PrimaryStageWindow   - Scene size: 800.0 x 600.0
18:12:11.696 [JavaFX Application Thread] DEBUG PrimaryStageWindow   - Stage size: 814.4000244140625 x 637.5999755859375
18:12:11.707 [FXGL Background Thread 1 ] DEBUG Engine               - Initializing environment variables
18:12:11.820 [FXGL Background Thread 1 ] DEBUG FXGLAssetLoaderServi - User app class for loading assets: class fxgl.spaceinvader.SpaceInvaderApp
18:12:11.820 [FXGL Background Thread 1 ] DEBUG GameApplicationServi - Applying CSS: fxgl_dark.css
18:12:11.823 [FXGL Background Thread 1 ] DEBUG FXGLAssetLoaderServi - Loading from file system: jar:file:///C:/Users/HP/.m2/repository/com/github/almasb/fxgl/17.3/fxgl-17.3.jar!/fxglassets/ui/css/fxgl_dark.css
18:12:11.877 [FXGL Background Thread 1 ] DEBUG GameApplicationServi - Applying CSS: ui.css
18:12:11.877 [FXGL Background Thread 1 ] DEBUG FXGLAssetLoaderServi - Loading from file system: file:/C:/Users/HP/IdeaProjects/SpaceInvader/target/classes/assets/ui/css/ui.css
18:12:11.879 [FXGL Background Thread 1 ] DEBUG GameApplicationServi - Initializing application scenes
18:12:11.930 [FXGL Background Thread 1 ] DEBUG GameWorld            - Game world initialized
18:12:12.022 [FXGL Background Thread 1 ] DEBUG PhysicsWorld         - Physics world initialized: appHeight=600, physics.ppm=50.0
18:12:12.022 [FXGL Background Thread 1 ] DEBUG PhysicsWorld         - Using strategy: BRUTE_FORCE
18:12:12.028 [FXGL Background Thread 1 ] DEBUG GameScene            - Game scene initialized: 800x600
18:12:12.038 [FXGL Background Thread 1 ] DEBUG FXGLAssetLoaderServi - Loading from file system: file:/C:/Users/HP/IdeaProjects/SpaceInvader/target/classes/assets/textures/background/main_menu.png
18:12:12.108 [FXGL Background Thread 1 ] DEBUG FXGLAssetLoaderServi - Loading from file system: file:/C:/Users/HP/IdeaProjects/SpaceInvader/target/classes/assets/textures/background/Start.png
18:12:12.116 [FXGL Background Thread 1 ] DEBUG FXGLAssetLoaderServi - Loading from file system: file:/C:/Users/HP/IdeaProjects/SpaceInvader/target/classes/assets/textures/background/HighScores.png
18:12:12.119 [FXGL Background Thread 1 ] DEBUG FXGLAssetLoaderServi - Loading from file system: file:/C:/Users/HP/IdeaProjects/SpaceInvader/target/classes/assets/textures/background/Exit.png
18:12:12.132 [FXGL Background Thread 1 ] DEBUG FXGL.DefaultMenu     - createMenuBodyGameMenu()
18:12:12.143 [FXGL Background Thread 1 ] DEBUG FXGL.DefaultMenu     - createOptionsMenu()
18:12:12.152 [FXGL Background Thread 1 ] DEBUG FXGLAssetLoaderServi - Loading from file system: jar:file:///C:/Users/HP/.m2/repository/com/github/almasb/fxgl/17.3/fxgl-17.3.jar!/fxglassets/textures/particles/smoke.png
18:12:12.255 [FXGL Background Thread 1 ] DEBUG FXGLAssetLoaderServi - Loading from file system: jar:file:///C:/Users/HP/.m2/repository/com/github/almasb/fxgl/17.3/fxgl-17.3.jar!/fxglassets/textures/particles/trace_horizontal.png
18:12:12.282 [FXGL Background Thread 1 ] DEBUG GameApplicationServi - Application scenes initialized
18:12:12.299 [FXGL Background Thread 1 ] DEBUG SystemBundleService  - Loading FXGL system data
18:12:12.305 [FXGL Background Thread 1 ] DEBUG FileSystemAccess     - Reading from: C:\Users\HP\IdeaProjects\SpaceInvader\system\fxgl.bundle
18:12:12.314 [FXGL Background Thread 1 ] DEBUG SystemBundleService  - Bundle FXGL: {}
18:12:12.317 [FXGL Background Thread 3 ] DEBUG FXGLApplication      - Loading fonts
18:12:12.318 [FXGL Background Thread 3 ] DEBUG FXGLAssetLoaderServi - Loading from file system: file:/C:/Users/HP/IdeaProjects/SpaceInvader/target/classes/assets/ui/fonts/ARCADECLASSIC.TTF
18:12:12.318 [FXGL Background Thread 1 ] DEBUG FXGLApplication      - Loading default localization
18:12:12.319 [FXGL Background Thread 1 ] DEBUG FXGLAssetLoaderServi - Loading from file system: jar:file:///C:/Users/HP/.m2/repository/com/github/almasb/fxgl/17.3/fxgl-17.3.jar!/fxglassets/languages/english.lang
18:12:12.342 [FXGL Background Thread 1 ] INFO  FXGLApplication      - FXGL initialization took: 0.634 sec
18:12:12.353 [JavaFX Application Thread] DEBUG Input                - Registered new binding: Move Left - Left
18:12:12.354 [JavaFX Application Thread] DEBUG Input                - Registered new binding: Move Right - Right
18:12:12.354 [JavaFX Application Thread] DEBUG Input                - Registered new binding: Shoot - Up
18:12:12.355 [JavaFX Application Thread] DEBUG Input                - Registered new binding: Shield Up - Space
18:12:12.355 [JavaFX Application Thread] DEBUG FXGLAssetLoaderServi - Loading from file system: file:/C:/Users/HP/IdeaProjects/SpaceInvader/target/classes/assets/music/bgm.mp3
18:12:12.500 [JavaFX Application Thread] DEBUG AudioPlayer          - Playing music com.almasb.fxgl.audio.Music@383fe829
18:12:12.504 [JavaFX Application Thread] DEBUG FXGLAssetLoaderServi - Loading from file system: jar:file:///C:/Users/HP/.m2/repository/com/github/almasb/fxgl/17.3/fxgl-17.3.jar!/fxglassets/textures/fxgl_icon.png
18:12:12.521 [JavaFX Application Thread] DEBUG FXGLAssetLoaderServi - Loading from file system: jar:file:///C:/Users/HP/.m2/repository/com/github/almasb/fxgl/17.3/fxgl-17.3.jar!/fxglassets/textures/fxgl_default_cursor.png
18:12:12.524 [JavaFX Application Thread] DEBUG Input                - Registered new binding: Screenshot - CTRL+8
18:12:12.528 [JavaFX Application Thread] DEBUG LoopRunner           - Starting loop
18:12:12.528 [JavaFX Application Thread] DEBUG LoopRunner           - Initializing JavaFX AnimationTimerLoop
18:12:12.531 [JavaFX Application Thread] DEBUG Input                - Clearing active input actions
18:12:12.549 [JavaFX Application Thread] DEBUG GameApplicationServi - Removing overlay from FXGLStartupScene and adding to FXGLMainMenuDummyScene
18:12:12.550 [JavaFX Application Thread] DEBUG PrimaryStageWindow   - FXGLStartupScene -> FXGLMainMenuDummyScene
18:12:12.550 [JavaFX Application Thread] DEBUG PrimaryStageWindow   - Push state: MenuTest
18:12:12.550 [JavaFX Application Thread] DEBUG Input                - Clearing active input actions
18:12:12.559 [JavaFX Application Thread] DEBUG GameApplicationServi - Removing overlay from FXGLMainMenuDummyScene and adding to MenuTest
18:12:12.560 [JavaFX Application Thread] DEBUG PrimaryStageWindow   - FXGLMainMenuDummyScene -> MenuTest
18:12:12.560 [JavaFX Application Thread] DEBUG FXGLApplication      - Registering font factories with UI factory
18:12:14.853 [JavaFX Application Thread] DEBUG FXGLApplication      - Exiting FXGL
18:12:14.853 [JavaFX Application Thread] DEBUG LoopRunner           - Stopping loop
18:12:14.853 [JavaFX Application Thread] DEBUG SystemBundleService  - Saving FXGL system data
18:12:14.855 [JavaFX Application Thread] DEBUG FileSystemAccess     - Writing to: C:\Users\HP\IdeaProjects\SpaceInvader\system\fxgl.bundle
18:12:14.858 [JavaFX Application Thread] DEBUG Async                - Shutting down background threads
18:12:14.858 [JavaFX Application Thread] DEBUG PrimaryStageWindow   - Closing main window
18:12:14.885 [JavaFX Application Thread] DEBUG Logger               - Closing Logger
