01:38:42.695 [main                     ] DEBUG Logger               - Configured Logger
01:38:42.726 [main                     ] DEBUG GameApplication      - Logging settings
Title: Space Invaders
Version: 1.0.1
Width: 512
Height: 720
Fullscreen: false
Intro: false
Profiling: false
Single step:false
App Mode: RELEASE
Menu Key: ESCAPE
Stage Style: DECORATED
Scene Factory: class com.almasb.fxgl.app.scene.SceneFactory

01:38:43.054 [JavaFX Application Thread] DEBUG FXGLApplication      - Initializing FXGL
01:38:43.057 [JavaFX Application Thread] INFO  Engine               - FXGL-17.3 (30.03.2023 11.49) on WINDOWS (J:23 FX:17.0.6)
01:38:43.058 [JavaFX Application Thread] DEBUG Engine               - JRE Vendor Name: Oracle Corporation
01:38:43.058 [JavaFX Application Thread] DEBUG Engine               - Running on OS: Windows 10 version 10.0
01:38:43.058 [JavaFX Application Thread] DEBUG Engine               - Architecture: amd64
01:38:43.058 [JavaFX Application Thread] INFO  Engine               - Source code and latest versions at: https://github.com/AlmasB/FXGL
01:38:43.058 [JavaFX Application Thread] INFO  Engine               -       Ask questions and discuss at: https://github.com/AlmasB/FXGL/discussions
01:38:43.058 [JavaFX Application Thread] INFO  Engine               -              Join the FXGL chat at: https://gitter.im/AlmasB/FXGL
01:38:43.149 [JavaFX Application Thread] DEBUG PrimaryStageWindow   - Creating a JavaFX scene
01:38:43.194 [JavaFX Application Thread] DEBUG PrimaryStageWindow   - Target settings size: 512.0 x 720.0
01:38:43.194 [JavaFX Application Thread] DEBUG PrimaryStageWindow   - Scaled scene size:    512.0 x 720.0
01:38:43.195 [JavaFX Application Thread] DEBUG PrimaryStageWindow   - Scaled ratio: (1.0, 1.0)
01:38:43.196 [JavaFX Application Thread] DEBUG PrimaryStageWindow   - Set initial scene to FXGLStartupScene
01:38:43.204 [JavaFX Application Thread] DEBUG PrimaryStageWindow   - Opening main window
01:38:43.293 [JavaFX Application Thread] DEBUG PrimaryStageWindow   - Window border size: (14.4000244140625, 37.5999755859375)
01:38:43.294 [JavaFX Application Thread] DEBUG PrimaryStageWindow   - Scaled size: 512.0 x 720.0
01:38:43.295 [JavaFX Application Thread] DEBUG PrimaryStageWindow   - Scaled ratio: (1.0, 1.0)
01:38:43.295 [JavaFX Application Thread] DEBUG PrimaryStageWindow   - Scene size: 512.0 x 720.0
01:38:43.295 [JavaFX Application Thread] DEBUG PrimaryStageWindow   - Stage size: 526.4000244140625 x 757.5999755859375
01:38:43.305 [FXGL Background Thread 1 ] DEBUG Engine               - Initializing environment variables
01:38:43.415 [FXGL Background Thread 1 ] DEBUG FXGLAssetLoaderServi - User app class for loading assets: class fxgl.spaceinvader.SpaceInvaderApp
01:38:43.416 [FXGL Background Thread 1 ] DEBUG GameApplicationServi - Applying CSS: fxgl_dark.css
01:38:43.416 [FXGL Background Thread 1 ] DEBUG FXGLAssetLoaderServi - Loading from file system: jar:file:///C:/Users/HP/.m2/repository/com/github/almasb/fxgl/17.3/fxgl-17.3.jar!/fxglassets/ui/css/fxgl_dark.css
01:38:43.476 [FXGL Background Thread 1 ] DEBUG GameApplicationServi - Initializing application scenes
01:38:43.520 [FXGL Background Thread 1 ] DEBUG GameWorld            - Game world initialized
01:38:43.593 [FXGL Background Thread 1 ] DEBUG PhysicsWorld         - Physics world initialized: appHeight=720, physics.ppm=50.0
01:38:43.594 [FXGL Background Thread 1 ] DEBUG PhysicsWorld         - Using strategy: BRUTE_FORCE
01:38:43.599 [FXGL Background Thread 1 ] DEBUG GameScene            - Game scene initialized: 512x720
01:38:43.616 [FXGL Background Thread 1 ] WARN  FXGL.DefaultMenu     - FXGLDefaultMenu is not designed for resolutions < 800x600
01:38:43.616 [FXGL Background Thread 1 ] DEBUG FXGL.DefaultMenu     - createMenuBodyMainMenu()
01:38:43.632 [FXGL Background Thread 1 ] DEBUG FXGL.DefaultMenu     - createOptionsMenu()
01:38:43.646 [FXGL Background Thread 1 ] DEBUG FXGLAssetLoaderServi - Loading from file system: jar:file:///C:/Users/HP/.m2/repository/com/github/almasb/fxgl/17.3/fxgl-17.3.jar!/fxglassets/textures/particles/smoke.png
01:38:43.734 [FXGL Background Thread 1 ] DEBUG FXGLAssetLoaderServi - Loading from file system: jar:file:///C:/Users/HP/.m2/repository/com/github/almasb/fxgl/17.3/fxgl-17.3.jar!/fxglassets/textures/particles/trace_horizontal.png
01:38:43.762 [FXGL Background Thread 1 ] WARN  FXGL.DefaultMenu     - FXGLDefaultMenu is not designed for resolutions < 800x600
01:38:43.762 [FXGL Background Thread 1 ] DEBUG FXGL.DefaultMenu     - createMenuBodyGameMenu()
01:38:43.763 [FXGL Background Thread 1 ] DEBUG FXGL.DefaultMenu     - createOptionsMenu()
01:38:43.777 [FXGL Background Thread 1 ] DEBUG GameApplicationServi - Application scenes initialized
01:38:43.787 [FXGL Background Thread 1 ] DEBUG SystemBundleService  - Loading FXGL system data
01:38:43.791 [FXGL Background Thread 1 ] DEBUG FileSystemAccess     - Reading from: C:\Users\HP\IdeaProjects\SpaceInvader\system\fxgl.bundle
01:38:43.799 [FXGL Background Thread 1 ] DEBUG SystemBundleService  - Bundle FXGL: {}
01:38:43.802 [FXGL Background Thread 3 ] DEBUG FXGLApplication      - Loading fonts
01:38:43.802 [FXGL Background Thread 3 ] DEBUG FXGLAssetLoaderServi - Loading from file system: jar:file:///C:/Users/HP/.m2/repository/com/github/almasb/fxgl/17.3/fxgl-17.3.jar!/fxglassets/ui/fonts/VarelaRound-Regular.ttf
01:38:43.802 [FXGL Background Thread 1 ] DEBUG FXGLApplication      - Loading default localization
01:38:43.803 [FXGL Background Thread 1 ] DEBUG FXGLAssetLoaderServi - Loading from file system: jar:file:///C:/Users/HP/.m2/repository/com/github/almasb/fxgl/17.3/fxgl-17.3.jar!/fxglassets/languages/english.lang
01:38:43.821 [FXGL Background Thread 1 ] INFO  FXGLApplication      - FXGL initialization took: 0.516 sec
01:38:43.828 [FXGL Background Thread 3 ] DEBUG FXGLAssetLoaderServi - Loading from file system: jar:file:///C:/Users/HP/.m2/repository/com/github/almasb/fxgl/17.3/fxgl-17.3.jar!/fxglassets/ui/fonts/Abel-Regular.ttf
01:38:43.831 [FXGL Background Thread 3 ] DEBUG FXGLAssetLoaderServi - Loading from file system: jar:file:///C:/Users/HP/.m2/repository/com/github/almasb/fxgl/17.3/fxgl-17.3.jar!/fxglassets/ui/fonts/TerminalLandMono-Regular.otf
01:38:43.832 [JavaFX Application Thread] DEBUG Input                - Registered new binding: Move Left - Left
01:38:43.832 [JavaFX Application Thread] DEBUG Input                - Registered new binding: Move Right - Right
01:38:43.832 [JavaFX Application Thread] DEBUG Input                - Registered new binding: Shoot - Up
01:38:43.832 [JavaFX Application Thread] DEBUG Input                - Registered new binding: Shield Up - Space
01:38:43.834 [JavaFX Application Thread] DEBUG FXGLAssetLoaderServi - Loading from file system: jar:file:///C:/Users/HP/.m2/repository/com/github/almasb/fxgl/17.3/fxgl-17.3.jar!/fxglassets/textures/fxgl_icon.png
01:38:43.835 [FXGL Background Thread 3 ] DEBUG FXGLAssetLoaderServi - Loading from file system: jar:file:///C:/Users/HP/.m2/repository/com/github/almasb/fxgl/17.3/fxgl-17.3.jar!/fxglassets/ui/fonts/Courier-Prime.ttf
01:38:43.850 [JavaFX Application Thread] DEBUG FXGLAssetLoaderServi - Loading from file system: jar:file:///C:/Users/HP/.m2/repository/com/github/almasb/fxgl/17.3/fxgl-17.3.jar!/fxglassets/textures/fxgl_default_cursor.png
01:38:43.852 [JavaFX Application Thread] DEBUG Input                - Registered new binding: Screenshot - CTRL+8
01:38:43.857 [JavaFX Application Thread] DEBUG LoopRunner           - Starting loop
01:38:43.857 [JavaFX Application Thread] DEBUG LoopRunner           - Initializing JavaFX AnimationTimerLoop
01:38:43.859 [JavaFX Application Thread] DEBUG Input                - Clearing active input actions
01:38:43.868 [JavaFX Application Thread] DEBUG GameApplicationServi - Removing overlay from FXGLStartupScene and adding to FXGLMainMenuDummyScene
01:38:43.868 [JavaFX Application Thread] DEBUG PrimaryStageWindow   - FXGLStartupScene -> FXGLMainMenuDummyScene
01:38:43.869 [JavaFX Application Thread] DEBUG PrimaryStageWindow   - Push state: FXGLDefaultMenu
01:38:43.874 [JavaFX Application Thread] DEBUG Input                - Clearing active input actions
01:38:43.880 [JavaFX Application Thread] DEBUG GameApplicationServi - Removing overlay from FXGLMainMenuDummyScene and adding to FXGLDefaultMenu
01:38:43.881 [JavaFX Application Thread] DEBUG PrimaryStageWindow   - FXGLMainMenuDummyScene -> FXGLDefaultMenu
01:38:43.881 [JavaFX Application Thread] DEBUG FXGLApplication      - Registering font factories with UI factory
01:38:44.757 [JavaFX Application Thread] DEBUG Menu                 - fireNewGame()
01:38:44.757 [JavaFX Application Thread] DEBUG GameApplicationServi - Starting new game
01:38:44.759 [JavaFX Application Thread] DEBUG PrimaryStageWindow   - Pop state: FXGLDefaultMenu
01:38:44.759 [JavaFX Application Thread] DEBUG Input                - Clearing active input actions
01:38:44.760 [JavaFX Application Thread] DEBUG GameApplicationServi - Removing overlay from FXGLDefaultMenu and adding to FXGLMainMenuDummyScene
01:38:44.760 [JavaFX Application Thread] DEBUG PrimaryStageWindow   - FXGLMainMenuDummyScene <- FXGLDefaultMenu
01:38:44.761 [JavaFX Application Thread] DEBUG Input                - Clearing active input actions
01:38:44.770 [JavaFX Application Thread] DEBUG GameApplicationServi - Removing overlay from FXGLMainMenuDummyScene and adding to FXGLLoadingScene
01:38:44.770 [JavaFX Application Thread] DEBUG PrimaryStageWindow   - FXGLMainMenuDummyScene -> FXGLLoadingScene
01:38:44.770 [JavaFX Application Thread] DEBUG GameApplicationServi - Clearing previous game
01:38:44.770 [JavaFX Application Thread] DEBUG GameScene            - Clearing game scene
01:38:44.770 [JavaFX Application Thread] DEBUG GameWorld            - Clearing game world
01:38:44.771 [JavaFX Application Thread] DEBUG PhysicsWorld         - Clearing physics world
01:38:44.774 [FXGL Background Thread 3 ] DEBUG FXGLApplication      - Initializing game
01:38:44.853 [FXGL Background Thread 3 ] WARN  TMXLevelLoader       - TiledMap generated from 1.8.6. Supported version: 1.9.0. Some features may not be parsed fully.
01:38:44.871 [FXGL Background Thread 3 ] DEBUG TMXLevelLoader       - Parsed TiledMap: file:/C:/Users/HP/IdeaProjects/SpaceInvader/target/classes/assets/levels/level1.tmx
01:38:44.873 [FXGL Background Thread 3 ] DEBUG TMXLevelLoader       - Creating tile layer entities
01:38:44.876 [FXGL Background Thread 3 ] DEBUG TilesetLoader        - Loading view for layer Background
01:38:44.877 [FXGL Background Thread 3 ] DEBUG TilesetLoader        - Created buffer with size 512.0x720.0
01:38:44.886 [FXGL Background Thread 3 ] DEBUG TilesetLoader        - Loading view for layer UI
01:38:44.887 [FXGL Background Thread 3 ] DEBUG TilesetLoader        - Created buffer with size 512.0x720.0
01:38:44.888 [FXGL Background Thread 3 ] DEBUG TMXLevelLoader       - Creating object layer entities
01:38:44.894 [FXGL Background Thread 3 ] DEBUG FXGLAssetLoaderServi - Loading from file system: file:/C:/Users/HP/IdeaProjects/SpaceInvader/target/classes/assets/textures/Egg.png
01:38:44.927 [FXGL Background Thread 3 ] DEBUG FXGLAssetLoaderServi - Loading from file system: file:/C:/Users/HP/IdeaProjects/SpaceInvader/target/classes/assets/textures/Frog.png
01:38:44.935 [FXGL Background Thread 3 ] DEBUG FXGLAssetLoaderServi - Loading from file system: file:/C:/Users/HP/IdeaProjects/SpaceInvader/target/classes/assets/textures/Demon.png
01:38:44.944 [FXGL Background Thread 3 ] DEBUG FXGLAssetLoaderServi - Loading from file system: file:/C:/Users/HP/IdeaProjects/SpaceInvader/target/classes/assets/textures/wall_left_1.png
01:38:44.948 [FXGL Background Thread 3 ] DEBUG FXGLAssetLoaderServi - Loading from file system: file:/C:/Users/HP/IdeaProjects/SpaceInvader/target/classes/assets/textures/wall_right_1.png
01:38:44.958 [FXGL Background Thread 3 ] DEBUG GameWorld            - Clearing removable entities
01:38:44.959 [FXGL Background Thread 3 ] DEBUG GameWorld            - Setting level: com.almasb.fxgl.entity.level.Level@505e242c
01:38:45.009 [FXGL Background Thread 3 ] DEBUG FXGLAssetLoaderServi - Loading from file system: file:/C:/Users/HP/IdeaProjects/SpaceInvader/target/classes/assets/textures/player.png
01:38:45.014 [FXGL Background Thread 3 ] INFO  FXGLApplication      - Game initialization took: 0.241 sec
01:38:45.021 [JavaFX Application Thread] DEBUG Input                - Clearing active input actions
01:38:45.031 [JavaFX Application Thread] DEBUG GameApplicationServi - Removing overlay from FXGLLoadingScene and adding to GameScene
01:38:45.031 [JavaFX Application Thread] DEBUG PrimaryStageWindow   - FXGLLoadingScene -> GameScene
01:38:46.801 [FXGL Background Thread 2 ] DEBUG Engine               - Logging environment variables
01:38:46.802 [FXGL Background Thread 2 ] DEBUG Engine               - achievements: []
01:38:46.802 [FXGL Background Thread 2 ] DEBUG Engine               - actualHeight: 720.0
01:38:46.802 [FXGL Background Thread 2 ] DEBUG Engine               - actualHeightProperty: ReadOnlyDoubleProperty [value: 720.0]
01:38:46.802 [FXGL Background Thread 2 ] DEBUG Engine               - actualWidth: 512.0
01:38:46.802 [FXGL Background Thread 2 ] DEBUG Engine               - actualWidthProperty: ReadOnlyDoubleProperty [value: 512.0]
01:38:46.802 [FXGL Background Thread 2 ] DEBUG Engine               - appIcon: fxgl_icon.png
01:38:46.802 [FXGL Background Thread 2 ] DEBUG Engine               - applicationMode: RELEASE
01:38:46.802 [FXGL Background Thread 2 ] DEBUG Engine               - cSSList: [fxgl_dark.css]
01:38:46.802 [FXGL Background Thread 2 ] DEBUG Engine               - collisionDetectionStrategy: BRUTE_FORCE
01:38:46.802 [FXGL Background Thread 2 ] DEBUG Engine               - configClass: Optional.empty
01:38:46.803 [FXGL Background Thread 2 ] DEBUG Engine               - credits: []
01:38:46.803 [FXGL Background Thread 2 ] DEBUG Engine               - defaultCursor: CursorInfo(imageName=fxgl_default_cursor.png, hotspotX=7.0, hotspotY=6.0)
01:38:46.803 [FXGL Background Thread 2 ] DEBUG Engine               - devBBoxColorProperty: ObjectProperty [value: 0xff0000ff]
01:38:46.803 [FXGL Background Thread 2 ] DEBUG Engine               - devEnableDebugCameraProperty: BooleanProperty [value: false]
01:38:46.803 [FXGL Background Thread 2 ] DEBUG Engine               - devSensorColorProperty: ObjectProperty [value: 0xffff00ff]
01:38:46.803 [FXGL Background Thread 2 ] DEBUG Engine               - devShowBBoxProperty: BooleanProperty [value: false]
01:38:46.803 [FXGL Background Thread 2 ] DEBUG Engine               - devShowPositionProperty: BooleanProperty [value: false]
01:38:46.803 [FXGL Background Thread 2 ] DEBUG Engine               - enabledMenuItems: []
01:38:46.804 [FXGL Background Thread 2 ] DEBUG Engine               - engineServices: [class com.almasb.fxgl.app.services.FXGLAssetLoaderService, class com.almasb.fxgl.app.FXGLApplication$GameApplicationService, class com.almasb.fxgl.app.services.FXGLDialogService, class com.almasb.fxgl.app.services.IOTaskExecutorService, class com.almasb.fxgl.io.FileSystemService, class com.almasb.fxgl.localization.LocalizationService, class com.almasb.fxgl.app.services.SystemBundleService, class com.almasb.fxgl.profile.SaveLoadService, class com.almasb.fxgl.ui.FXGLUIFactoryServiceProvider, class com.almasb.fxgl.ui.FXGLDialogFactoryServiceProvider, class com.almasb.fxgl.audio.AudioPlayer, class com.almasb.fxgl.notification.impl.NotificationServiceProvider, class com.almasb.fxgl.achievement.AchievementService, class com.almasb.fxgl.cutscene.CutsceneService, class com.almasb.fxgl.minigames.MiniGameService, class com.almasb.fxgl.net.NetService, class com.almasb.fxgl.app.services.UpdaterService, class com.almasb.fxgl.dev.DevService]
01:38:46.804 [FXGL Background Thread 2 ] DEBUG Engine               - fontGame: Abel-Regular.ttf
01:38:46.804 [FXGL Background Thread 2 ] DEBUG Engine               - fontMono: TerminalLandMono-Regular.otf
01:38:46.804 [FXGL Background Thread 2 ] DEBUG Engine               - fontSizeScaleUI: 1.0
01:38:46.804 [FXGL Background Thread 2 ] DEBUG Engine               - fontText: Courier-Prime.ttf
01:38:46.804 [FXGL Background Thread 2 ] DEBUG Engine               - fontUI: VarelaRound-Regular.ttf
01:38:46.804 [FXGL Background Thread 2 ] DEBUG Engine               - fullScreen: BooleanProperty [value: false]
01:38:46.804 [FXGL Background Thread 2 ] DEBUG Engine               - gameDifficulty: MEDIUM
01:38:46.805 [FXGL Background Thread 2 ] DEBUG Engine               - gameDifficultyProperty: ObjectProperty [value: MEDIUM]
01:38:46.805 [FXGL Background Thread 2 ] DEBUG Engine               - globalMusicVolume: 0.5
01:38:46.805 [FXGL Background Thread 2 ] DEBUG Engine               - globalMusicVolumeProperty: DoubleProperty [value: 0.5]
01:38:46.805 [FXGL Background Thread 2 ] DEBUG Engine               - globalSoundVolume: 0.5
01:38:46.805 [FXGL Background Thread 2 ] DEBUG Engine               - globalSoundVolumeProperty: DoubleProperty [value: 0.5]
01:38:46.805 [FXGL Background Thread 2 ] DEBUG Engine               - height: 720
01:38:46.806 [FXGL Background Thread 2 ] DEBUG Engine               - is3D: false
01:38:46.806 [FXGL Background Thread 2 ] DEBUG Engine               - isAndroid: false
01:38:46.806 [FXGL Background Thread 2 ] DEBUG Engine               - isBrowser: false
01:38:46.806 [FXGL Background Thread 2 ] DEBUG Engine               - isClickFeedbackEnabled: false
01:38:46.806 [FXGL Background Thread 2 ] DEBUG Engine               - isCloseConfirmation: false
01:38:46.806 [FXGL Background Thread 2 ] DEBUG Engine               - isDesktop: true
01:38:46.806 [FXGL Background Thread 2 ] DEBUG Engine               - isDeveloperMenuEnabled: false
01:38:46.806 [FXGL Background Thread 2 ] DEBUG Engine               - isEmbedded: false
01:38:46.806 [FXGL Background Thread 2 ] DEBUG Engine               - isEntityPreloadEnabled: true
01:38:46.806 [FXGL Background Thread 2 ] DEBUG Engine               - isExperimentalTiledLargeMap: false
01:38:46.806 [FXGL Background Thread 2 ] DEBUG Engine               - isFileSystemWriteAllowed: true
01:38:46.806 [FXGL Background Thread 2 ] DEBUG Engine               - isFullScreenAllowed: false
01:38:46.806 [FXGL Background Thread 2 ] DEBUG Engine               - isFullScreenFromStart: false
01:38:46.807 [FXGL Background Thread 2 ] DEBUG Engine               - isGameMenuEnabled: true
01:38:46.807 [FXGL Background Thread 2 ] DEBUG Engine               - isIOS: false
01:38:46.807 [FXGL Background Thread 2 ] DEBUG Engine               - isIntroEnabled: false
01:38:46.807 [FXGL Background Thread 2 ] DEBUG Engine               - isLinux: false
01:38:46.807 [FXGL Background Thread 2 ] DEBUG Engine               - isMac: false
01:38:46.807 [FXGL Background Thread 2 ] DEBUG Engine               - isMainMenuEnabled: true
01:38:46.807 [FXGL Background Thread 2 ] DEBUG Engine               - isManualResizeEnabled: true
01:38:46.807 [FXGL Background Thread 2 ] DEBUG Engine               - isMobile: false
01:38:46.807 [FXGL Background Thread 2 ] DEBUG Engine               - isNative: false
01:38:46.807 [FXGL Background Thread 2 ] DEBUG Engine               - isPauseMusicWhenMinimized: true
01:38:46.807 [FXGL Background Thread 2 ] DEBUG Engine               - isPreserveResizeRatio: true
01:38:46.807 [FXGL Background Thread 2 ] DEBUG Engine               - isProfilingEnabled: false
01:38:46.807 [FXGL Background Thread 2 ] DEBUG Engine               - isScaleAffectedOnResize: true
01:38:46.807 [FXGL Background Thread 2 ] DEBUG Engine               - isSingleStep: false
01:38:46.807 [FXGL Background Thread 2 ] DEBUG Engine               - isUserProfileEnabled: false
01:38:46.807 [FXGL Background Thread 2 ] DEBUG Engine               - isWindows: true
01:38:46.807 [FXGL Background Thread 2 ] DEBUG Engine               - language: ObjectProperty [value: ENGLISH]
01:38:46.807 [FXGL Background Thread 2 ] DEBUG Engine               - menuKey: ESCAPE
01:38:46.807 [FXGL Background Thread 2 ] DEBUG Engine               - mouseSensitivity: 0.2
01:38:46.807 [FXGL Background Thread 2 ] DEBUG Engine               - notificationViewClass: class com.almasb.fxgl.notification.view.XboxNotificationView
01:38:46.808 [FXGL Background Thread 2 ] DEBUG Engine               - pixelsPerMeter: 50.0
01:38:46.808 [FXGL Background Thread 2 ] DEBUG Engine               - platform: WINDOWS
01:38:46.808 [FXGL Background Thread 2 ] DEBUG Engine               - prefHeightProperty: ReadOnlyDoubleProperty [value: 720.0]
01:38:46.808 [FXGL Background Thread 2 ] DEBUG Engine               - prefWidthProperty: ReadOnlyDoubleProperty [value: 512.0]
01:38:46.808 [FXGL Background Thread 2 ] DEBUG Engine               - profileDir: profiles/
01:38:46.808 [FXGL Background Thread 2 ] DEBUG Engine               - profileName: StringProperty [value: DEFAULT]
01:38:46.808 [FXGL Background Thread 2 ] DEBUG Engine               - randomSeed: -1
01:38:46.808 [FXGL Background Thread 2 ] DEBUG Engine               - runtimeInfo: RuntimeInfo(platform=WINDOWS, version=17.3, build=30.03.2023 11.49)
01:38:46.808 [FXGL Background Thread 2 ] DEBUG Engine               - saveFileExt: sav
01:38:46.808 [FXGL Background Thread 2 ] DEBUG Engine               - scaledHeightProp$fxgl: DoubleProperty [bound, value: 720.0]
01:38:46.808 [FXGL Background Thread 2 ] DEBUG Engine               - scaledWidthProp$fxgl: DoubleProperty [bound, value: 512.0]
01:38:46.808 [FXGL Background Thread 2 ] DEBUG Engine               - sceneFactory: com.almasb.fxgl.app.scene.SceneFactory@290bbe0c
01:38:46.808 [FXGL Background Thread 2 ] DEBUG Engine               - secondsIn24h: 60
01:38:46.808 [FXGL Background Thread 2 ] DEBUG Engine               - soundMenuBack: menu/back.wav
01:38:46.809 [FXGL Background Thread 2 ] DEBUG Engine               - soundMenuPress: menu/press.wav
01:38:46.809 [FXGL Background Thread 2 ] DEBUG Engine               - soundMenuSelect: menu/select.wav
01:38:46.809 [FXGL Background Thread 2 ] DEBUG Engine               - soundNotification: core/notification.wav
01:38:46.809 [FXGL Background Thread 2 ] DEBUG Engine               - stageStyle: DECORATED
01:38:46.809 [FXGL Background Thread 2 ] DEBUG Engine               - supportedLanguages: [ENGLISH, FRENCH, GERMAN, HUNGARIAN, RUSSIAN]
01:38:46.809 [FXGL Background Thread 2 ] DEBUG Engine               - ticksPerSecond: -1
01:38:46.809 [FXGL Background Thread 2 ] DEBUG Engine               - title: Space Invaders
01:38:46.809 [FXGL Background Thread 2 ] DEBUG Engine               - urlGithub: https://github.com/AlmasB/FXGL
01:38:46.809 [FXGL Background Thread 2 ] DEBUG Engine               - urlLeaderboard: http://fxgl-top.herokuapp.com/
01:38:46.809 [FXGL Background Thread 2 ] DEBUG Engine               - urlPOM: https://raw.githubusercontent.com/AlmasB/FXGL/release/README.md
01:38:46.809 [FXGL Background Thread 2 ] DEBUG Engine               - userAppClass: class fxgl.spaceinvader.SpaceInvaderApp
01:38:46.809 [FXGL Background Thread 2 ] DEBUG Engine               - version: 1.0.1
01:38:46.809 [FXGL Background Thread 2 ] DEBUG Engine               - versionCheckDays: 7
01:38:46.809 [FXGL Background Thread 2 ] DEBUG Engine               - width: 512
01:38:46.809 [FXGL Background Thread 2 ] DEBUG Engine               - Logging services
01:38:46.809 [FXGL Background Thread 2 ] DEBUG Engine               - class com.almasb.fxgl.app.services.FXGLAssetLoaderService
01:38:46.809 [FXGL Background Thread 2 ] DEBUG Engine               - class com.almasb.fxgl.app.FXGLApplication$GameApplicationService
01:38:46.809 [FXGL Background Thread 2 ] DEBUG Engine               - class com.almasb.fxgl.app.services.FXGLDialogService
01:38:46.809 [FXGL Background Thread 2 ] DEBUG Engine               - class com.almasb.fxgl.app.services.IOTaskExecutorService
01:38:46.809 [FXGL Background Thread 2 ] DEBUG Engine               - class com.almasb.fxgl.io.FileSystemService
01:38:46.809 [FXGL Background Thread 2 ] DEBUG Engine               - class com.almasb.fxgl.localization.LocalizationService
01:38:46.809 [FXGL Background Thread 2 ] DEBUG Engine               - class com.almasb.fxgl.app.services.SystemBundleService
01:38:46.809 [FXGL Background Thread 2 ] DEBUG Engine               - class com.almasb.fxgl.profile.SaveLoadService
01:38:46.809 [FXGL Background Thread 2 ] DEBUG Engine               - class com.almasb.fxgl.ui.FXGLUIFactoryServiceProvider
01:38:46.809 [FXGL Background Thread 2 ] DEBUG Engine               - class com.almasb.fxgl.ui.FXGLDialogFactoryServiceProvider
01:38:46.809 [FXGL Background Thread 2 ] DEBUG Engine               - class com.almasb.fxgl.audio.AudioPlayer
01:38:46.809 [FXGL Background Thread 2 ] DEBUG Engine               - class com.almasb.fxgl.notification.impl.NotificationServiceProvider
01:38:46.810 [FXGL Background Thread 2 ] DEBUG Engine               - class com.almasb.fxgl.achievement.AchievementService
01:38:46.810 [FXGL Background Thread 2 ] DEBUG Engine               - class com.almasb.fxgl.cutscene.CutsceneService
01:38:46.810 [FXGL Background Thread 2 ] DEBUG Engine               - class com.almasb.fxgl.minigames.MiniGameService
01:38:46.810 [FXGL Background Thread 2 ] DEBUG Engine               - class com.almasb.fxgl.net.NetService
01:38:46.810 [FXGL Background Thread 2 ] DEBUG Engine               - class com.almasb.fxgl.app.services.UpdaterService
01:38:46.810 [FXGL Background Thread 2 ] DEBUG Engine               - class com.almasb.fxgl.dev.DevService
01:38:46.949 [JavaFX Application Thread] DEBUG FXGLAssetLoaderServi - Loading from file system: file:/C:/Users/HP/IdeaProjects/SpaceInvader/target/classes/assets/textures/EnemyBullet.png
01:38:46.951 [JavaFX Application Thread] DEBUG FXGLAssetLoaderServi - Loading from file system: file:/C:/Users/HP/IdeaProjects/SpaceInvader/target/classes/assets/textures/EnemyCluster.png
01:38:47.701 [JavaFX Application Thread] DEBUG EventBus             - Firing event: fxgl.spaceinvader.event.GameEvent[source=javafx.event.Event$$Lambda/0x000001f99615d078@19f18168]
01:38:48.533 [JavaFX Application Thread] DEBUG EventBus             - Firing event: fxgl.spaceinvader.event.GameEvent[source=javafx.event.Event$$Lambda/0x000001f99615d078@19f18168]
01:38:50.692 [JavaFX Application Thread] DEBUG EventBus             - Firing event: fxgl.spaceinvader.event.GameEvent[source=javafx.event.Event$$Lambda/0x000001f99615d078@19f18168]
01:38:50.789 [JavaFX Application Thread] DEBUG EventBus             - Firing event: fxgl.spaceinvader.event.GameEvent[source=javafx.event.Event$$Lambda/0x000001f99615d078@19f18168]
01:38:51.654 [JavaFX Application Thread] DEBUG EventBus             - Firing event: fxgl.spaceinvader.event.GameEvent[source=javafx.event.Event$$Lambda/0x000001f99615d078@19f18168]
01:38:53.254 [JavaFX Application Thread] DEBUG EventBus             - Firing event: fxgl.spaceinvader.event.GameEvent[source=javafx.event.Event$$Lambda/0x000001f99615d078@19f18168]
01:38:53.604 [JavaFX Application Thread] DEBUG EventBus             - Firing event: fxgl.spaceinvader.event.GameEvent[source=javafx.event.Event$$Lambda/0x000001f99615d078@19f18168]
01:38:53.940 [JavaFX Application Thread] DEBUG EventBus             - Firing event: fxgl.spaceinvader.event.GameEvent[source=javafx.event.Event$$Lambda/0x000001f99615d078@19f18168]
01:38:54.132 [JavaFX Application Thread] DEBUG EventBus             - Firing event: fxgl.spaceinvader.event.GameEvent[source=javafx.event.Event$$Lambda/0x000001f99615d078@19f18168]
01:38:56.772 [JavaFX Application Thread] DEBUG EventBus             - Firing event: fxgl.spaceinvader.event.GameEvent[source=javafx.event.Event$$Lambda/0x000001f99615d078@19f18168]
01:38:57.941 [JavaFX Application Thread] DEBUG EventBus             - Firing event: fxgl.spaceinvader.event.GameEvent[source=javafx.event.Event$$Lambda/0x000001f99615d078@19f18168]
01:38:58.756 [JavaFX Application Thread] DEBUG EventBus             - Firing event: fxgl.spaceinvader.event.GameEvent[source=javafx.event.Event$$Lambda/0x000001f99615d078@19f18168]
01:39:00.101 [JavaFX Application Thread] DEBUG EventBus             - Firing event: fxgl.spaceinvader.event.GameEvent[source=javafx.event.Event$$Lambda/0x000001f99615d078@19f18168]
01:39:00.948 [JavaFX Application Thread] DEBUG EventBus             - Firing event: fxgl.spaceinvader.event.GameEvent[source=javafx.event.Event$$Lambda/0x000001f99615d078@19f18168]
01:39:03.156 [JavaFX Application Thread] DEBUG EventBus             - Firing event: fxgl.spaceinvader.event.GameEvent[source=javafx.event.Event$$Lambda/0x000001f99615d078@19f18168]
01:39:04.373 [JavaFX Application Thread] DEBUG EventBus             - Firing event: fxgl.spaceinvader.event.GameEvent[source=javafx.event.Event$$Lambda/0x000001f99615d078@19f18168]
01:39:05.221 [JavaFX Application Thread] DEBUG EventBus             - Firing event: fxgl.spaceinvader.event.GameEvent[source=javafx.event.Event$$Lambda/0x000001f99615d078@19f18168]
01:39:06.660 [JavaFX Application Thread] DEBUG EventBus             - Firing event: fxgl.spaceinvader.event.GameEvent[source=javafx.event.Event$$Lambda/0x000001f99615d078@19f18168]
01:39:07.524 [JavaFX Application Thread] DEBUG EventBus             - Firing event: fxgl.spaceinvader.event.GameEvent[source=javafx.event.Event$$Lambda/0x000001f99615d078@19f18168]
01:39:09.078 [JavaFX Application Thread] DEBUG EventBus             - Firing event: fxgl.spaceinvader.event.GameEvent[source=javafx.event.Event$$Lambda/0x000001f99615d078@19f18168]
01:39:09.766 [JavaFX Application Thread] DEBUG EventBus             - Firing event: fxgl.spaceinvader.event.GameEvent[source=javafx.event.Event$$Lambda/0x000001f99615d078@19f18168]
01:39:11.684 [JavaFX Application Thread] DEBUG EventBus             - Firing event: fxgl.spaceinvader.event.GameEvent[source=javafx.event.Event$$Lambda/0x000001f99615d078@19f18168]
01:39:12.068 [JavaFX Application Thread] DEBUG EventBus             - Firing event: fxgl.spaceinvader.event.GameEvent[source=javafx.event.Event$$Lambda/0x000001f99615d078@19f18168]
01:39:12.916 [JavaFX Application Thread] DEBUG EventBus             - Firing event: fxgl.spaceinvader.event.GameEvent[source=javafx.event.Event$$Lambda/0x000001f99615d078@19f18168]
01:39:19.652 [JavaFX Application Thread] DEBUG EventBus             - Firing event: fxgl.spaceinvader.event.GameEvent[source=javafx.event.Event$$Lambda/0x000001f99615d078@19f18168]
01:39:19.654 [JavaFX Application Thread] WARN  TMXLevelLoader       - TiledMap generated from 1.8.6. Supported version: 1.9.0. Some features may not be parsed fully.
01:39:19.659 [JavaFX Application Thread] DEBUG TMXLevelLoader       - Parsed TiledMap: file:/C:/Users/HP/IdeaProjects/SpaceInvader/target/classes/assets/levels/level2.tmx
01:39:19.659 [JavaFX Application Thread] DEBUG TMXLevelLoader       - Creating tile layer entities
01:39:19.660 [JavaFX Application Thread] DEBUG TilesetLoader        - Loading view for layer Background
01:39:19.660 [JavaFX Application Thread] DEBUG TilesetLoader        - Created buffer with size 512.0x720.0
01:39:19.664 [JavaFX Application Thread] DEBUG TilesetLoader        - Loading view for layer UI
01:39:19.664 [JavaFX Application Thread] DEBUG TilesetLoader        - Created buffer with size 512.0x720.0
01:39:19.665 [JavaFX Application Thread] DEBUG TMXLevelLoader       - Creating object layer entities
01:39:19.668 [JavaFX Application Thread] WARN  TMXLevelLoader       - Parse error
java.lang.IllegalArgumentException: No EntityFactory has a method annotated @Spawns(Enemy)
	at com.almasb.fxgl.entity@17.3/com.almasb.fxgl.entity.GameWorld.create(GameWorld.kt:413)
	at com.almasb.fxgl.entity@17.3/com.almasb.fxgl.entity.level.tiled.TMXLevelLoader.createObjectLayerEntities(TMXLevelLoader.kt:155)
	at com.almasb.fxgl.entity@17.3/com.almasb.fxgl.entity.level.tiled.TMXLevelLoader.load(TMXLevelLoader.kt:60)
	at com.almasb.fxgl.all@17.3/com.almasb.fxgl.app.services.FXGLAssetLoaderService.loadLevel(FXGLAssetLoaderService.kt:430)
	at com.almasb.fxgl.all@17.3/com.almasb.fxgl.dsl.FXGL$Companion.setLevelFromMap(FXGL.kt:634)
	at com.almasb.fxgl.all@17.3/com.almasb.fxgl.dsl.FXGL.setLevelFromMap(FXGL.kt)
	at fxgl.spaceinvader/fxgl.spaceinvader.SpaceInvaderApp.endGame(SpaceInvaderApp.java:149)
	at fxgl.spaceinvader/fxgl.spaceinvader.SpaceInvaderApp.onUpdate(SpaceInvaderApp.java:133)
	at com.almasb.fxgl.all@17.3/com.almasb.fxgl.app.FXGLApplication$GameApplicationService.onGameUpdate(FXGLApplication.kt:421)
	at com.almasb.fxgl.all@17.3/com.almasb.fxgl.app.Engine.onGameUpdate(Engine.kt:138)
	at com.almasb.fxgl.all@17.3/com.almasb.fxgl.app.FXGLApplication.postServicesInit$lambda$7(FXGLApplication.kt:182)
	at com.almasb.fxgl.scene@17.3/com.almasb.fxgl.scene.Scene.update(Scene.kt:113)
	at com.almasb.fxgl.all@17.3/com.almasb.fxgl.app.MainWindow$update$1.invoke(MainWindow.kt:115)
	at com.almasb.fxgl.all@17.3/com.almasb.fxgl.app.MainWindow$update$1.invoke(MainWindow.kt:115)
	at com.almasb.fxgl.core@17.3/com.almasb.fxgl.core.fsm.StateMachine.runOnActiveStates(StateMachine.kt:69)
	at com.almasb.fxgl.all@17.3/com.almasb.fxgl.app.MainWindow.update(MainWindow.kt:115)
	at com.almasb.fxgl.all@17.3/com.almasb.fxgl.app.FXGLApplication$GameApplicationService.onUpdate(FXGLApplication.kt:426)
	at com.almasb.fxgl.all@17.3/com.almasb.fxgl.app.Engine.loop(Engine.kt:134)
	at com.almasb.fxgl.all@17.3/com.almasb.fxgl.app.Engine.access$loop(Engine.kt:24)
	at com.almasb.fxgl.all@17.3/com.almasb.fxgl.app.Engine$loop$1.invoke(Engine.kt:28)
	at com.almasb.fxgl.all@17.3/com.almasb.fxgl.app.Engine$loop$1.invoke(Engine.kt:28)
	at com.almasb.fxgl.all@17.3/com.almasb.fxgl.app.LoopRunner.frame(LoopRunner.kt:103)
	at com.almasb.fxgl.all@17.3/com.almasb.fxgl.app.LoopRunner.access$frame(LoopRunner.kt:23)
	at com.almasb.fxgl.all@17.3/com.almasb.fxgl.app.LoopRunner$impl$2$1.onTick(LoopRunner.kt:57)
	at com.almasb.fxgl.all@17.3/com.almasb.fxgl.app.AnimationTimerLoop$timer$1.handle(LoopRunner.kt:137)
	at javafx.graphics/javafx.animation.AnimationTimer$AnimationTimerReceiver.lambda$handle$0(AnimationTimer.java:58)
	at java.base/java.security.AccessController.doPrivileged(AccessController.java:400)
	at javafx.graphics/javafx.animation.AnimationTimer$AnimationTimerReceiver.handle(AnimationTimer.java:57)
	at javafx.graphics/com.sun.scenario.animation.AbstractPrimaryTimer.timePulseImpl(AbstractPrimaryTimer.java:356)
	at javafx.graphics/com.sun.scenario.animation.AbstractPrimaryTimer$MainLoop.run(AbstractPrimaryTimer.java:266)
	at javafx.graphics/com.sun.javafx.tk.quantum.QuantumToolkit.pulse(QuantumToolkit.java:571)
	at javafx.graphics/com.sun.javafx.tk.quantum.QuantumToolkit.pulse(QuantumToolkit.java:555)
	at javafx.graphics/com.sun.javafx.tk.quantum.QuantumToolkit.pulseFromQueue(QuantumToolkit.java:548)
	at javafx.graphics/com.sun.javafx.tk.quantum.QuantumToolkit.lambda$runToolkit$11(QuantumToolkit.java:353)
	at javafx.graphics/com.sun.glass.ui.InvokeLaterDispatcher$Future.run(InvokeLaterDispatcher.java:96)
	at javafx.graphics/com.sun.glass.ui.win.WinApplication._runLoop(Native Method)
	at javafx.graphics/com.sun.glass.ui.win.WinApplication.lambda$runLoop$3(WinApplication.java:184)
	at java.base/java.lang.Thread.run(Thread.java:1575)

01:39:19.669 [JavaFX Application Thread] DEBUG LoopRunner           - Stopping loop
01:39:19.670 [JavaFX Application Thread] FATAL FXGLApplication      - Uncaught Exception:
com.almasb.fxgl.entity.level.LevelLoadingException: No EntityFactory has a method annotated @Spawns(Enemy)
	at com.almasb.fxgl.entity@17.3/com.almasb.fxgl.entity.level.tiled.TMXLevelLoader.load(TMXLevelLoader.kt:78)
	at com.almasb.fxgl.all@17.3/com.almasb.fxgl.app.services.FXGLAssetLoaderService.loadLevel(FXGLAssetLoaderService.kt:430)
	at com.almasb.fxgl.all@17.3/com.almasb.fxgl.dsl.FXGL$Companion.setLevelFromMap(FXGL.kt:634)
	at com.almasb.fxgl.all@17.3/com.almasb.fxgl.dsl.FXGL.setLevelFromMap(FXGL.kt)
	at fxgl.spaceinvader/fxgl.spaceinvader.SpaceInvaderApp.endGame(SpaceInvaderApp.java:149)
	at fxgl.spaceinvader/fxgl.spaceinvader.SpaceInvaderApp.onUpdate(SpaceInvaderApp.java:133)
	at com.almasb.fxgl.all@17.3/com.almasb.fxgl.app.FXGLApplication$GameApplicationService.onGameUpdate(FXGLApplication.kt:421)
	at com.almasb.fxgl.all@17.3/com.almasb.fxgl.app.Engine.onGameUpdate(Engine.kt:138)
	at com.almasb.fxgl.all@17.3/com.almasb.fxgl.app.FXGLApplication.postServicesInit$lambda$7(FXGLApplication.kt:182)
	at com.almasb.fxgl.scene@17.3/com.almasb.fxgl.scene.Scene.update(Scene.kt:113)
	at com.almasb.fxgl.all@17.3/com.almasb.fxgl.app.MainWindow$update$1.invoke(MainWindow.kt:115)
	at com.almasb.fxgl.all@17.3/com.almasb.fxgl.app.MainWindow$update$1.invoke(MainWindow.kt:115)
	at com.almasb.fxgl.core@17.3/com.almasb.fxgl.core.fsm.StateMachine.runOnActiveStates(StateMachine.kt:69)
	at com.almasb.fxgl.all@17.3/com.almasb.fxgl.app.MainWindow.update(MainWindow.kt:115)
	at com.almasb.fxgl.all@17.3/com.almasb.fxgl.app.FXGLApplication$GameApplicationService.onUpdate(FXGLApplication.kt:426)
	at com.almasb.fxgl.all@17.3/com.almasb.fxgl.app.Engine.loop(Engine.kt:134)
	at com.almasb.fxgl.all@17.3/com.almasb.fxgl.app.Engine.access$loop(Engine.kt:24)
	at com.almasb.fxgl.all@17.3/com.almasb.fxgl.app.Engine$loop$1.invoke(Engine.kt:28)
	at com.almasb.fxgl.all@17.3/com.almasb.fxgl.app.Engine$loop$1.invoke(Engine.kt:28)
	at com.almasb.fxgl.all@17.3/com.almasb.fxgl.app.LoopRunner.frame(LoopRunner.kt:103)
	at com.almasb.fxgl.all@17.3/com.almasb.fxgl.app.LoopRunner.access$frame(LoopRunner.kt:23)
	at com.almasb.fxgl.all@17.3/com.almasb.fxgl.app.LoopRunner$impl$2$1.onTick(LoopRunner.kt:57)
	at com.almasb.fxgl.all@17.3/com.almasb.fxgl.app.AnimationTimerLoop$timer$1.handle(LoopRunner.kt:137)
	at javafx.graphics/javafx.animation.AnimationTimer$AnimationTimerReceiver.lambda$handle$0(AnimationTimer.java:58)
	at java.base/java.security.AccessController.doPrivileged(AccessController.java:400)
	at javafx.graphics/javafx.animation.AnimationTimer$AnimationTimerReceiver.handle(AnimationTimer.java:57)
	at javafx.graphics/com.sun.scenario.animation.AbstractPrimaryTimer.timePulseImpl(AbstractPrimaryTimer.java:356)
	at javafx.graphics/com.sun.scenario.animation.AbstractPrimaryTimer$MainLoop.run(AbstractPrimaryTimer.java:266)
	at javafx.graphics/com.sun.javafx.tk.quantum.QuantumToolkit.pulse(QuantumToolkit.java:571)
	at javafx.graphics/com.sun.javafx.tk.quantum.QuantumToolkit.pulse(QuantumToolkit.java:555)
	at javafx.graphics/com.sun.javafx.tk.quantum.QuantumToolkit.pulseFromQueue(QuantumToolkit.java:548)
	at javafx.graphics/com.sun.javafx.tk.quantum.QuantumToolkit.lambda$runToolkit$11(QuantumToolkit.java:353)
	at javafx.graphics/com.sun.glass.ui.InvokeLaterDispatcher$Future.run(InvokeLaterDispatcher.java:96)
	at javafx.graphics/com.sun.glass.ui.win.WinApplication._runLoop(Native Method)
	at javafx.graphics/com.sun.glass.ui.win.WinApplication.lambda$runLoop$3(WinApplication.java:184)
	at java.base/java.lang.Thread.run(Thread.java:1575)
Caused by: java.lang.IllegalArgumentException: No EntityFactory has a method annotated @Spawns(Enemy)
	at com.almasb.fxgl.entity@17.3/com.almasb.fxgl.entity.GameWorld.create(GameWorld.kt:413)
	at com.almasb.fxgl.entity@17.3/com.almasb.fxgl.entity.level.tiled.TMXLevelLoader.createObjectLayerEntities(TMXLevelLoader.kt:155)
	at com.almasb.fxgl.entity@17.3/com.almasb.fxgl.entity.level.tiled.TMXLevelLoader.load(TMXLevelLoader.kt:60)
	... 35 more

01:39:19.670 [JavaFX Application Thread] FATAL FXGLApplication      - Application will now exit
01:39:19.687 [JavaFX Application Thread] DEBUG PrimaryStageWindow   - Push state: ErrorSubScene
01:39:19.687 [JavaFX Application Thread] DEBUG Input                - Clearing active input actions
01:39:19.689 [JavaFX Application Thread] DEBUG GameApplicationServi - Removing overlay from GameScene and adding to ErrorSubScene
01:39:19.689 [JavaFX Application Thread] DEBUG PrimaryStageWindow   - GameScene -> ErrorSubScene
01:39:21.867 [JavaFX Application Thread] DEBUG FXGLApplication      - Exiting FXGL
01:39:21.867 [JavaFX Application Thread] DEBUG Async                - Shutting down background threads
01:39:21.867 [JavaFX Application Thread] DEBUG PrimaryStageWindow   - Closing main window
01:39:21.884 [JavaFX Application Thread] DEBUG Logger               - Closing Logger
