20:26:03.533 [main                     ] DEBUG Logger               - Configured Logger
20:26:03.563 [main                     ] DEBUG GameApplication      - Logging settings
Title: Space Invaders
Version: 1.0.1
Width: 512
Height: 720
Fullscreen: false
Intro: false
Profiling: false
Single step:false
App Mode: RELEASE
Menu Key: ESCAPE
Stage Style: DECORATED
Scene Factory: class com.almasb.fxgl.app.scene.SceneFactory

20:26:03.883 [JavaFX Application Thread] DEBUG FXGLApplication      - Initializing FXGL
20:26:03.888 [JavaFX Application Thread] INFO  Engine               - FXGL-17.3 (30.03.2023 11.49) on WINDOWS (J:23 FX:17.0.6)
20:26:03.888 [JavaFX Application Thread] DEBUG Engine               - JRE Vendor Name: Oracle Corporation
20:26:03.888 [JavaFX Application Thread] DEBUG Engine               - Running on OS: Windows 10 version 10.0
20:26:03.888 [JavaFX Application Thread] DEBUG Engine               - Architecture: amd64
20:26:03.888 [JavaFX Application Thread] INFO  Engine               - Source code and latest versions at: https://github.com/AlmasB/FXGL
20:26:03.888 [JavaFX Application Thread] INFO  Engine               -       Ask questions and discuss at: https://github.com/AlmasB/FXGL/discussions
20:26:03.888 [JavaFX Application Thread] INFO  Engine               -              Join the FXGL chat at: https://gitter.im/AlmasB/FXGL
20:26:03.992 [JavaFX Application Thread] DEBUG PrimaryStageWindow   - Creating a JavaFX scene
20:26:04.036 [JavaFX Application Thread] DEBUG PrimaryStageWindow   - Target settings size: 512.0 x 720.0
20:26:04.037 [JavaFX Application Thread] DEBUG PrimaryStageWindow   - Scaled scene size:    512.0 x 720.0
20:26:04.037 [JavaFX Application Thread] DEBUG PrimaryStageWindow   - Scaled ratio: (1.0, 1.0)
20:26:04.038 [JavaFX Application Thread] DEBUG PrimaryStageWindow   - Set initial scene to FXGLStartupScene
20:26:04.045 [JavaFX Application Thread] DEBUG PrimaryStageWindow   - Opening main window
20:26:04.136 [JavaFX Application Thread] DEBUG PrimaryStageWindow   - Window border size: (14.4000244140625, 37.5999755859375)
20:26:04.137 [JavaFX Application Thread] DEBUG PrimaryStageWindow   - Scaled size: 512.0 x 720.0
20:26:04.137 [JavaFX Application Thread] DEBUG PrimaryStageWindow   - Scaled ratio: (1.0, 1.0)
20:26:04.138 [JavaFX Application Thread] DEBUG PrimaryStageWindow   - Scene size: 512.0 x 720.0
20:26:04.138 [JavaFX Application Thread] DEBUG PrimaryStageWindow   - Stage size: 526.4000244140625 x 757.5999755859375
20:26:04.151 [FXGL Background Thread 1 ] DEBUG Engine               - Initializing environment variables
20:26:04.272 [FXGL Background Thread 1 ] DEBUG FXGLAssetLoaderServi - User app class for loading assets: class fxgl.spaceinvader.SpaceInvaderApp
20:26:04.273 [FXGL Background Thread 1 ] DEBUG GameApplicationServi - Applying CSS: fxgl_dark.css
20:26:04.274 [FXGL Background Thread 1 ] DEBUG FXGLAssetLoaderServi - Loading from file system: jar:file:///C:/Users/HP/.m2/repository/com/github/almasb/fxgl/17.3/fxgl-17.3.jar!/fxglassets/ui/css/fxgl_dark.css
20:26:04.337 [FXGL Background Thread 1 ] DEBUG GameApplicationServi - Initializing application scenes
20:26:04.383 [FXGL Background Thread 1 ] DEBUG GameWorld            - Game world initialized
20:26:04.464 [FXGL Background Thread 1 ] DEBUG PhysicsWorld         - Physics world initialized: appHeight=720, physics.ppm=50.0
20:26:04.465 [FXGL Background Thread 1 ] DEBUG PhysicsWorld         - Using strategy: BRUTE_FORCE
20:26:04.470 [FXGL Background Thread 1 ] DEBUG GameScene            - Game scene initialized: 512x720
20:26:04.486 [FXGL Background Thread 1 ] WARN  FXGL.DefaultMenu     - FXGLDefaultMenu is not designed for resolutions < 800x600
20:26:04.486 [FXGL Background Thread 1 ] DEBUG FXGL.DefaultMenu     - createMenuBodyMainMenu()
20:26:04.507 [FXGL Background Thread 1 ] DEBUG FXGL.DefaultMenu     - createOptionsMenu()
20:26:04.529 [FXGL Background Thread 1 ] DEBUG FXGLAssetLoaderServi - Loading from file system: jar:file:///C:/Users/HP/.m2/repository/com/github/almasb/fxgl/17.3/fxgl-17.3.jar!/fxglassets/textures/particles/smoke.png
20:26:04.656 [FXGL Background Thread 1 ] DEBUG FXGLAssetLoaderServi - Loading from file system: jar:file:///C:/Users/HP/.m2/repository/com/github/almasb/fxgl/17.3/fxgl-17.3.jar!/fxglassets/textures/particles/trace_horizontal.png
20:26:04.687 [FXGL Background Thread 1 ] WARN  FXGL.DefaultMenu     - FXGLDefaultMenu is not designed for resolutions < 800x600
20:26:04.687 [FXGL Background Thread 1 ] DEBUG FXGL.DefaultMenu     - createMenuBodyGameMenu()
20:26:04.688 [FXGL Background Thread 1 ] DEBUG FXGL.DefaultMenu     - createOptionsMenu()
20:26:04.718 [FXGL Background Thread 1 ] DEBUG GameApplicationServi - Application scenes initialized
20:26:04.732 [FXGL Background Thread 1 ] DEBUG SystemBundleService  - Loading FXGL system data
20:26:04.737 [FXGL Background Thread 1 ] DEBUG FileSystemAccess     - Reading from: C:\Users\HP\IdeaProjects\SpaceInvader\system\fxgl.bundle
20:26:04.746 [FXGL Background Thread 1 ] DEBUG SystemBundleService  - Bundle FXGL: {}
20:26:04.749 [FXGL Background Thread 3 ] DEBUG FXGLApplication      - Loading fonts
20:26:04.749 [FXGL Background Thread 1 ] DEBUG FXGLApplication      - Loading default localization
20:26:04.749 [FXGL Background Thread 3 ] DEBUG FXGLAssetLoaderServi - Loading from file system: jar:file:///C:/Users/HP/.m2/repository/com/github/almasb/fxgl/17.3/fxgl-17.3.jar!/fxglassets/ui/fonts/VarelaRound-Regular.ttf
20:26:04.750 [FXGL Background Thread 1 ] DEBUG FXGLAssetLoaderServi - Loading from file system: jar:file:///C:/Users/HP/.m2/repository/com/github/almasb/fxgl/17.3/fxgl-17.3.jar!/fxglassets/languages/english.lang
20:26:04.774 [FXGL Background Thread 1 ] INFO  FXGLApplication      - FXGL initialization took: 0.623 sec
20:26:04.782 [FXGL Background Thread 3 ] DEBUG FXGLAssetLoaderServi - Loading from file system: jar:file:///C:/Users/HP/.m2/repository/com/github/almasb/fxgl/17.3/fxgl-17.3.jar!/fxglassets/ui/fonts/Abel-Regular.ttf
20:26:04.786 [JavaFX Application Thread] DEBUG Input                - Registered new binding: Move Left - Left
20:26:04.786 [JavaFX Application Thread] DEBUG Input                - Registered new binding: Move Right - Right
20:26:04.787 [FXGL Background Thread 3 ] DEBUG FXGLAssetLoaderServi - Loading from file system: jar:file:///C:/Users/HP/.m2/repository/com/github/almasb/fxgl/17.3/fxgl-17.3.jar!/fxglassets/ui/fonts/TerminalLandMono-Regular.otf
20:26:04.787 [JavaFX Application Thread] DEBUG Input                - Registered new binding: Shoot - Up
20:26:04.787 [JavaFX Application Thread] DEBUG Input                - Registered new binding: Shield Up - Space
20:26:04.788 [JavaFX Application Thread] DEBUG FXGLAssetLoaderServi - Loading from file system: file:/C:/Users/HP/IdeaProjects/SpaceInvader/target/classes/assets/music/bgm.mp3
20:26:04.791 [FXGL Background Thread 3 ] DEBUG FXGLAssetLoaderServi - Loading from file system: jar:file:///C:/Users/HP/.m2/repository/com/github/almasb/fxgl/17.3/fxgl-17.3.jar!/fxglassets/ui/fonts/Courier-Prime.ttf
20:26:04.916 [JavaFX Application Thread] DEBUG AudioPlayer          - Playing music com.almasb.fxgl.audio.Music@2588fa14
20:26:04.918 [JavaFX Application Thread] DEBUG FXGLAssetLoaderServi - Loading from file system: jar:file:///C:/Users/HP/.m2/repository/com/github/almasb/fxgl/17.3/fxgl-17.3.jar!/fxglassets/textures/fxgl_icon.png
20:26:04.939 [JavaFX Application Thread] DEBUG FXGLAssetLoaderServi - Loading from file system: jar:file:///C:/Users/HP/.m2/repository/com/github/almasb/fxgl/17.3/fxgl-17.3.jar!/fxglassets/textures/fxgl_default_cursor.png
20:26:04.941 [JavaFX Application Thread] DEBUG Input                - Registered new binding: Screenshot - CTRL+8
20:26:04.946 [JavaFX Application Thread] DEBUG LoopRunner           - Starting loop
20:26:04.946 [JavaFX Application Thread] DEBUG LoopRunner           - Initializing JavaFX AnimationTimerLoop
20:26:04.950 [JavaFX Application Thread] DEBUG Input                - Clearing active input actions
20:26:04.961 [JavaFX Application Thread] DEBUG GameApplicationServi - Removing overlay from FXGLStartupScene and adding to FXGLMainMenuDummyScene
20:26:04.962 [JavaFX Application Thread] DEBUG PrimaryStageWindow   - FXGLStartupScene -> FXGLMainMenuDummyScene
20:26:04.962 [JavaFX Application Thread] DEBUG PrimaryStageWindow   - Push state: FXGLDefaultMenu
20:26:04.968 [JavaFX Application Thread] DEBUG Input                - Clearing active input actions
20:26:04.989 [JavaFX Application Thread] DEBUG GameApplicationServi - Removing overlay from FXGLMainMenuDummyScene and adding to FXGLDefaultMenu
20:26:04.990 [JavaFX Application Thread] DEBUG PrimaryStageWindow   - FXGLMainMenuDummyScene -> FXGLDefaultMenu
20:26:04.990 [JavaFX Application Thread] DEBUG FXGLApplication      - Registering font factories with UI factory
20:26:07.182 [JavaFX Application Thread] DEBUG Menu                 - fireNewGame()
20:26:07.182 [JavaFX Application Thread] DEBUG GameApplicationServi - Starting new game
20:26:07.184 [JavaFX Application Thread] DEBUG PrimaryStageWindow   - Pop state: FXGLDefaultMenu
20:26:07.184 [JavaFX Application Thread] DEBUG Input                - Clearing active input actions
20:26:07.185 [JavaFX Application Thread] DEBUG GameApplicationServi - Removing overlay from FXGLDefaultMenu and adding to FXGLMainMenuDummyScene
20:26:07.185 [JavaFX Application Thread] DEBUG PrimaryStageWindow   - FXGLMainMenuDummyScene <- FXGLDefaultMenu
20:26:07.185 [JavaFX Application Thread] DEBUG Input                - Clearing active input actions
20:26:07.196 [JavaFX Application Thread] DEBUG GameApplicationServi - Removing overlay from FXGLMainMenuDummyScene and adding to FXGLLoadingScene
20:26:07.196 [JavaFX Application Thread] DEBUG PrimaryStageWindow   - FXGLMainMenuDummyScene -> FXGLLoadingScene
20:26:07.196 [JavaFX Application Thread] DEBUG GameApplicationServi - Clearing previous game
20:26:07.196 [JavaFX Application Thread] DEBUG GameScene            - Clearing game scene
20:26:07.196 [JavaFX Application Thread] DEBUG GameWorld            - Clearing game world
20:26:07.196 [JavaFX Application Thread] DEBUG PhysicsWorld         - Clearing physics world
20:26:07.198 [FXGL Background Thread 3 ] DEBUG FXGLApplication      - Initializing game
20:26:07.215 [FXGL Background Thread 3 ] DEBUG FileSystemAccess     - Reading from: C:\Users\HP\IdeaProjects\SpaceInvader\.\hiscore.dat
20:26:07.275 [FXGL Background Thread 3 ] WARN  TMXLevelLoader       - TiledMap generated from 1.8.6. Supported version: 1.9.0. Some features may not be parsed fully.
20:26:07.295 [FXGL Background Thread 3 ] DEBUG TMXLevelLoader       - Parsed TiledMap: file:/C:/Users/HP/IdeaProjects/SpaceInvader/target/classes/assets/levels/level1.tmx
20:26:07.296 [FXGL Background Thread 3 ] DEBUG TMXLevelLoader       - Creating tile layer entities
20:26:07.299 [FXGL Background Thread 3 ] DEBUG TilesetLoader        - Loading view for layer Background
20:26:07.299 [FXGL Background Thread 3 ] DEBUG TilesetLoader        - Created buffer with size 512.0x720.0
20:26:07.308 [FXGL Background Thread 3 ] DEBUG TilesetLoader        - Loading view for layer UI
20:26:07.308 [FXGL Background Thread 3 ] DEBUG TilesetLoader        - Created buffer with size 512.0x720.0
20:26:07.309 [FXGL Background Thread 3 ] DEBUG TMXLevelLoader       - Creating object layer entities
20:26:07.313 [FXGL Background Thread 3 ] DEBUG FXGLAssetLoaderServi - Loading from file system: file:/C:/Users/HP/IdeaProjects/SpaceInvader/target/classes/assets/textures/Egg.png
20:26:07.339 [FXGL Background Thread 3 ] DEBUG FXGLAssetLoaderServi - Loading from file system: file:/C:/Users/HP/IdeaProjects/SpaceInvader/target/classes/assets/textures/Frog.png
20:26:07.348 [FXGL Background Thread 3 ] DEBUG FXGLAssetLoaderServi - Loading from file system: file:/C:/Users/HP/IdeaProjects/SpaceInvader/target/classes/assets/textures/Demon.png
20:26:07.371 [FXGL Background Thread 3 ] DEBUG FXGLAssetLoaderServi - Loading from file system: file:/C:/Users/HP/IdeaProjects/SpaceInvader/target/classes/assets/textures/wall_left_1.png
20:26:07.375 [FXGL Background Thread 3 ] DEBUG FXGLAssetLoaderServi - Loading from file system: file:/C:/Users/HP/IdeaProjects/SpaceInvader/target/classes/assets/textures/wall_right_1.png
20:26:07.384 [FXGL Background Thread 3 ] DEBUG GameWorld            - Clearing removable entities
20:26:07.384 [FXGL Background Thread 3 ] DEBUG GameWorld            - Setting level: com.almasb.fxgl.entity.level.Level@30841927
20:26:07.424 [FXGL Background Thread 3 ] DEBUG FXGLAssetLoaderServi - Loading from file system: file:/C:/Users/HP/IdeaProjects/SpaceInvader/target/classes/assets/textures/player.png
20:26:07.433 [FXGL Background Thread 3 ] INFO  FXGLApplication      - Game initialization took: 0.236 sec
20:26:07.433 [JavaFX Application Thread] DEBUG Input                - Clearing active input actions
20:26:07.443 [JavaFX Application Thread] DEBUG GameApplicationServi - Removing overlay from FXGLLoadingScene and adding to GameScene
20:26:07.443 [JavaFX Application Thread] DEBUG PrimaryStageWindow   - FXGLLoadingScene -> GameScene
20:26:07.749 [FXGL Background Thread 2 ] DEBUG Engine               - Logging environment variables
20:26:07.749 [FXGL Background Thread 2 ] DEBUG Engine               - achievements: []
20:26:07.749 [FXGL Background Thread 2 ] DEBUG Engine               - actualHeight: 720.0
20:26:07.750 [FXGL Background Thread 2 ] DEBUG Engine               - actualHeightProperty: ReadOnlyDoubleProperty [value: 720.0]
20:26:07.750 [FXGL Background Thread 2 ] DEBUG Engine               - actualWidth: 512.0
20:26:07.750 [FXGL Background Thread 2 ] DEBUG Engine               - actualWidthProperty: ReadOnlyDoubleProperty [value: 512.0]
20:26:07.750 [FXGL Background Thread 2 ] DEBUG Engine               - appIcon: fxgl_icon.png
20:26:07.750 [FXGL Background Thread 2 ] DEBUG Engine               - applicationMode: RELEASE
20:26:07.750 [FXGL Background Thread 2 ] DEBUG Engine               - cSSList: [fxgl_dark.css]
20:26:07.750 [FXGL Background Thread 2 ] DEBUG Engine               - collisionDetectionStrategy: BRUTE_FORCE
20:26:07.750 [FXGL Background Thread 2 ] DEBUG Engine               - configClass: Optional.empty
20:26:07.750 [FXGL Background Thread 2 ] DEBUG Engine               - credits: []
20:26:07.750 [FXGL Background Thread 2 ] DEBUG Engine               - defaultCursor: CursorInfo(imageName=fxgl_default_cursor.png, hotspotX=7.0, hotspotY=6.0)
20:26:07.751 [FXGL Background Thread 2 ] DEBUG Engine               - devBBoxColorProperty: ObjectProperty [value: 0xff0000ff]
20:26:07.751 [FXGL Background Thread 2 ] DEBUG Engine               - devEnableDebugCameraProperty: BooleanProperty [value: false]
20:26:07.751 [FXGL Background Thread 2 ] DEBUG Engine               - devSensorColorProperty: ObjectProperty [value: 0xffff00ff]
20:26:07.751 [FXGL Background Thread 2 ] DEBUG Engine               - devShowBBoxProperty: BooleanProperty [value: false]
20:26:07.751 [FXGL Background Thread 2 ] DEBUG Engine               - devShowPositionProperty: BooleanProperty [value: false]
20:26:07.751 [FXGL Background Thread 2 ] DEBUG Engine               - enabledMenuItems: []
20:26:07.751 [FXGL Background Thread 2 ] DEBUG Engine               - engineServices: [class com.almasb.fxgl.app.services.FXGLAssetLoaderService, class com.almasb.fxgl.app.FXGLApplication$GameApplicationService, class com.almasb.fxgl.app.services.FXGLDialogService, class com.almasb.fxgl.app.services.IOTaskExecutorService, class com.almasb.fxgl.io.FileSystemService, class com.almasb.fxgl.localization.LocalizationService, class com.almasb.fxgl.app.services.SystemBundleService, class com.almasb.fxgl.profile.SaveLoadService, class com.almasb.fxgl.ui.FXGLUIFactoryServiceProvider, class com.almasb.fxgl.ui.FXGLDialogFactoryServiceProvider, class com.almasb.fxgl.audio.AudioPlayer, class com.almasb.fxgl.notification.impl.NotificationServiceProvider, class com.almasb.fxgl.achievement.AchievementService, class com.almasb.fxgl.cutscene.CutsceneService, class com.almasb.fxgl.minigames.MiniGameService, class com.almasb.fxgl.net.NetService, class com.almasb.fxgl.app.services.UpdaterService, class com.almasb.fxgl.dev.DevService]
20:26:07.751 [FXGL Background Thread 2 ] DEBUG Engine               - fontGame: Abel-Regular.ttf
20:26:07.751 [FXGL Background Thread 2 ] DEBUG Engine               - fontMono: TerminalLandMono-Regular.otf
20:26:07.751 [FXGL Background Thread 2 ] DEBUG Engine               - fontSizeScaleUI: 1.0
20:26:07.751 [FXGL Background Thread 2 ] DEBUG Engine               - fontText: Courier-Prime.ttf
20:26:07.752 [FXGL Background Thread 2 ] DEBUG Engine               - fontUI: VarelaRound-Regular.ttf
20:26:07.752 [FXGL Background Thread 2 ] DEBUG Engine               - fullScreen: BooleanProperty [value: false]
20:26:07.752 [FXGL Background Thread 2 ] DEBUG Engine               - gameDifficulty: MEDIUM
20:26:07.752 [FXGL Background Thread 2 ] DEBUG Engine               - gameDifficultyProperty: ObjectProperty [value: MEDIUM]
20:26:07.752 [FXGL Background Thread 2 ] DEBUG Engine               - globalMusicVolume: 0.5
20:26:07.752 [FXGL Background Thread 2 ] DEBUG Engine               - globalMusicVolumeProperty: DoubleProperty [value: 0.5]
20:26:07.752 [FXGL Background Thread 2 ] DEBUG Engine               - globalSoundVolume: 0.5
20:26:07.752 [FXGL Background Thread 2 ] DEBUG Engine               - globalSoundVolumeProperty: DoubleProperty [value: 0.1]
20:26:07.752 [FXGL Background Thread 2 ] DEBUG Engine               - height: 720
20:26:07.752 [FXGL Background Thread 2 ] DEBUG Engine               - is3D: false
20:26:07.752 [FXGL Background Thread 2 ] DEBUG Engine               - isAndroid: false
20:26:07.752 [FXGL Background Thread 2 ] DEBUG Engine               - isBrowser: false
20:26:07.752 [FXGL Background Thread 2 ] DEBUG Engine               - isClickFeedbackEnabled: false
20:26:07.752 [FXGL Background Thread 2 ] DEBUG Engine               - isCloseConfirmation: false
20:26:07.753 [FXGL Background Thread 2 ] DEBUG Engine               - isDesktop: true
20:26:07.753 [FXGL Background Thread 2 ] DEBUG Engine               - isDeveloperMenuEnabled: false
20:26:07.753 [FXGL Background Thread 2 ] DEBUG Engine               - isEmbedded: false
20:26:07.753 [FXGL Background Thread 2 ] DEBUG Engine               - isEntityPreloadEnabled: true
20:26:07.753 [FXGL Background Thread 2 ] DEBUG Engine               - isExperimentalTiledLargeMap: false
20:26:07.753 [FXGL Background Thread 2 ] DEBUG Engine               - isFileSystemWriteAllowed: true
20:26:07.753 [FXGL Background Thread 2 ] DEBUG Engine               - isFullScreenAllowed: false
20:26:07.753 [FXGL Background Thread 2 ] DEBUG Engine               - isFullScreenFromStart: false
20:26:07.753 [FXGL Background Thread 2 ] DEBUG Engine               - isGameMenuEnabled: true
20:26:07.753 [FXGL Background Thread 2 ] DEBUG Engine               - isIOS: false
20:26:07.753 [FXGL Background Thread 2 ] DEBUG Engine               - isIntroEnabled: false
20:26:07.753 [FXGL Background Thread 2 ] DEBUG Engine               - isLinux: false
20:26:07.753 [FXGL Background Thread 2 ] DEBUG Engine               - isMac: false
20:26:07.753 [FXGL Background Thread 2 ] DEBUG Engine               - isMainMenuEnabled: true
20:26:07.753 [FXGL Background Thread 2 ] DEBUG Engine               - isManualResizeEnabled: true
20:26:07.753 [FXGL Background Thread 2 ] DEBUG Engine               - isMobile: false
20:26:07.753 [FXGL Background Thread 2 ] DEBUG Engine               - isNative: false
20:26:07.753 [FXGL Background Thread 2 ] DEBUG Engine               - isPauseMusicWhenMinimized: true
20:26:07.753 [FXGL Background Thread 2 ] DEBUG Engine               - isPreserveResizeRatio: true
20:26:07.753 [FXGL Background Thread 2 ] DEBUG Engine               - isProfilingEnabled: false
20:26:07.753 [FXGL Background Thread 2 ] DEBUG Engine               - isScaleAffectedOnResize: true
20:26:07.754 [FXGL Background Thread 2 ] DEBUG Engine               - isSingleStep: false
20:26:07.754 [FXGL Background Thread 2 ] DEBUG Engine               - isUserProfileEnabled: false
20:26:07.754 [FXGL Background Thread 2 ] DEBUG Engine               - isWindows: true
20:26:07.754 [FXGL Background Thread 2 ] DEBUG Engine               - language: ObjectProperty [value: ENGLISH]
20:26:07.754 [FXGL Background Thread 2 ] DEBUG Engine               - menuKey: ESCAPE
20:26:07.754 [FXGL Background Thread 2 ] DEBUG Engine               - mouseSensitivity: 0.2
20:26:07.754 [FXGL Background Thread 2 ] DEBUG Engine               - notificationViewClass: class com.almasb.fxgl.notification.view.XboxNotificationView
20:26:07.754 [FXGL Background Thread 2 ] DEBUG Engine               - pixelsPerMeter: 50.0
20:26:07.754 [FXGL Background Thread 2 ] DEBUG Engine               - platform: WINDOWS
20:26:07.754 [FXGL Background Thread 2 ] DEBUG Engine               - prefHeightProperty: ReadOnlyDoubleProperty [value: 720.0]
20:26:07.754 [FXGL Background Thread 2 ] DEBUG Engine               - prefWidthProperty: ReadOnlyDoubleProperty [value: 512.0]
20:26:07.754 [FXGL Background Thread 2 ] DEBUG Engine               - profileDir: profiles/
20:26:07.754 [FXGL Background Thread 2 ] DEBUG Engine               - profileName: StringProperty [value: DEFAULT]
20:26:07.754 [FXGL Background Thread 2 ] DEBUG Engine               - randomSeed: -1
20:26:07.755 [FXGL Background Thread 2 ] DEBUG Engine               - runtimeInfo: RuntimeInfo(platform=WINDOWS, version=17.3, build=30.03.2023 11.49)
20:26:07.755 [FXGL Background Thread 2 ] DEBUG Engine               - saveFileExt: sav
20:26:07.755 [FXGL Background Thread 2 ] DEBUG Engine               - scaledHeightProp$fxgl: DoubleProperty [bound, value: 720.0]
20:26:07.755 [FXGL Background Thread 2 ] DEBUG Engine               - scaledWidthProp$fxgl: DoubleProperty [bound, value: 512.0]
20:26:07.755 [FXGL Background Thread 2 ] DEBUG Engine               - sceneFactory: com.almasb.fxgl.app.scene.SceneFactory@10bbcc0b
20:26:07.755 [FXGL Background Thread 2 ] DEBUG Engine               - secondsIn24h: 60
20:26:07.755 [FXGL Background Thread 2 ] DEBUG Engine               - soundMenuBack: menu/back.wav
20:26:07.755 [FXGL Background Thread 2 ] DEBUG Engine               - soundMenuPress: menu/press.wav
20:26:07.755 [FXGL Background Thread 2 ] DEBUG Engine               - soundMenuSelect: menu/select.wav
20:26:07.755 [FXGL Background Thread 2 ] DEBUG Engine               - soundNotification: core/notification.wav
20:26:07.755 [FXGL Background Thread 2 ] DEBUG Engine               - stageStyle: DECORATED
20:26:07.755 [FXGL Background Thread 2 ] DEBUG Engine               - supportedLanguages: [ENGLISH, FRENCH, GERMAN, HUNGARIAN, RUSSIAN]
20:26:07.755 [FXGL Background Thread 2 ] DEBUG Engine               - ticksPerSecond: -1
20:26:07.755 [FXGL Background Thread 2 ] DEBUG Engine               - title: Space Invaders
20:26:07.755 [FXGL Background Thread 2 ] DEBUG Engine               - urlGithub: https://github.com/AlmasB/FXGL
20:26:07.755 [FXGL Background Thread 2 ] DEBUG Engine               - urlLeaderboard: http://fxgl-top.herokuapp.com/
20:26:07.755 [FXGL Background Thread 2 ] DEBUG Engine               - urlPOM: https://raw.githubusercontent.com/AlmasB/FXGL/release/README.md
20:26:07.755 [FXGL Background Thread 2 ] DEBUG Engine               - userAppClass: class fxgl.spaceinvader.SpaceInvaderApp
20:26:07.755 [FXGL Background Thread 2 ] DEBUG Engine               - version: 1.0.1
20:26:07.755 [FXGL Background Thread 2 ] DEBUG Engine               - versionCheckDays: 7
20:26:07.755 [FXGL Background Thread 2 ] DEBUG Engine               - width: 512
20:26:07.755 [FXGL Background Thread 2 ] DEBUG Engine               - Logging services
20:26:07.756 [FXGL Background Thread 2 ] DEBUG Engine               - class com.almasb.fxgl.app.services.FXGLAssetLoaderService
20:26:07.756 [FXGL Background Thread 2 ] DEBUG Engine               - class com.almasb.fxgl.app.FXGLApplication$GameApplicationService
20:26:07.756 [FXGL Background Thread 2 ] DEBUG Engine               - class com.almasb.fxgl.app.services.FXGLDialogService
20:26:07.756 [FXGL Background Thread 2 ] DEBUG Engine               - class com.almasb.fxgl.app.services.IOTaskExecutorService
20:26:07.756 [FXGL Background Thread 2 ] DEBUG Engine               - class com.almasb.fxgl.io.FileSystemService
20:26:07.756 [FXGL Background Thread 2 ] DEBUG Engine               - class com.almasb.fxgl.localization.LocalizationService
20:26:07.756 [FXGL Background Thread 2 ] DEBUG Engine               - class com.almasb.fxgl.app.services.SystemBundleService
20:26:07.756 [FXGL Background Thread 2 ] DEBUG Engine               - class com.almasb.fxgl.profile.SaveLoadService
20:26:07.756 [FXGL Background Thread 2 ] DEBUG Engine               - class com.almasb.fxgl.ui.FXGLUIFactoryServiceProvider
20:26:07.756 [FXGL Background Thread 2 ] DEBUG Engine               - class com.almasb.fxgl.ui.FXGLDialogFactoryServiceProvider
20:26:07.756 [FXGL Background Thread 2 ] DEBUG Engine               - class com.almasb.fxgl.audio.AudioPlayer
20:26:07.756 [FXGL Background Thread 2 ] DEBUG Engine               - class com.almasb.fxgl.notification.impl.NotificationServiceProvider
20:26:07.756 [FXGL Background Thread 2 ] DEBUG Engine               - class com.almasb.fxgl.achievement.AchievementService
20:26:07.756 [FXGL Background Thread 2 ] DEBUG Engine               - class com.almasb.fxgl.cutscene.CutsceneService
20:26:07.756 [FXGL Background Thread 2 ] DEBUG Engine               - class com.almasb.fxgl.minigames.MiniGameService
20:26:07.756 [FXGL Background Thread 2 ] DEBUG Engine               - class com.almasb.fxgl.net.NetService
20:26:07.756 [FXGL Background Thread 2 ] DEBUG Engine               - class com.almasb.fxgl.app.services.UpdaterService
20:26:07.756 [FXGL Background Thread 2 ] DEBUG Engine               - class com.almasb.fxgl.dev.DevService
20:26:08.085 [JavaFX Application Thread] DEBUG FXGLAssetLoaderServi - Loading from file system: file:/C:/Users/HP/IdeaProjects/SpaceInvader/target/classes/assets/sounds/shoot.wav
20:26:09.263 [JavaFX Application Thread] DEBUG FXGLAssetLoaderServi - Loading from file system: file:/C:/Users/HP/IdeaProjects/SpaceInvader/target/classes/assets/textures/EnemyBullet.png
20:26:09.266 [JavaFX Application Thread] DEBUG FXGLAssetLoaderServi - Loading from file system: file:/C:/Users/HP/IdeaProjects/SpaceInvader/target/classes/assets/textures/EnemyCluster.png
20:26:09.295 [JavaFX Application Thread] DEBUG EventBus             - Firing event: fxgl.spaceinvader.event.GameEvent[source=javafx.event.Event$$Lambda/0x0000028ea115b9b8@204e57d0]
20:26:09.295 [JavaFX Application Thread] DEBUG FXGLAssetLoaderServi - Loading from file system: file:/C:/Users/HP/IdeaProjects/SpaceInvader/target/classes/assets/sounds/explosion.wav
20:26:09.297 [JavaFX Application Thread] DEBUG FXGLAssetLoaderServi - Loading from file system: file:/C:/Users/HP/IdeaProjects/SpaceInvader/target/classes/assets/textures/Explosion.png
20:26:09.774 [JavaFX Application Thread] DEBUG EventBus             - Firing event: fxgl.spaceinvader.event.GameEvent[source=javafx.event.Event$$Lambda/0x0000028ea115b9b8@204e57d0]
20:26:10.319 [JavaFX Application Thread] DEBUG FXGLAssetLoaderServi - Loading from file system: file:/C:/Users/HP/IdeaProjects/SpaceInvader/target/classes/assets/textures/wall_left_2.png
20:26:10.495 [JavaFX Application Thread] DEBUG FXGLAssetLoaderServi - Loading from file system: file:/C:/Users/HP/IdeaProjects/SpaceInvader/target/classes/assets/textures/wall_right_2.png
20:26:11.119 [JavaFX Application Thread] DEBUG EventBus             - Firing event: fxgl.spaceinvader.event.GameEvent[source=javafx.event.Event$$Lambda/0x0000028ea115b9b8@204e57d0]
20:26:11.406 [JavaFX Application Thread] DEBUG EventBus             - Firing event: fxgl.spaceinvader.event.GameEvent[source=javafx.event.Event$$Lambda/0x0000028ea115b9b8@204e57d0]
20:26:12.190 [JavaFX Application Thread] DEBUG FXGLAssetLoaderServi - Loading from file system: file:/C:/Users/HP/IdeaProjects/SpaceInvader/target/classes/assets/textures/wall_left_3.png
20:26:12.735 [JavaFX Application Thread] DEBUG EventBus             - Firing event: fxgl.spaceinvader.event.GameEvent[source=javafx.event.Event$$Lambda/0x0000028ea115b9b8@204e57d0]
20:26:13.565 [JavaFX Application Thread] DEBUG EventBus             - Firing event: fxgl.spaceinvader.event.GameEvent[source=javafx.event.Event$$Lambda/0x0000028ea115b9b8@204e57d0]
20:26:14.046 [JavaFX Application Thread] DEBUG EventBus             - Firing event: fxgl.spaceinvader.event.GameEvent[source=javafx.event.Event$$Lambda/0x0000028ea115b9b8@204e57d0]
20:26:14.662 [JavaFX Application Thread] DEBUG FXGLApplication      - Exiting FXGL
20:26:14.662 [JavaFX Application Thread] DEBUG LoopRunner           - Stopping loop
20:26:14.662 [JavaFX Application Thread] DEBUG SystemBundleService  - Saving FXGL system data
20:26:14.664 [JavaFX Application Thread] DEBUG FileSystemAccess     - Writing to: C:\Users\HP\IdeaProjects\SpaceInvader\system\fxgl.bundle
20:26:14.666 [JavaFX Application Thread] DEBUG Async                - Shutting down background threads
20:26:14.666 [JavaFX Application Thread] DEBUG PrimaryStageWindow   - Closing main window
20:26:14.688 [JavaFX Application Thread] DEBUG Logger               - Closing Logger
