18:12:27.148 [main                     ] DEBUG Logger               - Configured Logger
18:12:27.183 [main                     ] DEBUG GameApplication      - Logging settings
Title: Space Invaders
Version: 1.0.1
Width: 800
Height: 600
Fullscreen: false
Intro: false
Profiling: false
Single step:false
App Mode: RELEASE
Menu Key: ESCAPE
Stage Style: DECORATED
Scene Factory: class fxgl.spaceinvader.ui.MySceneFactory

18:12:27.633 [JavaFX Application Thread] DEBUG FXGLApplication      - Initializing FXGL
18:12:27.639 [JavaFX Application Thread] INFO  Engine               - FXGL-17.3 (30.03.2023 11.49) on WINDOWS (J:23 FX:17.0.6)
18:12:27.640 [JavaFX Application Thread] DEBUG Engine               - JRE Vendor Name: Oracle Corporation
18:12:27.640 [JavaFX Application Thread] DEBUG Engine               - Running on OS: Windows 10 version 10.0
18:12:27.640 [JavaFX Application Thread] DEBUG Engine               - Architecture: amd64
18:12:27.640 [JavaFX Application Thread] INFO  Engine               - Source code and latest versions at: https://github.com/AlmasB/FXGL
18:12:27.641 [JavaFX Application Thread] INFO  Engine               -       Ask questions and discuss at: https://github.com/AlmasB/FXGL/discussions
18:12:27.641 [JavaFX Application Thread] INFO  Engine               -              Join the FXGL chat at: https://gitter.im/AlmasB/FXGL
18:12:27.796 [JavaFX Application Thread] DEBUG PrimaryStageWindow   - Creating a JavaFX scene
18:12:27.856 [JavaFX Application Thread] DEBUG PrimaryStageWindow   - Target settings size: 800.0 x 600.0
18:12:27.856 [JavaFX Application Thread] DEBUG PrimaryStageWindow   - Scaled scene size:    800.0 x 600.0
18:12:27.857 [JavaFX Application Thread] DEBUG PrimaryStageWindow   - Scaled ratio: (1.0, 1.0)
18:12:27.858 [JavaFX Application Thread] DEBUG PrimaryStageWindow   - Set initial scene to FXGLStartupScene
18:12:27.867 [JavaFX Application Thread] DEBUG PrimaryStageWindow   - Opening main window
18:12:27.977 [JavaFX Application Thread] DEBUG PrimaryStageWindow   - Window border size: (14.4000244140625, 37.5999755859375)
18:12:27.978 [JavaFX Application Thread] DEBUG PrimaryStageWindow   - Scaled size: 800.0 x 600.0
18:12:27.978 [JavaFX Application Thread] DEBUG PrimaryStageWindow   - Scaled ratio: (1.0, 1.0)
18:12:27.979 [JavaFX Application Thread] DEBUG PrimaryStageWindow   - Scene size: 800.0 x 600.0
18:12:27.979 [JavaFX Application Thread] DEBUG PrimaryStageWindow   - Stage size: 814.4000244140625 x 637.5999755859375
18:12:27.997 [FXGL Background Thread 1 ] DEBUG Engine               - Initializing environment variables
18:12:28.138 [FXGL Background Thread 1 ] DEBUG FXGLAssetLoaderServi - User app class for loading assets: class fxgl.spaceinvader.SpaceInvaderApp
18:12:28.138 [FXGL Background Thread 1 ] DEBUG GameApplicationServi - Applying CSS: fxgl_dark.css
18:12:28.139 [FXGL Background Thread 1 ] DEBUG FXGLAssetLoaderServi - Loading from file system: jar:file:///C:/Users/HP/.m2/repository/com/github/almasb/fxgl/17.3/fxgl-17.3.jar!/fxglassets/ui/css/fxgl_dark.css
18:12:28.213 [FXGL Background Thread 1 ] DEBUG GameApplicationServi - Applying CSS: ui.css
18:12:28.213 [FXGL Background Thread 1 ] DEBUG FXGLAssetLoaderServi - Loading from file system: file:/C:/Users/HP/IdeaProjects/SpaceInvader/target/classes/assets/ui/css/ui.css
18:12:28.215 [FXGL Background Thread 1 ] DEBUG GameApplicationServi - Initializing application scenes
18:12:28.279 [FXGL Background Thread 1 ] DEBUG GameWorld            - Game world initialized
18:12:28.387 [FXGL Background Thread 1 ] DEBUG PhysicsWorld         - Physics world initialized: appHeight=600, physics.ppm=50.0
18:12:28.388 [FXGL Background Thread 1 ] DEBUG PhysicsWorld         - Using strategy: BRUTE_FORCE
18:12:28.395 [FXGL Background Thread 1 ] DEBUG GameScene            - Game scene initialized: 800x600
18:12:28.407 [FXGL Background Thread 1 ] DEBUG FXGLAssetLoaderServi - Loading from file system: file:/C:/Users/HP/IdeaProjects/SpaceInvader/target/classes/assets/textures/background/main_menu.png
18:12:28.498 [FXGL Background Thread 1 ] DEBUG FXGLAssetLoaderServi - Loading from file system: file:/C:/Users/HP/IdeaProjects/SpaceInvader/target/classes/assets/textures/background/Start.png
18:12:28.506 [FXGL Background Thread 1 ] DEBUG FXGLAssetLoaderServi - Loading from file system: file:/C:/Users/HP/IdeaProjects/SpaceInvader/target/classes/assets/textures/background/HighScores.png
18:12:28.508 [FXGL Background Thread 1 ] DEBUG FXGLAssetLoaderServi - Loading from file system: file:/C:/Users/HP/IdeaProjects/SpaceInvader/target/classes/assets/textures/background/Exit.png
18:12:28.521 [FXGL Background Thread 1 ] DEBUG FXGL.DefaultMenu     - createMenuBodyGameMenu()
18:12:28.533 [FXGL Background Thread 1 ] DEBUG FXGL.DefaultMenu     - createOptionsMenu()
18:12:28.542 [FXGL Background Thread 1 ] DEBUG FXGLAssetLoaderServi - Loading from file system: jar:file:///C:/Users/HP/.m2/repository/com/github/almasb/fxgl/17.3/fxgl-17.3.jar!/fxglassets/textures/particles/smoke.png
18:12:28.656 [FXGL Background Thread 1 ] DEBUG FXGLAssetLoaderServi - Loading from file system: jar:file:///C:/Users/HP/.m2/repository/com/github/almasb/fxgl/17.3/fxgl-17.3.jar!/fxglassets/textures/particles/trace_horizontal.png
18:12:28.689 [FXGL Background Thread 1 ] DEBUG GameApplicationServi - Application scenes initialized
18:12:28.704 [FXGL Background Thread 1 ] DEBUG SystemBundleService  - Loading FXGL system data
18:12:28.710 [FXGL Background Thread 1 ] DEBUG FileSystemAccess     - Reading from: C:\Users\HP\IdeaProjects\SpaceInvader\system\fxgl.bundle
18:12:28.721 [FXGL Background Thread 1 ] DEBUG SystemBundleService  - Bundle FXGL: {}
18:12:28.724 [FXGL Background Thread 3 ] DEBUG FXGLApplication      - Loading fonts
18:12:28.724 [FXGL Background Thread 3 ] DEBUG FXGLAssetLoaderServi - Loading from file system: file:/C:/Users/HP/IdeaProjects/SpaceInvader/target/classes/assets/ui/fonts/ARCADECLASSIC.TTF
18:12:28.724 [FXGL Background Thread 1 ] DEBUG FXGLApplication      - Loading default localization
18:12:28.725 [FXGL Background Thread 1 ] DEBUG FXGLAssetLoaderServi - Loading from file system: jar:file:///C:/Users/HP/.m2/repository/com/github/almasb/fxgl/17.3/fxgl-17.3.jar!/fxglassets/languages/english.lang
18:12:28.751 [FXGL Background Thread 1 ] INFO  FXGLApplication      - FXGL initialization took: 0.754 sec
18:12:28.764 [JavaFX Application Thread] DEBUG Input                - Registered new binding: Move Left - Left
18:12:28.765 [JavaFX Application Thread] DEBUG Input                - Registered new binding: Move Right - Right
18:12:28.765 [JavaFX Application Thread] DEBUG Input                - Registered new binding: Shoot - Up
18:12:28.766 [JavaFX Application Thread] DEBUG Input                - Registered new binding: Shield Up - Space
18:12:28.766 [JavaFX Application Thread] DEBUG FXGLAssetLoaderServi - Loading from file system: file:/C:/Users/HP/IdeaProjects/SpaceInvader/target/classes/assets/music/bgm.mp3
18:12:28.923 [JavaFX Application Thread] DEBUG AudioPlayer          - Playing music com.almasb.fxgl.audio.Music@18b779be
18:12:28.926 [JavaFX Application Thread] DEBUG FXGLAssetLoaderServi - Loading from file system: jar:file:///C:/Users/HP/.m2/repository/com/github/almasb/fxgl/17.3/fxgl-17.3.jar!/fxglassets/textures/fxgl_icon.png
18:12:28.946 [JavaFX Application Thread] DEBUG FXGLAssetLoaderServi - Loading from file system: jar:file:///C:/Users/HP/.m2/repository/com/github/almasb/fxgl/17.3/fxgl-17.3.jar!/fxglassets/textures/fxgl_default_cursor.png
18:12:28.951 [JavaFX Application Thread] DEBUG Input                - Registered new binding: Screenshot - CTRL+8
18:12:28.953 [JavaFX Application Thread] DEBUG LoopRunner           - Starting loop
18:12:28.953 [JavaFX Application Thread] DEBUG LoopRunner           - Initializing JavaFX AnimationTimerLoop
18:12:28.956 [JavaFX Application Thread] DEBUG Input                - Clearing active input actions
18:12:28.967 [JavaFX Application Thread] DEBUG GameApplicationServi - Removing overlay from FXGLStartupScene and adding to FXGLMainMenuDummyScene
18:12:28.968 [JavaFX Application Thread] DEBUG PrimaryStageWindow   - FXGLStartupScene -> FXGLMainMenuDummyScene
18:12:28.968 [JavaFX Application Thread] DEBUG PrimaryStageWindow   - Push state: MenuTest
18:12:28.968 [JavaFX Application Thread] DEBUG Input                - Clearing active input actions
18:12:28.975 [JavaFX Application Thread] DEBUG GameApplicationServi - Removing overlay from FXGLMainMenuDummyScene and adding to MenuTest
18:12:28.976 [JavaFX Application Thread] DEBUG PrimaryStageWindow   - FXGLMainMenuDummyScene -> MenuTest
18:12:28.976 [JavaFX Application Thread] DEBUG FXGLApplication      - Registering font factories with UI factory
18:12:31.723 [FXGL Background Thread 2 ] DEBUG Engine               - Logging environment variables
18:12:31.723 [FXGL Background Thread 2 ] DEBUG Engine               - achievements: []
18:12:31.723 [FXGL Background Thread 2 ] DEBUG Engine               - actualHeight: 600.0
18:12:31.723 [FXGL Background Thread 2 ] DEBUG Engine               - actualHeightProperty: ReadOnlyDoubleProperty [value: 600.0]
18:12:31.723 [FXGL Background Thread 2 ] DEBUG Engine               - actualWidth: 800.0
18:12:31.724 [FXGL Background Thread 2 ] DEBUG Engine               - actualWidthProperty: ReadOnlyDoubleProperty [value: 800.0]
18:12:31.724 [FXGL Background Thread 2 ] DEBUG Engine               - appIcon: fxgl_icon.png
18:12:31.724 [FXGL Background Thread 2 ] DEBUG Engine               - applicationMode: RELEASE
18:12:31.724 [FXGL Background Thread 2 ] DEBUG Engine               - cSSList: [fxgl_dark.css, ui.css]
18:12:31.724 [FXGL Background Thread 2 ] DEBUG Engine               - collisionDetectionStrategy: BRUTE_FORCE
18:12:31.724 [FXGL Background Thread 2 ] DEBUG Engine               - configClass: Optional.empty
18:12:31.724 [FXGL Background Thread 2 ] DEBUG Engine               - credits: []
18:12:31.725 [FXGL Background Thread 2 ] DEBUG Engine               - defaultCursor: CursorInfo(imageName=fxgl_default_cursor.png, hotspotX=7.0, hotspotY=6.0)
18:12:31.725 [FXGL Background Thread 2 ] DEBUG Engine               - devBBoxColorProperty: ObjectProperty [value: 0xff0000ff]
18:12:31.725 [FXGL Background Thread 2 ] DEBUG Engine               - devEnableDebugCameraProperty: BooleanProperty [value: false]
18:12:31.725 [FXGL Background Thread 2 ] DEBUG Engine               - devSensorColorProperty: ObjectProperty [value: 0xffff00ff]
18:12:31.725 [FXGL Background Thread 2 ] DEBUG Engine               - devShowBBoxProperty: BooleanProperty [value: false]
18:12:31.725 [FXGL Background Thread 2 ] DEBUG Engine               - devShowPositionProperty: BooleanProperty [value: false]
18:12:31.725 [FXGL Background Thread 2 ] DEBUG Engine               - enabledMenuItems: []
18:12:31.725 [FXGL Background Thread 2 ] DEBUG Engine               - engineServices: [class com.almasb.fxgl.app.services.FXGLAssetLoaderService, class com.almasb.fxgl.app.FXGLApplication$GameApplicationService, class com.almasb.fxgl.app.services.FXGLDialogService, class com.almasb.fxgl.app.services.IOTaskExecutorService, class com.almasb.fxgl.io.FileSystemService, class com.almasb.fxgl.localization.LocalizationService, class com.almasb.fxgl.app.services.SystemBundleService, class com.almasb.fxgl.profile.SaveLoadService, class com.almasb.fxgl.ui.FXGLUIFactoryServiceProvider, class com.almasb.fxgl.ui.FXGLDialogFactoryServiceProvider, class com.almasb.fxgl.audio.AudioPlayer, class com.almasb.fxgl.notification.impl.NotificationServiceProvider, class com.almasb.fxgl.achievement.AchievementService, class com.almasb.fxgl.cutscene.CutsceneService, class com.almasb.fxgl.minigames.MiniGameService, class com.almasb.fxgl.net.NetService, class com.almasb.fxgl.app.services.UpdaterService, class com.almasb.fxgl.dev.DevService]
18:12:31.725 [FXGL Background Thread 2 ] DEBUG Engine               - fontGame: ARCADECLASSIC.TTF
18:12:31.725 [FXGL Background Thread 2 ] DEBUG Engine               - fontMono: ARCADECLASSIC.TTF
18:12:31.725 [FXGL Background Thread 2 ] DEBUG Engine               - fontSizeScaleUI: 1.0
18:12:31.725 [FXGL Background Thread 2 ] DEBUG Engine               - fontText: ARCADECLASSIC.TTF
18:12:31.726 [FXGL Background Thread 2 ] DEBUG Engine               - fontUI: ARCADECLASSIC.TTF
18:12:31.726 [FXGL Background Thread 2 ] DEBUG Engine               - fullScreen: BooleanProperty [value: false]
18:12:31.726 [FXGL Background Thread 2 ] DEBUG Engine               - gameDifficulty: MEDIUM
18:12:31.726 [FXGL Background Thread 2 ] DEBUG Engine               - gameDifficultyProperty: ObjectProperty [value: MEDIUM]
18:12:31.726 [FXGL Background Thread 2 ] DEBUG Engine               - globalMusicVolume: 0.5
18:12:31.726 [FXGL Background Thread 2 ] DEBUG Engine               - globalMusicVolumeProperty: DoubleProperty [value: 0.5]
18:12:31.726 [FXGL Background Thread 2 ] DEBUG Engine               - globalSoundVolume: 0.5
18:12:31.726 [FXGL Background Thread 2 ] DEBUG Engine               - globalSoundVolumeProperty: DoubleProperty [value: 0.1]
18:12:31.726 [FXGL Background Thread 2 ] DEBUG Engine               - height: 600
18:12:31.726 [FXGL Background Thread 2 ] DEBUG Engine               - is3D: false
18:12:31.726 [FXGL Background Thread 2 ] DEBUG Engine               - isAndroid: false
18:12:31.726 [FXGL Background Thread 2 ] DEBUG Engine               - isBrowser: false
18:12:31.726 [FXGL Background Thread 2 ] DEBUG Engine               - isClickFeedbackEnabled: false
18:12:31.726 [FXGL Background Thread 2 ] DEBUG Engine               - isCloseConfirmation: false
18:12:31.726 [FXGL Background Thread 2 ] DEBUG Engine               - isDesktop: true
18:12:31.726 [FXGL Background Thread 2 ] DEBUG Engine               - isDeveloperMenuEnabled: false
18:12:31.727 [FXGL Background Thread 2 ] DEBUG Engine               - isEmbedded: false
18:12:31.727 [FXGL Background Thread 2 ] DEBUG Engine               - isEntityPreloadEnabled: true
18:12:31.727 [FXGL Background Thread 2 ] DEBUG Engine               - isExperimentalTiledLargeMap: false
18:12:31.727 [FXGL Background Thread 2 ] DEBUG Engine               - isFileSystemWriteAllowed: true
18:12:31.727 [FXGL Background Thread 2 ] DEBUG Engine               - isFullScreenAllowed: false
18:12:31.727 [FXGL Background Thread 2 ] DEBUG Engine               - isFullScreenFromStart: false
18:12:31.727 [FXGL Background Thread 2 ] DEBUG Engine               - isGameMenuEnabled: true
18:12:31.727 [FXGL Background Thread 2 ] DEBUG Engine               - isIOS: false
18:12:31.727 [FXGL Background Thread 2 ] DEBUG Engine               - isIntroEnabled: false
18:12:31.727 [FXGL Background Thread 2 ] DEBUG Engine               - isLinux: false
18:12:31.727 [FXGL Background Thread 2 ] DEBUG Engine               - isMac: false
18:12:31.727 [FXGL Background Thread 2 ] DEBUG Engine               - isMainMenuEnabled: true
18:12:31.727 [FXGL Background Thread 2 ] DEBUG Engine               - isManualResizeEnabled: true
18:12:31.727 [FXGL Background Thread 2 ] DEBUG Engine               - isMobile: false
18:12:31.727 [FXGL Background Thread 2 ] DEBUG Engine               - isNative: false
18:12:31.727 [FXGL Background Thread 2 ] DEBUG Engine               - isPauseMusicWhenMinimized: true
18:12:31.727 [FXGL Background Thread 2 ] DEBUG Engine               - isPreserveResizeRatio: true
18:12:31.727 [FXGL Background Thread 2 ] DEBUG Engine               - isProfilingEnabled: false
18:12:31.727 [FXGL Background Thread 2 ] DEBUG Engine               - isScaleAffectedOnResize: true
18:12:31.727 [FXGL Background Thread 2 ] DEBUG Engine               - isSingleStep: false
18:12:31.728 [FXGL Background Thread 2 ] DEBUG Engine               - isUserProfileEnabled: false
18:12:31.728 [FXGL Background Thread 2 ] DEBUG Engine               - isWindows: true
18:12:31.728 [FXGL Background Thread 2 ] DEBUG Engine               - language: ObjectProperty [value: ENGLISH]
18:12:31.728 [FXGL Background Thread 2 ] DEBUG Engine               - menuKey: ESCAPE
18:12:31.728 [FXGL Background Thread 2 ] DEBUG Engine               - mouseSensitivity: 0.2
18:12:31.728 [FXGL Background Thread 2 ] DEBUG Engine               - notificationViewClass: class com.almasb.fxgl.notification.view.XboxNotificationView
18:12:31.728 [FXGL Background Thread 2 ] DEBUG Engine               - pixelsPerMeter: 50.0
18:12:31.728 [FXGL Background Thread 2 ] DEBUG Engine               - platform: WINDOWS
18:12:31.728 [FXGL Background Thread 2 ] DEBUG Engine               - prefHeightProperty: ReadOnlyDoubleProperty [value: 600.0]
18:12:31.728 [FXGL Background Thread 2 ] DEBUG Engine               - prefWidthProperty: ReadOnlyDoubleProperty [value: 800.0]
18:12:31.728 [FXGL Background Thread 2 ] DEBUG Engine               - profileDir: profiles/
18:12:31.728 [FXGL Background Thread 2 ] DEBUG Engine               - profileName: StringProperty [value: DEFAULT]
18:12:31.728 [FXGL Background Thread 2 ] DEBUG Engine               - randomSeed: -1
18:12:31.728 [FXGL Background Thread 2 ] DEBUG Engine               - runtimeInfo: RuntimeInfo(platform=WINDOWS, version=17.3, build=30.03.2023 11.49)
18:12:31.729 [FXGL Background Thread 2 ] DEBUG Engine               - saveFileExt: sav
18:12:31.729 [FXGL Background Thread 2 ] DEBUG Engine               - scaledHeightProp$fxgl: DoubleProperty [bound, value: 600.0]
18:12:31.729 [FXGL Background Thread 2 ] DEBUG Engine               - scaledWidthProp$fxgl: DoubleProperty [bound, value: 800.0]
18:12:31.729 [FXGL Background Thread 2 ] DEBUG Engine               - sceneFactory: fxgl.spaceinvader.ui.MySceneFactory@29775f5
18:12:31.729 [FXGL Background Thread 2 ] DEBUG Engine               - secondsIn24h: 60
18:12:31.729 [FXGL Background Thread 2 ] DEBUG Engine               - soundMenuBack: menu/back.wav
18:12:31.729 [FXGL Background Thread 2 ] DEBUG Engine               - soundMenuPress: menu/press.wav
18:12:31.729 [FXGL Background Thread 2 ] DEBUG Engine               - soundMenuSelect: menu/select.wav
18:12:31.729 [FXGL Background Thread 2 ] DEBUG Engine               - soundNotification: core/notification.wav
18:12:31.729 [FXGL Background Thread 2 ] DEBUG Engine               - stageStyle: DECORATED
18:12:31.729 [FXGL Background Thread 2 ] DEBUG Engine               - supportedLanguages: [ENGLISH, FRENCH, GERMAN, HUNGARIAN, RUSSIAN]
18:12:31.729 [FXGL Background Thread 2 ] DEBUG Engine               - ticksPerSecond: -1
18:12:31.729 [FXGL Background Thread 2 ] DEBUG Engine               - title: Space Invaders
18:12:31.729 [FXGL Background Thread 2 ] DEBUG Engine               - urlGithub: https://github.com/AlmasB/FXGL
18:12:31.729 [FXGL Background Thread 2 ] DEBUG Engine               - urlLeaderboard: http://fxgl-top.herokuapp.com/
18:12:31.729 [FXGL Background Thread 2 ] DEBUG Engine               - urlPOM: https://raw.githubusercontent.com/AlmasB/FXGL/release/README.md
18:12:31.729 [FXGL Background Thread 2 ] DEBUG Engine               - userAppClass: class fxgl.spaceinvader.SpaceInvaderApp
18:12:31.729 [FXGL Background Thread 2 ] DEBUG Engine               - version: 1.0.1
18:12:31.729 [FXGL Background Thread 2 ] DEBUG Engine               - versionCheckDays: 7
18:12:31.729 [FXGL Background Thread 2 ] DEBUG Engine               - width: 800
18:12:31.730 [FXGL Background Thread 2 ] DEBUG Engine               - Logging services
18:12:31.730 [FXGL Background Thread 2 ] DEBUG Engine               - class com.almasb.fxgl.app.services.FXGLAssetLoaderService
18:12:31.730 [FXGL Background Thread 2 ] DEBUG Engine               - class com.almasb.fxgl.app.FXGLApplication$GameApplicationService
18:12:31.730 [FXGL Background Thread 2 ] DEBUG Engine               - class com.almasb.fxgl.app.services.FXGLDialogService
18:12:31.730 [FXGL Background Thread 2 ] DEBUG Engine               - class com.almasb.fxgl.app.services.IOTaskExecutorService
18:12:31.730 [FXGL Background Thread 2 ] DEBUG Engine               - class com.almasb.fxgl.io.FileSystemService
18:12:31.730 [FXGL Background Thread 2 ] DEBUG Engine               - class com.almasb.fxgl.localization.LocalizationService
18:12:31.730 [FXGL Background Thread 2 ] DEBUG Engine               - class com.almasb.fxgl.app.services.SystemBundleService
18:12:31.730 [FXGL Background Thread 2 ] DEBUG Engine               - class com.almasb.fxgl.profile.SaveLoadService
18:12:31.730 [FXGL Background Thread 2 ] DEBUG Engine               - class com.almasb.fxgl.ui.FXGLUIFactoryServiceProvider
18:12:31.730 [FXGL Background Thread 2 ] DEBUG Engine               - class com.almasb.fxgl.ui.FXGLDialogFactoryServiceProvider
18:12:31.730 [FXGL Background Thread 2 ] DEBUG Engine               - class com.almasb.fxgl.audio.AudioPlayer
18:12:31.730 [FXGL Background Thread 2 ] DEBUG Engine               - class com.almasb.fxgl.notification.impl.NotificationServiceProvider
18:12:31.730 [FXGL Background Thread 2 ] DEBUG Engine               - class com.almasb.fxgl.achievement.AchievementService
18:12:31.730 [FXGL Background Thread 2 ] DEBUG Engine               - class com.almasb.fxgl.cutscene.CutsceneService
18:12:31.730 [FXGL Background Thread 2 ] DEBUG Engine               - class com.almasb.fxgl.minigames.MiniGameService
18:12:31.730 [FXGL Background Thread 2 ] DEBUG Engine               - class com.almasb.fxgl.net.NetService
18:12:31.730 [FXGL Background Thread 2 ] DEBUG Engine               - class com.almasb.fxgl.app.services.UpdaterService
18:12:31.730 [FXGL Background Thread 2 ] DEBUG Engine               - class com.almasb.fxgl.dev.DevService
18:12:36.333 [JavaFX Application Thread] DEBUG Menu                 - fireNewGame()
18:12:36.333 [JavaFX Application Thread] DEBUG GameApplicationServi - Starting new game
18:12:36.333 [JavaFX Application Thread] DEBUG PrimaryStageWindow   - Pop state: MenuTest
18:12:36.333 [JavaFX Application Thread] DEBUG Input                - Clearing active input actions
18:12:36.334 [JavaFX Application Thread] DEBUG GameApplicationServi - Removing overlay from MenuTest and adding to FXGLMainMenuDummyScene
18:12:36.334 [JavaFX Application Thread] DEBUG PrimaryStageWindow   - FXGLMainMenuDummyScene <- MenuTest
18:12:36.334 [JavaFX Application Thread] DEBUG Input                - Clearing active input actions
18:12:36.342 [JavaFX Application Thread] DEBUG GameApplicationServi - Removing overlay from FXGLMainMenuDummyScene and adding to FXGLLoadingScene
18:12:36.342 [JavaFX Application Thread] DEBUG PrimaryStageWindow   - FXGLMainMenuDummyScene -> FXGLLoadingScene
18:12:36.342 [JavaFX Application Thread] DEBUG GameApplicationServi - Clearing previous game
18:12:36.342 [JavaFX Application Thread] DEBUG GameScene            - Clearing game scene
18:12:36.342 [JavaFX Application Thread] DEBUG GameWorld            - Clearing game world
18:12:36.342 [JavaFX Application Thread] DEBUG PhysicsWorld         - Clearing physics world
18:12:36.343 [FXGL Background Thread 3 ] DEBUG FXGLApplication      - Initializing game
18:12:36.358 [FXGL Background Thread 3 ] DEBUG FileSystemAccess     - Reading from: C:\Users\HP\IdeaProjects\SpaceInvader\.\hiscore.dat
18:12:36.436 [FXGL Background Thread 3 ] WARN  TMXLevelLoader       - TiledMap generated from 1.8.6. Supported version: 1.9.0. Some features may not be parsed fully.
18:12:36.462 [FXGL Background Thread 3 ] DEBUG TMXLevelLoader       - Parsed TiledMap: file:/C:/Users/HP/IdeaProjects/SpaceInvader/target/classes/assets/levels/level1.tmx
18:12:36.464 [FXGL Background Thread 3 ] DEBUG TMXLevelLoader       - Creating tile layer entities
18:12:36.467 [FXGL Background Thread 3 ] DEBUG TilesetLoader        - Loading view for layer Background
18:12:36.468 [FXGL Background Thread 3 ] DEBUG TilesetLoader        - Created buffer with size 800.0x592.0
18:12:36.494 [FXGL Background Thread 3 ] DEBUG TMXLevelLoader       - Creating object layer entities
18:12:36.497 [FXGL Background Thread 3 ] DEBUG FXGLAssetLoaderServi - Loading from file system: file:/C:/Users/HP/IdeaProjects/SpaceInvader/target/classes/assets/textures/Egg.png
18:12:36.531 [FXGL Background Thread 3 ] DEBUG FXGLAssetLoaderServi - Loading from file system: file:/C:/Users/HP/IdeaProjects/SpaceInvader/target/classes/assets/textures/Frog.png
18:12:36.539 [FXGL Background Thread 3 ] DEBUG FXGLAssetLoaderServi - Loading from file system: file:/C:/Users/HP/IdeaProjects/SpaceInvader/target/classes/assets/textures/Demon.png
18:12:36.556 [FXGL Background Thread 3 ] DEBUG FXGLAssetLoaderServi - Loading from file system: file:/C:/Users/HP/IdeaProjects/SpaceInvader/target/classes/assets/textures/wall_left_1.png
18:12:36.559 [FXGL Background Thread 3 ] DEBUG FXGLAssetLoaderServi - Loading from file system: file:/C:/Users/HP/IdeaProjects/SpaceInvader/target/classes/assets/textures/wall_right_1.png
18:12:36.569 [FXGL Background Thread 3 ] DEBUG GameWorld            - Clearing removable entities
18:12:36.570 [FXGL Background Thread 3 ] DEBUG GameWorld            - Setting level: com.almasb.fxgl.entity.level.Level@4123663c
18:12:36.630 [FXGL Background Thread 3 ] DEBUG FXGLAssetLoaderServi - Loading from file system: file:/C:/Users/HP/IdeaProjects/SpaceInvader/target/classes/assets/textures/ship.png
18:12:36.639 [FXGL Background Thread 3 ] INFO  FXGLApplication      - Game initialization took: 0.296 sec
18:12:36.639 [JavaFX Application Thread] DEBUG Input                - Clearing active input actions
18:12:36.652 [JavaFX Application Thread] DEBUG GameApplicationServi - Removing overlay from FXGLLoadingScene and adding to GameScene
18:12:36.652 [JavaFX Application Thread] DEBUG PrimaryStageWindow   - FXGLLoadingScene -> GameScene
18:12:37.739 [JavaFX Application Thread] DEBUG FXGLAssetLoaderServi - Loading from file system: file:/C:/Users/HP/IdeaProjects/SpaceInvader/target/classes/assets/sounds/shoot.wav
18:12:38.389 [JavaFX Application Thread] DEBUG FXGLAssetLoaderServi - Loading from file system: file:/C:/Users/HP/IdeaProjects/SpaceInvader/target/classes/assets/textures/EnemyBullet.png
18:12:38.392 [JavaFX Application Thread] DEBUG FXGLAssetLoaderServi - Loading from file system: file:/C:/Users/HP/IdeaProjects/SpaceInvader/target/classes/assets/textures/EnemyCluster.png
18:12:38.693 [JavaFX Application Thread] DEBUG EventBus             - Firing event: fxgl.spaceinvader.event.GameEvent[source=javafx.event.Event$$Lambda/0x00000251b115f530@382f564d]
18:12:38.693 [JavaFX Application Thread] DEBUG FXGLAssetLoaderServi - Loading from file system: file:/C:/Users/HP/IdeaProjects/SpaceInvader/target/classes/assets/sounds/explosion.wav
18:12:38.695 [JavaFX Application Thread] DEBUG FXGLAssetLoaderServi - Loading from file system: file:/C:/Users/HP/IdeaProjects/SpaceInvader/target/classes/assets/textures/Explosion.png
18:12:38.984 [JavaFX Application Thread] DEBUG FXGLAssetLoaderServi - Loading from file system: file:/C:/Users/HP/IdeaProjects/SpaceInvader/target/classes/assets/textures/wall_right_2.png
18:12:38.985 [JavaFX Application Thread] DEBUG FXGLAssetLoaderServi - Loading from file system: file:/C:/Users/HP/IdeaProjects/SpaceInvader/target/classes/assets/textures/wall_left_2.png
18:12:39.828 [JavaFX Application Thread] DEBUG EventBus             - Firing event: fxgl.spaceinvader.event.GameEvent[source=javafx.event.Event$$Lambda/0x00000251b115f530@382f564d]
18:12:41.252 [JavaFX Application Thread] DEBUG FXGLAssetLoaderServi - Loading from file system: file:/C:/Users/HP/IdeaProjects/SpaceInvader/target/classes/assets/textures/wall_left_3.png
18:12:41.268 [JavaFX Application Thread] DEBUG EventBus             - Firing event: fxgl.spaceinvader.event.GameEvent[source=javafx.event.Event$$Lambda/0x00000251b115f530@382f564d]
18:12:41.715 [JavaFX Application Thread] DEBUG EventBus             - Firing event: fxgl.spaceinvader.event.GameEvent[source=javafx.event.Event$$Lambda/0x00000251b115f530@382f564d]
18:12:42.788 [JavaFX Application Thread] DEBUG EventBus             - Firing event: fxgl.spaceinvader.event.GameEvent[source=javafx.event.Event$$Lambda/0x00000251b115f530@382f564d]
18:12:43.236 [JavaFX Application Thread] DEBUG EventBus             - Firing event: fxgl.spaceinvader.event.GameEvent[source=javafx.event.Event$$Lambda/0x00000251b115f530@382f564d]
18:12:45.766 [JavaFX Application Thread] DEBUG FXGLApplication      - Exiting FXGL
18:12:45.766 [JavaFX Application Thread] DEBUG LoopRunner           - Stopping loop
18:12:45.766 [JavaFX Application Thread] DEBUG SystemBundleService  - Saving FXGL system data
18:12:45.767 [JavaFX Application Thread] DEBUG FileSystemAccess     - Writing to: C:\Users\HP\IdeaProjects\SpaceInvader\system\fxgl.bundle
18:12:45.769 [JavaFX Application Thread] DEBUG Async                - Shutting down background threads
18:12:45.769 [JavaFX Application Thread] DEBUG PrimaryStageWindow   - Closing main window
18:12:45.794 [JavaFX Application Thread] DEBUG Logger               - Closing Logger
