22:49:53.156 [main                     ] DEBUG Logger               - Configured Logger
22:49:53.181 [main                     ] DEBUG GameApplication      - Logging settings
Title: Space Invaders
Version: 1.0.1
Width: 512
Height: 712
Fullscreen: false
Intro: false
Profiling: false
Single step:false
App Mode: RELEASE
Menu Key: ESCAPE
Stage Style: DECORATED
Scene Factory: class com.almasb.fxgl.app.scene.SceneFactory

22:49:53.514 [JavaFX Application Thread] DEBUG FXGLApplication      - Initializing FXGL
22:49:53.519 [JavaFX Application Thread] INFO  Engine               - FXGL-17.3 (30.03.2023 11.49) on WINDOWS (J:23 FX:17.0.6)
22:49:53.519 [JavaFX Application Thread] DEBUG Engine               - JRE Vendor Name: Oracle Corporation
22:49:53.519 [JavaFX Application Thread] DEBUG Engine               - Running on OS: Windows 10 version 10.0
22:49:53.519 [JavaFX Application Thread] DEBUG Engine               - Architecture: amd64
22:49:53.519 [JavaFX Application Thread] INFO  Engine               - Source code and latest versions at: https://github.com/AlmasB/FXGL
22:49:53.519 [JavaFX Application Thread] INFO  Engine               -       Ask questions and discuss at: https://github.com/AlmasB/FXGL/discussions
22:49:53.519 [JavaFX Application Thread] INFO  Engine               -              Join the FXGL chat at: https://gitter.im/AlmasB/FXGL
22:49:53.607 [JavaFX Application Thread] DEBUG PrimaryStageWindow   - Creating a JavaFX scene
22:49:53.653 [JavaFX Application Thread] DEBUG PrimaryStageWindow   - Target settings size: 512.0 x 712.0
22:49:53.653 [JavaFX Application Thread] DEBUG PrimaryStageWindow   - Scaled scene size:    512.0 x 712.0
22:49:53.653 [JavaFX Application Thread] DEBUG PrimaryStageWindow   - Scaled ratio: (1.0, 1.0)
22:49:53.654 [JavaFX Application Thread] DEBUG PrimaryStageWindow   - Set initial scene to FXGLStartupScene
22:49:53.661 [JavaFX Application Thread] DEBUG PrimaryStageWindow   - Opening main window
22:49:53.749 [JavaFX Application Thread] DEBUG PrimaryStageWindow   - Window border size: (14.4000244140625, 37.5999755859375)
22:49:53.749 [JavaFX Application Thread] DEBUG PrimaryStageWindow   - Scaled size: 512.0 x 712.0
22:49:53.750 [JavaFX Application Thread] DEBUG PrimaryStageWindow   - Scaled ratio: (1.0, 1.0)
22:49:53.750 [JavaFX Application Thread] DEBUG PrimaryStageWindow   - Scene size: 512.0 x 712.0
22:49:53.750 [JavaFX Application Thread] DEBUG PrimaryStageWindow   - Stage size: 526.4000244140625 x 749.5999755859375
22:49:53.759 [FXGL Background Thread 1 ] DEBUG Engine               - Initializing environment variables
22:49:53.871 [FXGL Background Thread 1 ] DEBUG FXGLAssetLoaderServi - User app class for loading assets: class fxgl.spaceinvader.SpaceInvaderApp
22:49:53.871 [FXGL Background Thread 1 ] DEBUG GameApplicationServi - Applying CSS: fxgl_dark.css
22:49:53.872 [FXGL Background Thread 1 ] DEBUG FXGLAssetLoaderServi - Loading from file system: jar:file:///C:/Users/HP/.m2/repository/com/github/almasb/fxgl/17.3/fxgl-17.3.jar!/fxglassets/ui/css/fxgl_dark.css
22:49:53.925 [FXGL Background Thread 1 ] DEBUG GameApplicationServi - Initializing application scenes
22:49:53.974 [FXGL Background Thread 1 ] DEBUG GameWorld            - Game world initialized
22:49:54.048 [FXGL Background Thread 1 ] DEBUG PhysicsWorld         - Physics world initialized: appHeight=712, physics.ppm=50.0
22:49:54.048 [FXGL Background Thread 1 ] DEBUG PhysicsWorld         - Using strategy: BRUTE_FORCE
22:49:54.053 [FXGL Background Thread 1 ] DEBUG GameScene            - Game scene initialized: 512x712
22:49:54.067 [FXGL Background Thread 1 ] WARN  FXGL.DefaultMenu     - FXGLDefaultMenu is not designed for resolutions < 800x600
22:49:54.067 [FXGL Background Thread 1 ] DEBUG FXGL.DefaultMenu     - createMenuBodyMainMenu()
22:49:54.087 [FXGL Background Thread 1 ] DEBUG FXGL.DefaultMenu     - createOptionsMenu()
22:49:54.102 [FXGL Background Thread 1 ] DEBUG FXGLAssetLoaderServi - Loading from file system: jar:file:///C:/Users/HP/.m2/repository/com/github/almasb/fxgl/17.3/fxgl-17.3.jar!/fxglassets/textures/particles/smoke.png
22:49:54.201 [FXGL Background Thread 1 ] DEBUG FXGLAssetLoaderServi - Loading from file system: jar:file:///C:/Users/HP/.m2/repository/com/github/almasb/fxgl/17.3/fxgl-17.3.jar!/fxglassets/textures/particles/trace_horizontal.png
22:49:54.226 [FXGL Background Thread 1 ] WARN  FXGL.DefaultMenu     - FXGLDefaultMenu is not designed for resolutions < 800x600
22:49:54.226 [FXGL Background Thread 1 ] DEBUG FXGL.DefaultMenu     - createMenuBodyGameMenu()
22:49:54.228 [FXGL Background Thread 1 ] DEBUG FXGL.DefaultMenu     - createOptionsMenu()
22:49:54.241 [FXGL Background Thread 1 ] DEBUG GameApplicationServi - Application scenes initialized
22:49:54.251 [FXGL Background Thread 1 ] DEBUG SystemBundleService  - Loading FXGL system data
22:49:54.255 [FXGL Background Thread 1 ] DEBUG FileSystemAccess     - Reading from: C:\Users\HP\IdeaProjects\SpaceInvader\system\fxgl.bundle
22:49:54.263 [FXGL Background Thread 1 ] DEBUG SystemBundleService  - Bundle FXGL: {}
22:49:54.265 [FXGL Background Thread 3 ] DEBUG FXGLApplication      - Loading fonts
22:49:54.266 [FXGL Background Thread 3 ] DEBUG FXGLAssetLoaderServi - Loading from file system: jar:file:///C:/Users/HP/.m2/repository/com/github/almasb/fxgl/17.3/fxgl-17.3.jar!/fxglassets/ui/fonts/VarelaRound-Regular.ttf
22:49:54.266 [FXGL Background Thread 1 ] DEBUG FXGLApplication      - Loading default localization
22:49:54.267 [FXGL Background Thread 1 ] DEBUG FXGLAssetLoaderServi - Loading from file system: jar:file:///C:/Users/HP/.m2/repository/com/github/almasb/fxgl/17.3/fxgl-17.3.jar!/fxglassets/languages/english.lang
22:49:54.284 [FXGL Background Thread 1 ] INFO  FXGLApplication      - FXGL initialization took: 0.526 sec
22:49:54.292 [FXGL Background Thread 3 ] DEBUG FXGLAssetLoaderServi - Loading from file system: jar:file:///C:/Users/HP/.m2/repository/com/github/almasb/fxgl/17.3/fxgl-17.3.jar!/fxglassets/ui/fonts/Abel-Regular.ttf
22:49:54.295 [JavaFX Application Thread] DEBUG Input                - Registered new binding: Move Left - Left
22:49:54.295 [JavaFX Application Thread] DEBUG Input                - Registered new binding: Move Right - Right
22:49:54.295 [FXGL Background Thread 3 ] DEBUG FXGLAssetLoaderServi - Loading from file system: jar:file:///C:/Users/HP/.m2/repository/com/github/almasb/fxgl/17.3/fxgl-17.3.jar!/fxglassets/ui/fonts/TerminalLandMono-Regular.otf
22:49:54.296 [JavaFX Application Thread] DEBUG Input                - Registered new binding: Shoot - Up
22:49:54.296 [JavaFX Application Thread] DEBUG FXGLAssetLoaderServi - Loading from file system: jar:file:///C:/Users/HP/.m2/repository/com/github/almasb/fxgl/17.3/fxgl-17.3.jar!/fxglassets/textures/fxgl_icon.png
22:49:54.299 [FXGL Background Thread 3 ] DEBUG FXGLAssetLoaderServi - Loading from file system: jar:file:///C:/Users/HP/.m2/repository/com/github/almasb/fxgl/17.3/fxgl-17.3.jar!/fxglassets/ui/fonts/Courier-Prime.ttf
22:49:54.311 [JavaFX Application Thread] DEBUG FXGLAssetLoaderServi - Loading from file system: jar:file:///C:/Users/HP/.m2/repository/com/github/almasb/fxgl/17.3/fxgl-17.3.jar!/fxglassets/textures/fxgl_default_cursor.png
22:49:54.313 [JavaFX Application Thread] DEBUG Input                - Registered new binding: Screenshot - CTRL+8
22:49:54.315 [JavaFX Application Thread] DEBUG LoopRunner           - Starting loop
22:49:54.315 [JavaFX Application Thread] DEBUG LoopRunner           - Initializing JavaFX AnimationTimerLoop
22:49:54.317 [JavaFX Application Thread] DEBUG Input                - Clearing active input actions
22:49:54.324 [JavaFX Application Thread] DEBUG GameApplicationServi - Removing overlay from FXGLStartupScene and adding to FXGLMainMenuDummyScene
22:49:54.325 [JavaFX Application Thread] DEBUG PrimaryStageWindow   - FXGLStartupScene -> FXGLMainMenuDummyScene
22:49:54.325 [JavaFX Application Thread] DEBUG PrimaryStageWindow   - Push state: FXGLDefaultMenu
22:49:54.330 [JavaFX Application Thread] DEBUG Input                - Clearing active input actions
22:49:54.337 [JavaFX Application Thread] DEBUG GameApplicationServi - Removing overlay from FXGLMainMenuDummyScene and adding to FXGLDefaultMenu
22:49:54.338 [JavaFX Application Thread] DEBUG PrimaryStageWindow   - FXGLMainMenuDummyScene -> FXGLDefaultMenu
22:49:54.338 [JavaFX Application Thread] DEBUG FXGLApplication      - Registering font factories with UI factory
22:49:55.245 [JavaFX Application Thread] DEBUG Menu                 - fireNewGame()
22:49:55.245 [JavaFX Application Thread] DEBUG GameApplicationServi - Starting new game
22:49:55.246 [JavaFX Application Thread] DEBUG PrimaryStageWindow   - Pop state: FXGLDefaultMenu
22:49:55.246 [JavaFX Application Thread] DEBUG Input                - Clearing active input actions
22:49:55.248 [JavaFX Application Thread] DEBUG GameApplicationServi - Removing overlay from FXGLDefaultMenu and adding to FXGLMainMenuDummyScene
22:49:55.248 [JavaFX Application Thread] DEBUG PrimaryStageWindow   - FXGLMainMenuDummyScene <- FXGLDefaultMenu
22:49:55.249 [JavaFX Application Thread] DEBUG Input                - Clearing active input actions
22:49:55.264 [JavaFX Application Thread] DEBUG GameApplicationServi - Removing overlay from FXGLMainMenuDummyScene and adding to FXGLLoadingScene
22:49:55.265 [JavaFX Application Thread] DEBUG PrimaryStageWindow   - FXGLMainMenuDummyScene -> FXGLLoadingScene
22:49:55.265 [JavaFX Application Thread] DEBUG GameApplicationServi - Clearing previous game
22:49:55.265 [JavaFX Application Thread] DEBUG GameScene            - Clearing game scene
22:49:55.265 [JavaFX Application Thread] DEBUG GameWorld            - Clearing game world
22:49:55.266 [JavaFX Application Thread] DEBUG PhysicsWorld         - Clearing physics world
22:49:55.268 [FXGL Background Thread 3 ] DEBUG FXGLApplication      - Initializing game
22:49:55.314 [FXGL Background Thread 3 ] WARN  FXGLAssetLoaderServi - Asset "/assets/textures/../fxgl/spaceinvader/assets/textures/player.png" was not found!
22:49:55.314 [FXGL Background Thread 3 ] WARN  FXGLAssetLoaderServi - Failed to load IMAGE
22:49:55.340 [FXGL Background Thread 3 ] WARN  FXGLAssetLoaderServi - Asset "/assets/textures/src/main/resources/fxgl/spaceinvader/assets/textures/player.png" was not found!
22:49:55.340 [FXGL Background Thread 3 ] WARN  FXGLAssetLoaderServi - Failed to load IMAGE
22:49:55.352 [FXGL Background Thread 3 ] WARN  GameWorld            - Entity is already attached to world
22:49:55.355 [FXGL Background Thread 3 ] INFO  FXGLApplication      - Game initialization took: 0.087 sec
22:49:55.356 [JavaFX Application Thread] DEBUG Input                - Clearing active input actions
22:49:55.371 [JavaFX Application Thread] DEBUG GameApplicationServi - Removing overlay from FXGLLoadingScene and adding to GameScene
22:49:55.372 [JavaFX Application Thread] DEBUG PrimaryStageWindow   - FXGLLoadingScene -> GameScene
22:49:57.261 [JavaFX Application Thread] DEBUG FXGLApplication      - Exiting FXGL
22:49:57.261 [JavaFX Application Thread] DEBUG LoopRunner           - Stopping loop
22:49:57.261 [JavaFX Application Thread] DEBUG SystemBundleService  - Saving FXGL system data
22:49:57.263 [JavaFX Application Thread] DEBUG FileSystemAccess     - Writing to: C:\Users\HP\IdeaProjects\SpaceInvader\system\fxgl.bundle
22:49:57.265 [JavaFX Application Thread] DEBUG Async                - Shutting down background threads
22:49:57.265 [JavaFX Application Thread] DEBUG PrimaryStageWindow   - Closing main window
22:49:57.290 [JavaFX Application Thread] DEBUG Logger               - Closing Logger
