20:37:04.722 [main                     ] DEBUG Logger               - Configured Logger
20:37:04.777 [main                     ] DEBUG GameApplication      - Logging settings
Title: Space Invaders
Version: 1.0.1
Width: 512
Height: 720
Fullscreen: false
Intro: false
Profiling: false
Single step:false
App Mode: RELEASE
Menu Key: ESCAPE
Stage Style: DECORATED
Scene Factory: class com.almasb.fxgl.app.scene.SceneFactory

20:37:05.293 [JavaFX Application Thread] DEBUG FXGLApplication      - Initializing FXGL
20:37:05.301 [JavaFX Application Thread] INFO  Engine               - FXGL-17.3 (30.03.2023 11.49) on WINDOWS (J:23 FX:17.0.6)
20:37:05.301 [JavaFX Application Thread] DEBUG Engine               - JRE Vendor Name: Oracle Corporation
20:37:05.302 [JavaFX Application Thread] DEBUG Engine               - Running on OS: Windows 10 version 10.0
20:37:05.302 [JavaFX Application Thread] DEBUG Engine               - Architecture: amd64
20:37:05.302 [JavaFX Application Thread] INFO  Engine               - Source code and latest versions at: https://github.com/AlmasB/FXGL
20:37:05.302 [JavaFX Application Thread] INFO  Engine               -       Ask questions and discuss at: https://github.com/AlmasB/FXGL/discussions
20:37:05.302 [JavaFX Application Thread] INFO  Engine               -              Join the FXGL chat at: https://gitter.im/AlmasB/FXGL
20:37:05.453 [JavaFX Application Thread] DEBUG PrimaryStageWindow   - Creating a JavaFX scene
20:37:05.521 [JavaFX Application Thread] DEBUG PrimaryStageWindow   - Target settings size: 512.0 x 720.0
20:37:05.522 [JavaFX Application Thread] DEBUG PrimaryStageWindow   - Scaled scene size:    512.0 x 720.0
20:37:05.522 [JavaFX Application Thread] DEBUG PrimaryStageWindow   - Scaled ratio: (1.0, 1.0)
20:37:05.523 [JavaFX Application Thread] DEBUG PrimaryStageWindow   - Set initial scene to FXGLStartupScene
20:37:05.533 [JavaFX Application Thread] DEBUG PrimaryStageWindow   - Opening main window
20:37:05.673 [JavaFX Application Thread] DEBUG PrimaryStageWindow   - Window border size: (14.4000244140625, 37.5999755859375)
20:37:05.674 [JavaFX Application Thread] DEBUG PrimaryStageWindow   - Scaled size: 512.0 x 720.0
20:37:05.676 [JavaFX Application Thread] DEBUG PrimaryStageWindow   - Scaled ratio: (1.0, 1.0)
20:37:05.679 [JavaFX Application Thread] DEBUG PrimaryStageWindow   - Scene size: 512.0 x 720.0
20:37:05.682 [JavaFX Application Thread] DEBUG PrimaryStageWindow   - Stage size: 526.4000244140625 x 757.5999755859375
20:37:05.714 [FXGL Background Thread 1 ] DEBUG Engine               - Initializing environment variables
20:37:05.978 [FXGL Background Thread 1 ] DEBUG FXGLAssetLoaderServi - User app class for loading assets: class fxgl.spaceinvader.SpaceInvaderApp
20:37:05.978 [FXGL Background Thread 1 ] DEBUG GameApplicationServi - Applying CSS: fxgl_dark.css
20:37:05.979 [FXGL Background Thread 1 ] DEBUG FXGLAssetLoaderServi - Loading from file system: jar:file:///C:/Users/HP/.m2/repository/com/github/almasb/fxgl/17.3/fxgl-17.3.jar!/fxglassets/ui/css/fxgl_dark.css
20:37:06.065 [FXGL Background Thread 1 ] DEBUG GameApplicationServi - Initializing application scenes
20:37:06.124 [FXGL Background Thread 1 ] DEBUG GameWorld            - Game world initialized
20:37:06.275 [FXGL Background Thread 1 ] DEBUG PhysicsWorld         - Physics world initialized: appHeight=720, physics.ppm=50.0
20:37:06.276 [FXGL Background Thread 1 ] DEBUG PhysicsWorld         - Using strategy: BRUTE_FORCE
20:37:06.285 [FXGL Background Thread 1 ] DEBUG GameScene            - Game scene initialized: 512x720
20:37:06.315 [FXGL Background Thread 1 ] WARN  FXGL.DefaultMenu     - FXGLDefaultMenu is not designed for resolutions < 800x600
20:37:06.315 [FXGL Background Thread 1 ] DEBUG FXGL.DefaultMenu     - createMenuBodyMainMenu()
20:37:06.349 [FXGL Background Thread 1 ] DEBUG FXGL.DefaultMenu     - createOptionsMenu()
20:37:06.374 [FXGL Background Thread 1 ] DEBUG FXGLAssetLoaderServi - Loading from file system: jar:file:///C:/Users/HP/.m2/repository/com/github/almasb/fxgl/17.3/fxgl-17.3.jar!/fxglassets/textures/particles/smoke.png
20:37:06.566 [FXGL Background Thread 1 ] DEBUG FXGLAssetLoaderServi - Loading from file system: jar:file:///C:/Users/HP/.m2/repository/com/github/almasb/fxgl/17.3/fxgl-17.3.jar!/fxglassets/textures/particles/trace_horizontal.png
20:37:06.631 [FXGL Background Thread 1 ] WARN  FXGL.DefaultMenu     - FXGLDefaultMenu is not designed for resolutions < 800x600
20:37:06.631 [FXGL Background Thread 1 ] DEBUG FXGL.DefaultMenu     - createMenuBodyGameMenu()
20:37:06.633 [FXGL Background Thread 1 ] DEBUG FXGL.DefaultMenu     - createOptionsMenu()
20:37:06.669 [FXGL Background Thread 1 ] DEBUG GameApplicationServi - Application scenes initialized
20:37:06.688 [FXGL Background Thread 1 ] DEBUG SystemBundleService  - Loading FXGL system data
20:37:06.694 [FXGL Background Thread 1 ] DEBUG FileSystemAccess     - Reading from: C:\Users\HP\IdeaProjects\SpaceInvader\system\fxgl.bundle
20:37:06.707 [FXGL Background Thread 1 ] DEBUG SystemBundleService  - Bundle FXGL: {}
20:37:06.712 [FXGL Background Thread 3 ] DEBUG FXGLApplication      - Loading fonts
20:37:06.713 [FXGL Background Thread 3 ] DEBUG FXGLAssetLoaderServi - Loading from file system: jar:file:///C:/Users/HP/.m2/repository/com/github/almasb/fxgl/17.3/fxgl-17.3.jar!/fxglassets/ui/fonts/VarelaRound-Regular.ttf
20:37:06.713 [FXGL Background Thread 1 ] DEBUG FXGLApplication      - Loading default localization
20:37:06.714 [FXGL Background Thread 1 ] DEBUG FXGLAssetLoaderServi - Loading from file system: jar:file:///C:/Users/HP/.m2/repository/com/github/almasb/fxgl/17.3/fxgl-17.3.jar!/fxglassets/languages/english.lang
20:37:06.748 [FXGL Background Thread 1 ] INFO  FXGLApplication      - FXGL initialization took: 1.034 sec
20:37:06.758 [FXGL Background Thread 3 ] DEBUG FXGLAssetLoaderServi - Loading from file system: jar:file:///C:/Users/HP/.m2/repository/com/github/almasb/fxgl/17.3/fxgl-17.3.jar!/fxglassets/ui/fonts/Abel-Regular.ttf
20:37:06.764 [FXGL Background Thread 3 ] DEBUG FXGLAssetLoaderServi - Loading from file system: jar:file:///C:/Users/HP/.m2/repository/com/github/almasb/fxgl/17.3/fxgl-17.3.jar!/fxglassets/ui/fonts/TerminalLandMono-Regular.otf
20:37:06.765 [JavaFX Application Thread] DEBUG Input                - Registered new binding: Move Left - Left
20:37:06.766 [JavaFX Application Thread] DEBUG Input                - Registered new binding: Move Right - Right
20:37:06.767 [JavaFX Application Thread] DEBUG Input                - Registered new binding: Shoot - Up
20:37:06.768 [JavaFX Application Thread] DEBUG Input                - Registered new binding: Shield Up - Space
20:37:06.769 [JavaFX Application Thread] DEBUG FXGLAssetLoaderServi - Loading from file system: file:/C:/Users/HP/IdeaProjects/SpaceInvader/target/classes/assets/music/bgm.mp3
20:37:06.772 [FXGL Background Thread 3 ] DEBUG FXGLAssetLoaderServi - Loading from file system: jar:file:///C:/Users/HP/.m2/repository/com/github/almasb/fxgl/17.3/fxgl-17.3.jar!/fxglassets/ui/fonts/Courier-Prime.ttf
20:37:06.962 [JavaFX Application Thread] DEBUG AudioPlayer          - Playing music com.almasb.fxgl.audio.Music@417977da
20:37:06.965 [JavaFX Application Thread] DEBUG FXGLAssetLoaderServi - Loading from file system: jar:file:///C:/Users/HP/.m2/repository/com/github/almasb/fxgl/17.3/fxgl-17.3.jar!/fxglassets/textures/fxgl_icon.png
20:37:06.997 [JavaFX Application Thread] DEBUG FXGLAssetLoaderServi - Loading from file system: jar:file:///C:/Users/HP/.m2/repository/com/github/almasb/fxgl/17.3/fxgl-17.3.jar!/fxglassets/textures/fxgl_default_cursor.png
20:37:07.000 [JavaFX Application Thread] DEBUG Input                - Registered new binding: Screenshot - CTRL+8
20:37:07.004 [JavaFX Application Thread] DEBUG LoopRunner           - Starting loop
20:37:07.004 [JavaFX Application Thread] DEBUG LoopRunner           - Initializing JavaFX AnimationTimerLoop
20:37:07.007 [JavaFX Application Thread] DEBUG Input                - Clearing active input actions
20:37:07.020 [JavaFX Application Thread] DEBUG GameApplicationServi - Removing overlay from FXGLStartupScene and adding to FXGLMainMenuDummyScene
20:37:07.021 [JavaFX Application Thread] DEBUG PrimaryStageWindow   - FXGLStartupScene -> FXGLMainMenuDummyScene
20:37:07.022 [JavaFX Application Thread] DEBUG PrimaryStageWindow   - Push state: FXGLDefaultMenu
20:37:07.032 [JavaFX Application Thread] DEBUG Input                - Clearing active input actions
20:37:07.048 [JavaFX Application Thread] DEBUG GameApplicationServi - Removing overlay from FXGLMainMenuDummyScene and adding to FXGLDefaultMenu
20:37:07.049 [JavaFX Application Thread] DEBUG PrimaryStageWindow   - FXGLMainMenuDummyScene -> FXGLDefaultMenu
20:37:07.062 [JavaFX Application Thread] DEBUG FXGLApplication      - Registering font factories with UI factory
20:37:08.233 [JavaFX Application Thread] DEBUG Menu                 - fireNewGame()
20:37:08.233 [JavaFX Application Thread] DEBUG GameApplicationServi - Starting new game
20:37:08.235 [JavaFX Application Thread] DEBUG PrimaryStageWindow   - Pop state: FXGLDefaultMenu
20:37:08.235 [JavaFX Application Thread] DEBUG Input                - Clearing active input actions
20:37:08.237 [JavaFX Application Thread] DEBUG GameApplicationServi - Removing overlay from FXGLDefaultMenu and adding to FXGLMainMenuDummyScene
20:37:08.238 [JavaFX Application Thread] DEBUG PrimaryStageWindow   - FXGLMainMenuDummyScene <- FXGLDefaultMenu
20:37:08.239 [JavaFX Application Thread] DEBUG Input                - Clearing active input actions
20:37:08.261 [JavaFX Application Thread] DEBUG GameApplicationServi - Removing overlay from FXGLMainMenuDummyScene and adding to FXGLLoadingScene
20:37:08.262 [JavaFX Application Thread] DEBUG PrimaryStageWindow   - FXGLMainMenuDummyScene -> FXGLLoadingScene
20:37:08.262 [JavaFX Application Thread] DEBUG GameApplicationServi - Clearing previous game
20:37:08.262 [JavaFX Application Thread] DEBUG GameScene            - Clearing game scene
20:37:08.262 [JavaFX Application Thread] DEBUG GameWorld            - Clearing game world
20:37:08.262 [JavaFX Application Thread] DEBUG PhysicsWorld         - Clearing physics world
20:37:08.265 [FXGL Background Thread 3 ] DEBUG FXGLApplication      - Initializing game
20:37:08.285 [FXGL Background Thread 3 ] DEBUG FileSystemAccess     - Reading from: C:\Users\HP\IdeaProjects\SpaceInvader\.\hiscore.dat
20:37:08.409 [FXGL Background Thread 3 ] WARN  TMXLevelLoader       - TiledMap generated from 1.8.6. Supported version: 1.9.0. Some features may not be parsed fully.
20:37:08.432 [FXGL Background Thread 3 ] DEBUG TMXLevelLoader       - Parsed TiledMap: file:/C:/Users/HP/IdeaProjects/SpaceInvader/target/classes/assets/levels/level1.tmx
20:37:08.435 [FXGL Background Thread 3 ] DEBUG TMXLevelLoader       - Creating tile layer entities
20:37:08.439 [FXGL Background Thread 3 ] DEBUG TilesetLoader        - Loading view for layer Background
20:37:08.440 [FXGL Background Thread 3 ] DEBUG TilesetLoader        - Created buffer with size 512.0x720.0
20:37:08.455 [FXGL Background Thread 3 ] DEBUG TMXLevelLoader       - Creating object layer entities
20:37:08.460 [FXGL Background Thread 3 ] DEBUG FXGLAssetLoaderServi - Loading from file system: file:/C:/Users/HP/IdeaProjects/SpaceInvader/target/classes/assets/textures/Egg.png
20:37:08.526 [FXGL Background Thread 3 ] DEBUG FXGLAssetLoaderServi - Loading from file system: file:/C:/Users/HP/IdeaProjects/SpaceInvader/target/classes/assets/textures/Frog.png
20:37:08.543 [FXGL Background Thread 3 ] DEBUG FXGLAssetLoaderServi - Loading from file system: file:/C:/Users/HP/IdeaProjects/SpaceInvader/target/classes/assets/textures/Demon.png
20:37:08.571 [FXGL Background Thread 3 ] DEBUG FXGLAssetLoaderServi - Loading from file system: file:/C:/Users/HP/IdeaProjects/SpaceInvader/target/classes/assets/textures/wall_left_1.png
20:37:08.576 [FXGL Background Thread 3 ] DEBUG FXGLAssetLoaderServi - Loading from file system: file:/C:/Users/HP/IdeaProjects/SpaceInvader/target/classes/assets/textures/wall_right_1.png
20:37:08.590 [FXGL Background Thread 3 ] DEBUG GameWorld            - Clearing removable entities
20:37:08.591 [FXGL Background Thread 3 ] DEBUG GameWorld            - Setting level: com.almasb.fxgl.entity.level.Level@18e1b915
20:37:08.699 [FXGL Background Thread 3 ] DEBUG FXGLAssetLoaderServi - Loading from file system: file:/C:/Users/HP/IdeaProjects/SpaceInvader/target/classes/assets/textures/player.png
20:37:08.715 [FXGL Background Thread 3 ] INFO  FXGLApplication      - Game initialization took: 0.450 sec
20:37:08.716 [JavaFX Application Thread] DEBUG Input                - Clearing active input actions
20:37:08.737 [JavaFX Application Thread] DEBUG GameApplicationServi - Removing overlay from FXGLLoadingScene and adding to GameScene
20:37:08.737 [JavaFX Application Thread] DEBUG PrimaryStageWindow   - FXGLLoadingScene -> GameScene
20:37:09.571 [JavaFX Application Thread] DEBUG FXGLAssetLoaderServi - Loading from file system: file:/C:/Users/HP/IdeaProjects/SpaceInvader/target/classes/assets/sounds/shoot.wav
20:37:09.709 [FXGL Background Thread 2 ] DEBUG Engine               - Logging environment variables
20:37:09.710 [FXGL Background Thread 2 ] DEBUG Engine               - achievements: []
20:37:09.710 [FXGL Background Thread 2 ] DEBUG Engine               - actualHeight: 720.0
20:37:09.710 [FXGL Background Thread 2 ] DEBUG Engine               - actualHeightProperty: ReadOnlyDoubleProperty [value: 720.0]
20:37:09.710 [FXGL Background Thread 2 ] DEBUG Engine               - actualWidth: 512.0
20:37:09.710 [FXGL Background Thread 2 ] DEBUG Engine               - actualWidthProperty: ReadOnlyDoubleProperty [value: 512.0]
20:37:09.710 [FXGL Background Thread 2 ] DEBUG Engine               - appIcon: fxgl_icon.png
20:37:09.710 [FXGL Background Thread 2 ] DEBUG Engine               - applicationMode: RELEASE
20:37:09.711 [FXGL Background Thread 2 ] DEBUG Engine               - cSSList: [fxgl_dark.css]
20:37:09.711 [FXGL Background Thread 2 ] DEBUG Engine               - collisionDetectionStrategy: BRUTE_FORCE
20:37:09.711 [FXGL Background Thread 2 ] DEBUG Engine               - configClass: Optional.empty
20:37:09.711 [FXGL Background Thread 2 ] DEBUG Engine               - credits: []
20:37:09.711 [FXGL Background Thread 2 ] DEBUG Engine               - defaultCursor: CursorInfo(imageName=fxgl_default_cursor.png, hotspotX=7.0, hotspotY=6.0)
20:37:09.711 [FXGL Background Thread 2 ] DEBUG Engine               - devBBoxColorProperty: ObjectProperty [value: 0xff0000ff]
20:37:09.711 [FXGL Background Thread 2 ] DEBUG Engine               - devEnableDebugCameraProperty: BooleanProperty [value: false]
20:37:09.712 [FXGL Background Thread 2 ] DEBUG Engine               - devSensorColorProperty: ObjectProperty [value: 0xffff00ff]
20:37:09.712 [FXGL Background Thread 2 ] DEBUG Engine               - devShowBBoxProperty: BooleanProperty [value: false]
20:37:09.712 [FXGL Background Thread 2 ] DEBUG Engine               - devShowPositionProperty: BooleanProperty [value: false]
20:37:09.712 [FXGL Background Thread 2 ] DEBUG Engine               - enabledMenuItems: []
20:37:09.712 [FXGL Background Thread 2 ] DEBUG Engine               - engineServices: [class com.almasb.fxgl.app.services.FXGLAssetLoaderService, class com.almasb.fxgl.app.FXGLApplication$GameApplicationService, class com.almasb.fxgl.app.services.FXGLDialogService, class com.almasb.fxgl.app.services.IOTaskExecutorService, class com.almasb.fxgl.io.FileSystemService, class com.almasb.fxgl.localization.LocalizationService, class com.almasb.fxgl.app.services.SystemBundleService, class com.almasb.fxgl.profile.SaveLoadService, class com.almasb.fxgl.ui.FXGLUIFactoryServiceProvider, class com.almasb.fxgl.ui.FXGLDialogFactoryServiceProvider, class com.almasb.fxgl.audio.AudioPlayer, class com.almasb.fxgl.notification.impl.NotificationServiceProvider, class com.almasb.fxgl.achievement.AchievementService, class com.almasb.fxgl.cutscene.CutsceneService, class com.almasb.fxgl.minigames.MiniGameService, class com.almasb.fxgl.net.NetService, class com.almasb.fxgl.app.services.UpdaterService, class com.almasb.fxgl.dev.DevService]
20:37:09.712 [FXGL Background Thread 2 ] DEBUG Engine               - fontGame: Abel-Regular.ttf
20:37:09.712 [FXGL Background Thread 2 ] DEBUG Engine               - fontMono: TerminalLandMono-Regular.otf
20:37:09.712 [FXGL Background Thread 2 ] DEBUG Engine               - fontSizeScaleUI: 1.0
20:37:09.712 [FXGL Background Thread 2 ] DEBUG Engine               - fontText: Courier-Prime.ttf
20:37:09.713 [FXGL Background Thread 2 ] DEBUG Engine               - fontUI: VarelaRound-Regular.ttf
20:37:09.713 [FXGL Background Thread 2 ] DEBUG Engine               - fullScreen: BooleanProperty [value: false]
20:37:09.713 [FXGL Background Thread 2 ] DEBUG Engine               - gameDifficulty: MEDIUM
20:37:09.713 [FXGL Background Thread 2 ] DEBUG Engine               - gameDifficultyProperty: ObjectProperty [value: MEDIUM]
20:37:09.713 [FXGL Background Thread 2 ] DEBUG Engine               - globalMusicVolume: 0.5
20:37:09.713 [FXGL Background Thread 2 ] DEBUG Engine               - globalMusicVolumeProperty: DoubleProperty [value: 0.5]
20:37:09.713 [FXGL Background Thread 2 ] DEBUG Engine               - globalSoundVolume: 0.5
20:37:09.713 [FXGL Background Thread 2 ] DEBUG Engine               - globalSoundVolumeProperty: DoubleProperty [value: 0.1]
20:37:09.714 [FXGL Background Thread 2 ] DEBUG Engine               - height: 720
20:37:09.714 [FXGL Background Thread 2 ] DEBUG Engine               - is3D: false
20:37:09.714 [FXGL Background Thread 2 ] DEBUG Engine               - isAndroid: false
20:37:09.714 [FXGL Background Thread 2 ] DEBUG Engine               - isBrowser: false
20:37:09.714 [FXGL Background Thread 2 ] DEBUG Engine               - isClickFeedbackEnabled: false
20:37:09.714 [FXGL Background Thread 2 ] DEBUG Engine               - isCloseConfirmation: false
20:37:09.714 [FXGL Background Thread 2 ] DEBUG Engine               - isDesktop: true
20:37:09.714 [FXGL Background Thread 2 ] DEBUG Engine               - isDeveloperMenuEnabled: false
20:37:09.714 [FXGL Background Thread 2 ] DEBUG Engine               - isEmbedded: false
20:37:09.714 [FXGL Background Thread 2 ] DEBUG Engine               - isEntityPreloadEnabled: true
20:37:09.714 [FXGL Background Thread 2 ] DEBUG Engine               - isExperimentalTiledLargeMap: false
20:37:09.715 [FXGL Background Thread 2 ] DEBUG Engine               - isFileSystemWriteAllowed: true
20:37:09.715 [FXGL Background Thread 2 ] DEBUG Engine               - isFullScreenAllowed: false
20:37:09.715 [FXGL Background Thread 2 ] DEBUG Engine               - isFullScreenFromStart: false
20:37:09.715 [FXGL Background Thread 2 ] DEBUG Engine               - isGameMenuEnabled: true
20:37:09.715 [FXGL Background Thread 2 ] DEBUG Engine               - isIOS: false
20:37:09.715 [FXGL Background Thread 2 ] DEBUG Engine               - isIntroEnabled: false
20:37:09.716 [FXGL Background Thread 2 ] DEBUG Engine               - isLinux: false
20:37:09.717 [FXGL Background Thread 2 ] DEBUG Engine               - isMac: false
20:37:09.717 [FXGL Background Thread 2 ] DEBUG Engine               - isMainMenuEnabled: true
20:37:09.718 [FXGL Background Thread 2 ] DEBUG Engine               - isManualResizeEnabled: true
20:37:09.718 [FXGL Background Thread 2 ] DEBUG Engine               - isMobile: false
20:37:09.718 [FXGL Background Thread 2 ] DEBUG Engine               - isNative: false
20:37:09.718 [FXGL Background Thread 2 ] DEBUG Engine               - isPauseMusicWhenMinimized: true
20:37:09.718 [FXGL Background Thread 2 ] DEBUG Engine               - isPreserveResizeRatio: true
20:37:09.718 [FXGL Background Thread 2 ] DEBUG Engine               - isProfilingEnabled: false
20:37:09.718 [FXGL Background Thread 2 ] DEBUG Engine               - isScaleAffectedOnResize: true
20:37:09.719 [FXGL Background Thread 2 ] DEBUG Engine               - isSingleStep: false
20:37:09.719 [FXGL Background Thread 2 ] DEBUG Engine               - isUserProfileEnabled: false
20:37:09.719 [FXGL Background Thread 2 ] DEBUG Engine               - isWindows: true
20:37:09.719 [FXGL Background Thread 2 ] DEBUG Engine               - language: ObjectProperty [value: ENGLISH]
20:37:09.719 [FXGL Background Thread 2 ] DEBUG Engine               - menuKey: ESCAPE
20:37:09.719 [FXGL Background Thread 2 ] DEBUG Engine               - mouseSensitivity: 0.2
20:37:09.719 [FXGL Background Thread 2 ] DEBUG Engine               - notificationViewClass: class com.almasb.fxgl.notification.view.XboxNotificationView
20:37:09.719 [FXGL Background Thread 2 ] DEBUG Engine               - pixelsPerMeter: 50.0
20:37:09.719 [FXGL Background Thread 2 ] DEBUG Engine               - platform: WINDOWS
20:37:09.719 [FXGL Background Thread 2 ] DEBUG Engine               - prefHeightProperty: ReadOnlyDoubleProperty [value: 720.0]
20:37:09.719 [FXGL Background Thread 2 ] DEBUG Engine               - prefWidthProperty: ReadOnlyDoubleProperty [value: 512.0]
20:37:09.720 [FXGL Background Thread 2 ] DEBUG Engine               - profileDir: profiles/
20:37:09.720 [FXGL Background Thread 2 ] DEBUG Engine               - profileName: StringProperty [value: DEFAULT]
20:37:09.720 [FXGL Background Thread 2 ] DEBUG Engine               - randomSeed: -1
20:37:09.720 [FXGL Background Thread 2 ] DEBUG Engine               - runtimeInfo: RuntimeInfo(platform=WINDOWS, version=17.3, build=30.03.2023 11.49)
20:37:09.720 [FXGL Background Thread 2 ] DEBUG Engine               - saveFileExt: sav
20:37:09.720 [FXGL Background Thread 2 ] DEBUG Engine               - scaledHeightProp$fxgl: DoubleProperty [bound, value: 720.0]
20:37:09.720 [FXGL Background Thread 2 ] DEBUG Engine               - scaledWidthProp$fxgl: DoubleProperty [bound, value: 512.0]
20:37:09.720 [FXGL Background Thread 2 ] DEBUG Engine               - sceneFactory: com.almasb.fxgl.app.scene.SceneFactory@6706c067
20:37:09.720 [FXGL Background Thread 2 ] DEBUG Engine               - secondsIn24h: 60
20:37:09.721 [FXGL Background Thread 2 ] DEBUG Engine               - soundMenuBack: menu/back.wav
20:37:09.721 [FXGL Background Thread 2 ] DEBUG Engine               - soundMenuPress: menu/press.wav
20:37:09.721 [FXGL Background Thread 2 ] DEBUG Engine               - soundMenuSelect: menu/select.wav
20:37:09.721 [FXGL Background Thread 2 ] DEBUG Engine               - soundNotification: core/notification.wav
20:37:09.721 [FXGL Background Thread 2 ] DEBUG Engine               - stageStyle: DECORATED
20:37:09.721 [FXGL Background Thread 2 ] DEBUG Engine               - supportedLanguages: [ENGLISH, FRENCH, GERMAN, HUNGARIAN, RUSSIAN]
20:37:09.721 [FXGL Background Thread 2 ] DEBUG Engine               - ticksPerSecond: -1
20:37:09.721 [FXGL Background Thread 2 ] DEBUG Engine               - title: Space Invaders
20:37:09.721 [FXGL Background Thread 2 ] DEBUG Engine               - urlGithub: https://github.com/AlmasB/FXGL
20:37:09.721 [FXGL Background Thread 2 ] DEBUG Engine               - urlLeaderboard: http://fxgl-top.herokuapp.com/
20:37:09.721 [FXGL Background Thread 2 ] DEBUG Engine               - urlPOM: https://raw.githubusercontent.com/AlmasB/FXGL/release/README.md
20:37:09.721 [FXGL Background Thread 2 ] DEBUG Engine               - userAppClass: class fxgl.spaceinvader.SpaceInvaderApp
20:37:09.721 [FXGL Background Thread 2 ] DEBUG Engine               - version: 1.0.1
20:37:09.721 [FXGL Background Thread 2 ] DEBUG Engine               - versionCheckDays: 7
20:37:09.721 [FXGL Background Thread 2 ] DEBUG Engine               - width: 512
20:37:09.721 [FXGL Background Thread 2 ] DEBUG Engine               - Logging services
20:37:09.721 [FXGL Background Thread 2 ] DEBUG Engine               - class com.almasb.fxgl.app.services.FXGLAssetLoaderService
20:37:09.721 [FXGL Background Thread 2 ] DEBUG Engine               - class com.almasb.fxgl.app.FXGLApplication$GameApplicationService
20:37:09.721 [FXGL Background Thread 2 ] DEBUG Engine               - class com.almasb.fxgl.app.services.FXGLDialogService
20:37:09.721 [FXGL Background Thread 2 ] DEBUG Engine               - class com.almasb.fxgl.app.services.IOTaskExecutorService
20:37:09.721 [FXGL Background Thread 2 ] DEBUG Engine               - class com.almasb.fxgl.io.FileSystemService
20:37:09.722 [FXGL Background Thread 2 ] DEBUG Engine               - class com.almasb.fxgl.localization.LocalizationService
20:37:09.722 [FXGL Background Thread 2 ] DEBUG Engine               - class com.almasb.fxgl.app.services.SystemBundleService
20:37:09.722 [FXGL Background Thread 2 ] DEBUG Engine               - class com.almasb.fxgl.profile.SaveLoadService
20:37:09.722 [FXGL Background Thread 2 ] DEBUG Engine               - class com.almasb.fxgl.ui.FXGLUIFactoryServiceProvider
20:37:09.722 [FXGL Background Thread 2 ] DEBUG Engine               - class com.almasb.fxgl.ui.FXGLDialogFactoryServiceProvider
20:37:09.722 [FXGL Background Thread 2 ] DEBUG Engine               - class com.almasb.fxgl.audio.AudioPlayer
20:37:09.722 [FXGL Background Thread 2 ] DEBUG Engine               - class com.almasb.fxgl.notification.impl.NotificationServiceProvider
20:37:09.722 [FXGL Background Thread 2 ] DEBUG Engine               - class com.almasb.fxgl.achievement.AchievementService
20:37:09.722 [FXGL Background Thread 2 ] DEBUG Engine               - class com.almasb.fxgl.cutscene.CutsceneService
20:37:09.722 [FXGL Background Thread 2 ] DEBUG Engine               - class com.almasb.fxgl.minigames.MiniGameService
20:37:09.722 [FXGL Background Thread 2 ] DEBUG Engine               - class com.almasb.fxgl.net.NetService
20:37:09.722 [FXGL Background Thread 2 ] DEBUG Engine               - class com.almasb.fxgl.app.services.UpdaterService
20:37:09.722 [FXGL Background Thread 2 ] DEBUG Engine               - class com.almasb.fxgl.dev.DevService
20:37:10.445 [JavaFX Application Thread] DEBUG FXGLAssetLoaderServi - Loading from file system: file:/C:/Users/HP/IdeaProjects/SpaceInvader/target/classes/assets/textures/EnemyBullet.png
20:37:10.450 [JavaFX Application Thread] DEBUG FXGLAssetLoaderServi - Loading from file system: file:/C:/Users/HP/IdeaProjects/SpaceInvader/target/classes/assets/textures/EnemyCluster.png
20:37:10.686 [JavaFX Application Thread] DEBUG EventBus             - Firing event: fxgl.spaceinvader.event.GameEvent[source=javafx.event.Event$$Lambda/0x000002352c15e450@12f52a60]
20:37:10.687 [JavaFX Application Thread] DEBUG FXGLAssetLoaderServi - Loading from file system: file:/C:/Users/HP/IdeaProjects/SpaceInvader/target/classes/assets/sounds/explosion.wav
20:37:10.690 [JavaFX Application Thread] DEBUG FXGLAssetLoaderServi - Loading from file system: file:/C:/Users/HP/IdeaProjects/SpaceInvader/target/classes/assets/textures/Explosion.png
20:37:11.554 [JavaFX Application Thread] DEBUG FXGLAssetLoaderServi - Loading from file system: file:/C:/Users/HP/IdeaProjects/SpaceInvader/target/classes/assets/textures/wall_right_2.png
20:37:11.917 [JavaFX Application Thread] DEBUG FXGLAssetLoaderServi - Loading from file system: file:/C:/Users/HP/IdeaProjects/SpaceInvader/target/classes/assets/textures/wall_left_2.png
20:37:11.949 [JavaFX Application Thread] DEBUG EventBus             - Firing event: fxgl.spaceinvader.event.GameEvent[source=javafx.event.Event$$Lambda/0x000002352c15e450@12f52a60]
20:37:13.805 [JavaFX Application Thread] DEBUG EventBus             - Firing event: fxgl.spaceinvader.event.GameEvent[source=javafx.event.Event$$Lambda/0x000002352c15e450@12f52a60]
20:37:15.389 [JavaFX Application Thread] DEBUG FXGLAssetLoaderServi - Loading from file system: file:/C:/Users/HP/IdeaProjects/SpaceInvader/target/classes/assets/textures/wall_left_3.png
20:37:16.349 [JavaFX Application Thread] DEBUG EventBus             - Firing event: fxgl.spaceinvader.event.GameEvent[source=javafx.event.Event$$Lambda/0x000002352c15e450@12f52a60]
20:37:17.321 [JavaFX Application Thread] DEBUG FXGLApplication      - Exiting FXGL
20:37:17.321 [JavaFX Application Thread] DEBUG LoopRunner           - Stopping loop
20:37:17.321 [JavaFX Application Thread] DEBUG SystemBundleService  - Saving FXGL system data
20:37:17.322 [JavaFX Application Thread] DEBUG FileSystemAccess     - Writing to: C:\Users\HP\IdeaProjects\SpaceInvader\system\fxgl.bundle
20:37:17.324 [JavaFX Application Thread] DEBUG Async                - Shutting down background threads
20:37:17.324 [JavaFX Application Thread] DEBUG PrimaryStageWindow   - Closing main window
20:37:17.341 [JavaFX Application Thread] DEBUG Logger               - Closing Logger
