02:28:16.227 [main                     ] DEBUG Logger               - Configured Logger
02:28:16.258 [main                     ] DEBUG GameApplication      - Logging settings
Title: Space Invaders
Version: 1.0.1
Width: 512
Height: 720
Fullscreen: false
Intro: false
Profiling: false
Single step:false
App Mode: RELEASE
Menu Key: ESCAPE
Stage Style: DECORATED
Scene Factory: class com.almasb.fxgl.app.scene.SceneFactory

02:28:16.588 [JavaFX Application Thread] DEBUG FXGLApplication      - Initializing FXGL
02:28:16.593 [JavaFX Application Thread] INFO  Engine               - FXGL-17.3 (30.03.2023 11.49) on WINDOWS (J:23 FX:17.0.6)
02:28:16.593 [JavaFX Application Thread] DEBUG Engine               - JRE Vendor Name: Oracle Corporation
02:28:16.593 [JavaFX Application Thread] DEBUG Engine               - Running on OS: Windows 10 version 10.0
02:28:16.593 [JavaFX Application Thread] DEBUG Engine               - Architecture: amd64
02:28:16.593 [JavaFX Application Thread] INFO  Engine               - Source code and latest versions at: https://github.com/AlmasB/FXGL
02:28:16.593 [JavaFX Application Thread] INFO  Engine               -       Ask questions and discuss at: https://github.com/AlmasB/FXGL/discussions
02:28:16.593 [JavaFX Application Thread] INFO  Engine               -              Join the FXGL chat at: https://gitter.im/AlmasB/FXGL
02:28:16.696 [JavaFX Application Thread] DEBUG PrimaryStageWindow   - Creating a JavaFX scene
02:28:16.743 [JavaFX Application Thread] DEBUG PrimaryStageWindow   - Target settings size: 512.0 x 720.0
02:28:16.744 [JavaFX Application Thread] DEBUG PrimaryStageWindow   - Scaled scene size:    512.0 x 720.0
02:28:16.744 [JavaFX Application Thread] DEBUG PrimaryStageWindow   - Scaled ratio: (1.0, 1.0)
02:28:16.745 [JavaFX Application Thread] DEBUG PrimaryStageWindow   - Set initial scene to FXGLStartupScene
02:28:16.752 [JavaFX Application Thread] DEBUG PrimaryStageWindow   - Opening main window
02:28:16.836 [JavaFX Application Thread] DEBUG PrimaryStageWindow   - Window border size: (14.4000244140625, 37.5999755859375)
02:28:16.837 [JavaFX Application Thread] DEBUG PrimaryStageWindow   - Scaled size: 512.0 x 720.0
02:28:16.837 [JavaFX Application Thread] DEBUG PrimaryStageWindow   - Scaled ratio: (1.0, 1.0)
02:28:16.838 [JavaFX Application Thread] DEBUG PrimaryStageWindow   - Scene size: 512.0 x 720.0
02:28:16.838 [JavaFX Application Thread] DEBUG PrimaryStageWindow   - Stage size: 526.4000244140625 x 757.5999755859375
02:28:16.849 [FXGL Background Thread 1 ] DEBUG Engine               - Initializing environment variables
02:28:16.974 [FXGL Background Thread 1 ] DEBUG FXGLAssetLoaderServi - User app class for loading assets: class fxgl.spaceinvader.SpaceInvaderApp
02:28:16.974 [FXGL Background Thread 1 ] DEBUG GameApplicationServi - Applying CSS: fxgl_dark.css
02:28:16.975 [FXGL Background Thread 1 ] DEBUG FXGLAssetLoaderServi - Loading from file system: jar:file:///C:/Users/HP/.m2/repository/com/github/almasb/fxgl/17.3/fxgl-17.3.jar!/fxglassets/ui/css/fxgl_dark.css
02:28:17.032 [FXGL Background Thread 1 ] DEBUG GameApplicationServi - Initializing application scenes
02:28:17.078 [FXGL Background Thread 1 ] DEBUG GameWorld            - Game world initialized
02:28:17.157 [FXGL Background Thread 1 ] DEBUG PhysicsWorld         - Physics world initialized: appHeight=720, physics.ppm=50.0
02:28:17.158 [FXGL Background Thread 1 ] DEBUG PhysicsWorld         - Using strategy: BRUTE_FORCE
02:28:17.162 [FXGL Background Thread 1 ] DEBUG GameScene            - Game scene initialized: 512x720
02:28:17.173 [FXGL Background Thread 1 ] WARN  FXGL.DefaultMenu     - FXGLDefaultMenu is not designed for resolutions < 800x600
02:28:17.174 [FXGL Background Thread 1 ] DEBUG FXGL.DefaultMenu     - createMenuBodyMainMenu()
02:28:17.187 [FXGL Background Thread 1 ] DEBUG FXGL.DefaultMenu     - createOptionsMenu()
02:28:17.202 [FXGL Background Thread 1 ] DEBUG FXGLAssetLoaderServi - Loading from file system: jar:file:///C:/Users/HP/.m2/repository/com/github/almasb/fxgl/17.3/fxgl-17.3.jar!/fxglassets/textures/particles/smoke.png
02:28:17.299 [FXGL Background Thread 1 ] DEBUG FXGLAssetLoaderServi - Loading from file system: jar:file:///C:/Users/HP/.m2/repository/com/github/almasb/fxgl/17.3/fxgl-17.3.jar!/fxglassets/textures/particles/trace_horizontal.png
02:28:17.334 [FXGL Background Thread 1 ] WARN  FXGL.DefaultMenu     - FXGLDefaultMenu is not designed for resolutions < 800x600
02:28:17.334 [FXGL Background Thread 1 ] DEBUG FXGL.DefaultMenu     - createMenuBodyGameMenu()
02:28:17.336 [FXGL Background Thread 1 ] DEBUG FXGL.DefaultMenu     - createOptionsMenu()
02:28:17.362 [FXGL Background Thread 1 ] DEBUG GameApplicationServi - Application scenes initialized
02:28:17.379 [FXGL Background Thread 1 ] DEBUG SystemBundleService  - Loading FXGL system data
02:28:17.385 [FXGL Background Thread 1 ] DEBUG FileSystemAccess     - Reading from: C:\Users\HP\IdeaProjects\SpaceInvader\system\fxgl.bundle
02:28:17.397 [FXGL Background Thread 1 ] DEBUG SystemBundleService  - Bundle FXGL: {}
02:28:17.401 [FXGL Background Thread 3 ] DEBUG FXGLApplication      - Loading fonts
02:28:17.401 [FXGL Background Thread 3 ] DEBUG FXGLAssetLoaderServi - Loading from file system: jar:file:///C:/Users/HP/.m2/repository/com/github/almasb/fxgl/17.3/fxgl-17.3.jar!/fxglassets/ui/fonts/VarelaRound-Regular.ttf
02:28:17.401 [FXGL Background Thread 1 ] DEBUG FXGLApplication      - Loading default localization
02:28:17.402 [FXGL Background Thread 1 ] DEBUG FXGLAssetLoaderServi - Loading from file system: jar:file:///C:/Users/HP/.m2/repository/com/github/almasb/fxgl/17.3/fxgl-17.3.jar!/fxglassets/languages/english.lang
02:28:17.423 [FXGL Background Thread 1 ] INFO  FXGLApplication      - FXGL initialization took: 0.573 sec
02:28:17.434 [FXGL Background Thread 3 ] DEBUG FXGLAssetLoaderServi - Loading from file system: jar:file:///C:/Users/HP/.m2/repository/com/github/almasb/fxgl/17.3/fxgl-17.3.jar!/fxglassets/ui/fonts/Abel-Regular.ttf
02:28:17.438 [JavaFX Application Thread] DEBUG Input                - Registered new binding: Move Left - Left
02:28:17.438 [FXGL Background Thread 3 ] DEBUG FXGLAssetLoaderServi - Loading from file system: jar:file:///C:/Users/HP/.m2/repository/com/github/almasb/fxgl/17.3/fxgl-17.3.jar!/fxglassets/ui/fonts/TerminalLandMono-Regular.otf
02:28:17.439 [JavaFX Application Thread] DEBUG Input                - Registered new binding: Move Right - Right
02:28:17.440 [JavaFX Application Thread] DEBUG Input                - Registered new binding: Shoot - Up
02:28:17.441 [JavaFX Application Thread] DEBUG Input                - Registered new binding: Shield Up - Space
02:28:17.443 [JavaFX Application Thread] DEBUG FXGLAssetLoaderServi - Loading from file system: jar:file:///C:/Users/HP/.m2/repository/com/github/almasb/fxgl/17.3/fxgl-17.3.jar!/fxglassets/textures/fxgl_icon.png
02:28:17.445 [FXGL Background Thread 3 ] DEBUG FXGLAssetLoaderServi - Loading from file system: jar:file:///C:/Users/HP/.m2/repository/com/github/almasb/fxgl/17.3/fxgl-17.3.jar!/fxglassets/ui/fonts/Courier-Prime.ttf
02:28:17.465 [JavaFX Application Thread] DEBUG FXGLAssetLoaderServi - Loading from file system: jar:file:///C:/Users/HP/.m2/repository/com/github/almasb/fxgl/17.3/fxgl-17.3.jar!/fxglassets/textures/fxgl_default_cursor.png
02:28:17.467 [JavaFX Application Thread] DEBUG Input                - Registered new binding: Screenshot - CTRL+8
02:28:17.469 [JavaFX Application Thread] DEBUG LoopRunner           - Starting loop
02:28:17.469 [JavaFX Application Thread] DEBUG LoopRunner           - Initializing JavaFX AnimationTimerLoop
02:28:17.471 [JavaFX Application Thread] DEBUG Input                - Clearing active input actions
02:28:17.482 [JavaFX Application Thread] DEBUG GameApplicationServi - Removing overlay from FXGLStartupScene and adding to FXGLMainMenuDummyScene
02:28:17.482 [JavaFX Application Thread] DEBUG PrimaryStageWindow   - FXGLStartupScene -> FXGLMainMenuDummyScene
02:28:17.482 [JavaFX Application Thread] DEBUG PrimaryStageWindow   - Push state: FXGLDefaultMenu
02:28:17.488 [JavaFX Application Thread] DEBUG Input                - Clearing active input actions
02:28:17.495 [JavaFX Application Thread] DEBUG GameApplicationServi - Removing overlay from FXGLMainMenuDummyScene and adding to FXGLDefaultMenu
02:28:17.495 [JavaFX Application Thread] DEBUG PrimaryStageWindow   - FXGLMainMenuDummyScene -> FXGLDefaultMenu
02:28:17.496 [JavaFX Application Thread] DEBUG FXGLApplication      - Registering font factories with UI factory
02:28:20.399 [FXGL Background Thread 2 ] DEBUG Engine               - Logging environment variables
02:28:20.399 [FXGL Background Thread 2 ] DEBUG Engine               - achievements: []
02:28:20.400 [FXGL Background Thread 2 ] DEBUG Engine               - actualHeight: 720.0
02:28:20.400 [FXGL Background Thread 2 ] DEBUG Engine               - actualHeightProperty: ReadOnlyDoubleProperty [value: 720.0]
02:28:20.400 [FXGL Background Thread 2 ] DEBUG Engine               - actualWidth: 512.0
02:28:20.400 [FXGL Background Thread 2 ] DEBUG Engine               - actualWidthProperty: ReadOnlyDoubleProperty [value: 512.0]
02:28:20.400 [FXGL Background Thread 2 ] DEBUG Engine               - appIcon: fxgl_icon.png
02:28:20.400 [FXGL Background Thread 2 ] DEBUG Engine               - applicationMode: RELEASE
02:28:20.400 [FXGL Background Thread 2 ] DEBUG Engine               - cSSList: [fxgl_dark.css]
02:28:20.400 [FXGL Background Thread 2 ] DEBUG Engine               - collisionDetectionStrategy: BRUTE_FORCE
02:28:20.400 [FXGL Background Thread 2 ] DEBUG Engine               - configClass: Optional.empty
02:28:20.400 [FXGL Background Thread 2 ] DEBUG Engine               - credits: []
02:28:20.400 [FXGL Background Thread 2 ] DEBUG Engine               - defaultCursor: CursorInfo(imageName=fxgl_default_cursor.png, hotspotX=7.0, hotspotY=6.0)
02:28:20.400 [FXGL Background Thread 2 ] DEBUG Engine               - devBBoxColorProperty: ObjectProperty [value: 0xff0000ff]
02:28:20.401 [FXGL Background Thread 2 ] DEBUG Engine               - devEnableDebugCameraProperty: BooleanProperty [value: false]
02:28:20.401 [FXGL Background Thread 2 ] DEBUG Engine               - devSensorColorProperty: ObjectProperty [value: 0xffff00ff]
02:28:20.401 [FXGL Background Thread 2 ] DEBUG Engine               - devShowBBoxProperty: BooleanProperty [value: false]
02:28:20.401 [FXGL Background Thread 2 ] DEBUG Engine               - devShowPositionProperty: BooleanProperty [value: false]
02:28:20.402 [FXGL Background Thread 2 ] DEBUG Engine               - enabledMenuItems: []
02:28:20.402 [FXGL Background Thread 2 ] DEBUG Engine               - engineServices: [class com.almasb.fxgl.app.services.FXGLAssetLoaderService, class com.almasb.fxgl.app.FXGLApplication$GameApplicationService, class com.almasb.fxgl.app.services.FXGLDialogService, class com.almasb.fxgl.app.services.IOTaskExecutorService, class com.almasb.fxgl.io.FileSystemService, class com.almasb.fxgl.localization.LocalizationService, class com.almasb.fxgl.app.services.SystemBundleService, class com.almasb.fxgl.profile.SaveLoadService, class com.almasb.fxgl.ui.FXGLUIFactoryServiceProvider, class com.almasb.fxgl.ui.FXGLDialogFactoryServiceProvider, class com.almasb.fxgl.audio.AudioPlayer, class com.almasb.fxgl.notification.impl.NotificationServiceProvider, class com.almasb.fxgl.achievement.AchievementService, class com.almasb.fxgl.cutscene.CutsceneService, class com.almasb.fxgl.minigames.MiniGameService, class com.almasb.fxgl.net.NetService, class com.almasb.fxgl.app.services.UpdaterService, class com.almasb.fxgl.dev.DevService]
02:28:20.402 [FXGL Background Thread 2 ] DEBUG Engine               - fontGame: Abel-Regular.ttf
02:28:20.402 [FXGL Background Thread 2 ] DEBUG Engine               - fontMono: TerminalLandMono-Regular.otf
02:28:20.402 [FXGL Background Thread 2 ] DEBUG Engine               - fontSizeScaleUI: 1.0
02:28:20.402 [FXGL Background Thread 2 ] DEBUG Engine               - fontText: Courier-Prime.ttf
02:28:20.402 [FXGL Background Thread 2 ] DEBUG Engine               - fontUI: VarelaRound-Regular.ttf
02:28:20.402 [FXGL Background Thread 2 ] DEBUG Engine               - fullScreen: BooleanProperty [value: false]
02:28:20.402 [FXGL Background Thread 2 ] DEBUG Engine               - gameDifficulty: MEDIUM
02:28:20.402 [FXGL Background Thread 2 ] DEBUG Engine               - gameDifficultyProperty: ObjectProperty [value: MEDIUM]
02:28:20.402 [FXGL Background Thread 2 ] DEBUG Engine               - globalMusicVolume: 0.5
02:28:20.402 [FXGL Background Thread 2 ] DEBUG Engine               - globalMusicVolumeProperty: DoubleProperty [value: 0.5]
02:28:20.402 [FXGL Background Thread 2 ] DEBUG Engine               - globalSoundVolume: 0.5
02:28:20.402 [FXGL Background Thread 2 ] DEBUG Engine               - globalSoundVolumeProperty: DoubleProperty [value: 0.5]
02:28:20.403 [FXGL Background Thread 2 ] DEBUG Engine               - height: 720
02:28:20.403 [FXGL Background Thread 2 ] DEBUG Engine               - is3D: false
02:28:20.403 [FXGL Background Thread 2 ] DEBUG Engine               - isAndroid: false
02:28:20.403 [FXGL Background Thread 2 ] DEBUG Engine               - isBrowser: false
02:28:20.403 [FXGL Background Thread 2 ] DEBUG Engine               - isClickFeedbackEnabled: false
02:28:20.403 [FXGL Background Thread 2 ] DEBUG Engine               - isCloseConfirmation: false
02:28:20.403 [FXGL Background Thread 2 ] DEBUG Engine               - isDesktop: true
02:28:20.403 [FXGL Background Thread 2 ] DEBUG Engine               - isDeveloperMenuEnabled: false
02:28:20.403 [FXGL Background Thread 2 ] DEBUG Engine               - isEmbedded: false
02:28:20.403 [FXGL Background Thread 2 ] DEBUG Engine               - isEntityPreloadEnabled: true
02:28:20.403 [FXGL Background Thread 2 ] DEBUG Engine               - isExperimentalTiledLargeMap: false
02:28:20.403 [FXGL Background Thread 2 ] DEBUG Engine               - isFileSystemWriteAllowed: true
02:28:20.403 [FXGL Background Thread 2 ] DEBUG Engine               - isFullScreenAllowed: false
02:28:20.403 [FXGL Background Thread 2 ] DEBUG Engine               - isFullScreenFromStart: false
02:28:20.403 [FXGL Background Thread 2 ] DEBUG Engine               - isGameMenuEnabled: true
02:28:20.403 [FXGL Background Thread 2 ] DEBUG Engine               - isIOS: false
02:28:20.403 [FXGL Background Thread 2 ] DEBUG Engine               - isIntroEnabled: false
02:28:20.403 [FXGL Background Thread 2 ] DEBUG Engine               - isLinux: false
02:28:20.403 [FXGL Background Thread 2 ] DEBUG Engine               - isMac: false
02:28:20.403 [FXGL Background Thread 2 ] DEBUG Engine               - isMainMenuEnabled: true
02:28:20.403 [FXGL Background Thread 2 ] DEBUG Engine               - isManualResizeEnabled: true
02:28:20.403 [FXGL Background Thread 2 ] DEBUG Engine               - isMobile: false
02:28:20.403 [FXGL Background Thread 2 ] DEBUG Engine               - isNative: false
02:28:20.403 [FXGL Background Thread 2 ] DEBUG Engine               - isPauseMusicWhenMinimized: true
02:28:20.404 [FXGL Background Thread 2 ] DEBUG Engine               - isPreserveResizeRatio: true
02:28:20.404 [FXGL Background Thread 2 ] DEBUG Engine               - isProfilingEnabled: false
02:28:20.404 [FXGL Background Thread 2 ] DEBUG Engine               - isScaleAffectedOnResize: true
02:28:20.404 [FXGL Background Thread 2 ] DEBUG Engine               - isSingleStep: false
02:28:20.404 [FXGL Background Thread 2 ] DEBUG Engine               - isUserProfileEnabled: false
02:28:20.404 [FXGL Background Thread 2 ] DEBUG Engine               - isWindows: true
02:28:20.404 [FXGL Background Thread 2 ] DEBUG Engine               - language: ObjectProperty [value: ENGLISH]
02:28:20.404 [FXGL Background Thread 2 ] DEBUG Engine               - menuKey: ESCAPE
02:28:20.404 [FXGL Background Thread 2 ] DEBUG Engine               - mouseSensitivity: 0.2
02:28:20.404 [FXGL Background Thread 2 ] DEBUG Engine               - notificationViewClass: class com.almasb.fxgl.notification.view.XboxNotificationView
02:28:20.404 [FXGL Background Thread 2 ] DEBUG Engine               - pixelsPerMeter: 50.0
02:28:20.404 [FXGL Background Thread 2 ] DEBUG Engine               - platform: WINDOWS
02:28:20.404 [FXGL Background Thread 2 ] DEBUG Engine               - prefHeightProperty: ReadOnlyDoubleProperty [value: 720.0]
02:28:20.404 [FXGL Background Thread 2 ] DEBUG Engine               - prefWidthProperty: ReadOnlyDoubleProperty [value: 512.0]
02:28:20.404 [FXGL Background Thread 2 ] DEBUG Engine               - profileDir: profiles/
02:28:20.404 [FXGL Background Thread 2 ] DEBUG Engine               - profileName: StringProperty [value: DEFAULT]
02:28:20.404 [FXGL Background Thread 2 ] DEBUG Engine               - randomSeed: -1
02:28:20.405 [FXGL Background Thread 2 ] DEBUG Engine               - runtimeInfo: RuntimeInfo(platform=WINDOWS, version=17.3, build=30.03.2023 11.49)
02:28:20.405 [FXGL Background Thread 2 ] DEBUG Engine               - saveFileExt: sav
02:28:20.405 [FXGL Background Thread 2 ] DEBUG Engine               - scaledHeightProp$fxgl: DoubleProperty [bound, value: 720.0]
02:28:20.405 [FXGL Background Thread 2 ] DEBUG Engine               - scaledWidthProp$fxgl: DoubleProperty [bound, value: 512.0]
02:28:20.405 [FXGL Background Thread 2 ] DEBUG Engine               - sceneFactory: com.almasb.fxgl.app.scene.SceneFactory@7907eb4
02:28:20.405 [FXGL Background Thread 2 ] DEBUG Engine               - secondsIn24h: 60
02:28:20.405 [FXGL Background Thread 2 ] DEBUG Engine               - soundMenuBack: menu/back.wav
02:28:20.405 [FXGL Background Thread 2 ] DEBUG Engine               - soundMenuPress: menu/press.wav
02:28:20.405 [FXGL Background Thread 2 ] DEBUG Engine               - soundMenuSelect: menu/select.wav
02:28:20.405 [FXGL Background Thread 2 ] DEBUG Engine               - soundNotification: core/notification.wav
02:28:20.405 [FXGL Background Thread 2 ] DEBUG Engine               - stageStyle: DECORATED
02:28:20.405 [FXGL Background Thread 2 ] DEBUG Engine               - supportedLanguages: [ENGLISH, FRENCH, GERMAN, HUNGARIAN, RUSSIAN]
02:28:20.405 [FXGL Background Thread 2 ] DEBUG Engine               - ticksPerSecond: -1
02:28:20.405 [FXGL Background Thread 2 ] DEBUG Engine               - title: Space Invaders
02:28:20.405 [FXGL Background Thread 2 ] DEBUG Engine               - urlGithub: https://github.com/AlmasB/FXGL
02:28:20.405 [FXGL Background Thread 2 ] DEBUG Engine               - urlLeaderboard: http://fxgl-top.herokuapp.com/
02:28:20.405 [FXGL Background Thread 2 ] DEBUG Engine               - urlPOM: https://raw.githubusercontent.com/AlmasB/FXGL/release/README.md
02:28:20.405 [FXGL Background Thread 2 ] DEBUG Engine               - userAppClass: class fxgl.spaceinvader.SpaceInvaderApp
02:28:20.405 [FXGL Background Thread 2 ] DEBUG Engine               - version: 1.0.1
02:28:20.405 [FXGL Background Thread 2 ] DEBUG Engine               - versionCheckDays: 7
02:28:20.406 [FXGL Background Thread 2 ] DEBUG Engine               - width: 512
02:28:20.406 [FXGL Background Thread 2 ] DEBUG Engine               - Logging services
02:28:20.406 [FXGL Background Thread 2 ] DEBUG Engine               - class com.almasb.fxgl.app.services.FXGLAssetLoaderService
02:28:20.406 [FXGL Background Thread 2 ] DEBUG Engine               - class com.almasb.fxgl.app.FXGLApplication$GameApplicationService
02:28:20.406 [FXGL Background Thread 2 ] DEBUG Engine               - class com.almasb.fxgl.app.services.FXGLDialogService
02:28:20.406 [FXGL Background Thread 2 ] DEBUG Engine               - class com.almasb.fxgl.app.services.IOTaskExecutorService
02:28:20.406 [FXGL Background Thread 2 ] DEBUG Engine               - class com.almasb.fxgl.io.FileSystemService
02:28:20.406 [FXGL Background Thread 2 ] DEBUG Engine               - class com.almasb.fxgl.localization.LocalizationService
02:28:20.406 [FXGL Background Thread 2 ] DEBUG Engine               - class com.almasb.fxgl.app.services.SystemBundleService
02:28:20.406 [FXGL Background Thread 2 ] DEBUG Engine               - class com.almasb.fxgl.profile.SaveLoadService
02:28:20.406 [FXGL Background Thread 2 ] DEBUG Engine               - class com.almasb.fxgl.ui.FXGLUIFactoryServiceProvider
02:28:20.406 [FXGL Background Thread 2 ] DEBUG Engine               - class com.almasb.fxgl.ui.FXGLDialogFactoryServiceProvider
02:28:20.406 [FXGL Background Thread 2 ] DEBUG Engine               - class com.almasb.fxgl.audio.AudioPlayer
02:28:20.406 [FXGL Background Thread 2 ] DEBUG Engine               - class com.almasb.fxgl.notification.impl.NotificationServiceProvider
02:28:20.406 [FXGL Background Thread 2 ] DEBUG Engine               - class com.almasb.fxgl.achievement.AchievementService
02:28:20.406 [FXGL Background Thread 2 ] DEBUG Engine               - class com.almasb.fxgl.cutscene.CutsceneService
02:28:20.406 [FXGL Background Thread 2 ] DEBUG Engine               - class com.almasb.fxgl.minigames.MiniGameService
02:28:20.406 [FXGL Background Thread 2 ] DEBUG Engine               - class com.almasb.fxgl.net.NetService
02:28:20.406 [FXGL Background Thread 2 ] DEBUG Engine               - class com.almasb.fxgl.app.services.UpdaterService
02:28:20.406 [FXGL Background Thread 2 ] DEBUG Engine               - class com.almasb.fxgl.dev.DevService
02:28:39.559 [JavaFX Application Thread] DEBUG Menu                 - fireNewGame()
02:28:39.559 [JavaFX Application Thread] DEBUG GameApplicationServi - Starting new game
02:28:39.561 [JavaFX Application Thread] DEBUG PrimaryStageWindow   - Pop state: FXGLDefaultMenu
02:28:39.561 [JavaFX Application Thread] DEBUG Input                - Clearing active input actions
02:28:39.562 [JavaFX Application Thread] DEBUG GameApplicationServi - Removing overlay from FXGLDefaultMenu and adding to FXGLMainMenuDummyScene
02:28:39.562 [JavaFX Application Thread] DEBUG PrimaryStageWindow   - FXGLMainMenuDummyScene <- FXGLDefaultMenu
02:28:39.563 [JavaFX Application Thread] DEBUG Input                - Clearing active input actions
02:28:39.568 [JavaFX Application Thread] DEBUG GameApplicationServi - Removing overlay from FXGLMainMenuDummyScene and adding to FXGLLoadingScene
02:28:39.568 [JavaFX Application Thread] DEBUG PrimaryStageWindow   - FXGLMainMenuDummyScene -> FXGLLoadingScene
02:28:39.568 [JavaFX Application Thread] DEBUG GameApplicationServi - Clearing previous game
02:28:39.568 [JavaFX Application Thread] DEBUG GameScene            - Clearing game scene
02:28:39.569 [JavaFX Application Thread] DEBUG GameWorld            - Clearing game world
02:28:39.569 [JavaFX Application Thread] DEBUG PhysicsWorld         - Clearing physics world
02:28:39.570 [FXGL Background Thread 3 ] DEBUG FXGLApplication      - Initializing game
02:28:39.660 [FXGL Background Thread 3 ] WARN  TMXLevelLoader       - TiledMap generated from 1.8.6. Supported version: 1.9.0. Some features may not be parsed fully.
02:28:39.677 [FXGL Background Thread 3 ] DEBUG TMXLevelLoader       - Parsed TiledMap: file:/C:/Users/HP/IdeaProjects/SpaceInvader/target/classes/assets/levels/level1.tmx
02:28:39.678 [FXGL Background Thread 3 ] DEBUG TMXLevelLoader       - Creating tile layer entities
02:28:39.680 [FXGL Background Thread 3 ] DEBUG TilesetLoader        - Loading view for layer Background
02:28:39.681 [FXGL Background Thread 3 ] DEBUG TilesetLoader        - Created buffer with size 512.0x720.0
02:28:39.690 [FXGL Background Thread 3 ] DEBUG TilesetLoader        - Loading view for layer UI
02:28:39.691 [FXGL Background Thread 3 ] DEBUG TilesetLoader        - Created buffer with size 512.0x720.0
02:28:39.692 [FXGL Background Thread 3 ] DEBUG TMXLevelLoader       - Creating object layer entities
02:28:39.694 [FXGL Background Thread 3 ] DEBUG FXGLAssetLoaderServi - Loading from file system: file:/C:/Users/HP/IdeaProjects/SpaceInvader/target/classes/assets/textures/Egg.png
02:28:39.727 [FXGL Background Thread 3 ] DEBUG FXGLAssetLoaderServi - Loading from file system: file:/C:/Users/HP/IdeaProjects/SpaceInvader/target/classes/assets/textures/Frog.png
02:28:39.732 [FXGL Background Thread 3 ] DEBUG FXGLAssetLoaderServi - Loading from file system: file:/C:/Users/HP/IdeaProjects/SpaceInvader/target/classes/assets/textures/Demon.png
02:28:39.741 [FXGL Background Thread 3 ] DEBUG FXGLAssetLoaderServi - Loading from file system: file:/C:/Users/HP/IdeaProjects/SpaceInvader/target/classes/assets/textures/wall_left_1.png
02:28:39.745 [FXGL Background Thread 3 ] DEBUG FXGLAssetLoaderServi - Loading from file system: file:/C:/Users/HP/IdeaProjects/SpaceInvader/target/classes/assets/textures/wall_right_1.png
02:28:39.752 [FXGL Background Thread 3 ] DEBUG GameWorld            - Clearing removable entities
02:28:39.753 [FXGL Background Thread 3 ] DEBUG GameWorld            - Setting level: com.almasb.fxgl.entity.level.Level@1d9e471d
02:28:39.787 [FXGL Background Thread 3 ] DEBUG FXGLAssetLoaderServi - Loading from file system: file:/C:/Users/HP/IdeaProjects/SpaceInvader/target/classes/assets/textures/player.png
02:28:39.794 [FXGL Background Thread 3 ] INFO  FXGLApplication      - Game initialization took: 0.223 sec
02:28:39.804 [JavaFX Application Thread] DEBUG Input                - Clearing active input actions
02:28:39.810 [JavaFX Application Thread] DEBUG GameApplicationServi - Removing overlay from FXGLLoadingScene and adding to GameScene
02:28:39.810 [JavaFX Application Thread] DEBUG PrimaryStageWindow   - FXGLLoadingScene -> GameScene
02:28:41.811 [JavaFX Application Thread] DEBUG FXGLAssetLoaderServi - Loading from file system: file:/C:/Users/HP/IdeaProjects/SpaceInvader/target/classes/assets/textures/EnemyCluster.png
02:28:41.815 [JavaFX Application Thread] DEBUG FXGLAssetLoaderServi - Loading from file system: file:/C:/Users/HP/IdeaProjects/SpaceInvader/target/classes/assets/textures/EnemyBullet.png
02:28:42.820 [JavaFX Application Thread] DEBUG FXGLAssetLoaderServi - Loading from file system: file:/C:/Users/HP/IdeaProjects/SpaceInvader/target/classes/assets/textures/wall_left_2.png
02:28:44.514 [JavaFX Application Thread] DEBUG FXGLAssetLoaderServi - Loading from file system: file:/C:/Users/HP/IdeaProjects/SpaceInvader/target/classes/assets/textures/wall_right_2.png
02:28:46.258 [JavaFX Application Thread] DEBUG FXGLAssetLoaderServi - Loading from file system: file:/C:/Users/HP/IdeaProjects/SpaceInvader/target/classes/assets/textures/wall_left_3.png
02:28:49.266 [JavaFX Application Thread] DEBUG FXGLAssetLoaderServi - Loading from file system: file:/C:/Users/HP/IdeaProjects/SpaceInvader/target/classes/assets/textures/wall_right_3.png
02:29:00.035 [JavaFX Application Thread] DEBUG EventBus             - Firing event: fxgl.spaceinvader.event.GameEvent[source=javafx.event.Event$$Lambda/0x0000020f1f15d078@4f9cbe54]
02:29:00.897 [JavaFX Application Thread] DEBUG EventBus             - Firing event: fxgl.spaceinvader.event.GameEvent[source=javafx.event.Event$$Lambda/0x0000020f1f15d078@4f9cbe54]
02:29:01.362 [JavaFX Application Thread] DEBUG EventBus             - Firing event: fxgl.spaceinvader.event.GameEvent[source=javafx.event.Event$$Lambda/0x0000020f1f15d078@4f9cbe54]
02:29:04.178 [JavaFX Application Thread] DEBUG EventBus             - Firing event: fxgl.spaceinvader.event.GameEvent[source=javafx.event.Event$$Lambda/0x0000020f1f15d078@4f9cbe54]
02:29:06.434 [JavaFX Application Thread] DEBUG EventBus             - Firing event: fxgl.spaceinvader.event.GameEvent[source=javafx.event.Event$$Lambda/0x0000020f1f15d078@4f9cbe54]
02:29:07.649 [JavaFX Application Thread] DEBUG EventBus             - Firing event: fxgl.spaceinvader.event.GameEvent[source=javafx.event.Event$$Lambda/0x0000020f1f15d078@4f9cbe54]
02:29:07.969 [JavaFX Application Thread] DEBUG EventBus             - Firing event: fxgl.spaceinvader.event.GameEvent[source=javafx.event.Event$$Lambda/0x0000020f1f15d078@4f9cbe54]
02:29:08.546 [JavaFX Application Thread] DEBUG EventBus             - Firing event: fxgl.spaceinvader.event.GameEvent[source=javafx.event.Event$$Lambda/0x0000020f1f15d078@4f9cbe54]
02:29:09.587 [JavaFX Application Thread] DEBUG EventBus             - Firing event: fxgl.spaceinvader.event.GameEvent[source=javafx.event.Event$$Lambda/0x0000020f1f15d078@4f9cbe54]
02:29:09.634 [JavaFX Application Thread] DEBUG EventBus             - Firing event: fxgl.spaceinvader.event.GameEvent[source=javafx.event.Event$$Lambda/0x0000020f1f15d078@4f9cbe54]
02:29:09.842 [JavaFX Application Thread] DEBUG EventBus             - Firing event: fxgl.spaceinvader.event.GameEvent[source=javafx.event.Event$$Lambda/0x0000020f1f15d078@4f9cbe54]
02:29:10.482 [JavaFX Application Thread] DEBUG EventBus             - Firing event: fxgl.spaceinvader.event.GameEvent[source=javafx.event.Event$$Lambda/0x0000020f1f15d078@4f9cbe54]
02:29:10.834 [JavaFX Application Thread] DEBUG EventBus             - Firing event: fxgl.spaceinvader.event.GameEvent[source=javafx.event.Event$$Lambda/0x0000020f1f15d078@4f9cbe54]
02:29:12.241 [JavaFX Application Thread] DEBUG EventBus             - Firing event: fxgl.spaceinvader.event.GameEvent[source=javafx.event.Event$$Lambda/0x0000020f1f15d078@4f9cbe54]
02:29:12.881 [JavaFX Application Thread] DEBUG EventBus             - Firing event: fxgl.spaceinvader.event.GameEvent[source=javafx.event.Event$$Lambda/0x0000020f1f15d078@4f9cbe54]
02:29:13.106 [JavaFX Application Thread] DEBUG EventBus             - Firing event: fxgl.spaceinvader.event.GameEvent[source=javafx.event.Event$$Lambda/0x0000020f1f15d078@4f9cbe54]
02:29:13.554 [JavaFX Application Thread] DEBUG EventBus             - Firing event: fxgl.spaceinvader.event.GameEvent[source=javafx.event.Event$$Lambda/0x0000020f1f15d078@4f9cbe54]
02:29:13.634 [JavaFX Application Thread] DEBUG EventBus             - Firing event: fxgl.spaceinvader.event.GameEvent[source=javafx.event.Event$$Lambda/0x0000020f1f15d078@4f9cbe54]
02:29:15.185 [JavaFX Application Thread] DEBUG EventBus             - Firing event: fxgl.spaceinvader.event.GameEvent[source=javafx.event.Event$$Lambda/0x0000020f1f15d078@4f9cbe54]
02:29:15.890 [JavaFX Application Thread] DEBUG EventBus             - Firing event: fxgl.spaceinvader.event.GameEvent[source=javafx.event.Event$$Lambda/0x0000020f1f15d078@4f9cbe54]
02:29:17.137 [JavaFX Application Thread] DEBUG EventBus             - Firing event: fxgl.spaceinvader.event.GameEvent[source=javafx.event.Event$$Lambda/0x0000020f1f15d078@4f9cbe54]
02:29:19.634 [JavaFX Application Thread] DEBUG EventBus             - Firing event: fxgl.spaceinvader.event.GameEvent[source=javafx.event.Event$$Lambda/0x0000020f1f15d078@4f9cbe54]
02:29:20.993 [JavaFX Application Thread] DEBUG EventBus             - Firing event: fxgl.spaceinvader.event.GameEvent[source=javafx.event.Event$$Lambda/0x0000020f1f15d078@4f9cbe54]
02:29:22.049 [JavaFX Application Thread] DEBUG EventBus             - Firing event: fxgl.spaceinvader.event.GameEvent[source=javafx.event.Event$$Lambda/0x0000020f1f15d078@4f9cbe54]
02:29:22.178 [JavaFX Application Thread] DEBUG EventBus             - Firing event: fxgl.spaceinvader.event.GameEvent[source=javafx.event.Event$$Lambda/0x0000020f1f15d078@4f9cbe54]
02:29:23.169 [JavaFX Application Thread] DEBUG EventBus             - Firing event: fxgl.spaceinvader.event.GameEvent[source=javafx.event.Event$$Lambda/0x0000020f1f15d078@4f9cbe54]
02:29:23.266 [JavaFX Application Thread] DEBUG EventBus             - Firing event: fxgl.spaceinvader.event.GameEvent[source=javafx.event.Event$$Lambda/0x0000020f1f15d078@4f9cbe54]
02:29:24.129 [JavaFX Application Thread] DEBUG EventBus             - Firing event: fxgl.spaceinvader.event.GameEvent[source=javafx.event.Event$$Lambda/0x0000020f1f15d078@4f9cbe54]
02:29:24.482 [JavaFX Application Thread] DEBUG EventBus             - Firing event: fxgl.spaceinvader.event.GameEvent[source=javafx.event.Event$$Lambda/0x0000020f1f15d078@4f9cbe54]
02:29:24.978 [JavaFX Application Thread] DEBUG EventBus             - Firing event: fxgl.spaceinvader.event.GameEvent[source=javafx.event.Event$$Lambda/0x0000020f1f15d078@4f9cbe54]
02:29:25.889 [JavaFX Application Thread] DEBUG EventBus             - Firing event: fxgl.spaceinvader.event.GameEvent[source=javafx.event.Event$$Lambda/0x0000020f1f15d078@4f9cbe54]
02:29:27.266 [JavaFX Application Thread] DEBUG EventBus             - Firing event: fxgl.spaceinvader.event.GameEvent[source=javafx.event.Event$$Lambda/0x0000020f1f15d078@4f9cbe54]
02:29:29.042 [JavaFX Application Thread] DEBUG EventBus             - Firing event: fxgl.spaceinvader.event.GameEvent[source=javafx.event.Event$$Lambda/0x0000020f1f15d078@4f9cbe54]
02:29:29.378 [JavaFX Application Thread] DEBUG EventBus             - Firing event: fxgl.spaceinvader.event.GameEvent[source=javafx.event.Event$$Lambda/0x0000020f1f15d078@4f9cbe54]
02:29:31.665 [JavaFX Application Thread] DEBUG EventBus             - Firing event: fxgl.spaceinvader.event.GameEvent[source=javafx.event.Event$$Lambda/0x0000020f1f15d078@4f9cbe54]
02:29:31.668 [JavaFX Application Thread] WARN  TMXLevelLoader       - TiledMap generated from 1.8.6. Supported version: 1.9.0. Some features may not be parsed fully.
02:29:31.673 [JavaFX Application Thread] DEBUG TMXLevelLoader       - Parsed TiledMap: file:/C:/Users/HP/IdeaProjects/SpaceInvader/target/classes/assets/levels/level2.tmx
02:29:31.673 [JavaFX Application Thread] DEBUG TMXLevelLoader       - Creating tile layer entities
02:29:31.673 [JavaFX Application Thread] DEBUG TilesetLoader        - Loading view for layer Background
02:29:31.674 [JavaFX Application Thread] DEBUG TilesetLoader        - Created buffer with size 512.0x720.0
02:29:31.678 [JavaFX Application Thread] DEBUG TilesetLoader        - Loading view for layer UI
02:29:31.680 [JavaFX Application Thread] DEBUG TilesetLoader        - Created buffer with size 512.0x720.0
02:29:31.680 [JavaFX Application Thread] DEBUG TMXLevelLoader       - Creating object layer entities
02:29:31.683 [JavaFX Application Thread] WARN  TMXLevelLoader       - Parse error
java.lang.IllegalArgumentException: No EntityFactory has a method annotated @Spawns(Enemy)
	at com.almasb.fxgl.entity@17.3/com.almasb.fxgl.entity.GameWorld.create(GameWorld.kt:413)
	at com.almasb.fxgl.entity@17.3/com.almasb.fxgl.entity.level.tiled.TMXLevelLoader.createObjectLayerEntities(TMXLevelLoader.kt:155)
	at com.almasb.fxgl.entity@17.3/com.almasb.fxgl.entity.level.tiled.TMXLevelLoader.load(TMXLevelLoader.kt:60)
	at com.almasb.fxgl.all@17.3/com.almasb.fxgl.app.services.FXGLAssetLoaderService.loadLevel(FXGLAssetLoaderService.kt:430)
	at com.almasb.fxgl.all@17.3/com.almasb.fxgl.dsl.FXGL$Companion.setLevelFromMap(FXGL.kt:634)
	at com.almasb.fxgl.all@17.3/com.almasb.fxgl.dsl.FXGL.setLevelFromMap(FXGL.kt)
	at fxgl.spaceinvader/fxgl.spaceinvader.SpaceInvaderApp.endGame(SpaceInvaderApp.java:149)
	at fxgl.spaceinvader/fxgl.spaceinvader.SpaceInvaderApp.onUpdate(SpaceInvaderApp.java:133)
	at com.almasb.fxgl.all@17.3/com.almasb.fxgl.app.FXGLApplication$GameApplicationService.onGameUpdate(FXGLApplication.kt:421)
	at com.almasb.fxgl.all@17.3/com.almasb.fxgl.app.Engine.onGameUpdate(Engine.kt:138)
	at com.almasb.fxgl.all@17.3/com.almasb.fxgl.app.FXGLApplication.postServicesInit$lambda$7(FXGLApplication.kt:182)
	at com.almasb.fxgl.scene@17.3/com.almasb.fxgl.scene.Scene.update(Scene.kt:113)
	at com.almasb.fxgl.all@17.3/com.almasb.fxgl.app.MainWindow$update$1.invoke(MainWindow.kt:115)
	at com.almasb.fxgl.all@17.3/com.almasb.fxgl.app.MainWindow$update$1.invoke(MainWindow.kt:115)
	at com.almasb.fxgl.core@17.3/com.almasb.fxgl.core.fsm.StateMachine.runOnActiveStates(StateMachine.kt:69)
	at com.almasb.fxgl.all@17.3/com.almasb.fxgl.app.MainWindow.update(MainWindow.kt:115)
	at com.almasb.fxgl.all@17.3/com.almasb.fxgl.app.FXGLApplication$GameApplicationService.onUpdate(FXGLApplication.kt:426)
	at com.almasb.fxgl.all@17.3/com.almasb.fxgl.app.Engine.loop(Engine.kt:134)
	at com.almasb.fxgl.all@17.3/com.almasb.fxgl.app.Engine.access$loop(Engine.kt:24)
	at com.almasb.fxgl.all@17.3/com.almasb.fxgl.app.Engine$loop$1.invoke(Engine.kt:28)
	at com.almasb.fxgl.all@17.3/com.almasb.fxgl.app.Engine$loop$1.invoke(Engine.kt:28)
	at com.almasb.fxgl.all@17.3/com.almasb.fxgl.app.LoopRunner.frame(LoopRunner.kt:103)
	at com.almasb.fxgl.all@17.3/com.almasb.fxgl.app.LoopRunner.access$frame(LoopRunner.kt:23)
	at com.almasb.fxgl.all@17.3/com.almasb.fxgl.app.LoopRunner$impl$2$1.onTick(LoopRunner.kt:57)
	at com.almasb.fxgl.all@17.3/com.almasb.fxgl.app.AnimationTimerLoop$timer$1.handle(LoopRunner.kt:137)
	at javafx.graphics/javafx.animation.AnimationTimer$AnimationTimerReceiver.lambda$handle$0(AnimationTimer.java:58)
	at java.base/java.security.AccessController.doPrivileged(AccessController.java:400)
	at javafx.graphics/javafx.animation.AnimationTimer$AnimationTimerReceiver.handle(AnimationTimer.java:57)
	at javafx.graphics/com.sun.scenario.animation.AbstractPrimaryTimer.timePulseImpl(AbstractPrimaryTimer.java:356)
	at javafx.graphics/com.sun.scenario.animation.AbstractPrimaryTimer$MainLoop.run(AbstractPrimaryTimer.java:266)
	at javafx.graphics/com.sun.javafx.tk.quantum.QuantumToolkit.pulse(QuantumToolkit.java:571)
	at javafx.graphics/com.sun.javafx.tk.quantum.QuantumToolkit.pulse(QuantumToolkit.java:555)
	at javafx.graphics/com.sun.javafx.tk.quantum.QuantumToolkit.pulseFromQueue(QuantumToolkit.java:548)
	at javafx.graphics/com.sun.javafx.tk.quantum.QuantumToolkit.lambda$runToolkit$11(QuantumToolkit.java:353)
	at javafx.graphics/com.sun.glass.ui.InvokeLaterDispatcher$Future.run(InvokeLaterDispatcher.java:96)
	at javafx.graphics/com.sun.glass.ui.win.WinApplication._runLoop(Native Method)
	at javafx.graphics/com.sun.glass.ui.win.WinApplication.lambda$runLoop$3(WinApplication.java:184)
	at java.base/java.lang.Thread.run(Thread.java:1575)

02:29:31.684 [JavaFX Application Thread] DEBUG LoopRunner           - Stopping loop
02:29:31.684 [JavaFX Application Thread] FATAL FXGLApplication      - Uncaught Exception:
com.almasb.fxgl.entity.level.LevelLoadingException: No EntityFactory has a method annotated @Spawns(Enemy)
	at com.almasb.fxgl.entity@17.3/com.almasb.fxgl.entity.level.tiled.TMXLevelLoader.load(TMXLevelLoader.kt:78)
	at com.almasb.fxgl.all@17.3/com.almasb.fxgl.app.services.FXGLAssetLoaderService.loadLevel(FXGLAssetLoaderService.kt:430)
	at com.almasb.fxgl.all@17.3/com.almasb.fxgl.dsl.FXGL$Companion.setLevelFromMap(FXGL.kt:634)
	at com.almasb.fxgl.all@17.3/com.almasb.fxgl.dsl.FXGL.setLevelFromMap(FXGL.kt)
	at fxgl.spaceinvader/fxgl.spaceinvader.SpaceInvaderApp.endGame(SpaceInvaderApp.java:149)
	at fxgl.spaceinvader/fxgl.spaceinvader.SpaceInvaderApp.onUpdate(SpaceInvaderApp.java:133)
	at com.almasb.fxgl.all@17.3/com.almasb.fxgl.app.FXGLApplication$GameApplicationService.onGameUpdate(FXGLApplication.kt:421)
	at com.almasb.fxgl.all@17.3/com.almasb.fxgl.app.Engine.onGameUpdate(Engine.kt:138)
	at com.almasb.fxgl.all@17.3/com.almasb.fxgl.app.FXGLApplication.postServicesInit$lambda$7(FXGLApplication.kt:182)
	at com.almasb.fxgl.scene@17.3/com.almasb.fxgl.scene.Scene.update(Scene.kt:113)
	at com.almasb.fxgl.all@17.3/com.almasb.fxgl.app.MainWindow$update$1.invoke(MainWindow.kt:115)
	at com.almasb.fxgl.all@17.3/com.almasb.fxgl.app.MainWindow$update$1.invoke(MainWindow.kt:115)
	at com.almasb.fxgl.core@17.3/com.almasb.fxgl.core.fsm.StateMachine.runOnActiveStates(StateMachine.kt:69)
	at com.almasb.fxgl.all@17.3/com.almasb.fxgl.app.MainWindow.update(MainWindow.kt:115)
	at com.almasb.fxgl.all@17.3/com.almasb.fxgl.app.FXGLApplication$GameApplicationService.onUpdate(FXGLApplication.kt:426)
	at com.almasb.fxgl.all@17.3/com.almasb.fxgl.app.Engine.loop(Engine.kt:134)
	at com.almasb.fxgl.all@17.3/com.almasb.fxgl.app.Engine.access$loop(Engine.kt:24)
	at com.almasb.fxgl.all@17.3/com.almasb.fxgl.app.Engine$loop$1.invoke(Engine.kt:28)
	at com.almasb.fxgl.all@17.3/com.almasb.fxgl.app.Engine$loop$1.invoke(Engine.kt:28)
	at com.almasb.fxgl.all@17.3/com.almasb.fxgl.app.LoopRunner.frame(LoopRunner.kt:103)
	at com.almasb.fxgl.all@17.3/com.almasb.fxgl.app.LoopRunner.access$frame(LoopRunner.kt:23)
	at com.almasb.fxgl.all@17.3/com.almasb.fxgl.app.LoopRunner$impl$2$1.onTick(LoopRunner.kt:57)
	at com.almasb.fxgl.all@17.3/com.almasb.fxgl.app.AnimationTimerLoop$timer$1.handle(LoopRunner.kt:137)
	at javafx.graphics/javafx.animation.AnimationTimer$AnimationTimerReceiver.lambda$handle$0(AnimationTimer.java:58)
	at java.base/java.security.AccessController.doPrivileged(AccessController.java:400)
	at javafx.graphics/javafx.animation.AnimationTimer$AnimationTimerReceiver.handle(AnimationTimer.java:57)
	at javafx.graphics/com.sun.scenario.animation.AbstractPrimaryTimer.timePulseImpl(AbstractPrimaryTimer.java:356)
	at javafx.graphics/com.sun.scenario.animation.AbstractPrimaryTimer$MainLoop.run(AbstractPrimaryTimer.java:266)
	at javafx.graphics/com.sun.javafx.tk.quantum.QuantumToolkit.pulse(QuantumToolkit.java:571)
	at javafx.graphics/com.sun.javafx.tk.quantum.QuantumToolkit.pulse(QuantumToolkit.java:555)
	at javafx.graphics/com.sun.javafx.tk.quantum.QuantumToolkit.pulseFromQueue(QuantumToolkit.java:548)
	at javafx.graphics/com.sun.javafx.tk.quantum.QuantumToolkit.lambda$runToolkit$11(QuantumToolkit.java:353)
	at javafx.graphics/com.sun.glass.ui.InvokeLaterDispatcher$Future.run(InvokeLaterDispatcher.java:96)
	at javafx.graphics/com.sun.glass.ui.win.WinApplication._runLoop(Native Method)
	at javafx.graphics/com.sun.glass.ui.win.WinApplication.lambda$runLoop$3(WinApplication.java:184)
	at java.base/java.lang.Thread.run(Thread.java:1575)
Caused by: java.lang.IllegalArgumentException: No EntityFactory has a method annotated @Spawns(Enemy)
	at com.almasb.fxgl.entity@17.3/com.almasb.fxgl.entity.GameWorld.create(GameWorld.kt:413)
	at com.almasb.fxgl.entity@17.3/com.almasb.fxgl.entity.level.tiled.TMXLevelLoader.createObjectLayerEntities(TMXLevelLoader.kt:155)
	at com.almasb.fxgl.entity@17.3/com.almasb.fxgl.entity.level.tiled.TMXLevelLoader.load(TMXLevelLoader.kt:60)
	... 35 more

02:29:31.684 [JavaFX Application Thread] FATAL FXGLApplication      - Application will now exit
02:29:31.702 [JavaFX Application Thread] DEBUG PrimaryStageWindow   - Push state: ErrorSubScene
02:29:31.703 [JavaFX Application Thread] DEBUG Input                - Clearing active input actions
02:29:31.707 [JavaFX Application Thread] DEBUG GameApplicationServi - Removing overlay from GameScene and adding to ErrorSubScene
02:29:31.707 [JavaFX Application Thread] DEBUG PrimaryStageWindow   - GameScene -> ErrorSubScene
02:29:33.478 [JavaFX Application Thread] DEBUG FXGLApplication      - Exiting FXGL
02:29:33.478 [JavaFX Application Thread] DEBUG Async                - Shutting down background threads
02:29:33.478 [JavaFX Application Thread] DEBUG PrimaryStageWindow   - Closing main window
02:29:33.491 [JavaFX Application Thread] DEBUG Logger               - Closing Logger
