14:36:19.472 [main                     ] DEBUG Logger               - Configured Logger
14:36:19.504 [main                     ] DEBUG GameApplication      - Logging settings
Title: Space Invaders
Version: 1.0.1
Width: 512
Height: 712
Fullscreen: false
Intro: false
Profiling: false
Single step:false
App Mode: RELEASE
Menu Key: ESCAPE
Stage Style: DECORATED
Scene Factory: class com.almasb.fxgl.app.scene.SceneFactory

14:36:19.854 [JavaFX Application Thread] DEBUG FXGLApplication      - Initializing FXGL
14:36:19.858 [JavaFX Application Thread] INFO  Engine               - FXGL-17.3 (30.03.2023 11.49) on WINDOWS (J:23 FX:17.0.6)
14:36:19.858 [JavaFX Application Thread] DEBUG Engine               - JRE Vendor Name: Oracle Corporation
14:36:19.858 [JavaFX Application Thread] DEBUG Engine               - Running on OS: Windows 10 version 10.0
14:36:19.858 [JavaFX Application Thread] DEBUG Engine               - Architecture: amd64
14:36:19.858 [JavaFX Application Thread] INFO  Engine               - Source code and latest versions at: https://github.com/AlmasB/FXGL
14:36:19.858 [JavaFX Application Thread] INFO  Engine               -       Ask questions and discuss at: https://github.com/AlmasB/FXGL/discussions
14:36:19.859 [JavaFX Application Thread] INFO  Engine               -              Join the FXGL chat at: https://gitter.im/AlmasB/FXGL
14:36:19.968 [JavaFX Application Thread] DEBUG PrimaryStageWindow   - Creating a JavaFX scene
14:36:20.015 [JavaFX Application Thread] DEBUG PrimaryStageWindow   - Target settings size: 512.0 x 712.0
14:36:20.015 [JavaFX Application Thread] DEBUG PrimaryStageWindow   - Scaled scene size:    512.0 x 712.0
14:36:20.015 [JavaFX Application Thread] DEBUG PrimaryStageWindow   - Scaled ratio: (1.0, 1.0)
14:36:20.016 [JavaFX Application Thread] DEBUG PrimaryStageWindow   - Set initial scene to FXGLStartupScene
14:36:20.023 [JavaFX Application Thread] DEBUG PrimaryStageWindow   - Opening main window
14:36:20.131 [JavaFX Application Thread] DEBUG PrimaryStageWindow   - Window border size: (14.4000244140625, 37.5999755859375)
14:36:20.132 [JavaFX Application Thread] DEBUG PrimaryStageWindow   - Scaled size: 512.0 x 712.0
14:36:20.132 [JavaFX Application Thread] DEBUG PrimaryStageWindow   - Scaled ratio: (1.0, 1.0)
14:36:20.133 [JavaFX Application Thread] DEBUG PrimaryStageWindow   - Scene size: 512.0 x 712.0
14:36:20.133 [JavaFX Application Thread] DEBUG PrimaryStageWindow   - Stage size: 526.4000244140625 x 749.5999755859375
14:36:20.146 [FXGL Background Thread 1 ] DEBUG Engine               - Initializing environment variables
14:36:20.264 [FXGL Background Thread 1 ] DEBUG FXGLAssetLoaderServi - User app class for loading assets: class fxgl.spaceinvader.SpaceInvaderApp
14:36:20.264 [FXGL Background Thread 1 ] DEBUG GameApplicationServi - Applying CSS: fxgl_dark.css
14:36:20.265 [FXGL Background Thread 1 ] DEBUG FXGLAssetLoaderServi - Loading from file system: jar:file:///C:/Users/HP/.m2/repository/com/github/almasb/fxgl/17.3/fxgl-17.3.jar!/fxglassets/ui/css/fxgl_dark.css
14:36:20.352 [FXGL Background Thread 1 ] DEBUG GameApplicationServi - Initializing application scenes
14:36:20.417 [FXGL Background Thread 1 ] DEBUG GameWorld            - Game world initialized
14:36:20.516 [FXGL Background Thread 1 ] DEBUG PhysicsWorld         - Physics world initialized: appHeight=712, physics.ppm=50.0
14:36:20.516 [FXGL Background Thread 1 ] DEBUG PhysicsWorld         - Using strategy: BRUTE_FORCE
14:36:20.522 [FXGL Background Thread 1 ] DEBUG GameScene            - Game scene initialized: 512x712
14:36:20.541 [FXGL Background Thread 1 ] WARN  FXGL.DefaultMenu     - FXGLDefaultMenu is not designed for resolutions < 800x600
14:36:20.541 [FXGL Background Thread 1 ] DEBUG FXGL.DefaultMenu     - createMenuBodyMainMenu()
14:36:20.567 [FXGL Background Thread 1 ] DEBUG FXGL.DefaultMenu     - createOptionsMenu()
14:36:20.585 [FXGL Background Thread 1 ] DEBUG FXGLAssetLoaderServi - Loading from file system: jar:file:///C:/Users/HP/.m2/repository/com/github/almasb/fxgl/17.3/fxgl-17.3.jar!/fxglassets/textures/particles/smoke.png
14:36:20.719 [FXGL Background Thread 1 ] DEBUG FXGLAssetLoaderServi - Loading from file system: jar:file:///C:/Users/HP/.m2/repository/com/github/almasb/fxgl/17.3/fxgl-17.3.jar!/fxglassets/textures/particles/trace_horizontal.png
14:36:20.760 [FXGL Background Thread 1 ] WARN  FXGL.DefaultMenu     - FXGLDefaultMenu is not designed for resolutions < 800x600
14:36:20.760 [FXGL Background Thread 1 ] DEBUG FXGL.DefaultMenu     - createMenuBodyGameMenu()
14:36:20.762 [FXGL Background Thread 1 ] DEBUG FXGL.DefaultMenu     - createOptionsMenu()
14:36:20.793 [FXGL Background Thread 1 ] DEBUG GameApplicationServi - Application scenes initialized
14:36:20.808 [FXGL Background Thread 1 ] DEBUG SystemBundleService  - Loading FXGL system data
14:36:20.815 [FXGL Background Thread 1 ] DEBUG FileSystemAccess     - Reading from: C:\Users\HP\IdeaProjects\SpaceInvader\system\fxgl.bundle
14:36:20.827 [FXGL Background Thread 1 ] DEBUG SystemBundleService  - Bundle FXGL: {}
14:36:20.830 [FXGL Background Thread 3 ] DEBUG FXGLApplication      - Loading fonts
14:36:20.830 [FXGL Background Thread 3 ] DEBUG FXGLAssetLoaderServi - Loading from file system: jar:file:///C:/Users/HP/.m2/repository/com/github/almasb/fxgl/17.3/fxgl-17.3.jar!/fxglassets/ui/fonts/VarelaRound-Regular.ttf
14:36:20.830 [FXGL Background Thread 1 ] DEBUG FXGLApplication      - Loading default localization
14:36:20.831 [FXGL Background Thread 1 ] DEBUG FXGLAssetLoaderServi - Loading from file system: jar:file:///C:/Users/HP/.m2/repository/com/github/almasb/fxgl/17.3/fxgl-17.3.jar!/fxglassets/languages/english.lang
14:36:20.849 [FXGL Background Thread 1 ] INFO  FXGLApplication      - FXGL initialization took: 0.703 sec
14:36:20.860 [JavaFX Application Thread] DEBUG Input                - Registered new binding: Move Left - Left
14:36:20.861 [JavaFX Application Thread] DEBUG Input                - Registered new binding: Move Right - Right
14:36:20.862 [JavaFX Application Thread] DEBUG Input                - Registered new binding: Shoot - Up
14:36:20.862 [JavaFX Application Thread] DEBUG FXGLAssetLoaderServi - Loading from file system: jar:file:///C:/Users/HP/.m2/repository/com/github/almasb/fxgl/17.3/fxgl-17.3.jar!/fxglassets/textures/fxgl_icon.png
14:36:20.863 [FXGL Background Thread 3 ] DEBUG FXGLAssetLoaderServi - Loading from file system: jar:file:///C:/Users/HP/.m2/repository/com/github/almasb/fxgl/17.3/fxgl-17.3.jar!/fxglassets/ui/fonts/Abel-Regular.ttf
14:36:20.869 [FXGL Background Thread 3 ] DEBUG FXGLAssetLoaderServi - Loading from file system: jar:file:///C:/Users/HP/.m2/repository/com/github/almasb/fxgl/17.3/fxgl-17.3.jar!/fxglassets/ui/fonts/TerminalLandMono-Regular.otf
14:36:20.874 [FXGL Background Thread 3 ] DEBUG FXGLAssetLoaderServi - Loading from file system: jar:file:///C:/Users/HP/.m2/repository/com/github/almasb/fxgl/17.3/fxgl-17.3.jar!/fxglassets/ui/fonts/Courier-Prime.ttf
14:36:20.891 [JavaFX Application Thread] DEBUG FXGLAssetLoaderServi - Loading from file system: jar:file:///C:/Users/HP/.m2/repository/com/github/almasb/fxgl/17.3/fxgl-17.3.jar!/fxglassets/textures/fxgl_default_cursor.png
14:36:20.895 [JavaFX Application Thread] DEBUG Input                - Registered new binding: Screenshot - CTRL+8
14:36:20.897 [JavaFX Application Thread] DEBUG LoopRunner           - Starting loop
14:36:20.897 [JavaFX Application Thread] DEBUG LoopRunner           - Initializing JavaFX AnimationTimerLoop
14:36:20.900 [JavaFX Application Thread] DEBUG Input                - Clearing active input actions
14:36:20.913 [JavaFX Application Thread] DEBUG GameApplicationServi - Removing overlay from FXGLStartupScene and adding to FXGLMainMenuDummyScene
14:36:20.914 [JavaFX Application Thread] DEBUG PrimaryStageWindow   - FXGLStartupScene -> FXGLMainMenuDummyScene
14:36:20.914 [JavaFX Application Thread] DEBUG PrimaryStageWindow   - Push state: FXGLDefaultMenu
14:36:20.925 [JavaFX Application Thread] DEBUG Input                - Clearing active input actions
14:36:20.934 [JavaFX Application Thread] DEBUG GameApplicationServi - Removing overlay from FXGLMainMenuDummyScene and adding to FXGLDefaultMenu
14:36:20.935 [JavaFX Application Thread] DEBUG PrimaryStageWindow   - FXGLMainMenuDummyScene -> FXGLDefaultMenu
14:36:20.935 [JavaFX Application Thread] DEBUG FXGLApplication      - Registering font factories with UI factory
14:36:22.420 [JavaFX Application Thread] DEBUG Menu                 - fireNewGame()
14:36:22.420 [JavaFX Application Thread] DEBUG GameApplicationServi - Starting new game
14:36:22.423 [JavaFX Application Thread] DEBUG PrimaryStageWindow   - Pop state: FXGLDefaultMenu
14:36:22.423 [JavaFX Application Thread] DEBUG Input                - Clearing active input actions
14:36:22.425 [JavaFX Application Thread] DEBUG GameApplicationServi - Removing overlay from FXGLDefaultMenu and adding to FXGLMainMenuDummyScene
14:36:22.425 [JavaFX Application Thread] DEBUG PrimaryStageWindow   - FXGLMainMenuDummyScene <- FXGLDefaultMenu
14:36:22.426 [JavaFX Application Thread] DEBUG Input                - Clearing active input actions
14:36:22.442 [JavaFX Application Thread] DEBUG GameApplicationServi - Removing overlay from FXGLMainMenuDummyScene and adding to FXGLLoadingScene
14:36:22.443 [JavaFX Application Thread] DEBUG PrimaryStageWindow   - FXGLMainMenuDummyScene -> FXGLLoadingScene
14:36:22.443 [JavaFX Application Thread] DEBUG GameApplicationServi - Clearing previous game
14:36:22.443 [JavaFX Application Thread] DEBUG GameScene            - Clearing game scene
14:36:22.443 [JavaFX Application Thread] DEBUG GameWorld            - Clearing game world
14:36:22.444 [JavaFX Application Thread] DEBUG PhysicsWorld         - Clearing physics world
14:36:22.446 [FXGL Background Thread 3 ] DEBUG FXGLApplication      - Initializing game
14:36:22.501 [FXGL Background Thread 3 ] INFO  FXGLApplication      - Game initialization took: 0.054 sec
14:36:22.506 [JavaFX Application Thread] DEBUG Input                - Clearing active input actions
14:36:22.513 [JavaFX Application Thread] DEBUG GameApplicationServi - Removing overlay from FXGLLoadingScene and adding to GameScene
14:36:22.514 [JavaFX Application Thread] DEBUG PrimaryStageWindow   - FXGLLoadingScene -> GameScene
14:36:23.828 [FXGL Background Thread 2 ] DEBUG Engine               - Logging environment variables
14:36:23.829 [FXGL Background Thread 2 ] DEBUG Engine               - achievements: []
14:36:23.829 [FXGL Background Thread 2 ] DEBUG Engine               - actualHeight: 712.0
14:36:23.829 [FXGL Background Thread 2 ] DEBUG Engine               - actualHeightProperty: ReadOnlyDoubleProperty [value: 712.0]
14:36:23.829 [FXGL Background Thread 2 ] DEBUG Engine               - actualWidth: 512.0
14:36:23.829 [FXGL Background Thread 2 ] DEBUG Engine               - actualWidthProperty: ReadOnlyDoubleProperty [value: 512.0]
14:36:23.829 [FXGL Background Thread 2 ] DEBUG Engine               - appIcon: fxgl_icon.png
14:36:23.829 [FXGL Background Thread 2 ] DEBUG Engine               - applicationMode: RELEASE
14:36:23.829 [FXGL Background Thread 2 ] DEBUG Engine               - cSSList: [fxgl_dark.css]
14:36:23.829 [FXGL Background Thread 2 ] DEBUG Engine               - collisionDetectionStrategy: BRUTE_FORCE
14:36:23.829 [FXGL Background Thread 2 ] DEBUG Engine               - configClass: Optional.empty
14:36:23.829 [FXGL Background Thread 2 ] DEBUG Engine               - credits: []
14:36:23.830 [FXGL Background Thread 2 ] DEBUG Engine               - defaultCursor: CursorInfo(imageName=fxgl_default_cursor.png, hotspotX=7.0, hotspotY=6.0)
14:36:23.830 [FXGL Background Thread 2 ] DEBUG Engine               - devBBoxColorProperty: ObjectProperty [value: 0xff0000ff]
14:36:23.830 [FXGL Background Thread 2 ] DEBUG Engine               - devEnableDebugCameraProperty: BooleanProperty [value: false]
14:36:23.830 [FXGL Background Thread 2 ] DEBUG Engine               - devSensorColorProperty: ObjectProperty [value: 0xffff00ff]
14:36:23.830 [FXGL Background Thread 2 ] DEBUG Engine               - devShowBBoxProperty: BooleanProperty [value: false]
14:36:23.830 [FXGL Background Thread 2 ] DEBUG Engine               - devShowPositionProperty: BooleanProperty [value: false]
14:36:23.830 [FXGL Background Thread 2 ] DEBUG Engine               - enabledMenuItems: []
14:36:23.831 [FXGL Background Thread 2 ] DEBUG Engine               - engineServices: [class com.almasb.fxgl.app.services.FXGLAssetLoaderService, class com.almasb.fxgl.app.FXGLApplication$GameApplicationService, class com.almasb.fxgl.app.services.FXGLDialogService, class com.almasb.fxgl.app.services.IOTaskExecutorService, class com.almasb.fxgl.io.FileSystemService, class com.almasb.fxgl.localization.LocalizationService, class com.almasb.fxgl.app.services.SystemBundleService, class com.almasb.fxgl.profile.SaveLoadService, class com.almasb.fxgl.ui.FXGLUIFactoryServiceProvider, class com.almasb.fxgl.ui.FXGLDialogFactoryServiceProvider, class com.almasb.fxgl.audio.AudioPlayer, class com.almasb.fxgl.notification.impl.NotificationServiceProvider, class com.almasb.fxgl.achievement.AchievementService, class com.almasb.fxgl.cutscene.CutsceneService, class com.almasb.fxgl.minigames.MiniGameService, class com.almasb.fxgl.net.NetService, class com.almasb.fxgl.app.services.UpdaterService, class com.almasb.fxgl.dev.DevService]
14:36:23.831 [FXGL Background Thread 2 ] DEBUG Engine               - fontGame: Abel-Regular.ttf
14:36:23.831 [FXGL Background Thread 2 ] DEBUG Engine               - fontMono: TerminalLandMono-Regular.otf
14:36:23.831 [FXGL Background Thread 2 ] DEBUG Engine               - fontSizeScaleUI: 1.0
14:36:23.831 [FXGL Background Thread 2 ] DEBUG Engine               - fontText: Courier-Prime.ttf
14:36:23.831 [FXGL Background Thread 2 ] DEBUG Engine               - fontUI: VarelaRound-Regular.ttf
14:36:23.831 [FXGL Background Thread 2 ] DEBUG Engine               - fullScreen: BooleanProperty [value: false]
14:36:23.831 [FXGL Background Thread 2 ] DEBUG Engine               - gameDifficulty: MEDIUM
14:36:23.831 [FXGL Background Thread 2 ] DEBUG Engine               - gameDifficultyProperty: ObjectProperty [value: MEDIUM]
14:36:23.831 [FXGL Background Thread 2 ] DEBUG Engine               - globalMusicVolume: 0.5
14:36:23.831 [FXGL Background Thread 2 ] DEBUG Engine               - globalMusicVolumeProperty: DoubleProperty [value: 0.5]
14:36:23.831 [FXGL Background Thread 2 ] DEBUG Engine               - globalSoundVolume: 0.5
14:36:23.831 [FXGL Background Thread 2 ] DEBUG Engine               - globalSoundVolumeProperty: DoubleProperty [value: 0.5]
14:36:23.832 [FXGL Background Thread 2 ] DEBUG Engine               - height: 712
14:36:23.832 [FXGL Background Thread 2 ] DEBUG Engine               - is3D: false
14:36:23.832 [FXGL Background Thread 2 ] DEBUG Engine               - isAndroid: false
14:36:23.832 [FXGL Background Thread 2 ] DEBUG Engine               - isBrowser: false
14:36:23.832 [FXGL Background Thread 2 ] DEBUG Engine               - isClickFeedbackEnabled: false
14:36:23.832 [FXGL Background Thread 2 ] DEBUG Engine               - isCloseConfirmation: false
14:36:23.832 [FXGL Background Thread 2 ] DEBUG Engine               - isDesktop: true
14:36:23.832 [FXGL Background Thread 2 ] DEBUG Engine               - isDeveloperMenuEnabled: false
14:36:23.832 [FXGL Background Thread 2 ] DEBUG Engine               - isEmbedded: false
14:36:23.832 [FXGL Background Thread 2 ] DEBUG Engine               - isEntityPreloadEnabled: true
14:36:23.832 [FXGL Background Thread 2 ] DEBUG Engine               - isExperimentalTiledLargeMap: false
14:36:23.832 [FXGL Background Thread 2 ] DEBUG Engine               - isFileSystemWriteAllowed: true
14:36:23.832 [FXGL Background Thread 2 ] DEBUG Engine               - isFullScreenAllowed: false
14:36:23.832 [FXGL Background Thread 2 ] DEBUG Engine               - isFullScreenFromStart: false
14:36:23.832 [FXGL Background Thread 2 ] DEBUG Engine               - isGameMenuEnabled: true
14:36:23.832 [FXGL Background Thread 2 ] DEBUG Engine               - isIOS: false
14:36:23.832 [FXGL Background Thread 2 ] DEBUG Engine               - isIntroEnabled: false
14:36:23.832 [FXGL Background Thread 2 ] DEBUG Engine               - isLinux: false
14:36:23.832 [FXGL Background Thread 2 ] DEBUG Engine               - isMac: false
14:36:23.832 [FXGL Background Thread 2 ] DEBUG Engine               - isMainMenuEnabled: true
14:36:23.832 [FXGL Background Thread 2 ] DEBUG Engine               - isManualResizeEnabled: true
14:36:23.832 [FXGL Background Thread 2 ] DEBUG Engine               - isMobile: false
14:36:23.832 [FXGL Background Thread 2 ] DEBUG Engine               - isNative: false
14:36:23.833 [FXGL Background Thread 2 ] DEBUG Engine               - isPauseMusicWhenMinimized: true
14:36:23.833 [FXGL Background Thread 2 ] DEBUG Engine               - isPreserveResizeRatio: true
14:36:23.833 [FXGL Background Thread 2 ] DEBUG Engine               - isProfilingEnabled: false
14:36:23.833 [FXGL Background Thread 2 ] DEBUG Engine               - isScaleAffectedOnResize: true
14:36:23.833 [FXGL Background Thread 2 ] DEBUG Engine               - isSingleStep: false
14:36:23.833 [FXGL Background Thread 2 ] DEBUG Engine               - isUserProfileEnabled: false
14:36:23.833 [FXGL Background Thread 2 ] DEBUG Engine               - isWindows: true
14:36:23.833 [FXGL Background Thread 2 ] DEBUG Engine               - language: ObjectProperty [value: ENGLISH]
14:36:23.833 [FXGL Background Thread 2 ] DEBUG Engine               - menuKey: ESCAPE
14:36:23.833 [FXGL Background Thread 2 ] DEBUG Engine               - mouseSensitivity: 0.2
14:36:23.833 [FXGL Background Thread 2 ] DEBUG Engine               - notificationViewClass: class com.almasb.fxgl.notification.view.XboxNotificationView
14:36:23.833 [FXGL Background Thread 2 ] DEBUG Engine               - pixelsPerMeter: 50.0
14:36:23.833 [FXGL Background Thread 2 ] DEBUG Engine               - platform: WINDOWS
14:36:23.833 [FXGL Background Thread 2 ] DEBUG Engine               - prefHeightProperty: ReadOnlyDoubleProperty [value: 712.0]
14:36:23.833 [FXGL Background Thread 2 ] DEBUG Engine               - prefWidthProperty: ReadOnlyDoubleProperty [value: 512.0]
14:36:23.833 [FXGL Background Thread 2 ] DEBUG Engine               - profileDir: profiles/
14:36:23.833 [FXGL Background Thread 2 ] DEBUG Engine               - profileName: StringProperty [value: DEFAULT]
14:36:23.834 [FXGL Background Thread 2 ] DEBUG Engine               - randomSeed: -1
14:36:23.835 [FXGL Background Thread 2 ] DEBUG Engine               - runtimeInfo: RuntimeInfo(platform=WINDOWS, version=17.3, build=30.03.2023 11.49)
14:36:23.835 [FXGL Background Thread 2 ] DEBUG Engine               - saveFileExt: sav
14:36:23.835 [FXGL Background Thread 2 ] DEBUG Engine               - scaledHeightProp$fxgl: DoubleProperty [bound, value: 712.0]
14:36:23.835 [FXGL Background Thread 2 ] DEBUG Engine               - scaledWidthProp$fxgl: DoubleProperty [bound, value: 512.0]
14:36:23.835 [FXGL Background Thread 2 ] DEBUG Engine               - sceneFactory: com.almasb.fxgl.app.scene.SceneFactory@58cc7a52
14:36:23.835 [FXGL Background Thread 2 ] DEBUG Engine               - secondsIn24h: 60
14:36:23.835 [FXGL Background Thread 2 ] DEBUG Engine               - soundMenuBack: menu/back.wav
14:36:23.835 [FXGL Background Thread 2 ] DEBUG Engine               - soundMenuPress: menu/press.wav
14:36:23.835 [FXGL Background Thread 2 ] DEBUG Engine               - soundMenuSelect: menu/select.wav
14:36:23.835 [FXGL Background Thread 2 ] DEBUG Engine               - soundNotification: core/notification.wav
14:36:23.836 [FXGL Background Thread 2 ] DEBUG Engine               - stageStyle: DECORATED
14:36:23.836 [FXGL Background Thread 2 ] DEBUG Engine               - supportedLanguages: [ENGLISH, FRENCH, GERMAN, HUNGARIAN, RUSSIAN]
14:36:23.836 [FXGL Background Thread 2 ] DEBUG Engine               - ticksPerSecond: -1
14:36:23.836 [FXGL Background Thread 2 ] DEBUG Engine               - title: Space Invaders
14:36:23.836 [FXGL Background Thread 2 ] DEBUG Engine               - urlGithub: https://github.com/AlmasB/FXGL
14:36:23.836 [FXGL Background Thread 2 ] DEBUG Engine               - urlLeaderboard: http://fxgl-top.herokuapp.com/
14:36:23.836 [FXGL Background Thread 2 ] DEBUG Engine               - urlPOM: https://raw.githubusercontent.com/AlmasB/FXGL/release/README.md
14:36:23.836 [FXGL Background Thread 2 ] DEBUG Engine               - userAppClass: class fxgl.spaceinvader.SpaceInvaderApp
14:36:23.836 [FXGL Background Thread 2 ] DEBUG Engine               - version: 1.0.1
14:36:23.836 [FXGL Background Thread 2 ] DEBUG Engine               - versionCheckDays: 7
14:36:23.836 [FXGL Background Thread 2 ] DEBUG Engine               - width: 512
14:36:23.836 [FXGL Background Thread 2 ] DEBUG Engine               - Logging services
14:36:23.836 [FXGL Background Thread 2 ] DEBUG Engine               - class com.almasb.fxgl.app.services.FXGLAssetLoaderService
14:36:23.836 [FXGL Background Thread 2 ] DEBUG Engine               - class com.almasb.fxgl.app.FXGLApplication$GameApplicationService
14:36:23.836 [FXGL Background Thread 2 ] DEBUG Engine               - class com.almasb.fxgl.app.services.FXGLDialogService
14:36:23.836 [FXGL Background Thread 2 ] DEBUG Engine               - class com.almasb.fxgl.app.services.IOTaskExecutorService
14:36:23.836 [FXGL Background Thread 2 ] DEBUG Engine               - class com.almasb.fxgl.io.FileSystemService
14:36:23.836 [FXGL Background Thread 2 ] DEBUG Engine               - class com.almasb.fxgl.localization.LocalizationService
14:36:23.836 [FXGL Background Thread 2 ] DEBUG Engine               - class com.almasb.fxgl.app.services.SystemBundleService
14:36:23.836 [FXGL Background Thread 2 ] DEBUG Engine               - class com.almasb.fxgl.profile.SaveLoadService
14:36:23.836 [FXGL Background Thread 2 ] DEBUG Engine               - class com.almasb.fxgl.ui.FXGLUIFactoryServiceProvider
14:36:23.837 [FXGL Background Thread 2 ] DEBUG Engine               - class com.almasb.fxgl.ui.FXGLDialogFactoryServiceProvider
14:36:23.837 [FXGL Background Thread 2 ] DEBUG Engine               - class com.almasb.fxgl.audio.AudioPlayer
14:36:23.837 [FXGL Background Thread 2 ] DEBUG Engine               - class com.almasb.fxgl.notification.impl.NotificationServiceProvider
14:36:23.837 [FXGL Background Thread 2 ] DEBUG Engine               - class com.almasb.fxgl.achievement.AchievementService
14:36:23.837 [FXGL Background Thread 2 ] DEBUG Engine               - class com.almasb.fxgl.cutscene.CutsceneService
14:36:23.837 [FXGL Background Thread 2 ] DEBUG Engine               - class com.almasb.fxgl.minigames.MiniGameService
14:36:23.837 [FXGL Background Thread 2 ] DEBUG Engine               - class com.almasb.fxgl.net.NetService
14:36:23.837 [FXGL Background Thread 2 ] DEBUG Engine               - class com.almasb.fxgl.app.services.UpdaterService
14:36:23.837 [FXGL Background Thread 2 ] DEBUG Engine               - class com.almasb.fxgl.dev.DevService
14:36:35.549 [JavaFX Application Thread] DEBUG FXGLApplication      - Exiting FXGL
14:36:35.549 [JavaFX Application Thread] DEBUG LoopRunner           - Stopping loop
14:36:35.549 [JavaFX Application Thread] DEBUG SystemBundleService  - Saving FXGL system data
14:36:35.552 [JavaFX Application Thread] DEBUG FileSystemAccess     - Writing to: C:\Users\HP\IdeaProjects\SpaceInvader\system\fxgl.bundle
14:36:35.553 [JavaFX Application Thread] DEBUG Async                - Shutting down background threads
14:36:35.553 [JavaFX Application Thread] DEBUG PrimaryStageWindow   - Closing main window
14:36:35.575 [JavaFX Application Thread] DEBUG Logger               - Closing Logger
