14:00:12.432 [main                     ] DEBUG Logger               - Configured Logger
14:00:12.502 [main                     ] DEBUG GameApplication      - Logging settings
Title: Space Invaders
Version: 1.0.1
Width: 512
Height: 720
Fullscreen: false
Intro: false
Profiling: false
Single step:false
App Mode: RELEASE
Menu Key: ESCAPE
Stage Style: DECORATED
Scene Factory: class com.almasb.fxgl.app.scene.SceneFactory

14:00:13.247 [JavaFX Application Thread] DEBUG FXGLApplication      - Initializing FXGL
14:00:13.260 [JavaFX Application Thread] INFO  Engine               - FXGL-17.3 (30.03.2023 11.49) on WINDOWS (J:23 FX:17.0.6)
14:00:13.261 [JavaFX Application Thread] DEBUG Engine               - JRE Vendor Name: Oracle Corporation
14:00:13.261 [JavaFX Application Thread] DEBUG Engine               - Running on OS: Windows 10 version 10.0
14:00:13.261 [JavaFX Application Thread] DEBUG Engine               - Architecture: amd64
14:00:13.261 [JavaFX Application Thread] INFO  Engine               - Source code and latest versions at: https://github.com/AlmasB/FXGL
14:00:13.262 [JavaFX Application Thread] INFO  Engine               -       Ask questions and discuss at: https://github.com/AlmasB/FXGL/discussions
14:00:13.262 [JavaFX Application Thread] INFO  Engine               -              Join the FXGL chat at: https://gitter.im/AlmasB/FXGL
14:00:13.457 [JavaFX Application Thread] DEBUG PrimaryStageWindow   - Creating a JavaFX scene
14:00:13.544 [JavaFX Application Thread] DEBUG PrimaryStageWindow   - Target settings size: 512.0 x 720.0
14:00:13.544 [JavaFX Application Thread] DEBUG PrimaryStageWindow   - Scaled scene size:    512.0 x 720.0
14:00:13.545 [JavaFX Application Thread] DEBUG PrimaryStageWindow   - Scaled ratio: (1.0, 1.0)
14:00:13.546 [JavaFX Application Thread] DEBUG PrimaryStageWindow   - Set initial scene to FXGLStartupScene
14:00:13.560 [JavaFX Application Thread] DEBUG PrimaryStageWindow   - Opening main window
14:00:13.735 [JavaFX Application Thread] DEBUG PrimaryStageWindow   - Window border size: (14.4000244140625, 37.5999755859375)
14:00:13.736 [JavaFX Application Thread] DEBUG PrimaryStageWindow   - Scaled size: 512.0 x 720.0
14:00:13.737 [JavaFX Application Thread] DEBUG PrimaryStageWindow   - Scaled ratio: (1.0, 1.0)
14:00:13.738 [JavaFX Application Thread] DEBUG PrimaryStageWindow   - Scene size: 512.0 x 720.0
14:00:13.738 [JavaFX Application Thread] DEBUG PrimaryStageWindow   - Stage size: 526.4000244140625 x 757.5999755859375
14:00:13.773 [FXGL Background Thread 1 ] DEBUG Engine               - Initializing environment variables
14:00:14.013 [FXGL Background Thread 1 ] DEBUG FXGLAssetLoaderServi - User app class for loading assets: class fxgl.spaceinvader.SpaceInvaderApp
14:00:14.014 [FXGL Background Thread 1 ] DEBUG GameApplicationServi - Applying CSS: fxgl_dark.css
14:00:14.015 [FXGL Background Thread 1 ] DEBUG FXGLAssetLoaderServi - Loading from file system: jar:file:///C:/Users/HP/.m2/repository/com/github/almasb/fxgl/17.3/fxgl-17.3.jar!/fxglassets/ui/css/fxgl_dark.css
14:00:14.128 [FXGL Background Thread 1 ] DEBUG GameApplicationServi - Initializing application scenes
14:00:14.206 [FXGL Background Thread 1 ] DEBUG GameWorld            - Game world initialized
14:00:14.410 [FXGL Background Thread 1 ] DEBUG PhysicsWorld         - Physics world initialized: appHeight=720, physics.ppm=50.0
14:00:14.411 [FXGL Background Thread 1 ] DEBUG PhysicsWorld         - Using strategy: BRUTE_FORCE
14:00:14.440 [FXGL Background Thread 1 ] DEBUG GameScene            - Game scene initialized: 512x720
14:00:14.483 [FXGL Background Thread 1 ] WARN  FXGL.DefaultMenu     - FXGLDefaultMenu is not designed for resolutions < 800x600
14:00:14.483 [FXGL Background Thread 1 ] DEBUG FXGL.DefaultMenu     - createMenuBodyMainMenu()
14:00:14.547 [FXGL Background Thread 1 ] DEBUG FXGL.DefaultMenu     - createOptionsMenu()
14:00:14.584 [FXGL Background Thread 1 ] DEBUG FXGLAssetLoaderServi - Loading from file system: jar:file:///C:/Users/HP/.m2/repository/com/github/almasb/fxgl/17.3/fxgl-17.3.jar!/fxglassets/textures/particles/smoke.png
14:00:14.820 [FXGL Background Thread 1 ] DEBUG FXGLAssetLoaderServi - Loading from file system: jar:file:///C:/Users/HP/.m2/repository/com/github/almasb/fxgl/17.3/fxgl-17.3.jar!/fxglassets/textures/particles/trace_horizontal.png
14:00:14.889 [FXGL Background Thread 1 ] WARN  FXGL.DefaultMenu     - FXGLDefaultMenu is not designed for resolutions < 800x600
14:00:14.890 [FXGL Background Thread 1 ] DEBUG FXGL.DefaultMenu     - createMenuBodyGameMenu()
14:00:14.894 [FXGL Background Thread 1 ] DEBUG FXGL.DefaultMenu     - createOptionsMenu()
14:00:14.934 [FXGL Background Thread 1 ] DEBUG GameApplicationServi - Application scenes initialized
14:00:14.977 [FXGL Background Thread 1 ] DEBUG SystemBundleService  - Loading FXGL system data
14:00:14.988 [FXGL Background Thread 1 ] DEBUG FileSystemAccess     - Reading from: C:\Users\HP\IdeaProjects\SpaceInvader\system\fxgl.bundle
14:00:15.010 [FXGL Background Thread 1 ] DEBUG SystemBundleService  - Bundle FXGL: {}
14:00:15.014 [FXGL Background Thread 3 ] DEBUG FXGLApplication      - Loading fonts
14:00:15.015 [FXGL Background Thread 3 ] DEBUG FXGLAssetLoaderServi - Loading from file system: jar:file:///C:/Users/HP/.m2/repository/com/github/almasb/fxgl/17.3/fxgl-17.3.jar!/fxglassets/ui/fonts/VarelaRound-Regular.ttf
14:00:15.016 [FXGL Background Thread 1 ] DEBUG FXGLApplication      - Loading default localization
14:00:15.017 [FXGL Background Thread 1 ] DEBUG FXGLAssetLoaderServi - Loading from file system: jar:file:///C:/Users/HP/.m2/repository/com/github/almasb/fxgl/17.3/fxgl-17.3.jar!/fxglassets/languages/english.lang
14:00:15.063 [FXGL Background Thread 1 ] INFO  FXGLApplication      - FXGL initialization took: 1.291 sec
14:00:15.084 [FXGL Background Thread 3 ] DEBUG FXGLAssetLoaderServi - Loading from file system: jar:file:///C:/Users/HP/.m2/repository/com/github/almasb/fxgl/17.3/fxgl-17.3.jar!/fxglassets/ui/fonts/Abel-Regular.ttf
14:00:15.093 [JavaFX Application Thread] DEBUG Input                - Registered new binding: Move Left - Left
14:00:15.095 [JavaFX Application Thread] DEBUG Input                - Registered new binding: Move Right - Right
14:00:15.096 [JavaFX Application Thread] DEBUG Input                - Registered new binding: Shoot - Up
14:00:15.097 [JavaFX Application Thread] DEBUG Input                - Registered new binding: Shield Up - Space
14:00:15.097 [FXGL Background Thread 3 ] DEBUG FXGLAssetLoaderServi - Loading from file system: jar:file:///C:/Users/HP/.m2/repository/com/github/almasb/fxgl/17.3/fxgl-17.3.jar!/fxglassets/ui/fonts/TerminalLandMono-Regular.otf
14:00:15.098 [JavaFX Application Thread] DEBUG FXGLAssetLoaderServi - Loading from file system: file:/C:/Users/HP/IdeaProjects/SpaceInvader/target/classes/assets/music/bgm.mp3
14:00:15.107 [FXGL Background Thread 3 ] DEBUG FXGLAssetLoaderServi - Loading from file system: jar:file:///C:/Users/HP/.m2/repository/com/github/almasb/fxgl/17.3/fxgl-17.3.jar!/fxglassets/ui/fonts/Courier-Prime.ttf
14:00:15.396 [JavaFX Application Thread] DEBUG AudioPlayer          - Playing music com.almasb.fxgl.audio.Music@2c1529bc
14:00:15.400 [JavaFX Application Thread] DEBUG FXGLAssetLoaderServi - Loading from file system: jar:file:///C:/Users/HP/.m2/repository/com/github/almasb/fxgl/17.3/fxgl-17.3.jar!/fxglassets/textures/fxgl_icon.png
14:00:15.446 [JavaFX Application Thread] DEBUG FXGLAssetLoaderServi - Loading from file system: jar:file:///C:/Users/HP/.m2/repository/com/github/almasb/fxgl/17.3/fxgl-17.3.jar!/fxglassets/textures/fxgl_default_cursor.png
14:00:15.450 [JavaFX Application Thread] DEBUG Input                - Registered new binding: Screenshot - CTRL+8
14:00:15.457 [JavaFX Application Thread] DEBUG LoopRunner           - Starting loop
14:00:15.458 [JavaFX Application Thread] DEBUG LoopRunner           - Initializing JavaFX AnimationTimerLoop
14:00:15.463 [JavaFX Application Thread] DEBUG Input                - Clearing active input actions
14:00:15.481 [JavaFX Application Thread] DEBUG GameApplicationServi - Removing overlay from FXGLStartupScene and adding to FXGLMainMenuDummyScene
14:00:15.482 [JavaFX Application Thread] DEBUG PrimaryStageWindow   - FXGLStartupScene -> FXGLMainMenuDummyScene
14:00:15.482 [JavaFX Application Thread] DEBUG PrimaryStageWindow   - Push state: FXGLDefaultMenu
14:00:15.494 [JavaFX Application Thread] DEBUG Input                - Clearing active input actions
14:00:15.511 [JavaFX Application Thread] DEBUG GameApplicationServi - Removing overlay from FXGLMainMenuDummyScene and adding to FXGLDefaultMenu
14:00:15.512 [JavaFX Application Thread] DEBUG PrimaryStageWindow   - FXGLMainMenuDummyScene -> FXGLDefaultMenu
14:00:15.526 [JavaFX Application Thread] DEBUG FXGLApplication      - Registering font factories with UI factory
14:00:17.301 [JavaFX Application Thread] DEBUG Menu                 - fireNewGame()
14:00:17.301 [JavaFX Application Thread] DEBUG GameApplicationServi - Starting new game
14:00:17.308 [JavaFX Application Thread] DEBUG PrimaryStageWindow   - Pop state: FXGLDefaultMenu
14:00:17.308 [JavaFX Application Thread] DEBUG Input                - Clearing active input actions
14:00:17.313 [JavaFX Application Thread] DEBUG GameApplicationServi - Removing overlay from FXGLDefaultMenu and adding to FXGLMainMenuDummyScene
14:00:17.315 [JavaFX Application Thread] DEBUG PrimaryStageWindow   - FXGLMainMenuDummyScene <- FXGLDefaultMenu
14:00:17.315 [JavaFX Application Thread] DEBUG Input                - Clearing active input actions
14:00:17.348 [JavaFX Application Thread] DEBUG GameApplicationServi - Removing overlay from FXGLMainMenuDummyScene and adding to FXGLLoadingScene
14:00:17.348 [JavaFX Application Thread] DEBUG PrimaryStageWindow   - FXGLMainMenuDummyScene -> FXGLLoadingScene
14:00:17.348 [JavaFX Application Thread] DEBUG GameApplicationServi - Clearing previous game
14:00:17.348 [JavaFX Application Thread] DEBUG GameScene            - Clearing game scene
14:00:17.348 [JavaFX Application Thread] DEBUG GameWorld            - Clearing game world
14:00:17.349 [JavaFX Application Thread] DEBUG PhysicsWorld         - Clearing physics world
14:00:17.352 [FXGL Background Thread 3 ] DEBUG FXGLApplication      - Initializing game
14:00:17.380 [FXGL Background Thread 3 ] DEBUG FileSystemAccess     - Reading from: C:\Users\HP\IdeaProjects\SpaceInvader\.\hiscore.dat
14:00:17.566 [FXGL Background Thread 3 ] WARN  TMXLevelLoader       - TiledMap generated from 1.8.6. Supported version: 1.9.0. Some features may not be parsed fully.
14:00:17.613 [FXGL Background Thread 3 ] DEBUG TMXLevelLoader       - Parsed TiledMap: file:/C:/Users/HP/IdeaProjects/SpaceInvader/target/classes/assets/levels/level1.tmx
14:00:17.617 [FXGL Background Thread 3 ] DEBUG TMXLevelLoader       - Creating tile layer entities
14:00:17.624 [FXGL Background Thread 3 ] DEBUG TilesetLoader        - Loading view for layer Background
14:00:17.628 [FXGL Background Thread 3 ] DEBUG TilesetLoader        - Created buffer with size 512.0x720.0
14:00:17.665 [FXGL Background Thread 3 ] DEBUG TMXLevelLoader       - Creating object layer entities
14:00:17.677 [FXGL Background Thread 3 ] DEBUG FXGLAssetLoaderServi - Loading from file system: file:/C:/Users/HP/IdeaProjects/SpaceInvader/target/classes/assets/textures/Egg.png
14:00:17.804 [FXGL Background Thread 3 ] DEBUG FXGLAssetLoaderServi - Loading from file system: file:/C:/Users/HP/IdeaProjects/SpaceInvader/target/classes/assets/textures/Frog.png
14:00:17.843 [FXGL Background Thread 3 ] DEBUG FXGLAssetLoaderServi - Loading from file system: file:/C:/Users/HP/IdeaProjects/SpaceInvader/target/classes/assets/textures/Demon.png
14:00:17.903 [FXGL Background Thread 3 ] DEBUG FXGLAssetLoaderServi - Loading from file system: file:/C:/Users/HP/IdeaProjects/SpaceInvader/target/classes/assets/textures/wall_left_1.png
14:00:17.919 [FXGL Background Thread 3 ] DEBUG FXGLAssetLoaderServi - Loading from file system: file:/C:/Users/HP/IdeaProjects/SpaceInvader/target/classes/assets/textures/wall_right_1.png
14:00:17.957 [FXGL Background Thread 3 ] DEBUG GameWorld            - Clearing removable entities
14:00:17.959 [FXGL Background Thread 3 ] DEBUG GameWorld            - Setting level: com.almasb.fxgl.entity.level.Level@651076ce
14:00:18.012 [FXGL Background Thread 2 ] DEBUG Engine               - Logging environment variables
14:00:18.014 [FXGL Background Thread 2 ] DEBUG Engine               - achievements: []
14:00:18.015 [FXGL Background Thread 2 ] DEBUG Engine               - actualHeight: 720.0
14:00:18.015 [FXGL Background Thread 2 ] DEBUG Engine               - actualHeightProperty: ReadOnlyDoubleProperty [value: 720.0]
14:00:18.015 [FXGL Background Thread 2 ] DEBUG Engine               - actualWidth: 512.0
14:00:18.016 [FXGL Background Thread 2 ] DEBUG Engine               - actualWidthProperty: ReadOnlyDoubleProperty [value: 512.0]
14:00:18.016 [FXGL Background Thread 2 ] DEBUG Engine               - appIcon: fxgl_icon.png
14:00:18.016 [FXGL Background Thread 2 ] DEBUG Engine               - applicationMode: RELEASE
14:00:18.016 [FXGL Background Thread 2 ] DEBUG Engine               - cSSList: [fxgl_dark.css]
14:00:18.016 [FXGL Background Thread 2 ] DEBUG Engine               - collisionDetectionStrategy: BRUTE_FORCE
14:00:18.016 [FXGL Background Thread 2 ] DEBUG Engine               - configClass: Optional.empty
14:00:18.017 [FXGL Background Thread 2 ] DEBUG Engine               - credits: []
14:00:18.019 [FXGL Background Thread 2 ] DEBUG Engine               - defaultCursor: CursorInfo(imageName=fxgl_default_cursor.png, hotspotX=7.0, hotspotY=6.0)
14:00:18.019 [FXGL Background Thread 2 ] DEBUG Engine               - devBBoxColorProperty: ObjectProperty [value: 0xff0000ff]
14:00:18.020 [FXGL Background Thread 2 ] DEBUG Engine               - devEnableDebugCameraProperty: BooleanProperty [value: false]
14:00:18.020 [FXGL Background Thread 2 ] DEBUG Engine               - devSensorColorProperty: ObjectProperty [value: 0xffff00ff]
14:00:18.020 [FXGL Background Thread 2 ] DEBUG Engine               - devShowBBoxProperty: BooleanProperty [value: false]
14:00:18.020 [FXGL Background Thread 2 ] DEBUG Engine               - devShowPositionProperty: BooleanProperty [value: false]
14:00:18.022 [FXGL Background Thread 2 ] DEBUG Engine               - enabledMenuItems: []
14:00:18.022 [FXGL Background Thread 2 ] DEBUG Engine               - engineServices: [class com.almasb.fxgl.app.services.FXGLAssetLoaderService, class com.almasb.fxgl.app.FXGLApplication$GameApplicationService, class com.almasb.fxgl.app.services.FXGLDialogService, class com.almasb.fxgl.app.services.IOTaskExecutorService, class com.almasb.fxgl.io.FileSystemService, class com.almasb.fxgl.localization.LocalizationService, class com.almasb.fxgl.app.services.SystemBundleService, class com.almasb.fxgl.profile.SaveLoadService, class com.almasb.fxgl.ui.FXGLUIFactoryServiceProvider, class com.almasb.fxgl.ui.FXGLDialogFactoryServiceProvider, class com.almasb.fxgl.audio.AudioPlayer, class com.almasb.fxgl.notification.impl.NotificationServiceProvider, class com.almasb.fxgl.achievement.AchievementService, class com.almasb.fxgl.cutscene.CutsceneService, class com.almasb.fxgl.minigames.MiniGameService, class com.almasb.fxgl.net.NetService, class com.almasb.fxgl.app.services.UpdaterService, class com.almasb.fxgl.dev.DevService]
14:00:18.022 [FXGL Background Thread 2 ] DEBUG Engine               - fontGame: Abel-Regular.ttf
14:00:18.022 [FXGL Background Thread 2 ] DEBUG Engine               - fontMono: TerminalLandMono-Regular.otf
14:00:18.023 [FXGL Background Thread 2 ] DEBUG Engine               - fontSizeScaleUI: 1.0
14:00:18.023 [FXGL Background Thread 2 ] DEBUG Engine               - fontText: Courier-Prime.ttf
14:00:18.023 [FXGL Background Thread 2 ] DEBUG Engine               - fontUI: VarelaRound-Regular.ttf
14:00:18.023 [FXGL Background Thread 2 ] DEBUG Engine               - fullScreen: BooleanProperty [value: false]
14:00:18.023 [FXGL Background Thread 2 ] DEBUG Engine               - gameDifficulty: MEDIUM
14:00:18.024 [FXGL Background Thread 2 ] DEBUG Engine               - gameDifficultyProperty: ObjectProperty [value: MEDIUM]
14:00:18.024 [FXGL Background Thread 2 ] DEBUG Engine               - globalMusicVolume: 0.5
14:00:18.025 [FXGL Background Thread 2 ] DEBUG Engine               - globalMusicVolumeProperty: DoubleProperty [value: 0.5]
14:00:18.025 [FXGL Background Thread 2 ] DEBUG Engine               - globalSoundVolume: 0.5
14:00:18.026 [FXGL Background Thread 2 ] DEBUG Engine               - globalSoundVolumeProperty: DoubleProperty [value: 0.1]
14:00:18.026 [FXGL Background Thread 2 ] DEBUG Engine               - height: 720
14:00:18.026 [FXGL Background Thread 2 ] DEBUG Engine               - is3D: false
14:00:18.026 [FXGL Background Thread 2 ] DEBUG Engine               - isAndroid: false
14:00:18.026 [FXGL Background Thread 2 ] DEBUG Engine               - isBrowser: false
14:00:18.026 [FXGL Background Thread 2 ] DEBUG Engine               - isClickFeedbackEnabled: false
14:00:18.026 [FXGL Background Thread 2 ] DEBUG Engine               - isCloseConfirmation: false
14:00:18.027 [FXGL Background Thread 2 ] DEBUG Engine               - isDesktop: true
14:00:18.027 [FXGL Background Thread 2 ] DEBUG Engine               - isDeveloperMenuEnabled: false
14:00:18.027 [FXGL Background Thread 2 ] DEBUG Engine               - isEmbedded: false
14:00:18.027 [FXGL Background Thread 2 ] DEBUG Engine               - isEntityPreloadEnabled: true
14:00:18.027 [FXGL Background Thread 2 ] DEBUG Engine               - isExperimentalTiledLargeMap: false
14:00:18.027 [FXGL Background Thread 2 ] DEBUG Engine               - isFileSystemWriteAllowed: true
14:00:18.028 [FXGL Background Thread 2 ] DEBUG Engine               - isFullScreenAllowed: false
14:00:18.028 [FXGL Background Thread 2 ] DEBUG Engine               - isFullScreenFromStart: false
14:00:18.028 [FXGL Background Thread 2 ] DEBUG Engine               - isGameMenuEnabled: true
14:00:18.028 [FXGL Background Thread 2 ] DEBUG Engine               - isIOS: false
14:00:18.028 [FXGL Background Thread 2 ] DEBUG Engine               - isIntroEnabled: false
14:00:18.028 [FXGL Background Thread 2 ] DEBUG Engine               - isLinux: false
14:00:18.029 [FXGL Background Thread 2 ] DEBUG Engine               - isMac: false
14:00:18.029 [FXGL Background Thread 2 ] DEBUG Engine               - isMainMenuEnabled: true
14:00:18.029 [FXGL Background Thread 2 ] DEBUG Engine               - isManualResizeEnabled: true
14:00:18.029 [FXGL Background Thread 2 ] DEBUG Engine               - isMobile: false
14:00:18.029 [FXGL Background Thread 2 ] DEBUG Engine               - isNative: false
14:00:18.029 [FXGL Background Thread 2 ] DEBUG Engine               - isPauseMusicWhenMinimized: true
14:00:18.029 [FXGL Background Thread 2 ] DEBUG Engine               - isPreserveResizeRatio: true
14:00:18.030 [FXGL Background Thread 2 ] DEBUG Engine               - isProfilingEnabled: false
14:00:18.030 [FXGL Background Thread 2 ] DEBUG Engine               - isScaleAffectedOnResize: true
14:00:18.030 [FXGL Background Thread 2 ] DEBUG Engine               - isSingleStep: false
14:00:18.030 [FXGL Background Thread 2 ] DEBUG Engine               - isUserProfileEnabled: false
14:00:18.030 [FXGL Background Thread 2 ] DEBUG Engine               - isWindows: true
14:00:18.030 [FXGL Background Thread 2 ] DEBUG Engine               - language: ObjectProperty [value: ENGLISH]
14:00:18.033 [FXGL Background Thread 2 ] DEBUG Engine               - menuKey: ESCAPE
14:00:18.034 [FXGL Background Thread 2 ] DEBUG Engine               - mouseSensitivity: 0.2
14:00:18.034 [FXGL Background Thread 2 ] DEBUG Engine               - notificationViewClass: class com.almasb.fxgl.notification.view.XboxNotificationView
14:00:18.034 [FXGL Background Thread 2 ] DEBUG Engine               - pixelsPerMeter: 50.0
14:00:18.034 [FXGL Background Thread 2 ] DEBUG Engine               - platform: WINDOWS
14:00:18.036 [FXGL Background Thread 2 ] DEBUG Engine               - prefHeightProperty: ReadOnlyDoubleProperty [value: 720.0]
14:00:18.037 [FXGL Background Thread 2 ] DEBUG Engine               - prefWidthProperty: ReadOnlyDoubleProperty [value: 512.0]
14:00:18.038 [FXGL Background Thread 2 ] DEBUG Engine               - profileDir: profiles/
14:00:18.038 [FXGL Background Thread 2 ] DEBUG Engine               - profileName: StringProperty [value: DEFAULT]
14:00:18.038 [FXGL Background Thread 2 ] DEBUG Engine               - randomSeed: -1
14:00:18.039 [FXGL Background Thread 2 ] DEBUG Engine               - runtimeInfo: RuntimeInfo(platform=WINDOWS, version=17.3, build=30.03.2023 11.49)
14:00:18.040 [FXGL Background Thread 2 ] DEBUG Engine               - saveFileExt: sav
14:00:18.041 [FXGL Background Thread 2 ] DEBUG Engine               - scaledHeightProp$fxgl: DoubleProperty [bound, value: 720.0]
14:00:18.042 [FXGL Background Thread 2 ] DEBUG Engine               - scaledWidthProp$fxgl: DoubleProperty [bound, value: 512.0]
14:00:18.044 [FXGL Background Thread 2 ] DEBUG Engine               - sceneFactory: com.almasb.fxgl.app.scene.SceneFactory@69643626
14:00:18.044 [FXGL Background Thread 2 ] DEBUG Engine               - secondsIn24h: 60
14:00:18.045 [FXGL Background Thread 2 ] DEBUG Engine               - soundMenuBack: menu/back.wav
14:00:18.045 [FXGL Background Thread 2 ] DEBUG Engine               - soundMenuPress: menu/press.wav
14:00:18.045 [FXGL Background Thread 2 ] DEBUG Engine               - soundMenuSelect: menu/select.wav
14:00:18.045 [FXGL Background Thread 2 ] DEBUG Engine               - soundNotification: core/notification.wav
14:00:18.046 [FXGL Background Thread 2 ] DEBUG Engine               - stageStyle: DECORATED
14:00:18.046 [FXGL Background Thread 2 ] DEBUG Engine               - supportedLanguages: [ENGLISH, FRENCH, GERMAN, HUNGARIAN, RUSSIAN]
14:00:18.046 [FXGL Background Thread 2 ] DEBUG Engine               - ticksPerSecond: -1
14:00:18.046 [FXGL Background Thread 2 ] DEBUG Engine               - title: Space Invaders
14:00:18.047 [FXGL Background Thread 2 ] DEBUG Engine               - urlGithub: https://github.com/AlmasB/FXGL
14:00:18.047 [FXGL Background Thread 2 ] DEBUG Engine               - urlLeaderboard: http://fxgl-top.herokuapp.com/
14:00:18.047 [FXGL Background Thread 2 ] DEBUG Engine               - urlPOM: https://raw.githubusercontent.com/AlmasB/FXGL/release/README.md
14:00:18.047 [FXGL Background Thread 2 ] DEBUG Engine               - userAppClass: class fxgl.spaceinvader.SpaceInvaderApp
14:00:18.048 [FXGL Background Thread 2 ] DEBUG Engine               - version: 1.0.1
14:00:18.048 [FXGL Background Thread 2 ] DEBUG Engine               - versionCheckDays: 7
14:00:18.048 [FXGL Background Thread 2 ] DEBUG Engine               - width: 512
14:00:18.048 [FXGL Background Thread 2 ] DEBUG Engine               - Logging services
14:00:18.048 [FXGL Background Thread 2 ] DEBUG Engine               - class com.almasb.fxgl.app.services.FXGLAssetLoaderService
14:00:18.048 [FXGL Background Thread 2 ] DEBUG Engine               - class com.almasb.fxgl.app.FXGLApplication$GameApplicationService
14:00:18.049 [FXGL Background Thread 2 ] DEBUG Engine               - class com.almasb.fxgl.app.services.FXGLDialogService
14:00:18.050 [FXGL Background Thread 2 ] DEBUG Engine               - class com.almasb.fxgl.app.services.IOTaskExecutorService
14:00:18.050 [FXGL Background Thread 2 ] DEBUG Engine               - class com.almasb.fxgl.io.FileSystemService
14:00:18.051 [FXGL Background Thread 2 ] DEBUG Engine               - class com.almasb.fxgl.localization.LocalizationService
14:00:18.051 [FXGL Background Thread 2 ] DEBUG Engine               - class com.almasb.fxgl.app.services.SystemBundleService
14:00:18.051 [FXGL Background Thread 2 ] DEBUG Engine               - class com.almasb.fxgl.profile.SaveLoadService
14:00:18.051 [FXGL Background Thread 2 ] DEBUG Engine               - class com.almasb.fxgl.ui.FXGLUIFactoryServiceProvider
14:00:18.051 [FXGL Background Thread 2 ] DEBUG Engine               - class com.almasb.fxgl.ui.FXGLDialogFactoryServiceProvider
14:00:18.052 [FXGL Background Thread 2 ] DEBUG Engine               - class com.almasb.fxgl.audio.AudioPlayer
14:00:18.052 [FXGL Background Thread 2 ] DEBUG Engine               - class com.almasb.fxgl.notification.impl.NotificationServiceProvider
14:00:18.052 [FXGL Background Thread 2 ] DEBUG Engine               - class com.almasb.fxgl.achievement.AchievementService
14:00:18.052 [FXGL Background Thread 2 ] DEBUG Engine               - class com.almasb.fxgl.cutscene.CutsceneService
14:00:18.052 [FXGL Background Thread 2 ] DEBUG Engine               - class com.almasb.fxgl.minigames.MiniGameService
14:00:18.052 [FXGL Background Thread 2 ] DEBUG Engine               - class com.almasb.fxgl.net.NetService
14:00:18.055 [FXGL Background Thread 2 ] DEBUG Engine               - class com.almasb.fxgl.app.services.UpdaterService
14:00:18.058 [FXGL Background Thread 2 ] DEBUG Engine               - class com.almasb.fxgl.dev.DevService
14:00:18.170 [FXGL Background Thread 3 ] DEBUG FXGLAssetLoaderServi - Loading from file system: file:/C:/Users/HP/IdeaProjects/SpaceInvader/target/classes/assets/textures/player.png
14:00:18.200 [FXGL Background Thread 3 ] INFO  FXGLApplication      - Game initialization took: 0.847 sec
14:00:18.201 [JavaFX Application Thread] DEBUG Input                - Clearing active input actions
14:00:18.232 [JavaFX Application Thread] DEBUG GameApplicationServi - Removing overlay from FXGLLoadingScene and adding to GameScene
14:00:18.233 [JavaFX Application Thread] DEBUG PrimaryStageWindow   - FXGLLoadingScene -> GameScene
14:00:19.364 [JavaFX Application Thread] DEBUG FXGLAssetLoaderServi - Loading from file system: file:/C:/Users/HP/IdeaProjects/SpaceInvader/target/classes/assets/textures/EnemyCluster.png
14:00:19.381 [JavaFX Application Thread] DEBUG FXGLAssetLoaderServi - Loading from file system: file:/C:/Users/HP/IdeaProjects/SpaceInvader/target/classes/assets/textures/EnemyBullet.png
14:00:20.469 [JavaFX Application Thread] DEBUG FXGLAssetLoaderServi - Loading from file system: file:/C:/Users/HP/IdeaProjects/SpaceInvader/target/classes/assets/textures/wall_left_2.png
14:00:20.472 [JavaFX Application Thread] DEBUG FXGLAssetLoaderServi - Loading from file system: file:/C:/Users/HP/IdeaProjects/SpaceInvader/target/classes/assets/textures/wall_right_2.png
14:00:22.165 [JavaFX Application Thread] DEBUG FXGLApplication      - Exiting FXGL
14:00:22.165 [JavaFX Application Thread] DEBUG LoopRunner           - Stopping loop
14:00:22.165 [JavaFX Application Thread] DEBUG SystemBundleService  - Saving FXGL system data
14:00:22.167 [JavaFX Application Thread] DEBUG FileSystemAccess     - Writing to: C:\Users\HP\IdeaProjects\SpaceInvader\system\fxgl.bundle
14:00:22.171 [JavaFX Application Thread] DEBUG Async                - Shutting down background threads
14:00:22.172 [JavaFX Application Thread] DEBUG PrimaryStageWindow   - Closing main window
14:00:22.197 [JavaFX Application Thread] DEBUG Logger               - Closing Logger
