13:58:18.980 [main                     ] DEBUG Logger               - Configured Logger
13:58:19.046 [main                     ] DEBUG GameApplication      - Logging settings
Title: Space Invaders
Version: 1.0.1
Width: 512
Height: 720
Fullscreen: false
Intro: false
Profiling: false
Single step:false
App Mode: RELEASE
Menu Key: ESCAPE
Stage Style: DECORATED
Scene Factory: class com.almasb.fxgl.app.scene.SceneFactory

13:58:19.991 [JavaFX Application Thread] DEBUG FXGLApplication      - Initializing FXGL
13:58:20.001 [JavaFX Application Thread] INFO  Engine               - FXGL-17.3 (30.03.2023 11.49) on WINDOWS (J:23 FX:17.0.6)
13:58:20.001 [JavaFX Application Thread] DEBUG Engine               - JRE Vendor Name: Oracle Corporation
13:58:20.002 [JavaFX Application Thread] DEBUG Engine               - Running on OS: Windows 10 version 10.0
13:58:20.002 [JavaFX Application Thread] DEBUG Engine               - Architecture: amd64
13:58:20.003 [JavaFX Application Thread] INFO  Engine               - Source code and latest versions at: https://github.com/AlmasB/FXGL
13:58:20.003 [JavaFX Application Thread] INFO  Engine               -       Ask questions and discuss at: https://github.com/AlmasB/FXGL/discussions
13:58:20.003 [JavaFX Application Thread] INFO  Engine               -              Join the FXGL chat at: https://gitter.im/AlmasB/FXGL
13:58:20.269 [JavaFX Application Thread] DEBUG PrimaryStageWindow   - Creating a JavaFX scene
13:58:20.373 [JavaFX Application Thread] DEBUG PrimaryStageWindow   - Target settings size: 512.0 x 720.0
13:58:20.373 [JavaFX Application Thread] DEBUG PrimaryStageWindow   - Scaled scene size:    512.0 x 720.0
13:58:20.374 [JavaFX Application Thread] DEBUG PrimaryStageWindow   - Scaled ratio: (1.0, 1.0)
13:58:20.375 [JavaFX Application Thread] DEBUG PrimaryStageWindow   - Set initial scene to FXGLStartupScene
13:58:20.391 [JavaFX Application Thread] DEBUG PrimaryStageWindow   - Opening main window
13:58:20.580 [JavaFX Application Thread] DEBUG PrimaryStageWindow   - Window border size: (14.4000244140625, 37.5999755859375)
13:58:20.582 [JavaFX Application Thread] DEBUG PrimaryStageWindow   - Scaled size: 512.0 x 720.0
13:58:20.583 [JavaFX Application Thread] DEBUG PrimaryStageWindow   - Scaled ratio: (1.0, 1.0)
13:58:20.584 [JavaFX Application Thread] DEBUG PrimaryStageWindow   - Scene size: 512.0 x 720.0
13:58:20.585 [JavaFX Application Thread] DEBUG PrimaryStageWindow   - Stage size: 526.4000244140625 x 757.5999755859375
13:58:20.621 [FXGL Background Thread 1 ] DEBUG Engine               - Initializing environment variables
13:58:20.880 [FXGL Background Thread 1 ] DEBUG FXGLAssetLoaderServi - User app class for loading assets: class fxgl.spaceinvader.SpaceInvaderApp
13:58:20.880 [FXGL Background Thread 1 ] DEBUG GameApplicationServi - Applying CSS: fxgl_dark.css
13:58:20.882 [FXGL Background Thread 1 ] DEBUG FXGLAssetLoaderServi - Loading from file system: jar:file:///C:/Users/HP/.m2/repository/com/github/almasb/fxgl/17.3/fxgl-17.3.jar!/fxglassets/ui/css/fxgl_dark.css
13:58:21.003 [FXGL Background Thread 1 ] DEBUG GameApplicationServi - Initializing application scenes
13:58:21.101 [FXGL Background Thread 1 ] DEBUG GameWorld            - Game world initialized
13:58:21.310 [FXGL Background Thread 1 ] DEBUG PhysicsWorld         - Physics world initialized: appHeight=720, physics.ppm=50.0
13:58:21.310 [FXGL Background Thread 1 ] DEBUG PhysicsWorld         - Using strategy: BRUTE_FORCE
13:58:21.321 [FXGL Background Thread 1 ] DEBUG GameScene            - Game scene initialized: 512x720
13:58:21.360 [FXGL Background Thread 1 ] WARN  FXGL.DefaultMenu     - FXGLDefaultMenu is not designed for resolutions < 800x600
13:58:21.361 [FXGL Background Thread 1 ] DEBUG FXGL.DefaultMenu     - createMenuBodyMainMenu()
13:58:21.401 [FXGL Background Thread 1 ] DEBUG FXGL.DefaultMenu     - createOptionsMenu()
13:58:21.428 [FXGL Background Thread 1 ] DEBUG FXGLAssetLoaderServi - Loading from file system: jar:file:///C:/Users/HP/.m2/repository/com/github/almasb/fxgl/17.3/fxgl-17.3.jar!/fxglassets/textures/particles/smoke.png
13:58:21.652 [FXGL Background Thread 1 ] DEBUG FXGLAssetLoaderServi - Loading from file system: jar:file:///C:/Users/HP/.m2/repository/com/github/almasb/fxgl/17.3/fxgl-17.3.jar!/fxglassets/textures/particles/trace_horizontal.png
13:58:21.712 [FXGL Background Thread 1 ] WARN  FXGL.DefaultMenu     - FXGLDefaultMenu is not designed for resolutions < 800x600
13:58:21.713 [FXGL Background Thread 1 ] DEBUG FXGL.DefaultMenu     - createMenuBodyGameMenu()
13:58:21.714 [FXGL Background Thread 1 ] DEBUG FXGL.DefaultMenu     - createOptionsMenu()
13:58:21.745 [FXGL Background Thread 1 ] DEBUG GameApplicationServi - Application scenes initialized
13:58:21.777 [FXGL Background Thread 1 ] DEBUG SystemBundleService  - Loading FXGL system data
13:58:21.789 [FXGL Background Thread 1 ] DEBUG FileSystemAccess     - Reading from: C:\Users\HP\IdeaProjects\SpaceInvader\system\fxgl.bundle
13:58:21.805 [FXGL Background Thread 1 ] DEBUG SystemBundleService  - Bundle FXGL: {}
13:58:21.810 [FXGL Background Thread 3 ] DEBUG FXGLApplication      - Loading fonts
13:58:21.811 [FXGL Background Thread 3 ] DEBUG FXGLAssetLoaderServi - Loading from file system: jar:file:///C:/Users/HP/.m2/repository/com/github/almasb/fxgl/17.3/fxgl-17.3.jar!/fxglassets/ui/fonts/VarelaRound-Regular.ttf
13:58:21.812 [FXGL Background Thread 1 ] DEBUG FXGLApplication      - Loading default localization
13:58:21.813 [FXGL Background Thread 1 ] DEBUG FXGLAssetLoaderServi - Loading from file system: jar:file:///C:/Users/HP/.m2/repository/com/github/almasb/fxgl/17.3/fxgl-17.3.jar!/fxglassets/languages/english.lang
13:58:21.855 [FXGL Background Thread 1 ] INFO  FXGLApplication      - FXGL initialization took: 1.234 sec
13:58:21.869 [FXGL Background Thread 3 ] DEBUG FXGLAssetLoaderServi - Loading from file system: jar:file:///C:/Users/HP/.m2/repository/com/github/almasb/fxgl/17.3/fxgl-17.3.jar!/fxglassets/ui/fonts/Abel-Regular.ttf
13:58:21.877 [FXGL Background Thread 3 ] DEBUG FXGLAssetLoaderServi - Loading from file system: jar:file:///C:/Users/HP/.m2/repository/com/github/almasb/fxgl/17.3/fxgl-17.3.jar!/fxglassets/ui/fonts/TerminalLandMono-Regular.otf
13:58:21.879 [JavaFX Application Thread] DEBUG Input                - Registered new binding: Move Left - Left
13:58:21.879 [JavaFX Application Thread] DEBUG Input                - Registered new binding: Move Right - Right
13:58:21.880 [JavaFX Application Thread] DEBUG Input                - Registered new binding: Shoot - Up
13:58:21.881 [JavaFX Application Thread] DEBUG Input                - Registered new binding: Shield Up - Space
13:58:21.882 [JavaFX Application Thread] DEBUG FXGLAssetLoaderServi - Loading from file system: file:/C:/Users/HP/IdeaProjects/SpaceInvader/target/classes/assets/music/bgm.mp3
13:58:21.883 [FXGL Background Thread 3 ] DEBUG FXGLAssetLoaderServi - Loading from file system: jar:file:///C:/Users/HP/.m2/repository/com/github/almasb/fxgl/17.3/fxgl-17.3.jar!/fxglassets/ui/fonts/Courier-Prime.ttf
13:58:22.231 [JavaFX Application Thread] DEBUG AudioPlayer          - Playing music com.almasb.fxgl.audio.Music@444d2e1
13:58:22.235 [JavaFX Application Thread] DEBUG FXGLAssetLoaderServi - Loading from file system: jar:file:///C:/Users/HP/.m2/repository/com/github/almasb/fxgl/17.3/fxgl-17.3.jar!/fxglassets/textures/fxgl_icon.png
13:58:22.285 [JavaFX Application Thread] DEBUG FXGLAssetLoaderServi - Loading from file system: jar:file:///C:/Users/HP/.m2/repository/com/github/almasb/fxgl/17.3/fxgl-17.3.jar!/fxglassets/textures/fxgl_default_cursor.png
13:58:22.292 [JavaFX Application Thread] DEBUG Input                - Registered new binding: Screenshot - CTRL+8
13:58:22.302 [JavaFX Application Thread] DEBUG LoopRunner           - Starting loop
13:58:22.302 [JavaFX Application Thread] DEBUG LoopRunner           - Initializing JavaFX AnimationTimerLoop
13:58:22.308 [JavaFX Application Thread] DEBUG Input                - Clearing active input actions
13:58:22.329 [JavaFX Application Thread] DEBUG GameApplicationServi - Removing overlay from FXGLStartupScene and adding to FXGLMainMenuDummyScene
13:58:22.332 [JavaFX Application Thread] DEBUG PrimaryStageWindow   - FXGLStartupScene -> FXGLMainMenuDummyScene
13:58:22.332 [JavaFX Application Thread] DEBUG PrimaryStageWindow   - Push state: FXGLDefaultMenu
13:58:22.345 [JavaFX Application Thread] DEBUG Input                - Clearing active input actions
13:58:22.365 [JavaFX Application Thread] DEBUG GameApplicationServi - Removing overlay from FXGLMainMenuDummyScene and adding to FXGLDefaultMenu
13:58:22.366 [JavaFX Application Thread] DEBUG PrimaryStageWindow   - FXGLMainMenuDummyScene -> FXGLDefaultMenu
13:58:22.393 [JavaFX Application Thread] DEBUG FXGLApplication      - Registering font factories with UI factory
13:58:24.809 [FXGL Background Thread 2 ] DEBUG Engine               - Logging environment variables
13:58:24.810 [FXGL Background Thread 2 ] DEBUG Engine               - achievements: []
13:58:24.811 [FXGL Background Thread 2 ] DEBUG Engine               - actualHeight: 720.0
13:58:24.811 [FXGL Background Thread 2 ] DEBUG Engine               - actualHeightProperty: ReadOnlyDoubleProperty [value: 720.0]
13:58:24.811 [FXGL Background Thread 2 ] DEBUG Engine               - actualWidth: 512.0
13:58:24.811 [FXGL Background Thread 2 ] DEBUG Engine               - actualWidthProperty: ReadOnlyDoubleProperty [value: 512.0]
13:58:24.811 [FXGL Background Thread 2 ] DEBUG Engine               - appIcon: fxgl_icon.png
13:58:24.811 [FXGL Background Thread 2 ] DEBUG Engine               - applicationMode: RELEASE
13:58:24.812 [FXGL Background Thread 2 ] DEBUG Engine               - cSSList: [fxgl_dark.css]
13:58:24.812 [FXGL Background Thread 2 ] DEBUG Engine               - collisionDetectionStrategy: BRUTE_FORCE
13:58:24.812 [FXGL Background Thread 2 ] DEBUG Engine               - configClass: Optional.empty
13:58:24.812 [FXGL Background Thread 2 ] DEBUG Engine               - credits: []
13:58:24.813 [FXGL Background Thread 2 ] DEBUG Engine               - defaultCursor: CursorInfo(imageName=fxgl_default_cursor.png, hotspotX=7.0, hotspotY=6.0)
13:58:24.813 [FXGL Background Thread 2 ] DEBUG Engine               - devBBoxColorProperty: ObjectProperty [value: 0xff0000ff]
13:58:24.813 [FXGL Background Thread 2 ] DEBUG Engine               - devEnableDebugCameraProperty: BooleanProperty [value: false]
13:58:24.814 [FXGL Background Thread 2 ] DEBUG Engine               - devSensorColorProperty: ObjectProperty [value: 0xffff00ff]
13:58:24.814 [FXGL Background Thread 2 ] DEBUG Engine               - devShowBBoxProperty: BooleanProperty [value: false]
13:58:24.814 [FXGL Background Thread 2 ] DEBUG Engine               - devShowPositionProperty: BooleanProperty [value: false]
13:58:24.815 [FXGL Background Thread 2 ] DEBUG Engine               - enabledMenuItems: []
13:58:24.815 [FXGL Background Thread 2 ] DEBUG Engine               - engineServices: [class com.almasb.fxgl.app.services.FXGLAssetLoaderService, class com.almasb.fxgl.app.FXGLApplication$GameApplicationService, class com.almasb.fxgl.app.services.FXGLDialogService, class com.almasb.fxgl.app.services.IOTaskExecutorService, class com.almasb.fxgl.io.FileSystemService, class com.almasb.fxgl.localization.LocalizationService, class com.almasb.fxgl.app.services.SystemBundleService, class com.almasb.fxgl.profile.SaveLoadService, class com.almasb.fxgl.ui.FXGLUIFactoryServiceProvider, class com.almasb.fxgl.ui.FXGLDialogFactoryServiceProvider, class com.almasb.fxgl.audio.AudioPlayer, class com.almasb.fxgl.notification.impl.NotificationServiceProvider, class com.almasb.fxgl.achievement.AchievementService, class com.almasb.fxgl.cutscene.CutsceneService, class com.almasb.fxgl.minigames.MiniGameService, class com.almasb.fxgl.net.NetService, class com.almasb.fxgl.app.services.UpdaterService, class com.almasb.fxgl.dev.DevService]
13:58:24.815 [FXGL Background Thread 2 ] DEBUG Engine               - fontGame: Abel-Regular.ttf
13:58:24.815 [FXGL Background Thread 2 ] DEBUG Engine               - fontMono: TerminalLandMono-Regular.otf
13:58:24.815 [FXGL Background Thread 2 ] DEBUG Engine               - fontSizeScaleUI: 1.0
13:58:24.816 [FXGL Background Thread 2 ] DEBUG Engine               - fontText: Courier-Prime.ttf
13:58:24.816 [FXGL Background Thread 2 ] DEBUG Engine               - fontUI: VarelaRound-Regular.ttf
13:58:24.816 [FXGL Background Thread 2 ] DEBUG Engine               - fullScreen: BooleanProperty [value: false]
13:58:24.816 [FXGL Background Thread 2 ] DEBUG Engine               - gameDifficulty: MEDIUM
13:58:24.816 [FXGL Background Thread 2 ] DEBUG Engine               - gameDifficultyProperty: ObjectProperty [value: MEDIUM]
13:58:24.816 [FXGL Background Thread 2 ] DEBUG Engine               - globalMusicVolume: 0.5
13:58:24.817 [FXGL Background Thread 2 ] DEBUG Engine               - globalMusicVolumeProperty: DoubleProperty [value: 0.5]
13:58:24.817 [FXGL Background Thread 2 ] DEBUG Engine               - globalSoundVolume: 0.5
13:58:24.817 [FXGL Background Thread 2 ] DEBUG Engine               - globalSoundVolumeProperty: DoubleProperty [value: 0.1]
13:58:24.817 [FXGL Background Thread 2 ] DEBUG Engine               - height: 720
13:58:24.817 [FXGL Background Thread 2 ] DEBUG Engine               - is3D: false
13:58:24.818 [FXGL Background Thread 2 ] DEBUG Engine               - isAndroid: false
13:58:24.818 [FXGL Background Thread 2 ] DEBUG Engine               - isBrowser: false
13:58:24.818 [FXGL Background Thread 2 ] DEBUG Engine               - isClickFeedbackEnabled: false
13:58:24.818 [FXGL Background Thread 2 ] DEBUG Engine               - isCloseConfirmation: false
13:58:24.818 [FXGL Background Thread 2 ] DEBUG Engine               - isDesktop: true
13:58:24.819 [FXGL Background Thread 2 ] DEBUG Engine               - isDeveloperMenuEnabled: false
13:58:24.819 [FXGL Background Thread 2 ] DEBUG Engine               - isEmbedded: false
13:58:24.819 [FXGL Background Thread 2 ] DEBUG Engine               - isEntityPreloadEnabled: true
13:58:24.819 [FXGL Background Thread 2 ] DEBUG Engine               - isExperimentalTiledLargeMap: false
13:58:24.819 [FXGL Background Thread 2 ] DEBUG Engine               - isFileSystemWriteAllowed: true
13:58:24.819 [FXGL Background Thread 2 ] DEBUG Engine               - isFullScreenAllowed: false
13:58:24.819 [FXGL Background Thread 2 ] DEBUG Engine               - isFullScreenFromStart: false
13:58:24.819 [FXGL Background Thread 2 ] DEBUG Engine               - isGameMenuEnabled: true
13:58:24.820 [FXGL Background Thread 2 ] DEBUG Engine               - isIOS: false
13:58:24.820 [FXGL Background Thread 2 ] DEBUG Engine               - isIntroEnabled: false
13:58:24.820 [FXGL Background Thread 2 ] DEBUG Engine               - isLinux: false
13:58:24.820 [FXGL Background Thread 2 ] DEBUG Engine               - isMac: false
13:58:24.820 [FXGL Background Thread 2 ] DEBUG Engine               - isMainMenuEnabled: true
13:58:24.820 [FXGL Background Thread 2 ] DEBUG Engine               - isManualResizeEnabled: true
13:58:24.821 [FXGL Background Thread 2 ] DEBUG Engine               - isMobile: false
13:58:24.821 [FXGL Background Thread 2 ] DEBUG Engine               - isNative: false
13:58:24.821 [FXGL Background Thread 2 ] DEBUG Engine               - isPauseMusicWhenMinimized: true
13:58:24.821 [FXGL Background Thread 2 ] DEBUG Engine               - isPreserveResizeRatio: true
13:58:24.821 [FXGL Background Thread 2 ] DEBUG Engine               - isProfilingEnabled: false
13:58:24.822 [FXGL Background Thread 2 ] DEBUG Engine               - isScaleAffectedOnResize: true
13:58:24.822 [FXGL Background Thread 2 ] DEBUG Engine               - isSingleStep: false
13:58:24.822 [FXGL Background Thread 2 ] DEBUG Engine               - isUserProfileEnabled: false
13:58:24.823 [FXGL Background Thread 2 ] DEBUG Engine               - isWindows: true
13:58:24.823 [FXGL Background Thread 2 ] DEBUG Engine               - language: ObjectProperty [value: ENGLISH]
13:58:24.823 [FXGL Background Thread 2 ] DEBUG Engine               - menuKey: ESCAPE
13:58:24.824 [FXGL Background Thread 2 ] DEBUG Engine               - mouseSensitivity: 0.2
13:58:24.824 [FXGL Background Thread 2 ] DEBUG Engine               - notificationViewClass: class com.almasb.fxgl.notification.view.XboxNotificationView
13:58:24.825 [FXGL Background Thread 2 ] DEBUG Engine               - pixelsPerMeter: 50.0
13:58:24.825 [FXGL Background Thread 2 ] DEBUG Engine               - platform: WINDOWS
13:58:24.825 [FXGL Background Thread 2 ] DEBUG Engine               - prefHeightProperty: ReadOnlyDoubleProperty [value: 720.0]
13:58:24.825 [FXGL Background Thread 2 ] DEBUG Engine               - prefWidthProperty: ReadOnlyDoubleProperty [value: 512.0]
13:58:24.826 [FXGL Background Thread 2 ] DEBUG Engine               - profileDir: profiles/
13:58:24.826 [FXGL Background Thread 2 ] DEBUG Engine               - profileName: StringProperty [value: DEFAULT]
13:58:24.826 [FXGL Background Thread 2 ] DEBUG Engine               - randomSeed: -1
13:58:24.830 [FXGL Background Thread 2 ] DEBUG Engine               - runtimeInfo: RuntimeInfo(platform=WINDOWS, version=17.3, build=30.03.2023 11.49)
13:58:24.830 [FXGL Background Thread 2 ] DEBUG Engine               - saveFileExt: sav
13:58:24.831 [FXGL Background Thread 2 ] DEBUG Engine               - scaledHeightProp$fxgl: DoubleProperty [bound, value: 720.0]
13:58:24.831 [FXGL Background Thread 2 ] DEBUG Engine               - scaledWidthProp$fxgl: DoubleProperty [bound, value: 512.0]
13:58:24.831 [FXGL Background Thread 2 ] DEBUG Engine               - sceneFactory: com.almasb.fxgl.app.scene.SceneFactory@1906283e
13:58:24.831 [FXGL Background Thread 2 ] DEBUG Engine               - secondsIn24h: 60
13:58:24.831 [FXGL Background Thread 2 ] DEBUG Engine               - soundMenuBack: menu/back.wav
13:58:24.831 [FXGL Background Thread 2 ] DEBUG Engine               - soundMenuPress: menu/press.wav
13:58:24.832 [FXGL Background Thread 2 ] DEBUG Engine               - soundMenuSelect: menu/select.wav
13:58:24.832 [FXGL Background Thread 2 ] DEBUG Engine               - soundNotification: core/notification.wav
13:58:24.832 [FXGL Background Thread 2 ] DEBUG Engine               - stageStyle: DECORATED
13:58:24.833 [FXGL Background Thread 2 ] DEBUG Engine               - supportedLanguages: [ENGLISH, FRENCH, GERMAN, HUNGARIAN, RUSSIAN]
13:58:24.833 [FXGL Background Thread 2 ] DEBUG Engine               - ticksPerSecond: -1
13:58:24.833 [FXGL Background Thread 2 ] DEBUG Engine               - title: Space Invaders
13:58:24.833 [FXGL Background Thread 2 ] DEBUG Engine               - urlGithub: https://github.com/AlmasB/FXGL
13:58:24.833 [FXGL Background Thread 2 ] DEBUG Engine               - urlLeaderboard: http://fxgl-top.herokuapp.com/
13:58:24.833 [FXGL Background Thread 2 ] DEBUG Engine               - urlPOM: https://raw.githubusercontent.com/AlmasB/FXGL/release/README.md
13:58:24.833 [FXGL Background Thread 2 ] DEBUG Engine               - userAppClass: class fxgl.spaceinvader.SpaceInvaderApp
13:58:24.834 [FXGL Background Thread 2 ] DEBUG Engine               - version: 1.0.1
13:58:24.834 [FXGL Background Thread 2 ] DEBUG Engine               - versionCheckDays: 7
13:58:24.834 [FXGL Background Thread 2 ] DEBUG Engine               - width: 512
13:58:24.834 [FXGL Background Thread 2 ] DEBUG Engine               - Logging services
13:58:24.834 [FXGL Background Thread 2 ] DEBUG Engine               - class com.almasb.fxgl.app.services.FXGLAssetLoaderService
13:58:24.839 [FXGL Background Thread 2 ] DEBUG Engine               - class com.almasb.fxgl.app.FXGLApplication$GameApplicationService
13:58:24.839 [FXGL Background Thread 2 ] DEBUG Engine               - class com.almasb.fxgl.app.services.FXGLDialogService
13:58:24.840 [FXGL Background Thread 2 ] DEBUG Engine               - class com.almasb.fxgl.app.services.IOTaskExecutorService
13:58:24.840 [FXGL Background Thread 2 ] DEBUG Engine               - class com.almasb.fxgl.io.FileSystemService
13:58:24.840 [FXGL Background Thread 2 ] DEBUG Engine               - class com.almasb.fxgl.localization.LocalizationService
13:58:24.841 [FXGL Background Thread 2 ] DEBUG Engine               - class com.almasb.fxgl.app.services.SystemBundleService
13:58:24.841 [FXGL Background Thread 2 ] DEBUG Engine               - class com.almasb.fxgl.profile.SaveLoadService
13:58:24.842 [FXGL Background Thread 2 ] DEBUG Engine               - class com.almasb.fxgl.ui.FXGLUIFactoryServiceProvider
13:58:24.842 [FXGL Background Thread 2 ] DEBUG Engine               - class com.almasb.fxgl.ui.FXGLDialogFactoryServiceProvider
13:58:24.842 [FXGL Background Thread 2 ] DEBUG Engine               - class com.almasb.fxgl.audio.AudioPlayer
13:58:24.842 [FXGL Background Thread 2 ] DEBUG Engine               - class com.almasb.fxgl.notification.impl.NotificationServiceProvider
13:58:24.842 [FXGL Background Thread 2 ] DEBUG Engine               - class com.almasb.fxgl.achievement.AchievementService
13:58:24.842 [FXGL Background Thread 2 ] DEBUG Engine               - class com.almasb.fxgl.cutscene.CutsceneService
13:58:24.842 [FXGL Background Thread 2 ] DEBUG Engine               - class com.almasb.fxgl.minigames.MiniGameService
13:58:24.843 [FXGL Background Thread 2 ] DEBUG Engine               - class com.almasb.fxgl.net.NetService
13:58:24.843 [FXGL Background Thread 2 ] DEBUG Engine               - class com.almasb.fxgl.app.services.UpdaterService
13:58:24.843 [FXGL Background Thread 2 ] DEBUG Engine               - class com.almasb.fxgl.dev.DevService
13:58:32.285 [JavaFX Application Thread] DEBUG Menu                 - fireNewGame()
13:58:32.286 [JavaFX Application Thread] DEBUG GameApplicationServi - Starting new game
13:58:32.294 [JavaFX Application Thread] DEBUG PrimaryStageWindow   - Pop state: FXGLDefaultMenu
13:58:32.295 [JavaFX Application Thread] DEBUG Input                - Clearing active input actions
13:58:32.298 [JavaFX Application Thread] DEBUG GameApplicationServi - Removing overlay from FXGLDefaultMenu and adding to FXGLMainMenuDummyScene
13:58:32.300 [JavaFX Application Thread] DEBUG PrimaryStageWindow   - FXGLMainMenuDummyScene <- FXGLDefaultMenu
13:58:32.304 [JavaFX Application Thread] DEBUG Input                - Clearing active input actions
13:58:32.345 [JavaFX Application Thread] DEBUG GameApplicationServi - Removing overlay from FXGLMainMenuDummyScene and adding to FXGLLoadingScene
13:58:32.345 [JavaFX Application Thread] DEBUG PrimaryStageWindow   - FXGLMainMenuDummyScene -> FXGLLoadingScene
13:58:32.345 [JavaFX Application Thread] DEBUG GameApplicationServi - Clearing previous game
13:58:32.345 [JavaFX Application Thread] DEBUG GameScene            - Clearing game scene
13:58:32.346 [JavaFX Application Thread] DEBUG GameWorld            - Clearing game world
13:58:32.346 [JavaFX Application Thread] DEBUG PhysicsWorld         - Clearing physics world
13:58:32.349 [FXGL Background Thread 3 ] DEBUG FXGLApplication      - Initializing game
13:58:32.380 [FXGL Background Thread 3 ] DEBUG FileSystemAccess     - Reading from: C:\Users\HP\IdeaProjects\SpaceInvader\.\hiscore.dat
13:58:32.610 [FXGL Background Thread 3 ] WARN  TMXLevelLoader       - TiledMap generated from 1.8.6. Supported version: 1.9.0. Some features may not be parsed fully.
13:58:32.661 [FXGL Background Thread 3 ] DEBUG TMXLevelLoader       - Parsed TiledMap: file:/C:/Users/HP/IdeaProjects/SpaceInvader/target/classes/assets/levels/level1.tmx
13:58:32.665 [FXGL Background Thread 3 ] DEBUG TMXLevelLoader       - Creating tile layer entities
13:58:32.673 [FXGL Background Thread 3 ] DEBUG TilesetLoader        - Loading view for layer Background
13:58:32.676 [FXGL Background Thread 3 ] DEBUG TilesetLoader        - Created buffer with size 512.0x720.0
13:58:32.711 [FXGL Background Thread 3 ] DEBUG TMXLevelLoader       - Creating object layer entities
13:58:32.717 [FXGL Background Thread 3 ] DEBUG FXGLAssetLoaderServi - Loading from file system: file:/C:/Users/HP/IdeaProjects/SpaceInvader/target/classes/assets/textures/Egg.png
13:58:32.839 [FXGL Background Thread 3 ] DEBUG FXGLAssetLoaderServi - Loading from file system: file:/C:/Users/HP/IdeaProjects/SpaceInvader/target/classes/assets/textures/Frog.png
13:58:32.867 [FXGL Background Thread 3 ] DEBUG FXGLAssetLoaderServi - Loading from file system: file:/C:/Users/HP/IdeaProjects/SpaceInvader/target/classes/assets/textures/Demon.png
13:58:32.915 [FXGL Background Thread 3 ] DEBUG FXGLAssetLoaderServi - Loading from file system: file:/C:/Users/HP/IdeaProjects/SpaceInvader/target/classes/assets/textures/wall_left_1.png
13:58:32.932 [FXGL Background Thread 3 ] DEBUG FXGLAssetLoaderServi - Loading from file system: file:/C:/Users/HP/IdeaProjects/SpaceInvader/target/classes/assets/textures/wall_right_1.png
13:58:32.955 [FXGL Background Thread 3 ] DEBUG GameWorld            - Clearing removable entities
13:58:32.957 [FXGL Background Thread 3 ] DEBUG GameWorld            - Setting level: com.almasb.fxgl.entity.level.Level@3352db99
13:58:33.147 [FXGL Background Thread 3 ] DEBUG FXGLAssetLoaderServi - Loading from file system: file:/C:/Users/HP/IdeaProjects/SpaceInvader/target/classes/assets/textures/player.png
13:58:33.179 [FXGL Background Thread 3 ] INFO  FXGLApplication      - Game initialization took: 0.829 sec
13:58:33.193 [JavaFX Application Thread] DEBUG Input                - Clearing active input actions
13:58:33.217 [JavaFX Application Thread] DEBUG GameApplicationServi - Removing overlay from FXGLLoadingScene and adding to GameScene
13:58:33.219 [JavaFX Application Thread] DEBUG PrimaryStageWindow   - FXGLLoadingScene -> GameScene
13:58:34.798 [JavaFX Application Thread] DEBUG FXGLAssetLoaderServi - Loading from file system: file:/C:/Users/HP/IdeaProjects/SpaceInvader/target/classes/assets/textures/EnemyBullet.png
13:58:34.815 [JavaFX Application Thread] DEBUG FXGLAssetLoaderServi - Loading from file system: file:/C:/Users/HP/IdeaProjects/SpaceInvader/target/classes/assets/textures/EnemyCluster.png
13:58:35.976 [JavaFX Application Thread] DEBUG FXGLAssetLoaderServi - Loading from file system: file:/C:/Users/HP/IdeaProjects/SpaceInvader/target/classes/assets/textures/wall_left_2.png
13:58:36.942 [JavaFX Application Thread] DEBUG FXGLAssetLoaderServi - Loading from file system: file:/C:/Users/HP/IdeaProjects/SpaceInvader/target/classes/assets/sounds/shoot.wav
13:58:37.739 [JavaFX Application Thread] DEBUG FXGLAssetLoaderServi - Loading from file system: file:/C:/Users/HP/IdeaProjects/SpaceInvader/target/classes/assets/textures/wall_left_3.png
13:58:37.995 [JavaFX Application Thread] DEBUG FXGLAssetLoaderServi - Loading from file system: file:/C:/Users/HP/IdeaProjects/SpaceInvader/target/classes/assets/textures/wall_right_2.png
13:58:38.347 [JavaFX Application Thread] DEBUG EventBus             - Firing event: fxgl.spaceinvader.event.GameEvent[source=javafx.event.Event$$Lambda/0x000001f38615e228@28c03073]
13:58:38.348 [JavaFX Application Thread] DEBUG FXGLAssetLoaderServi - Loading from file system: file:/C:/Users/HP/IdeaProjects/SpaceInvader/target/classes/assets/sounds/explosion.wav
13:58:38.354 [JavaFX Application Thread] DEBUG FXGLAssetLoaderServi - Loading from file system: file:/C:/Users/HP/IdeaProjects/SpaceInvader/target/classes/assets/textures/Explosion.png
13:58:38.747 [JavaFX Application Thread] DEBUG FXGLAssetLoaderServi - Loading from file system: file:/C:/Users/HP/IdeaProjects/SpaceInvader/target/classes/assets/textures/wall_right_3.png
13:58:39.884 [JavaFX Application Thread] DEBUG EventBus             - Firing event: fxgl.spaceinvader.event.GameEvent[source=javafx.event.Event$$Lambda/0x000001f38615e228@28c03073]
13:58:40.315 [JavaFX Application Thread] DEBUG EventBus             - Firing event: fxgl.spaceinvader.event.GameEvent[source=javafx.event.Event$$Lambda/0x000001f38615e228@28c03073]
13:58:41.371 [JavaFX Application Thread] DEBUG EventBus             - Firing event: fxgl.spaceinvader.event.GameEvent[source=javafx.event.Event$$Lambda/0x000001f38615e228@28c03073]
13:58:43.116 [JavaFX Application Thread] DEBUG EventBus             - Firing event: fxgl.spaceinvader.event.GameEvent[source=javafx.event.Event$$Lambda/0x000001f38615e228@28c03073]
13:58:43.740 [JavaFX Application Thread] DEBUG EventBus             - Firing event: fxgl.spaceinvader.event.GameEvent[source=javafx.event.Event$$Lambda/0x000001f38615e228@28c03073]
13:58:46.268 [JavaFX Application Thread] DEBUG EventBus             - Firing event: fxgl.spaceinvader.event.GameEvent[source=javafx.event.Event$$Lambda/0x000001f38615e228@28c03073]
13:58:48.715 [JavaFX Application Thread] DEBUG EventBus             - Firing event: fxgl.spaceinvader.event.GameEvent[source=javafx.event.Event$$Lambda/0x000001f38615e228@28c03073]
13:58:51.115 [JavaFX Application Thread] DEBUG EventBus             - Firing event: fxgl.spaceinvader.event.GameEvent[source=javafx.event.Event$$Lambda/0x000001f38615e228@28c03073]
13:58:53.483 [JavaFX Application Thread] DEBUG EventBus             - Firing event: fxgl.spaceinvader.event.GameEvent[source=javafx.event.Event$$Lambda/0x000001f38615e228@28c03073]
13:58:53.931 [JavaFX Application Thread] DEBUG EventBus             - Firing event: fxgl.spaceinvader.event.GameEvent[source=javafx.event.Event$$Lambda/0x000001f38615e228@28c03073]
13:58:55.899 [JavaFX Application Thread] DEBUG EventBus             - Firing event: fxgl.spaceinvader.event.GameEvent[source=javafx.event.Event$$Lambda/0x000001f38615e228@28c03073]
13:58:56.604 [JavaFX Application Thread] DEBUG EventBus             - Firing event: fxgl.spaceinvader.event.GameEvent[source=javafx.event.Event$$Lambda/0x000001f38615e228@28c03073]
13:58:57.594 [JavaFX Application Thread] DEBUG FXGLAssetLoaderServi - Loading from file system: file:/C:/Users/HP/IdeaProjects/SpaceInvader/target/classes/assets/textures/shield.png
13:59:01.274 [JavaFX Application Thread] DEBUG EventBus             - Firing event: fxgl.spaceinvader.event.GameEvent[source=javafx.event.Event$$Lambda/0x000001f38615e228@28c03073]
13:59:02.586 [JavaFX Application Thread] DEBUG EventBus             - Firing event: fxgl.spaceinvader.event.GameEvent[source=javafx.event.Event$$Lambda/0x000001f38615e228@28c03073]
13:59:04.635 [JavaFX Application Thread] DEBUG EventBus             - Firing event: fxgl.spaceinvader.event.GameEvent[source=javafx.event.Event$$Lambda/0x000001f38615e228@28c03073]
13:59:05.211 [JavaFX Application Thread] DEBUG EventBus             - Firing event: fxgl.spaceinvader.event.GameEvent[source=javafx.event.Event$$Lambda/0x000001f38615e228@28c03073]
13:59:06.394 [JavaFX Application Thread] DEBUG EventBus             - Firing event: fxgl.spaceinvader.event.GameEvent[source=javafx.event.Event$$Lambda/0x000001f38615e228@28c03073]
13:59:07.658 [JavaFX Application Thread] DEBUG EventBus             - Firing event: fxgl.spaceinvader.event.GameEvent[source=javafx.event.Event$$Lambda/0x000001f38615e228@28c03073]
13:59:08.012 [JavaFX Application Thread] DEBUG EventBus             - Firing event: fxgl.spaceinvader.event.GameEvent[source=javafx.event.Event$$Lambda/0x000001f38615e228@28c03073]
13:59:08.315 [JavaFX Application Thread] DEBUG EventBus             - Firing event: fxgl.spaceinvader.event.GameEvent[source=javafx.event.Event$$Lambda/0x000001f38615e228@28c03073]
13:59:09.371 [JavaFX Application Thread] DEBUG EventBus             - Firing event: fxgl.spaceinvader.event.GameEvent[source=javafx.event.Event$$Lambda/0x000001f38615e228@28c03073]
13:59:10.282 [JavaFX Application Thread] DEBUG EventBus             - Firing event: fxgl.spaceinvader.event.GameEvent[source=javafx.event.Event$$Lambda/0x000001f38615e228@28c03073]
13:59:11.466 [JavaFX Application Thread] DEBUG EventBus             - Firing event: fxgl.spaceinvader.event.GameEvent[source=javafx.event.Event$$Lambda/0x000001f38615e228@28c03073]
13:59:13.914 [JavaFX Application Thread] DEBUG EventBus             - Firing event: fxgl.spaceinvader.event.GameEvent[source=javafx.event.Event$$Lambda/0x000001f38615e228@28c03073]
13:59:15.306 [JavaFX Application Thread] DEBUG EventBus             - Firing event: fxgl.spaceinvader.event.GameEvent[source=javafx.event.Event$$Lambda/0x000001f38615e228@28c03073]
13:59:15.851 [JavaFX Application Thread] DEBUG EventBus             - Firing event: fxgl.spaceinvader.event.GameEvent[source=javafx.event.Event$$Lambda/0x000001f38615e228@28c03073]
13:59:15.859 [JavaFX Application Thread] WARN  TMXLevelLoader       - TiledMap generated from 1.8.6. Supported version: 1.9.0. Some features may not be parsed fully.
13:59:15.874 [JavaFX Application Thread] DEBUG TMXLevelLoader       - Parsed TiledMap: file:/C:/Users/HP/IdeaProjects/SpaceInvader/target/classes/assets/levels/level2.tmx
13:59:15.874 [JavaFX Application Thread] DEBUG TMXLevelLoader       - Creating tile layer entities
13:59:15.874 [JavaFX Application Thread] DEBUG TilesetLoader        - Loading view for layer Background
13:59:15.874 [JavaFX Application Thread] DEBUG TilesetLoader        - Created buffer with size 512.0x720.0
13:59:15.881 [JavaFX Application Thread] DEBUG TMXLevelLoader       - Creating object layer entities
13:59:15.909 [JavaFX Application Thread] DEBUG GameWorld            - Clearing removable entities
13:59:15.914 [JavaFX Application Thread] DEBUG GameWorld            - Setting level: com.almasb.fxgl.entity.level.Level@a5e9e6
13:59:17.162 [JavaFX Application Thread] DEBUG EventBus             - Firing event: fxgl.spaceinvader.event.GameEvent[source=javafx.event.Event$$Lambda/0x000001f38615e228@28c03073]
13:59:18.924 [JavaFX Application Thread] DEBUG EventBus             - Firing event: fxgl.spaceinvader.event.GameEvent[source=javafx.event.Event$$Lambda/0x000001f38615e228@28c03073]
13:59:20.076 [JavaFX Application Thread] DEBUG EventBus             - Firing event: fxgl.spaceinvader.event.GameEvent[source=javafx.event.Event$$Lambda/0x000001f38615e228@28c03073]
13:59:20.859 [JavaFX Application Thread] DEBUG EventBus             - Firing event: fxgl.spaceinvader.event.GameEvent[source=javafx.event.Event$$Lambda/0x000001f38615e228@28c03073]
13:59:21.307 [JavaFX Application Thread] DEBUG EventBus             - Firing event: fxgl.spaceinvader.event.GameEvent[source=javafx.event.Event$$Lambda/0x000001f38615e228@28c03073]
13:59:22.699 [JavaFX Application Thread] DEBUG EventBus             - Firing event: fxgl.spaceinvader.event.GameEvent[source=javafx.event.Event$$Lambda/0x000001f38615e228@28c03073]
13:59:26.637 [JavaFX Application Thread] DEBUG EventBus             - Firing event: fxgl.spaceinvader.event.GameEvent[source=javafx.event.Event$$Lambda/0x000001f38615e228@28c03073]
13:59:27.866 [JavaFX Application Thread] DEBUG EventBus             - Firing event: fxgl.spaceinvader.event.GameEvent[source=javafx.event.Event$$Lambda/0x000001f38615e228@28c03073]
13:59:28.219 [JavaFX Application Thread] DEBUG EventBus             - Firing event: fxgl.spaceinvader.event.GameEvent[source=javafx.event.Event$$Lambda/0x000001f38615e228@28c03073]
13:59:28.714 [JavaFX Application Thread] DEBUG EventBus             - Firing event: fxgl.spaceinvader.event.GameEvent[source=javafx.event.Event$$Lambda/0x000001f38615e228@28c03073]
13:59:29.083 [JavaFX Application Thread] DEBUG EventBus             - Firing event: fxgl.spaceinvader.event.GameEvent[source=javafx.event.Event$$Lambda/0x000001f38615e228@28c03073]
13:59:30.075 [JavaFX Application Thread] DEBUG EventBus             - Firing event: fxgl.spaceinvader.event.GameEvent[source=javafx.event.Event$$Lambda/0x000001f38615e228@28c03073]
13:59:30.458 [JavaFX Application Thread] DEBUG EventBus             - Firing event: fxgl.spaceinvader.event.GameEvent[source=javafx.event.Event$$Lambda/0x000001f38615e228@28c03073]
13:59:31.340 [JavaFX Application Thread] DEBUG EventBus             - Firing event: fxgl.spaceinvader.event.GameEvent[source=javafx.event.Event$$Lambda/0x000001f38615e228@28c03073]
13:59:32.028 [JavaFX Application Thread] DEBUG EventBus             - Firing event: fxgl.spaceinvader.event.GameEvent[source=javafx.event.Event$$Lambda/0x000001f38615e228@28c03073]
13:59:32.571 [JavaFX Application Thread] DEBUG EventBus             - Firing event: fxgl.spaceinvader.event.GameEvent[source=javafx.event.Event$$Lambda/0x000001f38615e228@28c03073]
13:59:33.438 [JavaFX Application Thread] DEBUG EventBus             - Firing event: fxgl.spaceinvader.event.GameEvent[source=javafx.event.Event$$Lambda/0x000001f38615e228@28c03073]
13:59:34.347 [JavaFX Application Thread] DEBUG EventBus             - Firing event: fxgl.spaceinvader.event.GameEvent[source=javafx.event.Event$$Lambda/0x000001f38615e228@28c03073]
13:59:35.403 [JavaFX Application Thread] DEBUG EventBus             - Firing event: fxgl.spaceinvader.event.GameEvent[source=javafx.event.Event$$Lambda/0x000001f38615e228@28c03073]
13:59:35.405 [JavaFX Application Thread] DEBUG EventBus             - Firing event: fxgl.spaceinvader.event.GameEvent[source=javafx.event.Event$$Lambda/0x000001f38615e228@28c03073]
13:59:35.915 [JavaFX Application Thread] DEBUG EventBus             - Firing event: fxgl.spaceinvader.event.GameEvent[source=javafx.event.Event$$Lambda/0x000001f38615e228@28c03073]
13:59:36.123 [JavaFX Application Thread] DEBUG EventBus             - Firing event: fxgl.spaceinvader.event.GameEvent[source=javafx.event.Event$$Lambda/0x000001f38615e228@28c03073]
13:59:36.268 [JavaFX Application Thread] DEBUG EventBus             - Firing event: fxgl.spaceinvader.event.GameEvent[source=javafx.event.Event$$Lambda/0x000001f38615e228@28c03073]
13:59:37.466 [JavaFX Application Thread] DEBUG EventBus             - Firing event: fxgl.spaceinvader.event.GameEvent[source=javafx.event.Event$$Lambda/0x000001f38615e228@28c03073]
13:59:38.506 [JavaFX Application Thread] DEBUG EventBus             - Firing event: fxgl.spaceinvader.event.GameEvent[source=javafx.event.Event$$Lambda/0x000001f38615e228@28c03073]
13:59:38.922 [JavaFX Application Thread] DEBUG EventBus             - Firing event: fxgl.spaceinvader.event.GameEvent[source=javafx.event.Event$$Lambda/0x000001f38615e228@28c03073]
13:59:40.987 [JavaFX Application Thread] DEBUG EventBus             - Firing event: fxgl.spaceinvader.event.GameEvent[source=javafx.event.Event$$Lambda/0x000001f38615e228@28c03073]
13:59:41.387 [JavaFX Application Thread] DEBUG EventBus             - Firing event: fxgl.spaceinvader.event.GameEvent[source=javafx.event.Event$$Lambda/0x000001f38615e228@28c03073]
13:59:44.826 [JavaFX Application Thread] DEBUG EventBus             - Firing event: fxgl.spaceinvader.event.GameEvent[source=javafx.event.Event$$Lambda/0x000001f38615e228@28c03073]
13:59:45.036 [JavaFX Application Thread] DEBUG EventBus             - Firing event: fxgl.spaceinvader.event.GameEvent[source=javafx.event.Event$$Lambda/0x000001f38615e228@28c03073]
13:59:46.923 [JavaFX Application Thread] DEBUG EventBus             - Firing event: fxgl.spaceinvader.event.GameEvent[source=javafx.event.Event$$Lambda/0x000001f38615e228@28c03073]
13:59:47.306 [JavaFX Application Thread] DEBUG EventBus             - Firing event: fxgl.spaceinvader.event.GameEvent[source=javafx.event.Event$$Lambda/0x000001f38615e228@28c03073]
13:59:49.357 [JavaFX Application Thread] DEBUG EventBus             - Firing event: fxgl.spaceinvader.event.GameEvent[source=javafx.event.Event$$Lambda/0x000001f38615e228@28c03073]
13:59:51.514 [JavaFX Application Thread] DEBUG EventBus             - Firing event: fxgl.spaceinvader.event.GameEvent[source=javafx.event.Event$$Lambda/0x000001f38615e228@28c03073]
13:59:52.378 [JavaFX Application Thread] DEBUG EventBus             - Firing event: fxgl.spaceinvader.event.GameEvent[source=javafx.event.Event$$Lambda/0x000001f38615e228@28c03073]
13:59:52.762 [JavaFX Application Thread] DEBUG EventBus             - Firing event: fxgl.spaceinvader.event.GameEvent[source=javafx.event.Event$$Lambda/0x000001f38615e228@28c03073]
13:59:52.971 [JavaFX Application Thread] DEBUG EventBus             - Firing event: fxgl.spaceinvader.event.GameEvent[source=javafx.event.Event$$Lambda/0x000001f38615e228@28c03073]
13:59:57.994 [JavaFX Application Thread] DEBUG EventBus             - Firing event: fxgl.spaceinvader.event.GameEvent[source=javafx.event.Event$$Lambda/0x000001f38615e228@28c03073]
13:59:58.002 [JavaFX Application Thread] DEBUG PrimaryStageWindow   - Push state: DialogSubScene
13:59:58.003 [JavaFX Application Thread] DEBUG Input                - Clearing active input actions
13:59:58.004 [JavaFX Application Thread] DEBUG GameApplicationServi - Removing overlay from GameScene and adding to DialogSubScene
13:59:58.004 [JavaFX Application Thread] DEBUG PrimaryStageWindow   - GameScene -> DialogSubScene
14:00:00.809 [JavaFX Application Thread] DEBUG PrimaryStageWindow   - Pop state: DialogSubScene
14:00:00.809 [JavaFX Application Thread] DEBUG Input                - Clearing active input actions
14:00:00.809 [JavaFX Application Thread] DEBUG GameApplicationServi - Removing overlay from DialogSubScene and adding to GameScene
14:00:00.809 [JavaFX Application Thread] DEBUG PrimaryStageWindow   - GameScene <- DialogSubScene
14:00:00.833 [JavaFX Application Thread] DEBUG PrimaryStageWindow   - Push state: DialogSubScene
14:00:00.833 [JavaFX Application Thread] DEBUG Input                - Clearing active input actions
14:00:00.835 [JavaFX Application Thread] DEBUG GameApplicationServi - Removing overlay from GameScene and adding to DialogSubScene
14:00:00.836 [JavaFX Application Thread] DEBUG PrimaryStageWindow   - GameScene -> DialogSubScene
14:00:07.177 [JavaFX Application Thread] DEBUG PrimaryStageWindow   - Pop state: DialogSubScene
14:00:07.177 [JavaFX Application Thread] DEBUG Input                - Clearing active input actions
14:00:07.177 [JavaFX Application Thread] DEBUG GameApplicationServi - Removing overlay from DialogSubScene and adding to GameScene
14:00:07.178 [JavaFX Application Thread] DEBUG PrimaryStageWindow   - GameScene <- DialogSubScene
14:00:07.180 [JavaFX Application Thread] DEBUG FileSystemAccess     - Writing to: C:\Users\HP\IdeaProjects\SpaceInvader\.\hiscore.dat
14:00:07.182 [JavaFX Application Thread] DEBUG FXGLApplication      - Exiting FXGL
14:00:07.182 [JavaFX Application Thread] DEBUG LoopRunner           - Stopping loop
14:00:07.182 [JavaFX Application Thread] DEBUG SystemBundleService  - Saving FXGL system data
14:00:07.183 [JavaFX Application Thread] DEBUG FileSystemAccess     - Writing to: C:\Users\HP\IdeaProjects\SpaceInvader\system\fxgl.bundle
14:00:07.183 [JavaFX Application Thread] DEBUG Async                - Shutting down background threads
14:00:07.184 [JavaFX Application Thread] DEBUG PrimaryStageWindow   - Closing main window
14:00:07.204 [JavaFX Application Thread] DEBUG Logger               - Closing Logger
