22:48:51.714 [main                     ] DEBUG Logger               - Configured Logger
22:48:51.739 [main                     ] DEBUG GameApplication      - Logging settings
Title: Space Invaders
Version: 1.0.1
Width: 512
Height: 712
Fullscreen: false
Intro: false
Profiling: false
Single step:false
App Mode: RELEASE
Menu Key: ESCAPE
Stage Style: DECORATED
Scene Factory: class com.almasb.fxgl.app.scene.SceneFactory

22:48:52.074 [JavaFX Application Thread] DEBUG FXGLApplication      - Initializing FXGL
22:48:52.079 [JavaFX Application Thread] INFO  Engine               - FXGL-17.3 (30.03.2023 11.49) on WINDOWS (J:23 FX:17.0.6)
22:48:52.079 [JavaFX Application Thread] DEBUG Engine               - JRE Vendor Name: Oracle Corporation
22:48:52.079 [JavaFX Application Thread] DEBUG Engine               - Running on OS: Windows 10 version 10.0
22:48:52.079 [JavaFX Application Thread] DEBUG Engine               - Architecture: amd64
22:48:52.079 [JavaFX Application Thread] INFO  Engine               - Source code and latest versions at: https://github.com/AlmasB/FXGL
22:48:52.079 [JavaFX Application Thread] INFO  Engine               -       Ask questions and discuss at: https://github.com/AlmasB/FXGL/discussions
22:48:52.079 [JavaFX Application Thread] INFO  Engine               -              Join the FXGL chat at: https://gitter.im/AlmasB/FXGL
22:48:52.169 [JavaFX Application Thread] DEBUG PrimaryStageWindow   - Creating a JavaFX scene
22:48:52.216 [JavaFX Application Thread] DEBUG PrimaryStageWindow   - Target settings size: 512.0 x 712.0
22:48:52.217 [JavaFX Application Thread] DEBUG PrimaryStageWindow   - Scaled scene size:    512.0 x 712.0
22:48:52.217 [JavaFX Application Thread] DEBUG PrimaryStageWindow   - Scaled ratio: (1.0, 1.0)
22:48:52.218 [JavaFX Application Thread] DEBUG PrimaryStageWindow   - Set initial scene to FXGLStartupScene
22:48:52.225 [JavaFX Application Thread] DEBUG PrimaryStageWindow   - Opening main window
22:48:52.308 [JavaFX Application Thread] DEBUG PrimaryStageWindow   - Window border size: (14.4000244140625, 37.5999755859375)
22:48:52.309 [JavaFX Application Thread] DEBUG PrimaryStageWindow   - Scaled size: 512.0 x 712.0
22:48:52.309 [JavaFX Application Thread] DEBUG PrimaryStageWindow   - Scaled ratio: (1.0, 1.0)
22:48:52.309 [JavaFX Application Thread] DEBUG PrimaryStageWindow   - Scene size: 512.0 x 712.0
22:48:52.310 [JavaFX Application Thread] DEBUG PrimaryStageWindow   - Stage size: 526.4000244140625 x 749.5999755859375
22:48:52.320 [FXGL Background Thread 1 ] DEBUG Engine               - Initializing environment variables
22:48:52.451 [FXGL Background Thread 1 ] DEBUG FXGLAssetLoaderServi - User app class for loading assets: class fxgl.spaceinvader.SpaceInvaderApp
22:48:52.452 [FXGL Background Thread 1 ] DEBUG GameApplicationServi - Applying CSS: fxgl_dark.css
22:48:52.453 [FXGL Background Thread 1 ] DEBUG FXGLAssetLoaderServi - Loading from file system: jar:file:///C:/Users/HP/.m2/repository/com/github/almasb/fxgl/17.3/fxgl-17.3.jar!/fxglassets/ui/css/fxgl_dark.css
22:48:52.516 [FXGL Background Thread 1 ] DEBUG GameApplicationServi - Initializing application scenes
22:48:52.570 [FXGL Background Thread 1 ] DEBUG GameWorld            - Game world initialized
22:48:52.663 [FXGL Background Thread 1 ] DEBUG PhysicsWorld         - Physics world initialized: appHeight=712, physics.ppm=50.0
22:48:52.663 [FXGL Background Thread 1 ] DEBUG PhysicsWorld         - Using strategy: BRUTE_FORCE
22:48:52.670 [FXGL Background Thread 1 ] DEBUG GameScene            - Game scene initialized: 512x712
22:48:52.688 [FXGL Background Thread 1 ] WARN  FXGL.DefaultMenu     - FXGLDefaultMenu is not designed for resolutions < 800x600
22:48:52.688 [FXGL Background Thread 1 ] DEBUG FXGL.DefaultMenu     - createMenuBodyMainMenu()
22:48:52.708 [FXGL Background Thread 1 ] DEBUG FXGL.DefaultMenu     - createOptionsMenu()
22:48:52.723 [FXGL Background Thread 1 ] DEBUG FXGLAssetLoaderServi - Loading from file system: jar:file:///C:/Users/HP/.m2/repository/com/github/almasb/fxgl/17.3/fxgl-17.3.jar!/fxglassets/textures/particles/smoke.png
22:48:52.840 [FXGL Background Thread 1 ] DEBUG FXGLAssetLoaderServi - Loading from file system: jar:file:///C:/Users/HP/.m2/repository/com/github/almasb/fxgl/17.3/fxgl-17.3.jar!/fxglassets/textures/particles/trace_horizontal.png
22:48:52.878 [FXGL Background Thread 1 ] WARN  FXGL.DefaultMenu     - FXGLDefaultMenu is not designed for resolutions < 800x600
22:48:52.879 [FXGL Background Thread 1 ] DEBUG FXGL.DefaultMenu     - createMenuBodyGameMenu()
22:48:52.880 [FXGL Background Thread 1 ] DEBUG FXGL.DefaultMenu     - createOptionsMenu()
22:48:52.900 [FXGL Background Thread 1 ] DEBUG GameApplicationServi - Application scenes initialized
22:48:52.913 [FXGL Background Thread 1 ] DEBUG SystemBundleService  - Loading FXGL system data
22:48:52.920 [FXGL Background Thread 1 ] DEBUG FileSystemAccess     - Reading from: C:\Users\HP\IdeaProjects\SpaceInvader\system\fxgl.bundle
22:48:52.929 [FXGL Background Thread 1 ] DEBUG SystemBundleService  - Bundle FXGL: {}
22:48:52.933 [FXGL Background Thread 3 ] DEBUG FXGLApplication      - Loading fonts
22:48:52.934 [FXGL Background Thread 3 ] DEBUG FXGLAssetLoaderServi - Loading from file system: jar:file:///C:/Users/HP/.m2/repository/com/github/almasb/fxgl/17.3/fxgl-17.3.jar!/fxglassets/ui/fonts/VarelaRound-Regular.ttf
22:48:52.934 [FXGL Background Thread 1 ] DEBUG FXGLApplication      - Loading default localization
22:48:52.935 [FXGL Background Thread 1 ] DEBUG FXGLAssetLoaderServi - Loading from file system: jar:file:///C:/Users/HP/.m2/repository/com/github/almasb/fxgl/17.3/fxgl-17.3.jar!/fxglassets/languages/english.lang
22:48:52.956 [FXGL Background Thread 1 ] INFO  FXGLApplication      - FXGL initialization took: 0.636 sec
22:48:52.967 [FXGL Background Thread 3 ] DEBUG FXGLAssetLoaderServi - Loading from file system: jar:file:///C:/Users/HP/.m2/repository/com/github/almasb/fxgl/17.3/fxgl-17.3.jar!/fxglassets/ui/fonts/Abel-Regular.ttf
22:48:52.970 [JavaFX Application Thread] DEBUG Input                - Registered new binding: Move Left - Left
22:48:52.971 [JavaFX Application Thread] DEBUG Input                - Registered new binding: Move Right - Right
22:48:52.971 [JavaFX Application Thread] DEBUG Input                - Registered new binding: Shoot - Up
22:48:52.971 [FXGL Background Thread 3 ] DEBUG FXGLAssetLoaderServi - Loading from file system: jar:file:///C:/Users/HP/.m2/repository/com/github/almasb/fxgl/17.3/fxgl-17.3.jar!/fxglassets/ui/fonts/TerminalLandMono-Regular.otf
22:48:52.972 [JavaFX Application Thread] DEBUG FXGLAssetLoaderServi - Loading from file system: jar:file:///C:/Users/HP/.m2/repository/com/github/almasb/fxgl/17.3/fxgl-17.3.jar!/fxglassets/textures/fxgl_icon.png
22:48:52.976 [FXGL Background Thread 3 ] DEBUG FXGLAssetLoaderServi - Loading from file system: jar:file:///C:/Users/HP/.m2/repository/com/github/almasb/fxgl/17.3/fxgl-17.3.jar!/fxglassets/ui/fonts/Courier-Prime.ttf
22:48:52.995 [JavaFX Application Thread] DEBUG FXGLAssetLoaderServi - Loading from file system: jar:file:///C:/Users/HP/.m2/repository/com/github/almasb/fxgl/17.3/fxgl-17.3.jar!/fxglassets/textures/fxgl_default_cursor.png
22:48:52.998 [JavaFX Application Thread] DEBUG Input                - Registered new binding: Screenshot - CTRL+8
22:48:53.001 [JavaFX Application Thread] DEBUG LoopRunner           - Starting loop
22:48:53.001 [JavaFX Application Thread] DEBUG LoopRunner           - Initializing JavaFX AnimationTimerLoop
22:48:53.003 [JavaFX Application Thread] DEBUG Input                - Clearing active input actions
22:48:53.016 [JavaFX Application Thread] DEBUG GameApplicationServi - Removing overlay from FXGLStartupScene and adding to FXGLMainMenuDummyScene
22:48:53.017 [JavaFX Application Thread] DEBUG PrimaryStageWindow   - FXGLStartupScene -> FXGLMainMenuDummyScene
22:48:53.017 [JavaFX Application Thread] DEBUG PrimaryStageWindow   - Push state: FXGLDefaultMenu
22:48:53.023 [JavaFX Application Thread] DEBUG Input                - Clearing active input actions
22:48:53.034 [JavaFX Application Thread] DEBUG GameApplicationServi - Removing overlay from FXGLMainMenuDummyScene and adding to FXGLDefaultMenu
22:48:53.035 [JavaFX Application Thread] DEBUG PrimaryStageWindow   - FXGLMainMenuDummyScene -> FXGLDefaultMenu
22:48:53.035 [JavaFX Application Thread] DEBUG FXGLApplication      - Registering font factories with UI factory
22:48:54.012 [JavaFX Application Thread] DEBUG Menu                 - fireNewGame()
22:48:54.012 [JavaFX Application Thread] DEBUG GameApplicationServi - Starting new game
22:48:54.014 [JavaFX Application Thread] DEBUG PrimaryStageWindow   - Pop state: FXGLDefaultMenu
22:48:54.014 [JavaFX Application Thread] DEBUG Input                - Clearing active input actions
22:48:54.016 [JavaFX Application Thread] DEBUG GameApplicationServi - Removing overlay from FXGLDefaultMenu and adding to FXGLMainMenuDummyScene
22:48:54.017 [JavaFX Application Thread] DEBUG PrimaryStageWindow   - FXGLMainMenuDummyScene <- FXGLDefaultMenu
22:48:54.017 [JavaFX Application Thread] DEBUG Input                - Clearing active input actions
22:48:54.031 [JavaFX Application Thread] DEBUG GameApplicationServi - Removing overlay from FXGLMainMenuDummyScene and adding to FXGLLoadingScene
22:48:54.031 [JavaFX Application Thread] DEBUG PrimaryStageWindow   - FXGLMainMenuDummyScene -> FXGLLoadingScene
22:48:54.031 [JavaFX Application Thread] DEBUG GameApplicationServi - Clearing previous game
22:48:54.031 [JavaFX Application Thread] DEBUG GameScene            - Clearing game scene
22:48:54.031 [JavaFX Application Thread] DEBUG GameWorld            - Clearing game world
22:48:54.032 [JavaFX Application Thread] DEBUG PhysicsWorld         - Clearing physics world
22:48:54.035 [FXGL Background Thread 3 ] DEBUG FXGLApplication      - Initializing game
22:48:54.084 [FXGL Background Thread 3 ] WARN  FXGLAssetLoaderServi - Asset "/assets/textures/../fxgl/spaceinvader/assets/textures/player.png" was not found!
22:48:54.084 [FXGL Background Thread 3 ] WARN  FXGLAssetLoaderServi - Failed to load IMAGE
22:48:54.117 [FXGL Background Thread 3 ] WARN  FXGLAssetLoaderServi - Asset "/assets/textures//textures/player.png" was not found!
22:48:54.117 [FXGL Background Thread 3 ] WARN  FXGLAssetLoaderServi - Failed to load IMAGE
22:48:54.128 [FXGL Background Thread 3 ] WARN  GameWorld            - Entity is already attached to world
22:48:54.131 [FXGL Background Thread 3 ] INFO  FXGLApplication      - Game initialization took: 0.097 sec
22:48:54.132 [JavaFX Application Thread] DEBUG Input                - Clearing active input actions
22:48:54.143 [JavaFX Application Thread] DEBUG GameApplicationServi - Removing overlay from FXGLLoadingScene and adding to GameScene
22:48:54.143 [JavaFX Application Thread] DEBUG PrimaryStageWindow   - FXGLLoadingScene -> GameScene
22:48:55.337 [JavaFX Application Thread] DEBUG FXGLApplication      - Exiting FXGL
22:48:55.338 [JavaFX Application Thread] DEBUG LoopRunner           - Stopping loop
22:48:55.338 [JavaFX Application Thread] DEBUG SystemBundleService  - Saving FXGL system data
22:48:55.339 [JavaFX Application Thread] DEBUG FileSystemAccess     - Writing to: C:\Users\HP\IdeaProjects\SpaceInvader\system\fxgl.bundle
22:48:55.341 [JavaFX Application Thread] DEBUG Async                - Shutting down background threads
22:48:55.341 [JavaFX Application Thread] DEBUG PrimaryStageWindow   - Closing main window
22:48:55.357 [JavaFX Application Thread] DEBUG Logger               - Closing Logger
