18:04:28.636 [main                     ] DEBUG Logger               - Configured Logger
18:04:28.667 [main                     ] DEBUG GameApplication      - Logging settings
Title: Space Invaders
Version: 1.0.1
Width: 512
Height: 720
Fullscreen: false
Intro: false
Profiling: false
Single step:false
App Mode: RELEASE
Menu Key: ESCAPE
Stage Style: DECORATED
Scene Factory: class com.almasb.fxgl.app.scene.SceneFactory

18:04:28.988 [JavaFX Application Thread] DEBUG FXGLApplication      - Initializing FXGL
18:04:28.993 [JavaFX Application Thread] INFO  Engine               - FXGL-17.3 (30.03.2023 11.49) on WINDOWS (J:23 FX:17.0.6)
18:04:28.993 [JavaFX Application Thread] DEBUG Engine               - JRE Vendor Name: Oracle Corporation
18:04:28.993 [JavaFX Application Thread] DEBUG Engine               - Running on OS: Windows 10 version 10.0
18:04:28.993 [JavaFX Application Thread] DEBUG Engine               - Architecture: amd64
18:04:28.993 [JavaFX Application Thread] INFO  Engine               - Source code and latest versions at: https://github.com/AlmasB/FXGL
18:04:28.994 [JavaFX Application Thread] INFO  Engine               -       Ask questions and discuss at: https://github.com/AlmasB/FXGL/discussions
18:04:28.994 [JavaFX Application Thread] INFO  Engine               -              Join the FXGL chat at: https://gitter.im/AlmasB/FXGL
18:04:29.086 [JavaFX Application Thread] DEBUG PrimaryStageWindow   - Creating a JavaFX scene
18:04:29.145 [JavaFX Application Thread] DEBUG PrimaryStageWindow   - Target settings size: 512.0 x 720.0
18:04:29.145 [JavaFX Application Thread] DEBUG PrimaryStageWindow   - Scaled scene size:    512.0 x 720.0
18:04:29.145 [JavaFX Application Thread] DEBUG PrimaryStageWindow   - Scaled ratio: (1.0, 1.0)
18:04:29.147 [JavaFX Application Thread] DEBUG PrimaryStageWindow   - Set initial scene to FXGLStartupScene
18:04:29.157 [JavaFX Application Thread] DEBUG PrimaryStageWindow   - Opening main window
18:04:29.252 [JavaFX Application Thread] DEBUG PrimaryStageWindow   - Window border size: (14.4000244140625, 37.5999755859375)
18:04:29.253 [JavaFX Application Thread] DEBUG PrimaryStageWindow   - Scaled size: 512.0 x 720.0
18:04:29.253 [JavaFX Application Thread] DEBUG PrimaryStageWindow   - Scaled ratio: (1.0, 1.0)
18:04:29.254 [JavaFX Application Thread] DEBUG PrimaryStageWindow   - Scene size: 512.0 x 720.0
18:04:29.254 [JavaFX Application Thread] DEBUG PrimaryStageWindow   - Stage size: 526.4000244140625 x 757.5999755859375
18:04:29.267 [FXGL Background Thread 1 ] DEBUG Engine               - Initializing environment variables
18:04:29.386 [FXGL Background Thread 1 ] DEBUG FXGLAssetLoaderServi - User app class for loading assets: class fxgl.spaceinvader.SpaceInvaderApp
18:04:29.386 [FXGL Background Thread 1 ] DEBUG GameApplicationServi - Applying CSS: fxgl_dark.css
18:04:29.387 [FXGL Background Thread 1 ] DEBUG FXGLAssetLoaderServi - Loading from file system: jar:file:///C:/Users/HP/.m2/repository/com/github/almasb/fxgl/17.3/fxgl-17.3.jar!/fxglassets/ui/css/fxgl_dark.css
18:04:29.439 [FXGL Background Thread 1 ] DEBUG GameApplicationServi - Initializing application scenes
18:04:29.486 [FXGL Background Thread 1 ] DEBUG GameWorld            - Game world initialized
18:04:29.568 [FXGL Background Thread 1 ] DEBUG PhysicsWorld         - Physics world initialized: appHeight=720, physics.ppm=50.0
18:04:29.568 [FXGL Background Thread 1 ] DEBUG PhysicsWorld         - Using strategy: BRUTE_FORCE
18:04:29.573 [FXGL Background Thread 1 ] DEBUG GameScene            - Game scene initialized: 512x720
18:04:29.585 [FXGL Background Thread 1 ] WARN  FXGL.DefaultMenu     - FXGLDefaultMenu is not designed for resolutions < 800x600
18:04:29.586 [FXGL Background Thread 1 ] DEBUG FXGL.DefaultMenu     - createMenuBodyMainMenu()
18:04:29.602 [FXGL Background Thread 1 ] DEBUG FXGL.DefaultMenu     - createOptionsMenu()
18:04:29.617 [FXGL Background Thread 1 ] DEBUG FXGLAssetLoaderServi - Loading from file system: jar:file:///C:/Users/HP/.m2/repository/com/github/almasb/fxgl/17.3/fxgl-17.3.jar!/fxglassets/textures/particles/smoke.png
18:04:29.710 [FXGL Background Thread 1 ] DEBUG FXGLAssetLoaderServi - Loading from file system: jar:file:///C:/Users/HP/.m2/repository/com/github/almasb/fxgl/17.3/fxgl-17.3.jar!/fxglassets/textures/particles/trace_horizontal.png
18:04:29.734 [FXGL Background Thread 1 ] WARN  FXGL.DefaultMenu     - FXGLDefaultMenu is not designed for resolutions < 800x600
18:04:29.734 [FXGL Background Thread 1 ] DEBUG FXGL.DefaultMenu     - createMenuBodyGameMenu()
18:04:29.735 [FXGL Background Thread 1 ] DEBUG FXGL.DefaultMenu     - createOptionsMenu()
18:04:29.749 [FXGL Background Thread 1 ] DEBUG GameApplicationServi - Application scenes initialized
18:04:29.759 [FXGL Background Thread 1 ] DEBUG SystemBundleService  - Loading FXGL system data
18:04:29.762 [FXGL Background Thread 1 ] DEBUG FileSystemAccess     - Reading from: C:\Users\HP\IdeaProjects\SpaceInvader\system\fxgl.bundle
18:04:29.770 [FXGL Background Thread 1 ] DEBUG SystemBundleService  - Bundle FXGL: {}
18:04:29.772 [FXGL Background Thread 3 ] DEBUG FXGLApplication      - Loading fonts
18:04:29.773 [FXGL Background Thread 1 ] DEBUG FXGLApplication      - Loading default localization
18:04:29.773 [FXGL Background Thread 3 ] DEBUG FXGLAssetLoaderServi - Loading from file system: jar:file:///C:/Users/HP/.m2/repository/com/github/almasb/fxgl/17.3/fxgl-17.3.jar!/fxglassets/ui/fonts/VarelaRound-Regular.ttf
18:04:29.773 [FXGL Background Thread 1 ] DEBUG FXGLAssetLoaderServi - Loading from file system: jar:file:///C:/Users/HP/.m2/repository/com/github/almasb/fxgl/17.3/fxgl-17.3.jar!/fxglassets/languages/english.lang
18:04:29.794 [FXGL Background Thread 1 ] INFO  FXGLApplication      - FXGL initialization took: 0.527 sec
18:04:29.803 [FXGL Background Thread 3 ] DEBUG FXGLAssetLoaderServi - Loading from file system: jar:file:///C:/Users/HP/.m2/repository/com/github/almasb/fxgl/17.3/fxgl-17.3.jar!/fxglassets/ui/fonts/Abel-Regular.ttf
18:04:29.805 [JavaFX Application Thread] DEBUG Input                - Registered new binding: Move Left - Left
18:04:29.806 [JavaFX Application Thread] DEBUG Input                - Registered new binding: Move Right - Right
18:04:29.806 [JavaFX Application Thread] DEBUG Input                - Registered new binding: Shoot - Up
18:04:29.806 [JavaFX Application Thread] DEBUG Input                - Registered new binding: Shield Up - Space
18:04:29.807 [FXGL Background Thread 3 ] DEBUG FXGLAssetLoaderServi - Loading from file system: jar:file:///C:/Users/HP/.m2/repository/com/github/almasb/fxgl/17.3/fxgl-17.3.jar!/fxglassets/ui/fonts/TerminalLandMono-Regular.otf
18:04:29.808 [JavaFX Application Thread] DEBUG FXGLAssetLoaderServi - Loading from file system: jar:file:///C:/Users/HP/.m2/repository/com/github/almasb/fxgl/17.3/fxgl-17.3.jar!/fxglassets/textures/fxgl_icon.png
18:04:29.811 [FXGL Background Thread 3 ] DEBUG FXGLAssetLoaderServi - Loading from file system: jar:file:///C:/Users/HP/.m2/repository/com/github/almasb/fxgl/17.3/fxgl-17.3.jar!/fxglassets/ui/fonts/Courier-Prime.ttf
18:04:29.825 [JavaFX Application Thread] DEBUG FXGLAssetLoaderServi - Loading from file system: jar:file:///C:/Users/HP/.m2/repository/com/github/almasb/fxgl/17.3/fxgl-17.3.jar!/fxglassets/textures/fxgl_default_cursor.png
18:04:29.829 [JavaFX Application Thread] DEBUG Input                - Registered new binding: Screenshot - CTRL+8
18:04:29.831 [JavaFX Application Thread] DEBUG LoopRunner           - Starting loop
18:04:29.831 [JavaFX Application Thread] DEBUG LoopRunner           - Initializing JavaFX AnimationTimerLoop
18:04:29.833 [JavaFX Application Thread] DEBUG Input                - Clearing active input actions
18:04:29.843 [JavaFX Application Thread] DEBUG GameApplicationServi - Removing overlay from FXGLStartupScene and adding to FXGLMainMenuDummyScene
18:04:29.844 [JavaFX Application Thread] DEBUG PrimaryStageWindow   - FXGLStartupScene -> FXGLMainMenuDummyScene
18:04:29.844 [JavaFX Application Thread] DEBUG PrimaryStageWindow   - Push state: FXGLDefaultMenu
18:04:29.848 [JavaFX Application Thread] DEBUG Input                - Clearing active input actions
18:04:29.854 [JavaFX Application Thread] DEBUG GameApplicationServi - Removing overlay from FXGLMainMenuDummyScene and adding to FXGLDefaultMenu
18:04:29.855 [JavaFX Application Thread] DEBUG PrimaryStageWindow   - FXGLMainMenuDummyScene -> FXGLDefaultMenu
18:04:29.861 [JavaFX Application Thread] DEBUG FXGLApplication      - Registering font factories with UI factory
18:04:31.183 [JavaFX Application Thread] DEBUG Menu                 - fireNewGame()
18:04:31.183 [JavaFX Application Thread] DEBUG GameApplicationServi - Starting new game
18:04:31.185 [JavaFX Application Thread] DEBUG PrimaryStageWindow   - Pop state: FXGLDefaultMenu
18:04:31.185 [JavaFX Application Thread] DEBUG Input                - Clearing active input actions
18:04:31.185 [JavaFX Application Thread] DEBUG GameApplicationServi - Removing overlay from FXGLDefaultMenu and adding to FXGLMainMenuDummyScene
18:04:31.186 [JavaFX Application Thread] DEBUG PrimaryStageWindow   - FXGLMainMenuDummyScene <- FXGLDefaultMenu
18:04:31.186 [JavaFX Application Thread] DEBUG Input                - Clearing active input actions
18:04:31.196 [JavaFX Application Thread] DEBUG GameApplicationServi - Removing overlay from FXGLMainMenuDummyScene and adding to FXGLLoadingScene
18:04:31.197 [JavaFX Application Thread] DEBUG PrimaryStageWindow   - FXGLMainMenuDummyScene -> FXGLLoadingScene
18:04:31.197 [JavaFX Application Thread] DEBUG GameApplicationServi - Clearing previous game
18:04:31.197 [JavaFX Application Thread] DEBUG GameScene            - Clearing game scene
18:04:31.197 [JavaFX Application Thread] DEBUG GameWorld            - Clearing game world
18:04:31.197 [JavaFX Application Thread] DEBUG PhysicsWorld         - Clearing physics world
18:04:31.199 [FXGL Background Thread 3 ] DEBUG FXGLApplication      - Initializing game
18:04:31.213 [FXGL Background Thread 3 ] DEBUG FileSystemAccess     - Reading from: C:\Users\HP\IdeaProjects\SpaceInvader\.\hiscore.dat
18:04:31.289 [FXGL Background Thread 3 ] WARN  TMXLevelLoader       - TiledMap generated from 1.8.6. Supported version: 1.9.0. Some features may not be parsed fully.
18:04:31.307 [FXGL Background Thread 3 ] DEBUG TMXLevelLoader       - Parsed TiledMap: file:/C:/Users/HP/IdeaProjects/SpaceInvader/target/classes/assets/levels/level1.tmx
18:04:31.307 [FXGL Background Thread 3 ] DEBUG TMXLevelLoader       - Creating tile layer entities
18:04:31.309 [FXGL Background Thread 3 ] DEBUG TilesetLoader        - Loading view for layer Background
18:04:31.312 [FXGL Background Thread 3 ] DEBUG TilesetLoader        - Created buffer with size 512.0x720.0
18:04:31.319 [FXGL Background Thread 3 ] DEBUG TilesetLoader        - Loading view for layer UI
18:04:31.320 [FXGL Background Thread 3 ] DEBUG TilesetLoader        - Created buffer with size 512.0x720.0
18:04:31.320 [FXGL Background Thread 3 ] DEBUG TMXLevelLoader       - Creating object layer entities
18:04:31.323 [FXGL Background Thread 3 ] DEBUG FXGLAssetLoaderServi - Loading from file system: file:/C:/Users/HP/IdeaProjects/SpaceInvader/target/classes/assets/textures/Egg.png
18:04:31.357 [FXGL Background Thread 3 ] DEBUG FXGLAssetLoaderServi - Loading from file system: file:/C:/Users/HP/IdeaProjects/SpaceInvader/target/classes/assets/textures/Frog.png
18:04:31.366 [FXGL Background Thread 3 ] DEBUG FXGLAssetLoaderServi - Loading from file system: file:/C:/Users/HP/IdeaProjects/SpaceInvader/target/classes/assets/textures/Demon.png
18:04:31.394 [FXGL Background Thread 3 ] DEBUG FXGLAssetLoaderServi - Loading from file system: file:/C:/Users/HP/IdeaProjects/SpaceInvader/target/classes/assets/textures/wall_left_1.png
18:04:31.400 [FXGL Background Thread 3 ] DEBUG FXGLAssetLoaderServi - Loading from file system: file:/C:/Users/HP/IdeaProjects/SpaceInvader/target/classes/assets/textures/wall_right_1.png
18:04:31.405 [FXGL Background Thread 3 ] DEBUG GameWorld            - Clearing removable entities
18:04:31.406 [FXGL Background Thread 3 ] DEBUG GameWorld            - Setting level: com.almasb.fxgl.entity.level.Level@2d43415
18:04:31.441 [FXGL Background Thread 3 ] DEBUG FXGLAssetLoaderServi - Loading from file system: file:/C:/Users/HP/IdeaProjects/SpaceInvader/target/classes/assets/textures/player.png
18:04:31.450 [FXGL Background Thread 3 ] INFO  FXGLApplication      - Game initialization took: 0.250 sec
18:04:31.451 [JavaFX Application Thread] DEBUG Input                - Clearing active input actions
18:04:31.458 [JavaFX Application Thread] DEBUG GameApplicationServi - Removing overlay from FXGLLoadingScene and adding to GameScene
18:04:31.459 [JavaFX Application Thread] DEBUG PrimaryStageWindow   - FXGLLoadingScene -> GameScene
18:04:32.772 [FXGL Background Thread 2 ] DEBUG Engine               - Logging environment variables
18:04:32.773 [FXGL Background Thread 2 ] DEBUG Engine               - achievements: []
18:04:32.773 [FXGL Background Thread 2 ] DEBUG Engine               - actualHeight: 720.0
18:04:32.773 [FXGL Background Thread 2 ] DEBUG Engine               - actualHeightProperty: ReadOnlyDoubleProperty [value: 720.0]
18:04:32.773 [FXGL Background Thread 2 ] DEBUG Engine               - actualWidth: 512.0
18:04:32.773 [FXGL Background Thread 2 ] DEBUG Engine               - actualWidthProperty: ReadOnlyDoubleProperty [value: 512.0]
18:04:32.773 [FXGL Background Thread 2 ] DEBUG Engine               - appIcon: fxgl_icon.png
18:04:32.773 [FXGL Background Thread 2 ] DEBUG Engine               - applicationMode: RELEASE
18:04:32.773 [FXGL Background Thread 2 ] DEBUG Engine               - cSSList: [fxgl_dark.css]
18:04:32.773 [FXGL Background Thread 2 ] DEBUG Engine               - collisionDetectionStrategy: BRUTE_FORCE
18:04:32.774 [FXGL Background Thread 2 ] DEBUG Engine               - configClass: Optional.empty
18:04:32.774 [FXGL Background Thread 2 ] DEBUG Engine               - credits: []
18:04:32.774 [FXGL Background Thread 2 ] DEBUG Engine               - defaultCursor: CursorInfo(imageName=fxgl_default_cursor.png, hotspotX=7.0, hotspotY=6.0)
18:04:32.774 [FXGL Background Thread 2 ] DEBUG Engine               - devBBoxColorProperty: ObjectProperty [value: 0xff0000ff]
18:04:32.774 [FXGL Background Thread 2 ] DEBUG Engine               - devEnableDebugCameraProperty: BooleanProperty [value: false]
18:04:32.774 [FXGL Background Thread 2 ] DEBUG Engine               - devSensorColorProperty: ObjectProperty [value: 0xffff00ff]
18:04:32.774 [FXGL Background Thread 2 ] DEBUG Engine               - devShowBBoxProperty: BooleanProperty [value: false]
18:04:32.774 [FXGL Background Thread 2 ] DEBUG Engine               - devShowPositionProperty: BooleanProperty [value: false]
18:04:32.775 [FXGL Background Thread 2 ] DEBUG Engine               - enabledMenuItems: []
18:04:32.775 [FXGL Background Thread 2 ] DEBUG Engine               - engineServices: [class com.almasb.fxgl.app.services.FXGLAssetLoaderService, class com.almasb.fxgl.app.FXGLApplication$GameApplicationService, class com.almasb.fxgl.app.services.FXGLDialogService, class com.almasb.fxgl.app.services.IOTaskExecutorService, class com.almasb.fxgl.io.FileSystemService, class com.almasb.fxgl.localization.LocalizationService, class com.almasb.fxgl.app.services.SystemBundleService, class com.almasb.fxgl.profile.SaveLoadService, class com.almasb.fxgl.ui.FXGLUIFactoryServiceProvider, class com.almasb.fxgl.ui.FXGLDialogFactoryServiceProvider, class com.almasb.fxgl.audio.AudioPlayer, class com.almasb.fxgl.notification.impl.NotificationServiceProvider, class com.almasb.fxgl.achievement.AchievementService, class com.almasb.fxgl.cutscene.CutsceneService, class com.almasb.fxgl.minigames.MiniGameService, class com.almasb.fxgl.net.NetService, class com.almasb.fxgl.app.services.UpdaterService, class com.almasb.fxgl.dev.DevService]
18:04:32.775 [FXGL Background Thread 2 ] DEBUG Engine               - fontGame: Abel-Regular.ttf
18:04:32.775 [FXGL Background Thread 2 ] DEBUG Engine               - fontMono: TerminalLandMono-Regular.otf
18:04:32.775 [FXGL Background Thread 2 ] DEBUG Engine               - fontSizeScaleUI: 1.0
18:04:32.775 [FXGL Background Thread 2 ] DEBUG Engine               - fontText: Courier-Prime.ttf
18:04:32.775 [FXGL Background Thread 2 ] DEBUG Engine               - fontUI: VarelaRound-Regular.ttf
18:04:32.775 [FXGL Background Thread 2 ] DEBUG Engine               - fullScreen: BooleanProperty [value: false]
18:04:32.775 [FXGL Background Thread 2 ] DEBUG Engine               - gameDifficulty: MEDIUM
18:04:32.775 [FXGL Background Thread 2 ] DEBUG Engine               - gameDifficultyProperty: ObjectProperty [value: MEDIUM]
18:04:32.775 [FXGL Background Thread 2 ] DEBUG Engine               - globalMusicVolume: 0.5
18:04:32.775 [FXGL Background Thread 2 ] DEBUG Engine               - globalMusicVolumeProperty: DoubleProperty [value: 0.5]
18:04:32.775 [FXGL Background Thread 2 ] DEBUG Engine               - globalSoundVolume: 0.5
18:04:32.775 [FXGL Background Thread 2 ] DEBUG Engine               - globalSoundVolumeProperty: DoubleProperty [value: 0.5]
18:04:32.775 [FXGL Background Thread 2 ] DEBUG Engine               - height: 720
18:04:32.775 [FXGL Background Thread 2 ] DEBUG Engine               - is3D: false
18:04:32.776 [FXGL Background Thread 2 ] DEBUG Engine               - isAndroid: false
18:04:32.776 [FXGL Background Thread 2 ] DEBUG Engine               - isBrowser: false
18:04:32.776 [FXGL Background Thread 2 ] DEBUG Engine               - isClickFeedbackEnabled: false
18:04:32.776 [FXGL Background Thread 2 ] DEBUG Engine               - isCloseConfirmation: false
18:04:32.776 [FXGL Background Thread 2 ] DEBUG Engine               - isDesktop: true
18:04:32.776 [FXGL Background Thread 2 ] DEBUG Engine               - isDeveloperMenuEnabled: false
18:04:32.776 [FXGL Background Thread 2 ] DEBUG Engine               - isEmbedded: false
18:04:32.776 [FXGL Background Thread 2 ] DEBUG Engine               - isEntityPreloadEnabled: true
18:04:32.776 [FXGL Background Thread 2 ] DEBUG Engine               - isExperimentalTiledLargeMap: false
18:04:32.776 [FXGL Background Thread 2 ] DEBUG Engine               - isFileSystemWriteAllowed: true
18:04:32.776 [FXGL Background Thread 2 ] DEBUG Engine               - isFullScreenAllowed: false
18:04:32.776 [FXGL Background Thread 2 ] DEBUG Engine               - isFullScreenFromStart: false
18:04:32.776 [FXGL Background Thread 2 ] DEBUG Engine               - isGameMenuEnabled: true
18:04:32.777 [FXGL Background Thread 2 ] DEBUG Engine               - isIOS: false
18:04:32.777 [FXGL Background Thread 2 ] DEBUG Engine               - isIntroEnabled: false
18:04:32.777 [FXGL Background Thread 2 ] DEBUG Engine               - isLinux: false
18:04:32.777 [FXGL Background Thread 2 ] DEBUG Engine               - isMac: false
18:04:32.777 [FXGL Background Thread 2 ] DEBUG Engine               - isMainMenuEnabled: true
18:04:32.777 [FXGL Background Thread 2 ] DEBUG Engine               - isManualResizeEnabled: true
18:04:32.777 [FXGL Background Thread 2 ] DEBUG Engine               - isMobile: false
18:04:32.777 [FXGL Background Thread 2 ] DEBUG Engine               - isNative: false
18:04:32.777 [FXGL Background Thread 2 ] DEBUG Engine               - isPauseMusicWhenMinimized: true
18:04:32.777 [FXGL Background Thread 2 ] DEBUG Engine               - isPreserveResizeRatio: true
18:04:32.777 [FXGL Background Thread 2 ] DEBUG Engine               - isProfilingEnabled: false
18:04:32.777 [FXGL Background Thread 2 ] DEBUG Engine               - isScaleAffectedOnResize: true
18:04:32.777 [FXGL Background Thread 2 ] DEBUG Engine               - isSingleStep: false
18:04:32.777 [FXGL Background Thread 2 ] DEBUG Engine               - isUserProfileEnabled: false
18:04:32.777 [FXGL Background Thread 2 ] DEBUG Engine               - isWindows: true
18:04:32.777 [FXGL Background Thread 2 ] DEBUG Engine               - language: ObjectProperty [value: ENGLISH]
18:04:32.777 [FXGL Background Thread 2 ] DEBUG Engine               - menuKey: ESCAPE
18:04:32.778 [FXGL Background Thread 2 ] DEBUG Engine               - mouseSensitivity: 0.2
18:04:32.778 [FXGL Background Thread 2 ] DEBUG Engine               - notificationViewClass: class com.almasb.fxgl.notification.view.XboxNotificationView
18:04:32.778 [FXGL Background Thread 2 ] DEBUG Engine               - pixelsPerMeter: 50.0
18:04:32.778 [FXGL Background Thread 2 ] DEBUG Engine               - platform: WINDOWS
18:04:32.778 [FXGL Background Thread 2 ] DEBUG Engine               - prefHeightProperty: ReadOnlyDoubleProperty [value: 720.0]
18:04:32.778 [FXGL Background Thread 2 ] DEBUG Engine               - prefWidthProperty: ReadOnlyDoubleProperty [value: 512.0]
18:04:32.778 [FXGL Background Thread 2 ] DEBUG Engine               - profileDir: profiles/
18:04:32.778 [FXGL Background Thread 2 ] DEBUG Engine               - profileName: StringProperty [value: DEFAULT]
18:04:32.778 [FXGL Background Thread 2 ] DEBUG Engine               - randomSeed: -1
18:04:32.778 [FXGL Background Thread 2 ] DEBUG Engine               - runtimeInfo: RuntimeInfo(platform=WINDOWS, version=17.3, build=30.03.2023 11.49)
18:04:32.778 [FXGL Background Thread 2 ] DEBUG Engine               - saveFileExt: sav
18:04:32.778 [FXGL Background Thread 2 ] DEBUG Engine               - scaledHeightProp$fxgl: DoubleProperty [bound, value: 720.0]
18:04:32.778 [FXGL Background Thread 2 ] DEBUG Engine               - scaledWidthProp$fxgl: DoubleProperty [bound, value: 512.0]
18:04:32.779 [FXGL Background Thread 2 ] DEBUG Engine               - sceneFactory: com.almasb.fxgl.app.scene.SceneFactory@59945f2a
18:04:32.779 [FXGL Background Thread 2 ] DEBUG Engine               - secondsIn24h: 60
18:04:32.779 [FXGL Background Thread 2 ] DEBUG Engine               - soundMenuBack: menu/back.wav
18:04:32.779 [FXGL Background Thread 2 ] DEBUG Engine               - soundMenuPress: menu/press.wav
18:04:32.779 [FXGL Background Thread 2 ] DEBUG Engine               - soundMenuSelect: menu/select.wav
18:04:32.779 [FXGL Background Thread 2 ] DEBUG Engine               - soundNotification: core/notification.wav
18:04:32.779 [FXGL Background Thread 2 ] DEBUG Engine               - stageStyle: DECORATED
18:04:32.779 [FXGL Background Thread 2 ] DEBUG Engine               - supportedLanguages: [ENGLISH, FRENCH, GERMAN, HUNGARIAN, RUSSIAN]
18:04:32.779 [FXGL Background Thread 2 ] DEBUG Engine               - ticksPerSecond: -1
18:04:32.779 [FXGL Background Thread 2 ] DEBUG Engine               - title: Space Invaders
18:04:32.779 [FXGL Background Thread 2 ] DEBUG Engine               - urlGithub: https://github.com/AlmasB/FXGL
18:04:32.779 [FXGL Background Thread 2 ] DEBUG Engine               - urlLeaderboard: http://fxgl-top.herokuapp.com/
18:04:32.779 [FXGL Background Thread 2 ] DEBUG Engine               - urlPOM: https://raw.githubusercontent.com/AlmasB/FXGL/release/README.md
18:04:32.779 [FXGL Background Thread 2 ] DEBUG Engine               - userAppClass: class fxgl.spaceinvader.SpaceInvaderApp
18:04:32.779 [FXGL Background Thread 2 ] DEBUG Engine               - version: 1.0.1
18:04:32.779 [FXGL Background Thread 2 ] DEBUG Engine               - versionCheckDays: 7
18:04:32.779 [FXGL Background Thread 2 ] DEBUG Engine               - width: 512
18:04:32.779 [FXGL Background Thread 2 ] DEBUG Engine               - Logging services
18:04:32.779 [FXGL Background Thread 2 ] DEBUG Engine               - class com.almasb.fxgl.app.services.FXGLAssetLoaderService
18:04:32.779 [FXGL Background Thread 2 ] DEBUG Engine               - class com.almasb.fxgl.app.FXGLApplication$GameApplicationService
18:04:32.779 [FXGL Background Thread 2 ] DEBUG Engine               - class com.almasb.fxgl.app.services.FXGLDialogService
18:04:32.779 [FXGL Background Thread 2 ] DEBUG Engine               - class com.almasb.fxgl.app.services.IOTaskExecutorService
18:04:32.779 [FXGL Background Thread 2 ] DEBUG Engine               - class com.almasb.fxgl.io.FileSystemService
18:04:32.779 [FXGL Background Thread 2 ] DEBUG Engine               - class com.almasb.fxgl.localization.LocalizationService
18:04:32.779 [FXGL Background Thread 2 ] DEBUG Engine               - class com.almasb.fxgl.app.services.SystemBundleService
18:04:32.779 [FXGL Background Thread 2 ] DEBUG Engine               - class com.almasb.fxgl.profile.SaveLoadService
18:04:32.779 [FXGL Background Thread 2 ] DEBUG Engine               - class com.almasb.fxgl.ui.FXGLUIFactoryServiceProvider
18:04:32.779 [FXGL Background Thread 2 ] DEBUG Engine               - class com.almasb.fxgl.ui.FXGLDialogFactoryServiceProvider
18:04:32.779 [FXGL Background Thread 2 ] DEBUG Engine               - class com.almasb.fxgl.audio.AudioPlayer
18:04:32.779 [FXGL Background Thread 2 ] DEBUG Engine               - class com.almasb.fxgl.notification.impl.NotificationServiceProvider
18:04:32.779 [FXGL Background Thread 2 ] DEBUG Engine               - class com.almasb.fxgl.achievement.AchievementService
18:04:32.779 [FXGL Background Thread 2 ] DEBUG Engine               - class com.almasb.fxgl.cutscene.CutsceneService
18:04:32.780 [FXGL Background Thread 2 ] DEBUG Engine               - class com.almasb.fxgl.minigames.MiniGameService
18:04:32.780 [FXGL Background Thread 2 ] DEBUG Engine               - class com.almasb.fxgl.net.NetService
18:04:32.780 [FXGL Background Thread 2 ] DEBUG Engine               - class com.almasb.fxgl.app.services.UpdaterService
18:04:32.780 [FXGL Background Thread 2 ] DEBUG Engine               - class com.almasb.fxgl.dev.DevService
18:04:33.332 [JavaFX Application Thread] DEBUG FXGLAssetLoaderServi - Loading from file system: file:/C:/Users/HP/IdeaProjects/SpaceInvader/target/classes/assets/textures/EnemyCluster.png
18:04:33.337 [JavaFX Application Thread] DEBUG FXGLAssetLoaderServi - Loading from file system: file:/C:/Users/HP/IdeaProjects/SpaceInvader/target/classes/assets/textures/EnemyBullet.png
18:04:34.373 [JavaFX Application Thread] DEBUG FXGLAssetLoaderServi - Loading from file system: file:/C:/Users/HP/IdeaProjects/SpaceInvader/target/classes/assets/textures/wall_left_2.png
18:04:34.772 [JavaFX Application Thread] DEBUG EventBus             - Firing event: fxgl.spaceinvader.event.GameEvent[source=javafx.event.Event$$Lambda/0x0000029b0515b838@5516beb4]
18:04:34.773 [JavaFX Application Thread] DEBUG FXGLAssetLoaderServi - Loading from file system: file:/C:/Users/HP/IdeaProjects/SpaceInvader/target/classes/assets/sounds/explosion.wav
18:04:34.836 [JavaFX Application Thread] DEBUG FXGLAssetLoaderServi - Loading from file system: file:/C:/Users/HP/IdeaProjects/SpaceInvader/target/classes/assets/textures/Explosion.png
18:04:34.963 [JavaFX Application Thread] DEBUG FXGLAssetLoaderServi - Loading from file system: file:/C:/Users/HP/IdeaProjects/SpaceInvader/target/classes/assets/textures/wall_right_2.png
18:04:35.298 [JavaFX Application Thread] DEBUG EventBus             - Firing event: fxgl.spaceinvader.event.GameEvent[source=javafx.event.Event$$Lambda/0x0000029b0515b838@5516beb4]
18:04:36.035 [JavaFX Application Thread] DEBUG EventBus             - Firing event: fxgl.spaceinvader.event.GameEvent[source=javafx.event.Event$$Lambda/0x0000029b0515b838@5516beb4]
18:04:36.115 [JavaFX Application Thread] DEBUG EventBus             - Firing event: fxgl.spaceinvader.event.GameEvent[source=javafx.event.Event$$Lambda/0x0000029b0515b838@5516beb4]
18:04:36.962 [JavaFX Application Thread] DEBUG EventBus             - Firing event: fxgl.spaceinvader.event.GameEvent[source=javafx.event.Event$$Lambda/0x0000029b0515b838@5516beb4]
18:04:37.427 [JavaFX Application Thread] DEBUG EventBus             - Firing event: fxgl.spaceinvader.event.GameEvent[source=javafx.event.Event$$Lambda/0x0000029b0515b838@5516beb4]
18:04:37.667 [JavaFX Application Thread] DEBUG EventBus             - Firing event: fxgl.spaceinvader.event.GameEvent[source=javafx.event.Event$$Lambda/0x0000029b0515b838@5516beb4]
18:04:38.099 [JavaFX Application Thread] DEBUG EventBus             - Firing event: fxgl.spaceinvader.event.GameEvent[source=javafx.event.Event$$Lambda/0x0000029b0515b838@5516beb4]
18:04:38.307 [JavaFX Application Thread] DEBUG FXGLAssetLoaderServi - Loading from file system: file:/C:/Users/HP/IdeaProjects/SpaceInvader/target/classes/assets/textures/wall_left_3.png
18:04:39.619 [JavaFX Application Thread] DEBUG EventBus             - Firing event: fxgl.spaceinvader.event.GameEvent[source=javafx.event.Event$$Lambda/0x0000029b0515b838@5516beb4]
18:04:40.115 [JavaFX Application Thread] DEBUG EventBus             - Firing event: fxgl.spaceinvader.event.GameEvent[source=javafx.event.Event$$Lambda/0x0000029b0515b838@5516beb4]
18:04:41.347 [JavaFX Application Thread] DEBUG EventBus             - Firing event: fxgl.spaceinvader.event.GameEvent[source=javafx.event.Event$$Lambda/0x0000029b0515b838@5516beb4]
18:04:41.555 [JavaFX Application Thread] DEBUG EventBus             - Firing event: fxgl.spaceinvader.event.GameEvent[source=javafx.event.Event$$Lambda/0x0000029b0515b838@5516beb4]
18:04:42.228 [JavaFX Application Thread] DEBUG FXGLAssetLoaderServi - Loading from file system: file:/C:/Users/HP/IdeaProjects/SpaceInvader/target/classes/assets/textures/wall_right_3.png
18:04:42.548 [JavaFX Application Thread] DEBUG EventBus             - Firing event: fxgl.spaceinvader.event.GameEvent[source=javafx.event.Event$$Lambda/0x0000029b0515b838@5516beb4]
18:04:43.011 [JavaFX Application Thread] DEBUG EventBus             - Firing event: fxgl.spaceinvader.event.GameEvent[source=javafx.event.Event$$Lambda/0x0000029b0515b838@5516beb4]
18:04:44.147 [JavaFX Application Thread] DEBUG EventBus             - Firing event: fxgl.spaceinvader.event.GameEvent[source=javafx.event.Event$$Lambda/0x0000029b0515b838@5516beb4]
18:04:44.675 [JavaFX Application Thread] DEBUG EventBus             - Firing event: fxgl.spaceinvader.event.GameEvent[source=javafx.event.Event$$Lambda/0x0000029b0515b838@5516beb4]
18:04:45.667 [JavaFX Application Thread] DEBUG EventBus             - Firing event: fxgl.spaceinvader.event.GameEvent[source=javafx.event.Event$$Lambda/0x0000029b0515b838@5516beb4]
18:04:46.019 [JavaFX Application Thread] DEBUG EventBus             - Firing event: fxgl.spaceinvader.event.GameEvent[source=javafx.event.Event$$Lambda/0x0000029b0515b838@5516beb4]
18:04:46.628 [JavaFX Application Thread] DEBUG EventBus             - Firing event: fxgl.spaceinvader.event.GameEvent[source=javafx.event.Event$$Lambda/0x0000029b0515b838@5516beb4]
18:04:47.010 [JavaFX Application Thread] DEBUG EventBus             - Firing event: fxgl.spaceinvader.event.GameEvent[source=javafx.event.Event$$Lambda/0x0000029b0515b838@5516beb4]
18:04:47.811 [JavaFX Application Thread] DEBUG EventBus             - Firing event: fxgl.spaceinvader.event.GameEvent[source=javafx.event.Event$$Lambda/0x0000029b0515b838@5516beb4]
18:04:48.642 [JavaFX Application Thread] DEBUG EventBus             - Firing event: fxgl.spaceinvader.event.GameEvent[source=javafx.event.Event$$Lambda/0x0000029b0515b838@5516beb4]
18:04:49.012 [JavaFX Application Thread] DEBUG EventBus             - Firing event: fxgl.spaceinvader.event.GameEvent[source=javafx.event.Event$$Lambda/0x0000029b0515b838@5516beb4]
18:04:50.195 [JavaFX Application Thread] DEBUG EventBus             - Firing event: fxgl.spaceinvader.event.GameEvent[source=javafx.event.Event$$Lambda/0x0000029b0515b838@5516beb4]
18:04:50.467 [JavaFX Application Thread] DEBUG EventBus             - Firing event: fxgl.spaceinvader.event.GameEvent[source=javafx.event.Event$$Lambda/0x0000029b0515b838@5516beb4]
18:04:50.898 [JavaFX Application Thread] DEBUG EventBus             - Firing event: fxgl.spaceinvader.event.GameEvent[source=javafx.event.Event$$Lambda/0x0000029b0515b838@5516beb4]
18:04:51.812 [JavaFX Application Thread] DEBUG EventBus             - Firing event: fxgl.spaceinvader.event.GameEvent[source=javafx.event.Event$$Lambda/0x0000029b0515b838@5516beb4]
18:04:52.179 [JavaFX Application Thread] DEBUG EventBus             - Firing event: fxgl.spaceinvader.event.GameEvent[source=javafx.event.Event$$Lambda/0x0000029b0515b838@5516beb4]
18:04:52.483 [JavaFX Application Thread] DEBUG FXGLAssetLoaderServi - Loading from file system: file:/C:/Users/HP/IdeaProjects/SpaceInvader/target/classes/assets/textures/shield.png
18:04:53.763 [JavaFX Application Thread] DEBUG EventBus             - Firing event: fxgl.spaceinvader.event.GameEvent[source=javafx.event.Event$$Lambda/0x0000029b0515b838@5516beb4]
18:04:54.515 [JavaFX Application Thread] DEBUG EventBus             - Firing event: fxgl.spaceinvader.event.GameEvent[source=javafx.event.Event$$Lambda/0x0000029b0515b838@5516beb4]
18:04:57.826 [JavaFX Application Thread] DEBUG EventBus             - Firing event: fxgl.spaceinvader.event.GameEvent[source=javafx.event.Event$$Lambda/0x0000029b0515b838@5516beb4]
18:04:59.843 [JavaFX Application Thread] DEBUG EventBus             - Firing event: fxgl.spaceinvader.event.GameEvent[source=javafx.event.Event$$Lambda/0x0000029b0515b838@5516beb4]
18:05:02.706 [JavaFX Application Thread] DEBUG EventBus             - Firing event: fxgl.spaceinvader.event.GameEvent[source=javafx.event.Event$$Lambda/0x0000029b0515b838@5516beb4]
18:05:03.538 [JavaFX Application Thread] DEBUG EventBus             - Firing event: fxgl.spaceinvader.event.GameEvent[source=javafx.event.Event$$Lambda/0x0000029b0515b838@5516beb4]
18:05:03.890 [JavaFX Application Thread] DEBUG EventBus             - Firing event: fxgl.spaceinvader.event.GameEvent[source=javafx.event.Event$$Lambda/0x0000029b0515b838@5516beb4]
18:05:12.723 [JavaFX Application Thread] DEBUG EventBus             - Firing event: fxgl.spaceinvader.event.GameEvent[source=javafx.event.Event$$Lambda/0x0000029b0515b838@5516beb4]
18:05:16.195 [JavaFX Application Thread] DEBUG EventBus             - Firing event: fxgl.spaceinvader.event.GameEvent[source=javafx.event.Event$$Lambda/0x0000029b0515b838@5516beb4]
18:05:16.198 [JavaFX Application Thread] WARN  TMXLevelLoader       - TiledMap generated from 1.8.6. Supported version: 1.9.0. Some features may not be parsed fully.
18:05:16.206 [JavaFX Application Thread] DEBUG TMXLevelLoader       - Parsed TiledMap: file:/C:/Users/HP/IdeaProjects/SpaceInvader/target/classes/assets/levels/level2.tmx
18:05:16.206 [JavaFX Application Thread] DEBUG TMXLevelLoader       - Creating tile layer entities
18:05:16.206 [JavaFX Application Thread] DEBUG TilesetLoader        - Loading view for layer Background
18:05:16.206 [JavaFX Application Thread] DEBUG TilesetLoader        - Created buffer with size 512.0x720.0
18:05:16.211 [JavaFX Application Thread] DEBUG TilesetLoader        - Loading view for layer UI
18:05:16.213 [JavaFX Application Thread] DEBUG TilesetLoader        - Created buffer with size 512.0x720.0
18:05:16.214 [JavaFX Application Thread] DEBUG TMXLevelLoader       - Creating object layer entities
18:05:16.229 [JavaFX Application Thread] DEBUG GameWorld            - Clearing removable entities
18:05:16.234 [JavaFX Application Thread] DEBUG GameWorld            - Setting level: com.almasb.fxgl.entity.level.Level@21b4b552
18:05:18.019 [JavaFX Application Thread] DEBUG EventBus             - Firing event: fxgl.spaceinvader.event.GameEvent[source=javafx.event.Event$$Lambda/0x0000029b0515b838@5516beb4]
18:05:18.835 [JavaFX Application Thread] DEBUG EventBus             - Firing event: fxgl.spaceinvader.event.GameEvent[source=javafx.event.Event$$Lambda/0x0000029b0515b838@5516beb4]
18:05:20.034 [JavaFX Application Thread] DEBUG EventBus             - Firing event: fxgl.spaceinvader.event.GameEvent[source=javafx.event.Event$$Lambda/0x0000029b0515b838@5516beb4]
18:05:20.549 [JavaFX Application Thread] DEBUG EventBus             - Firing event: fxgl.spaceinvader.event.GameEvent[source=javafx.event.Event$$Lambda/0x0000029b0515b838@5516beb4]
18:05:21.411 [JavaFX Application Thread] DEBUG EventBus             - Firing event: fxgl.spaceinvader.event.GameEvent[source=javafx.event.Event$$Lambda/0x0000029b0515b838@5516beb4]
18:05:22.098 [JavaFX Application Thread] DEBUG EventBus             - Firing event: fxgl.spaceinvader.event.GameEvent[source=javafx.event.Event$$Lambda/0x0000029b0515b838@5516beb4]
18:05:24.338 [JavaFX Application Thread] DEBUG EventBus             - Firing event: fxgl.spaceinvader.event.GameEvent[source=javafx.event.Event$$Lambda/0x0000029b0515b838@5516beb4]
18:05:24.465 [JavaFX Application Thread] DEBUG EventBus             - Firing event: fxgl.spaceinvader.event.GameEvent[source=javafx.event.Event$$Lambda/0x0000029b0515b838@5516beb4]
18:05:25.235 [JavaFX Application Thread] DEBUG EventBus             - Firing event: fxgl.spaceinvader.event.GameEvent[source=javafx.event.Event$$Lambda/0x0000029b0515b838@5516beb4]
18:05:25.763 [JavaFX Application Thread] DEBUG EventBus             - Firing event: fxgl.spaceinvader.event.GameEvent[source=javafx.event.Event$$Lambda/0x0000029b0515b838@5516beb4]
18:05:26.292 [JavaFX Application Thread] DEBUG EventBus             - Firing event: fxgl.spaceinvader.event.GameEvent[source=javafx.event.Event$$Lambda/0x0000029b0515b838@5516beb4]
18:05:26.979 [JavaFX Application Thread] DEBUG EventBus             - Firing event: fxgl.spaceinvader.event.GameEvent[source=javafx.event.Event$$Lambda/0x0000029b0515b838@5516beb4]
18:05:28.179 [JavaFX Application Thread] DEBUG EventBus             - Firing event: fxgl.spaceinvader.event.GameEvent[source=javafx.event.Event$$Lambda/0x0000029b0515b838@5516beb4]
18:05:28.883 [JavaFX Application Thread] DEBUG EventBus             - Firing event: fxgl.spaceinvader.event.GameEvent[source=javafx.event.Event$$Lambda/0x0000029b0515b838@5516beb4]
18:05:30.307 [JavaFX Application Thread] DEBUG EventBus             - Firing event: fxgl.spaceinvader.event.GameEvent[source=javafx.event.Event$$Lambda/0x0000029b0515b838@5516beb4]
18:05:31.154 [JavaFX Application Thread] DEBUG EventBus             - Firing event: fxgl.spaceinvader.event.GameEvent[source=javafx.event.Event$$Lambda/0x0000029b0515b838@5516beb4]
18:05:32.898 [JavaFX Application Thread] DEBUG EventBus             - Firing event: fxgl.spaceinvader.event.GameEvent[source=javafx.event.Event$$Lambda/0x0000029b0515b838@5516beb4]
18:05:33.843 [JavaFX Application Thread] DEBUG EventBus             - Firing event: fxgl.spaceinvader.event.GameEvent[source=javafx.event.Event$$Lambda/0x0000029b0515b838@5516beb4]
18:05:34.339 [JavaFX Application Thread] DEBUG EventBus             - Firing event: fxgl.spaceinvader.event.GameEvent[source=javafx.event.Event$$Lambda/0x0000029b0515b838@5516beb4]
18:05:34.546 [JavaFX Application Thread] DEBUG EventBus             - Firing event: fxgl.spaceinvader.event.GameEvent[source=javafx.event.Event$$Lambda/0x0000029b0515b838@5516beb4]
18:05:35.555 [JavaFX Application Thread] DEBUG EventBus             - Firing event: fxgl.spaceinvader.event.GameEvent[source=javafx.event.Event$$Lambda/0x0000029b0515b838@5516beb4]
18:05:41.330 [JavaFX Application Thread] DEBUG EventBus             - Firing event: fxgl.spaceinvader.event.GameEvent[source=javafx.event.Event$$Lambda/0x0000029b0515b838@5516beb4]
18:05:41.906 [JavaFX Application Thread] DEBUG EventBus             - Firing event: fxgl.spaceinvader.event.GameEvent[source=javafx.event.Event$$Lambda/0x0000029b0515b838@5516beb4]
18:05:49.059 [JavaFX Application Thread] DEBUG EventBus             - Firing event: fxgl.spaceinvader.event.GameEvent[source=javafx.event.Event$$Lambda/0x0000029b0515b838@5516beb4]
18:05:49.061 [JavaFX Application Thread] DEBUG PrimaryStageWindow   - Push state: DialogSubScene
18:05:49.061 [JavaFX Application Thread] DEBUG Input                - Clearing active input actions
18:05:49.062 [JavaFX Application Thread] DEBUG GameApplicationServi - Removing overlay from GameScene and adding to DialogSubScene
18:05:49.062 [JavaFX Application Thread] DEBUG PrimaryStageWindow   - GameScene -> DialogSubScene
18:05:51.090 [JavaFX Application Thread] DEBUG PrimaryStageWindow   - Pop state: DialogSubScene
18:05:51.090 [JavaFX Application Thread] DEBUG Input                - Clearing active input actions
18:05:51.090 [JavaFX Application Thread] DEBUG GameApplicationServi - Removing overlay from DialogSubScene and adding to GameScene
18:05:51.090 [JavaFX Application Thread] DEBUG PrimaryStageWindow   - GameScene <- DialogSubScene
18:05:51.102 [JavaFX Application Thread] DEBUG PrimaryStageWindow   - Push state: DialogSubScene
18:05:51.102 [JavaFX Application Thread] DEBUG Input                - Clearing active input actions
18:05:51.103 [JavaFX Application Thread] DEBUG GameApplicationServi - Removing overlay from GameScene and adding to DialogSubScene
18:05:51.104 [JavaFX Application Thread] DEBUG PrimaryStageWindow   - GameScene -> DialogSubScene
18:05:54.219 [JavaFX Application Thread] DEBUG FXGLApplication      - Exiting FXGL
18:05:54.219 [JavaFX Application Thread] DEBUG LoopRunner           - Stopping loop
18:05:54.219 [JavaFX Application Thread] DEBUG SystemBundleService  - Saving FXGL system data
18:05:54.221 [JavaFX Application Thread] DEBUG FileSystemAccess     - Writing to: C:\Users\HP\IdeaProjects\SpaceInvader\system\fxgl.bundle
18:05:54.223 [JavaFX Application Thread] DEBUG Async                - Shutting down background threads
18:05:54.223 [JavaFX Application Thread] DEBUG PrimaryStageWindow   - Closing main window
18:05:54.247 [JavaFX Application Thread] DEBUG Logger               - Closing Logger
