18:16:25.076 [main                     ] DEBUG Logger               - Configured Logger
18:16:25.122 [main                     ] DEBUG GameApplication      - Logging settings
Title: Space Invaders
Version: 1.0.1
Width: 800
Height: 600
Fullscreen: false
Intro: false
Profiling: false
Single step:false
App Mode: RELEASE
Menu Key: ESCAPE
Stage Style: DECORATED
Scene Factory: class fxgl.spaceinvader.ui.MySceneFactory

18:16:25.598 [JavaFX Application Thread] DEBUG FXGLApplication      - Initializing FXGL
18:16:25.606 [JavaFX Application Thread] INFO  Engine               - FXGL-17.3 (30.03.2023 11.49) on WINDOWS (J:23 FX:17.0.6)
18:16:25.607 [JavaFX Application Thread] DEBUG Engine               - JRE Vendor Name: Oracle Corporation
18:16:25.607 [JavaFX Application Thread] DEBUG Engine               - Running on OS: Windows 10 version 10.0
18:16:25.607 [JavaFX Application Thread] DEBUG Engine               - Architecture: amd64
18:16:25.607 [JavaFX Application Thread] INFO  Engine               - Source code and latest versions at: https://github.com/AlmasB/FXGL
18:16:25.607 [JavaFX Application Thread] INFO  Engine               -       Ask questions and discuss at: https://github.com/AlmasB/FXGL/discussions
18:16:25.607 [JavaFX Application Thread] INFO  Engine               -              Join the FXGL chat at: https://gitter.im/AlmasB/FXGL
18:16:25.741 [JavaFX Application Thread] DEBUG PrimaryStageWindow   - Creating a JavaFX scene
18:16:25.806 [JavaFX Application Thread] DEBUG PrimaryStageWindow   - Target settings size: 800.0 x 600.0
18:16:25.806 [JavaFX Application Thread] DEBUG PrimaryStageWindow   - Scaled scene size:    800.0 x 600.0
18:16:25.806 [JavaFX Application Thread] DEBUG PrimaryStageWindow   - Scaled ratio: (1.0, 1.0)
18:16:25.808 [JavaFX Application Thread] DEBUG PrimaryStageWindow   - Set initial scene to FXGLStartupScene
18:16:25.816 [JavaFX Application Thread] DEBUG PrimaryStageWindow   - Opening main window
18:16:25.961 [JavaFX Application Thread] DEBUG PrimaryStageWindow   - Window border size: (14.4000244140625, 37.5999755859375)
18:16:25.963 [JavaFX Application Thread] DEBUG PrimaryStageWindow   - Scaled size: 800.0 x 600.0
18:16:25.964 [JavaFX Application Thread] DEBUG PrimaryStageWindow   - Scaled ratio: (1.0, 1.0)
18:16:25.965 [JavaFX Application Thread] DEBUG PrimaryStageWindow   - Scene size: 800.0 x 600.0
18:16:25.966 [JavaFX Application Thread] DEBUG PrimaryStageWindow   - Stage size: 814.4000244140625 x 637.5999755859375
18:16:25.997 [FXGL Background Thread 1 ] DEBUG Engine               - Initializing environment variables
18:16:26.205 [FXGL Background Thread 1 ] DEBUG FXGLAssetLoaderServi - User app class for loading assets: class fxgl.spaceinvader.SpaceInvaderApp
18:16:26.207 [FXGL Background Thread 1 ] DEBUG GameApplicationServi - Applying CSS: fxgl_dark.css
18:16:26.211 [FXGL Background Thread 1 ] DEBUG FXGLAssetLoaderServi - Loading from file system: jar:file:///C:/Users/HP/.m2/repository/com/github/almasb/fxgl/17.3/fxgl-17.3.jar!/fxglassets/ui/css/fxgl_dark.css
18:16:26.311 [FXGL Background Thread 1 ] DEBUG GameApplicationServi - Applying CSS: ui.css
18:16:26.311 [FXGL Background Thread 1 ] DEBUG FXGLAssetLoaderServi - Loading from file system: file:/C:/Users/HP/IdeaProjects/SpaceInvader/target/classes/assets/ui/css/ui.css
18:16:26.313 [FXGL Background Thread 1 ] DEBUG GameApplicationServi - Initializing application scenes
18:16:26.382 [FXGL Background Thread 1 ] DEBUG GameWorld            - Game world initialized
18:16:26.543 [FXGL Background Thread 1 ] DEBUG PhysicsWorld         - Physics world initialized: appHeight=600, physics.ppm=50.0
18:16:26.543 [FXGL Background Thread 1 ] DEBUG PhysicsWorld         - Using strategy: BRUTE_FORCE
18:16:26.551 [FXGL Background Thread 1 ] DEBUG GameScene            - Game scene initialized: 800x600
18:16:26.568 [FXGL Background Thread 1 ] DEBUG FXGLAssetLoaderServi - Loading from file system: file:/C:/Users/HP/IdeaProjects/SpaceInvader/target/classes/assets/textures/background/main_menu.png
18:16:26.668 [FXGL Background Thread 1 ] DEBUG FXGLAssetLoaderServi - Loading from file system: file:/C:/Users/HP/IdeaProjects/SpaceInvader/target/classes/assets/textures/background/Start.png
18:16:26.687 [FXGL Background Thread 1 ] DEBUG FXGLAssetLoaderServi - Loading from file system: file:/C:/Users/HP/IdeaProjects/SpaceInvader/target/classes/assets/textures/background/HighScores.png
18:16:26.691 [FXGL Background Thread 1 ] DEBUG FXGLAssetLoaderServi - Loading from file system: file:/C:/Users/HP/IdeaProjects/SpaceInvader/target/classes/assets/textures/background/Exit.png
18:16:26.712 [FXGL Background Thread 1 ] DEBUG FXGL.DefaultMenu     - createMenuBodyGameMenu()
18:16:26.738 [FXGL Background Thread 1 ] DEBUG FXGL.DefaultMenu     - createOptionsMenu()
18:16:26.758 [FXGL Background Thread 1 ] DEBUG FXGLAssetLoaderServi - Loading from file system: jar:file:///C:/Users/HP/.m2/repository/com/github/almasb/fxgl/17.3/fxgl-17.3.jar!/fxglassets/textures/particles/smoke.png
18:16:26.961 [FXGL Background Thread 1 ] DEBUG FXGLAssetLoaderServi - Loading from file system: jar:file:///C:/Users/HP/.m2/repository/com/github/almasb/fxgl/17.3/fxgl-17.3.jar!/fxglassets/textures/particles/trace_horizontal.png
18:16:27.011 [FXGL Background Thread 1 ] DEBUG GameApplicationServi - Application scenes initialized
18:16:27.039 [FXGL Background Thread 1 ] DEBUG SystemBundleService  - Loading FXGL system data
18:16:27.047 [FXGL Background Thread 1 ] DEBUG FileSystemAccess     - Reading from: C:\Users\HP\IdeaProjects\SpaceInvader\system\fxgl.bundle
18:16:27.066 [FXGL Background Thread 1 ] DEBUG SystemBundleService  - Bundle FXGL: {}
18:16:27.074 [FXGL Background Thread 3 ] DEBUG FXGLApplication      - Loading fonts
18:16:27.075 [FXGL Background Thread 3 ] DEBUG FXGLAssetLoaderServi - Loading from file system: file:/C:/Users/HP/IdeaProjects/SpaceInvader/target/classes/assets/ui/fonts/ARCADECLASSIC.TTF
18:16:27.076 [FXGL Background Thread 1 ] DEBUG FXGLApplication      - Loading default localization
18:16:27.077 [FXGL Background Thread 1 ] DEBUG FXGLAssetLoaderServi - Loading from file system: jar:file:///C:/Users/HP/.m2/repository/com/github/almasb/fxgl/17.3/fxgl-17.3.jar!/fxglassets/languages/english.lang
18:16:27.116 [FXGL Background Thread 1 ] INFO  FXGLApplication      - FXGL initialization took: 1.118 sec
18:16:27.141 [JavaFX Application Thread] DEBUG Input                - Registered new binding: Move Left - Left
18:16:27.141 [JavaFX Application Thread] DEBUG Input                - Registered new binding: Move Right - Right
18:16:27.142 [JavaFX Application Thread] DEBUG Input                - Registered new binding: Shoot - Up
18:16:27.142 [JavaFX Application Thread] DEBUG Input                - Registered new binding: Shield Up - Space
18:16:27.143 [JavaFX Application Thread] DEBUG FXGLAssetLoaderServi - Loading from file system: file:/C:/Users/HP/IdeaProjects/SpaceInvader/target/classes/assets/music/bgm.mp3
18:16:27.391 [JavaFX Application Thread] DEBUG AudioPlayer          - Playing music com.almasb.fxgl.audio.Music@55edf635
18:16:27.395 [JavaFX Application Thread] DEBUG FXGLAssetLoaderServi - Loading from file system: jar:file:///C:/Users/HP/.m2/repository/com/github/almasb/fxgl/17.3/fxgl-17.3.jar!/fxglassets/textures/fxgl_icon.png
18:16:27.422 [JavaFX Application Thread] DEBUG FXGLAssetLoaderServi - Loading from file system: jar:file:///C:/Users/HP/.m2/repository/com/github/almasb/fxgl/17.3/fxgl-17.3.jar!/fxglassets/textures/fxgl_default_cursor.png
18:16:27.426 [JavaFX Application Thread] DEBUG Input                - Registered new binding: Screenshot - CTRL+8
18:16:27.430 [JavaFX Application Thread] DEBUG LoopRunner           - Starting loop
18:16:27.430 [JavaFX Application Thread] DEBUG LoopRunner           - Initializing JavaFX AnimationTimerLoop
18:16:27.436 [JavaFX Application Thread] DEBUG Input                - Clearing active input actions
18:16:27.457 [JavaFX Application Thread] DEBUG GameApplicationServi - Removing overlay from FXGLStartupScene and adding to FXGLMainMenuDummyScene
18:16:27.459 [JavaFX Application Thread] DEBUG PrimaryStageWindow   - FXGLStartupScene -> FXGLMainMenuDummyScene
18:16:27.460 [JavaFX Application Thread] DEBUG PrimaryStageWindow   - Push state: MenuTest
18:16:27.460 [JavaFX Application Thread] DEBUG Input                - Clearing active input actions
18:16:27.475 [JavaFX Application Thread] DEBUG GameApplicationServi - Removing overlay from FXGLMainMenuDummyScene and adding to MenuTest
18:16:27.476 [JavaFX Application Thread] DEBUG PrimaryStageWindow   - FXGLMainMenuDummyScene -> MenuTest
18:16:27.477 [JavaFX Application Thread] DEBUG FXGLApplication      - Registering font factories with UI factory
18:16:30.069 [FXGL Background Thread 2 ] DEBUG Engine               - Logging environment variables
18:16:30.070 [FXGL Background Thread 2 ] DEBUG Engine               - achievements: []
18:16:30.070 [FXGL Background Thread 2 ] DEBUG Engine               - actualHeight: 600.0
18:16:30.070 [FXGL Background Thread 2 ] DEBUG Engine               - actualHeightProperty: ReadOnlyDoubleProperty [value: 800.800048828125]
18:16:30.070 [FXGL Background Thread 2 ] DEBUG Engine               - actualWidth: 800.0
18:16:30.070 [FXGL Background Thread 2 ] DEBUG Engine               - actualWidthProperty: ReadOnlyDoubleProperty [value: 1536.0]
18:16:30.070 [FXGL Background Thread 2 ] DEBUG Engine               - appIcon: fxgl_icon.png
18:16:30.070 [FXGL Background Thread 2 ] DEBUG Engine               - applicationMode: RELEASE
18:16:30.070 [FXGL Background Thread 2 ] DEBUG Engine               - cSSList: [fxgl_dark.css, ui.css]
18:16:30.070 [FXGL Background Thread 2 ] DEBUG Engine               - collisionDetectionStrategy: BRUTE_FORCE
18:16:30.070 [FXGL Background Thread 2 ] DEBUG Engine               - configClass: Optional.empty
18:16:30.070 [FXGL Background Thread 2 ] DEBUG Engine               - credits: []
18:16:30.071 [FXGL Background Thread 2 ] DEBUG Engine               - defaultCursor: CursorInfo(imageName=fxgl_default_cursor.png, hotspotX=7.0, hotspotY=6.0)
18:16:30.071 [FXGL Background Thread 2 ] DEBUG Engine               - devBBoxColorProperty: ObjectProperty [value: 0xff0000ff]
18:16:30.071 [FXGL Background Thread 2 ] DEBUG Engine               - devEnableDebugCameraProperty: BooleanProperty [value: false]
18:16:30.071 [FXGL Background Thread 2 ] DEBUG Engine               - devSensorColorProperty: ObjectProperty [value: 0xffff00ff]
18:16:30.071 [FXGL Background Thread 2 ] DEBUG Engine               - devShowBBoxProperty: BooleanProperty [value: false]
18:16:30.071 [FXGL Background Thread 2 ] DEBUG Engine               - devShowPositionProperty: BooleanProperty [value: false]
18:16:30.071 [FXGL Background Thread 2 ] DEBUG Engine               - enabledMenuItems: []
18:16:30.072 [FXGL Background Thread 2 ] DEBUG Engine               - engineServices: [class com.almasb.fxgl.app.services.FXGLAssetLoaderService, class com.almasb.fxgl.app.FXGLApplication$GameApplicationService, class com.almasb.fxgl.app.services.FXGLDialogService, class com.almasb.fxgl.app.services.IOTaskExecutorService, class com.almasb.fxgl.io.FileSystemService, class com.almasb.fxgl.localization.LocalizationService, class com.almasb.fxgl.app.services.SystemBundleService, class com.almasb.fxgl.profile.SaveLoadService, class com.almasb.fxgl.ui.FXGLUIFactoryServiceProvider, class com.almasb.fxgl.ui.FXGLDialogFactoryServiceProvider, class com.almasb.fxgl.audio.AudioPlayer, class com.almasb.fxgl.notification.impl.NotificationServiceProvider, class com.almasb.fxgl.achievement.AchievementService, class com.almasb.fxgl.cutscene.CutsceneService, class com.almasb.fxgl.minigames.MiniGameService, class com.almasb.fxgl.net.NetService, class com.almasb.fxgl.app.services.UpdaterService, class com.almasb.fxgl.dev.DevService]
18:16:30.072 [FXGL Background Thread 2 ] DEBUG Engine               - fontGame: ARCADECLASSIC.TTF
18:16:30.072 [FXGL Background Thread 2 ] DEBUG Engine               - fontMono: ARCADECLASSIC.TTF
18:16:30.072 [FXGL Background Thread 2 ] DEBUG Engine               - fontSizeScaleUI: 1.0
18:16:30.072 [FXGL Background Thread 2 ] DEBUG Engine               - fontText: ARCADECLASSIC.TTF
18:16:30.072 [FXGL Background Thread 2 ] DEBUG Engine               - fontUI: ARCADECLASSIC.TTF
18:16:30.072 [FXGL Background Thread 2 ] DEBUG Engine               - fullScreen: BooleanProperty [value: false]
18:16:30.072 [FXGL Background Thread 2 ] DEBUG Engine               - gameDifficulty: MEDIUM
18:16:30.072 [FXGL Background Thread 2 ] DEBUG Engine               - gameDifficultyProperty: ObjectProperty [value: MEDIUM]
18:16:30.072 [FXGL Background Thread 2 ] DEBUG Engine               - globalMusicVolume: 0.5
18:16:30.072 [FXGL Background Thread 2 ] DEBUG Engine               - globalMusicVolumeProperty: DoubleProperty [value: 0.5]
18:16:30.072 [FXGL Background Thread 2 ] DEBUG Engine               - globalSoundVolume: 0.5
18:16:30.072 [FXGL Background Thread 2 ] DEBUG Engine               - globalSoundVolumeProperty: DoubleProperty [value: 0.1]
18:16:30.072 [FXGL Background Thread 2 ] DEBUG Engine               - height: 600
18:16:30.073 [FXGL Background Thread 2 ] DEBUG Engine               - is3D: false
18:16:30.073 [FXGL Background Thread 2 ] DEBUG Engine               - isAndroid: false
18:16:30.073 [FXGL Background Thread 2 ] DEBUG Engine               - isBrowser: false
18:16:30.073 [FXGL Background Thread 2 ] DEBUG Engine               - isClickFeedbackEnabled: false
18:16:30.073 [FXGL Background Thread 2 ] DEBUG Engine               - isCloseConfirmation: false
18:16:30.073 [FXGL Background Thread 2 ] DEBUG Engine               - isDesktop: true
18:16:30.073 [FXGL Background Thread 2 ] DEBUG Engine               - isDeveloperMenuEnabled: false
18:16:30.073 [FXGL Background Thread 2 ] DEBUG Engine               - isEmbedded: false
18:16:30.073 [FXGL Background Thread 2 ] DEBUG Engine               - isEntityPreloadEnabled: true
18:16:30.073 [FXGL Background Thread 2 ] DEBUG Engine               - isExperimentalTiledLargeMap: false
18:16:30.073 [FXGL Background Thread 2 ] DEBUG Engine               - isFileSystemWriteAllowed: true
18:16:30.073 [FXGL Background Thread 2 ] DEBUG Engine               - isFullScreenAllowed: false
18:16:30.073 [FXGL Background Thread 2 ] DEBUG Engine               - isFullScreenFromStart: false
18:16:30.073 [FXGL Background Thread 2 ] DEBUG Engine               - isGameMenuEnabled: true
18:16:30.073 [FXGL Background Thread 2 ] DEBUG Engine               - isIOS: false
18:16:30.073 [FXGL Background Thread 2 ] DEBUG Engine               - isIntroEnabled: false
18:16:30.074 [FXGL Background Thread 2 ] DEBUG Engine               - isLinux: false
18:16:30.074 [FXGL Background Thread 2 ] DEBUG Engine               - isMac: false
18:16:30.074 [FXGL Background Thread 2 ] DEBUG Engine               - isMainMenuEnabled: true
18:16:30.074 [FXGL Background Thread 2 ] DEBUG Engine               - isManualResizeEnabled: true
18:16:30.074 [FXGL Background Thread 2 ] DEBUG Engine               - isMobile: false
18:16:30.074 [FXGL Background Thread 2 ] DEBUG Engine               - isNative: false
18:16:30.074 [FXGL Background Thread 2 ] DEBUG Engine               - isPauseMusicWhenMinimized: true
18:16:30.074 [FXGL Background Thread 2 ] DEBUG Engine               - isPreserveResizeRatio: true
18:16:30.074 [FXGL Background Thread 2 ] DEBUG Engine               - isProfilingEnabled: false
18:16:30.074 [FXGL Background Thread 2 ] DEBUG Engine               - isScaleAffectedOnResize: true
18:16:30.074 [FXGL Background Thread 2 ] DEBUG Engine               - isSingleStep: false
18:16:30.074 [FXGL Background Thread 2 ] DEBUG Engine               - isUserProfileEnabled: false
18:16:30.074 [FXGL Background Thread 2 ] DEBUG Engine               - isWindows: true
18:16:30.074 [FXGL Background Thread 2 ] DEBUG Engine               - language: ObjectProperty [value: ENGLISH]
18:16:30.074 [FXGL Background Thread 2 ] DEBUG Engine               - menuKey: ESCAPE
18:16:30.074 [FXGL Background Thread 2 ] DEBUG Engine               - mouseSensitivity: 0.2
18:16:30.074 [FXGL Background Thread 2 ] DEBUG Engine               - notificationViewClass: class com.almasb.fxgl.notification.view.XboxNotificationView
18:16:30.075 [FXGL Background Thread 2 ] DEBUG Engine               - pixelsPerMeter: 50.0
18:16:30.075 [FXGL Background Thread 2 ] DEBUG Engine               - platform: WINDOWS
18:16:30.075 [FXGL Background Thread 2 ] DEBUG Engine               - prefHeightProperty: ReadOnlyDoubleProperty [value: 600.0]
18:16:30.075 [FXGL Background Thread 2 ] DEBUG Engine               - prefWidthProperty: ReadOnlyDoubleProperty [value: 800.0]
18:16:30.075 [FXGL Background Thread 2 ] DEBUG Engine               - profileDir: profiles/
18:16:30.075 [FXGL Background Thread 2 ] DEBUG Engine               - profileName: StringProperty [value: DEFAULT]
18:16:30.075 [FXGL Background Thread 2 ] DEBUG Engine               - randomSeed: -1
18:16:30.075 [FXGL Background Thread 2 ] DEBUG Engine               - runtimeInfo: RuntimeInfo(platform=WINDOWS, version=17.3, build=30.03.2023 11.49)
18:16:30.075 [FXGL Background Thread 2 ] DEBUG Engine               - saveFileExt: sav
18:16:30.075 [FXGL Background Thread 2 ] DEBUG Engine               - scaledHeightProp$fxgl: DoubleProperty [bound, value: 800.800048828125]
18:16:30.076 [FXGL Background Thread 2 ] DEBUG Engine               - scaledWidthProp$fxgl: DoubleProperty [bound, value: 1536.0]
18:16:30.076 [FXGL Background Thread 2 ] DEBUG Engine               - sceneFactory: fxgl.spaceinvader.ui.MySceneFactory@23508ed5
18:16:30.076 [FXGL Background Thread 2 ] DEBUG Engine               - secondsIn24h: 60
18:16:30.076 [FXGL Background Thread 2 ] DEBUG Engine               - soundMenuBack: menu/back.wav
18:16:30.076 [FXGL Background Thread 2 ] DEBUG Engine               - soundMenuPress: menu/press.wav
18:16:30.076 [FXGL Background Thread 2 ] DEBUG Engine               - soundMenuSelect: menu/select.wav
18:16:30.076 [FXGL Background Thread 2 ] DEBUG Engine               - soundNotification: core/notification.wav
18:16:30.076 [FXGL Background Thread 2 ] DEBUG Engine               - stageStyle: DECORATED
18:16:30.076 [FXGL Background Thread 2 ] DEBUG Engine               - supportedLanguages: [ENGLISH, FRENCH, GERMAN, HUNGARIAN, RUSSIAN]
18:16:30.076 [FXGL Background Thread 2 ] DEBUG Engine               - ticksPerSecond: -1
18:16:30.076 [FXGL Background Thread 2 ] DEBUG Engine               - title: Space Invaders
18:16:30.076 [FXGL Background Thread 2 ] DEBUG Engine               - urlGithub: https://github.com/AlmasB/FXGL
18:16:30.076 [FXGL Background Thread 2 ] DEBUG Engine               - urlLeaderboard: http://fxgl-top.herokuapp.com/
18:16:30.076 [FXGL Background Thread 2 ] DEBUG Engine               - urlPOM: https://raw.githubusercontent.com/AlmasB/FXGL/release/README.md
18:16:30.076 [FXGL Background Thread 2 ] DEBUG Engine               - userAppClass: class fxgl.spaceinvader.SpaceInvaderApp
18:16:30.076 [FXGL Background Thread 2 ] DEBUG Engine               - version: 1.0.1
18:16:30.076 [FXGL Background Thread 2 ] DEBUG Engine               - versionCheckDays: 7
18:16:30.076 [FXGL Background Thread 2 ] DEBUG Engine               - width: 800
18:16:30.076 [FXGL Background Thread 2 ] DEBUG Engine               - Logging services
18:16:30.077 [FXGL Background Thread 2 ] DEBUG Engine               - class com.almasb.fxgl.app.services.FXGLAssetLoaderService
18:16:30.077 [FXGL Background Thread 2 ] DEBUG Engine               - class com.almasb.fxgl.app.FXGLApplication$GameApplicationService
18:16:30.077 [FXGL Background Thread 2 ] DEBUG Engine               - class com.almasb.fxgl.app.services.FXGLDialogService
18:16:30.077 [FXGL Background Thread 2 ] DEBUG Engine               - class com.almasb.fxgl.app.services.IOTaskExecutorService
18:16:30.077 [FXGL Background Thread 2 ] DEBUG Engine               - class com.almasb.fxgl.io.FileSystemService
18:16:30.077 [FXGL Background Thread 2 ] DEBUG Engine               - class com.almasb.fxgl.localization.LocalizationService
18:16:30.077 [FXGL Background Thread 2 ] DEBUG Engine               - class com.almasb.fxgl.app.services.SystemBundleService
18:16:30.077 [FXGL Background Thread 2 ] DEBUG Engine               - class com.almasb.fxgl.profile.SaveLoadService
18:16:30.077 [FXGL Background Thread 2 ] DEBUG Engine               - class com.almasb.fxgl.ui.FXGLUIFactoryServiceProvider
18:16:30.077 [FXGL Background Thread 2 ] DEBUG Engine               - class com.almasb.fxgl.ui.FXGLDialogFactoryServiceProvider
18:16:30.077 [FXGL Background Thread 2 ] DEBUG Engine               - class com.almasb.fxgl.audio.AudioPlayer
18:16:30.077 [FXGL Background Thread 2 ] DEBUG Engine               - class com.almasb.fxgl.notification.impl.NotificationServiceProvider
18:16:30.077 [FXGL Background Thread 2 ] DEBUG Engine               - class com.almasb.fxgl.achievement.AchievementService
18:16:30.077 [FXGL Background Thread 2 ] DEBUG Engine               - class com.almasb.fxgl.cutscene.CutsceneService
18:16:30.077 [FXGL Background Thread 2 ] DEBUG Engine               - class com.almasb.fxgl.minigames.MiniGameService
18:16:30.077 [FXGL Background Thread 2 ] DEBUG Engine               - class com.almasb.fxgl.net.NetService
18:16:30.077 [FXGL Background Thread 2 ] DEBUG Engine               - class com.almasb.fxgl.app.services.UpdaterService
18:16:30.077 [FXGL Background Thread 2 ] DEBUG Engine               - class com.almasb.fxgl.dev.DevService
18:16:32.072 [JavaFX Application Thread] DEBUG Menu                 - fireNewGame()
18:16:32.072 [JavaFX Application Thread] DEBUG GameApplicationServi - Starting new game
18:16:32.072 [JavaFX Application Thread] DEBUG PrimaryStageWindow   - Pop state: MenuTest
18:16:32.072 [JavaFX Application Thread] DEBUG Input                - Clearing active input actions
18:16:32.073 [JavaFX Application Thread] DEBUG GameApplicationServi - Removing overlay from MenuTest and adding to FXGLMainMenuDummyScene
18:16:32.074 [JavaFX Application Thread] DEBUG PrimaryStageWindow   - FXGLMainMenuDummyScene <- MenuTest
18:16:32.074 [JavaFX Application Thread] DEBUG Input                - Clearing active input actions
18:16:32.083 [JavaFX Application Thread] DEBUG GameApplicationServi - Removing overlay from FXGLMainMenuDummyScene and adding to FXGLLoadingScene
18:16:32.084 [JavaFX Application Thread] DEBUG PrimaryStageWindow   - FXGLMainMenuDummyScene -> FXGLLoadingScene
18:16:32.084 [JavaFX Application Thread] DEBUG GameApplicationServi - Clearing previous game
18:16:32.084 [JavaFX Application Thread] DEBUG GameScene            - Clearing game scene
18:16:32.084 [JavaFX Application Thread] DEBUG GameWorld            - Clearing game world
18:16:32.085 [JavaFX Application Thread] DEBUG PhysicsWorld         - Clearing physics world
18:16:32.087 [FXGL Background Thread 3 ] DEBUG FXGLApplication      - Initializing game
18:16:32.097 [FXGL Background Thread 3 ] DEBUG FileSystemAccess     - Reading from: C:\Users\HP\IdeaProjects\SpaceInvader\.\hiscore.dat
18:16:32.209 [FXGL Background Thread 3 ] WARN  TMXLevelLoader       - TiledMap generated from 1.8.6. Supported version: 1.9.0. Some features may not be parsed fully.
18:16:32.238 [FXGL Background Thread 3 ] DEBUG TMXLevelLoader       - Parsed TiledMap: file:/C:/Users/HP/IdeaProjects/SpaceInvader/target/classes/assets/levels/level1.tmx
18:16:32.242 [FXGL Background Thread 3 ] DEBUG TMXLevelLoader       - Creating tile layer entities
18:16:32.249 [FXGL Background Thread 3 ] DEBUG TilesetLoader        - Loading view for layer Background
18:16:32.251 [FXGL Background Thread 3 ] DEBUG TilesetLoader        - Created buffer with size 800.0x592.0
18:16:32.296 [FXGL Background Thread 3 ] DEBUG TMXLevelLoader       - Creating object layer entities
18:16:32.307 [FXGL Background Thread 3 ] DEBUG FXGLAssetLoaderServi - Loading from file system: file:/C:/Users/HP/IdeaProjects/SpaceInvader/target/classes/assets/textures/Egg.png
18:16:32.425 [FXGL Background Thread 3 ] DEBUG FXGLAssetLoaderServi - Loading from file system: file:/C:/Users/HP/IdeaProjects/SpaceInvader/target/classes/assets/textures/Frog.png
18:16:32.456 [FXGL Background Thread 3 ] DEBUG FXGLAssetLoaderServi - Loading from file system: file:/C:/Users/HP/IdeaProjects/SpaceInvader/target/classes/assets/textures/Demon.png
18:16:32.500 [FXGL Background Thread 3 ] DEBUG FXGLAssetLoaderServi - Loading from file system: file:/C:/Users/HP/IdeaProjects/SpaceInvader/target/classes/assets/textures/wall_left_1.png
18:16:32.513 [FXGL Background Thread 3 ] DEBUG FXGLAssetLoaderServi - Loading from file system: file:/C:/Users/HP/IdeaProjects/SpaceInvader/target/classes/assets/textures/wall_right_1.png
18:16:32.528 [FXGL Background Thread 3 ] DEBUG GameWorld            - Clearing removable entities
18:16:32.530 [FXGL Background Thread 3 ] DEBUG GameWorld            - Setting level: com.almasb.fxgl.entity.level.Level@60a62fd1
18:16:32.642 [FXGL Background Thread 3 ] DEBUG FXGLAssetLoaderServi - Loading from file system: file:/C:/Users/HP/IdeaProjects/SpaceInvader/target/classes/assets/textures/ship.png
18:16:32.660 [FXGL Background Thread 3 ] INFO  FXGLApplication      - Game initialization took: 0.573 sec
18:16:32.669 [JavaFX Application Thread] DEBUG Input                - Clearing active input actions
18:16:32.691 [JavaFX Application Thread] DEBUG GameApplicationServi - Removing overlay from FXGLLoadingScene and adding to GameScene
18:16:32.692 [JavaFX Application Thread] DEBUG PrimaryStageWindow   - FXGLLoadingScene -> GameScene
18:16:33.372 [JavaFX Application Thread] DEBUG FXGLAssetLoaderServi - Loading from file system: file:/C:/Users/HP/IdeaProjects/SpaceInvader/target/classes/assets/sounds/shoot.wav
18:16:34.547 [JavaFX Application Thread] DEBUG EventBus             - Firing event: fxgl.spaceinvader.event.GameEvent[source=javafx.event.Event$$Lambda/0x000001e29315ee28@17a7bf69]
18:16:34.549 [JavaFX Application Thread] DEBUG FXGLAssetLoaderServi - Loading from file system: file:/C:/Users/HP/IdeaProjects/SpaceInvader/target/classes/assets/sounds/explosion.wav
18:16:34.562 [JavaFX Application Thread] DEBUG FXGLAssetLoaderServi - Loading from file system: file:/C:/Users/HP/IdeaProjects/SpaceInvader/target/classes/assets/textures/Explosion.png
18:16:35.022 [JavaFX Application Thread] DEBUG FXGLAssetLoaderServi - Loading from file system: file:/C:/Users/HP/IdeaProjects/SpaceInvader/target/classes/assets/textures/EnemyBullet.png
18:16:35.025 [JavaFX Application Thread] DEBUG FXGLAssetLoaderServi - Loading from file system: file:/C:/Users/HP/IdeaProjects/SpaceInvader/target/classes/assets/textures/EnemyCluster.png
18:16:35.584 [JavaFX Application Thread] DEBUG EventBus             - Firing event: fxgl.spaceinvader.event.GameEvent[source=javafx.event.Event$$Lambda/0x000001e29315ee28@17a7bf69]
18:16:35.807 [JavaFX Application Thread] DEBUG FXGLAssetLoaderServi - Loading from file system: file:/C:/Users/HP/IdeaProjects/SpaceInvader/target/classes/assets/textures/wall_left_2.png
18:16:36.800 [JavaFX Application Thread] DEBUG FXGLAssetLoaderServi - Loading from file system: file:/C:/Users/HP/IdeaProjects/SpaceInvader/target/classes/assets/textures/wall_left_3.png
18:16:37.006 [JavaFX Application Thread] DEBUG FXGLAssetLoaderServi - Loading from file system: file:/C:/Users/HP/IdeaProjects/SpaceInvader/target/classes/assets/textures/wall_right_2.png
18:16:37.389 [JavaFX Application Thread] DEBUG EventBus             - Firing event: fxgl.spaceinvader.event.GameEvent[source=javafx.event.Event$$Lambda/0x000001e29315ee28@17a7bf69]
18:16:37.774 [JavaFX Application Thread] DEBUG EventBus             - Firing event: fxgl.spaceinvader.event.GameEvent[source=javafx.event.Event$$Lambda/0x000001e29315ee28@17a7bf69]
18:16:39.725 [JavaFX Application Thread] DEBUG EventBus             - Firing event: fxgl.spaceinvader.event.GameEvent[source=javafx.event.Event$$Lambda/0x000001e29315ee28@17a7bf69]
18:16:40.158 [JavaFX Application Thread] DEBUG EventBus             - Firing event: fxgl.spaceinvader.event.GameEvent[source=javafx.event.Event$$Lambda/0x000001e29315ee28@17a7bf69]
18:16:40.254 [JavaFX Application Thread] DEBUG EventBus             - Firing event: fxgl.spaceinvader.event.GameEvent[source=javafx.event.Event$$Lambda/0x000001e29315ee28@17a7bf69]
18:16:41.343 [JavaFX Application Thread] DEBUG EventBus             - Firing event: fxgl.spaceinvader.event.GameEvent[source=javafx.event.Event$$Lambda/0x000001e29315ee28@17a7bf69]
18:16:42.205 [JavaFX Application Thread] DEBUG EventBus             - Firing event: fxgl.spaceinvader.event.GameEvent[source=javafx.event.Event$$Lambda/0x000001e29315ee28@17a7bf69]
18:16:43.326 [JavaFX Application Thread] DEBUG EventBus             - Firing event: fxgl.spaceinvader.event.GameEvent[source=javafx.event.Event$$Lambda/0x000001e29315ee28@17a7bf69]
18:16:44.479 [JavaFX Application Thread] DEBUG EventBus             - Firing event: fxgl.spaceinvader.event.GameEvent[source=javafx.event.Event$$Lambda/0x000001e29315ee28@17a7bf69]
18:16:45.180 [JavaFX Application Thread] DEBUG EventBus             - Firing event: fxgl.spaceinvader.event.GameEvent[source=javafx.event.Event$$Lambda/0x000001e29315ee28@17a7bf69]
18:16:47.198 [JavaFX Application Thread] DEBUG EventBus             - Firing event: fxgl.spaceinvader.event.GameEvent[source=javafx.event.Event$$Lambda/0x000001e29315ee28@17a7bf69]
18:16:47.592 [JavaFX Application Thread] DEBUG FXGLAssetLoaderServi - Loading from file system: file:/C:/Users/HP/IdeaProjects/SpaceInvader/target/classes/assets/textures/wall_right_3.png
18:16:47.757 [JavaFX Application Thread] DEBUG EventBus             - Firing event: fxgl.spaceinvader.event.GameEvent[source=javafx.event.Event$$Lambda/0x000001e29315ee28@17a7bf69]
18:16:49.005 [JavaFX Application Thread] DEBUG EventBus             - Firing event: fxgl.spaceinvader.event.GameEvent[source=javafx.event.Event$$Lambda/0x000001e29315ee28@17a7bf69]
18:16:50.269 [JavaFX Application Thread] DEBUG EventBus             - Firing event: fxgl.spaceinvader.event.GameEvent[source=javafx.event.Event$$Lambda/0x000001e29315ee28@17a7bf69]
18:16:50.897 [JavaFX Application Thread] DEBUG EventBus             - Firing event: fxgl.spaceinvader.event.GameEvent[source=javafx.event.Event$$Lambda/0x000001e29315ee28@17a7bf69]
18:16:50.903 [JavaFX Application Thread] DEBUG PrimaryStageWindow   - Push state: DialogSubScene
18:16:50.904 [JavaFX Application Thread] DEBUG Input                - Clearing active input actions
18:16:50.905 [JavaFX Application Thread] DEBUG GameApplicationServi - Removing overlay from GameScene and adding to DialogSubScene
18:16:50.905 [JavaFX Application Thread] DEBUG PrimaryStageWindow   - GameScene -> DialogSubScene
18:16:53.268 [JavaFX Application Thread] DEBUG PrimaryStageWindow   - Pop state: DialogSubScene
18:16:53.268 [JavaFX Application Thread] DEBUG Input                - Clearing active input actions
18:16:53.269 [JavaFX Application Thread] DEBUG GameApplicationServi - Removing overlay from DialogSubScene and adding to GameScene
18:16:53.269 [JavaFX Application Thread] DEBUG PrimaryStageWindow   - GameScene <- DialogSubScene
18:16:53.273 [JavaFX Application Thread] DEBUG GameApplicationServi - Starting new game
18:16:53.273 [JavaFX Application Thread] DEBUG Input                - Clearing active input actions
18:16:53.279 [JavaFX Application Thread] DEBUG GameApplicationServi - Removing overlay from GameScene and adding to FXGLLoadingScene
18:16:53.280 [JavaFX Application Thread] DEBUG PrimaryStageWindow   - GameScene -> FXGLLoadingScene
18:16:53.280 [JavaFX Application Thread] DEBUG GameApplicationServi - Clearing previous game
18:16:53.280 [JavaFX Application Thread] DEBUG GameScene            - Clearing game scene
18:16:53.280 [JavaFX Application Thread] DEBUG GameWorld            - Clearing game world
18:16:53.284 [JavaFX Application Thread] DEBUG PhysicsWorld         - Clearing physics world
18:16:53.284 [FXGL Background Thread 3 ] DEBUG FXGLApplication      - Initializing game
18:16:53.285 [FXGL Background Thread 3 ] DEBUG FileSystemAccess     - Reading from: C:\Users\HP\IdeaProjects\SpaceInvader\.\hiscore.dat
18:16:53.288 [FXGL Background Thread 3 ] WARN  TMXLevelLoader       - TiledMap generated from 1.8.6. Supported version: 1.9.0. Some features may not be parsed fully.
18:16:53.305 [FXGL Background Thread 3 ] DEBUG TMXLevelLoader       - Parsed TiledMap: file:/C:/Users/HP/IdeaProjects/SpaceInvader/target/classes/assets/levels/level1.tmx
18:16:53.305 [FXGL Background Thread 3 ] DEBUG TMXLevelLoader       - Creating tile layer entities
18:16:53.306 [FXGL Background Thread 3 ] DEBUG TilesetLoader        - Loading view for layer Background
18:16:53.307 [FXGL Background Thread 3 ] DEBUG TilesetLoader        - Created buffer with size 800.0x592.0
18:16:53.330 [FXGL Background Thread 3 ] DEBUG TMXLevelLoader       - Creating object layer entities
18:16:53.380 [FXGL Background Thread 3 ] DEBUG GameWorld            - Clearing removable entities
18:16:53.380 [FXGL Background Thread 3 ] DEBUG GameWorld            - Setting level: com.almasb.fxgl.entity.level.Level@1330b995
18:16:53.427 [FXGL Background Thread 3 ] INFO  FXGLApplication      - Game initialization took: 0.143 sec
18:16:53.430 [JavaFX Application Thread] DEBUG Input                - Clearing active input actions
18:16:53.443 [JavaFX Application Thread] DEBUG GameApplicationServi - Removing overlay from FXGLLoadingScene and adding to GameScene
18:16:53.443 [JavaFX Application Thread] DEBUG PrimaryStageWindow   - FXGLLoadingScene -> GameScene
18:16:55.533 [JavaFX Application Thread] DEBUG EventBus             - Firing event: fxgl.spaceinvader.event.GameEvent[source=javafx.event.Event$$Lambda/0x000001e29315ee28@17a7bf69]
18:16:56.383 [JavaFX Application Thread] DEBUG EventBus             - Firing event: fxgl.spaceinvader.event.GameEvent[source=javafx.event.Event$$Lambda/0x000001e29315ee28@17a7bf69]
18:16:58.305 [JavaFX Application Thread] DEBUG EventBus             - Firing event: fxgl.spaceinvader.event.GameEvent[source=javafx.event.Event$$Lambda/0x000001e29315ee28@17a7bf69]
18:16:58.767 [JavaFX Application Thread] DEBUG EventBus             - Firing event: fxgl.spaceinvader.event.GameEvent[source=javafx.event.Event$$Lambda/0x000001e29315ee28@17a7bf69]
18:17:01.501 [JavaFX Application Thread] DEBUG EventBus             - Firing event: fxgl.spaceinvader.event.GameEvent[source=javafx.event.Event$$Lambda/0x000001e29315ee28@17a7bf69]
18:17:02.398 [JavaFX Application Thread] DEBUG EventBus             - Firing event: fxgl.spaceinvader.event.GameEvent[source=javafx.event.Event$$Lambda/0x000001e29315ee28@17a7bf69]
18:17:02.401 [JavaFX Application Thread] DEBUG PrimaryStageWindow   - Push state: DialogSubScene
18:17:02.401 [JavaFX Application Thread] DEBUG Input                - Clearing active input actions
18:17:02.402 [JavaFX Application Thread] DEBUG GameApplicationServi - Removing overlay from GameScene and adding to DialogSubScene
18:17:02.403 [JavaFX Application Thread] DEBUG PrimaryStageWindow   - GameScene -> DialogSubScene
18:17:03.962 [JavaFX Application Thread] DEBUG PrimaryStageWindow   - Pop state: DialogSubScene
18:17:03.962 [JavaFX Application Thread] DEBUG Input                - Clearing active input actions
18:17:03.962 [JavaFX Application Thread] DEBUG GameApplicationServi - Removing overlay from DialogSubScene and adding to GameScene
18:17:03.962 [JavaFX Application Thread] DEBUG PrimaryStageWindow   - GameScene <- DialogSubScene
18:17:03.964 [JavaFX Application Thread] DEBUG GameApplicationServi - Starting new game
18:17:03.964 [JavaFX Application Thread] DEBUG Input                - Clearing active input actions
18:17:03.969 [JavaFX Application Thread] DEBUG GameApplicationServi - Removing overlay from GameScene and adding to FXGLLoadingScene
18:17:03.969 [JavaFX Application Thread] DEBUG PrimaryStageWindow   - GameScene -> FXGLLoadingScene
18:17:03.969 [JavaFX Application Thread] DEBUG GameApplicationServi - Clearing previous game
18:17:03.969 [JavaFX Application Thread] DEBUG GameScene            - Clearing game scene
18:17:03.969 [JavaFX Application Thread] DEBUG GameWorld            - Clearing game world
18:17:03.971 [JavaFX Application Thread] DEBUG PhysicsWorld         - Clearing physics world
18:17:03.972 [FXGL Background Thread 3 ] DEBUG FXGLApplication      - Initializing game
18:17:03.972 [FXGL Background Thread 3 ] DEBUG FileSystemAccess     - Reading from: C:\Users\HP\IdeaProjects\SpaceInvader\.\hiscore.dat
18:17:03.975 [FXGL Background Thread 3 ] WARN  TMXLevelLoader       - TiledMap generated from 1.8.6. Supported version: 1.9.0. Some features may not be parsed fully.
18:17:03.987 [FXGL Background Thread 3 ] DEBUG TMXLevelLoader       - Parsed TiledMap: file:/C:/Users/HP/IdeaProjects/SpaceInvader/target/classes/assets/levels/level1.tmx
18:17:03.987 [FXGL Background Thread 3 ] DEBUG TMXLevelLoader       - Creating tile layer entities
18:17:03.987 [FXGL Background Thread 3 ] DEBUG TilesetLoader        - Loading view for layer Background
18:17:03.988 [FXGL Background Thread 3 ] DEBUG TilesetLoader        - Created buffer with size 800.0x592.0
18:17:04.009 [FXGL Background Thread 3 ] DEBUG TMXLevelLoader       - Creating object layer entities
18:17:04.026 [FXGL Background Thread 3 ] DEBUG GameWorld            - Clearing removable entities
18:17:04.026 [FXGL Background Thread 3 ] DEBUG GameWorld            - Setting level: com.almasb.fxgl.entity.level.Level@2cc043a4
18:17:04.054 [FXGL Background Thread 3 ] INFO  FXGLApplication      - Game initialization took: 0.082 sec
18:17:04.072 [JavaFX Application Thread] DEBUG Input                - Clearing active input actions
18:17:04.083 [JavaFX Application Thread] DEBUG GameApplicationServi - Removing overlay from FXGLLoadingScene and adding to GameScene
18:17:04.083 [JavaFX Application Thread] DEBUG PrimaryStageWindow   - FXGLLoadingScene -> GameScene
18:17:06.078 [JavaFX Application Thread] DEBUG EventBus             - Firing event: fxgl.spaceinvader.event.GameEvent[source=javafx.event.Event$$Lambda/0x000001e29315ee28@17a7bf69]
18:17:06.845 [JavaFX Application Thread] DEBUG EventBus             - Firing event: fxgl.spaceinvader.event.GameEvent[source=javafx.event.Event$$Lambda/0x000001e29315ee28@17a7bf69]
18:17:12.157 [JavaFX Application Thread] DEBUG EventBus             - Firing event: fxgl.spaceinvader.event.GameEvent[source=javafx.event.Event$$Lambda/0x000001e29315ee28@17a7bf69]
18:17:12.814 [JavaFX Application Thread] DEBUG EventBus             - Firing event: fxgl.spaceinvader.event.GameEvent[source=javafx.event.Event$$Lambda/0x000001e29315ee28@17a7bf69]
18:17:13.579 [JavaFX Application Thread] DEBUG EventBus             - Firing event: fxgl.spaceinvader.event.GameEvent[source=javafx.event.Event$$Lambda/0x000001e29315ee28@17a7bf69]
18:17:14.426 [JavaFX Application Thread] DEBUG FXGLApplication      - Exiting FXGL
18:17:14.427 [JavaFX Application Thread] DEBUG LoopRunner           - Stopping loop
18:17:14.427 [JavaFX Application Thread] DEBUG SystemBundleService  - Saving FXGL system data
18:17:14.429 [JavaFX Application Thread] DEBUG FileSystemAccess     - Writing to: C:\Users\HP\IdeaProjects\SpaceInvader\system\fxgl.bundle
18:17:14.431 [JavaFX Application Thread] DEBUG Async                - Shutting down background threads
18:17:14.431 [JavaFX Application Thread] DEBUG PrimaryStageWindow   - Closing main window
18:17:14.462 [JavaFX Application Thread] DEBUG Logger               - Closing Logger
