17:26:38.278 [main                     ] DEBUG Logger               - Configured Logger
17:26:38.310 [main                     ] DEBUG GameApplication      - Logging settings
Title: Space Invaders
Version: 1.0.1
Width: 512
Height: 712
Fullscreen: false
Intro: false
Profiling: false
Single step:false
App Mode: RELEASE
Menu Key: ESCAPE
Stage Style: DECORATED
Scene Factory: class com.almasb.fxgl.app.scene.SceneFactory

17:26:38.664 [JavaFX Application Thread] DEBUG FXGLApplication      - Initializing FXGL
17:26:38.669 [JavaFX Application Thread] INFO  Engine               - FXGL-17.3 (30.03.2023 11.49) on WINDOWS (J:23 FX:17.0.6)
17:26:38.669 [JavaFX Application Thread] DEBUG Engine               - JRE Vendor Name: Oracle Corporation
17:26:38.670 [JavaFX Application Thread] DEBUG Engine               - Running on OS: Windows 10 version 10.0
17:26:38.670 [JavaFX Application Thread] DEBUG Engine               - Architecture: amd64
17:26:38.670 [JavaFX Application Thread] INFO  Engine               - Source code and latest versions at: https://github.com/AlmasB/FXGL
17:26:38.670 [JavaFX Application Thread] INFO  Engine               -       Ask questions and discuss at: https://github.com/AlmasB/FXGL/discussions
17:26:38.670 [JavaFX Application Thread] INFO  Engine               -              Join the FXGL chat at: https://gitter.im/AlmasB/FXGL
17:26:38.765 [JavaFX Application Thread] DEBUG PrimaryStageWindow   - Creating a JavaFX scene
17:26:38.810 [JavaFX Application Thread] DEBUG PrimaryStageWindow   - Target settings size: 512.0 x 712.0
17:26:38.810 [JavaFX Application Thread] DEBUG PrimaryStageWindow   - Scaled scene size:    512.0 x 712.0
17:26:38.810 [JavaFX Application Thread] DEBUG PrimaryStageWindow   - Scaled ratio: (1.0, 1.0)
17:26:38.812 [JavaFX Application Thread] DEBUG PrimaryStageWindow   - Set initial scene to FXGLStartupScene
17:26:38.820 [JavaFX Application Thread] DEBUG PrimaryStageWindow   - Opening main window
17:26:38.916 [JavaFX Application Thread] DEBUG PrimaryStageWindow   - Window border size: (14.4000244140625, 37.5999755859375)
17:26:38.917 [JavaFX Application Thread] DEBUG PrimaryStageWindow   - Scaled size: 512.0 x 712.0
17:26:38.917 [JavaFX Application Thread] DEBUG PrimaryStageWindow   - Scaled ratio: (1.0, 1.0)
17:26:38.917 [JavaFX Application Thread] DEBUG PrimaryStageWindow   - Scene size: 512.0 x 712.0
17:26:38.918 [JavaFX Application Thread] DEBUG PrimaryStageWindow   - Stage size: 526.4000244140625 x 749.5999755859375
17:26:38.929 [FXGL Background Thread 1 ] DEBUG Engine               - Initializing environment variables
17:26:39.032 [FXGL Background Thread 1 ] DEBUG FXGLAssetLoaderServi - User app class for loading assets: class fxgl.spaceinvader.SpaceInvaderApp
17:26:39.032 [FXGL Background Thread 1 ] DEBUG GameApplicationServi - Applying CSS: fxgl_dark.css
17:26:39.033 [FXGL Background Thread 1 ] DEBUG FXGLAssetLoaderServi - Loading from file system: jar:file:///C:/Users/HP/.m2/repository/com/github/almasb/fxgl/17.3/fxgl-17.3.jar!/fxglassets/ui/css/fxgl_dark.css
17:26:39.091 [FXGL Background Thread 1 ] DEBUG GameApplicationServi - Initializing application scenes
17:26:39.141 [FXGL Background Thread 1 ] DEBUG GameWorld            - Game world initialized
17:26:39.224 [FXGL Background Thread 1 ] DEBUG PhysicsWorld         - Physics world initialized: appHeight=712, physics.ppm=50.0
17:26:39.225 [FXGL Background Thread 1 ] DEBUG PhysicsWorld         - Using strategy: BRUTE_FORCE
17:26:39.231 [FXGL Background Thread 1 ] DEBUG GameScene            - Game scene initialized: 512x712
17:26:39.250 [FXGL Background Thread 1 ] WARN  FXGL.DefaultMenu     - FXGLDefaultMenu is not designed for resolutions < 800x600
17:26:39.250 [FXGL Background Thread 1 ] DEBUG FXGL.DefaultMenu     - createMenuBodyMainMenu()
17:26:39.269 [FXGL Background Thread 1 ] DEBUG FXGL.DefaultMenu     - createOptionsMenu()
17:26:39.285 [FXGL Background Thread 1 ] DEBUG FXGLAssetLoaderServi - Loading from file system: jar:file:///C:/Users/HP/.m2/repository/com/github/almasb/fxgl/17.3/fxgl-17.3.jar!/fxglassets/textures/particles/smoke.png
17:26:39.374 [FXGL Background Thread 1 ] DEBUG FXGLAssetLoaderServi - Loading from file system: jar:file:///C:/Users/HP/.m2/repository/com/github/almasb/fxgl/17.3/fxgl-17.3.jar!/fxglassets/textures/particles/trace_horizontal.png
17:26:39.402 [FXGL Background Thread 1 ] WARN  FXGL.DefaultMenu     - FXGLDefaultMenu is not designed for resolutions < 800x600
17:26:39.402 [FXGL Background Thread 1 ] DEBUG FXGL.DefaultMenu     - createMenuBodyGameMenu()
17:26:39.404 [FXGL Background Thread 1 ] DEBUG FXGL.DefaultMenu     - createOptionsMenu()
17:26:39.423 [FXGL Background Thread 1 ] DEBUG GameApplicationServi - Application scenes initialized
17:26:39.434 [FXGL Background Thread 1 ] DEBUG SystemBundleService  - Loading FXGL system data
17:26:39.437 [FXGL Background Thread 1 ] DEBUG FileSystemAccess     - Reading from: C:\Users\HP\IdeaProjects\SpaceInvader\system\fxgl.bundle
17:26:39.444 [FXGL Background Thread 1 ] DEBUG SystemBundleService  - Bundle FXGL: {}
17:26:39.446 [FXGL Background Thread 3 ] DEBUG FXGLApplication      - Loading fonts
17:26:39.446 [FXGL Background Thread 3 ] DEBUG FXGLAssetLoaderServi - Loading from file system: jar:file:///C:/Users/HP/.m2/repository/com/github/almasb/fxgl/17.3/fxgl-17.3.jar!/fxglassets/ui/fonts/VarelaRound-Regular.ttf
17:26:39.446 [FXGL Background Thread 1 ] DEBUG FXGLApplication      - Loading default localization
17:26:39.447 [FXGL Background Thread 1 ] DEBUG FXGLAssetLoaderServi - Loading from file system: jar:file:///C:/Users/HP/.m2/repository/com/github/almasb/fxgl/17.3/fxgl-17.3.jar!/fxglassets/languages/english.lang
17:26:39.460 [FXGL Background Thread 1 ] INFO  FXGLApplication      - FXGL initialization took: 0.531 sec
17:26:39.471 [FXGL Background Thread 3 ] DEBUG FXGLAssetLoaderServi - Loading from file system: jar:file:///C:/Users/HP/.m2/repository/com/github/almasb/fxgl/17.3/fxgl-17.3.jar!/fxglassets/ui/fonts/Abel-Regular.ttf
17:26:39.472 [JavaFX Application Thread] DEBUG Input                - Registered new binding: Move Left - Left
17:26:39.472 [JavaFX Application Thread] DEBUG Input                - Registered new binding: Move Right - Right
17:26:39.472 [JavaFX Application Thread] DEBUG Input                - Registered new binding: Shoot - Up
17:26:39.473 [JavaFX Application Thread] DEBUG FXGLAssetLoaderServi - Loading from file system: jar:file:///C:/Users/HP/.m2/repository/com/github/almasb/fxgl/17.3/fxgl-17.3.jar!/fxglassets/textures/fxgl_icon.png
17:26:39.475 [FXGL Background Thread 3 ] DEBUG FXGLAssetLoaderServi - Loading from file system: jar:file:///C:/Users/HP/.m2/repository/com/github/almasb/fxgl/17.3/fxgl-17.3.jar!/fxglassets/ui/fonts/TerminalLandMono-Regular.otf
17:26:39.478 [FXGL Background Thread 3 ] DEBUG FXGLAssetLoaderServi - Loading from file system: jar:file:///C:/Users/HP/.m2/repository/com/github/almasb/fxgl/17.3/fxgl-17.3.jar!/fxglassets/ui/fonts/Courier-Prime.ttf
17:26:39.490 [JavaFX Application Thread] DEBUG FXGLAssetLoaderServi - Loading from file system: jar:file:///C:/Users/HP/.m2/repository/com/github/almasb/fxgl/17.3/fxgl-17.3.jar!/fxglassets/textures/fxgl_default_cursor.png
17:26:39.491 [JavaFX Application Thread] DEBUG Input                - Registered new binding: Screenshot - CTRL+8
17:26:39.493 [JavaFX Application Thread] DEBUG LoopRunner           - Starting loop
17:26:39.493 [JavaFX Application Thread] DEBUG LoopRunner           - Initializing JavaFX AnimationTimerLoop
17:26:39.495 [JavaFX Application Thread] DEBUG Input                - Clearing active input actions
17:26:39.502 [JavaFX Application Thread] DEBUG GameApplicationServi - Removing overlay from FXGLStartupScene and adding to FXGLMainMenuDummyScene
17:26:39.504 [JavaFX Application Thread] DEBUG PrimaryStageWindow   - FXGLStartupScene -> FXGLMainMenuDummyScene
17:26:39.504 [JavaFX Application Thread] DEBUG PrimaryStageWindow   - Push state: FXGLDefaultMenu
17:26:39.510 [JavaFX Application Thread] DEBUG Input                - Clearing active input actions
17:26:39.517 [JavaFX Application Thread] DEBUG GameApplicationServi - Removing overlay from FXGLMainMenuDummyScene and adding to FXGLDefaultMenu
17:26:39.518 [JavaFX Application Thread] DEBUG PrimaryStageWindow   - FXGLMainMenuDummyScene -> FXGLDefaultMenu
17:26:39.518 [JavaFX Application Thread] DEBUG FXGLApplication      - Registering font factories with UI factory
17:26:40.859 [JavaFX Application Thread] DEBUG Menu                 - fireNewGame()
17:26:40.860 [JavaFX Application Thread] DEBUG GameApplicationServi - Starting new game
17:26:40.862 [JavaFX Application Thread] DEBUG PrimaryStageWindow   - Pop state: FXGLDefaultMenu
17:26:40.862 [JavaFX Application Thread] DEBUG Input                - Clearing active input actions
17:26:40.863 [JavaFX Application Thread] DEBUG GameApplicationServi - Removing overlay from FXGLDefaultMenu and adding to FXGLMainMenuDummyScene
17:26:40.863 [JavaFX Application Thread] DEBUG PrimaryStageWindow   - FXGLMainMenuDummyScene <- FXGLDefaultMenu
17:26:40.864 [JavaFX Application Thread] DEBUG Input                - Clearing active input actions
17:26:40.877 [JavaFX Application Thread] DEBUG GameApplicationServi - Removing overlay from FXGLMainMenuDummyScene and adding to FXGLLoadingScene
17:26:40.878 [JavaFX Application Thread] DEBUG PrimaryStageWindow   - FXGLMainMenuDummyScene -> FXGLLoadingScene
17:26:40.878 [JavaFX Application Thread] DEBUG GameApplicationServi - Clearing previous game
17:26:40.878 [JavaFX Application Thread] DEBUG GameScene            - Clearing game scene
17:26:40.878 [JavaFX Application Thread] DEBUG GameWorld            - Clearing game world
17:26:40.878 [JavaFX Application Thread] DEBUG PhysicsWorld         - Clearing physics world
17:26:40.880 [FXGL Background Thread 3 ] DEBUG FXGLApplication      - Initializing game
17:26:40.931 [FXGL Background Thread 3 ] INFO  FXGLApplication      - Game initialization took: 0.051 sec
17:26:40.936 [JavaFX Application Thread] DEBUG Input                - Clearing active input actions
17:26:40.943 [JavaFX Application Thread] DEBUG GameApplicationServi - Removing overlay from FXGLLoadingScene and adding to GameScene
17:26:40.944 [JavaFX Application Thread] DEBUG PrimaryStageWindow   - FXGLLoadingScene -> GameScene
17:26:42.447 [FXGL Background Thread 2 ] DEBUG Engine               - Logging environment variables
17:26:42.447 [FXGL Background Thread 2 ] DEBUG Engine               - achievements: []
17:26:42.447 [FXGL Background Thread 2 ] DEBUG Engine               - actualHeight: 712.0
17:26:42.448 [FXGL Background Thread 2 ] DEBUG Engine               - actualHeightProperty: ReadOnlyDoubleProperty [value: 712.0]
17:26:42.448 [FXGL Background Thread 2 ] DEBUG Engine               - actualWidth: 512.0
17:26:42.448 [FXGL Background Thread 2 ] DEBUG Engine               - actualWidthProperty: ReadOnlyDoubleProperty [value: 512.0]
17:26:42.448 [FXGL Background Thread 2 ] DEBUG Engine               - appIcon: fxgl_icon.png
17:26:42.448 [FXGL Background Thread 2 ] DEBUG Engine               - applicationMode: RELEASE
17:26:42.448 [FXGL Background Thread 2 ] DEBUG Engine               - cSSList: [fxgl_dark.css]
17:26:42.448 [FXGL Background Thread 2 ] DEBUG Engine               - collisionDetectionStrategy: BRUTE_FORCE
17:26:42.448 [FXGL Background Thread 2 ] DEBUG Engine               - configClass: Optional.empty
17:26:42.448 [FXGL Background Thread 2 ] DEBUG Engine               - credits: []
17:26:42.448 [FXGL Background Thread 2 ] DEBUG Engine               - defaultCursor: CursorInfo(imageName=fxgl_default_cursor.png, hotspotX=7.0, hotspotY=6.0)
17:26:42.448 [FXGL Background Thread 2 ] DEBUG Engine               - devBBoxColorProperty: ObjectProperty [value: 0xff0000ff]
17:26:42.448 [FXGL Background Thread 2 ] DEBUG Engine               - devEnableDebugCameraProperty: BooleanProperty [value: false]
17:26:42.449 [FXGL Background Thread 2 ] DEBUG Engine               - devSensorColorProperty: ObjectProperty [value: 0xffff00ff]
17:26:42.449 [FXGL Background Thread 2 ] DEBUG Engine               - devShowBBoxProperty: BooleanProperty [value: false]
17:26:42.449 [FXGL Background Thread 2 ] DEBUG Engine               - devShowPositionProperty: BooleanProperty [value: false]
17:26:42.449 [FXGL Background Thread 2 ] DEBUG Engine               - enabledMenuItems: []
17:26:42.449 [FXGL Background Thread 2 ] DEBUG Engine               - engineServices: [class com.almasb.fxgl.app.services.FXGLAssetLoaderService, class com.almasb.fxgl.app.FXGLApplication$GameApplicationService, class com.almasb.fxgl.app.services.FXGLDialogService, class com.almasb.fxgl.app.services.IOTaskExecutorService, class com.almasb.fxgl.io.FileSystemService, class com.almasb.fxgl.localization.LocalizationService, class com.almasb.fxgl.app.services.SystemBundleService, class com.almasb.fxgl.profile.SaveLoadService, class com.almasb.fxgl.ui.FXGLUIFactoryServiceProvider, class com.almasb.fxgl.ui.FXGLDialogFactoryServiceProvider, class com.almasb.fxgl.audio.AudioPlayer, class com.almasb.fxgl.notification.impl.NotificationServiceProvider, class com.almasb.fxgl.achievement.AchievementService, class com.almasb.fxgl.cutscene.CutsceneService, class com.almasb.fxgl.minigames.MiniGameService, class com.almasb.fxgl.net.NetService, class com.almasb.fxgl.app.services.UpdaterService, class com.almasb.fxgl.dev.DevService]
17:26:42.449 [FXGL Background Thread 2 ] DEBUG Engine               - fontGame: Abel-Regular.ttf
17:26:42.449 [FXGL Background Thread 2 ] DEBUG Engine               - fontMono: TerminalLandMono-Regular.otf
17:26:42.449 [FXGL Background Thread 2 ] DEBUG Engine               - fontSizeScaleUI: 1.0
17:26:42.449 [FXGL Background Thread 2 ] DEBUG Engine               - fontText: Courier-Prime.ttf
17:26:42.449 [FXGL Background Thread 2 ] DEBUG Engine               - fontUI: VarelaRound-Regular.ttf
17:26:42.449 [FXGL Background Thread 2 ] DEBUG Engine               - fullScreen: BooleanProperty [value: false]
17:26:42.449 [FXGL Background Thread 2 ] DEBUG Engine               - gameDifficulty: MEDIUM
17:26:42.449 [FXGL Background Thread 2 ] DEBUG Engine               - gameDifficultyProperty: ObjectProperty [value: MEDIUM]
17:26:42.449 [FXGL Background Thread 2 ] DEBUG Engine               - globalMusicVolume: 0.5
17:26:42.449 [FXGL Background Thread 2 ] DEBUG Engine               - globalMusicVolumeProperty: DoubleProperty [value: 0.5]
17:26:42.449 [FXGL Background Thread 2 ] DEBUG Engine               - globalSoundVolume: 0.5
17:26:42.450 [FXGL Background Thread 2 ] DEBUG Engine               - globalSoundVolumeProperty: DoubleProperty [value: 0.5]
17:26:42.450 [FXGL Background Thread 2 ] DEBUG Engine               - height: 712
17:26:42.450 [FXGL Background Thread 2 ] DEBUG Engine               - is3D: false
17:26:42.450 [FXGL Background Thread 2 ] DEBUG Engine               - isAndroid: false
17:26:42.450 [FXGL Background Thread 2 ] DEBUG Engine               - isBrowser: false
17:26:42.450 [FXGL Background Thread 2 ] DEBUG Engine               - isClickFeedbackEnabled: false
17:26:42.450 [FXGL Background Thread 2 ] DEBUG Engine               - isCloseConfirmation: false
17:26:42.450 [FXGL Background Thread 2 ] DEBUG Engine               - isDesktop: true
17:26:42.450 [FXGL Background Thread 2 ] DEBUG Engine               - isDeveloperMenuEnabled: false
17:26:42.450 [FXGL Background Thread 2 ] DEBUG Engine               - isEmbedded: false
17:26:42.450 [FXGL Background Thread 2 ] DEBUG Engine               - isEntityPreloadEnabled: true
17:26:42.450 [FXGL Background Thread 2 ] DEBUG Engine               - isExperimentalTiledLargeMap: false
17:26:42.450 [FXGL Background Thread 2 ] DEBUG Engine               - isFileSystemWriteAllowed: true
17:26:42.450 [FXGL Background Thread 2 ] DEBUG Engine               - isFullScreenAllowed: false
17:26:42.450 [FXGL Background Thread 2 ] DEBUG Engine               - isFullScreenFromStart: false
17:26:42.450 [FXGL Background Thread 2 ] DEBUG Engine               - isGameMenuEnabled: true
17:26:42.451 [FXGL Background Thread 2 ] DEBUG Engine               - isIOS: false
17:26:42.451 [FXGL Background Thread 2 ] DEBUG Engine               - isIntroEnabled: false
17:26:42.451 [FXGL Background Thread 2 ] DEBUG Engine               - isLinux: false
17:26:42.451 [FXGL Background Thread 2 ] DEBUG Engine               - isMac: false
17:26:42.451 [FXGL Background Thread 2 ] DEBUG Engine               - isMainMenuEnabled: true
17:26:42.451 [FXGL Background Thread 2 ] DEBUG Engine               - isManualResizeEnabled: true
17:26:42.451 [FXGL Background Thread 2 ] DEBUG Engine               - isMobile: false
17:26:42.451 [FXGL Background Thread 2 ] DEBUG Engine               - isNative: false
17:26:42.451 [FXGL Background Thread 2 ] DEBUG Engine               - isPauseMusicWhenMinimized: true
17:26:42.451 [FXGL Background Thread 2 ] DEBUG Engine               - isPreserveResizeRatio: true
17:26:42.451 [FXGL Background Thread 2 ] DEBUG Engine               - isProfilingEnabled: false
17:26:42.451 [FXGL Background Thread 2 ] DEBUG Engine               - isScaleAffectedOnResize: true
17:26:42.451 [FXGL Background Thread 2 ] DEBUG Engine               - isSingleStep: false
17:26:42.451 [FXGL Background Thread 2 ] DEBUG Engine               - isUserProfileEnabled: false
17:26:42.451 [FXGL Background Thread 2 ] DEBUG Engine               - isWindows: true
17:26:42.451 [FXGL Background Thread 2 ] DEBUG Engine               - language: ObjectProperty [value: ENGLISH]
17:26:42.451 [FXGL Background Thread 2 ] DEBUG Engine               - menuKey: ESCAPE
17:26:42.451 [FXGL Background Thread 2 ] DEBUG Engine               - mouseSensitivity: 0.2
17:26:42.451 [FXGL Background Thread 2 ] DEBUG Engine               - notificationViewClass: class com.almasb.fxgl.notification.view.XboxNotificationView
17:26:42.451 [FXGL Background Thread 2 ] DEBUG Engine               - pixelsPerMeter: 50.0
17:26:42.451 [FXGL Background Thread 2 ] DEBUG Engine               - platform: WINDOWS
17:26:42.451 [FXGL Background Thread 2 ] DEBUG Engine               - prefHeightProperty: ReadOnlyDoubleProperty [value: 712.0]
17:26:42.451 [FXGL Background Thread 2 ] DEBUG Engine               - prefWidthProperty: ReadOnlyDoubleProperty [value: 512.0]
17:26:42.452 [FXGL Background Thread 2 ] DEBUG Engine               - profileDir: profiles/
17:26:42.452 [FXGL Background Thread 2 ] DEBUG Engine               - profileName: StringProperty [value: DEFAULT]
17:26:42.452 [FXGL Background Thread 2 ] DEBUG Engine               - randomSeed: -1
17:26:42.452 [FXGL Background Thread 2 ] DEBUG Engine               - runtimeInfo: RuntimeInfo(platform=WINDOWS, version=17.3, build=30.03.2023 11.49)
17:26:42.453 [FXGL Background Thread 2 ] DEBUG Engine               - saveFileExt: sav
17:26:42.453 [FXGL Background Thread 2 ] DEBUG Engine               - scaledHeightProp$fxgl: DoubleProperty [bound, value: 712.0]
17:26:42.453 [FXGL Background Thread 2 ] DEBUG Engine               - scaledWidthProp$fxgl: DoubleProperty [bound, value: 512.0]
17:26:42.453 [FXGL Background Thread 2 ] DEBUG Engine               - sceneFactory: com.almasb.fxgl.app.scene.SceneFactory@394bd03f
17:26:42.453 [FXGL Background Thread 2 ] DEBUG Engine               - secondsIn24h: 60
17:26:42.453 [FXGL Background Thread 2 ] DEBUG Engine               - soundMenuBack: menu/back.wav
17:26:42.453 [FXGL Background Thread 2 ] DEBUG Engine               - soundMenuPress: menu/press.wav
17:26:42.453 [FXGL Background Thread 2 ] DEBUG Engine               - soundMenuSelect: menu/select.wav
17:26:42.453 [FXGL Background Thread 2 ] DEBUG Engine               - soundNotification: core/notification.wav
17:26:42.453 [FXGL Background Thread 2 ] DEBUG Engine               - stageStyle: DECORATED
17:26:42.453 [FXGL Background Thread 2 ] DEBUG Engine               - supportedLanguages: [ENGLISH, FRENCH, GERMAN, HUNGARIAN, RUSSIAN]
17:26:42.453 [FXGL Background Thread 2 ] DEBUG Engine               - ticksPerSecond: -1
17:26:42.453 [FXGL Background Thread 2 ] DEBUG Engine               - title: Space Invaders
17:26:42.454 [FXGL Background Thread 2 ] DEBUG Engine               - urlGithub: https://github.com/AlmasB/FXGL
17:26:42.454 [FXGL Background Thread 2 ] DEBUG Engine               - urlLeaderboard: http://fxgl-top.herokuapp.com/
17:26:42.454 [FXGL Background Thread 2 ] DEBUG Engine               - urlPOM: https://raw.githubusercontent.com/AlmasB/FXGL/release/README.md
17:26:42.454 [FXGL Background Thread 2 ] DEBUG Engine               - userAppClass: class fxgl.spaceinvader.SpaceInvaderApp
17:26:42.454 [FXGL Background Thread 2 ] DEBUG Engine               - version: 1.0.1
17:26:42.454 [FXGL Background Thread 2 ] DEBUG Engine               - versionCheckDays: 7
17:26:42.454 [FXGL Background Thread 2 ] DEBUG Engine               - width: 512
17:26:42.454 [FXGL Background Thread 2 ] DEBUG Engine               - Logging services
17:26:42.454 [FXGL Background Thread 2 ] DEBUG Engine               - class com.almasb.fxgl.app.services.FXGLAssetLoaderService
17:26:42.454 [FXGL Background Thread 2 ] DEBUG Engine               - class com.almasb.fxgl.app.FXGLApplication$GameApplicationService
17:26:42.454 [FXGL Background Thread 2 ] DEBUG Engine               - class com.almasb.fxgl.app.services.FXGLDialogService
17:26:42.454 [FXGL Background Thread 2 ] DEBUG Engine               - class com.almasb.fxgl.app.services.IOTaskExecutorService
17:26:42.454 [FXGL Background Thread 2 ] DEBUG Engine               - class com.almasb.fxgl.io.FileSystemService
17:26:42.454 [FXGL Background Thread 2 ] DEBUG Engine               - class com.almasb.fxgl.localization.LocalizationService
17:26:42.454 [FXGL Background Thread 2 ] DEBUG Engine               - class com.almasb.fxgl.app.services.SystemBundleService
17:26:42.454 [FXGL Background Thread 2 ] DEBUG Engine               - class com.almasb.fxgl.profile.SaveLoadService
17:26:42.454 [FXGL Background Thread 2 ] DEBUG Engine               - class com.almasb.fxgl.ui.FXGLUIFactoryServiceProvider
17:26:42.454 [FXGL Background Thread 2 ] DEBUG Engine               - class com.almasb.fxgl.ui.FXGLDialogFactoryServiceProvider
17:26:42.454 [FXGL Background Thread 2 ] DEBUG Engine               - class com.almasb.fxgl.audio.AudioPlayer
17:26:42.454 [FXGL Background Thread 2 ] DEBUG Engine               - class com.almasb.fxgl.notification.impl.NotificationServiceProvider
17:26:42.454 [FXGL Background Thread 2 ] DEBUG Engine               - class com.almasb.fxgl.achievement.AchievementService
17:26:42.454 [FXGL Background Thread 2 ] DEBUG Engine               - class com.almasb.fxgl.cutscene.CutsceneService
17:26:42.454 [FXGL Background Thread 2 ] DEBUG Engine               - class com.almasb.fxgl.minigames.MiniGameService
17:26:42.454 [FXGL Background Thread 2 ] DEBUG Engine               - class com.almasb.fxgl.net.NetService
17:26:42.454 [FXGL Background Thread 2 ] DEBUG Engine               - class com.almasb.fxgl.app.services.UpdaterService
17:26:42.454 [FXGL Background Thread 2 ] DEBUG Engine               - class com.almasb.fxgl.dev.DevService
17:26:54.498 [JavaFX Application Thread] DEBUG FXGLApplication      - Exiting FXGL
17:26:54.499 [JavaFX Application Thread] DEBUG LoopRunner           - Stopping loop
17:26:54.499 [JavaFX Application Thread] DEBUG SystemBundleService  - Saving FXGL system data
17:26:54.501 [JavaFX Application Thread] DEBUG FileSystemAccess     - Writing to: C:\Users\HP\IdeaProjects\SpaceInvader\system\fxgl.bundle
17:26:54.503 [JavaFX Application Thread] DEBUG Async                - Shutting down background threads
17:26:54.503 [JavaFX Application Thread] DEBUG PrimaryStageWindow   - Closing main window
17:26:54.526 [JavaFX Application Thread] DEBUG Logger               - Closing Logger
